Thu 12/03/2015
02:27 PM
$SIZES      NO=800 LIM6=800 ; needed for big datasets
$PROBLEM    Tumor model
; Reference: Hansson E.K. 2011. Pharmacometric models for Biomarkers, Side Effects and Efficacy in Anticancer Drug Therapy. Acta Universitatis Upsaliensis.
$INPUT      ID ; Patient identification
            CYCLE ; Cycle number
            TIME ; Time in hours
            WEEK ; Time in weeks
            FLAG ; 1. Dose ; 4. Tumor size (SLD)
            DV DOS ; Sunitinib dose
            PLA ; Placebo: 1. untreated,0. treated
            CL ; Posthoc total plasma clearance
            EVID ; 0. observation; 2. other event
            BAS3 MRT3 EC53 ; posthoc parameters for VEGFR3 timecourse
            SBAS SMRT SEC5 SLO ; posthoc parameters for SKIT timecourse
$DATA      Simulated_TGI_GIST.csv IGNORE=#
$SUBROUTINE ADVAN6 TOL=5
$MODEL      NCOMP=4
$PK 

; Verbatim code : changes the iteration maximum (IMAX) (default value 100000)
"FIRST
" COMMON /PRCOMG/ IDUM1,IDUM2,IMAX,IDUM4,IDUM5
" INTEGER IDUM1,IDUM2,IMAX,IDUM4,IDUM5
" IMAX=100000000

;-----DRUG EXPOSURE------------------
  AUC=DOS/CL

;-----sKIT---------------------------
  BM0S    =    SBAS                       ; model predicted parameters for SKIT timecourse
  MRTS    =    SMRT
  IMAX1    =    1
  IC50S   =    SEC5
  DPSLOS  =    SLO
  KOUTS   =    1/MRTS

;-----VEGFR3-------------------------
  BM03    =    BAS3                       ; model predicted parameters for SKIT timecourse
  IC503   =    EC53
  KOUT3   =    1/MRT3


 IF(TIME.EQ.0.AND.FLAG.EQ.4)THEN
   OBASE  =    DV                         ; observed tumor size at baseline (time 0)
 ENDIF

 W1       =    THETA(4)*OBASE
 IBASE    =    OBASE+ETA(5)*W1            ; observed tumor size at baseline acknowledging residual error

  TVKG    =    THETA(1)/24/7
  KG      =    TVKG  *EXP(ETA(1))         ; tumor growth rate constant
  TVKSKI  =    THETA(2)/24/7
  KSKIT   =    TVKSKI*EXP(ETA(2))         ; tumor size reduction rate constant related to SKIT response
  TVLAM   =    THETA(3)/24/7
  LAMBDA  =    TVLAM *EXP(ETA(3))         ; resistance appearance rate constant
  TVDRU   =    THETA(5)/24/7
  KDRUG   =    TVDRU *EXP(ETA(4))         ; exposure driven drug effect
  TVKV3   =    THETA(6)/24/7
  KVEG3   =    TVKV3                      ; tumor size reduction rate constant related to sVEGFR3 response

; NB: THETAs are divided by 24 and 7 to scale the rate constants from 1/week to 1/hour.

;-----Compartment initialization-----
A_0(1) = BM0S                             ; SKIT
A_0(2) = BM0S                             ; SKIT
A_0(3) = BM03                             ; VEGFR3
A_0(4) = IBASE                            ; TUMOR


$DES 
;-----SKIT---------------------------
  EFFS    =    IMAX1*AUC/(IC50S+AUC)       ; inhibitory Emax drug effect on SKIT
  DPS     =    BM0S*(1+DPSLOS*T)          ; time-dependent linear disease progression model describing the change in SKIT in untreated patients
  KINS    =    DPS*KOUTS

;-----VEGFR3-------------------------
  EFF3    =    IMAX1*AUC/(IC503+AUC)       ; inhibitory Emax drug effect on VEGFR3
  KIN3    =    BM03*KOUT3


DADT(1)   =    KINS*(1-EFFS)-KOUTS*A(1)   ; SKIT timecourse with drug effect
DADT(2)   =    KINS-KOUTS*A(2)            ; SKIT timecourse in untreated patients
DADT(3)   =    KIN3*(1-EFF3)-KOUT3*A(3)   ; VEGFR3 timecourse


;-----TUMOR--------------------------
  SKIT    =    ((A(1)-A(2))/A(2))*KSKIT   ; effect of SKIT (SKIT timecourse relative to baseline)
  VEG3    =    ((A(3)-BM03)/BM03)*KVEG3 ; effect of VEGFR3 (VEGFR3 timecourse relative to baseline)

  AUC1= AUC*KDRUG                         ; exposure driven drug effect


DADT(4)   =    KG*A(4)-(AUC1+(-SKIT)+(-VEG3))*EXP(-(LAMBDA*T))*A(4)   ; longitudinal model describing tumor growth

$ERROR 
  AA1 = A(1)                              ; SKIT
  AA2 = A(2)                              ; SKIT
  AA3 = A(3)                              ; VEGFR3
  TUM = A(4)                              ; TUMOR


STRT=0                                    ; stratification variable
IF(PLA.EQ.1)STRT=1



  IF(FLAG.EQ.4) THEN
  IPRED   =    A(4)
  W       =    IPRED*THETA(4)
  Y       =    IPRED+W*EPS(1)             ; proportional residual error
  IRES    =    DV -  IPRED
  IWRES   =    IRES/W
  ENDIF

;-----INITIAL ESTIMATES------------------------

$THETA  (0,0.0118) ; 1 KG
$THETA  (0,0.00282) ; 2 KD SKIT
$THETA  (0,0.0217) ; 3 LAMBDA
$THETA  (0,0.125) ; 4 RES
$THETA  (0,0.00503) ; 5 KDRUG
$THETA  (0,0.0371) ; 6 KD VEGFR3
$OMEGA  0.29  ;       1 KG
$OMEGA  5.91  ;  2 KD SKIT
$OMEGA  0  FIX  ;   3 LAMBDA
$OMEGA  1.42  ;    4 KDRUG
$OMEGA  1  FIX  ;    5 IBASE
$SIGMA  1  FIX
$ESTIMATION PRINT=1 MAXEVAL=0 METHOD=1 INTER POSTHOC MSFO=MSF2 ; FOCE with interaction

;$COV
$TABLE      ID TIME IPRED IBASE IWRES IRES AUC LAMBDA KG KSKIT KVEG3
            AA1 AA2 AA3 TUM ETA1 ETA2 NOPRINT ONEHEADER FILE=sdtab2

  
NM-TRAN MESSAGES 
  
 WARNINGS AND ERRORS (IF ANY) FOR PROBLEM    1
             
 (WARNING  2) NM-TRAN INFERS THAT THE DATA ARE POPULATION.
             
 (WARNING  3) THERE MAY BE AN ERROR IN THE ABBREVIATED CODE. THE FOLLOWING
 ONE OR MORE RANDOM VARIABLES ARE DEFINED WITH "IF" STATEMENTS THAT DO NOT
 PROVIDE DEFINITIONS FOR BOTH THE "THEN" AND "ELSE" CASES. IF ALL
 CONDITIONS FAIL, THE VALUES OF THESE VARIABLES WILL BE ZERO.
  
   IPRED W IRES IWRES Y

             
 (WARNING  113) VERBATIM CODE CONTAINS "COMMON". IF THIS IS NOT A
 USER-DEFINED COMMON, IT SHOULD BE REPLACED BY THE APPROPRIATE MODULE.
  
License Registered to: Uppsala University
Expiration Date:    14 MAR 2016
Current Date:        3 DEC 2015
Days until program expires : 106
1NONLINEAR MIXED EFFECTS MODEL PROGRAM (NONMEM) VERSION 7.3.0
 ORIGINALLY DEVELOPED BY STUART BEAL, LEWIS SHEINER, AND ALISON BOECKMANN
 CURRENT DEVELOPERS ARE ROBERT BAUER, ICON DEVELOPMENT SOLUTIONS,
 AND ALISON BOECKMANN. IMPLEMENTATION, EFFICIENCY, AND STANDARDIZATION
 PERFORMED BY NOUS INFOSYSTEMS.

 PROBLEM NO.:         1
 Tumor model
0DATA CHECKOUT RUN:              NO
 DATA SET LOCATED ON UNIT NO.:    2
 THIS UNIT TO BE REWOUND:        NO
 NO. OF DATA RECS IN DATA SET:    17440
 NO. OF DATA ITEMS IN DATA SET:  18
 ID DATA ITEM IS DATA ITEM NO.:   1
 DEP VARIABLE IS DATA ITEM NO.:   6
 MDV DATA ITEM IS DATA ITEM NO.: 18
0INDICES PASSED TO SUBROUTINE PRED:
  10   3   0   0   0   0   0   0   0   0   0
0LABELS FOR DATA ITEMS:
 ID CYCLE TIME WEEK FLAG DV DOS PLA CL EVID BAS3 MRT3 EC53 SBAS SMRT SEC5 SLO MDV
0(NONBLANK) LABELS FOR PRED-DEFINED ITEMS:
 AUC IBASE KG KSKIT LAMBDA KVEG3 AA1 AA2 AA3 TUM IPRED IRES IWRES
0FORMAT FOR DATA:
 (2(6E12.0/),5E12.0,1F2.0)

 TOT. NO. OF OBS RECS:      406
 TOT. NO. OF INDIVIDUALS:     80
0LENGTH OF THETA:   6
0DEFAULT THETA BOUNDARY TEST OMITTED:    NO
0OMEGA HAS BLOCK FORM:
  1
  0  2
  0  0  3
  0  0  0  4
  0  0  0  0  5
0DEFAULT OMEGA BOUNDARY TEST OMITTED:    NO
0SIGMA HAS SIMPLE DIAGONAL FORM WITH DIMENSION:   1
0DEFAULT SIGMA BOUNDARY TEST OMITTED:    NO
0INITIAL ESTIMATE OF THETA:
 LOWER BOUND    INITIAL EST    UPPER BOUND
  0.0000E+00     0.1180E-01     0.1000E+07
  0.0000E+00     0.2820E-02     0.1000E+07
  0.0000E+00     0.2170E-01     0.1000E+07
  0.0000E+00     0.1250E+00     0.1000E+07
  0.0000E+00     0.5030E-02     0.1000E+07
  0.0000E+00     0.3710E-01     0.1000E+07
0INITIAL ESTIMATE OF OMEGA:
 BLOCK SET NO.   BLOCK                                                                    FIXED
        1                                                                                   NO
                  0.2900E+00
        2                                                                                   NO
                  0.5910E+01
        3                                                                                  YES
                  0.0000E+00
        4                                                                                   NO
                  0.1420E+01
        5                                                                                  YES
                  0.1000E+01
0INITIAL ESTIMATE OF SIGMA:
 0.1000E+01
0SIGMA CONSTRAINED TO BE THIS INITIAL ESTIMATE
0TABLES STEP OMITTED:    NO
 NO. OF TABLES:           1
 SEED NUMBER (SEED):    11456
 RANMETHOD:
 MC SAMPLES (ESEED):    300
 WRES SQUARE ROOT TYPE:            EIGENVALUE
0-- TABLE   1 --
 PRINTED:                NO
 HEADERS:               ONE
 FILE TO BE FORWARDED:   NO
 FORMAT:                S1PE11.4
 LFORMAT:
 RFORMAT:
0USER-CHOSEN ITEMS:
 ID TIME IPRED IBASE IWRES IRES AUC LAMBDA KG KSKIT KVEG3 AA1 AA2 AA3 TUM ETA1 ETA2
1DOUBLE PRECISION PREDPP VERSION 7.3.0

 GENERAL NONLINEAR KINETICS MODEL (ADVAN6)
0MODEL SUBROUTINE USER-SUPPLIED - ID NO. 9999
0MAXIMUM NO. OF BASIC PK PARAMETERS:  14
0COMPARTMENT ATTRIBUTES
 COMPT. NO.   FUNCTION   INITIAL    ON/OFF      DOSE      DEFAULT    DEFAULT
                         STATUS     ALLOWED    ALLOWED    FOR DOSE   FOR OBS.
    1         COMP 1       ON         YES        YES        YES        YES
    2         COMP 2       ON         YES        YES        NO         NO
    3         COMP 3       ON         YES        YES        NO         NO
    4         COMP 4       ON         YES        YES        NO         NO
    5         OUTPUT       OFF        YES        NO         NO         NO
0NRD VALUE FROM SUBROUTINE TOL:   5
1
 ADDITIONAL PK PARAMETERS - ASSIGNMENT OF ROWS IN GG
 COMPT. NO.                             INDICES
              SCALE      BIOAVAIL.   ZERO-ORDER  ZERO-ORDER  ABSORB
                         FRACTION    RATE        DURATION    LAG
    1            *           *           *           *           *
    2            *           *           *           *           *
    3            *           *           *           *           *
    4            *           *           *           *           *
    5            *           -           -           -           -
             - PARAMETER IS NOT ALLOWED FOR THIS MODEL
             * PARAMETER IS NOT SUPPLIED BY PK SUBROUTINE;
               WILL DEFAULT TO ONE IF APPLICABLE
0DATA ITEM INDICES USED BY PRED ARE:
   EVENT ID DATA ITEM IS DATA ITEM NO.:     10
   TIME DATA ITEM IS DATA ITEM NO.:          3

0PK SUBROUTINE CALLED WITH EVERY EVENT RECORD.
 PK SUBROUTINE NOT CALLED AT NONEVENT (ADDITIONAL OR LAGGED) DOSE TIMES.
0PK SUBROUTINE INDICATES THAT COMPARTMENT AMOUNTS ARE INITIALIZED.
0ERROR SUBROUTINE CALLED WITH EVERY EVENT RECORD.
0ERROR SUBROUTINE INDICATES THAT DERIVATIVES OF COMPARTMENT AMOUNTS ARE USED.
0DES SUBROUTINE USES COMPACT STORAGE MODE.
1


 #TBLN:      1
 #METH: First Order Conditional Estimation with Interaction (Evaluation)

 ESTIMATION STEP OMITTED:                 YES 
 ANALYSIS TYPE:                           POPULATION
 CONDITIONAL ESTIMATES USED:              YES 
 CENTERED ETA:                            NO  
 EPS-ETA INTERACTION:                     YES 
 LAPLACIAN OBJ. FUNC.:                    NO  
 NUMERICAL DERIVATIVE 
       FILE REQUEST (NUMDER):             NONE
 MAP (ETAHAT) ESTIMATION METHOD (OPTMAP): 0           
 ETA HESSIAN EVALUATION METHOD (ETADER):  0           
 INITIAL ETA FOR MAP ESTIMATION (MCETA):  0           
 SIGDIGITS FOR MAP ESTIMATION (SIGLO):    100         
 GRADIENT SIGDIGITS OF 
       FIXED EFFECTS PARAMETERS (SIGL):   100         
 EXCLUDE TITLE (NOTITLE):                 NO 
 EXCLUDE COLUMN LABELS (NOLABEL):         NO 
 NOPRIOR SETTING (NOPRIOR):               OFF
 NOCOV SETTING (NOCOV):                   OFF
 DERCONT SETTING (DERCONT):               OFF
 ABSOLUTE TOLERANCE-ADVAN 9,13 ONLY(ATOL):-100        
 FINAL ETA RE-EVALUATION (FNLETA):        ON 
 EXCLUDE NON-INFLUENTIAL (NON-INFL.) ETAS 
       IN SHRINKAGE (ETASTYPE):           NO 
 NON-INFL. ETA CORRECTION (NONINFETA):    OFF
 FORMAT FOR ADDITIONAL FILES (FORMAT):    S1PE12.5
 PARAMETER ORDER FOR OUTPUTS (ORDER):     TSOL
 ADDITIONAL CONVERGENCE TEST (CTYPE=4)?:  NO
 EM OR BAYESIAN METHOD USED:                NONE


 THE FOLLOWING LABELS ARE EQUIVALENT
 PRED=PREDI
 RES=RESI
 WRES=WRESI
 IWRS=IWRESI
 IPRD=IPREDI
 IRS=IRESI

1
 
 
 
 
 
 
 
 
 
 
 
 
 
 
 
 
 
 
 
 
 ************************************************************************************************************************
 ********************                                                                                ********************
 ********************         FIRST ORDER CONDITIONAL ESTIMATION WITH INTERACTION (EVALUATION)       ********************
 #OBJT:**************                       MINIMUM VALUE OF OBJECTIVE FUNCTION                      ********************
 ********************                                                                                ********************
 ************************************************************************************************************************
 





 #OBJV:********************************************     3080.826       **************************************************
1
 ************************************************************************************************************************
 ********************                                                                                ********************
 ********************         FIRST ORDER CONDITIONAL ESTIMATION WITH INTERACTION (EVALUATION)       ********************
 ********************                             FINAL PARAMETER ESTIMATE                           ********************
 ********************                                                                                ********************
 ************************************************************************************************************************
 


 THETA - VECTOR OF FIXED EFFECTS PARAMETERS   *********


         TH 1      TH 2      TH 3      TH 4      TH 5      TH 6     
 
         1.18E-02  2.82E-03  2.17E-02  1.25E-01  5.03E-03  3.71E-02
 


 OMEGA - COV MATRIX FOR RANDOM EFFECTS - ETAS  ********


            ETA1      ETA2      ETA3      ETA4      ETA5   
 
 ETA1
+        2.90E-01
 
 ETA2
+        0.00E+00  5.91E+00
 
 ETA3
+        0.00E+00  0.00E+00  0.00E+00
 
 ETA4
+        0.00E+00  0.00E+00  0.00E+00  1.42E+00
 
 ETA5
+        0.00E+00  0.00E+00  0.00E+00  0.00E+00  1.00E+00
 


 SIGMA - COV MATRIX FOR RANDOM EFFECTS - EPSILONS  ****


            EPS1   
 
 EPS1
+        1.00E+00
 
1


 OMEGA - CORR MATRIX FOR RANDOM EFFECTS - ETAS  *******


            ETA1      ETA2      ETA3      ETA4      ETA5   
 
 ETA1
+        5.39E-01
 
 ETA2
+        0.00E+00  2.43E+00
 
 ETA3
+        0.00E+00  0.00E+00  0.00E+00
 
 ETA4
+        0.00E+00  0.00E+00  0.00E+00  1.19E+00
 
 ETA5
+        0.00E+00  0.00E+00  0.00E+00  0.00E+00  1.00E+00
 


 SIGMA - CORR MATRIX FOR RANDOM EFFECTS - EPSILONS  ***


            EPS1   
 
 EPS1
+        1.00E+00
 
 #CPUT: Total CPU Time in Seconds,       14.180
Stop Time: 
Thu 12/03/2015 
02:28 PM
