Thu Aug 23 13:40:28 CEST 2012
$SIZES      NO=800 LIM6=800
$PROBLEM    Tumor model sKIT,VEGFR3
$INPUT      STUD=DROP IDX=DROP ID CYCL=DROP TIME DAYS=DROP TWEK FLAG
            AMT=DROP DV DVX=DROP DVXX=DROP DOS1=DROP DOS PLA CL
            V2=DROP Q=DROP V3=DROP KA=DROP TTP=DROP TTPC=DROP TTD=DROP
            TTDC=DROP EVI=DROP EVID MDV=DROP ROW=DROP VBAS=DROP
            VMRT=DROP VEC=DROP VSLO=DROP BAS2=DROP MRT2=DROP EC52=DROP
            BAS3 MRT3 EC53 SBAS SMRT SEC5 SLO BAS
$DATA       GIST_BIOMARKER_090505.csv IGN=# ACCEPT=(FLAG.EQ.1)
            ACCEPT=(FLAG.EQ.4)
$SUBROUTINE ADVAN6 TOL=5
$MODEL      NCOMP=4
$PK

"FIRST
" COMMON /PRCOMG/ IDUM1,IDUM2,IMAX,IDUM4,IDUM5
" INTEGER IDUM1,IDUM2,IMAX,IDUM4,IDUM5
" IMAX=100000000

AUC=DOS/CL


;-----sKIT--------------------------
  BASE    =         SBAS
  MRT     =         SMRT
  EMAX    =         1
  EC50    =         SEC5
  SLOPE   =         SLO
  KOUT    =         1/MRT

 ;-----VEGFR3---------------
  BASE3   =         BAS3
  EC503   =         EC53
  KOUT3   =         1/MRT3


 IF(TIME.EQ.0)THEN
   OBASE = BAS                             ; observed baseline response at time 0
 ENDIF


  W1     = THETA(4)*OBASE
  IBASE  = OBASE+ETA(5)*W1                ; observed baseline response + uncertanity


TVKL =      THETA(1)/24/7
KL   =      TVKL*EXP(ETA(1))
TVKDS =     THETA(2)/24/7                 ; KSKIT
KDS   =     TVKDS*EXP(ETA(2))
TVLAM  =    THETA(3)/24/7
LAM  =      TVLAM*EXP(ETA(3))

TVDRU =     THETA(5)/24/7
DRUG =      TVDRU*EXP(ETA(4))

TVKD3 =     THETA(6)/24/7                 ; KVEGFR3
KD3   =     TVKD3;*EXP(ETA(2))



A_0(1)=BASE
A_0(2)=BASE
A_0(3)=BASE3
A_0(4)=IBASE                              ; TUMOR

AUC=DOS/CL



$DES

;-------------------sKIT-----------------------
  EFF      =       EMAX*AUC/(EC50+AUC)
  PLAC     =       BASE*(1+SLOPE*T)
  KIN      =       PLAC*KOUT

;-------------------VEGFR3-----------------------
  EFF3     =       EMAX*AUC/(EC503+AUC)                                                    ;concentration mmol/L
  KIN3     =       BASE3*KOUT3


DADT(1)  =      KIN*(1-EFF)-KOUT*A(1)     ;SKIT
DADT(2)  =      KIN-KOUT*A(2)
DADT(3)  =      KIN3*(1-EFF3)-KOUT3*A(3)     ;VEGFR3


;-------------------TUMOR-----------------------------------------
SKIT=((A(1)-A(2))/A(2))*KDS
VEG3=((A(3)-BASE3)/BASE3)*KD3

AUC1= AUC*DRUG


DADT(4)  =      KL*A(4)-(AUC1+(-SKIT)+(-VEG3))*EXP(-(LAM*T))*A(4)

$ERROR

AA1 =A(1)
AA2 =A(2)
AA3 =A(3)
TUM=A(4)


STRT=0
IF(PLA.EQ.1)STRT=1



  IF(FLAG.EQ.4) THEN                                 ; VEGF
  IPRED  =  A(4)
  W      =  IPRED*THETA(4)

  Y      =  IPRED+W*EPS(1)
  IRES   =  DV -  IPRED
  IWRES  =  IRES/W
  ENDIF

$THETA  (0,0.0118) ; KL
$THETA  (0,0.00282) ; KD SKIT
$THETA  (0,0.0217) ; LAM
$THETA  (0,0.125) ; RES
$THETA  (0,0.00503) ; DRUG
$THETA  (0,0.0371) ; KD VEGFR3
$OMEGA  0.29  ;          1
$OMEGA  5.91  ;          2
$OMEGA  0  FIX  ;          3
$OMEGA  1.42  ;          4
$OMEGA  1  FIX  ;          5
$SIGMA  1  FIX
$ESTIMATION PRINT=1 MAXEVAL=9999 METHOD=1 INTER POSTHOC MSFO=MSF7471
$TABLE      ID TIME IPRED IBASE IWRES IRES AUC LAM KL KDS AA1 AA2 AA3
            TUM ETA1 ETA2 NOPRINT ONEHEADER FILE=sdtab7471


NM-TRAN MESSAGES
  
 WARNINGS AND ERRORS (IF ANY) FOR PROBLEM    1
             
 (WARNING  2) NM-TRAN INFERS THAT THE DATA ARE POPULATION.
             
 (WARNING  3) THERE MAY BE AN ERROR IN THE ABBREVIATED CODE. THE FOLLOWING
 ONE OR MORE RANDOM VARIABLES ARE DEFINED WITH "IF" STATEMENTS THAT DO NOT
 PROVIDE DEFINITIONS FOR BOTH THE "THEN" AND "ELSE" CASES. IF ALL
 CONDITIONS FAIL, THE VALUES OF THESE VARIABLES WILL BE ZERO.
  
   IPRED W IRES IWRES Y

             
 (WARNING  113) VERBATIM CODE CONTAINS "COMMON". IF THIS IS NOT A
 USER-DEFINED COMMON, IT SHOULD BE REPLACED BY THE APPROPRIATE MODULE.

 (DATA WARNING  5) RECORD         1, DATA ITEM  5, CONTENTS: 67
 THE DV DATA ITEM IS POSITIVE, BUT THE MDV DATA ITEM IS 1

 (DATA WARNING  5) RECORD       403, DATA ITEM  5, CONTENTS: 111
 THE DV DATA ITEM IS POSITIVE, BUT THE MDV DATA ITEM IS 1

 (DATA WARNING  5) RECORD       805, DATA ITEM  5, CONTENTS: 204
 THE DV DATA ITEM IS POSITIVE, BUT THE MDV DATA ITEM IS 1

 (DATA WARNING  5) RECORD      1010, DATA ITEM  5, CONTENTS: 406
 THE DV DATA ITEM IS POSITIVE, BUT THE MDV DATA ITEM IS 1

 (DATA WARNING  5) RECORD      1096, DATA ITEM  5, CONTENTS: 92
 THE DV DATA ITEM IS POSITIVE, BUT THE MDV DATA ITEM IS 1

 (DATA WARNING  5) RECORD      1197, DATA ITEM  5, CONTENTS: 510
 THE DV DATA ITEM IS POSITIVE, BUT THE MDV DATA ITEM IS 1

 (DATA WARNING  5) RECORD      1370, DATA ITEM  5, CONTENTS: 86
 THE DV DATA ITEM IS POSITIVE, BUT THE MDV DATA ITEM IS 1

 (DATA WARNING  5) RECORD      1681, DATA ITEM  5, CONTENTS: 201
 THE DV DATA ITEM IS POSITIVE, BUT THE MDV DATA ITEM IS 1

 (DATA WARNING  5) RECORD      2049, DATA ITEM  5, CONTENTS: 86
 THE DV DATA ITEM IS POSITIVE, BUT THE MDV DATA ITEM IS 1

 (DATA WARNING  5) RECORD      2402, DATA ITEM  5, CONTENTS: 463
 THE DV DATA ITEM IS POSITIVE, BUT THE MDV DATA ITEM IS 1

 (DATA WARNING  5) RECORD      2772, DATA ITEM  5, CONTENTS: 248
 THE DV DATA ITEM IS POSITIVE, BUT THE MDV DATA ITEM IS 1

 (DATA WARNING  5) RECORD      3125, DATA ITEM  5, CONTENTS: 186
 THE DV DATA ITEM IS POSITIVE, BUT THE MDV DATA ITEM IS 1

 (DATA WARNING  5) RECORD      3464, DATA ITEM  5, CONTENTS: 90
 THE DV DATA ITEM IS POSITIVE, BUT THE MDV DATA ITEM IS 1

 (DATA WARNING  5) RECORD      3775, DATA ITEM  5, CONTENTS: 96
 THE DV DATA ITEM IS POSITIVE, BUT THE MDV DATA ITEM IS 1

 (DATA WARNING  5) RECORD      4045, DATA ITEM  5, CONTENTS: 380
 THE DV DATA ITEM IS POSITIVE, BUT THE MDV DATA ITEM IS 1

 (DATA WARNING  5) RECORD      4295, DATA ITEM  5, CONTENTS: 470
 THE DV DATA ITEM IS POSITIVE, BUT THE MDV DATA ITEM IS 1

 (DATA WARNING  5) RECORD      4484, DATA ITEM  5, CONTENTS: 192
 THE DV DATA ITEM IS POSITIVE, BUT THE MDV DATA ITEM IS 1

 (DATA WARNING  5) RECORD      4586, DATA ITEM  5, CONTENTS: 326
 THE DV DATA ITEM IS POSITIVE, BUT THE MDV DATA ITEM IS 1

 (DATA WARNING  5) RECORD      4897, DATA ITEM  5, CONTENTS: 289
 THE DV DATA ITEM IS POSITIVE, BUT THE MDV DATA ITEM IS 1

 (DATA WARNING  5) RECORD      5124, DATA ITEM  5, CONTENTS: 35
 THE DV DATA ITEM IS POSITIVE, BUT THE MDV DATA ITEM IS 1*

 * THE MAXIMUM NUMBER OF WARNINGS OF ONE OR MORE TYPES WAS REACHED.
 IT IS POSSIBLE THAT SOME WARNING MESSAGES WERE SUPPRESSED.
 CREATING MUMODEL ROUTINE...

License Registered to: Uppsala University
Expiration Date:    14 MAR 2013
Current Date:       23 AUG 2012
Days until program expires : 206
1NONLINEAR MIXED EFFECTS MODEL PROGRAM (NONMEM) VERSION 7.2.0
 ORIGINALLY DEVELOPED BY STUART BEAL, LEWIS SHEINER, AND ALISON BOECKMANN
 CURRENT DEVELOPERS ARE ROBERT BAUER, ICON DEVELOPMENT SOLUTIONS,
 AND ALISON BOECKMANN. IMPLEMENTATION, EFFICIENCY, AND STANDARDIZATION
 PERFORMED BY NOUS INFOSYSTEMS.
 
 PROBLEM NO.:         1
 Tumor model sKIT,VEGFR3                                                 
0DATA CHECKOUT RUN:              NO 
 DATA SET LOCATED ON UNIT NO.:    2
 THIS UNIT TO BE REWOUND:        NO 
 NO. OF DATA RECS IN DATA SET:    60127
 NO. OF DATA ITEMS IN DATA SET:  18
 ID DATA ITEM IS DATA ITEM NO.:   1
 DEP VARIABLE IS DATA ITEM NO.:   5
 MDV DATA ITEM IS DATA ITEM NO.: 18
0INDICES PASSED TO SUBROUTINE PRED:
   9   2   0   0   0   0   0   0   0   0   0
0LABELS FOR DATA ITEMS:
 ID TIME TWEK FLAG DV DOS PLA CL EVID BAS3 MRT3 EC53 SBAS SMRT SEC5 SLO BAS MDV
0(NONBLANK) LABELS FOR PRED-DEFINED ITEMS:
 AUC IBASE KL KDS LAM AA1 AA2 AA3 TUM IPRED IRES IWRES
0FORMAT FOR DATA:
 (2(6E12.0/),5E12.0,1F2.0)                                                       
 
 TOT. NO. OF OBS RECS:      973
 TOT. NO. OF INDIVIDUALS:    303
0LENGTH OF THETA:   6
0DEFAULT THETA BOUNDARY TEST OMITTED:    NO 
0OMEGA HAS BLOCK FORM:
  1
  0  2
  0  0  3
  0  0  0  4
  0  0  0  0  5
0DEFAULT OMEGA BOUNDARY TEST OMITTED:    NO 
0SIGMA HAS SIMPLE DIAGONAL FORM WITH DIMENSION:   1
0DEFAULT SIGMA BOUNDARY TEST OMITTED:    NO 
0INITIAL ESTIMATE OF THETA:
 LOWER BOUND    INITIAL EST    UPPER BOUND
  0.0000E+00     0.1180E-01     0.1000E+07
  0.0000E+00     0.2820E-02     0.1000E+07
  0.0000E+00     0.2170E-01     0.1000E+07
  0.0000E+00     0.1250E+00     0.1000E+07
  0.0000E+00     0.5030E-02     0.1000E+07
  0.0000E+00     0.3710E-01     0.1000E+07
0INITIAL ESTIMATE OF OMEGA:
 BLOCK SET NO.   BLOCK                                                                    FIXED
        1                                                                                   NO 
                  0.2900E+00
        2                                                                                   NO 
                  0.5910E+01
        3                                                                                  YES 
                  0.0000E+00
        4                                                                                   NO 
                  0.1420E+01
        5                                                                                  YES 
                  0.1000E+01
0INITIAL ESTIMATE OF SIGMA:
 0.1000E+01
0SIGMA CONSTRAINED TO BE THIS INITIAL ESTIMATE
0ESTIMATION STEP OMITTED:           NO 
 CONDITIONAL ESTIMATES USED:       YES 
 CENTERED ETA:                      NO 
 EPS-ETA INTERACTION:              YES 
 LAPLACIAN OBJ. FUNC.:              NO 
 NO. OF FUNCT. EVALS. ALLOWED:       9999
 NO. OF SIG. FIGURES REQUIRED:       3
 INTERMEDIATE PRINTOUT:            YES 
 ESTIMATE OUTPUT TO MSF:           YES 
 IND. OBJ. FUNC. VALUES SORTED:     NO 
0TABLES STEP OMITTED:    NO 
 NO. OF TABLES:           1
0-- TABLE   1 --
 PRINTED:                NO 
 HEADERS:               ONE
 FILE TO BE FORWARDED:   NO 
0USER-CHOSEN ITEMS:
 ID TIME IPRED IBASE IWRES IRES AUC LAM KL KDS AA1 AA2 AA3 TUM ETA1 ETA2

 THE FOLLOWING LABELS ARE EQUIVALENT
 PRED=PREDI
 RES=RESI
 WRES=WRESI
1DOUBLE PRECISION PREDPP VERSION 7.2.0     
 
 GENERAL NONLINEAR KINETICS MODEL (ADVAN6)
0MODEL SUBROUTINE USER-SUPPLIED - ID NO. 9999
0MAXIMUM NO. OF BASIC PK PARAMETERS:  14
0COMPARTMENT ATTRIBUTES 
 COMPT. NO.   FUNCTION   INITIAL    ON/OFF      DOSE      DEFAULT    DEFAULT
                         STATUS     ALLOWED    ALLOWED    FOR DOSE   FOR OBS.
    1         COMP 1       ON         YES        YES        YES        YES
    2         COMP 2       ON         YES        YES        NO         NO 
    3         COMP 3       ON         YES        YES        NO         NO 
    4         COMP 4       ON         YES        YES        NO         NO 
    5         OUTPUT       OFF        YES        NO         NO         NO 
0NRD VALUE FROM SUBROUTINE TOL:   5
1
 ADDITIONAL PK PARAMETERS - ASSIGNMENT OF ROWS IN GG
 COMPT. NO.                             INDICES
              SCALE      BIOAVAIL.   ZERO-ORDER  ZERO-ORDER  ABSORB
                         FRACTION    RATE        DURATION    LAG  
    1           *           *           *           *           *
    2           *           *           *           *           *
    3           *           *           *           *           *
    4           *           *           *           *           *
    5           *           -           -           -           -
             - PARAMETER IS NOT ALLOWED FOR THIS MODEL
             * PARAMETER IS NOT SUPPLIED BY PK SUBROUTINE;
               WILL DEFAULT TO ONE IF APPLICABLE
0DATA ITEM INDICES USED BY PRED ARE:
   EVENT ID DATA ITEM IS DATA ITEM NO.:      9
   TIME DATA ITEM IS DATA ITEM NO.:          2
 
0PK SUBROUTINE CALLED WITH EVERY EVENT RECORD.
 PK SUBROUTINE NOT CALLED AT NONEVENT (ADDITIONAL OR LAGGED) DOSE TIMES.
0PK SUBROUTINE INDICATES THAT COMPARTMENT AMOUNTS ARE INITIALIZED.
0ERROR SUBROUTINE CALLED WITH EVERY EVENT RECORD.
0ERROR SUBROUTINE INDICATES THAT DERIVATIVES OF COMPARTMENT AMOUNTS ARE USED.
0DES SUBROUTINE USES COMPACT STORAGE MODE.
1


 #TBLN:      1
 #METH: First Order Conditional Estimation with Interaction

 MONITORING OF SEARCH:


0ITERATION NO.:    0    OBJECTIVE VALUE:   7641.07801440603        NO. OF FUNC. EVALS.:   8
 CUMULATIVE NO. OF FUNC. EVALS.:        8
 NPARAMETR:  1.1800E-02  2.8200E-03  2.1700E-02  1.2500E-01  5.0300E-03  3.7100E-02  2.9000E-01  5.9100E+00  1.4200E+00
 PARAMETER:  1.0000E-01  1.0000E-01  1.0000E-01  1.0000E-01  1.0000E-01  1.0000E-01  1.0000E-01  1.0000E-01  1.0000E-01
 GRADIENT:   4.1613E+00  1.6667E+00  1.1836E+00  8.3008E-01 -1.7814E+00 -2.7672E+00 -1.6818E+00  4.0890E+00 -1.3782E+00

0ITERATION NO.:    1    OBJECTIVE VALUE:   7641.07224710438        NO. OF FUNC. EVALS.:  12
 CUMULATIVE NO. OF FUNC. EVALS.:       20
 NPARAMETR:  1.1789E-02  2.8190E-03  2.1694E-02  1.2498E-01  5.0319E-03  3.7122E-02  2.9021E-01  5.8995E+00  1.4208E+00
 PARAMETER:  9.9099E-02  9.9639E-02  9.9744E-02  9.9820E-02  1.0039E-01  1.0060E-01  1.0036E-01  9.9115E-02  1.0030E-01
 GRADIENT:   1.8298E+00  4.6291E-02  3.8061E-01  6.5210E-01  5.0461E-03 -5.9008E-01  2.7090E-01  4.7187E-02  1.7508E-01

0ITERATION NO.:    2    OBJECTIVE VALUE:   7641.07122656128        NO. OF FUNC. EVALS.:  12
 CUMULATIVE NO. OF FUNC. EVALS.:       32
 NPARAMETR:  1.1777E-02  2.8189E-03  2.1690E-02  1.2493E-01  5.0319E-03  3.7135E-02  2.9012E-01  5.8992E+00  1.4206E+00
 PARAMETER:  9.8029E-02  9.9612E-02  9.9521E-02  9.9439E-02  1.0038E-01  1.0094E-01  1.0021E-01  9.9087E-02  1.0020E-01
 GRADIENT:   7.6406E-01 -8.6540E-02  9.9285E-02 -7.7322E-01  3.1233E-01  9.8976E-02  2.4471E-01 -3.3725E-01  2.5930E-01

0ITERATION NO.:    3    OBJECTIVE VALUE:   7641.07067987324        NO. OF FUNC. EVALS.:  12
 CUMULATIVE NO. OF FUNC. EVALS.:       44
 NPARAMETR:  1.1766E-02  2.8191E-03  2.1687E-02  1.2500E-01  5.0306E-03  3.7135E-02  2.8998E-01  5.9024E+00  1.4199E+00
 PARAMETER:  9.7155E-02  9.9676E-02  9.9388E-02  9.9977E-02  1.0013E-01  1.0095E-01  9.9969E-02  9.9354E-02  9.9961E-02
 GRADIENT:   4.2371E-01 -8.0636E-03  1.8960E-02  4.7267E-01  3.1399E-01  2.9862E-01  1.1425E-01 -1.7474E-01  1.0255E-01

0ITERATION NO.:    4    OBJECTIVE VALUE:   7641.07065685008        NO. OF FUNC. EVALS.:  15
 CUMULATIVE NO. OF FUNC. EVALS.:       59
 NPARAMETR:  1.1765E-02  2.8191E-03  2.1687E-02  1.2499E-01  5.0299E-03  3.7130E-02  2.8995E-01  5.9036E+00  1.4197E+00
 PARAMETER:  9.7027E-02  9.9691E-02  9.9391E-02  9.9939E-02  9.9986E-02  1.0080E-01  9.9918E-02  9.9455E-02  9.9907E-02
 GRADIENT:   4.7550E-01  7.9862E-02  5.0389E-02  2.9803E-01  2.1426E-01  2.0916E-01 -1.9365E-02  3.9214E-02 -9.5158E-03

0ITERATION NO.:    5    OBJECTIVE VALUE:   7641.07065685008        NO. OF FUNC. EVALS.:  18
 CUMULATIVE NO. OF FUNC. EVALS.:       77
 NPARAMETR:  1.1765E-02  2.8191E-03  2.1687E-02  1.2499E-01  5.0299E-03  3.7130E-02  2.8995E-01  5.9036E+00  1.4197E+00
 PARAMETER:  9.7027E-02  9.9691E-02  9.9391E-02  9.9939E-02  9.9986E-02  1.0080E-01  9.9918E-02  9.9455E-02  9.9907E-02
 GRADIENT:   2.8044E-02  1.7130E-02 -4.1564E-02 -5.0829E-03 -2.2504E-02 -2.1157E-02 -1.9365E-02  3.9214E-02 -9.5158E-03

0ITERATION NO.:    6    OBJECTIVE VALUE:   7641.07064000488        NO. OF FUNC. EVALS.:  16
 CUMULATIVE NO. OF FUNC. EVALS.:       93
 NPARAMETR:  1.1764E-02  2.8190E-03  2.1700E-02  1.2499E-01  5.0303E-03  3.7130E-02  2.8996E-01  5.9029E+00  1.4195E+00
 PARAMETER:  9.6905E-02  9.9652E-02  1.0002E-01  9.9942E-02  1.0005E-01  1.0082E-01  9.9925E-02  9.9400E-02  9.9809E-02
 GRADIENT:   2.4906E-02 -2.1139E-03  1.8793E-03 -2.6851E-03 -3.2359E-02 -1.9857E-02 -3.5638E-02 -3.8356E-03 -4.2029E-02

0ITERATION NO.:    7    OBJECTIVE VALUE:   7641.07062929282        NO. OF FUNC. EVALS.:  16
 CUMULATIVE NO. OF FUNC. EVALS.:      109
 NPARAMETR:  1.1762E-02  2.8192E-03  2.1710E-02  1.2499E-01  5.0311E-03  3.7131E-02  2.9005E-01  5.9052E+00  1.4199E+00
 PARAMETER:  9.6786E-02  9.9725E-02  1.0044E-01  9.9938E-02  1.0022E-01  1.0084E-01  1.0008E-01  9.9597E-02  9.9958E-02
 GRADIENT:   2.2499E-02  1.5094E-02  1.0115E-02 -5.3914E-03 -1.7927E-02 -1.3551E-02 -3.8012E-02  3.8974E-02 -6.9050E-03

0ITERATION NO.:    8    OBJECTIVE VALUE:   7641.07062705784        NO. OF FUNC. EVALS.:  16
 CUMULATIVE NO. OF FUNC. EVALS.:      125
 NPARAMETR:  1.1761E-02  2.8193E-03  2.1711E-02  1.2499E-01  5.0312E-03  3.7129E-02  2.9016E-01  5.9058E+00  1.4196E+00
 PARAMETER:  9.6712E-02  9.9750E-02  1.0051E-01  9.9932E-02  1.0024E-01  1.0078E-01  1.0027E-01  9.9647E-02  9.9874E-02
 GRADIENT:   2.2493E-02  1.5556E-02  8.0098E-03 -6.1119E-03 -2.0864E-02 -9.8450E-03 -1.7939E-02  4.0178E-02 -2.1431E-02

0ITERATION NO.:    9    OBJECTIVE VALUE:   7641.07062595190        NO. OF FUNC. EVALS.:  15
 CUMULATIVE NO. OF FUNC. EVALS.:      140
 NPARAMETR:  1.1758E-02  2.8194E-03  2.1712E-02  1.2499E-01  5.0318E-03  3.7113E-02  2.9021E-01  5.9057E+00  1.4196E+00
 PARAMETER:  9.6443E-02  9.9779E-02  1.0057E-01  9.9940E-02  1.0036E-01  1.0036E-01  1.0037E-01  9.9638E-02  9.9874E-02
 GRADIENT:   1.3591E-02  7.0035E-03  6.4078E-03 -1.1415E-03 -1.6114E-02 -2.3221E-02 -1.2655E-02  2.2960E-02 -6.0183E-03

0ITERATION NO.:   10    OBJECTIVE VALUE:   7641.07062529472        NO. OF FUNC. EVALS.:  15
 CUMULATIVE NO. OF FUNC. EVALS.:      155
 NPARAMETR:  1.1759E-02  2.8201E-03  2.1712E-02  1.2499E-01  5.0349E-03  3.7108E-02  2.9018E-01  5.9048E+00  1.4189E+00
 PARAMETER:  9.6508E-02  1.0004E-01  1.0055E-01  9.9935E-02  1.0097E-01  1.0021E-01  1.0030E-01  9.9558E-02  9.9625E-02
 GRADIENT:   1.1476E-02  6.6100E-03  4.3560E-03 -1.7212E-03 -7.5200E-03 -1.8412E-02 -1.3470E-02  2.1683E-02 -9.5541E-03

0ITERATION NO.:   11    OBJECTIVE VALUE:   7641.07062217512        NO. OF FUNC. EVALS.:  17
 CUMULATIVE NO. OF FUNC. EVALS.:      172
 NPARAMETR:  1.1759E-02  2.8238E-03  2.1713E-02  1.2499E-01  5.0335E-03  3.7113E-02  2.9020E-01  5.8980E+00  1.4193E+00
 PARAMETER:  9.6536E-02  1.0136E-01  1.0061E-01  9.9935E-02  1.0069E-01  1.0035E-01  1.0034E-01  9.8988E-02  9.9751E-02
 GRADIENT:  -1.6275E-03 -3.3163E-04 -6.4182E-04  1.7595E-04  1.0705E-03  2.2809E-03  1.8694E-03 -3.2673E-03  1.3453E-03

0ITERATION NO.:   12    OBJECTIVE VALUE:   7641.07062217512        NO. OF FUNC. EVALS.:  22
 CUMULATIVE NO. OF FUNC. EVALS.:      194
 NPARAMETR:  1.1759E-02  2.8238E-03  2.1713E-02  1.2499E-01  5.0335E-03  3.7113E-02  2.9020E-01  5.8980E+00  1.4193E+00
 PARAMETER:  9.6536E-02  1.0136E-01  1.0061E-01  9.9935E-02  1.0069E-01  1.0035E-01  1.0034E-01  9.8988E-02  9.9751E-02
 GRADIENT:   1.5557E-03 -1.0942E-04  1.7176E-03  2.7478E-04  1.3402E-03  7.6770E-03  5.7362E-04 -1.8537E-03  6.4601E-04

 #TERM:
0MINIMIZATION SUCCESSFUL
 HOWEVER, PROBLEMS OCCURRED WITH THE MINIMIZATION.
 REGARD THE RESULTS OF THE ESTIMATION STEP CAREFULLY, AND ACCEPT THEM ONLY
 AFTER CHECKING THAT THE COVARIANCE STEP PRODUCES REASONABLE OUTPUT.
 NO. OF FUNCTION EVALUATIONS USED:      194
 NO. OF SIG. DIGITS IN FINAL EST.:  4.0

 ETABAR IS THE ARITHMETIC MEAN OF THE ETA-ESTIMATES,
 AND THE P-VALUE IS GIVEN FOR THE NULL HYPOTHESIS THAT THE TRUE MEAN IS 0.

 ETABAR:         9.4719E-02  7.7571E-02  0.0000E+00  1.7413E-01  5.9033E-02
 SE:             1.7694E-02  3.1779E-02  0.0000E+00  3.6987E-02  4.2254E-02

 P VAL.:         8.6624E-08  1.4648E-02  1.0000E+00  2.5052E-06  1.6239E-01

 ETAshrink(%):   4.4355E+01  7.7832E+01  1.0000E+02  4.7404E+01  2.8416E+01
 EPSshrink(%):   1.8675E+01

 #TERE:
 Elapsed estimation time in seconds:  1432.73
1
 
 
 
 
 
 
 
 
 
 
 
 
 
 
 
 
 
 
 
 
 ************************************************************************************************************************
 ********************                                                                                ********************
 ********************               FIRST ORDER CONDITIONAL ESTIMATION WITH INTERACTION              ********************
 #OBJT:**************                       MINIMUM VALUE OF OBJECTIVE FUNCTION                      ********************
 ********************                                                                                ********************
 ************************************************************************************************************************
 





 #OBJV:********************************************     7641.071       **************************************************
1
 ************************************************************************************************************************
 ********************                                                                                ********************
 ********************               FIRST ORDER CONDITIONAL ESTIMATION WITH INTERACTION              ********************
 ********************                             FINAL PARAMETER ESTIMATE                           ********************
 ********************                                                                                ********************
 ************************************************************************************************************************
 


 THETA - VECTOR OF FIXED EFFECTS PARAMETERS   *********


         TH 1      TH 2      TH 3      TH 4      TH 5      TH 6     
 
         1.18E-02  2.82E-03  2.17E-02  1.25E-01  5.03E-03  3.71E-02
 


 OMEGA - COV MATRIX FOR RANDOM EFFECTS - ETAS  ********


            ETA1      ETA2      ETA3      ETA4      ETA5   
 
 ETA1
+        2.90E-01
 
 ETA2
+        0.00E+00  5.90E+00
 
 ETA3
+        0.00E+00  0.00E+00  0.00E+00
 
 ETA4
+        0.00E+00  0.00E+00  0.00E+00  1.42E+00
 
 ETA5
+        0.00E+00  0.00E+00  0.00E+00  0.00E+00  1.00E+00
 


 SIGMA - COV MATRIX FOR RANDOM EFFECTS - EPSILONS  ****


            EPS1   
 
 EPS1
+        1.00E+00
 
1


 OMEGA - CORR MATRIX FOR RANDOM EFFECTS - ETAS  *******


            ETA1      ETA2      ETA3      ETA4      ETA5   
 
 ETA1
+        5.39E-01
 
 ETA2
+        0.00E+00  2.43E+00
 
 ETA3
+        0.00E+00  0.00E+00  0.00E+00
 
 ETA4
+        0.00E+00  0.00E+00  0.00E+00  1.19E+00
 
 ETA5
+        0.00E+00  0.00E+00  0.00E+00  0.00E+00  1.00E+00
 


 SIGMA - CORR MATRIX FOR RANDOM EFFECTS - EPSILONS  ***


            EPS1   
 
 EPS1
+        1.00E+00
 
Stop Time:
Thu Aug 23 14:04:54 CEST 2012
This file was created using /opt/NONMEM/nm_7.2.0_g/run/nmfe72
Started  Thu Aug 23 13:40:28 2012
Finished Thu Aug 23 14:04:54 2012
