Wed Mar 22 21:02:07 CET 2017
$PROBLEM    PD DOSERINGSSTUDY EN IV STUDY,PK GEFIXT NAAR PK MODEL
$INPUT      NR ID DO STUD AMT RATE EVID TIME DV MDV CMT WT
;$DATA 20100301PRLSIM2.prn
$DATA      Simulated_PK_rats.csv IGNORE=@

;IGNORE(STUD.EQ.1)

;IGNORE(ID.EQ.316)
$SUBROUTINE ADVAN9 TOL=3
$MODEL      COMP=(ABSORB,INITIALOFF) ;IN TOEDIENING,NVT,GEFIXT
            COMP=(ABSORB,INITIALOFF) ;IN TOEDIENING,NVT,GEFIXT
            COMP=(CENTRAL,DEFDOSE) ;PK PLASMA DATA,GEFIXT
            COMP=(PERIPH) ;PK MICRODIALYSE DATA,GEFIXT
            COMP=(PERIPH) ;PK PERIPHERAL CMT,GEFIXT
            COMP=(PERIPH) ; LACTOTROPH
            COMP=(EFFECT,DEFOBS) ; PK PRL EFFECT VAN REM OP PRL IS DUS DATASET PRL IN MUG/L
$PRIOR      NWPRI NTHETA=19 NETA=3 NEPS=2 NTHP=2 NETP=0 NPEXP=1
$PK 
"FIRST
" COMMON/PRCOMG/IDUM1,IDUM2,IMAX,IDUM4,IDUM5
"INTEGER IDUM1,IDUM2,IMAX,IDUM4,IDUM5
"IMAX=10000000
CL3  = THETA(3)   ;L/H PLASMA CMT
V3   = THETA(4)  ;L/KG
Q4   = THETA(5)  ; 4E CMT IS MD CMT
V4   = THETA(6)
Q5   = THETA(7)
V5   = THETA(8)
FK40 = THETA(9)
KA   = THETA(10)
FTOT = THETA(11)
F1   = FTOT*THETA(12)
F2   = FTOT - F1
K24  = THETA(13)/1000
K30 = CL3/V3
K40 = FK40*K30
K34 = Q4/V3
K43 = Q4/V4
K35 = Q5/V3
K53 = Q5/V5
IF(K30.LT.K40) EXIT 1 200
IF(KA.LT.K24) EXIT 1 400
S3 = V3
S4 = V4
;-------------------------------------------  PD ---------------------------------------
IF (STUD.EQ.3) THEN
        STDY = 1
ELSE
        STDY = 0
ENDIF
TBSL    = THETA(14)*(1+THETA(17)*STDY)
BSL    = TBSL*EXP(ETA(1))
;BSL    = THETA(12)*EXP(ETA(1))
K67    = THETA(18)*EXP((ETA(3)))
K70    = THETA(1)
EMAX   = THETA(15)
EC50   = THETA(2)
STDM    = THETA(16)*EXP(ETA(2))
GAMMA  = THETA(19)
STD50  = THETA(20)
A_0(6) = (BSL*K70)/K67
A_0(7) = BSL
KF     = BSL*K70;/(STDM*BSL/(STD50+BSL))
;
ET1 = ETA(1)
ET2 = ETA(2)
ET3 = ETA(3)
;
$DES 
DADT(1) = -A(1)*KA  
DADT(2) =           - A(2)*K24
DADT(3) =  A(1)*KA                - A(3)*K34 + A(4)*K43 - A(3)*K35 + A(5)*K53 - A(3)*K30
DADT(4) =             A(2)*K24    + A(3)*K34 - A(4)*K43                       - A(4)*K40 
;-----------------------------------
IF (A(4).GT.0)THEN
CP = (A(4)/V4)
EFF     = 1 + ((EMAX*(CP**GAMMA))/((EC50**GAMMA)+(CP**GAMMA)))
ELSE
CP = 0
EFF = 1
ENDIF
;-----------------------------------
DADT(5) = A(3)*K35 - A(5)*K53      ; de (REM-)concentratie effect relatie wordt omschreven door 
IF (A(7).LT.BSL) THEN                ; een EMAX relatie
  LNA7 = BSL
ELSE
  LNA7 = A(7)
ENDIF
;-----------------------------------
STD     = STDM*(LNA7-BSL);/(STD50+(LNA7-BSL)));/(STDM*BSL/(STD50+BSL));               ; synthese PRL (STD) is afhankelijk van [PRLmicrodial.]=LNA7
KFT     = KF*(1+STD)              ; systeem (PRL-)concentratie effect(synthese) relatie
DADT(6) = KFT - A(6)*K67*EFF        ; wordt omschreven door LOG van A(7); LNA7
DADT(7) =      A(6)*K67*EFF - A(7)*K70
CONC = A(4)/V4
;
$ERROR 
IPRED=A(7)
Y = IPRED*(1+EPS(1)) + EPS(2)
IF(IPRED.EQ.0) IPRED=0.0001
IRES = DV-IPRED
IF(IRES.EQ.0) IRES=0.0001
IWRES = IRES/IPRED
;
$THETA  (0,5.72,1000000)
 (0,0.0804,1000000)
 1.12 FIX ; 3  CL3 L/H
 0.0881 FIX ; 4  V3 L/KG
 0.7 FIX ; 5  Q4
 0.873 FIX ; 6  V
 1.2 FIX ; 7  Q5
 0.417 FIX ; 8  V5
 0.302 FIX ; 9  FK40,K40=FK40*CL3/V3
 1.54 FIX ; 10  KA
 0.892 FIX ; 11  FTOT
 0.249 FIX ; 12 F1  = FTOT*THETA(10)*EXP(ETA(10))
 33.1 FIX ; 13 K24*1000
 (1,6.24,1000000)
 (0,25,1000000)
 (0,3.74,1000000)
 -0.1
 (0,0.8496,1000000)
 1 FIX ; TH19 GAMMA
;Parameters with PRIOR
;----------------------------------
;----------------------------------
; PK parameters
;----------------------------------
;PD parameters
;( 0 , 12.4 , 1000000 )
;
$THETA  6 FIX ; TH1
 0.0419 FIX ; TH2 EC50
;----------------------prior uncertainty for theta -------------------------------------------------------------------
$OMEGA  0.05  ; 1 BSL (BEIDE)
 0.0  FIX  ;     2 STDM
$OMEGA  0.0  FIX  ;     3 EMAX
$OMEGA  0.167  FIX
 0.002584  FIX
$SIGMA  0.07  ;  CMT7 PROP
 8  ;   CMT7 ADD
;----------------------------------
;---------------------------------------------------------------------------------------------------------------------
; prior information
$ESTIMATION METHOD=1 INTERACTION ;SLOW;No CWRES
            NOABORT MAXEVAL=9999 PRINT=1 SIGDIG=3 POSTHOC ;No CWRES

;$SIM (20100526 NEW) ONLYSIM SUBPROBLEM=250
$COVARIANCE MATRIX=R COMP
$TABLE      ID TIME STUD CMT DO EFF CONC EC50 EMAX GAMMA PRED BSL ET1
            ET2 ET3 STD IPRED IWRES MDV ONEHEADER NOPRINT
            FILE=J.COMB.EMAX.LIN.FOCE.ETABSL.r.1.par


NM-TRAN MESSAGES
  
 WARNINGS AND ERRORS (IF ANY) FOR PROBLEM    1
             
 (WARNING  2) NM-TRAN INFERS THAT THE DATA ARE POPULATION.
             
 (WARNING  113) VERBATIM CODE CONTAINS "COMMON". IF THIS IS NOT A
 USER-DEFINED COMMON, IT SHOULD BE REPLACED BY THE APPROPRIATE MODULE.
             
 (WARNING  48) DES-DEFINED ITEMS ARE COMPUTED ONLY WHEN EVENT TIME
 INCREASES. E.G., DISPLAYED VALUES ASSOCIATED WITH THE FIRST EVENT RECORD
 OF AN INDIVIDUAL RECORD ARE COMPUTED WITH (THE LAST ADVANCE TO) AN EVENT
 TIME OF THE PRIOR INDIVIDUAL RECORD.
Note: The following floating-point exceptions are signalling: IEEE_INVALID_FLAG IEEE_DIVIDE_BY_ZERO

License Registered to: Pharmetheus AB
Expiration Date:    14 DEC 2017
Current Date:       22 MAR 2017
Days until program expires : 262
1NONLINEAR MIXED EFFECTS MODEL PROGRAM (NONMEM) VERSION 7.3.0
 ORIGINALLY DEVELOPED BY STUART BEAL, LEWIS SHEINER, AND ALISON BOECKMANN
 CURRENT DEVELOPERS ARE ROBERT BAUER, ICON DEVELOPMENT SOLUTIONS,
 AND ALISON BOECKMANN. IMPLEMENTATION, EFFICIENCY, AND STANDARDIZATION
 PERFORMED BY NOUS INFOSYSTEMS.

 PROBLEM NO.:         1
 PD DOSERINGSSTUDY EN IV STUDY,PK GEFIXT NAAR PK MODEL
0DATA CHECKOUT RUN:              NO
 DATA SET LOCATED ON UNIT NO.:    2
 THIS UNIT TO BE REWOUND:        NO
 NO. OF DATA RECS IN DATA SET:      563
 NO. OF DATA ITEMS IN DATA SET:  12
 ID DATA ITEM IS DATA ITEM NO.:   2
 DEP VARIABLE IS DATA ITEM NO.:   9
 MDV DATA ITEM IS DATA ITEM NO.: 10
0INDICES PASSED TO SUBROUTINE PRED:
   7   8   5   6   0   0  11   0   0   0   0
0LABELS FOR DATA ITEMS:
 NR ID DO STUD AMT RATE EVID TIME DV MDV CMT WT
0(NONBLANK) LABELS FOR PRED-DEFINED ITEMS:
 BSL EMAX EC50 GAMMA ET1 ET2 ET3 EFF STD CONC IPRED IWRES
0FORMAT FOR DATA:
 (8E8.0,E9.0/3E8.0)

 TOT. NO. OF OBS RECS:      461
 TOT. NO. OF INDIVIDUALS:     43
0LENGTH OF THETA:  21
0DEFAULT THETA BOUNDARY TEST OMITTED:    NO
0OMEGA HAS BLOCK FORM:
  1
  0  2
  0  0  3
  0  0  0  4
  0  0  0  0  5
0DEFAULT OMEGA BOUNDARY TEST OMITTED:    NO
0SIGMA HAS SIMPLE DIAGONAL FORM WITH DIMENSION:   2
0DEFAULT SIGMA BOUNDARY TEST OMITTED:    NO
0INITIAL ESTIMATE OF THETA:
 LOWER BOUND    INITIAL EST    UPPER BOUND
  0.0000E+00     0.5720E+01     0.1000E+07
  0.0000E+00     0.8040E-01     0.1000E+07
  0.1120E+01     0.1120E+01     0.1120E+01
  0.8810E-01     0.8810E-01     0.8810E-01
  0.7000E+00     0.7000E+00     0.7000E+00
  0.8730E+00     0.8730E+00     0.8730E+00
  0.1200E+01     0.1200E+01     0.1200E+01
  0.4170E+00     0.4170E+00     0.4170E+00
  0.3020E+00     0.3020E+00     0.3020E+00
  0.1540E+01     0.1540E+01     0.1540E+01
  0.8920E+00     0.8920E+00     0.8920E+00
  0.2490E+00     0.2490E+00     0.2490E+00
  0.3310E+02     0.3310E+02     0.3310E+02
  0.1000E+01     0.6240E+01     0.1000E+07
  0.0000E+00     0.2500E+02     0.1000E+07
  0.0000E+00     0.3740E+01     0.1000E+07
 -0.1000E+07    -0.1000E+00     0.1000E+07
  0.0000E+00     0.8496E+00     0.1000E+07
  0.1000E+01     0.1000E+01     0.1000E+01
  0.6000E+01     0.6000E+01     0.6000E+01
  0.4190E-01     0.4190E-01     0.4190E-01
0INITIAL ESTIMATE OF OMEGA:
 BLOCK SET NO.   BLOCK                                                                    FIXED
        1                                                                                   NO
                  0.5000E-01
        2                                                                                  YES
                  0.0000E+00
        3                                                                                  YES
                  0.0000E+00
        4                                                                                  YES
                  0.1670E+00
        5                                                                                  YES
                  0.2584E-02
0INITIAL ESTIMATE OF SIGMA:
 0.7000E-01
 0.0000E+00   0.8000E+01
0COVARIANCE STEP OMITTED:        NO
 R MATRIX SUBSTITUTED:          YES
 S MATRIX SUBSTITUTED:           NO
 EIGENVLS. PRINTED:              NO
 COMPRESSED FORMAT:             YES
 SIGDIGITS ETAHAT (SIGLO):                  -1
 SIGDIGITS GRADIENTS (SIGL):                -1
 RELATIVE TOLERANCE (TOL):                  -1
 ABSOLUTE TOLERANCE-ADVAN 9,13 ONLY (ATOL): -1
 EXCLUDE COV FOR FOCE (NOFCOV):              NO
 RESUME COV ANALYSIS (RESUME):               NO
0TABLES STEP OMITTED:    NO
 NO. OF TABLES:           1
 SEED NUMBER (SEED):    11456
 RANMETHOD:
 MC SAMPLES (ESEED):    300
 WRES SQUARE ROOT TYPE:            EIGENVALUE
0-- TABLE   1 --
 PRINTED:                NO
 HEADER:                YES
 FILE TO BE FORWARDED:   NO
 FORMAT:                S1PE11.4
 LFORMAT:
 RFORMAT:
0USER-CHOSEN ITEMS:
 ID TIME STUD CMT DO EFF CONC EC50 EMAX GAMMA BSL ET1 ET2 ET3 STD IPRED IWRES MDV
0
 PRIOR SUBROUTINE USER-SUPPLIED
1DOUBLE PRECISION PREDPP VERSION 7.3.0

 GENERAL NONLINEAR KINETICS MODEL WITH EQUILIBRIUM COMPARTMENTS (ADVAN9)
0MODEL SUBROUTINE USER-SUPPLIED - ID NO. 9999
0MAXIMUM NO. OF BASIC PK PARAMETERS:  17
0COMPARTMENT ATTRIBUTES
 COMPT. NO.   FUNCTION   INITIAL    ON/OFF      DOSE      DEFAULT    DEFAULT
                         STATUS     ALLOWED    ALLOWED    FOR DOSE   FOR OBS.
    1         ABSORB       OFF        YES        YES        NO         NO
    2         ABSORB       OFF        YES        YES        NO         NO
    3         CENTRAL      ON         YES        YES        YES        NO
    4         PERIPH       ON         YES        YES        NO         NO
    5         PERIPH       ON         YES        YES        NO         NO
    6         PERIPH       ON         YES        YES        NO         NO
    7         EFFECT       ON         YES        YES        NO         YES
    8         OUTPUT       OFF        YES        NO         NO         NO
0COMPT. NO.   FUNCTION   EQUILIB    EXCLUDE
                          RIUM      FROM TOTAL
    1         ABSORB       NO         NO
    2         ABSORB       NO         NO
    3         CENTRAL      NO         NO
    4         PERIPH       NO         NO
    5         PERIPH       NO         NO
    6         PERIPH       NO         NO
    7         EFFECT       NO         NO
    8         OUTPUT       NO         YES
0NRD VALUE(S) FROM SUBROUTINE TOL:   3
1
 ADDITIONAL PK PARAMETERS - ASSIGNMENT OF ROWS IN GG
 COMPT. NO.                             INDICES
              SCALE      BIOAVAIL.   ZERO-ORDER  ZERO-ORDER  ABSORB
                         FRACTION    RATE        DURATION    LAG
    1            *          18           *           *           *
    2            *          19           *           *           *
    3           20           *           *           *           *
    4           21           *           *           *           *
    5            *           *           *           *           *
    6            *           *           *           *           *
    7            *           *           *           *           *
    8            *           -           -           -           -
             - PARAMETER IS NOT ALLOWED FOR THIS MODEL
             * PARAMETER IS NOT SUPPLIED BY PK SUBROUTINE;
               WILL DEFAULT TO ONE IF APPLICABLE
0DATA ITEM INDICES USED BY PRED ARE:
   EVENT ID DATA ITEM IS DATA ITEM NO.:      7
   TIME DATA ITEM IS DATA ITEM NO.:          8
   DOSE AMOUNT DATA ITEM IS DATA ITEM NO.:   5
   DOSE RATE DATA ITEM IS DATA ITEM NO.:     6
   COMPT. NO. DATA ITEM IS DATA ITEM NO.:   11

0PK SUBROUTINE CALLED WITH EVERY EVENT RECORD.
 PK SUBROUTINE NOT CALLED AT NONEVENT (ADDITIONAL OR LAGGED) DOSE TIMES.
0PK SUBROUTINE INDICATES THAT COMPARTMENT AMOUNTS ARE INITIALIZED.
0ERROR SUBROUTINE CALLED WITH EVERY EVENT RECORD.
0ERROR SUBROUTINE INDICATES THAT DERIVATIVES OF COMPARTMENT AMOUNTS ARE USED.
0DES SUBROUTINE USES FULL STORAGE MODE.
1


 #TBLN:      1
 #METH: First Order Conditional Estimation with Interaction

 ESTIMATION STEP OMITTED:                 NO  
 ANALYSIS TYPE:                           POPULATION
 CONDITIONAL ESTIMATES USED:              YES 
 CENTERED ETA:                            NO  
 EPS-ETA INTERACTION:                     YES 
 LAPLACIAN OBJ. FUNC.:                    NO  
 NO. OF FUNCT. EVALS. ALLOWED:            9999
 NO. OF SIG. FIGURES REQUIRED:            3
 INTERMEDIATE PRINTOUT:                   YES 
 ESTIMATE OUTPUT TO MSF:                  NO  
 ABORT WITH PRED EXIT CODE 1:             NO  
 IND. OBJ. FUNC. VALUES SORTED:           NO  
 NUMERICAL DERIVATIVE 
       FILE REQUEST (NUMDER):             NONE
 MAP (ETAHAT) ESTIMATION METHOD (OPTMAP): 0           
 ETA HESSIAN EVALUATION METHOD (ETADER):  0           
 INITIAL ETA FOR MAP ESTIMATION (MCETA):  0           
 SIGDIGITS FOR MAP ESTIMATION (SIGLO):    100         
 GRADIENT SIGDIGITS OF 
       FIXED EFFECTS PARAMETERS (SIGL):   100         
 EXCLUDE TITLE (NOTITLE):                 NO 
 EXCLUDE COLUMN LABELS (NOLABEL):         NO 
 NOPRIOR SETTING (NOPRIOR):               OFF
 NOCOV SETTING (NOCOV):                   OFF
 DERCONT SETTING (DERCONT):               OFF
 ABSOLUTE TOLERANCE-ADVAN 9,13 ONLY(ATOL):-100        
 FINAL ETA RE-EVALUATION (FNLETA):        ON 
 EXCLUDE NON-INFLUENTIAL (NON-INFL.) ETAS 
       IN SHRINKAGE (ETASTYPE):           NO 
 NON-INFL. ETA CORRECTION (NONINFETA):    OFF
 FORMAT FOR ADDITIONAL FILES (FORMAT):    S1PE12.5
 PARAMETER ORDER FOR OUTPUTS (ORDER):     TSOL
 ADDITIONAL CONVERGENCE TEST (CTYPE=4)?:  NO
 EM OR BAYESIAN METHOD USED:                NONE


 THE FOLLOWING LABELS ARE EQUIVALENT
 PRED=PREDI
 RES=RESI
 WRES=WRESI
 IWRS=IWRESI
 IPRD=IPREDI
 IRS=IRESI

 MONITORING OF SEARCH:


0ITERATION NO.:    0    OBJECTIVE VALUE:   13534.3557172382        NO. OF FUNC. EVALS.:  11
 CUMULATIVE NO. OF FUNC. EVALS.:       11
 NPARAMETR:  5.7200E+00  8.0400E-02  6.2400E+00  2.5000E+01  3.7400E+00 -1.0000E-01  8.4960E-01  5.0000E-02  7.0000E-02  8.0000E+00

 PARAMETER:  1.0000E-01  1.0000E-01  1.0000E-01  1.0000E-01  1.0000E-01 -1.0000E-01  1.0000E-01  1.0000E-01  1.0000E-01  1.0000E-01

 GRADIENT:   8.3348E+02 -2.2146E+02  3.1080E+03  4.9191E+02  5.0122E+03  2.1107E+03  1.8870E+03 -8.3386E+03 -4.6047E+03 -4.7927E+03


0ITERATION NO.:    1    OBJECTIVE VALUE:   6451.17501627691        NO. OF FUNC. EVALS.:  12
 CUMULATIVE NO. OF FUNC. EVALS.:       23
 NPARAMETR:  5.3870E+00  8.1691E-02  5.1899E+00  2.4131E+01  2.6076E+00 -2.5187E-01  7.4173E-01  1.6601E-01  1.3580E-01  1.5945E+01

 PARAMETER:  4.0027E-02  1.1594E-01 -1.2364E-01  6.4605E-02 -2.6065E-01 -2.5187E-01 -3.5781E-02  7.0000E-01  4.3133E-01  4.4486E-01

 GRADIENT:  -2.2368E+02  4.6275E+01  7.6870E+02 -1.5971E+02  2.1605E+03  5.9523E+02  9.9841E+02 -1.7020E+03 -1.5918E+03 -3.0857E+03


0ITERATION NO.:    2    OBJECTIVE VALUE:   3673.76652294565        NO. OF FUNC. EVALS.:  12
 CUMULATIVE NO. OF FUNC. EVALS.:       35
 NPARAMETR:  5.6525E+00  8.0883E-02  4.5516E+00  2.4974E+01  1.6386E+00 -3.7987E-01  5.9842E-01  3.4516E-01  2.6927E-01  6.0111E+01

 PARAMETER:  8.8125E-02  1.0598E-01 -2.8893E-01  9.8948E-02 -7.2522E-01 -3.7987E-01 -2.5047E-01  1.0660E+00  7.7361E-01  1.1084E+00

 GRADIENT:  -2.4603E+02 -2.8455E+00  2.9571E+02 -1.0850E+02  9.2566E+02  2.4190E+02  4.3821E+02 -4.8711E+02 -2.8608E+02 -7.4302E+02


0ITERATION NO.:    3    OBJECTIVE VALUE:   2664.10736786559        NO. OF FUNC. EVALS.:  13
 CUMULATIVE NO. OF FUNC. EVALS.:       48
 NPARAMETR:  9.5912E+00  8.4725E-02  3.8407E+00  2.9984E+01  6.6507E-01 -5.9026E-01  3.8273E-01  3.5105E-01  1.0241E-01  2.7515E+01

 PARAMETER:  6.1688E-01  1.5239E-01 -5.1226E-01  2.8177E-01 -1.6269E+00 -5.9026E-01 -6.9743E-01  1.0745E+00  2.9024E-01  7.1765E-01

 GRADIENT:   7.1250E+01  1.2728E+02  1.1083E+02 -3.4607E+02  8.9794E+02  1.1348E+02  3.3868E+02 -1.9348E+01 -1.9013E+02 -2.4695E+01


0ITERATION NO.:    4    OBJECTIVE VALUE:   2348.53406193123        NO. OF FUNC. EVALS.:  12
 CUMULATIVE NO. OF FUNC. EVALS.:       60
 NPARAMETR:  8.8129E+00  7.2971E-02  3.7196E+00  4.5755E+01  2.7721E-01 -6.6119E-01  2.8041E-01  2.2606E-01  9.7477E-02  1.1410E+01

 PARAMETER:  5.3225E-01  3.0428E-03 -5.5582E-01  7.0444E-01 -2.5021E+00 -6.6119E-01 -1.0085E+00  8.5439E-01  2.6556E-01  2.7753E-01

 GRADIENT:   5.5094E+02 -3.9653E+01  8.2504E+00  2.2978E+02 -1.9085E+02 -1.6945E+02 -1.5473E+02  1.1236E+01 -3.1627E+01 -3.3333E+01


0ITERATION NO.:    5    OBJECTIVE VALUE:   2252.88277945241        NO. OF FUNC. EVALS.:  12
 CUMULATIVE NO. OF FUNC. EVALS.:       72
 NPARAMETR:  6.5514E+00  7.1650E-02  3.6631E+00  4.5385E+01  2.4109E-01 -5.9883E-01  2.7824E-01  2.0641E-01  1.0269E-01  1.0035E+01

 PARAMETER:  2.3571E-01 -1.5214E-02 -5.7681E-01  6.9630E-01 -2.6417E+00 -5.9883E-01 -1.0163E+00  8.0892E-01  2.9160E-01  2.1334E-01

 GRADIENT:   2.8162E+02 -1.3043E+01 -1.4924E+01  1.5814E+02 -1.6205E+02 -1.4922E+02 -1.8119E+02  2.0491E+01 -1.8885E+00 -4.6423E+01


0ITERATION NO.:    6    OBJECTIVE VALUE:   2207.89827424617        NO. OF FUNC. EVALS.:  12
 CUMULATIVE NO. OF FUNC. EVALS.:       84
 NPARAMETR:  6.2416E+00  6.5400E-02  3.7516E+00  4.6019E+01  2.0383E-01 -3.9867E-01  3.5505E-01  1.7309E-01  1.0268E-01  1.1082E+01

 PARAMETER:  1.8727E-01 -1.0650E-01 -5.4414E-01  7.1017E-01 -2.8096E+00 -3.9867E-01 -7.7252E-01  7.2091E-01  2.9157E-01  2.6296E-01

 GRADIENT:   3.3245E+02  2.4749E+01 -2.0160E+01  1.5909E+02 -1.8590E+02 -3.8120E+01 -1.7581E+02  4.5363E+01  2.1832E+01  2.4716E+01


0ITERATION NO.:    7    OBJECTIVE VALUE:   2176.15577888763        NO. OF FUNC. EVALS.:  12
 CUMULATIVE NO. OF FUNC. EVALS.:       96
 NPARAMETR:  5.4733E+00  4.7514E-02  3.9687E+00  4.6563E+01  1.5439E-01 -3.3007E-01  6.0963E-01  1.2208E-01  1.0179E-01  1.3355E+01

 PARAMETER:  5.5909E-02 -4.2600E-01 -4.6821E-01  7.2193E-01 -3.0874E+00 -3.3007E-01 -2.3191E-01  5.4633E-01  2.8720E-01  3.5622E-01

 GRADIENT:   2.2617E+02 -3.9505E+01 -1.3691E+02  1.0069E+02 -2.4802E+02 -1.3137E+02 -6.1819E+01 -9.5581E+00  6.4306E+01  1.2317E+02


0ITERATION NO.:    8    OBJECTIVE VALUE:   2173.67349926177        NO. OF FUNC. EVALS.:  12
 CUMULATIVE NO. OF FUNC. EVALS.:      108
 NPARAMETR:  4.6281E+00  3.2740E-02  6.3458E+00  5.3838E+01  1.2883E-01 -2.0873E-01  8.7205E-01  1.6676E-01  1.0491E-01  1.4039E+01

 PARAMETER: -1.1182E-01 -7.9842E-01  1.1998E-01  8.6711E-01 -3.2684E+00 -2.0873E-01  1.2608E-01  7.0227E-01  3.0232E-01  3.8121E-01

 GRADIENT:   4.2748E+01 -4.6440E+01  3.6999E+01  7.0768E+01 -7.8166E+00  3.0904E+01  1.9031E+01  5.6994E+01  6.4227E+01  1.4080E+02


0ITERATION NO.:    9    OBJECTIVE VALUE:   2171.21861445118        NO. OF FUNC. EVALS.:  13
 CUMULATIVE NO. OF FUNC. EVALS.:      121
 NPARAMETR:  4.6822E+00  3.3201E-02  6.8275E+00  4.7292E+01  1.1694E-01 -2.2146E-01  9.2030E-01  1.9133E-01  9.8361E-02  1.3028E+01

 PARAMETER: -1.0021E-01 -7.8443E-01  2.0628E-01  7.3746E-01 -3.3652E+00 -2.2146E-01  1.7994E-01  7.7100E-01  2.7007E-01  3.4382E-01

 GRADIENT:   6.7119E+01 -4.8002E+01  2.6375E+01  7.4031E+01 -4.9355E+01  2.5451E+01  9.4576E+00  5.8122E+01  4.5611E+01  1.1853E+02


0ITERATION NO.:   10    OBJECTIVE VALUE:   2170.37041181814        NO. OF FUNC. EVALS.:  13
 CUMULATIVE NO. OF FUNC. EVALS.:      134
 NPARAMETR:  4.7276E+00  3.4350E-02  7.2005E+00  4.4890E+01  1.1333E-01 -2.3759E-01  9.3584E-01  1.8233E-01  1.0742E-01  1.2700E+01

 PARAMETER: -9.0542E-02 -7.5040E-01  2.6830E-01  6.8535E-01 -3.3965E+00 -2.3759E-01  1.9668E-01  7.4691E-01  3.1412E-01  3.3110E-01

 GRADIENT:   8.5032E+01 -4.2220E+01  3.5432E+01  7.3222E+01 -6.8768E+01  3.9033E+01  2.1192E+00  5.4967E+01  6.7543E+01  1.1992E+02


0ITERATION NO.:   11    OBJECTIVE VALUE:   2169.42173584369        NO. OF FUNC. EVALS.:  13
 CUMULATIVE NO. OF FUNC. EVALS.:      147
 NPARAMETR:  4.6465E+00  3.8638E-02  7.6916E+00  4.5005E+01  1.0916E-01 -2.8577E-01  9.6095E-01  1.6824E-01  9.6998E-02  1.3914E+01

 PARAMETER: -1.0785E-01 -6.3277E-01  3.4453E-01  6.8791E-01 -3.4340E+00 -2.8577E-01  2.2316E-01  7.0668E-01  2.6310E-01  3.7674E-01

 GRADIENT:   8.0695E+01 -3.9129E+01  4.7318E+01  7.2724E+01 -5.8557E+01  3.9783E+01  3.7604E+00  5.1898E+01  5.2914E+01  1.3151E+02


0ITERATION NO.:   12    OBJECTIVE VALUE:   2168.33542054664        NO. OF FUNC. EVALS.:  13
 CUMULATIVE NO. OF FUNC. EVALS.:      160
 NPARAMETR:  4.6003E+00  4.2946E-02  7.7770E+00  4.6532E+01  1.0742E-01 -3.2250E-01  1.0193E+00  1.7695E-01  9.8906E-02  1.3497E+01

 PARAMETER: -1.1784E-01 -5.2707E-01  3.5721E-01  7.2127E-01 -3.4501E+00 -3.2250E-01  2.8211E-01  7.3192E-01  2.7284E-01  3.6152E-01

 GRADIENT:   4.9698E+01 -4.3130E+01  2.4597E+01  6.6390E+01 -5.4023E+01  1.9051E+01  2.8499E+01  5.5534E+01  5.3434E+01  1.2415E+02


0ITERATION NO.:   13    OBJECTIVE VALUE:   2122.28148402404        NO. OF FUNC. EVALS.:  14
 CUMULATIVE NO. OF FUNC. EVALS.:      174
 NPARAMETR:  4.7020E+00  7.7153E-02  7.3363E+00  3.6899E+01  1.1179E-01 -5.2544E-01  8.6648E-01  1.6219E-01  9.7192E-02  1.2319E+01

 PARAMETER: -9.5982E-02  5.8770E-02  2.8997E-01  4.8931E-01 -3.4102E+00 -5.2544E-01  1.1967E-01  6.8836E-01  2.6410E-01  3.1584E-01

 GRADIENT:   7.2656E+01 -9.6114E+00 -2.8362E+02  6.4068E+01 -2.5158E+02 -7.3036E+02  1.0549E+02  3.7290E+01  6.1618E+01  1.2207E+02


0ITERATION NO.:   14    OBJECTIVE VALUE:   2105.34067877290        NO. OF FUNC. EVALS.:  12
 CUMULATIVE NO. OF FUNC. EVALS.:      186
 NPARAMETR:  4.7202E+00  6.2354E-02  6.5209E+00  3.2343E+01  1.1775E-01 -4.0302E-01  7.3133E-01  1.5653E-01  9.3451E-02  1.1760E+01

 PARAMETER: -9.2126E-02 -1.5419E-01  1.5222E-01  3.5752E-01 -3.3583E+00 -4.0302E-01 -4.9901E-02  6.7060E-01  2.4447E-01  2.9264E-01

 GRADIENT:   1.1463E+02 -2.9839E+01 -1.9975E+00  7.2314E+01 -1.0196E+02 -3.4576E+01 -8.9472E+00  4.4906E+01  7.3923E+01  1.2283E+02


0ITERATION NO.:   15    OBJECTIVE VALUE:   2085.57483609027        NO. OF FUNC. EVALS.:  12
 CUMULATIVE NO. OF FUNC. EVALS.:      198
 NPARAMETR:  4.6472E+00  6.6346E-02  5.8869E+00  2.5326E+01  1.2095E-01 -3.6878E-01  5.9968E-01  1.5280E-01  8.2427E-02  1.0758E+01

 PARAMETER: -1.0771E-01 -9.2125E-02  3.0232E-02  1.1294E-01 -3.3314E+00 -3.6878E-01 -2.4836E-01  6.5855E-01  1.8171E-01  2.4809E-01

 GRADIENT:   7.0066E+01  1.4453E+01 -9.8249E+00  7.9944E+01 -8.1279E+01 -2.1171E+01 -4.6908E+01  3.7891E+01  4.2588E+01  9.5417E+01


0ITERATION NO.:   16    OBJECTIVE VALUE:   2081.05124852335        NO. OF FUNC. EVALS.:  12
 CUMULATIVE NO. OF FUNC. EVALS.:      210
 NPARAMETR:  4.7278E+00  6.3228E-02  5.7005E+00  1.9239E+01  1.2056E-01 -3.5675E-01  5.3570E-01  1.6024E-01  7.6176E-02  9.8574E+00

 PARAMETER: -9.0516E-02 -1.4027E-01 -8.6574E-03 -1.6191E-01 -3.3347E+00 -3.5675E-01 -3.6120E-01  6.8231E-01  1.4228E-01  2.0439E-01

 GRADIENT:   4.7948E+01  6.7358E+01 -1.5528E+01  4.8074E+01 -3.2975E+01 -1.2974E+01 -5.1698E+01  3.4830E+01  9.8820E+00  5.9403E+01


0ITERATION NO.:   17    OBJECTIVE VALUE:   2080.94847396812        NO. OF FUNC. EVALS.:  12
 CUMULATIVE NO. OF FUNC. EVALS.:      222
 NPARAMETR:  4.7338E+00  6.1699E-02  5.6828E+00  1.8365E+01  1.2025E-01 -3.5490E-01  5.2603E-01  1.5999E-01  7.5291E-02  9.7385E+00

 PARAMETER: -8.9237E-02 -1.6475E-01 -1.2419E-02 -2.0840E-01 -3.3372E+00 -3.5490E-01 -3.7941E-01  6.8154E-01  1.3643E-01  1.9832E-01

 GRADIENT:  -9.1121E+00  3.5274E+01 -1.5190E+01  1.5192E+01 -2.8205E+01 -1.9725E+01 -6.5043E+01  3.3879E+01  3.7827E+00  5.3562E+01


0ITERATION NO.:   18    OBJECTIVE VALUE:   2064.19537589682        NO. OF FUNC. EVALS.:  16
 CUMULATIVE NO. OF FUNC. EVALS.:      238
 NPARAMETR:  4.9389E+00  5.9186E-02  6.4625E+00  1.4512E+01  1.0463E-01 -3.2590E-01  7.0863E-01  1.4576E-01  9.1341E-02  7.3104E+00

 PARAMETER: -4.6818E-02 -2.0632E-01  1.4158E-01 -4.4392E-01 -3.4764E+00 -3.2590E-01 -8.1436E-02  6.3495E-01  2.3305E-01  5.4925E-02

 GRADIENT:   5.4173E+01  6.8509E+01 -1.2269E+01  1.4077E+01 -2.6801E+01 -7.3329E+00  1.2120E+02  3.0010E+01  2.7452E+01  2.1071E+01


0ITERATION NO.:   19    OBJECTIVE VALUE:   2062.01104161046        NO. OF FUNC. EVALS.:  12
 CUMULATIVE NO. OF FUNC. EVALS.:      250
 NPARAMETR:  5.0749E+00  5.5090E-02  5.9079E+00  1.4857E+01  1.1443E-01 -3.1564E-01  6.4321E-01  1.3042E-01  9.6684E-02  7.4139E+00

 PARAMETER: -1.9656E-02 -2.7805E-01  3.4530E-02 -4.2043E-01 -3.3869E+00 -3.1564E-01 -1.7830E-01  5.7935E-01  2.6148E-01  6.1960E-02

 GRADIENT:  -2.1164E+01  2.9769E+01 -3.7386E+01 -2.1376E+00 -2.3248E+01 -2.2735E+01  2.3971E+00  2.3816E+01  4.5125E+01  2.9064E+01


0ITERATION NO.:   20    OBJECTIVE VALUE:   2048.37978075620        NO. OF FUNC. EVALS.:  14
 CUMULATIVE NO. OF FUNC. EVALS.:      264
 NPARAMETR:  5.5995E+00  4.3512E-02  5.8210E+00  1.3491E+01  1.2172E-01 -3.0369E-01  6.4238E-01  9.4171E-02  7.9992E-02  7.7371E+00

 PARAMETER:  7.8711E-02 -5.1398E-01  1.6656E-02 -5.1686E-01 -3.3251E+00 -3.0369E-01 -1.7959E-01  4.1654E-01  1.6671E-01  8.3293E-02

 GRADIENT:   1.2317E+01  2.8166E+01 -1.6670E+02 -3.4488E+00 -1.0234E+02 -2.2201E+01  4.6344E+01  1.2970E+01 -5.4297E+00  1.8759E+01


0ITERATION NO.:   21    OBJECTIVE VALUE:   2044.85630429801        NO. OF FUNC. EVALS.:  12
 CUMULATIVE NO. OF FUNC. EVALS.:      276
 NPARAMETR:  6.5931E+00  2.9171E-02  6.0666E+00  1.1463E+01  1.3558E-01 -3.1846E-01  6.3692E-01  5.3909E-02  5.9798E-02  8.3156E+00

 PARAMETER:  2.4206E-01 -9.1384E-01  6.6340E-02 -6.7976E-01 -3.2173E+00 -3.1846E-01 -1.8812E-01  1.3764E-01  2.1239E-02  1.1934E-01

 GRADIENT:   5.0992E+01  1.1292E+01  4.8059E+01  3.7647E+00  6.3643E+01  1.9210E+00  2.7283E+01 -2.8562E+00 -7.2067E+01  1.6524E+00


0ITERATION NO.:   22    OBJECTIVE VALUE:   2038.85667119662        NO. OF FUNC. EVALS.:  13
 CUMULATIVE NO. OF FUNC. EVALS.:      289
 NPARAMETR:  6.2239E+00  3.2590E-02  5.9688E+00  1.1895E+01  1.3069E-01 -3.0512E-01  6.4343E-01  5.8625E-02  7.7535E-02  7.3916E+00

 PARAMETER:  1.8442E-01 -8.0300E-01  4.6867E-02 -6.4273E-01 -3.2540E+00 -3.0512E-01 -1.7796E-01  1.7957E-01  1.5112E-01  6.0454E-02

 GRADIENT:   3.7112E+01  1.4260E+01  8.2494E+00  3.4803E+00  1.4518E+01  1.3125E+01  1.9555E+01 -3.8651E+00 -1.1678E+01  8.5096E+00


0ITERATION NO.:   23    OBJECTIVE VALUE:   2038.82105659419        NO. OF FUNC. EVALS.:  12
 CUMULATIVE NO. OF FUNC. EVALS.:      301
 NPARAMETR:  6.0073E+00  3.3682E-02  5.9752E+00  1.2303E+01  1.2779E-01 -3.0328E-01  6.4129E-01  6.4713E-02  8.1464E-02  6.9910E+00

 PARAMETER:  1.4901E-01 -7.7006E-01  4.8147E-02 -6.0903E-01 -3.2764E+00 -3.0328E-01 -1.8128E-01  2.2897E-01  1.7583E-01  3.2588E-02

 GRADIENT:   3.8653E+01  1.3786E+01 -2.3021E+01  1.1447E+01 -3.7431E+00 -4.0908E+00  2.4236E+01 -4.6988E-02 -2.3551E+00  1.4526E+00


0ITERATION NO.:   24    OBJECTIVE VALUE:   2038.82105659419        NO. OF FUNC. EVALS.:  24
 CUMULATIVE NO. OF FUNC. EVALS.:      325
 NPARAMETR:  6.0073E+00  3.3682E-02  5.9752E+00  1.2303E+01  1.2779E-01 -3.0328E-01  6.4129E-01  6.4713E-02  8.1464E-02  6.9910E+00

 PARAMETER:  1.4901E-01 -7.7006E-01  4.8147E-02 -6.0903E-01 -3.2764E+00 -3.0328E-01 -1.8128E-01  2.2897E-01  1.7583E-01  3.2588E-02

 GRADIENT:   1.5863E+01  9.2139E+00 -5.7770E+01  5.3652E+00 -3.8089E+01 -1.4693E+01  5.3269E+00 -4.6988E-02 -2.4207E+00  1.4274E+00


0ITERATION NO.:   25    OBJECTIVE VALUE:   2037.45066407213        NO. OF FUNC. EVALS.:  24
 CUMULATIVE NO. OF FUNC. EVALS.:      349
 NPARAMETR:  6.1920E+00  3.0757E-02  6.0462E+00  1.1800E+01  1.3048E-01 -3.0236E-01  6.5240E-01  5.8768E-02  8.3601E-02  6.6539E+00

 PARAMETER:  1.7930E-01 -8.6090E-01  6.2306E-02 -6.5080E-01 -3.2556E+00 -3.0236E-01 -1.6411E-01  1.8079E-01  1.8878E-01  7.8791E-03

 GRADIENT:   2.2917E+01  7.9807E+00 -3.8926E+01  9.8056E-01 -1.6702E+01 -5.8922E+00  1.2485E+01 -1.0112E+00 -2.0601E+00 -5.8184E+00


0ITERATION NO.:   26    OBJECTIVE VALUE:   2036.68690740026        NO. OF FUNC. EVALS.:  21
 CUMULATIVE NO. OF FUNC. EVALS.:      370
 NPARAMETR:  6.0640E+00  2.9903E-02  6.2178E+00  1.1850E+01  1.2774E-01 -3.0285E-01  6.6087E-01  5.7125E-02  8.4337E-02  6.4135E+00

 PARAMETER:  1.5839E-01 -8.8904E-01  9.5747E-02 -6.4657E-01 -3.2768E+00 -3.0285E-01 -1.5121E-01  1.6661E-01  1.9316E-01 -1.0515E-02

 GRADIENT:  -2.8990E+00  1.5713E+00 -1.5279E+01  2.9143E+00 -1.9515E+01  1.2481E+01  2.0199E+00 -2.6620E+00 -1.8394E+00 -1.2152E+01


0ITERATION NO.:   27    OBJECTIVE VALUE:   2036.42320800542        NO. OF FUNC. EVALS.:  21
 CUMULATIVE NO. OF FUNC. EVALS.:      391
 NPARAMETR:  6.1490E+00  2.8943E-02  6.2593E+00  1.1801E+01  1.2972E-01 -3.0902E-01  6.6224E-01  5.4988E-02  8.2320E-02  6.5891E+00

 PARAMETER:  1.7231E-01 -9.2170E-01  1.0368E-01 -6.5065E-01 -3.2615E+00 -3.0902E-01 -1.4914E-01  1.4754E-01  1.8106E-01  2.9887E-03

 GRADIENT:   1.0555E+01 -1.0377E+00  5.4815E+00  6.9341E+00 -6.5331E+00  7.6148E+00 -4.3061E+00 -2.6066E+00 -6.0977E+00 -9.2068E+00


0ITERATION NO.:   28    OBJECTIVE VALUE:   2036.36441317093        NO. OF FUNC. EVALS.:  21
 CUMULATIVE NO. OF FUNC. EVALS.:      412
 NPARAMETR:  6.1460E+00  2.9310E-02  6.2406E+00  1.1787E+01  1.3015E-01 -3.1083E-01  6.6151E-01  5.5464E-02  8.2545E-02  6.7034E+00

 PARAMETER:  1.7183E-01 -9.0910E-01  1.0012E-01 -6.5184E-01 -3.2581E+00 -3.1083E-01 -1.5024E-01  1.5186E-01  1.8242E-01  1.1589E-02

 GRADIENT:   1.8831E+01  2.6678E+00 -8.3691E+00  3.9361E+00 -1.4910E+00  1.2373E+01  1.3417E+01 -1.9539E+00 -3.7526E+00 -5.1274E+00


0ITERATION NO.:   29    OBJECTIVE VALUE:   2036.28206889070        NO. OF FUNC. EVALS.:  21
 CUMULATIVE NO. OF FUNC. EVALS.:      433
 NPARAMETR:  6.1202E+00  2.9802E-02  6.2378E+00  1.1796E+01  1.3019E-01 -3.1411E-01  6.5962E-01  5.6418E-02  8.2642E-02  6.8221E+00

 PARAMETER:  1.6762E-01 -8.9243E-01  9.9587E-02 -6.5108E-01 -3.2578E+00 -3.1411E-01 -1.5310E-01  1.6038E-01  1.8301E-01  2.0362E-02

 GRADIENT:   9.0923E+00  4.7408E+00 -2.5082E+01  9.0776E-01  7.9078E-01  4.5320E+00  6.0707E-01 -1.0670E+00 -1.8719E+00 -1.2157E+00


0ITERATION NO.:   30    OBJECTIVE VALUE:   2036.21616896754        NO. OF FUNC. EVALS.:  21
 CUMULATIVE NO. OF FUNC. EVALS.:      454
 NPARAMETR:  6.0969E+00  3.0082E-02  6.2673E+00  1.1756E+01  1.2988E-01 -3.1759E-01  6.6133E-01  5.6913E-02  8.2877E-02  6.9054E+00

 PARAMETER:  1.6382E-01 -8.8310E-01  1.0519E-01 -6.5454E-01 -3.2602E+00 -3.1759E-01 -1.5052E-01  1.6475E-01  1.8443E-01  2.6434E-02

 GRADIENT:   9.8824E+00  4.6923E+00 -1.5493E+01 -1.7915E+00  6.4661E+00 -7.1745E-01  6.3257E+00 -5.1125E-01 -9.1629E-02  1.8751E+00


0ITERATION NO.:   31    OBJECTIVE VALUE:   2036.12679855099        NO. OF FUNC. EVALS.:  22
 CUMULATIVE NO. OF FUNC. EVALS.:      476
 NPARAMETR:  6.0151E+00  3.0600E-02  6.3252E+00  1.1765E+01  1.2835E-01 -3.2033E-01  6.6532E-01  5.8427E-02  8.3527E-02  6.9407E+00

 PARAMETER:  1.5030E-01 -8.6602E-01  1.1613E-01 -6.5371E-01 -3.2721E+00 -3.2033E-01 -1.4449E-01  1.7787E-01  1.8834E-01  2.8979E-02

 GRADIENT:  -1.1419E+01  3.5743E+00  7.8273E+00 -9.3028E+00  7.4550E+00  4.9259E+00 -2.2077E+00  4.6234E-01  2.7400E+00  4.1640E+00


0ITERATION NO.:   32    OBJECTIVE VALUE:   2036.09925872757        NO. OF FUNC. EVALS.:  21
 CUMULATIVE NO. OF FUNC. EVALS.:      497
 NPARAMETR:  6.0313E+00  3.0364E-02  6.3135E+00  1.1798E+01  1.2868E-01 -3.1950E-01  6.6484E-01  5.8086E-02  8.3323E-02  6.9137E+00

 PARAMETER:  1.5299E-01 -8.7377E-01  1.1393E-01 -6.5092E-01 -3.2695E+00 -3.1950E-01 -1.4522E-01  1.7496E-01  1.8712E-01  2.7032E-02

 GRADIENT:  -3.5243E+00  3.2875E+00 -3.0503E+00 -3.3432E+00  5.8520E+00  1.0135E+01  3.5425E+00  3.6533E-01  1.8964E+00  2.8558E+00


0ITERATION NO.:   33    OBJECTIVE VALUE:   2036.04760674185        NO. OF FUNC. EVALS.:  23
 CUMULATIVE NO. OF FUNC. EVALS.:      520
 NPARAMETR:  6.0668E+00  2.9831E-02  6.3133E+00  1.1808E+01  1.2896E-01 -3.2078E-01  6.6367E-01  5.7854E-02  8.2821E-02  6.8374E+00

 PARAMETER:  1.5887E-01 -8.9146E-01  1.1388E-01 -6.5012E-01 -3.2673E+00 -3.2078E-01 -1.4698E-01  1.7295E-01  1.8409E-01  2.1485E-02

 GRADIENT:   1.4435E+00  2.6915E+00 -1.6126E+01  3.3902E-01  3.2364E+00  3.3683E+00  2.8592E-01  3.9057E-01 -4.4384E-01 -2.6204E-01


0ITERATION NO.:   34    OBJECTIVE VALUE:   2036.04298003251        NO. OF FUNC. EVALS.:  21
 CUMULATIVE NO. OF FUNC. EVALS.:      541
 NPARAMETR:  6.0762E+00  2.9567E-02  6.3223E+00  1.1826E+01  1.2893E-01 -3.2161E-01  6.6406E-01  5.7619E-02  8.2595E-02  6.8101E+00

 PARAMETER:  1.6041E-01 -9.0037E-01  1.1558E-01 -6.4854E-01 -3.2676E+00 -3.2161E-01 -1.4639E-01  1.7092E-01  1.8273E-01  1.9484E-02

 GRADIENT:   7.5213E+00  1.0025E+00 -8.1217E+00  4.9779E+00 -4.7949E-01  1.5114E+00  6.0949E+00  2.5929E-01 -1.3783E+00 -1.7161E+00


0ITERATION NO.:   35    OBJECTIVE VALUE:   2036.02424723832        NO. OF FUNC. EVALS.:  21
 CUMULATIVE NO. OF FUNC. EVALS.:      562
 NPARAMETR:  6.0768E+00  2.9534E-02  6.3235E+00  1.1813E+01  1.2892E-01 -3.2160E-01  6.6397E-01  5.7474E-02  8.2686E-02  6.8063E+00

 PARAMETER:  1.6051E-01 -9.0148E-01  1.1580E-01 -6.4967E-01 -3.2677E+00 -3.2160E-01 -1.4653E-01  1.6965E-01  1.8328E-01  1.9203E-02

 GRADIENT:   1.4475E+01  2.1329E+00 -1.1674E+01  1.6663E+00  1.8764E+00  3.7666E+00  5.7279E+00 -6.0476E-02 -1.2633E+00 -1.0114E+00


0ITERATION NO.:   36    OBJECTIVE VALUE:   2035.92253094883        NO. OF FUNC. EVALS.:  21
 CUMULATIVE NO. OF FUNC. EVALS.:      583
 NPARAMETR:  6.0663E+00  2.9178E-02  6.3450E+00  1.1662E+01  1.2860E-01 -3.2198E-01  6.6327E-01  5.5675E-02  8.4045E-02  6.7721E+00

 PARAMETER:  1.5877E-01 -9.1360E-01  1.1984E-01 -6.6257E-01 -3.2701E+00 -3.2198E-01 -1.4758E-01  1.5376E-01  1.9143E-01  1.6688E-02

 GRADIENT:   8.2999E+00  1.8178E+00 -2.2085E+01  2.1382E+00  8.0894E-01 -1.8561E+00  3.8203E+00 -2.3171E+00  2.6194E+00 -4.8480E-01


0ITERATION NO.:   37    OBJECTIVE VALUE:   2035.90338023977        NO. OF FUNC. EVALS.:  21
 CUMULATIVE NO. OF FUNC. EVALS.:      604
 NPARAMETR:  6.0594E+00  2.8911E-02  6.3652E+00  1.1534E+01  1.2828E-01 -3.2235E-01  6.6269E-01  5.4627E-02  8.4885E-02  6.7439E+00

 PARAMETER:  1.5764E-01 -9.2279E-01  1.2361E-01 -6.7360E-01 -3.2726E+00 -3.2235E-01 -1.4846E-01  1.4425E-01  1.9640E-01  1.4596E-02

 GRADIENT:   4.6025E+00  1.8138E+00 -8.3686E-01 -3.7049E+00  3.6079E+00 -3.2521E+00  3.8452E+00 -3.9891E+00  4.4668E+00 -1.2841E-01


0ITERATION NO.:   38    OBJECTIVE VALUE:   2035.88372870688        NO. OF FUNC. EVALS.:  21
 CUMULATIVE NO. OF FUNC. EVALS.:      625
 NPARAMETR:  6.0588E+00  2.9009E-02  6.3612E+00  1.1555E+01  1.2827E-01 -3.2227E-01  6.6251E-01  5.5299E-02  8.4439E-02  6.7603E+00

 PARAMETER:  1.5754E-01 -9.1941E-01  1.2287E-01 -6.7176E-01 -3.2727E+00 -3.2227E-01 -1.4873E-01  1.5037E-01  1.9377E-01  1.5815E-02

 GRADIENT:   5.8599E+00  2.9356E+00  1.6414E+00 -3.9410E+00  4.7469E+00  3.1434E+00  1.0213E+01 -3.0835E+00  3.7084E+00 -3.7203E-01


0ITERATION NO.:   39    OBJECTIVE VALUE:   2035.84931163614        NO. OF FUNC. EVALS.:  21
 CUMULATIVE NO. OF FUNC. EVALS.:      646
 NPARAMETR:  6.0605E+00  2.9117E-02  6.3539E+00  1.1599E+01  1.2833E-01 -3.2262E-01  6.6154E-01  5.6547E-02  8.3455E-02  6.7986E+00

 PARAMETER:  1.5783E-01 -9.1569E-01  1.2150E-01 -6.6792E-01 -3.2722E+00 -3.2262E-01 -1.5019E-01  1.6153E-01  1.8791E-01  1.8638E-02

 GRADIENT:   6.9585E+00  2.8290E+00 -1.7978E+01  3.9182E-01  3.3000E+00 -1.4236E+00  7.8283E+00 -1.5490E+00  1.0905E+00 -6.1144E-01


0ITERATION NO.:   40    OBJECTIVE VALUE:   2035.80474005524        NO. OF FUNC. EVALS.:  21
 CUMULATIVE NO. OF FUNC. EVALS.:      667
 NPARAMETR:  6.0565E+00  2.9084E-02  6.3588E+00  1.1558E+01  1.2803E-01 -3.2236E-01  6.6012E-01  5.7588E-02  8.2894E-02  6.8090E+00

 PARAMETER:  1.5717E-01 -9.1684E-01  1.2242E-01 -6.7149E-01 -3.2746E+00 -3.2236E-01 -1.5234E-01  1.7065E-01  1.8454E-01  1.9405E-02

 GRADIENT:  -5.5008E+01  1.4494E+01 -5.5899E+02 -6.0441E+01 -2.7488E+02 -9.6013E+02  1.2564E+02  1.4454E+01 -4.0052E+01 -3.2341E+01


0ITERATION NO.:   41    OBJECTIVE VALUE:   2035.71884548979        NO. OF FUNC. EVALS.:  25
 CUMULATIVE NO. OF FUNC. EVALS.:      692
 NPARAMETR:  6.0417E+00  2.8825E-02  6.3783E+00  1.1407E+01  1.2704E-01 -3.2012E-01  6.5444E-01  6.1376E-02  8.0772E-02  6.8431E+00

 PARAMETER:  1.5472E-01 -9.2577E-01  1.2604E-01 -6.8469E-01 -3.2824E+00 -3.2012E-01 -1.6099E-01  2.0250E-01  1.7157E-01  2.1901E-02

 GRADIENT:   1.1251E+01  3.7459E+00 -1.5407E+01  1.5239E+00  6.7617E+00 -1.0549E+00  1.1447E+01  2.7689E+00 -7.2359E+00 -3.4339E+00


0ITERATION NO.:   42    OBJECTIVE VALUE:   2035.56393064150        NO. OF FUNC. EVALS.:  23
 CUMULATIVE NO. OF FUNC. EVALS.:      715
 NPARAMETR:  5.9971E+00  2.8452E-02  6.4276E+00  1.0986E+01  1.2429E-01 -3.1696E-01  6.5060E-01  5.9718E-02  8.3121E-02  6.8311E+00

 PARAMETER:  1.4731E-01 -9.3880E-01  1.3518E-01 -7.2222E-01 -3.3042E+00 -3.1696E-01 -1.6687E-01  1.8881E-01  1.8590E-01  2.1021E-02

 GRADIENT:  -1.7781E+01  3.5166E+00 -5.1303E+00 -7.0249E+00 -7.7401E-01  8.2675E+00 -2.0410E-01 -1.4809E+00  5.5027E-01 -3.1526E-01


0ITERATION NO.:   43    OBJECTIVE VALUE:   2035.51361548399        NO. OF FUNC. EVALS.:  21
 CUMULATIVE NO. OF FUNC. EVALS.:      736
 NPARAMETR:  6.0403E+00  2.8175E-02  6.4134E+00  1.1180E+01  1.2569E-01 -3.2006E-01  6.5266E-01  5.9959E-02  8.2596E-02  6.7870E+00

 PARAMETER:  1.5448E-01 -9.4858E-01  1.3255E-01 -7.0474E-01 -3.2930E+00 -3.2006E-01 -1.6371E-01  1.9082E-01  1.8273E-01  1.7786E-02

 GRADIENT:   7.0428E+00  3.1713E+00 -2.5878E+01  9.0420E-01  5.9922E-02 -7.5498E+00  1.3690E+01  3.5993E-01 -1.7515E+00 -2.5953E+00


0ITERATION NO.:   44    OBJECTIVE VALUE:   2035.47237802928        NO. OF FUNC. EVALS.:  21
 CUMULATIVE NO. OF FUNC. EVALS.:      757
 NPARAMETR:  6.0362E+00  2.8050E-02  6.4237E+00  1.1112E+01  1.2527E-01 -3.1985E-01  6.5151E-01  6.0114E-02  8.2664E-02  6.7918E+00

 PARAMETER:  1.5381E-01 -9.5303E-01  1.3446E-01 -7.1082E-01 -3.2964E+00 -3.1985E-01 -1.6547E-01  1.9211E-01  1.8314E-01  1.8134E-02

 GRADIENT:   1.1716E+01  2.9127E+00 -1.0800E+01  1.9913E+00  1.9656E+00  1.5595E+01  7.9272E+00 -6.1418E-02 -5.2453E-01 -2.1322E+00


0ITERATION NO.:   45    OBJECTIVE VALUE:   2035.30254194525        NO. OF FUNC. EVALS.:  24
 CUMULATIVE NO. OF FUNC. EVALS.:      781
 NPARAMETR:  5.9884E+00  2.6924E-02  6.5062E+00  1.0624E+01  1.2358E-01 -3.2234E-01  6.4371E-01  6.1109E-02  8.2415E-02  7.0136E+00

 PARAMETER:  1.4586E-01 -9.9401E-01  1.4955E-01 -7.5572E-01 -3.3099E+00 -3.2234E-01 -1.7752E-01  2.0032E-01  1.8164E-01  3.4202E-02

 GRADIENT:  -1.3468E+00  6.7936E+00 -1.7122E+01 -8.1699E+00  1.0991E+01  3.9159E+00  1.6557E+01 -2.3647E-01  1.2137E+00  4.2325E+00


0ITERATION NO.:   46    OBJECTIVE VALUE:   2035.29609529032        NO. OF FUNC. EVALS.:  21
 CUMULATIVE NO. OF FUNC. EVALS.:      802
 NPARAMETR:  5.9792E+00  2.6529E-02  6.5304E+00  1.0489E+01  1.2309E-01 -3.2308E-01  6.4135E-01  6.1550E-02  8.2335E-02  7.0531E+00

 PARAMETER:  1.4432E-01 -1.0088E+00  1.5394E-01 -7.6853E-01 -3.3139E+00 -3.2308E-01 -1.8119E-01  2.0392E-01  1.8115E-01  3.7014E-02

 GRADIENT:  -3.7294E+00  4.6655E+00 -1.0839E+01 -1.1637E+01  1.7499E+01  1.5852E+01  1.6097E+01 -2.6126E-01  2.2247E+00  5.3827E+00


0ITERATION NO.:   47    OBJECTIVE VALUE:   2035.25206031438        NO. OF FUNC. EVALS.:  22
 CUMULATIVE NO. OF FUNC. EVALS.:      824
 NPARAMETR:  5.9775E+00  2.6301E-02  6.5506E+00  1.0416E+01  1.2266E-01 -3.2394E-01  6.3886E-01  6.2135E-02  8.1856E-02  7.1037E+00

 PARAMETER:  1.4404E-01 -1.0174E+00  1.5758E-01 -7.7550E-01 -3.3174E+00 -3.2394E-01 -1.8507E-01  2.0864E-01  1.7823E-01  4.0586E-02

 GRADIENT:  -3.1396E-01  5.0822E+00 -9.2286E+00 -9.9106E+00  1.6211E+01  8.0767E+00  8.9542E+00  1.2269E-01  1.2929E+00  6.0427E+00


0ITERATION NO.:   48    OBJECTIVE VALUE:   2035.03744852419        NO. OF FUNC. EVALS.:  24
 CUMULATIVE NO. OF FUNC. EVALS.:      848
 NPARAMETR:  5.9707E+00  2.4093E-02  6.7024E+00  9.7812E+00  1.1884E-01 -3.2790E-01  6.2430E-01  6.4010E-02  8.1283E-02  7.1517E+00

 PARAMETER:  1.4289E-01 -1.1051E+00  1.8457E-01 -8.3841E-01 -3.3491E+00 -3.2790E-01 -2.0813E-01  2.2351E-01  1.7472E-01  4.3957E-02

 GRADIENT:  -1.9302E+01  3.0231E+00  1.8008E+00 -8.3863E+00  1.4632E+01  2.0236E+01 -1.0830E+00 -9.4761E-01  1.9665E+00  6.0902E+00


0ITERATION NO.:   49    OBJECTIVE VALUE:   2034.92054117763        NO. OF FUNC. EVALS.:  21
 CUMULATIVE NO. OF FUNC. EVALS.:      869
 NPARAMETR:  6.0126E+00  2.2484E-02  6.7938E+00  9.5006E+00  1.1707E-01 -3.3217E-01  6.1735E-01  6.4803E-02  8.1607E-02  7.0064E+00

 PARAMETER:  1.4989E-01 -1.1742E+00  2.0047E-01 -8.6752E-01 -3.3640E+00 -3.3217E-01 -2.1933E-01  2.2966E-01  1.7671E-01  3.3689E-02

 GRADIENT:  -7.9648E+00 -2.2758E-01  1.9467E+01 -3.2714E+00  8.7719E+00  2.4088E+01 -3.0873E+00 -1.3742E+00  2.7993E+00  1.6287E+00


0ITERATION NO.:   50    OBJECTIVE VALUE:   2034.85059512952        NO. OF FUNC. EVALS.:  21
 CUMULATIVE NO. OF FUNC. EVALS.:      890
 NPARAMETR:  6.0257E+00  2.3282E-02  6.7223E+00  9.7947E+00  1.1873E-01 -3.3037E-01  6.2347E-01  6.4387E-02  8.1504E-02  6.9524E+00

 PARAMETER:  1.5207E-01 -1.1393E+00  1.8806E-01 -8.3703E-01 -3.3499E+00 -3.3037E-01 -2.0947E-01  2.2644E-01  1.7608E-01  2.9823E-02

 GRADIENT:  -9.0767E+00 -2.4606E+00  2.6060E+01 -2.0148E+00  7.4879E+00  2.4891E+01 -5.5066E+00 -4.2619E-01  1.1372E+00  2.5587E-01


0ITERATION NO.:   51    OBJECTIVE VALUE:   2034.83100288616        NO. OF FUNC. EVALS.:  21
 CUMULATIVE NO. OF FUNC. EVALS.:      911
 NPARAMETR:  6.0252E+00  2.3471E-02  6.7093E+00  9.8457E+00  1.1903E-01 -3.2997E-01  6.2467E-01  6.4146E-02  8.1579E-02  6.9516E+00

 PARAMETER:  1.5199E-01 -1.1312E+00  1.8578E-01 -8.3185E-01 -3.3475E+00 -3.2997E-01 -2.0753E-01  2.2457E-01  1.7654E-01  2.9763E-02

 GRADIENT:  -4.6536E+00 -1.9033E-01  7.4905E+00 -2.6957E+00  6.7832E+00  1.8625E+01  7.0791E+00 -4.2735E-01  1.2100E+00  4.0581E-01


0ITERATION NO.:   52    OBJECTIVE VALUE:   2034.83073557670        NO. OF FUNC. EVALS.:  21
 CUMULATIVE NO. OF FUNC. EVALS.:      932
 NPARAMETR:  6.0312E+00  2.3453E-02  6.7096E+00  9.8634E+00  1.1905E-01 -3.3025E-01  6.2429E-01  6.4362E-02  8.1370E-02  6.9522E+00

 PARAMETER:  1.5297E-01 -1.1320E+00  1.8584E-01 -8.3005E-01 -3.3473E+00 -3.3025E-01 -2.0815E-01  2.2625E-01  1.7525E-01  2.9810E-02

 GRADIENT:   2.4283E+00 -2.8330E-01  1.7965E+01 -6.7169E-02  6.3054E+00  1.8931E+01  3.2884E+00 -1.6296E-01  7.3630E-01  1.6201E-01


0ITERATION NO.:   53    OBJECTIVE VALUE:   2034.82854934599        NO. OF FUNC. EVALS.:  22
 CUMULATIVE NO. OF FUNC. EVALS.:      954
 NPARAMETR:  6.0312E+00  2.3457E-02  6.7093E+00  9.8648E+00  1.1905E-01 -3.3024E-01  6.2426E-01  6.4392E-02  8.1347E-02  6.9531E+00

 PARAMETER:  1.5298E-01 -1.1318E+00  1.8578E-01 -8.2990E-01 -3.3473E+00 -3.3024E-01 -2.0820E-01  2.2648E-01  1.7511E-01  2.9871E-02

 GRADIENT:   1.5684E+00 -8.4786E-01  9.5322E+00  1.2633E-02  5.9162E+00  1.8862E+01  3.2057E+00 -1.3213E-01  6.7309E-01  1.3695E-01


0ITERATION NO.:   54    OBJECTIVE VALUE:   2034.79824826241        NO. OF FUNC. EVALS.:  39
 CUMULATIVE NO. OF FUNC. EVALS.:      993             RESET HESSIAN, TYPE I
 NPARAMETR:  6.0117E+00  2.3390E-02  6.7091E+00  9.8485E+00  1.1825E-01 -3.3156E-01  6.2422E-01  6.4394E-02  8.1351E-02  6.9537E+00

 PARAMETER:  1.4974E-01 -1.1347E+00  1.8575E-01 -8.3156E-01 -3.3540E+00 -3.3156E-01 -2.0827E-01  2.2650E-01  1.7514E-01  2.9918E-02

 GRADIENT:   3.2342E+01  1.9261E+00  2.3230E+01  5.4802E+00  2.7350E+01  2.0920E+01  1.8376E+01 -7.7130E-01  8.9610E-01  6.7813E-02


0ITERATION NO.:   55    OBJECTIVE VALUE:   2034.79824826241        NO. OF FUNC. EVALS.:  21
 CUMULATIVE NO. OF FUNC. EVALS.:     1014
 NPARAMETR:  6.0117E+00  2.3390E-02  6.7091E+00  9.8485E+00  1.1825E-01 -3.3156E-01  6.2422E-01  6.4394E-02  8.1351E-02  6.9537E+00

 PARAMETER:  1.4974E-01 -1.1347E+00  1.8575E-01 -8.3156E-01 -3.3540E+00 -3.3156E-01 -2.0827E-01  2.2650E-01  1.7514E-01  2.9918E-02

 GRADIENT:   1.3466E+01 -1.8376E+00  4.3152E+00  1.8964E+00 -1.2908E+00  1.2025E+01  8.7578E+00 -7.7130E-01  8.3049E-01  4.3045E-02


0ITERATION NO.:   56    OBJECTIVE VALUE:   2034.78521866934        NO. OF FUNC. EVALS.:  21
 CUMULATIVE NO. OF FUNC. EVALS.:     1035
 NPARAMETR:  6.0058E+00  2.3428E-02  6.7089E+00  9.8457E+00  1.1855E-01 -3.3248E-01  6.2411E-01  6.4396E-02  8.1349E-02  6.9537E+00

 PARAMETER:  1.4875E-01 -1.1331E+00  1.8570E-01 -8.3184E-01 -3.3515E+00 -3.3248E-01 -2.0843E-01  2.2652E-01  1.7512E-01  2.9917E-02

 GRADIENT:   6.7244E+00  1.7243E+00 -7.1639E-01  5.8724E-01  2.5613E+00  1.3342E+01  1.0237E+01 -5.2900E-01  5.3806E-01 -3.9167E-02


0ITERATION NO.:   57    OBJECTIVE VALUE:   2034.78076376333        NO. OF FUNC. EVALS.:  21
 CUMULATIVE NO. OF FUNC. EVALS.:     1056
 NPARAMETR:  6.0042E+00  2.3432E-02  6.7088E+00  9.8450E+00  1.1854E-01 -3.3279E-01  6.2408E-01  6.4397E-02  8.1348E-02  6.9537E+00

 PARAMETER:  1.4848E-01 -1.1329E+00  1.8569E-01 -8.3191E-01 -3.3516E+00 -3.3279E-01 -2.0849E-01  2.2652E-01  1.7512E-01  2.9917E-02

 GRADIENT:   7.4390E+00  1.1267E+00 -4.8703E+00  1.7903E-01  2.9818E+00  1.5859E+01  1.4518E+00 -5.5944E-01  5.3912E-01 -3.6647E-02


0ITERATION NO.:   58    OBJECTIVE VALUE:   2034.77623760961        NO. OF FUNC. EVALS.:  21
 CUMULATIVE NO. OF FUNC. EVALS.:     1077
 NPARAMETR:  6.0019E+00  2.3439E-02  6.7088E+00  9.8441E+00  1.1853E-01 -3.3325E-01  6.2404E-01  6.4398E-02  8.1347E-02  6.9537E+00

 PARAMETER:  1.4811E-01 -1.1326E+00  1.8568E-01 -8.3200E-01 -3.3517E+00 -3.3325E-01 -2.0855E-01  2.2653E-01  1.7511E-01  2.9917E-02

 GRADIENT:   1.0966E+01  1.9645E+00 -2.2919E+01 -1.8155E+00 -8.6985E+00  1.2847E+01  6.7442E+00 -5.3770E-01 -6.6042E-01 -1.5721E-01


0ITERATION NO.:   59    OBJECTIVE VALUE:   2034.76501126545        NO. OF FUNC. EVALS.:  21
 CUMULATIVE NO. OF FUNC. EVALS.:     1098
 NPARAMETR:  5.9674E+00  2.3533E-02  6.7082E+00  9.8308E+00  1.1856E-01 -3.4020E-01  6.2342E-01  6.4412E-02  8.1331E-02  6.9537E+00

 PARAMETER:  1.4234E-01 -1.1286E+00  1.8559E-01 -8.3335E-01 -3.3515E+00 -3.4020E-01 -2.0955E-01  2.2664E-01  1.7502E-01  2.9917E-02

 GRADIENT:  -2.5497E+01  1.3237E+00 -2.7239E+00 -5.5108E+00  5.4334E+00  9.9372E+00  2.5462E+00 -7.6763E-01 -6.5568E-01 -3.1611E-01


0ITERATION NO.:   60    OBJECTIVE VALUE:   2034.74037711060        NO. OF FUNC. EVALS.:  22
 CUMULATIVE NO. OF FUNC. EVALS.:     1120
 NPARAMETR:  5.9741E+00  2.3513E-02  6.7085E+00  9.8344E+00  1.1855E-01 -3.3929E-01  6.2351E-01  6.4411E-02  8.1334E-02  6.9537E+00

 PARAMETER:  1.4347E-01 -1.1295E+00  1.8563E-01 -8.3299E-01 -3.3515E+00 -3.3929E-01 -2.0940E-01  2.2663E-01  1.7503E-01  2.9917E-02

 GRADIENT:  -1.5645E+01 -1.7227E-01 -1.4661E+01 -7.3588E+00 -6.6154E+00 -4.0808E+00  4.3617E+00 -5.7240E-01 -1.4882E+00 -1.3359E+00


0ITERATION NO.:   61    OBJECTIVE VALUE:   2034.73644964132        NO. OF FUNC. EVALS.:  22
 CUMULATIVE NO. OF FUNC. EVALS.:     1142
 NPARAMETR:  5.9757E+00  2.3509E-02  6.7085E+00  9.8352E+00  1.1855E-01 -3.3897E-01  6.2354E-01  6.4410E-02  8.1335E-02  6.9537E+00

 PARAMETER:  1.4374E-01 -1.1296E+00  1.8563E-01 -8.3291E-01 -3.3515E+00 -3.3897E-01 -2.0935E-01  2.2662E-01  1.7504E-01  2.9918E-02

 GRADIENT:  -1.3467E+01  1.3390E+00 -3.1919E+01 -9.4236E+00 -2.1190E+01 -2.4273E+00  1.0128E+01 -5.0520E-01 -2.9725E+00 -8.4942E-01


0ITERATION NO.:   62    OBJECTIVE VALUE:   2034.73442511160        NO. OF FUNC. EVALS.:  21
 CUMULATIVE NO. OF FUNC. EVALS.:     1163
 NPARAMETR:  5.9782E+00  2.3503E-02  6.7085E+00  9.8365E+00  1.1856E-01 -3.3854E-01  6.2358E-01  6.4409E-02  8.1336E-02  6.9537E+00

 PARAMETER:  1.4416E-01 -1.1299E+00  1.8564E-01 -8.3278E-01 -3.3514E+00 -3.3854E-01 -2.0929E-01  2.2662E-01  1.7505E-01  2.9918E-02

 GRADIENT:  -1.0244E+01  2.5774E-01  1.0267E+01 -2.9396E+00  6.4458E+00  8.5644E+00  2.3117E+00 -6.5177E-01 -1.1865E-01 -2.3830E-01


0ITERATION NO.:   63    OBJECTIVE VALUE:   2034.73442511160        NO. OF FUNC. EVALS.:  25
 CUMULATIVE NO. OF FUNC. EVALS.:     1188
 NPARAMETR:  5.9785E+00  2.3503E-02  6.7085E+00  9.8352E+00  1.1850E-01 -3.3888E-01  6.2359E-01  6.4408E-02  8.1336E-02  6.9544E+00

 PARAMETER:  1.4416E-01 -1.1299E+00  1.8564E-01 -8.3278E-01 -3.3514E+00 -3.3854E-01 -2.0929E-01  2.2662E-01  1.7505E-01  2.9918E-02

 GRADIENT:  -1.6038E+01  4.3521E-01  3.7214E+00  6.8641E+00  2.7960E+00  6.9271E+00 -2.1134E+01  2.5002E+00  3.4111E-01 -2.0894E+01

 NUMSIGDIG:         3.2         4.5         4.2         3.5         3.5         2.7         3.8         4.3         5.2         2.9


 #TERM:
0MINIMIZATION TERMINATED
 DUE TO ROUNDING ERRORS (ERROR=134)
 NO. OF FUNCTION EVALUATIONS USED:     1188
 NO. OF SIG. DIGITS IN FINAL EST.:  2.7

 ETABAR IS THE ARITHMETIC MEAN OF THE ETA-ESTIMATES,
 AND THE P-VALUE IS GIVEN FOR THE NULL HYPOTHESIS THAT THE TRUE MEAN IS 0.

 ETABAR:         6.1827E-03  0.0000E+00  0.0000E+00
 SE:             3.7014E-02  0.0000E+00  0.0000E+00
 N:                      43          43          43

 P VAL.:         8.6734E-01  1.0000E+00  1.0000E+00

 ETAshrink(%):   3.2310E+00  1.0000E+02  1.0000E+02
 EBVshrink(%):   3.9489E+00  0.0000E+00  0.0000E+00
 EPSshrink(%):   4.3089E+00  4.3089E+00

 #TERE:
 Elapsed estimation time in seconds:   193.09
1
 
 
 
 
 
 
 
 
 
 
 
 
 
 
 
 
 
 
 
 
 ************************************************************************************************************************
 ********************                                                                                ********************
 ********************               FIRST ORDER CONDITIONAL ESTIMATION WITH INTERACTION              ********************
 #OBJT:**************                       MINIMUM VALUE OF OBJECTIVE FUNCTION                      ********************
 ********************                                                                                ********************
 ************************************************************************************************************************
 





 #OBJV:********************************************     2034.734       **************************************************
1
 ************************************************************************************************************************
 ********************                                                                                ********************
 ********************               FIRST ORDER CONDITIONAL ESTIMATION WITH INTERACTION              ********************
 ********************                             FINAL PARAMETER ESTIMATE                           ********************
 ********************                                                                                ********************
 ************************************************************************************************************************
 


 THETA - VECTOR OF FIXED EFFECTS PARAMETERS   *********


         TH 1      TH 2      TH 3      TH 4      TH 5      TH 6      TH 7      TH 8      TH 9      TH10      TH11      TH12     
          TH13      TH14      TH15      TH16      TH17      TH18      TH19     
 
         5.98E+00  2.35E-02  1.12E+00  8.81E-02  7.00E-01  8.73E-01  1.20E+00  4.17E-01  3.02E-01  1.54E+00  8.92E-01  2.49E-01
          3.31E+01  6.71E+00  9.84E+00  1.19E-01 -3.39E-01  6.24E-01  1.00E+00
 


 OMEGA - COV MATRIX FOR RANDOM EFFECTS - ETAS  ********


            ETA1      ETA2      ETA3   
 
 ETA1
+        6.44E-02
 
 ETA2
+        0.00E+00  0.00E+00
 
 ETA3
+        0.00E+00  0.00E+00  0.00E+00
 


 SIGMA - COV MATRIX FOR RANDOM EFFECTS - EPSILONS  ****


            EPS1      EPS2   
 
 EPS1
+        8.13E-02
 
 EPS2
+        0.00E+00  6.95E+00
 
1


 OMEGA - CORR MATRIX FOR RANDOM EFFECTS - ETAS  *******


            ETA1      ETA2      ETA3   
 
 ETA1
+        2.54E-01
 
 ETA2
+        0.00E+00  0.00E+00
 
 ETA3
+        0.00E+00  0.00E+00  0.00E+00
 


 SIGMA - CORR MATRIX FOR RANDOM EFFECTS - EPSILONS  ***


            EPS1      EPS2   
 
 EPS1
+        2.85E-01
 
 EPS2
+        0.00E+00  2.64E+00
 
 #CPUT: Total CPU Time in Seconds,      193.703
Stop Time:
Wed Mar 22 21:05:23 CET 2017
