31.05.2016 
12:09
; Script generated by the pharmML2Nmtran Converter v.0.3.0
; Source	: PharmML 0.6.1
; Target	: NMTRAN 7.3.0
; Model 	: Executable_sibrotuzumab
; Dated 	: Tue May 31 12:09:01 CEST 2016
$PROBLEM    "generated by MDL2PharmML v.6.0"
$INPUT      ID TIME=TIME WT AMT RATE DV MDV
$DATA      Simulated_sibrotuzumab.csv IGNORE=@
$SUBROUTINE ADVAN13 TOL=9
$MODEL      COMP (COMP1) ;AC
            COMP (COMP2) ;AP
$PK  
POP_CLL = THETA(1)
POP_V1 = THETA(2)
POP_V2 = THETA(3)
POP_Q = THETA(4)
POP_VMAX = THETA(5)
POP_KM = THETA(6)
BETA_CLL_WT = THETA(7)
BETA_V1_WT = THETA(8)
BETA_V2_WT = THETA(9)
BETA_VMAX_WT = THETA(10)
RUV_PROP = THETA(11)
RUV_ADD = THETA(12)

ETA_CLL =  ETA(1)
ETA_V1 =  ETA(2)
ETA_V2 =  ETA(3)
ETA_VMAX =  ETA(4)

CLL_WT = (POP_CLL*(1+(BETA_CLL_WT*(WT-75)))) 
V1_WT = (POP_V1*(1+(BETA_V1_WT*(WT-75)))) 
V2_WT = (POP_V2*(1+(BETA_V2_WT*(WT-75)))) 
VMAX_WT = (POP_VMAX*(1+(BETA_VMAX_WT*(WT-75)))) 

CLL = (CLL_WT*EXP(ETA_CLL))

V1 = (V1_WT*EXP(ETA_V1))

V2 = (V2_WT*EXP(ETA_V2))

VMAX = (VMAX_WT*EXP(ETA_VMAX))

KM = POP_KM

Q = POP_Q

A_0(1) = 0
A_0(2) = 0

$DES  
AC_DES = A(1)
AP_DES = A(2)
CC_DES = (AC_DES/V1)
CP_DES = (AP_DES/V2)
DADT(1) = (((Q*(CP_DES-CC_DES))-(CLL*CC_DES))-((VMAX*CC_DES)/(KM+CC_DES)))
DADT(2) = (Q*(CC_DES-CP_DES))

$ERROR  
AC = A(1)
AP = A(2)
CC = (AC/V1)
CP = (AP/V2)
IPRED = CC
W = RUV_ADD+RUV_PROP*IPRED
Y = IPRED+W*EPS(1)
IRES = DV - IPRED
IWRES = IRES/W

$THETA  (0.001,0.0221) ; POP_CLL
 (0.001,4.13) ; POP_V1
 (0.001,3.19) ; POP_V2
 (0.001,0.0376) ; POP_Q
 (0.001,0.0338) ; POP_VMAX
 (0.001,8.0) ; POP_KM
 0.0182 ; BETA_CLL_WT
 0.0125 ; BETA_V1_WT
 0.0105 ; BETA_V2_WT
 0.00934 ; BETA_VMAX_WT
 (0.001,0.0491) ; RUV_PROP
 (0.001,0.093) ; RUV_ADD
$OMEGA  0.57  STANDARD  ;    PPV_CLL
 0.2  STANDARD  ;     PPV_V1
 0.2  STANDARD  ;     PPV_V2
 0.29  FIX  STANDARD  ;   PPV_VMAX
$SIGMA  1.0  FIX
$SIMULATION (706122692) ONLYSIMULATION NSUBPROBLEMS=20
$TABLE      ID MDV TIME DV ONEHEADER NOPRINT NOAPPEND FILE=npctab.dta

  
NM-TRAN MESSAGES 
  
 WARNINGS AND ERRORS (IF ANY) FOR PROBLEM    1
             
 (WARNING  2) NM-TRAN INFERS THAT THE DATA ARE POPULATION.
  
License Registered to: Freie Universitaet Berlin
Expiration Date:    14 JAN 2019
Current Date:       31 MAY 2016
Days until program expires : 958
1NONLINEAR MIXED EFFECTS MODEL PROGRAM (NONMEM) VERSION 7.3.0
 ORIGINALLY DEVELOPED BY STUART BEAL, LEWIS SHEINER, AND ALISON BOECKMANN
 CURRENT DEVELOPERS ARE ROBERT BAUER, ICON DEVELOPMENT SOLUTIONS,
 AND ALISON BOECKMANN. IMPLEMENTATION, EFFICIENCY, AND STANDARDIZATION
 PERFORMED BY NOUS INFOSYSTEMS.

 PROBLEM NO.:         1
 "generated by MDL2PharmML v.6.0"
0DATA CHECKOUT RUN:              NO
 DATA SET LOCATED ON UNIT NO.:    2
 THIS UNIT TO BE REWOUND:        NO
 NO. OF DATA RECS IN DATA SET:      180
 NO. OF DATA ITEMS IN DATA SET:   8
 ID DATA ITEM IS DATA ITEM NO.:   1
 DEP VARIABLE IS DATA ITEM NO.:   6
 MDV DATA ITEM IS DATA ITEM NO.:  7
0INDICES PASSED TO SUBROUTINE PRED:
   8   2   4   5   0   0   0   0   0   0   0
0LABELS FOR DATA ITEMS:
 ID TIME WT AMT RATE DV MDV EVID
0FORMAT FOR DATA:
 (7E4.0,1F2.0)

 TOT. NO. OF OBS RECS:      160
 TOT. NO. OF INDIVIDUALS:     20
0LENGTH OF THETA:  12
0DEFAULT THETA BOUNDARY TEST OMITTED:    NO
0OMEGA HAS BLOCK FORM:
  1
  0  2
  0  0  3
  0  0  0  4
0DEFAULT OMEGA BOUNDARY TEST OMITTED:    NO
0SIGMA HAS SIMPLE DIAGONAL FORM WITH DIMENSION:   1
0DEFAULT SIGMA BOUNDARY TEST OMITTED:    NO
0INITIAL ESTIMATE OF THETA:
 LOWER BOUND    INITIAL EST    UPPER BOUND
  0.1000E-02     0.2210E-01     0.1000E+07
  0.1000E-02     0.4130E+01     0.1000E+07
  0.1000E-02     0.3190E+01     0.1000E+07
  0.1000E-02     0.3760E-01     0.1000E+07
  0.1000E-02     0.3380E-01     0.1000E+07
  0.1000E-02     0.8000E+01     0.1000E+07
 -0.1000E+07     0.1820E-01     0.1000E+07
 -0.1000E+07     0.1250E-01     0.1000E+07
 -0.1000E+07     0.1050E-01     0.1000E+07
 -0.1000E+07     0.9340E-02     0.1000E+07
  0.1000E-02     0.4910E-01     0.1000E+07
  0.1000E-02     0.9300E-01     0.1000E+07
0INITIAL ESTIMATE OF OMEGA:
 BLOCK SET NO.   BLOCK                                                                    FIXED
        1                                                                                   NO
                  0.3249E+00
        2                                                                                   NO
                  0.4000E-01
        3                                                                                   NO
                  0.4000E-01
        4                                                                                  YES
                  0.8410E-01
0INITIAL ESTIMATE OF SIGMA:
 0.1000E+01
0SIGMA CONSTRAINED TO BE THIS INITIAL ESTIMATE
0SIMULATION STEP OMITTED:    NO
 OBJ FUNC EVALUATED:         NO
0SIMULATION RANDOM METHOD SELECTED (RANMETHOD): DEFAULT
 SOURCE   1:
   SEED1:     706122692   SEED2:             0   PSEUDO-NORMAL
 NUMBER OF SUBPROBLEMS:   20
0TABLES STEP OMITTED:    NO
 NO. OF TABLES:           1
 SEED NUMBER (SEED):    11456
 RANMETHOD:
 MC SAMPLES (ESEED):    300
 WRES SQUARE ROOT TYPE:            EIGENVALUE
0-- TABLE   1 --
04 COLUMNS APPENDED:     NO
 PRINTED:                NO
 HEADER:                YES
 FILE TO BE FORWARDED:   NO
 FORMAT:                S1PE11.4
 LFORMAT:
 RFORMAT:
0USER-CHOSEN ITEMS:
 ID MDV TIME DV
1DOUBLE PRECISION PREDPP VERSION 7.3.0

 GENERAL NONLINEAR KINETICS MODEL USING LSODA (ADVAN13)
0MODEL SUBROUTINE USER-SUPPLIED - ID NO. 9999
0MAXIMUM NO. OF BASIC PK PARAMETERS:   6
0COMPARTMENT ATTRIBUTES
 COMPT. NO.   FUNCTION   INITIAL    ON/OFF      DOSE      DEFAULT    DEFAULT
                         STATUS     ALLOWED    ALLOWED    FOR DOSE   FOR OBS.
    1         COMP1        ON         YES        YES        YES        YES
    2         COMP2        ON         YES        YES        NO         NO
    3         OUTPUT       OFF        YES        NO         NO         NO
0NRD VALUE(S) FROM SUBROUTINE TOL:   9
1
 ADDITIONAL PK PARAMETERS - ASSIGNMENT OF ROWS IN GG
 COMPT. NO.                             INDICES
              SCALE      BIOAVAIL.   ZERO-ORDER  ZERO-ORDER  ABSORB
                         FRACTION    RATE        DURATION    LAG
    1            *           *           *           *           *
    2            *           *           *           *           *
    3            *           -           -           -           -
             - PARAMETER IS NOT ALLOWED FOR THIS MODEL
             * PARAMETER IS NOT SUPPLIED BY PK SUBROUTINE;
               WILL DEFAULT TO ONE IF APPLICABLE
0DATA ITEM INDICES USED BY PRED ARE:
   EVENT ID DATA ITEM IS DATA ITEM NO.:      8
   TIME DATA ITEM IS DATA ITEM NO.:          2
   DOSE AMOUNT DATA ITEM IS DATA ITEM NO.:   4
   DOSE RATE DATA ITEM IS DATA ITEM NO.:     5

0PK SUBROUTINE CALLED WITH EVERY EVENT RECORD.
 PK SUBROUTINE NOT CALLED AT NONEVENT (ADDITIONAL OR LAGGED) DOSE TIMES.
0PK SUBROUTINE INDICATES THAT COMPARTMENT AMOUNTS ARE INITIALIZED.
0ERROR SUBROUTINE CALLED WITH EVERY EVENT RECORD.
0ERROR SUBROUTINE INDICATES THAT DERIVATIVES OF COMPARTMENT AMOUNTS ARE USED.
0DES SUBROUTINE USES FULL STORAGE MODE.
1
 PROBLEM NO.:         1     SUBPROBLEM NO.:      1

 SIMULATION STEP PERFORMED
 SOURCE  1:
    SEED1:     431260809   SEED2:             0
 ESTIMATION STEP OMITTED:                 YES 
  
1
 PROBLEM NO.:         1     SUBPROBLEM NO.:      2

 SIMULATION STEP PERFORMED
 SOURCE  1:
    SEED1:     101092568   SEED2:             0
 ESTIMATION STEP OMITTED:                 YES 
  
1
 PROBLEM NO.:         1     SUBPROBLEM NO.:      3

 SIMULATION STEP PERFORMED
 SOURCE  1:
    SEED1:    1245797001   SEED2:             0
 ESTIMATION STEP OMITTED:                 YES 
  
1
 PROBLEM NO.:         1     SUBPROBLEM NO.:      4

 SIMULATION STEP PERFORMED
 SOURCE  1:
    SEED1:    1915198095   SEED2:             0
 ESTIMATION STEP OMITTED:                 YES 
  
1
 PROBLEM NO.:         1     SUBPROBLEM NO.:      5

 SIMULATION STEP PERFORMED
 SOURCE  1:
    SEED1:    1085888610   SEED2:             0
 ESTIMATION STEP OMITTED:                 YES 
  
1
 PROBLEM NO.:         1     SUBPROBLEM NO.:      6

 SIMULATION STEP PERFORMED
 SOURCE  1:
    SEED1:    1513704000   SEED2:             0
 ESTIMATION STEP OMITTED:                 YES 
  
1
 PROBLEM NO.:         1     SUBPROBLEM NO.:      7

 SIMULATION STEP PERFORMED
 SOURCE  1:
    SEED1:    1730745301   SEED2:             0
 ESTIMATION STEP OMITTED:                 YES 
  
1
 PROBLEM NO.:         1     SUBPROBLEM NO.:      8

 SIMULATION STEP PERFORMED
 SOURCE  1:
    SEED1:    1525759142   SEED2:             0
 ESTIMATION STEP OMITTED:                 YES 
  
1
 PROBLEM NO.:         1     SUBPROBLEM NO.:      9

 SIMULATION STEP PERFORMED
 SOURCE  1:
    SEED1:     492065122   SEED2:             0
 ESTIMATION STEP OMITTED:                 YES 
  
1
 PROBLEM NO.:         1     SUBPROBLEM NO.:     10

 SIMULATION STEP PERFORMED
 SOURCE  1:
    SEED1:     474154358   SEED2:             0
 ESTIMATION STEP OMITTED:                 YES 
  
1
 PROBLEM NO.:         1     SUBPROBLEM NO.:     11

 SIMULATION STEP PERFORMED
 SOURCE  1:
    SEED1:     317663255   SEED2:             0
 ESTIMATION STEP OMITTED:                 YES 
  
1
 PROBLEM NO.:         1     SUBPROBLEM NO.:     12

 SIMULATION STEP PERFORMED
 SOURCE  1:
    SEED1:    1244102503   SEED2:             0
 ESTIMATION STEP OMITTED:                 YES 
  
1
 PROBLEM NO.:         1     SUBPROBLEM NO.:     13

 SIMULATION STEP PERFORMED
 SOURCE  1:
    SEED1:     168084340   SEED2:             0
 ESTIMATION STEP OMITTED:                 YES 
  
1
 PROBLEM NO.:         1     SUBPROBLEM NO.:     14

 SIMULATION STEP PERFORMED
 SOURCE  1:
    SEED1:    1003275059   SEED2:             0
 ESTIMATION STEP OMITTED:                 YES 
  
1
 PROBLEM NO.:         1     SUBPROBLEM NO.:     15

 SIMULATION STEP PERFORMED
 SOURCE  1:
    SEED1:     651995838   SEED2:             0
 ESTIMATION STEP OMITTED:                 YES 
  
1
 PROBLEM NO.:         1     SUBPROBLEM NO.:     16

 SIMULATION STEP PERFORMED
 SOURCE  1:
    SEED1:    1034170572   SEED2:             0
 ESTIMATION STEP OMITTED:                 YES 
  
1
 PROBLEM NO.:         1     SUBPROBLEM NO.:     17

 SIMULATION STEP PERFORMED
 SOURCE  1:
    SEED1:    1234635233   SEED2:             0
 ESTIMATION STEP OMITTED:                 YES 
  
1
 PROBLEM NO.:         1     SUBPROBLEM NO.:     18

 SIMULATION STEP PERFORMED
 SOURCE  1:
    SEED1:     520504171   SEED2:             0
 ESTIMATION STEP OMITTED:                 YES 
  
1
 PROBLEM NO.:         1     SUBPROBLEM NO.:     19

 SIMULATION STEP PERFORMED
 SOURCE  1:
    SEED1:     361585102   SEED2:             0
 ESTIMATION STEP OMITTED:                 YES 
  
1
 PROBLEM NO.:         1     SUBPROBLEM NO.:     20

 SIMULATION STEP PERFORMED
 SOURCE  1:
    SEED1:    1223608779   SEED2:             0
 ESTIMATION STEP OMITTED:                 YES 
 #CPUT: Total CPU Time in Seconds,        0.484
Stop Time: 
31.05.2016 
12:09
