Fri Sep 23 09:54:11 CEST 2016
$PROBLEM    Logit model with KPD approach EMAX model covariate CRCL
$INPUT      C ID WEEK=TIME MDV EVID GHFS=DV AMT ADDL II AGE SEX WT HT
            SERUM SERCORR WTCOR SEXCOEFF BSA CLCR
$DATA      Simulated_GHFS_HFSmodel.csv IGNORE=C
$SUBROUTINE ADVAN1 TRANS1
$PK 
TCLCR=THETA(12)
TVK=THETA(1)

K=TVK*EXP(ETA(1))



IF (TIME.EQ.0) BCLCR=CLCR
IIV=ETA(2)+(BCLCR-75.5)*TCLCR

B00=THETA(2)                     
B10=THETA(3)                    
B20=THETA(4)                     
EMAX0=THETA(5)
ED50=THETA(6)  

B01=THETA(7)
B11=THETA(8)
B21=THETA(9)

EMAX1=THETA(10)
EMAX2=THETA(11)

IF (TIME.EQ.0) SWM1=0


$ERROR 
CALLFL=0

IPRED=F
EMAX=EMAX0 
IF(SWM1.EQ.1) EMAX=EMAX1
IF(SWM1.EQ.2) EMAX=EMAX2
EFF=EMAX*(F*K)/((F*K)+(ED50))
A0=0
A1=0
SPREC=SWM1
IF (SWM1.EQ.0) THEN
        A0=B00
        A1=A0+B01
ENDIF
IF (SWM1.EQ.1) THEN
        A0=B10
        A1=A0+B11
ENDIF
IF (SWM1.EQ.2) THEN
        A0=B20
        A1=A0+B21
ENDIF
A0=A0-EFF+IIV
A1=A1-EFF+IIV

SWM1=GHFS

PC0=EXP(A0)/(1+EXP(A0))
PC1=EXP(A1)/(1+EXP(A1))
PC2=1



P0=PC0
P1=PC1-PC0
P2=PC2-PC1


Y=-1
   IF (DV.LT.0.5)  Y=P0
   IF (DV.GE.0.5.AND.DV.LT.1.5)  Y=P1
   IF (DV.GE.1.5.AND.DV.LT.2.5)  Y=P2

$THETA  (0,0.159) ; 1 TVK
 4.62 ; 2 B00
 0.683 ; 3 B10
 1.99 ; 4 B20
 3.8 ; 5 EMAX0
 (0,13000) ; 6 ED50
 (0,0.602) ; 7* B01
 (0,5.24) ; 8* B11
 (0,0.322) ; 9 B21
 (0,6.3) ; 10 EMAX1
 (0,9.9) ; 11 EMAX2
 (0,0.00552) ; 12 TCLCR
$OMEGA  BLOCK(2)
 0.468
 0.402 0.8
$ESTIMATION METHOD=1 MAXEVALS=9999 PRINT=5 LIKE LAPLACE SIGDIGITS=1
            SLOW NOABORT 
$TABLE      ID TIME AMT MDV SPREC IPRED K TVK TCLCR P0 P1 P2 A0 A1 PC0
            PC1 PC2 ETA1 ETA2 EMAX ED50 EFF ONEHEADER NOPRINT
            FILE=ddmore.tab
$COVARIANCE SLOW UNCONDITIONAL MATRIX=S


NM-TRAN MESSAGES
  
 WARNINGS AND ERRORS (IF ANY) FOR PROBLEM    1
             
 (WARNING  2) NM-TRAN INFERS THAT THE DATA ARE POPULATION.

License Registered to: Merck / Global Clinical Pharmacokinetics
Expiration Date:    14 JAN 2017
Current Date:       23 SEP 2016
Days until program expires : 116
1NONLINEAR MIXED EFFECTS MODEL PROGRAM (NONMEM) VERSION 7.3.0
 ORIGINALLY DEVELOPED BY STUART BEAL, LEWIS SHEINER, AND ALISON BOECKMANN
 CURRENT DEVELOPERS ARE ROBERT BAUER, ICON DEVELOPMENT SOLUTIONS,
 AND ALISON BOECKMANN. IMPLEMENTATION, EFFICIENCY, AND STANDARDIZATION
 PERFORMED BY NOUS INFOSYSTEMS.

 PROBLEM NO.:         1
 Logit model with KPD approach EMAX model covariate CRCL
0DATA CHECKOUT RUN:              NO
 DATA SET LOCATED ON UNIT NO.:    2
 THIS UNIT TO BE REWOUND:        NO
 NO. OF DATA RECS IN DATA SET:    29196
 NO. OF DATA ITEMS IN DATA SET:  19
 ID DATA ITEM IS DATA ITEM NO.:   2
 DEP VARIABLE IS DATA ITEM NO.:   6
 MDV DATA ITEM IS DATA ITEM NO.:  4
0INDICES PASSED TO SUBROUTINE PRED:
   5   3   7   0   0   9   0   0   0   0   8
0LABELS FOR DATA ITEMS:
 C ID WEEK MDV EVID GHFS AMT ADDL II AGE SEX WT HT SERUM SERCORR WTCOR SEXCOEFF BSA CLCR
0(NONBLANK) LABELS FOR PRED-DEFINED ITEMS:
 TCLCR TVK K ED50 IPRED EMAX EFF A0 A1 SPREC PC0 PC1 PC2 P0 P1 P2
0FORMAT FOR DATA:
 (E1.0,E3.0,E2.0,3E1.0,E4.0,E1.0,E5.0,E2.0,E1.0,E6.0,E5.0,6E6.0)

 TOT. NO. OF OBS RECS:    18445
 TOT. NO. OF INDIVIDUALS:    595
0LENGTH OF THETA:  12
0DEFAULT THETA BOUNDARY TEST OMITTED:    NO
0OMEGA HAS BLOCK FORM:
  1
  1  1
0DEFAULT OMEGA BOUNDARY TEST OMITTED:    NO
0INITIAL ESTIMATE OF THETA:
 LOWER BOUND    INITIAL EST    UPPER BOUND
  0.0000E+00     0.1590E+00     0.1000E+07
 -0.1000E+07     0.4620E+01     0.1000E+07
 -0.1000E+07     0.6830E+00     0.1000E+07
 -0.1000E+07     0.1990E+01     0.1000E+07
 -0.1000E+07     0.3800E+01     0.1000E+07
  0.0000E+00     0.1300E+05     0.1000E+07
  0.0000E+00     0.6020E+00     0.1000E+07
  0.0000E+00     0.5240E+01     0.1000E+07
  0.0000E+00     0.3220E+00     0.1000E+07
  0.0000E+00     0.6300E+01     0.1000E+07
  0.0000E+00     0.9900E+01     0.1000E+07
  0.0000E+00     0.5520E-02     0.1000E+07
0INITIAL ESTIMATE OF OMEGA:
 BLOCK SET NO.   BLOCK                                                                    FIXED
        1                                                                                   NO
                  0.4680E+00
                  0.4020E+00   0.8000E+00
0COVARIANCE STEP OMITTED:        NO
 R MATRIX SUBSTITUTED:           NO
 S MATRIX SUBSTITUTED:          YES
 EIGENVLS. PRINTED:              NO
 SPECIAL COMPUTATION:            NO
 COMPRESSED FORMAT:              NO
 SLOW GRADIENT METHOD USED:     YES
 SIGDIGITS ETAHAT (SIGLO):                  -1
 SIGDIGITS GRADIENTS (SIGL):                -1
 RELATIVE TOLERANCE (TOL):                  -1
 ABSOLUTE TOLERANCE-ADVAN 9,13 ONLY (ATOL): -1
 EXCLUDE COV FOR FOCE (NOFCOV):              NO
 RESUME COV ANALYSIS (RESUME):               NO
0TABLES STEP OMITTED:    NO
 NO. OF TABLES:           1
 SEED NUMBER (SEED):    11456
 RANMETHOD:
 MC SAMPLES (ESEED):    300
 WRES SQUARE ROOT TYPE:            EIGENVALUE
0-- TABLE   1 --
 PRINTED:                NO
 HEADERS:               ONE
 FILE TO BE FORWARDED:   NO
 FORMAT:                S1PE11.4
 LFORMAT:
 RFORMAT:
0USER-CHOSEN ITEMS:
 ID WEEK AMT MDV SPREC IPRED K TVK TCLCR P0 P1 P2 A0 A1 PC0 PC1 PC2 ETA1 ETA2 EMAX ED50 EFF
1DOUBLE PRECISION PREDPP VERSION 7.3.0

 ONE COMPARTMENT MODEL (ADVAN1)
0MAXIMUM NO. OF BASIC PK PARAMETERS:   2
0BASIC PK PARAMETERS (AFTER TRANSLATION):
   ELIMINATION RATE (K) IS BASIC PK PARAMETER NO.:  1

0COMPARTMENT ATTRIBUTES
 COMPT. NO.   FUNCTION   INITIAL    ON/OFF      DOSE      DEFAULT    DEFAULT
                         STATUS     ALLOWED    ALLOWED    FOR DOSE   FOR OBS.
    1         CENTRAL      ON         NO         YES        YES        YES
    2         OUTPUT       OFF        YES        NO         NO         NO
1
 ADDITIONAL PK PARAMETERS - ASSIGNMENT OF ROWS IN GG
 COMPT. NO.                             INDICES
              SCALE      BIOAVAIL.   ZERO-ORDER  ZERO-ORDER  ABSORB
                         FRACTION    RATE        DURATION    LAG
    1            *           *           *           *           *
    2            *           -           -           -           -
             - PARAMETER IS NOT ALLOWED FOR THIS MODEL
             * PARAMETER IS NOT SUPPLIED BY PK SUBROUTINE;
               WILL DEFAULT TO ONE IF APPLICABLE
0DATA ITEM INDICES USED BY PRED ARE:
   EVENT ID DATA ITEM IS DATA ITEM NO.:      5
   TIME DATA ITEM IS DATA ITEM NO.:          3
   DOSE AMOUNT DATA ITEM IS DATA ITEM NO.:   7
   INTERVAL DATA ITEM IS DATA ITEM NO.:      9
   ADDL. DOSES DATA ITEM IS DATA ITEM NO.:   8

0PK SUBROUTINE CALLED WITH EVERY EVENT RECORD.
 PK SUBROUTINE NOT CALLED AT NONEVENT (ADDITIONAL OR LAGGED) DOSE TIMES.
0DURING SIMULATION, ERROR SUBROUTINE CALLED WITH EVERY EVENT RECORD.
 OTHERWISE, ERROR SUBROUTINE CALLED ONLY WITH OBSERVATION EVENTS.
1


 #TBLN:      1
 #METH: Laplacian Conditional Estimation

 ESTIMATION STEP OMITTED:                 NO  
 ANALYSIS TYPE:                           POPULATION
 SLOW GRADIENT METHOD USED:               YES 
 CONDITIONAL ESTIMATES USED:              YES 
 CENTERED ETA:                            NO  
 EPS-ETA INTERACTION:                     NO  
 LAPLACIAN OBJ. FUNC.:                    YES 
 NUMERICAL 2ND DERIVATIVES:               NO  
 PRED F SET TO A LIKELIHOOD:              YES 
 NO. OF FUNCT. EVALS. ALLOWED:            9999
 NO. OF SIG. FIGURES REQUIRED:            1
 INTERMEDIATE PRINTOUT:                   YES 
 ESTIMATE OUTPUT TO MSF:                  YES 
 ABORT WITH PRED EXIT CODE 1:             NO  
 IND. OBJ. FUNC. VALUES SORTED:           NO  
 NUMERICAL DERIVATIVE 
       FILE REQUEST (NUMDER):             NONE
 MAP (ETAHAT) ESTIMATION METHOD (OPTMAP): 0           
 ETA HESSIAN EVALUATION METHOD (ETADER):  0           
 INITIAL ETA FOR MAP ESTIMATION (MCETA):  0           
 SIGDIGITS FOR MAP ESTIMATION (SIGLO):    100         
 GRADIENT SIGDIGITS OF 
       FIXED EFFECTS PARAMETERS (SIGL):   100         
 EXCLUDE TITLE (NOTITLE):                 NO 
 EXCLUDE COLUMN LABELS (NOLABEL):         NO 
 NOPRIOR SETTING (NOPRIOR):               OFF
 NOCOV SETTING (NOCOV):                   OFF
 DERCONT SETTING (DERCONT):               OFF
 ABSOLUTE TOLERANCE-ADVAN 9,13 ONLY(ATOL):-100        
 FINAL ETA RE-EVALUATION (FNLETA):        ON 
 EXCLUDE NON-INFLUENTIAL (NON-INFL.) ETAS 
       IN SHRINKAGE (ETASTYPE):           NO 
 NON-INFL. ETA CORRECTION (NONINFETA):    OFF
 FORMAT FOR ADDITIONAL FILES (FORMAT):    S1PE12.5
 PARAMETER ORDER FOR OUTPUTS (ORDER):     TSOL
 ADDITIONAL CONVERGENCE TEST (CTYPE=4)?:  NO
 EM OR BAYESIAN METHOD USED:                NONE


 THE FOLLOWING LABELS ARE EQUIVALENT
 PRED=NPRED
 RES=NRES
 WRES=NWRES
 IWRS=NIWRES
 IPRD=NIPRED
 IRS=NIRES

 MONITORING OF SEARCH:


0ITERATION NO.:    0    OBJECTIVE VALUE:   11651.9227627192        NO. OF FUNC. EVALS.:  16
 CUMULATIVE NO. OF FUNC. EVALS.:       16
 NPARAMETR:  1.5900E-01  4.6200E+00  6.8300E-01  1.9900E+00  3.8000E+00  1.3000E+04  6.0200E-01  5.2400E+00  3.2200E-01  6.3000E+00
             9.9000E+00  5.5200E-03  4.6800E-01  4.0200E-01  8.0000E-01
 PARAMETER:  1.0000E-01  1.0000E-01  1.0000E-01  1.0000E-01  1.0000E-01  1.0000E-01  1.0000E-01  1.0000E-01  1.0000E-01  1.0000E-01
             1.0000E-01  1.0000E-01  1.0000E-01  1.0000E-01  1.0000E-01
 GRADIENT:   2.3629E+02  1.6496E+04 -2.5449E+03  5.3688E+01 -1.0920E+03 -5.3736E+02  5.3660E+00 -2.8040E+03 -3.3738E+01  1.4408E+03
             3.3208E+02 -3.9989E+00 -7.5921E+00  1.1827E+02  2.9885E+01

0ITERATION NO.:    5    OBJECTIVE VALUE:   11116.9400637280        NO. OF FUNC. EVALS.:  17
 CUMULATIVE NO. OF FUNC. EVALS.:      122
 NPARAMETR:  7.6025E-02  4.1540E+00  5.4023E-01  1.8380E+00  3.3131E+00  1.2828E+04  6.1282E-01  7.4854E+00  3.6735E-01  6.1939E+00
             9.0436E+00  2.1764E-03  4.8416E-01  5.0634E-01  1.3960E+00
 PARAMETER: -6.3784E-01  8.9914E-02  7.9097E-02  9.2362E-02  8.7188E-02  8.6709E-02  1.1782E-01  4.5663E-01  2.3175E-01  8.3013E-02
             9.5225E-03 -8.3072E-01  1.1697E-01  1.2383E-01  4.2242E-01
 GRADIENT:  -7.0968E+01  6.4527E+03  5.5899E+02  1.4756E+03  1.2063E+03  1.6953E+02 -4.1049E-01  2.9657E+02  1.7290E+01 -1.8157E+02
            -8.0649E+01 -9.0624E-01 -2.7886E+01  3.8415E+01 -4.7907E+01

0ITERATION NO.:   10    OBJECTIVE VALUE:   11097.6519290233        NO. OF FUNC. EVALS.:  32
 CUMULATIVE NO. OF FUNC. EVALS.:      269
 NPARAMETR:  8.2479E-02  4.1888E+00  4.5288E-01  1.8195E+00  3.3656E+00  1.2242E+04  6.1568E-01  7.4917E+00  3.6765E-01  6.2301E+00
             9.0385E+00  3.0308E-03  5.8584E-01  4.4519E-01  1.3645E+00
 PARAMETER: -5.5637E-01  9.0667E-02  6.6308E-02  9.1430E-02  8.8569E-02  3.9937E-02  1.2247E-01  4.5748E-01  2.3258E-01  8.8838E-02
             8.9620E-03 -4.9956E-01  2.1229E-01  9.8981E-02  5.0700E-01
 GRADIENT:   1.2726E+01 -5.7019E+02  7.6165E+01 -1.0963E+01 -6.1693E+01  2.2046E+01 -4.1684E-01  1.7924E+01  2.4356E+00 -2.9899E+01
             2.5392E+01 -1.2644E+00 -1.8525E+00 -3.6332E+01  3.8119E+00

0ITERATION NO.:   15    OBJECTIVE VALUE:   11090.3121265741        NO. OF FUNC. EVALS.:  32
 CUMULATIVE NO. OF FUNC. EVALS.:      407
 NPARAMETR:  7.0178E-02  4.2829E+00  4.0362E-01  1.8263E+00  3.6537E+00  1.1277E+04  6.1636E-01  7.4557E+00  3.6014E-01  6.2463E+00
             8.9936E+00  2.9805E-03  7.0408E-01  5.9367E-01  1.4928E+00
 PARAMETER: -7.1788E-01  9.2704E-02  5.9095E-02  9.1776E-02  9.6150E-02 -4.2172E-02  1.2357E-01  4.5265E-01  2.1194E-01  9.1438E-02
             3.9824E-03 -5.1627E-01  3.0421E-01  1.2040E-01  4.9017E-01
 GRADIENT:   1.2032E+01 -5.5604E+02 -1.3104E+01  1.2483E+02  3.9850E+01  3.9077E+01  1.2840E+01 -3.5759E+01 -2.1934E+01  1.8177E+01
            -9.0706E+01 -1.5590E+01 -2.8895E+01 -2.2802E+01 -1.3124E+01

0ITERATION NO.:   17    OBJECTIVE VALUE:   11089.4426441862        NO. OF FUNC. EVALS.:   2
 CUMULATIVE NO. OF FUNC. EVALS.:      441
 NPARAMETR:  6.9919E-02  4.2940E+00  4.0621E-01  1.8235E+00  3.6569E+00  1.1373E+04  6.2333E-01  7.4807E+00  3.6152E-01  6.2058E+00
             9.1092E+00  3.1189E-03  7.1061E-01  6.0494E-01  1.5178E+00
 PARAMETER: -7.1897E-01  9.2808E-02  5.9363E-02  9.1593E-02  9.6162E-02 -4.3716E-02  1.2314E-01  4.5408E-01  2.1810E-01  8.8393E-02
             1.3982E-02 -5.1667E-01  3.0630E-01  1.2103E-01  4.9321E-01
 GRADIENT:   2.2314E+01 -2.0706E+02  2.0664E+01 -3.1371E+02 -7.8736E+01 -5.5637E+01 -5.1251E+01 -1.8779E+01 -5.7096E+00  2.3510E+00
             1.5067E+02 -1.2718E+01 -4.9486E+00 -3.9656E+01  1.0002E+01

 #TERM:
0MINIMIZATION SUCCESSFUL
 HOWEVER, PROBLEMS OCCURRED WITH THE MINIMIZATION.
 REGARD THE RESULTS OF THE ESTIMATION STEP CAREFULLY, AND ACCEPT THEM ONLY
 AFTER CHECKING THAT THE COVARIANCE STEP PRODUCES REASONABLE OUTPUT.
 NO. OF FUNCTION EVALUATIONS USED:      441
 NO. OF SIG. DIGITS IN FINAL EST.:  1.5

 ETABAR IS THE ARITHMETIC MEAN OF THE ETA-ESTIMATES,
 AND THE P-VALUE IS GIVEN FOR THE NULL HYPOTHESIS THAT THE TRUE MEAN IS 0.

 ETABAR:         6.9295E-02  7.5210E-02
 SE:             1.4229E-02  3.5733E-02
 N:                     595         595

 P VAL.:         1.1176E-06  3.5313E-02

 ETAshrink(%):   5.8687E+01  2.8868E+01
 EBVshrink(%):   1.0000E+02  3.2606E+01
 EPSshrink(%):   1.0000E+02

 #TERE:
 Elapsed estimation time in seconds:   184.32
 Elapsed covariance time in seconds:    13.31
1
 
 
 
 
 
 
 
 
 
 
 
 
 
 
 
 
 
 
 
 
 ************************************************************************************************************************
 ********************                                                                                ********************
 ********************                         LAPLACIAN CONDITIONAL ESTIMATION                       ********************
 #OBJT:**************                       MINIMUM VALUE OF OBJECTIVE FUNCTION                      ********************
 ********************                                                                                ********************
 ************************************************************************************************************************
 





 #OBJV:********************************************    11089.443       **************************************************
1
 ************************************************************************************************************************
 ********************                                                                                ********************
 ********************                         LAPLACIAN CONDITIONAL ESTIMATION                       ********************
 ********************                             FINAL PARAMETER ESTIMATE                           ********************
 ********************                                                                                ********************
 ************************************************************************************************************************
 


 THETA - VECTOR OF FIXED EFFECTS PARAMETERS   *********


         TH 1      TH 2      TH 3      TH 4      TH 5      TH 6      TH 7      TH 8      TH 9      TH10      TH11      TH12     

 
         7.01E-02  4.29E+00  4.05E-01  1.82E+00  3.65E+00  1.13E+04  6.16E-01  7.47E+00  3.62E-01  6.23E+00  9.08E+00  2.98E-03
 


 OMEGA - COV MATRIX FOR RANDOM EFFECTS - ETAS  ********


            ETA1      ETA2   
 
 ETA1
+        7.07E-01
 
 ETA2
+        5.98E-01  1.50E+00
 
1


 OMEGA - CORR MATRIX FOR RANDOM EFFECTS - ETAS  *******


            ETA1      ETA2   
 
 ETA1
+        8.41E-01
 
 ETA2
+        5.80E-01  1.23E+00
 
1
 ************************************************************************************************************************
 ********************                                                                                ********************
 ********************                         LAPLACIAN CONDITIONAL ESTIMATION                       ********************
 ********************                            STANDARD ERROR OF ESTIMATE                          ********************
 ********************                                                                                ********************
 ************************************************************************************************************************
 


 THETA - VECTOR OF FIXED EFFECTS PARAMETERS   *********


         TH 1      TH 2      TH 3      TH 4      TH 5      TH 6      TH 7      TH 8      TH 9      TH10      TH11      TH12     

 
         7.62E-03  2.04E-01  4.79E-01  3.22E-01  3.59E-01  1.13E+03  3.32E-02  1.59E-01  3.62E-02  9.08E-01  3.59E-01  1.15E-03
 


 OMEGA - COV MATRIX FOR RANDOM EFFECTS - ETAS  ********


            ETA1      ETA2   
 
 ETA1
+        7.19E-02
 
 ETA2
+        1.35E-01  2.17E-01
 
1


 OMEGA - CORR MATRIX FOR RANDOM EFFECTS - ETAS  *******


            ETA1      ETA2   
 
 ETA1
+        4.27E-02
 
 ETA2
+        8.82E-02  8.83E-02
 
1
 ************************************************************************************************************************
 ********************                                                                                ********************
 ********************                         LAPLACIAN CONDITIONAL ESTIMATION                       ********************
 ********************                          COVARIANCE MATRIX OF ESTIMATE                         ********************
 ********************                                                                                ********************
 ************************************************************************************************************************
 

            TH 1      TH 2      TH 3      TH 4      TH 5      TH 6      TH 7      TH 8      TH 9      TH10      TH11      TH12  
             OM11      OM12      OM22  
 
 TH 1
+        5.80E-05
 
 TH 2
+        5.23E-04  4.17E-02
 
 TH 3
+        8.14E-04  1.24E-02  2.30E-01
 
 TH 4
+        9.36E-04  3.29E-02  5.29E-02  1.04E-01
 
 TH 5
+        5.89E-05  5.95E-02 -1.15E-02  7.30E-03  1.29E-01
 
 TH 6
+       -6.44E-01 -8.52E+01 -1.47E+02 -2.91E+02  1.97E+01  1.28E+06
 
 TH 7
+       -1.57E-05  8.83E-04  1.97E-03  2.81E-03 -9.78E-04 -1.82E+01  1.10E-03
 
 TH 8
+        1.27E-05  2.96E-03  1.16E-02  6.03E-03  3.62E-03 -1.60E+01  2.58E-04  2.53E-02
 
 TH 9
+       -2.87E-05 -1.04E-03  1.76E-04 -2.46E-03 -4.27E-04  9.01E+00  1.08E-04 -2.53E-04  1.31E-03
 
 TH10
+        2.65E-04 -1.39E-02  3.94E-01  1.98E-03 -2.06E-02  7.04E+01 -1.50E-03  3.08E-02  3.45E-03  8.24E-01
 
 TH11
+        5.53E-04  1.53E-02  3.16E-02  7.80E-02  8.13E-03 -1.16E+02 -1.15E-03  2.36E-03  1.81E-03  1.89E-02  1.29E-01
 
 TH12
+       -2.95E-07  1.48E-05  6.33E-05  1.51E-04 -3.20E-05 -6.11E-01 -9.66E-06  1.14E-05 -4.41E-07  5.75E-07  1.55E-04  1.32E-06
 
 OM11
+       -1.96E-04 -4.03E-03 -4.35E-03 -1.25E-02 -1.18E-03  2.67E+01 -1.60E-04 -6.28E-04  2.42E-04  3.47E-03 -1.18E-02 -1.31E-05
          5.16E-03
 
 OM12
+        9.19E-05  4.98E-03  9.06E-03 -9.33E-05  6.40E-03  2.52E-01  2.61E-04 -1.01E-03  2.69E-04  1.41E-02 -1.41E-03 -3.19E-05
          5.18E-03  1.83E-02
 
 OM22
+        1.70E-04  1.77E-02  2.64E-02  1.82E-02  2.34E-02 -4.69E+01  1.21E-03  2.95E-03  1.32E-04  2.91E-02  1.04E-02 -1.88E-05
          3.56E-03  2.27E-02  4.69E-02
 
1
 ************************************************************************************************************************
 ********************                                                                                ********************
 ********************                         LAPLACIAN CONDITIONAL ESTIMATION                       ********************
 ********************                          CORRELATION MATRIX OF ESTIMATE                        ********************
 ********************                                                                                ********************
 ************************************************************************************************************************
 

            TH 1      TH 2      TH 3      TH 4      TH 5      TH 6      TH 7      TH 8      TH 9      TH10      TH11      TH12  
             OM11      OM12      OM22  
 
 TH 1
+        7.62E-03
 
 TH 2
+        3.36E-01  2.04E-01
 
 TH 3
+        2.23E-01  1.27E-01  4.79E-01
 
 TH 4
+        3.81E-01  5.00E-01  3.42E-01  3.22E-01
 
 TH 5
+        2.15E-02  8.13E-01 -6.71E-02  6.32E-02  3.59E-01
 
 TH 6
+       -7.47E-02 -3.69E-01 -2.70E-01 -7.97E-01  4.86E-02  1.13E+03
 
 TH 7
+       -6.20E-02  1.30E-01  1.24E-01  2.63E-01 -8.22E-02 -4.83E-01  3.32E-02
 
 TH 8
+        1.04E-02  9.10E-02  1.52E-01  1.18E-01  6.34E-02 -8.87E-02  4.89E-02  1.59E-01
 
 TH 9
+       -1.04E-01 -1.41E-01  1.02E-02 -2.11E-01 -3.28E-02  2.20E-01  9.01E-02 -4.39E-02  3.62E-02
 
 TH10
+        3.83E-02 -7.51E-02  9.05E-01  6.77E-03 -6.32E-02  6.85E-02 -4.99E-02  2.13E-01  1.05E-01  9.08E-01
 
 TH11
+        2.02E-01  2.09E-01  1.84E-01  6.76E-01  6.32E-02 -2.85E-01 -9.65E-02  4.14E-02  1.39E-01  5.80E-02  3.59E-01
 
 TH12
+       -3.38E-02  6.32E-02  1.15E-01  4.08E-01 -7.78E-02 -4.71E-01 -2.54E-01  6.27E-02 -1.06E-02  5.52E-04  3.76E-01  1.15E-03
 
 OM11
+       -3.57E-01 -2.75E-01 -1.26E-01 -5.40E-01 -4.58E-02  3.28E-01 -6.72E-02 -5.49E-02  9.31E-02  5.31E-02 -4.58E-01 -1.59E-01
          7.19E-02
 
 OM12
+        8.92E-02  1.80E-01  1.40E-01 -2.14E-03  1.32E-01  1.65E-03  5.82E-02 -4.69E-02  5.48E-02  1.15E-01 -2.90E-02 -2.05E-01
          5.33E-01  1.35E-01
 
 OM22
+        1.03E-01  4.00E-01  2.54E-01  2.61E-01  3.01E-01 -1.91E-01  1.69E-01  8.57E-02  1.68E-02  1.48E-01  1.34E-01 -7.55E-02
          2.29E-01  7.74E-01  2.17E-01
 
1
 ************************************************************************************************************************
 ********************                                                                                ********************
 ********************                         LAPLACIAN CONDITIONAL ESTIMATION                       ********************
 ********************                      INVERSE COVARIANCE MATRIX OF ESTIMATE                     ********************
 ********************                                                                                ********************
 ************************************************************************************************************************
 

            TH 1      TH 2      TH 3      TH 4      TH 5      TH 6      TH 7      TH 8      TH 9      TH10      TH11      TH12  
             OM11      OM12      OM22  
 
 TH 1
+        4.75E+04
 
 TH 2
+       -1.14E+03  3.76E+02
 
 TH 3
+       -8.35E+02 -5.51E+01  1.52E+02
 
 TH 4
+       -8.54E+02 -1.03E+02 -2.36E+01  1.94E+02
 
 TH 5
+        5.54E+02 -1.71E+02  2.84E+01  4.23E+01  8.71E+01
 
 TH 6
+       -3.55E-01 -9.62E-04  1.15E-02  2.59E-02 -1.85E-05  9.45E-06
 
 TH 7
+        5.52E+02 -2.60E+01 -4.17E+01  4.60E+01  3.09E+01  7.12E-02  2.66E+03
 
 TH 8
+       -1.99E+02 -1.39E+01  4.04E+01 -1.18E+01  6.30E+00  2.32E-03 -2.08E+01  5.44E+01
 
 TH 9
+       -4.84E+02 -1.06E+02 -3.48E+00  1.80E+02  4.44E+01 -7.53E-04 -6.57E+02  4.08E+00  1.22E+03
 
 TH10
+        4.08E+02  2.92E+01 -7.49E+01  9.99E+00 -1.44E+01 -5.95E-03  2.22E+01 -2.16E+01 -2.80E+00  3.83E+01
 
 TH11
+        3.62E+02  4.94E+01  8.14E+00 -8.26E+01 -2.05E+01 -1.07E-02  1.32E+00  4.36E+00 -1.04E+02 -3.41E+00  4.91E+01
 
 TH12
+       -3.22E+04 -1.44E+03  5.54E+02  4.02E+03  9.91E+02  2.73E+00  5.22E+04 -1.38E+02 -1.09E+04 -3.20E+02 -2.95E+03  2.38E+06
 
 OM11
+        1.27E+03  7.74E+01  1.28E+01 -2.27E+01 -2.93E+01 -1.35E-02 -2.13E+02 -4.08E+00  1.48E+01 -5.87E+00  5.29E+01 -1.29E+04
          6.49E+02
 
 OM12
+       -1.00E+03 -7.86E+01  1.98E+01  6.59E+01  4.10E+01  1.71E-02  2.13E+02  1.88E+01  3.53E+00 -1.03E+01 -3.94E+01  1.01E+04
         -2.73E+02  3.04E+02
 
 OM22
+        4.71E+02  2.14E+01 -2.22E+01 -3.29E+01 -1.84E+01 -7.49E-03 -7.64E+01 -1.23E+01 -1.82E+01  1.01E+01  1.22E+01 -2.37E+03
          4.42E+01 -1.21E+02  8.64E+01
 
 #CPUT: Total CPU Time in Seconds,      199.276
Stop Time:
Fri Sep 23 10:35:13 CEST 2016
