Mon Aug 31 18:37:27 CEST 2015
$PROBLEM    Poisson Estimation 1
$INPUT      STUD ID MDV DV TIME DAYS TFLA SEX AGE DURP DURD FLAG PCM
            DRUG DOSE FOLL STRT STR PDV DIF TRA MEAN VAR RATI
$DATA      /home/USER/andth549/Adopt-A-Model/Data/nm01_all_pcm_short.csv
            IGNORE=@
$PRED 

;-----------------------------------------------
 ;Covariates
 IF(NEWIND.NE.2) NFLG=0
 NFLG=NFLG+1

   ;IF(NEWIND.NE.2) PSDV=0
   ;PDV=PSDV
   ;PSDV =  DV
;-----------------------------------------------
 ;Placebo parameters
 TVBAS= THETA(1)/10
 PHI  = LOG(TVBAS/(1-TVBAS))+ETA(1)
 BAS  = 10*EXP(PHI)/(1+EXP(PHI))

 PEF  = EXP(LOG(THETA(2)/(1- THETA(2)))+ETA(2))/(1+EXP(LOG(THETA(2)/(1- THETA(2)))+ETA(2)))

 PHA  = THETA(3)*EXP(ETA(3))

 PLC = (1- PEF*(1-EXP(-(LOG(2)/PHA*DAYS))))

 COV = 0
 IF(PCM.EQ.1) COV = THETA(12)
;-----------------------------------------------
 ;Model for lambda
 TVLAM = BAS*PLC/10
 PHL = LOG(TVLAM/(1-TVLAM)) +COV
 LAM  = 10*EXP(PHL)/(1+EXP(PHL))

;-----------------------------------------------
 ;Markov elements
 TE = THETA(11)*EXP(ETA(9))
 TEF = TE*DAYS

 PIN00=EXP(LOG(THETA(4)/(1-THETA(4)))+ETA(4)+TEF)/(1+EXP(LOG(THETA(4)/(1-THETA(4)))+ETA(4)+TEF))
 PIN09=EXP(LOG(THETA(5)/(1-THETA(5)))+ETA(4)+TEF)/(1+EXP(LOG(THETA(5)/(1-THETA(5)))+ETA(4)+TEF))
 IF(PDV.EQ.0) PIN0 = PIN00
 IF(PDV.EQ.1) PIN0 = (8*PIN00+1*PIN09)/9
 IF(PDV.EQ.2) PIN0 = (7*PIN00+2*PIN09)/9
 IF(PDV.EQ.3) PIN0 = (6*PIN00+3*PIN09)/9
 IF(PDV.EQ.4) PIN0 = (5*PIN00+4*PIN09)/9
 IF(PDV.EQ.5) PIN0 = (4*PIN00+5*PIN09)/9
 IF(PDV.EQ.6) PIN0 = (3*PIN00+6*PIN09)/9
 IF(PDV.EQ.7) PIN0 = (2*PIN00+7*PIN09)/9
 IF(PDV.EQ.8) PIN0 = (1*PIN00+8*PIN09)/9
 IF(PDV.EQ.9) PIN0 =  PIN09
 IF(PDV.EQ.10)PIN0 = EXP(LOG(THETA(6)/(1-THETA(6)))+ETA(4)+TEF)/(1+EXP(LOG(THETA(6)/(1-THETA(6)))+ETA(4)+TEF))
 IF(NEWIND.NE.2) PIN0=0
;-----------------------------------------------
 PIN1= .5*EXP(LOG(THETA(7)/(1-THETA(7)))+ETA(5))/(1+EXP(LOG(THETA(7)/(1-THETA(7)))+ETA(5)))
 PIN1=PIN1*(1-PIN0)
 IF(NEWIND.NE.2) PIN1=0
                           PIN1D=PIN1*2
 IF(PDV.EQ.0.OR.PDV.EQ.10) PIN1D=PIN1
;-----------------------------------------------
 PIN2= .5*EXP(LOG(THETA(8)/(1-THETA(8)))+ETA(6))/(1+EXP(LOG(THETA(8)/(1-THETA(8)))+ETA(6)))
 PIN2=PIN2*(1-PIN0-PIN1D)
 IF(NEWIND.NE.2) PIN2=0
                          PIN2D=PIN2*2
 IF(PDV.LE.1.OR.PDV.GE.9) PIN2D=PIN2
;-----------------------------------------------
 PIN3= .5*EXP(LOG(THETA(9)/(1-THETA(9)))+ETA(7))/(1+EXP(LOG(THETA(9)/(1-THETA(9)))+ETA(7)))
 PIN3=PIN3*(1-PIN0-PIN1D-PIN2D)
 IF(NEWIND.NE.2) PIN3=0
                          PIN3D=PIN3*2
 IF(PDV.LE.2.OR.PDV.GE.8) PIN3D=PIN3

;-----------------------------------------------
 ;Total probabilities
 PTOT=PIN0+PIN1D+PIN2D+PIN3D

;-----------------------------------------------
 PH =  LOG(THETA(10)/(1- THETA(10)))+ETA(8)
 TH =  EXP(PH)/(1+EXP(PH))
 DIS = -TH*LAM /(10-LAM)

;-----------------------------------------------
 ;Truncated Poisson distribution
 SUM0=1/(LAM*(1-DIS))         *EXP(-(LAM*(1-DIS)))
 SUM1=                         EXP(-(LAM*(1-DIS)+DIS))
 SUM2=  (LAM*(1-DIS)+2*DIS)   *EXP(-(LAM*(1-DIS)+ 2*DIS))/2
 SUM3=  (LAM*(1-DIS)+3*DIS)**2*EXP(-(LAM*(1-DIS)+ 3*DIS))/6
 SUM4=  (LAM*(1-DIS)+4*DIS)**3*EXP(-(LAM*(1-DIS)+ 4*DIS))/24
 SUM5=  (LAM*(1-DIS)+5*DIS)**4*EXP(-(LAM*(1-DIS)+ 5*DIS))/120
 SUM6=  (LAM*(1-DIS)+6*DIS)**5*EXP(-(LAM*(1-DIS)+ 6*DIS))/720
 SUM7=  (LAM*(1-DIS)+7*DIS)**6*EXP(-(LAM*(1-DIS)+ 7*DIS))/5040
 SUM8=  (LAM*(1-DIS)+8*DIS)**7*EXP(-(LAM*(1-DIS)+ 8*DIS))/40320
 SUM9=  (LAM*(1-DIS)+9*DIS)**8*EXP(-(LAM*(1-DIS)+ 9*DIS))/362880
 SUM10= (LAM*(1-DIS)+10*DIS)**9*EXP(-(LAM*(1-DIS)+ 10*DIS))/3628800
 SUM =  (LAM*(1-DIS))*(SUM0+SUM1+SUM2+SUM3+SUM4+SUM5+SUM6+SUM7+SUM8+SUM9+SUM10)

 ;-----------------------------------------------
 ;Y
 IF(DV.LE.1) THEN
 LFAC=0
 ELSE
 LFAC = DV*LOG(DV)-DV +LOG(DV*(1+4*DV*(1+2*DV)))/6 +LOG(3.1415)/2
 ENDIF

 GP=EXP(LOG(LAM)+(DV-1)*LOG(LAM*(1-DIS)+DIS*DV)+LOG(1-DIS)-(LAM*(1-DIS)+DIS*DV)- LFAC)

 ;DIF = DV-PDV
 ;IF(NEWIND.NE.2) DIF = 0

                           YY =      (1-PTOT)*(GP/SUM)
 IF(DIF.EQ.0)              YY = PIN0+(1-PTOT)*(GP/SUM)
 IF(DIF.EQ.1.OR.DIF.EQ.-1) YY = PIN1+(1-PTOT)*(GP/SUM)
 IF(DIF.EQ.2.OR.DIF.EQ.-2) YY = PIN2+(1-PTOT)*(GP/SUM)
 IF(DIF.EQ.3.OR.DIF.EQ.-3) YY = PIN3+(1-PTOT)*(GP/SUM)
 IF(NEWIND.NE.2)           YY =      (1-PTOT)*(GP/SUM)

  Y= -2*LOG(YY)

   ;TRA = PDV*100+DV

;-----------------------------------------------
 ;Simulation
 IF (ICALL.EQ.4) THEN
    PRN=0
    N=0
       CALL RANDOM (2,R)
       DO WHILE (R.GT.PRN)

 IF(N.LE.1) THEN
 LFAC=0
 ELSE
 LFAC = N*LOG(N)-N +LOG(N*(1+4*N*(1+2*N)))/6 +LOG(3.1415)/2
 ENDIF

 GP=EXP(LOG(LAM)+(N-1)*LOG(LAM*(1-DIS)+DIS*N)+LOG(1-DIS)-(LAM*(1-DIS)+DIS*N)- LFAC)

 DIF = N-PDV
 IF(NEWIND.NE.2) DIF = 0

                           YY =      (1-PTOT)*(GP/SUM)
 IF(DIF.EQ.0)              YY = PIN0+(1-PTOT)*(GP/SUM)
 IF(DIF.EQ.1.OR.DIF.EQ.-1) YY = PIN1+(1-PTOT)*(GP/SUM)
 IF(DIF.EQ.2.OR.DIF.EQ.-2) YY = PIN2+(1-PTOT)*(GP/SUM)
 IF(DIF.EQ.3.OR.DIF.EQ.-3) YY = PIN3+(1-PTOT)*(GP/SUM)
 IF(NEWIND.NE.2)           YY =      (1-PTOT)*(GP/SUM)

       PRN=YY+PRN
       IF (R.GT.PRN) N=N+1
       END DO
 DV=N
 PSDV=DV

 ENDIF

 IF (ICALL.EQ.4) THEN
 TRA=PDV*100+DV
 ENDIF
;-----------------------------------------------

    IF (ICALL.EQ.4) THEN
;mean of observed counts
 IF(NEWIND.NE.2) MEA=0
 MEA=MEA+DV
 IF(NEWIND.NE.2) MEAN=0
 MEAN=MEA/NFLG
;variance of observed counts
 IF(NEWIND.NE.2) MES=0
   MES=MES+DV**2
IF(NEWIND.NE.2) MEAS=0
   MEAS=MES/NFLG
IF(NEWIND.NE.2) VAR=0
   VAR=MEAS-MEAN**2
RATI=VAR/MEAN
IF(MEAN.EQ.0) RATI=1
    ENDIF

; IPRED=0
; IWRES=0
; IRES=0

$THETA  (0,6.14,10) ; 1. BASELINE
$THETA  (0,0.220,1) ; 2. PLACEBO EFFECT
$THETA  (0,36.0) ; 3. PLACEBO HALF TIME
$THETA  (0,0.729,1) ; 4. PROBABILITY OF INFLATION 0
$THETA  (0,0.134,1) ; 5. PROBABILITY OF INFLATION 0
$THETA  (0,0.527,1) ; 6. PROBABILITY OF INFLATION 0
$THETA  (0,0.282,1) ; 7. PROBABILITY OF INFLATION 1
$THETA  (0,0.00708,1) ; 8. PROBABILITY OF INFLATION 2
$THETA  (0,0.000415,1) ; 9. PROBABILITY OF INFLATION 3
$THETA  (0,0.994,1) ; 10. DIS
$THETA  (0,0.00604) ; 11. TE0
$THETA  (0,.392) ; 12. COV
$OMEGA  0.537
$OMEGA  4.02
$OMEGA  .522
$OMEGA  BLOCK(3)
 3.42
 2.13 3.80
 -.392 3.59 6.03
$OMEGA  0  FIX
$OMEGA  25.3
$OMEGA  1.25
$ESTIMATION METHOD=1 LAPLACE -2LL MAXEVAL=9999 PRINT=1 MSFO=msf001
$COVARIANCE PRINT=E UNCONDITIONAL
;$SIM (12345) (678910 UNI) ONLYSIM NOPRED


NM-TRAN MESSAGES
  
 WARNINGS AND ERRORS (IF ANY) FOR PROBLEM    1
             
 (WARNING  2) NM-TRAN INFERS THAT THE DATA ARE POPULATION.
             
 (WARNING  3) THERE MAY BE AN ERROR IN THE ABBREVIATED CODE. THE FOLLOWING
 ONE OR MORE RANDOM VARIABLES ARE DEFINED WITH "IF" STATEMENTS THAT DO NOT
 PROVIDE DEFINITIONS FOR BOTH THE "THEN" AND "ELSE" CASES. IF ALL
 CONDITIONS FAIL, THE VALUES OF THESE VARIABLES WILL BE ZERO.
  
   PIN0

             
 (WARNING  27) THE ABBREVIATED CODE CONTAINS A SIMULATION BLOCK BUT THERE IS
 NO $SIMULATION RECORD.

License Registered to: Uppsala University
Expiration Date:    14 MAR 2016
Current Date:       31 AUG 2015
Days until program expires : 198
1NONLINEAR MIXED EFFECTS MODEL PROGRAM (NONMEM) VERSION 7.3.0
 ORIGINALLY DEVELOPED BY STUART BEAL, LEWIS SHEINER, AND ALISON BOECKMANN
 CURRENT DEVELOPERS ARE ROBERT BAUER, ICON DEVELOPMENT SOLUTIONS,
 AND ALISON BOECKMANN. IMPLEMENTATION, EFFICIENCY, AND STANDARDIZATION
 PERFORMED BY NOUS INFOSYSTEMS.
 
 PROBLEM NO.:         1
 Poisson Estimation 1                                                    
0DATA CHECKOUT RUN:              NO 
 DATA SET LOCATED ON UNIT NO.:    2
 THIS UNIT TO BE REWOUND:        NO 
 NO. OF DATA RECS IN DATA SET:    22492
 NO. OF DATA ITEMS IN DATA SET:  24
 ID DATA ITEM IS DATA ITEM NO.:   2
 DEP VARIABLE IS DATA ITEM NO.:   4
 MDV DATA ITEM IS DATA ITEM NO.:  3
0LABELS FOR DATA ITEMS:
 STUD ID MDV DV TIME DAYS TFLA SEX AGE DURP DURD FLAG PCM DRUG DOSE FOLL STRT STR PDV DIF TRA MEAN VAR RATI
0FORMAT FOR DATA:
 (3(7E10.0/),3E10.0)                                                             
 
 TOT. NO. OF OBS RECS:    22492
 TOT. NO. OF INDIVIDUALS:    231
0LENGTH OF THETA:  12
0DEFAULT THETA BOUNDARY TEST OMITTED:    NO 
0OMEGA HAS BLOCK FORM:
  1
  0  2
  0  0  3
  0  0  0  4
  0  0  0  4  4
  0  0  0  4  4  4
  0  0  0  0  0  0  5
  0  0  0  0  0  0  0  6
  0  0  0  0  0  0  0  0  7
0DEFAULT OMEGA BOUNDARY TEST OMITTED:    NO 
0INITIAL ESTIMATE OF THETA:
 LOWER BOUND    INITIAL EST    UPPER BOUND
  0.0000E+00     0.6140E+01     0.1000E+02
  0.0000E+00     0.2200E+00     0.1000E+01
  0.0000E+00     0.3600E+02     0.1000E+07
  0.0000E+00     0.7290E+00     0.1000E+01
  0.0000E+00     0.1340E+00     0.1000E+01
  0.0000E+00     0.5270E+00     0.1000E+01
  0.0000E+00     0.2820E+00     0.1000E+01
  0.0000E+00     0.7080E-02     0.1000E+01
  0.0000E+00     0.4150E-03     0.1000E+01
  0.0000E+00     0.9940E+00     0.1000E+01
  0.0000E+00     0.6040E-02     0.1000E+07
  0.0000E+00     0.3920E+00     0.1000E+07
0INITIAL ESTIMATE OF OMEGA:
 BLOCK SET NO.   BLOCK                                                                    FIXED
        1                                                                                   NO 
                  0.5370E+00
        2                                                                                   NO 
                  0.4020E+01
        3                                                                                   NO 
                  0.5220E+00
        4                                                                                   NO 
                  0.3420E+01
                  0.2130E+01   0.3800E+01
                 -0.3920E+00   0.3590E+01   0.6030E+01
        5                                                                                  YES 
                  0.0000E+00
        6                                                                                   NO 
                  0.2530E+02
        7                                                                                   NO 
                  0.1250E+01
0COVARIANCE STEP OMITTED:        NO 
 EIGENVLS. PRINTED:             YES 
 SPECIAL COMPUTATION:            NO 
 COMPRESSED FORMAT:              NO 
1


 #TBLN:      1
 #METH: Laplacian Conditional Estimation

 ESTIMATION STEP OMITTED:                 NO  
 ANALYSIS TYPE:                           POPULATION
 CONDITIONAL ESTIMATES USED:              YES 
 CENTERED ETA:                            NO  
 EPS-ETA INTERACTION:                     NO  
 LAPLACIAN OBJ. FUNC.:                    YES 
 NUMERICAL 2ND DERIVATIVES:               NO  
 PRED F SET TO -2 LOG LIKELIHOOD:         YES 
 NO. OF FUNCT. EVALS. ALLOWED:            9999
 NO. OF SIG. FIGURES REQUIRED:            3
 INTERMEDIATE PRINTOUT:                   YES 
 ESTIMATE OUTPUT TO MSF:                  YES 
 IND. OBJ. FUNC. VALUES SORTED:           NO  
 NUMERICAL DERIVATIVE 
       FILE REQUEST (NUMDER):             NONE
 MAP (ETAHAT) ESTIMATION METHOD (OPTMAP): 0           
 ETA HESSIAN EVALUATION METHOD (ETADER):  0           
 INITIAL ETA FOR MAP ESTIMATION (MCETA):  0           
 SIGDIGITS FOR MAP ESTIMATION (SIGLO):    100         
 GRADIENT SIGDIGITS OF 
       FIXED EFFECTS PARAMETERS (SIGL):   100         
 EXCLUDE TITLE (NOTITLE):                 NO 
 EXCLUDE COLUMN LABELS (NOLABEL):         NO 
 NOPRIOR SETTING (NOPRIOR):               OFF
 NOCOV SETTING (NOCOV):                   OFF
 DERCONT SETTING (DERCONT):               OFF
 ABSOLUTE TOLERANCE-ADVAN 9,13 ONLY(ATOL):-100        
 FINAL ETA RE-EVALUATION (FNLETA):        ON 
 EXCLUDE NON-INFLUENTIAL (NON-INFL.) ETAS 
       IN SHRINKAGE (ETASTYPE):           NO 
 NON-INFL. ETA CORRECTION (NONINFETA):    OFF
 FORMAT FOR ADDITIONAL FILES (FORMAT):    S1PE12.5
 PARAMETER ORDER FOR OUTPUTS (ORDER):     TSOL
 ADDITIONAL CONVERGENCE TEST (CTYPE=4)?:  NO
 EM OR BAYESIAN METHOD USED:                NONE


 THE FOLLOWING LABELS ARE EQUIVALENT
 PRED=NPRED
 RES=NRES
 WRES=NWRES
 IWRS=NIWRES
 IPRD=NIPRED
 IRS=NIRES

 MONITORING OF SEARCH:


0ITERATION NO.:    0    OBJECTIVE VALUE:   49485.3122926256        NO. OF FUNC. EVALS.:  14
 CUMULATIVE NO. OF FUNC. EVALS.:       14
 NPARAMETR:  6.1400E+00  2.2000E-01  3.6000E+01  7.2900E-01  1.3400E-01  5.2700E-01  2.8200E-01  7.0800E-03  4.1500E-04  9.9400E-01
             6.0400E-03  3.9200E-01  5.3700E-01  4.0200E+00  5.2200E-01  3.4200E+00  2.1300E+00 -3.9200E-01  3.8000E+00  3.5900E+00
             6.0300E+00  2.5300E+01  1.2500E+00
 PARAMETER:  1.0000E-01  1.0000E-01  1.0000E-01  1.0000E-01  1.0000E-01  1.0000E-01  1.0000E-01  1.0000E-01  1.0000E-01  1.0000E-01
             1.0000E-01  1.0000E-01  1.0000E-01  1.0000E-01  1.0000E-01  1.0000E-01  1.0000E-01 -1.0000E-01  1.0000E-01  1.0000E-01
             1.0000E-01  1.0000E-01  1.0000E-01
 GRADIENT:  -7.7895E+00  5.2812E+00  1.7085E+01  8.8822E+01  4.0353E+01 -8.1612E-01 -1.1692E+02  6.5327E+01  1.1648E+00 -1.0268E+01
             1.0590E+01  3.5747E+01  1.4684E+01  9.4735E+00  1.1234E+01  2.9504E+00  3.1632E+02 -5.6622E+01 -1.0318E+02  1.5081E+03
            -1.7769E+00  2.5154E+01 -1.0102E+01

0ITERATION NO.:    1    OBJECTIVE VALUE:   49453.6249775192        NO. OF FUNC. EVALS.:  16
 CUMULATIVE NO. OF FUNC. EVALS.:       30
 NPARAMETR:  6.1405E+00  2.1998E-01  3.5983E+01  7.2852E-01  1.3387E-01  5.2701E-01  2.8265E-01  7.0675E-03  4.1499E-04  9.9400E-01
             6.0383E-03  3.9162E-01  5.3657E-01  4.0179E+00  5.2168E-01  3.4194E+00  1.9458E+00 -3.8591E-01  3.5947E+00  2.0417E+00
             2.1410E+00  2.5265E+01  1.2507E+00
 PARAMETER:  1.0021E-01  9.9856E-02  9.9533E-02  9.7574E-02  9.8898E-02  1.0002E-01  1.0319E-01  9.8216E-02  9.9968E-02  1.0028E-01
             9.9711E-02  9.9024E-02  9.9599E-02  9.9741E-02  9.9693E-02  9.9919E-02  9.1361E-02 -9.8454E-02  1.0282E-01  5.8813E-02
             1.0005E-01  9.9313E-02  1.0028E-01
 GRADIENT:   2.0670E+01  1.4709E+01 -2.7611E+01  5.4909E+01  2.9063E+01  1.3188E+00 -5.8678E+01  3.4465E+01  1.3124E+00 -7.7611E+00
             8.2069E+00  3.2293E+01 -1.1725E+00  1.3538E+01  1.2480E+02  2.0092E+01  2.2106E+00 -4.5464E+01  1.1170E+01  5.6076E+02
             1.5317E+00  1.4848E+01  8.8616E+00

0ITERATION NO.:    2    OBJECTIVE VALUE:   49447.5326013686        NO. OF FUNC. EVALS.:  16
 CUMULATIVE NO. OF FUNC. EVALS.:       46
 NPARAMETR:  6.1397E+00  2.1994E-01  3.5999E+01  7.2835E-01  1.3382E-01  5.2700E-01  2.8283E-01  7.0637E-03  4.1498E-04  9.9400E-01
             6.0375E-03  3.9142E-01  5.3659E-01  4.0162E+00  5.1964E-01  3.4173E+00  1.9445E+00 -3.8298E-01  3.5930E+00  1.7039E+00
             1.5699E+00  2.5253E+01  1.2503E+00
 PARAMETER:  9.9888E-02  9.9624E-02  9.9968E-02  9.6710E-02  9.8441E-02  1.0000E-01  1.0412E-01  9.7674E-02  9.9948E-02  1.0040E-01
             9.9582E-02  9.8516E-02  9.9617E-02  9.9528E-02  9.7730E-02  9.9603E-02  9.1327E-02 -9.7738E-02  1.0264E-01  4.9991E-02
             1.0002E-01  9.9079E-02  1.0014E-01
 GRADIENT:  -2.4386E+02 -5.0929E+00  1.3912E+02  5.1741E+01  8.8273E+00  3.2718E+00 -9.4452E+00  1.5367E+01  1.5583E+00 -8.7187E+01
             5.6581E+00  2.5658E+01 -4.4742E+02 -4.4562E+01 -1.0015E+02  2.4895E+01 -1.2759E+01  1.3462E+01  8.5873E+01 -7.8035E+01
            -1.3180E-02  4.7287E+02  6.7110E-01

0ITERATION NO.:    3    OBJECTIVE VALUE:   49445.8651785466        NO. OF FUNC. EVALS.:  16
 CUMULATIVE NO. OF FUNC. EVALS.:       62
 NPARAMETR:  6.1447E+00  2.1991E-01  3.5964E+01  7.2809E-01  1.3376E-01  5.2699E-01  2.8303E-01  7.0590E-03  4.1496E-04  9.9401E-01
             6.0364E-03  3.9113E-01  5.4136E-01  4.0181E+00  5.1875E-01  3.4136E+00  1.9454E+00 -3.8067E-01  3.5902E+00  1.4149E+00
             1.1572E+00  2.5008E+01  1.2500E+00
 PARAMETER:  1.0199E-01  9.9458E-02  9.9004E-02  9.5391E-02  9.7925E-02  9.9950E-02  1.0507E-01  9.7014E-02  9.9913E-02  1.0138E-01
             9.9405E-02  9.7787E-02  1.0404E-01  9.9768E-02  9.6877E-02  9.9062E-02  9.1420E-02 -9.7201E-02  1.0163E-01  4.2493E-02
             1.0000E-01  9.4199E-02  9.9999E-02
 GRADIENT:   2.7202E+01  1.7930E+01  2.4999E+00  4.1801E+01  2.5875E+01  3.4411E+00 -2.5046E+01  7.2770E+00  4.3493E-01  7.6104E+01
             1.3905E+00  2.5101E+01  1.0045E+02  1.7241E+01 -3.1727E+01  3.3727E+01 -2.9071E+02  2.6725E+01  5.5146E+01 -6.8085E+01
             1.5568E-01 -1.2056E+02 -1.0974E+01

0ITERATION NO.:    4    OBJECTIVE VALUE:   49442.5618465711        NO. OF FUNC. EVALS.:  16
 CUMULATIVE NO. OF FUNC. EVALS.:       78
 NPARAMETR:  6.1505E+00  2.1973E-01  3.5894E+01  7.2733E-01  1.3354E-01  5.2693E-01  2.8352E-01  7.0503E-03  4.1493E-04  9.9400E-01
             6.0345E-03  3.9027E-01  5.4451E-01  4.0157E+00  5.1961E-01  3.3975E+00  2.2319E+00 -3.8219E-01  3.9269E+00  1.1439E+00
             8.7548E-01  2.4876E+01  1.2508E+00
 PARAMETER:  1.0445E-01  9.8433E-02  9.7055E-02  9.1542E-02  9.6027E-02  9.9710E-02  1.0750E-01  9.5770E-02  9.9842E-02  9.9450E-02
             9.9091E-02  9.5580E-02  1.0694E-01  9.9464E-02  9.7708E-02  9.6694E-02  1.0513E-01 -9.7821E-02  9.7403E-02  3.6478E-02
             9.9966E-02  9.1551E-02  1.0033E-01
 GRADIENT:   7.8944E+00  1.0617E+01  7.1368E+00  5.1077E+01  2.5451E+01  3.6238E+00 -3.9044E+01  2.0435E+01  1.3180E+00  4.0214E+01
             2.9310E+00  2.8418E+01  5.3809E+01  9.6081E+00 -7.2737E+00  2.7774E+01 -2.4067E+01  1.3293E+01  2.9002E+01 -2.0297E+02
            -1.7756E-02 -1.0404E+02 -8.0385E+00

0ITERATION NO.:    5    OBJECTIVE VALUE:   49438.0077110405        NO. OF FUNC. EVALS.:  15
 CUMULATIVE NO. OF FUNC. EVALS.:       93
 NPARAMETR:  6.3404E+00  2.1112E-01  3.3706E+01  6.6962E-01  1.1931E-01  5.2300E-01  3.2970E-01  6.2227E-03  4.1196E-04  9.9356E-01
             5.8905E-03  3.3489E-01  6.2733E-01  3.8216E+00  4.3122E-01  2.6081E+00  2.4573E+00 -2.9546E-01  4.1280E+00  1.1557E+00
             1.2095E+00  2.8775E+01  1.2870E+00
 PARAMETER:  1.8542E-01  4.7468E-02  3.4161E-02 -1.8308E-01 -3.2891E-02  8.3973E-02  3.2501E-01 -2.9927E-02  9.2635E-02  2.9115E-02
             7.4940E-02 -5.7457E-02  1.7774E-01  7.4699E-02  4.4721E-03 -3.5513E-02  1.3211E-01 -8.6312E-02 -5.5395E-02  4.3691E-02
             9.8032E-02  1.6435E-01  1.1457E-01
 GRADIENT:   3.3903E+01  8.7026E+00  2.4214E+01  5.2446E+01 -1.7771E+01  8.7647E+00 -6.6621E+00  1.3237E+01  9.1326E-01 -2.6925E+01
            -8.3063E-01 -7.7169E+01  6.4547E+01 -1.5450E+01 -1.7219E+01 -5.6779E+01  3.5390E+02  1.8907E+00 -5.1408E+01 -5.3376E+01
            -8.8421E-02  9.0342E+01  1.4098E+01

0ITERATION NO.:    6    OBJECTIVE VALUE:   49426.1475433352        NO. OF FUNC. EVALS.:  15
 CUMULATIVE NO. OF FUNC. EVALS.:      108
 NPARAMETR:  6.3459E+00  2.0228E-01  3.1097E+01  6.1619E-01  1.1294E-01  5.1764E-01  3.5808E-01  5.7634E-03  4.1006E-04  9.9312E-01
             5.8208E-03  3.3514E-01  5.3643E-01  3.7902E+00  4.5499E-01  2.4710E+00  2.0990E+00 -3.7271E-01  3.3153E+00  8.1938E-01
             9.3977E-01  2.5541E+01  1.2835E+00
 PARAMETER:  1.8781E-01 -6.4514E-03 -4.6408E-02 -4.1613E-01 -9.5049E-02  6.2475E-02  4.5084E-01 -1.0707E-01  8.8032E-02 -3.7739E-02
             6.3030E-02 -5.6701E-02  9.9466E-02  7.0569E-02  3.1305E-02 -6.2502E-02  1.1593E-01 -1.1185E-01 -1.3943E-01  3.7643E-02
             9.6871E-02  1.0475E-01  1.1324E-01
 GRADIENT:   3.5858E+01  4.2803E+00  1.8771E+01  9.5224E+00 -3.4743E+01  1.1404E+01  3.5147E+01  5.3739E+00  7.7056E-01 -2.5090E+01
            -1.4250E+01 -7.9034E+01  1.4621E+01 -9.5418E+00 -1.2336E+01 -4.0713E+01  1.1462E+02  2.3091E+01 -3.2134E+01 -2.4338E+02
            -3.3823E-01  7.7712E+01  1.0342E+01

0ITERATION NO.:    7    OBJECTIVE VALUE:   49420.1476859324        NO. OF FUNC. EVALS.:  15
 CUMULATIVE NO. OF FUNC. EVALS.:      123
 NPARAMETR:  6.2806E+00  1.9917E-01  3.0677E+01  5.9932E-01  1.1233E-01  5.1450E-01  3.6411E-01  5.5625E-03  4.0917E-04  9.9310E-01
             5.8546E-03  3.4232E-01  5.2366E-01  3.7486E+00  4.1617E-01  2.4475E+00  2.2731E+00 -3.9507E-01  3.5938E+00  1.1016E+00
             1.5594E+00  2.3988E+01  1.2671E+00
 PARAMETER:  1.5973E-01 -2.5806E-02 -6.0007E-02 -4.8692E-01 -1.0116E-01  4.9904E-02  4.7701E-01 -1.4276E-01  8.5837E-02 -4.1396E-02
             6.8821E-02 -3.5512E-02  8.7421E-02  6.5052E-02 -1.3287E-02 -6.7279E-02  1.2615E-01 -1.1913E-01 -1.5585E-01  4.9467E-02
             9.6268E-02  7.3373E-02  1.0678E-01
 GRADIENT:   1.5574E+01  2.6670E+00  1.8490E+01  6.6680E+00 -4.0235E+01  1.1417E+01  3.5558E+01  7.2938E+00  1.1241E+00 -5.2232E+00
            -2.2717E+01 -5.2052E+01  7.0849E+00 -1.0598E+01 -1.6181E+01 -4.8239E+01  1.9369E+02  1.4645E+01 -3.4139E+01 -1.3738E+02
            -1.8643E-01  2.1495E+01 -1.2269E+00

0ITERATION NO.:    8    OBJECTIVE VALUE:   49417.1691830182        NO. OF FUNC. EVALS.:  15
 CUMULATIVE NO. OF FUNC. EVALS.:      138
 NPARAMETR:  6.1910E+00  1.8964E-01  2.8467E+01  5.5584E-01  1.1931E-01  4.9991E-01  3.5926E-01  4.9800E-03  4.0557E-04  9.9249E-01
             6.4003E-03  3.6321E-01  5.6903E-01  3.6973E+00  3.5484E-01  2.6979E+00  2.4530E+00 -5.9821E-01  3.5683E+00  9.4397E-01
             1.8285E+00  2.4423E+01  1.3242E+00
 PARAMETER:  1.2157E-01 -8.6706E-02 -1.3478E-01 -6.6527E-01 -3.2924E-02 -8.4559E-03  4.5598E-01 -2.5395E-01  7.7005E-02 -1.2645E-01
             1.5795E-01  2.3729E-02  1.2897E-01  5.8164E-02 -9.3007E-02 -1.8586E-02  1.2967E-01 -1.7182E-01 -2.0725E-01  5.2764E-02
             9.4280E-02  8.2363E-02  1.2882E-01
 GRADIENT:  -7.3979E+00  2.8704E+00  9.5271E+00 -1.6690E+01 -1.3196E+01  1.2068E+01  2.5623E+01  7.4613E+00  9.3366E-01 -2.2372E+01
            -3.1366E+01  8.0954E+00  3.3435E+01 -9.4504E+00 -1.5518E+01  2.9160E+01 -4.3462E+01  1.1136E+01  4.9958E+00 -1.1869E+02
            -2.1552E-01  7.0190E+01 -3.4526E+01

0ITERATION NO.:    9    OBJECTIVE VALUE:   49416.9478107089        NO. OF FUNC. EVALS.:  16
 CUMULATIVE NO. OF FUNC. EVALS.:      154
 NPARAMETR:  6.1903E+00  1.8947E-01  2.8432E+01  5.5522E-01  1.1946E-01  4.9960E-01  3.5908E-01  4.9693E-03  4.0550E-04  9.9248E-01
             6.4158E-03  3.6323E-01  5.6868E-01  3.6978E+00  3.5379E-01  2.6973E+00  2.4524E+00 -6.0097E-01  3.5652E+00  9.4263E-01
             1.8354E+00  2.4399E+01  1.3281E+00
 PARAMETER:  1.2129E-01 -8.7772E-02 -1.3599E-01 -6.6776E-01 -3.1532E-02 -9.7243E-03  4.5519E-01 -2.5613E-01  7.6826E-02 -1.2747E-01
             1.6035E-01  2.3781E-02  1.2866E-01  5.8232E-02 -9.4487E-02 -1.8692E-02  1.2965E-01 -1.7263E-01 -2.0819E-01  5.2855E-02
             9.4247E-02  8.1862E-02  1.3031E-01
 GRADIENT:  -7.7360E+00  2.7702E+00  9.4344E+00 -1.6632E+01 -9.8528E+00  1.2043E+01  2.2738E+01  7.4275E+00  9.2991E-01 -2.2410E+01
            -4.2175E+01  8.3141E+00  3.2974E+01 -9.4313E+00 -1.5572E+01  4.0223E+01 -1.0240E+02  1.1246E+01  1.3484E+01 -1.2033E+02
            -2.2444E-01  7.0413E+01 -5.9863E+01

0ITERATION NO.:   10    OBJECTIVE VALUE:   49416.4749619823        NO. OF FUNC. EVALS.:  17
 CUMULATIVE NO. OF FUNC. EVALS.:      171
 NPARAMETR:  6.1893E+00  1.8938E-01  2.8407E+01  5.5470E-01  1.1954E-01  4.9941E-01  3.5908E-01  4.9623E-03  4.0545E-04  9.9248E-01
             6.4301E-03  3.6357E-01  5.6881E-01  3.6987E+00  3.5306E-01  2.6974E+00  2.4537E+00 -6.0224E-01  3.5657E+00  9.4184E-01
             1.8394E+00  2.4391E+01  1.3355E+00
 PARAMETER:  1.2085E-01 -8.8399E-02 -1.3687E-01 -6.6989E-01 -3.0790E-02 -1.0454E-02  4.5521E-01 -2.5753E-01  7.6713E-02 -1.2801E-01
             1.6258E-01  2.4711E-02  1.2878E-01  5.8355E-02 -9.5512E-02 -1.8673E-02  1.2971E-01 -1.7299E-01 -2.0880E-01  5.2909E-02
             9.4226E-02  8.1696E-02  1.3309E-01
 GRADIENT:  -8.8439E+00  2.2498E+00  9.3793E+00 -1.4880E+01  9.7814E+00  1.1988E+01  4.6342E+00  7.4222E+00  9.1385E-01 -2.1863E+01
            -1.1531E+02  6.8844E+00  3.1400E+01 -9.5705E+00 -1.5604E+01  1.0837E+02 -4.7175E+02  1.1371E+01  6.8627E+01 -1.2198E+02
            -2.3115E-01  6.9293E+01 -2.2855E+02

0ITERATION NO.:   11    OBJECTIVE VALUE:   49415.9505967754        NO. OF FUNC. EVALS.:  19
 CUMULATIVE NO. OF FUNC. EVALS.:      190
 NPARAMETR:  6.1889E+00  1.8937E-01  2.8404E+01  5.5459E-01  1.1954E-01  4.9940E-01  3.5913E-01  4.9616E-03  4.0545E-04  9.9247E-01
             6.4333E-03  3.6374E-01  5.6897E-01  3.6991E+00  3.5297E-01  2.6976E+00  2.4545E+00 -6.0216E-01  3.5668E+00  9.4178E-01
             1.8396E+00  2.4393E+01  1.3383E+00
 PARAMETER:  1.2069E-01 -8.8439E-02 -1.3700E-01 -6.7033E-01 -3.0775E-02 -1.0490E-02  4.5542E-01 -2.5767E-01  7.6704E-02 -1.2801E-01
             1.6309E-01  2.5175E-02  1.2892E-01  5.8398E-02 -9.5648E-02 -1.8632E-02  1.2975E-01 -1.7296E-01 -2.0888E-01  5.2913E-02
             9.4225E-02  8.1742E-02  1.3412E-01
 GRADIENT:  -1.1623E+01  5.9579E-01  9.3287E+00 -8.5059E+00  7.0713E+01  1.1968E+01 -5.2560E+01  7.5335E+00  8.6077E-01 -2.1013E+01
            -3.4760E+02  5.6985E+00  2.6377E+01 -1.0248E+01 -1.5605E+01  3.2167E+02 -1.6297E+03  1.1559E+01  2.4207E+02 -1.2191E+02
            -2.3216E-01  6.9070E+01 -7.6353E+02

0ITERATION NO.:   12    OBJECTIVE VALUE:   49415.5962090546        NO. OF FUNC. EVALS.:  21
 CUMULATIVE NO. OF FUNC. EVALS.:      211
 NPARAMETR:  6.1888E+00  1.8937E-01  2.8403E+01  5.5456E-01  1.1954E-01  4.9940E-01  3.5914E-01  4.9615E-03  4.0545E-04  9.9248E-01
             6.4340E-03  3.6378E-01  5.6902E-01  3.6991E+00  3.5295E-01  2.6977E+00  2.4547E+00 -6.0212E-01  3.5671E+00  9.4178E-01
             1.8396E+00  2.4394E+01  1.3389E+00
 PARAMETER:  1.2066E-01 -8.8441E-02 -1.3703E-01 -6.7043E-01 -3.0782E-02 -1.0490E-02  4.5548E-01 -2.5769E-01  7.6702E-02 -1.2800E-01
             1.6320E-01  2.5293E-02  1.2896E-01  5.8408E-02 -9.5672E-02 -1.8620E-02  1.2976E-01 -1.7295E-01 -2.0889E-01  5.2913E-02
             9.4224E-02  8.1758E-02  1.3437E-01
 GRADIENT:  -1.5893E+01 -2.0146E+00  9.2456E+00  1.6204E+00  1.6636E+02  1.1964E+01 -1.4250E+02  7.7238E+00  7.7626E-01 -1.9911E+01
            -7.1282E+02  4.6860E+00  1.8384E+01 -1.1351E+01 -1.5602E+01  6.5668E+02 -3.4486E+03  1.1845E+01  5.1456E+02 -1.2120E+02
            -2.3238E-01  6.9584E+01 -1.6047E+03

0ITERATION NO.:   13    OBJECTIVE VALUE:   49415.1863767620        NO. OF FUNC. EVALS.:  22
 CUMULATIVE NO. OF FUNC. EVALS.:      233
 NPARAMETR:  6.1888E+00  1.8937E-01  2.8403E+01  5.5455E-01  1.1954E-01  4.9940E-01  3.5915E-01  4.9615E-03  4.0545E-04  9.9248E-01
             6.4344E-03  3.6380E-01  5.6904E-01  3.6992E+00  3.5294E-01  2.6977E+00  2.4548E+00 -6.0210E-01  3.5672E+00  9.4178E-01
             1.8396E+00  2.4394E+01  1.3393E+00
 PARAMETER:  1.2064E-01 -8.8441E-02 -1.3704E-01 -6.7048E-01 -3.0786E-02 -1.0489E-02  4.5551E-01 -2.5770E-01  7.6702E-02 -1.2800E-01
             1.6326E-01  2.5355E-02  1.2898E-01  5.8414E-02 -9.5684E-02 -1.8613E-02  1.2976E-01 -1.7294E-01 -2.0890E-01  5.2914E-02
             9.4224E-02  8.1766E-02  1.3450E-01
 GRADIENT:  -2.6463E+01 -8.5036E+00  9.0369E+00  2.6812E+01  4.0392E+02  1.1962E+01 -3.6592E+02  8.2019E+00  5.6593E-01 -1.7262E+01
            -1.6200E+03  2.4832E+00 -1.5105E+00 -1.4102E+01 -1.5595E+01  1.4888E+03 -7.9663E+03  1.2554E+01  1.1914E+03 -1.1925E+02
            -2.3258E-01  7.1180E+01 -3.6941E+03

0ITERATION NO.:   14    OBJECTIVE VALUE:   49415.1863767620        NO. OF FUNC. EVALS.:  34
 CUMULATIVE NO. OF FUNC. EVALS.:      267
 NPARAMETR:  6.1888E+00  1.8937E-01  2.8403E+01  5.5455E-01  1.1954E-01  4.9940E-01  3.5915E-01  4.9615E-03  4.0545E-04  9.9248E-01
             6.4344E-03  3.6380E-01  5.6904E-01  3.6992E+00  3.5294E-01  2.6977E+00  2.4548E+00 -6.0210E-01  3.5672E+00  9.4178E-01
             1.8396E+00  2.4394E+01  1.3393E+00
 PARAMETER:  1.2064E-01 -8.8441E-02 -1.3704E-01 -6.7048E-01 -3.0786E-02 -1.0489E-02  4.5551E-01 -2.5770E-01  7.6702E-02 -1.2800E-01
             1.6326E-01  2.5355E-02  1.2898E-01  5.8414E-02 -9.5684E-02 -1.8613E-02  1.2976E-01 -1.7294E-01 -2.0890E-01  5.2914E-02
             9.4224E-02  8.1766E-02  1.3450E-01
 GRADIENT:  -2.9271E+01 -8.6999E+00  8.7737E+00  2.6463E+01  4.0384E+02  1.1958E+01 -3.6604E+02  8.1953E+00  5.6579E-01 -1.7285E+01
            -1.6203E+03  2.3794E+00 -1.5105E+00 -1.4102E+01 -1.5595E+01  1.4888E+03 -7.9663E+03  1.2554E+01  1.1914E+03 -1.1925E+02
            -2.3258E-01  7.1180E+01 -3.6941E+03

0ITERATION NO.:   15    OBJECTIVE VALUE:   49414.4933478137        NO. OF FUNC. EVALS.:  79
 CUMULATIVE NO. OF FUNC. EVALS.:      346             RESET HESSIAN, TYPE I
 NPARAMETR:  6.1888E+00  1.8982E-01  2.8393E+01  5.5455E-01  1.1954E-01  4.9842E-01  3.5915E-01  4.9338E-03  4.0545E-04  9.9248E-01
             6.4344E-03  3.6380E-01  5.6904E-01  3.7014E+00  3.5294E-01  2.6977E+00  2.4548E+00 -7.4973E-01  3.5672E+00  8.0748E-01
             1.9137E+00  2.4394E+01  1.3393E+00
 PARAMETER:  1.2064E-01 -8.5531E-02 -1.3737E-01 -6.7049E-01 -3.0788E-02 -1.4423E-02  4.5552E-01 -2.6333E-01  7.6699E-02 -1.2770E-01
             1.6326E-01  2.5353E-02  1.2898E-01  5.8719E-02 -9.5683E-02 -1.8615E-02  1.2976E-01 -2.1535E-01 -2.0890E-01  5.2915E-02
             9.4226E-02  8.1764E-02  1.3451E-01
 GRADIENT:  -3.2127E+01 -1.1989E+01  1.0608E+01  3.9329E+01  5.2171E+02  1.1894E+01 -4.7657E+02  8.8966E+00  4.4577E-01 -1.5971E+01
            -2.0678E+03  3.1079E+00 -1.0914E+01 -1.4780E+01 -1.6998E+01  1.9012E+03 -1.0196E+04  1.3189E+01  1.5275E+03 -1.9725E+02
            -5.0224E-01  7.3039E+01 -4.7266E+03

0ITERATION NO.:   16    OBJECTIVE VALUE:   49414.4682348521        NO. OF FUNC. EVALS.:  20
 CUMULATIVE NO. OF FUNC. EVALS.:      366
 NPARAMETR:  6.1888E+00  1.8983E-01  2.8393E+01  5.5455E-01  1.1954E-01  4.9839E-01  3.5915E-01  4.9328E-03  4.0545E-04  9.9248E-01
             6.4344E-03  3.6380E-01  5.6904E-01  3.7015E+00  3.5294E-01  2.6977E+00  2.4548E+00 -7.5483E-01  3.5672E+00  8.0285E-01
             1.9165E+00  2.4394E+01  1.3393E+00
 PARAMETER:  1.2064E-01 -8.5428E-02 -1.3738E-01 -6.7049E-01 -3.0788E-02 -1.4558E-02  4.5552E-01 -2.6352E-01  7.6699E-02 -1.2769E-01
             1.6326E-01  2.5353E-02  1.2898E-01  5.8729E-02 -9.5682E-02 -1.8615E-02  1.2976E-01 -2.1681E-01 -2.0890E-01  5.2915E-02
             9.4226E-02  8.1764E-02  1.3451E-01
 GRADIENT:  -3.2393E+01 -1.2151E+01  1.0724E+01  3.9928E+01  5.2692E+02  1.1894E+01 -4.8152E+02  8.9742E+00  4.4053E-01 -1.5916E+01
            -2.0877E+03  3.1138E+00 -1.1312E+01 -1.4820E+01 -1.7108E+01  1.9194E+03 -1.0295E+04  1.3140E+01  1.5424E+03 -1.9926E+02
            -5.0912E-01  7.3113E+01 -4.7723E+03

0ITERATION NO.:   17    OBJECTIVE VALUE:   49414.4682348521        NO. OF FUNC. EVALS.:  37
 CUMULATIVE NO. OF FUNC. EVALS.:      403
 NPARAMETR:  6.1888E+00  1.8983E-01  2.8393E+01  5.5455E-01  1.1954E-01  4.9839E-01  3.5915E-01  4.9328E-03  4.0545E-04  9.9248E-01
             6.4344E-03  3.6380E-01  5.6904E-01  3.7015E+00  3.5294E-01  2.6977E+00  2.4548E+00 -7.5483E-01  3.5672E+00  8.0285E-01
             1.9165E+00  2.4394E+01  1.3393E+00
 PARAMETER:  1.2064E-01 -8.5428E-02 -1.3738E-01 -6.7049E-01 -3.0788E-02 -1.4558E-02  4.5552E-01 -2.6352E-01  7.6699E-02 -1.2769E-01
             1.6326E-01  2.5353E-02  1.2898E-01  5.8729E-02 -9.5682E-02 -1.8615E-02  1.2976E-01 -2.1681E-01 -2.0890E-01  5.2915E-02
             9.4226E-02  8.1764E-02  1.3451E-01
 GRADIENT:  -3.5064E+01 -1.2335E+01  1.0476E+01  3.9583E+01  5.2683E+02  1.1890E+01 -4.8162E+02  8.9667E+00  4.4040E-01 -1.5939E+01
            -2.0879E+03  3.0344E+00 -1.1312E+01 -1.4820E+01 -1.7108E+01  1.9194E+03 -1.0295E+04  1.3140E+01  1.5424E+03 -1.9926E+02
            -5.0912E-01  7.3113E+01 -4.7723E+03

0ITERATION NO.:   18    OBJECTIVE VALUE:   49407.4790762841        NO. OF FUNC. EVALS.:  79
 CUMULATIVE NO. OF FUNC. EVALS.:      482             RESET HESSIAN, TYPE I
 NPARAMETR:  6.2069E+00  1.8984E-01  2.7714E+01  5.5444E-01  1.1953E-01  4.8747E-01  3.5919E-01  4.7307E-03  4.0508E-04  9.9286E-01
             6.4348E-03  3.6378E-01  5.6914E-01  3.7761E+00  3.5299E-01  2.6978E+00  2.4545E+00 -7.5471E-01  3.5667E+00  8.0357E-01
             1.9175E+00  2.4391E+01  1.3393E+00
 PARAMETER:  1.2832E-01 -8.5361E-02 -1.6158E-01 -6.7094E-01 -3.0855E-02 -5.8231E-02  4.5567E-01 -3.0556E-01  7.5800E-02 -7.4940E-02
             1.6331E-01  2.5286E-02  1.2907E-01  6.8700E-02 -9.5615E-02 -1.8600E-02  1.2975E-01 -2.1677E-01 -2.0887E-01  5.2932E-02
             9.4293E-02  8.1697E-02  1.3449E-01
 GRADIENT:   7.4622E+00 -1.0451E+02  9.5614E+01 -4.5541E+01  4.1116E+02  1.1392E+01 -3.2280E+02  4.4511E+00  1.0896E+01  1.9092E+03
            -1.7163E+03  4.3949E+01  1.7173E+01  1.0017E+02 -8.8948E+00  1.6292E+03 -8.5612E+03  1.9985E+01  1.2216E+03 -2.3744E+02
            -5.5740E-01 -4.2839E+03 -3.9144E+03

0ITERATION NO.:   19    OBJECTIVE VALUE:   49406.9497771464        NO. OF FUNC. EVALS.:  19
 CUMULATIVE NO. OF FUNC. EVALS.:      501
 NPARAMETR:  6.2070E+00  1.8984E-01  2.7709E+01  5.5444E-01  1.1953E-01  4.8740E-01  3.5919E-01  4.7295E-03  4.0508E-04  9.9286E-01
             6.4348E-03  3.6378E-01  5.6914E-01  3.7765E+00  3.5299E-01  2.6978E+00  2.4545E+00 -7.5471E-01  3.5667E+00  8.0358E-01
             1.9176E+00  2.4391E+01  1.3393E+00
 PARAMETER:  1.2836E-01 -8.5361E-02 -1.6175E-01 -6.7094E-01 -3.0856E-02 -5.8506E-02  4.5567E-01 -3.0583E-01  7.5793E-02 -7.5105E-02
             1.6331E-01  2.5286E-02  1.2907E-01  6.8756E-02 -9.5615E-02 -1.8599E-02  1.2975E-01 -2.1677E-01 -2.0887E-01  5.2933E-02
             9.4294E-02  8.1697E-02  1.3449E-01
 GRADIENT:   6.8897E+01 -2.8204E+02  2.5842E+02 -1.8505E+02  3.8088E+02  1.1376E+01 -2.0080E+02 -1.9338E-01  3.0117E+01  5.5135E+03
            -1.7237E+03  4.3756E+01  5.9748E+01  3.0252E+02  8.5968E+00  1.7287E+03 -8.8122E+03  2.7090E+01  1.1473E+03 -2.6697E+02
            -5.5020E-01 -1.2455E+04 -3.9283E+03

0ITERATION NO.:   20    OBJECTIVE VALUE:   49406.9497771464        NO. OF FUNC. EVALS.:  34
 CUMULATIVE NO. OF FUNC. EVALS.:      535
 NPARAMETR:  6.2070E+00  1.8984E-01  2.7709E+01  5.5444E-01  1.1953E-01  4.8740E-01  3.5919E-01  4.7295E-03  4.0508E-04  9.9286E-01
             6.4348E-03  3.6378E-01  5.6914E-01  3.7765E+00  3.5299E-01  2.6978E+00  2.4545E+00 -7.5471E-01  3.5667E+00  8.0358E-01
             1.9176E+00  2.4391E+01  1.3393E+00
 PARAMETER:  1.2836E-01 -8.5361E-02 -1.6175E-01 -6.7094E-01 -3.0856E-02 -5.8506E-02  4.5567E-01 -3.0583E-01  7.5793E-02 -7.5105E-02
             1.6331E-01  2.5286E-02  1.2907E-01  6.8756E-02 -9.5615E-02 -1.8599E-02  1.2975E-01 -2.1677E-01 -2.0887E-01  5.2933E-02
             9.4294E-02  8.1697E-02  1.3449E-01
 GRADIENT:   7.2192E+01 -2.8223E+02  2.5811E+02 -1.8540E+02  3.8080E+02  1.1372E+01 -2.0089E+02 -2.0053E-01  3.0115E+01  5.5137E+03
            -1.7240E+03  4.3644E+01  5.9748E+01  3.0252E+02  8.5968E+00  1.7287E+03 -8.8122E+03  2.7090E+01  1.1473E+03 -2.6697E+02
            -5.5020E-01 -1.2455E+04 -3.9283E+03

0ITERATION NO.:   21    OBJECTIVE VALUE:   49403.3113326221        NO. OF FUNC. EVALS.:  79
 CUMULATIVE NO. OF FUNC. EVALS.:      614             RESET HESSIAN, TYPE I
 NPARAMETR:  6.2067E+00  1.8986E-01  2.7705E+01  5.5462E-01  1.1952E-01  4.4376E-01  3.5930E-01  4.7297E-03  4.0303E-04  9.9286E-01
             6.4353E-03  3.6374E-01  5.6898E-01  3.7757E+00  3.5291E-01  2.6972E+00  2.4538E+00 -7.5545E-01  3.5652E+00  8.0568E-01
             1.9249E+00  2.4390E+01  1.3392E+00
 PARAMETER:  1.2822E-01 -8.5252E-02 -1.6192E-01 -6.7021E-01 -3.0964E-02 -2.3403E-01  4.5617E-01 -3.0577E-01  7.0728E-02 -7.5082E-02
             1.6340E-01  2.5177E-02  1.2893E-01  6.8648E-02 -9.5723E-02 -1.8708E-02  1.2972E-01 -2.1701E-01 -2.0909E-01  5.3041E-02
             9.4392E-02  8.1676E-02  1.3446E-01
 GRADIENT:  -6.3948E+02 -6.7533E+02  2.0507E+02  1.4702E+03  1.5731E+04 -6.4363E-01 -1.4650E+04  2.8566E+01  1.2767E+01  5.0207E+03
            -6.0284E+04 -2.4811E+02 -1.2522E+03  9.5787E+01  6.5017E+00  5.5403E+04 -3.0047E+05  6.7530E+01  4.4865E+04 -2.1743E+02
            -5.9509E-01 -1.0894E+04 -1.3881E+05

0ITERATION NO.:   22    OBJECTIVE VALUE:   49403.3113326221        NO. OF FUNC. EVALS.:  30
 CUMULATIVE NO. OF FUNC. EVALS.:      644
 NPARAMETR:  6.2067E+00  1.8986E-01  2.7705E+01  5.5462E-01  1.1952E-01  4.4376E-01  3.5930E-01  4.7297E-03  4.0303E-04  9.9286E-01
             6.4353E-03  3.6374E-01  5.6898E-01  3.7757E+00  3.5291E-01  2.6972E+00  2.4538E+00 -7.5545E-01  3.5652E+00  8.0568E-01
             1.9249E+00  2.4390E+01  1.3392E+00
 PARAMETER:  1.2822E-01 -8.5252E-02 -1.6192E-01 -6.7021E-01 -3.0964E-02 -2.3403E-01  4.5617E-01 -3.0577E-01  7.0728E-02 -7.5082E-02
             1.6340E-01  2.5177E-02  1.2893E-01  6.8648E-02 -9.5723E-02 -1.8708E-02  1.2972E-01 -2.1701E-01 -2.0909E-01  5.3041E-02
             9.4392E-02  8.1676E-02  1.3446E-01
 GRADIENT:  -6.1857E+02 -6.7387E+02  2.0702E+02  1.4703E+03  1.5730E+04 -6.5199E-01 -1.4648E+04  2.8554E+01  1.2767E+01  5.0209E+03
            -6.0283E+04 -2.4510E+02 -1.2522E+03  9.5787E+01  6.5017E+00  5.5403E+04 -3.0047E+05  6.7530E+01  4.4865E+04 -2.1743E+02
            -5.9509E-01 -1.0894E+04 -1.3881E+05

0ITERATION NO.:   23    OBJECTIVE VALUE:   49403.3113326221        NO. OF FUNC. EVALS.:  62
 CUMULATIVE NO. OF FUNC. EVALS.:      706
 NPARAMETR:  6.2067E+00  1.8986E-01  2.7705E+01  5.5462E-01  1.1952E-01  4.4382E-01  3.5930E-01  4.7297E-03  4.0303E-04  9.9286E-01
             6.4353E-03  3.6374E-01  5.6899E-01  3.7757E+00  3.5291E-01  2.6972E+00  2.4538E+00 -7.5544E-01  3.5652E+00  8.0572E-01
             1.9249E+00  2.4390E+01  1.3392E+00
 PARAMETER:  1.2822E-01 -8.5252E-02 -1.6192E-01 -6.7021E-01 -3.0964E-02 -2.3403E-01  4.5617E-01 -3.0577E-01  7.0728E-02 -7.5082E-02
             1.6340E-01  2.5177E-02  1.2893E-01  6.8648E-02 -9.5723E-02 -1.8708E-02  1.2972E-01 -2.1701E-01 -2.0909E-01  5.3041E-02
             9.4392E-02  8.1676E-02  1.3446E-01
 GRADIENT:  -1.1354E+03 -6.9906E+02  2.1487E+02 -4.0004E+03 -2.4846E+04 -6.5225E-01  4.9500E+03  2.2977E+02  1.2223E+01  1.7657E+04
             1.2700E+04  1.1093E+03 -1.5555E+03  1.0587E+02 -1.2189E+03 -2.0763E+04  1.4143E+04 -4.9592E+02 -9.5195E+03 -2.2388E+02
            -1.9830E-01  2.2898E+04  1.4317E+04

 #TERM:
0MINIMIZATION TERMINATED
 DUE TO ROUNDING ERRORS (ERROR=134)
 NO. OF FUNCTION EVALUATIONS USED:      706
 NO. OF SIG. DIGITS UNREPORTABLE

 ETABAR IS THE ARITHMETIC MEAN OF THE ETA-ESTIMATES,
 AND THE P-VALUE IS GIVEN FOR THE NULL HYPOTHESIS THAT THE TRUE MEAN IS 0.

 ETABAR:         3.5434E-02  2.2446E-01 -5.3964E-02 -5.3413E-02 -1.9427E-01 -1.4892E-01  0.0000E+00 -9.5380E-01  3.0886E-01
 SE:             4.4642E-02  1.0141E-01  1.9480E-02  8.9814E-02  9.3087E-02  6.9483E-02  0.0000E+00  1.6698E-01  5.1220E-02
 N:                     231         231         231         231         231         231         231         231         231

 P VAL.:         4.2735E-01  2.6863E-02  5.6010E-03  5.5204E-01  3.6895E-02  3.2088E-02  1.0000E+00  1.1192E-08  1.6441E-09

 ETAshrink(%):   9.8546E+00  2.0509E+01  5.0055E+01  1.6702E+01  2.4908E+01  2.3717E+01  1.0000E+02  4.8500E+01  3.2584E+01
 EBVshrink(%):   5.7368E+00  1.5589E+01  6.1647E+01  1.0068E+01  1.3624E+01  3.4227E+01  0.0000E+00  7.5734E+01  1.0000E+02
 EPSshrink(%):   1.0000E+02

 #TERE:
 Elapsed estimation time in seconds:  5659.06
0R MATRIX ALGORITHMICALLY SINGULAR
 AND ALGORITHMICALLY NON-POSITIVE-SEMIDEFINITE
0R MATRIX IS OUTPUT
0S MATRIX UNOBTAINABLE
0COVARIANCE STEP ABORTED
 Elapsed covariance time in seconds:  4495.99
1
 
 
 
 
 
 
 
 
 
 
 
 
 
 
 
 
 
 
 
 
 ************************************************************************************************************************
 ********************                                                                                ********************
 ********************                         LAPLACIAN CONDITIONAL ESTIMATION                       ********************
 #OBJT:**************                       MINIMUM VALUE OF OBJECTIVE FUNCTION                      ********************
 ********************                                                                                ********************
 ************************************************************************************************************************
 





 #OBJV:********************************************    49403.311       **************************************************
1
 ************************************************************************************************************************
 ********************                                                                                ********************
 ********************                         LAPLACIAN CONDITIONAL ESTIMATION                       ********************
 ********************                             FINAL PARAMETER ESTIMATE                           ********************
 ********************                                                                                ********************
 ************************************************************************************************************************
 


 THETA - VECTOR OF FIXED EFFECTS PARAMETERS   *********


         TH 1      TH 2      TH 3      TH 4      TH 5      TH 6      TH 7      TH 8      TH 9      TH10      TH11      TH12     

 
         6.21E+00  1.90E-01  2.77E+01  5.55E-01  1.20E-01  4.44E-01  3.59E-01  4.73E-03  4.03E-04  9.93E-01  6.44E-03  3.64E-01
 


 OMEGA - COV MATRIX FOR RANDOM EFFECTS - ETAS  ********


            ETA1      ETA2      ETA3      ETA4      ETA5      ETA6      ETA7      ETA8      ETA9   
 
 ETA1
+        5.69E-01
 
 ETA2
+        0.00E+00  3.78E+00
 
 ETA3
+        0.00E+00  0.00E+00  3.53E-01
 
 ETA4
+        0.00E+00  0.00E+00  0.00E+00  2.70E+00
 
 ETA5
+        0.00E+00  0.00E+00  0.00E+00  2.45E+00  3.57E+00
 
 ETA6
+        0.00E+00  0.00E+00  0.00E+00 -7.55E-01  8.06E-01  1.92E+00
 
 ETA7
+        0.00E+00  0.00E+00  0.00E+00  0.00E+00  0.00E+00  0.00E+00  0.00E+00
 
 ETA8
+        0.00E+00  0.00E+00  0.00E+00  0.00E+00  0.00E+00  0.00E+00  0.00E+00  2.44E+01
 
 ETA9
+        0.00E+00  0.00E+00  0.00E+00  0.00E+00  0.00E+00  0.00E+00  0.00E+00  0.00E+00  1.34E+00
 
1


 OMEGA - CORR MATRIX FOR RANDOM EFFECTS - ETAS  *******


            ETA1      ETA2      ETA3      ETA4      ETA5      ETA6      ETA7      ETA8      ETA9   
 
 ETA1
+        7.54E-01
 
 ETA2
+        0.00E+00  1.94E+00
 
 ETA3
+        0.00E+00  0.00E+00  5.94E-01
 
 ETA4
+        0.00E+00  0.00E+00  0.00E+00  1.64E+00
 
 ETA5
+        0.00E+00  0.00E+00  0.00E+00  7.91E-01  1.89E+00
 
 ETA6
+        0.00E+00  0.00E+00  0.00E+00 -3.32E-01  3.08E-01  1.39E+00
 
 ETA7
+        0.00E+00  0.00E+00  0.00E+00  0.00E+00  0.00E+00  0.00E+00  0.00E+00
 
 ETA8
+        0.00E+00  0.00E+00  0.00E+00  0.00E+00  0.00E+00  0.00E+00  0.00E+00  4.94E+00
 
 ETA9
+        0.00E+00  0.00E+00  0.00E+00  0.00E+00  0.00E+00  0.00E+00  0.00E+00  0.00E+00  1.16E+00
 
1
 ************************************************************************************************************************
 ********************                                                                                ********************
 ********************                         LAPLACIAN CONDITIONAL ESTIMATION                       ********************
 ********************                                     R MATRIX                                   ********************
 ********************                                                                                ********************
 ************************************************************************************************************************
 

            TH 1      TH 2      TH 3      TH 4      TH 5      TH 6      TH 7      TH 8      TH 9      TH10      TH11      TH12  
             OM11      OM12      OM13      OM14      OM15      OM16      OM17      OM18      OM19      OM22      OM23      OM24  
            OM25      OM26      OM27      OM28      OM29      OM33      OM34      OM35      OM36      OM37      OM38      OM39  
             OM44      OM45      OM46      OM47      OM48      OM49      OM55      OM56      OM57      OM58      OM59      OM66  
            OM67      OM68      OM69      OM77      OM78      OM79      OM88      OM89      OM99  
 
 TH 1
+        2.41E+05
 
 TH 2
+        5.76E+06  2.48E+08
 
 TH 3
+        2.21E+04  9.92E+03  2.98E+03
 
 TH 4
+       -1.33E+06  2.15E+07  4.72E+04  3.02E+07
 
 TH 5
+        1.76E+07 -1.69E+07  6.41E+05  5.37E+08  7.53E+09
 
 TH 6
+       -1.74E+06 -3.48E+07  2.36E+05 -9.05E+01 -2.33E+02  1.83E+07
 
 TH 7
+        9.79E+05  2.07E+07 -7.04E+04 -5.24E+05 -2.48E+07  5.05E+06  8.83E+07
 
 TH 8
+        1.85E+06  1.19E+07 -4.71E+06 -1.27E+08  3.08E+07 -7.36E+08  2.01E+08 -3.40E+07
 
 TH 9
+       -1.23E+07 -4.94E+10 -5.36E+05  3.81E+07 -1.71E+08  4.67E+04 -4.12E+07  3.12E+08 -1.63E+09
 
 TH10
+       -6.98E+08 -7.09E+10  2.29E+08 -6.28E+09  4.96E+09  7.37E+08  1.06E+10  1.65E+10 -7.44E+11  1.41E+12
 
 TH11
+        9.98E+07  3.23E+07  1.01E+04 -7.89E+07 -1.75E+09  7.24E+02  6.14E+08 -6.82E+07  5.38E+08  4.32E+10  8.51E+11
 
 TH12
+       -1.16E+05  5.95E+07  1.68E+05 -4.72E+06  6.95E+07  1.60E+07  1.61E+07  1.27E+08 -3.07E+07  2.64E+08 -8.80E+08 -2.25E+05
 
 OM11
+       -3.63E+05 -3.29E+06 -1.42E+03 -5.09E+05 -6.73E+06  5.03E+00  1.57E+05  7.56E+06 -4.40E+07 -5.51E+08  1.37E+07 -4.48E+05
         -1.58E+06
 
 OM12
+       ......... ......... ......... ......... ......... ......... ......... ......... ......... ......... ......... .........
         ......... .........
 
 OM13
+       ......... ......... ......... ......... ......... ......... ......... ......... ......... ......... ......... .........
         ......... ......... .........
 
 OM14
+       ......... ......... ......... ......... ......... ......... ......... ......... ......... ......... ......... .........
         ......... ......... ......... .........
 
 OM15
+       ......... ......... ......... ......... ......... ......... ......... ......... ......... ......... ......... .........
         ......... ......... ......... ......... .........
 
 OM16
+       ......... ......... ......... ......... ......... ......... ......... ......... ......... ......... ......... .........
         ......... ......... ......... ......... ......... .........
 
1

            TH 1      TH 2      TH 3      TH 4      TH 5      TH 6      TH 7      TH 8      TH 9      TH10      TH11      TH12  
             OM11      OM12      OM13      OM14      OM15      OM16      OM17      OM18      OM19      OM22      OM23      OM24  
            OM25      OM26      OM27      OM28      OM29      OM33      OM34      OM35      OM36      OM37      OM38      OM39  
             OM44      OM45      OM46      OM47      OM48      OM49      OM55      OM56      OM57      OM58      OM59      OM66  
            OM67      OM68      OM69      OM77      OM78      OM79      OM88      OM89      OM99  
 
 OM17
+       ......... ......... ......... ......... ......... ......... ......... ......... ......... ......... ......... .........
         ......... ......... ......... ......... ......... ......... .........
 
 OM18
+       ......... ......... ......... ......... ......... ......... ......... ......... ......... ......... ......... .........
         ......... ......... ......... ......... ......... ......... ......... .........
 
 OM19
+       ......... ......... ......... ......... ......... ......... ......... ......... ......... ......... ......... .........
         ......... ......... ......... ......... ......... ......... ......... ......... .........
 
 OM22
+       -8.34E+03 -9.02E+03 -3.08E+02  1.86E+04 -1.16E+05  1.96E-01 -2.29E+04  1.89E+05 -3.09E+06 -4.13E+08  2.71E+05 -8.92E+03
         -3.24E+04 ......... ......... ......... ......... ......... ......... ......... ......... -1.82E+03
 
 OM23
+       ......... ......... ......... ......... ......... ......... ......... ......... ......... ......... ......... .........
         ......... ......... ......... ......... ......... ......... ......... ......... ......... ......... .........
 
 OM24
+       ......... ......... ......... ......... ......... ......... ......... ......... ......... ......... ......... .........
         ......... ......... ......... ......... ......... ......... ......... ......... ......... ......... ......... .........
 
 OM25
+       ......... ......... ......... ......... ......... ......... ......... ......... ......... ......... ......... .........
         ......... ......... ......... ......... ......... ......... ......... ......... ......... ......... ......... .........
        .........
 
 OM26
+       ......... ......... ......... ......... ......... ......... ......... ......... ......... ......... ......... .........
         ......... ......... ......... ......... ......... ......... ......... ......... ......... ......... ......... .........
        ......... .........
 
 OM27
+       ......... ......... ......... ......... ......... ......... ......... ......... ......... ......... ......... .........
         ......... ......... ......... ......... ......... ......... ......... ......... ......... ......... ......... .........
        ......... ......... .........
 
 OM28
+       ......... ......... ......... ......... ......... ......... ......... ......... ......... ......... ......... .........
         ......... ......... ......... ......... ......... ......... ......... ......... ......... ......... ......... .........
        ......... ......... ......... .........
 
 OM29
+       ......... ......... ......... ......... ......... ......... ......... ......... ......... ......... ......... .........
         ......... ......... ......... ......... ......... ......... ......... ......... ......... ......... ......... .........
        ......... ......... ......... ......... .........
 
 OM33
+        2.86E+02  5.52E+04 -2.63E+02  2.75E+04  1.99E+04  4.13E+00 -2.47E+04 -2.14E+05 -2.09E+06 -3.82E+08  5.48E+01 -9.06E+03
         -3.40E+01 ......... ......... ......... ......... ......... ......... ......... ......... -1.18E+03 ......... .........
        ......... ......... ......... ......... .........  3.94E+03
 
 OM34
+       ......... ......... ......... ......... ......... ......... ......... ......... ......... ......... ......... .........
         ......... ......... ......... ......... ......... ......... ......... ......... ......... ......... ......... .........
        ......... ......... ......... ......... ......... ......... .........
 
1

            TH 1      TH 2      TH 3      TH 4      TH 5      TH 6      TH 7      TH 8      TH 9      TH10      TH11      TH12  
             OM11      OM12      OM13      OM14      OM15      OM16      OM17      OM18      OM19      OM22      OM23      OM24  
            OM25      OM26      OM27      OM28      OM29      OM33      OM34      OM35      OM36      OM37      OM38      OM39  
             OM44      OM45      OM46      OM47      OM48      OM49      OM55      OM56      OM57      OM58      OM59      OM66  
            OM67      OM68      OM69      OM77      OM78      OM79      OM88      OM89      OM99  
 
 OM35
+       ......... ......... ......... ......... ......... ......... ......... ......... ......... ......... ......... .........
         ......... ......... ......... ......... ......... ......... ......... ......... ......... ......... ......... .........
        ......... ......... ......... ......... ......... ......... ......... .........
 
 OM36
+       ......... ......... ......... ......... ......... ......... ......... ......... ......... ......... ......... .........
         ......... ......... ......... ......... ......... ......... ......... ......... ......... ......... ......... .........
        ......... ......... ......... ......... ......... ......... ......... ......... .........
 
 OM37
+       ......... ......... ......... ......... ......... ......... ......... ......... ......... ......... ......... .........
         ......... ......... ......... ......... ......... ......... ......... ......... ......... ......... ......... .........
        ......... ......... ......... ......... ......... ......... ......... ......... ......... .........
 
 OM38
+       ......... ......... ......... ......... ......... ......... ......... ......... ......... ......... ......... .........
         ......... ......... ......... ......... ......... ......... ......... ......... ......... ......... ......... .........
        ......... ......... ......... ......... ......... ......... ......... ......... ......... ......... .........
 
 OM39
+       ......... ......... ......... ......... ......... ......... ......... ......... ......... ......... ......... .........
         ......... ......... ......... ......... ......... ......... ......... ......... ......... ......... ......... .........
        ......... ......... ......... ......... ......... ......... ......... ......... ......... ......... ......... .........
 
 OM44
+        9.60E+06  8.99E+07  2.74E+04  1.47E+07  1.80E+08 -4.87E+00 -5.17E+06 -1.93E+08  1.09E+09 -7.41E+08 -3.64E+08  1.22E+07
          4.20E+07 ......... ......... ......... ......... ......... ......... ......... .........  7.17E+05 ......... .........
        ......... ......... ......... ......... ......... -2.57E+04 ......... ......... ......... ......... ......... .........
          2.27E+06
 
 OM45
+       -1.42E+07 -1.33E+08 -4.09E+04 -2.17E+07 -2.67E+08 -8.02E+00  7.63E+06  2.87E+08 -1.61E+09  4.86E+08  5.39E+08 -1.81E+07
         -6.22E+07 ......... ......... ......... ......... ......... ......... ......... ......... -1.06E+06 ......... .........
        ......... ......... ......... ......... .........  2.42E+04 ......... ......... ......... ......... ......... .........
         -2.37E+06  1.37E+06
 
 OM46
+        2.57E+03  3.63E+04 -2.40E+01  8.22E+03  6.10E+04 -3.44E+00 -4.79E+03  2.81E+04  8.20E+04 -4.98E+07 -1.18E+05  7.59E+03
          1.36E+04 ......... ......... ......... ......... ......... ......... ......... .........  8.10E+01 ......... .........
        ......... ......... ......... ......... ......... -2.05E+03 ......... ......... ......... ......... ......... .........
         -1.75E+05  3.86E+05 -9.40E+02
 
 OM47
+       ......... ......... ......... ......... ......... ......... ......... ......... ......... ......... ......... .........
         ......... ......... ......... ......... ......... ......... ......... ......... ......... ......... ......... .........
        ......... ......... ......... ......... ......... ......... ......... ......... ......... ......... ......... .........
         ......... ......... ......... .........
 
 OM48
+       ......... ......... ......... ......... ......... ......... ......... ......... ......... ......... ......... .........
         ......... ......... ......... ......... ......... ......... ......... ......... ......... ......... ......... .........
        ......... ......... ......... ......... ......... ......... ......... ......... ......... ......... ......... .........
         ......... ......... ......... ......... .........
 
1

            TH 1      TH 2      TH 3      TH 4      TH 5      TH 6      TH 7      TH 8      TH 9      TH10      TH11      TH12  
             OM11      OM12      OM13      OM14      OM15      OM16      OM17      OM18      OM19      OM22      OM23      OM24  
            OM25      OM26      OM27      OM28      OM29      OM33      OM34      OM35      OM36      OM37      OM38      OM39  
             OM44      OM45      OM46      OM47      OM48      OM49      OM55      OM56      OM57      OM58      OM59      OM66  
            OM67      OM68      OM69      OM77      OM78      OM79      OM88      OM89      OM99  
 
 OM49
+       ......... ......... ......... ......... ......... ......... ......... ......... ......... ......... ......... .........
         ......... ......... ......... ......... ......... ......... ......... ......... ......... ......... ......... .........
        ......... ......... ......... ......... ......... ......... ......... ......... ......... ......... ......... .........
         ......... ......... ......... ......... ......... .........
 
 OM55
+        5.16E+06  4.82E+07  1.50E+04  7.84E+06  9.67E+07  5.66E+00 -2.75E+06 -1.04E+08  5.86E+08  4.31E+07 -1.96E+08  6.55E+06
          2.25E+07 ......... ......... ......... ......... ......... ......... ......... .........  3.86E+05 ......... .........
        ......... ......... ......... ......... ......... -6.04E+03 ......... ......... ......... ......... ......... .........
          9.50E+05 -7.20E+05 -2.12E+05 ......... ......... .........  3.83E+05
 
 OM56
+        5.04E+02  4.37E+03  1.40E+01 -1.17E+02  1.32E+04 -1.55E+00  7.41E+02  5.17E+04  1.91E+05  1.91E+07 -2.87E+04  3.34E+03
          3.30E+03 ......... ......... ......... ......... ......... ......... ......... .........  1.15E+02 ......... .........
        ......... ......... ......... ......... ......... -1.18E+03 ......... ......... ......... ......... ......... .........
          8.00E+02 -9.63E+02  5.15E+02 ......... ......... .........  4.55E+02 -5.86E+02
 
 OM57
+       ......... ......... ......... ......... ......... ......... ......... ......... ......... ......... ......... .........
         ......... ......... ......... ......... ......... ......... ......... ......... ......... ......... ......... .........
        ......... ......... ......... ......... ......... ......... ......... ......... ......... ......... ......... .........
         ......... ......... ......... ......... ......... ......... ......... ......... .........
 
 OM58
+       ......... ......... ......... ......... ......... ......... ......... ......... ......... ......... ......... .........
         ......... ......... ......... ......... ......... ......... ......... ......... ......... ......... ......... .........
        ......... ......... ......... ......... ......... ......... ......... ......... ......... ......... ......... .........
         ......... ......... ......... ......... ......... ......... ......... ......... ......... .........
 
 OM59
+       ......... ......... ......... ......... ......... ......... ......... ......... ......... ......... ......... .........
         ......... ......... ......... ......... ......... ......... ......... ......... ......... ......... ......... .........
        ......... ......... ......... ......... ......... ......... ......... ......... ......... ......... ......... .........
         ......... ......... ......... ......... ......... ......... ......... ......... ......... ......... .........
 
 OM66
+       -8.99E+01 -5.16E+01  1.39E-01 -8.97E+00 -3.48E+02 -1.37E-01 -1.63E+01  9.59E+03 -1.01E+04 -1.35E+06  7.64E+02  5.02E+02
         -8.75E+01 ......... ......... ......... ......... ......... ......... ......... ......... -5.18E+00 ......... .........
        ......... ......... ......... ......... ......... -3.07E+02 ......... ......... ......... ......... ......... .........
         -1.28E+02  2.61E+02 -3.41E+02 ......... ......... ......... -1.04E+02  2.85E+02 ......... ......... ......... -1.53E+02
 
 OM67
+       ......... ......... ......... ......... ......... ......... ......... ......... ......... ......... ......... .........
         ......... ......... ......... ......... ......... ......... ......... ......... ......... ......... ......... .........
        ......... ......... ......... ......... ......... ......... ......... ......... ......... ......... ......... .........
         ......... ......... ......... ......... ......... ......... ......... ......... ......... ......... ......... .........
        .........
 
 OM68
+       ......... ......... ......... ......... ......... ......... ......... ......... ......... ......... ......... .........
         ......... ......... ......... ......... ......... ......... ......... ......... ......... ......... ......... .........
        ......... ......... ......... ......... ......... ......... ......... ......... ......... ......... ......... .........
         ......... ......... ......... ......... ......... ......... ......... ......... ......... ......... ......... .........
        ......... .........
 
1

            TH 1      TH 2      TH 3      TH 4      TH 5      TH 6      TH 7      TH 8      TH 9      TH10      TH11      TH12  
             OM11      OM12      OM13      OM14      OM15      OM16      OM17      OM18      OM19      OM22      OM23      OM24  
            OM25      OM26      OM27      OM28      OM29      OM33      OM34      OM35      OM36      OM37      OM38      OM39  
             OM44      OM45      OM46      OM47      OM48      OM49      OM55      OM56      OM57      OM58      OM59      OM66  
            OM67      OM68      OM69      OM77      OM78      OM79      OM88      OM89      OM99  
 
 OM69
+       ......... ......... ......... ......... ......... ......... ......... ......... ......... ......... ......... .........
         ......... ......... ......... ......... ......... ......... ......... ......... ......... ......... ......... .........
        ......... ......... ......... ......... ......... ......... ......... ......... ......... ......... ......... .........
         ......... ......... ......... ......... ......... ......... ......... ......... ......... ......... ......... .........
        ......... ......... .........
 
 OM77
+       ......... ......... ......... ......... ......... ......... ......... ......... ......... ......... ......... .........
         ......... ......... ......... ......... ......... ......... ......... ......... ......... ......... ......... .........
        ......... ......... ......... ......... ......... ......... ......... ......... ......... ......... ......... .........
         ......... ......... ......... ......... ......... ......... ......... ......... ......... ......... ......... .........
        ......... ......... ......... .........
 
 OM78
+       ......... ......... ......... ......... ......... ......... ......... ......... ......... ......... ......... .........
         ......... ......... ......... ......... ......... ......... ......... ......... ......... ......... ......... .........
        ......... ......... ......... ......... ......... ......... ......... ......... ......... ......... ......... .........
         ......... ......... ......... ......... ......... ......... ......... ......... ......... ......... ......... .........
        ......... ......... ......... ......... .........
 
 OM79
+       ......... ......... ......... ......... ......... ......... ......... ......... ......... ......... ......... .........
         ......... ......... ......... ......... ......... ......... ......... ......... ......... ......... ......... .........
        ......... ......... ......... ......... ......... ......... ......... ......... ......... ......... ......... .........
         ......... ......... ......... ......... ......... ......... ......... ......... ......... ......... ......... .........
        ......... ......... ......... ......... ......... .........
 
 OM88
+        5.89E+03 -3.45E+05  1.79E+03 -1.82E+05 -7.87E+04 -1.62E+01  1.66E+05  3.62E+05  1.45E+07  2.58E+09 -8.97E+04  2.68E+04
          1.42E+04 ......... ......... ......... ......... ......... ......... ......... .........  8.19E+03 ......... .........
        ......... ......... ......... ......... ......... -6.22E+03 ......... ......... ......... ......... ......... .........
          3.74E+03  7.84E+03  1.05E+03 ......... ......... ......... -6.30E+03 -1.56E+03 ......... ......... .........  5.55E+02
        ......... ......... ......... ......... ......... .........  3.60E+03
 
 OM89
+       ......... ......... ......... ......... ......... ......... ......... ......... ......... ......... ......... .........
         ......... ......... ......... ......... ......... ......... ......... ......... ......... ......... ......... .........
        ......... ......... ......... ......... ......... ......... ......... ......... ......... ......... ......... .........
         ......... ......... ......... ......... ......... ......... ......... ......... ......... ......... ......... .........
        ......... ......... ......... ......... ......... ......... ......... .........
 
 OM99
+       -1.58E+07 -1.48E+08 -4.51E+04 -2.42E+07 -2.97E+08  3.94E+00  8.53E+06  3.19E+08 -1.79E+09  1.24E+09  5.99E+08 -2.02E+07
         -6.92E+07 ......... ......... ......... ......... ......... ......... ......... ......... -1.18E+06 ......... .........
        ......... ......... ......... ......... .........  3.81E+04 ......... ......... ......... ......... ......... .........
         -3.22E+06  2.75E+06  2.04E+05 ......... ......... ......... -1.41E+06  4.12E+05 ......... ......... ......... -1.31E+05
        ......... ......... ......... ......... ......... .........  1.11E+05 .........  9.47E+05
 
 #CPUT: Total CPU Time in Seconds,    10125.155
Stop Time:
Mon Aug 31 21:27:06 CEST 2015
