Wed Oct 12 10:22:13 CEST 2016
;; 1. Based on: run1002g
;; 2. Description: Longitudinal Drug Effect P1 - P8; final model;  power 
;; x1. Author: ana
$SIZES      LTH=80 DIMNEW=2000 ;,MAXIDS=1000000
$PROBLEM    Baseline functional system scores
$INPUT      STUDY ID DSS=TIME TRT2CD TRT VISIT EDSS FLAGFS DV RTYPE
            EVID MDV CREA CRCL CD MCD V1000 DISN NVISIT
$DATA      Simulated_Novakovic_2016_multiplesclerosis_cladribine_irt.csv
            IGNORE=@
$PRED 
; Cholesky decomposition allowing to fix one of the parameters of the OMEGA matrix
; Diagonal (Variance)
OM11 = THETA(3)    ;Random effect 1: Disability Baseline
OM22 = THETA(4)    ;Random efefct 2: slope of progression
OM33 = THETA(5)    ;Random effect 3: Age
OM44 = THETA(6)    ;Random effect 4: MSD
OM55 = THETA(7)    ;Random effect 5: EXNB

; Off-diagonal (Correlation)
COR12 = THETA (8)    ;Dis-slope
COR13 = THETA (9)    ;Dis-Age
COR23 = THETA (10)   ;slope-age
COR14 = THETA (11)   ;Dis-MSD
COR24 = THETA (12)   ;slope-MSD
COR34 = THETA (13)   ;Age-MSD
COR15 = THETA (14)   ;Dis-EXNB
COR25 = THETA (15)   ;slope-EXNB
COR35 = THETA (16)   ;Age-EXNB
COR45 = THETA (17)   ;MSD-EXNB


; Off-diagonal (Covariance)
COV12  = SQRT(OM11*OM22)*COR12
COV13  = SQRT(OM11*OM33)*COR13
COV14  = SQRT(OM11*OM44)*COR14
COV15  = SQRT(OM11*OM55)*COR15
COV23  = SQRT(OM22*OM33)*COR23
COV24  = SQRT(OM22*OM44)*COR24
COV25  = SQRT(OM22*OM55)*COR25
COV34  = SQRT(OM33*OM44)*COR34
COV35  = SQRT(OM33*OM55)*COR35
COV45  = SQRT(OM44*OM55)*COR45


; "Interaction terms"
C12   = COV12/SQRT(OM11)
C13   = COV13/SQRT(OM11)
C14   = COV14/SQRT(OM11)
C15   = COV15/SQRT(OM11)
C23   =(COV23-(C12*C13))/SQRT(OM22-(C12*C12))
C24   =(COV24-(C12*C14))/SQRT(OM22-(C12*C12))
C25   =(COV25-(C12*C15))/SQRT(OM22-(C12*C12))
C34   =(COV34-(C13*C14+C23*C24))/SQRT(OM33-(C13*C13+C23*C23))
C35   =(COV35-(C13*C15+C23*C25))/SQRT(OM33-(C13*C13+C23*C23))
C45   =(COV45-(C14*C15+C25*C24+C35*C34))/SQRT(OM44-(C14*C14+C24*C24+C34*C34))


P1     = SQRT(OM11)*ETA(1)                                                                                       ; Random effect Dis
P2     = C12*ETA(1) + SQRT(OM22-(C12*C12))*ETA(2)                                                                ; Random effect Slope
P3     = C13*ETA(1) + C23*ETA(2)+ SQRT(OM33-(C13*C13+C23*C23))*ETA(3)                                            ; Random effect Age
P4     = C14*ETA(1) + C24*ETA(2)+ C34*ETA(3)+ SQRT(OM44-(C14*C14+C24*C24+C34*C34))*ETA(4)                        ; Random effect MSD
P5     = C15*ETA(1) + C25*ETA(2)+ C35*ETA(3)+ C45*ETA(4)+ SQRT(OM55-(C15*C15+C25*C25+C35*C35+C45*C45))*ETA(5)    ; Random effect EXNB

; Drug effect
; Exposure dependent drug effect parameters
EFSM  = THETA(18)*EXP(ETA(6))
EC5S=THETA(19)

; Exposure independent drug effect
EFPM=THETA(20)

; Surrogate exposure calculations
CRL=CRCL
IF(CRCL.GT.150) CRL=150
EXPS=CD*104.5/CRL

EFSS=0
IF(TRT.GE.1.AND.DSS.GT.0) EFSS=EFSM*EXPS/(EXPS+EC5S)

EFPP=0
IF(TRT.GE.1.AND.DSS.GT.0) EFPP=EFPM

PD = P1 + ((THETA(1)+ P2)*(TIME/365)**(THETA(2)))*(1-EFPP)-EFSS            ;Disease parameter

;ICC parameters for EDSS subscores
IF(FLAGFS.EQ.1) THEN                   ;values item 1:PYRAMIDAL 0-5
BGE1   =THETA(24)
BGE2   =THETA(25)
BGE3   =THETA(26)
BGE4   =THETA(27)
BGE5   =THETA(28)
A_1  =THETA(29)
ENDIF
IF(FLAGFS.EQ.2) THEN                   ;values item 2:CEREBELLAR 0-5
BGE1   =THETA(30)
BGE2   =THETA(31)
BGE3   =THETA(32)
BGE4   =THETA(33)
BGE5   =THETA(34)
A_1  =THETA(35)
ENDIF

IF(FLAGFS.EQ.3) THEN                   ;values item 3:BRAINSTEM  0-4
BGE1   =THETA(36)
BGE2   =THETA(37)
BGE3   =THETA(38)
BGE4   =THETA(39)
A_1  =THETA(40)
ENDIF

IF(FLAGFS.EQ.4) THEN                   ;values item 4:SENSORY 0-6
BGE1   =THETA(41)
BGE2   =THETA(42)
BGE3   =THETA(43)
BGE4   =THETA(44)
BGE5   =THETA(45)
BGE6   =THETA(46)
A_1  =THETA(47)
ENDIF

IF(FLAGFS.EQ.5) THEN                   ;values item 5:BOWEL&BLADDER  0-5
BGE1   =THETA(48)
BGE2   =THETA(49)
BGE3   =THETA(50)
BGE4   =THETA(51)
BGE5   =THETA(52)
A_1  =THETA(53)
ENDIF

IF(FLAGFS.EQ.6) THEN                   ;values item 6: VISUAL  0-6
BGE1   =THETA(54)
BGE2   =THETA(55)
BGE3   =THETA(56)
BGE4   =THETA(57)
BGE5   =THETA(58)
BGE6   =THETA(59)
A_1  =THETA(60)
ENDIF

IF(FLAGFS.EQ.7) THEN                   ;values item 7:MENTAL  0-4
BGE1   =THETA(61)
BGE2   =THETA(62)
BGE3   =THETA(63)
BGE4   =THETA(64)
A_1  =THETA(65)
ENDIF

IF(FLAGFS.EQ.8) THEN                   ;values item 8:AMBAID 0-9
BGE1   =THETA(66)
BGE2   =THETA(67)
BGE3   =THETA(68)
BGE4   =THETA(69)
BGE5   =THETA(70)
BGE6   =THETA(71)
BGE7   =THETA(72)
BGE8   =THETA(73)
BGE9   =THETA(74)
A_1  =THETA(75)
ENDIF

Y=EPS(1)
IF(RTYPE.EQ.0) F_FLAG=2 ; -2 log likelihood

IF(FLAGFS.EQ.1) THEN        ;0-5
LGE1 =A_1*(PD-BGE1)                         ;Logits
LGE2 =A_1*(PD-BGE1-BGE2)
LGE3 =A_1*(PD-BGE1-BGE2-BGE3)
LGE4 =A_1*(PD-BGE1-BGE2-BGE3-BGE4)
LGE5 =A_1*(PD-BGE1-BGE2-BGE3-BGE4-BGE5)

PGE1   =EXP(LGE1)/(1+EXP(LGE1))             ;probabilities
PGE2   =EXP(LGE2)/(1+EXP(LGE2))
PGE3   =EXP(LGE3)/(1+EXP(LGE3))
PGE4   =EXP(LGE4)/(1+EXP(LGE4))
PGE5   =EXP(LGE5)/(1+EXP(LGE5))

P01 = 1-PGE1
P11 = PGE1-PGE2
P21 = PGE2-PGE3
P31 = PGE3-PGE4
P41 = PGE4-PGE5
P51 = PGE5
ENDIF

P=1E-16
IF(FLAGFS.EQ.1.AND.DV.EQ.0) P=P01
IF(FLAGFS.EQ.1.AND.DV.EQ.1) P=P11
IF(FLAGFS.EQ.1.AND.DV.EQ.2) P=P21
IF(FLAGFS.EQ.1.AND.DV.EQ.3) P=P31
IF(FLAGFS.EQ.1.AND.DV.EQ.4) P=P41
IF(FLAGFS.EQ.1.AND.DV.GE.5) P=P51


IF(FLAGFS.EQ.2) THEN        ;0-5
LGE1 =A_1*(PD-BGE1)                         ;Logits
LGE2 =A_1*(PD-BGE1-BGE2)
LGE3 =A_1*(PD-BGE1-BGE2-BGE3)
LGE4 =A_1*(PD-BGE1-BGE2-BGE3-BGE4)
LGE5 =A_1*(PD-BGE1-BGE2-BGE3-BGE4-BGE5)

PGE1   =EXP(LGE1)/(1+EXP(LGE1))             ;probabilities
PGE2   =EXP(LGE2)/(1+EXP(LGE2))
PGE3   =EXP(LGE3)/(1+EXP(LGE3))
PGE4   =EXP(LGE4)/(1+EXP(LGE4))
PGE5   =EXP(LGE5)/(1+EXP(LGE5))

P02 = 1-PGE1
P12 = PGE1-PGE2
P22 = PGE2-PGE3
P32 = PGE3-PGE4
P42 = PGE4-PGE5
P52 = PGE5
ENDIF

IF(FLAGFS.EQ.2.AND.DV.EQ.0) P=P02
IF(FLAGFS.EQ.2.AND.DV.EQ.1) P=P12
IF(FLAGFS.EQ.2.AND.DV.EQ.2) P=P22
IF(FLAGFS.EQ.2.AND.DV.EQ.3) P=P32
IF(FLAGFS.EQ.2.AND.DV.EQ.4) P=P42
IF(FLAGFS.EQ.2.AND.DV.GE.5) P=P52


IF(FLAGFS.EQ.3) THEN        ;0-4
LGE1 =A_1*(PD-BGE1)                         ;Logits
LGE2 =A_1*(PD-BGE1-BGE2)
LGE3 =A_1*(PD-BGE1-BGE2-BGE3)
LGE4 =A_1*(PD-BGE1-BGE2-BGE3-BGE4)

PGE1   =EXP(LGE1)/(1+EXP(LGE1))             ;probabilities
PGE2   =EXP(LGE2)/(1+EXP(LGE2))
PGE3   =EXP(LGE3)/(1+EXP(LGE3))
PGE4   =EXP(LGE4)/(1+EXP(LGE4))

P03 = 1-PGE1
P13 = PGE1-PGE2
P23 = PGE2-PGE3
P33 = PGE3-PGE4
P43 = PGE4
ENDIF

IF(FLAGFS.EQ.3.AND.DV.EQ.0) P=P03
IF(FLAGFS.EQ.3.AND.DV.EQ.1) P=P13
IF(FLAGFS.EQ.3.AND.DV.EQ.2) P=P23
IF(FLAGFS.EQ.3.AND.DV.EQ.3) P=P33
IF(FLAGFS.EQ.3.AND.DV.GE.4) P=P43


IF(FLAGFS.EQ.4) THEN        ;0-6
LGE1 =A_1*(PD-BGE1)                         ;Logits
LGE2 =A_1*(PD-BGE1-BGE2)
LGE3 =A_1*(PD-BGE1-BGE2-BGE3)
LGE4 =A_1*(PD-BGE1-BGE2-BGE3-BGE4)
LGE5 =A_1*(PD-BGE1-BGE2-BGE3-BGE4-BGE5)
LGE6 =A_1*(PD-BGE1-BGE2-BGE3-BGE4-BGE5-BGE6)

PGE1   =EXP(LGE1)/(1+EXP(LGE1))             ;probabilities
PGE2   =EXP(LGE2)/(1+EXP(LGE2))
PGE3   =EXP(LGE3)/(1+EXP(LGE3))
PGE4   =EXP(LGE4)/(1+EXP(LGE4))
PGE5   =EXP(LGE5)/(1+EXP(LGE5))
PGE6   =EXP(LGE6)/(1+EXP(LGE6))

P04 = 1-PGE1
P14 = PGE1-PGE2
P24 = PGE2-PGE3
P34 = PGE3-PGE4
P44 = PGE4-PGE5
P54 = PGE5-PGE6
P64 = PGE6
ENDIF

IF(FLAGFS.EQ.4.AND.DV.EQ.0) P=P04
IF(FLAGFS.EQ.4.AND.DV.EQ.1) P=P14
IF(FLAGFS.EQ.4.AND.DV.EQ.2) P=P24
IF(FLAGFS.EQ.4.AND.DV.EQ.3) P=P34
IF(FLAGFS.EQ.4.AND.DV.EQ.4) P=P44
IF(FLAGFS.EQ.4.AND.DV.EQ.5) P=P54
IF(FLAGFS.EQ.4.AND.DV.EQ.6) P=P64


IF(FLAGFS.EQ.5) THEN        ;0-5
LGE1 =A_1*(PD-BGE1)                         ;Logits
LGE2 =A_1*(PD-BGE1-BGE2)
LGE3 =A_1*(PD-BGE1-BGE2-BGE3)
LGE4 =A_1*(PD-BGE1-BGE2-BGE3-BGE4)
LGE5 =A_1*(PD-BGE1-BGE2-BGE3-BGE4-BGE5)

PGE1   =EXP(LGE1)/(1+EXP(LGE1))             ;probabilities
PGE2   =EXP(LGE2)/(1+EXP(LGE2))
PGE3   =EXP(LGE3)/(1+EXP(LGE3))
PGE4   =EXP(LGE4)/(1+EXP(LGE4))
PGE5   =EXP(LGE5)/(1+EXP(LGE5))

P05 = 1-PGE1
P15 = PGE1-PGE2
P25 = PGE2-PGE3
P35 = PGE3-PGE4
P45 = PGE4-PGE5
P55 = PGE5
ENDIF

IF(FLAGFS.EQ.5.AND.DV.EQ.0) P=P05
IF(FLAGFS.EQ.5.AND.DV.EQ.1) P=P15
IF(FLAGFS.EQ.5.AND.DV.EQ.2) P=P25
IF(FLAGFS.EQ.5.AND.DV.EQ.3) P=P35
IF(FLAGFS.EQ.5.AND.DV.EQ.4) P=P45
IF(FLAGFS.EQ.5.AND.DV.GE.5) P=P55


IF(FLAGFS.EQ.6) THEN        ;0-6
LGE1 =A_1*(PD-BGE1)                         ;Logits
LGE2 =A_1*(PD-BGE1-BGE2)
LGE3 =A_1*(PD-BGE1-BGE2-BGE3)
LGE4 =A_1*(PD-BGE1-BGE2-BGE3-BGE4)
LGE5 =A_1*(PD-BGE1-BGE2-BGE3-BGE4-BGE5)
LGE6 =A_1*(PD-BGE1-BGE2-BGE3-BGE4-BGE5-BGE6)

PGE1   =EXP(LGE1)/(1+EXP(LGE1))             ;probabilities
PGE2   =EXP(LGE2)/(1+EXP(LGE2))
PGE3   =EXP(LGE3)/(1+EXP(LGE3))
PGE4   =EXP(LGE4)/(1+EXP(LGE4))
PGE5   =EXP(LGE5)/(1+EXP(LGE5))
PGE6   =EXP(LGE6)/(1+EXP(LGE6))

P06 = 1-PGE1
P16 = PGE1-PGE2
P26 = PGE2-PGE3
P36 = PGE3-PGE4
P46 = PGE4-PGE5
P56 = PGE5-PGE6
P66 = PGE6
ENDIF

IF(FLAGFS.EQ.6.AND.DV.EQ.0) P=P06
IF(FLAGFS.EQ.6.AND.DV.EQ.1) P=P16
IF(FLAGFS.EQ.6.AND.DV.EQ.2) P=P26
IF(FLAGFS.EQ.6.AND.DV.EQ.3) P=P36
IF(FLAGFS.EQ.6.AND.DV.EQ.4) P=P46
IF(FLAGFS.EQ.6.AND.DV.EQ.5) P=P56
IF(FLAGFS.EQ.6.AND.DV.EQ.6) P=P66


IF(FLAGFS.EQ.7) THEN        ;0-4
LGE1 =A_1*(PD-BGE1)                         ;Logits
LGE2 =A_1*(PD-BGE1-BGE2)
LGE3 =A_1*(PD-BGE1-BGE2-BGE3)
LGE4 =A_1*(PD-BGE1-BGE2-BGE3-BGE4)

PGE1   =EXP(LGE1)/(1+EXP(LGE1))             ;probabilities
PGE2   =EXP(LGE2)/(1+EXP(LGE2))
PGE3   =EXP(LGE3)/(1+EXP(LGE3))
PGE4   =EXP(LGE4)/(1+EXP(LGE4))

P07 = 1-PGE1
P17 = PGE1-PGE2
P27 = PGE2-PGE3
P37 = PGE3-PGE4
P47 = PGE4
ENDIF

IF(FLAGFS.EQ.7.AND.DV.EQ.0) P=P07
IF(FLAGFS.EQ.7.AND.DV.EQ.1) P=P17
IF(FLAGFS.EQ.7.AND.DV.EQ.2) P=P27
IF(FLAGFS.EQ.7.AND.DV.EQ.3) P=P37
IF(FLAGFS.EQ.7.AND.DV.GE.4) P=P47


IF(FLAGFS.EQ.8) THEN        ;0-9
LGE1 =A_1*(PD-BGE1)                         ;Logits
LGE2 =A_1*(PD-BGE1-BGE2)
LGE3 =A_1*(PD-BGE1-BGE2-BGE3)
LGE4 =A_1*(PD-BGE1-BGE2-BGE3-BGE4)
LGE5 =A_1*(PD-BGE1-BGE2-BGE3-BGE4-BGE5)
LGE6 =A_1*(PD-BGE1-BGE2-BGE3-BGE4-BGE5-BGE6)
LGE7 =A_1*(PD-BGE1-BGE2-BGE3-BGE4-BGE5-BGE6-BGE7)
LGE8 =A_1*(PD-BGE1-BGE2-BGE3-BGE4-BGE5-BGE6-BGE7-BGE8)
LGE9 =A_1*(PD-BGE1-BGE2-BGE3-BGE4-BGE5-BGE6-BGE7-BGE8-BGE9)

PGE1   =EXP(LGE1)/(1+EXP(LGE1))             ;probabilities
PGE2   =EXP(LGE2)/(1+EXP(LGE2))
PGE3   =EXP(LGE3)/(1+EXP(LGE3))
PGE4   =EXP(LGE4)/(1+EXP(LGE4))
PGE5   =EXP(LGE5)/(1+EXP(LGE5))
PGE6   =EXP(LGE6)/(1+EXP(LGE6))
PGE7   =EXP(LGE7)/(1+EXP(LGE7))
PGE8   =EXP(LGE8)/(1+EXP(LGE8))
PGE9   =EXP(LGE9)/(1+EXP(LGE9))

P08 = 1-PGE1
P18 = PGE1-PGE2
P28 = PGE2-PGE3
P38 = PGE3-PGE4
P48 = PGE4-PGE5
P58 = PGE5-PGE6
P68 = PGE6-PGE7
P78 = PGE7-PGE8
P88 = PGE8-PGE9
P98 = PGE9
ENDIF

IF(FLAGFS.EQ.8.AND.DV.EQ.0) P=P08
IF(FLAGFS.EQ.8.AND.DV.EQ.1) P=P18
IF(FLAGFS.EQ.8.AND.DV.EQ.2) P=P28
IF(FLAGFS.EQ.8.AND.DV.EQ.3) P=P38
IF(FLAGFS.EQ.8.AND.DV.EQ.4) P=P48
IF(FLAGFS.EQ.8.AND.DV.EQ.5) P=P58
IF(FLAGFS.EQ.8.AND.DV.EQ.6) P=P68
IF(FLAGFS.EQ.8.AND.DV.EQ.7) P=P78
IF(FLAGFS.EQ.8.AND.DV.EQ.8) P=P88
IF(FLAGFS.EQ.8.AND.DV.GE.9) P=P98

IF(P.LT.1E-16) P = 1E-16      ;protection against low values
Y=-2*LOG(P)

;FREM
IF(RTYPE.EQ.1) Y=THETA(21)+ P3 +EPS(1)      ; Age
IF(RTYPE.EQ.2) Y=THETA(22)+ P4 +EPS(1)      ; MSD
IF(RTYPE.EQ.3) Y=THETA(23)+ P5 +EPS(1)      ; EXNB

;Simulations
;IF (ICALL.EQ.4) THEN
;    CALL RANDOM (2,R)
;   RAND=R
;   SIM=1
;    IF(R.LE.PGE2) SIM=2
;    IF(R.LE.PGE3) SIM=3
;    IF(R.LE.PGE4) SIM=4
;    IF(R.LE.PGE5) SIM=5
;    IF(R.LE.PGE6) SIM=6
;ENDIF


$THETA  (0,0.093) ; 1 disease prog slope
 (0,0.710) ; 2 disease prog power
 1 FIX ; 3 var_P1 Disability
 (0,0.2) ; 4 var_P2 Slope
 (0,99.329) ; 5 Var_P3 AGE
 (0,54.124) ; 6 Var_P4 MSD
 (0,0.3727) ; 7 Var_P5 EXNB
 (-1,0.11,1) ; 8 Cor Dis-slope
 (-1,0.2645,1) ; 9 Cor Dis-age
 (-1,0.1175,1) ; 10 Cor slope-Age
 (-1,0.2727,1) ; 11 Cor Dis-MSD
 (-1,0.0896,1) ; 12 Cor slope-MSD
 (-1,0.4582,1) ; 13 Cor age-MSD
 (-1,0.0391,1) ; 14 COR dis-EXNB
 (-1,0.0695,1) ; 15 COR slope-EXNB
 (-1,-0.0914,1) ; 16 COR age-EXNB
 (-1,-0.115,1) ; 17 Cor MSD-EXNB
 (0,0.17) ; 18 Emax for symptomatic effect
 (0,408.29) ; 19 EC50 for symptomatic effect
 (0,0.209,1) ; 20 protective effecT
 (0,38.569) ; 21 Age Mean
 (0,8.6697) ; 22 MSD Mean
 (0,1.3540) ; 23 EXNB Mean
 -1.55 ; 24 item 1b1
 (0,1.248) ; 25 item 1b2
 (0,0.818) ; 26 item 1b3
 (0,1.428) ; 27 item 1b4
 (0,1.313) ; 28 item 1b5
 (0,3.172) ; 29 item 1slope
 -0.913 ; 30 item 2b1
 (0,0.963) ; 31 item 2b2
 (0,1.023) ; 32 item 2b3
 (0,1.648) ; 33 item 2b4
 (0,1.074) ; 34 item 2b5
 (0,2.873) ; 35 item 2slope
 -0.112 ; 36 item 3b1
 (0,1.711) ; 37 item 3b2
 (0,2.000) ; 38 item 3b3
 (0,2.780) ; 39 item 3b4
 (0,1.038) ; 40 item 3slope
 -0.783 ; 41 item 4b1
 (0,1.186) ; 42 item 4b2
 (0,1.946) ; 43 item 4b3
 (0,2.345) ; 44 item 4b4
 (0,2.937) ; 45 item 4b5
 (0,2.353) ; 46 item 4b6
 (0,0.993) ; 47 item 4slope
 -0.147 ; 48 item 5b1
 (0,1.887) ; 49 item 5b2
 (0,1.531) ; 50 item 5b3
 (0,2.996) ; 51 item 5b4
 (0,0.968) ; 52 item 5b5
 (0,1.256) ; 53 item 5slope
 -0.037 ; 54 item 6b1
 (0,3.751) ; 55 item 6b2
 (0,2.660) ; 56 item 6b3
 (0,1.6877) ; 57 item 6b4
 (0,1.705) ; 58 item 6b5
 (0,1.637) ; 59 item 6b6
 (0,0.440) ; 60 item 6slope
 0.402 ; 61 item 7b1
 (0,1.111) ; 62 item 7b2
 (0,4.161) ; 63 item 7b3
 (0,2.890) ; 64 item 7b4
 (0,0.912) ; 65 item 7slope
 1.133 ; 66 item 8b1
 (0,0.244) ; 67 item 8b2
 (0,0.225) ; 68 item 8b3
 (0,0.423) ; 69 item 8b4
 (0,0.448) ; 70 item 8b5
 (0,0.484) ; 71 item 8b6
 (0,0.139) ; 72 item 8b7
 (0,0.261) ; 73 item 8b8
 (0,0.351) ; 74 item 8b9
 (0,3.64) ; 75 item 8slope
$OMEGA  1  FIX  ; 1 Disability
$OMEGA  1  FIX  ;    2 Slope
$OMEGA  1  FIX  ;      3 Age
$OMEGA  1  FIX  ;      4 MSD
$OMEGA  1  FIX  ;     5 EXNB
$OMEGA  2.06  ;     4 Emax
$SIGMA  0.00001  FIX
$ESTIMATION MAXEVAL=0 METHOD=COND LAPLACE PRINT=10 NOABORT SLOW
            MSFO=msfb1002h ;

;$COV MATRIX=R

;$SIMULATION (1707)(071981 UNIFORM) ONLYSIM NSUB=1

;$TABLE ID TIME VISIT EDSS TRT PD FLAGFS DV NOPRINT NOAPPEND ONEHEADER FILE=sdtab1002h


NM-TRAN MESSAGES
  
 WARNINGS AND ERRORS (IF ANY) FOR PROBLEM    1
             
 (WARNING  2) NM-TRAN INFERS THAT THE DATA ARE POPULATION.
             
 (WARNING  3) THERE MAY BE AN ERROR IN THE ABBREVIATED CODE. THE FOLLOWING
 ONE OR MORE RANDOM VARIABLES ARE DEFINED WITH "IF" STATEMENTS THAT DO NOT
 PROVIDE DEFINITIONS FOR BOTH THE "THEN" AND "ELSE" CASES. IF ALL
 CONDITIONS FAIL, THE VALUES OF THESE VARIABLES WILL BE ZERO.
  
   LGE1 LGE2 LGE3 LGE4 LGE5 PGE1 PGE2 PGE3 PGE4 PGE5 P01 P11 P21 P31 P41 P51
 P02 P12 P22 P32 P42 P52 P03 P13 P23 P33 P43 LGE6 PGE6 P04 P14 P24 P34 P44
 P54 P64 P05 P15 P25 P35 P45 P55 P06 P16 P26 P36 P46


License Registered to: Uppsala University
Expiration Date:    14 MAR 2017
Current Date:       12 OCT 2016
Days until program expires : 157
1NONLINEAR MIXED EFFECTS MODEL PROGRAM (NONMEM) VERSION 7.3.0
 ORIGINALLY DEVELOPED BY STUART BEAL, LEWIS SHEINER, AND ALISON BOECKMANN
 CURRENT DEVELOPERS ARE ROBERT BAUER, ICON DEVELOPMENT SOLUTIONS,
 AND ALISON BOECKMANN. IMPLEMENTATION, EFFICIENCY, AND STANDARDIZATION
 PERFORMED BY NOUS INFOSYSTEMS.
 
 PROBLEM NO.:         1
 Baseline functional system scores                                       
0DATA CHECKOUT RUN:              NO 
 DATA SET LOCATED ON UNIT NO.:    2
 THIS UNIT TO BE REWOUND:        NO 
 NO. OF DATA RECS IN DATA SET:      241
 NO. OF DATA ITEMS IN DATA SET:  19
 ID DATA ITEM IS DATA ITEM NO.:   2
 DEP VARIABLE IS DATA ITEM NO.:   9
 MDV DATA ITEM IS DATA ITEM NO.: 12
0LABELS FOR DATA ITEMS:
 STUDY ID DSS TRT2CD TRT VISIT EDSS FLAGFS DV RTYPE EVID MDV CREA CRCL CD MCD V1000 DISN NVISIT
0FORMAT FOR DATA:
 (3(6E12.0/),1E12.0)                                                             
 
 TOT. NO. OF OBS RECS:      241
 TOT. NO. OF INDIVIDUALS:      3
0LENGTH OF THETA:  75
0DEFAULT THETA BOUNDARY TEST OMITTED:    NO 
0OMEGA HAS BLOCK FORM:
  1
  0  2
  0  0  3
  0  0  0  4
  0  0  0  0  5
  0  0  0  0  0  6
0DEFAULT OMEGA BOUNDARY TEST OMITTED:    NO 
0SIGMA HAS SIMPLE DIAGONAL FORM WITH DIMENSION:   1
0DEFAULT SIGMA BOUNDARY TEST OMITTED:    NO 
0INITIAL ESTIMATE OF THETA:
 LOWER BOUND    INITIAL EST    UPPER BOUND
  0.0000E+00     0.9300E-01     0.1000E+07
  0.0000E+00     0.7100E+00     0.1000E+07
  0.1000E+01     0.1000E+01     0.1000E+01
  0.0000E+00     0.2000E+00     0.1000E+07
  0.0000E+00     0.9933E+02     0.1000E+07
  0.0000E+00     0.5412E+02     0.1000E+07
  0.0000E+00     0.3727E+00     0.1000E+07
 -0.1000E+01     0.1100E+00     0.1000E+01
 -0.1000E+01     0.2645E+00     0.1000E+01
 -0.1000E+01     0.1175E+00     0.1000E+01
 -0.1000E+01     0.2727E+00     0.1000E+01
 -0.1000E+01     0.8960E-01     0.1000E+01
 -0.1000E+01     0.4582E+00     0.1000E+01
 -0.1000E+01     0.3910E-01     0.1000E+01
 -0.1000E+01     0.6950E-01     0.1000E+01
 -0.1000E+01    -0.9140E-01     0.1000E+01
 -0.1000E+01    -0.1150E+00     0.1000E+01
  0.0000E+00     0.1700E+00     0.1000E+07
  0.0000E+00     0.4083E+03     0.1000E+07
  0.0000E+00     0.2090E+00     0.1000E+01
  0.0000E+00     0.3857E+02     0.1000E+07
  0.0000E+00     0.8670E+01     0.1000E+07
  0.0000E+00     0.1354E+01     0.1000E+07
 -0.1000E+07    -0.1550E+01     0.1000E+07
  0.0000E+00     0.1248E+01     0.1000E+07
  0.0000E+00     0.8180E+00     0.1000E+07
  0.0000E+00     0.1428E+01     0.1000E+07
  0.0000E+00     0.1313E+01     0.1000E+07
  0.0000E+00     0.3172E+01     0.1000E+07
 -0.1000E+07    -0.9130E+00     0.1000E+07
  0.0000E+00     0.9630E+00     0.1000E+07
  0.0000E+00     0.1023E+01     0.1000E+07
  0.0000E+00     0.1648E+01     0.1000E+07
  0.0000E+00     0.1074E+01     0.1000E+07
  0.0000E+00     0.2873E+01     0.1000E+07
 -0.1000E+07    -0.1120E+00     0.1000E+07
  0.0000E+00     0.1711E+01     0.1000E+07
  0.0000E+00     0.2000E+01     0.1000E+07
  0.0000E+00     0.2780E+01     0.1000E+07
  0.0000E+00     0.1038E+01     0.1000E+07
 -0.1000E+07    -0.7830E+00     0.1000E+07
  0.0000E+00     0.1186E+01     0.1000E+07
  0.0000E+00     0.1946E+01     0.1000E+07
  0.0000E+00     0.2345E+01     0.1000E+07
  0.0000E+00     0.2937E+01     0.1000E+07
  0.0000E+00     0.2353E+01     0.1000E+07
  0.0000E+00     0.9930E+00     0.1000E+07
 -0.1000E+07    -0.1470E+00     0.1000E+07
  0.0000E+00     0.1887E+01     0.1000E+07
  0.0000E+00     0.1531E+01     0.1000E+07
  0.0000E+00     0.2996E+01     0.1000E+07
  0.0000E+00     0.9680E+00     0.1000E+07
  0.0000E+00     0.1256E+01     0.1000E+07
 -0.1000E+07    -0.3700E-01     0.1000E+07
  0.0000E+00     0.3751E+01     0.1000E+07
  0.0000E+00     0.2660E+01     0.1000E+07
  0.0000E+00     0.1688E+01     0.1000E+07
  0.0000E+00     0.1705E+01     0.1000E+07
  0.0000E+00     0.1637E+01     0.1000E+07
  0.0000E+00     0.4400E+00     0.1000E+07
 -0.1000E+07     0.4020E+00     0.1000E+07
  0.0000E+00     0.1111E+01     0.1000E+07
  0.0000E+00     0.4161E+01     0.1000E+07
  0.0000E+00     0.2890E+01     0.1000E+07
  0.0000E+00     0.9120E+00     0.1000E+07
 -0.1000E+07     0.1133E+01     0.1000E+07
  0.0000E+00     0.2440E+00     0.1000E+07
  0.0000E+00     0.2250E+00     0.1000E+07
  0.0000E+00     0.4230E+00     0.1000E+07
  0.0000E+00     0.4480E+00     0.1000E+07
  0.0000E+00     0.4840E+00     0.1000E+07
  0.0000E+00     0.1390E+00     0.1000E+07
  0.0000E+00     0.2610E+00     0.1000E+07
  0.0000E+00     0.3510E+00     0.1000E+07
  0.0000E+00     0.3640E+01     0.1000E+07
0INITIAL ESTIMATE OF OMEGA:
 BLOCK SET NO.   BLOCK                                                                    FIXED
        1                                                                                  YES 
                  0.1000E+01
        2                                                                                  YES 
                  0.1000E+01
        3                                                                                  YES 
                  0.1000E+01
        4                                                                                  YES 
                  0.1000E+01
        5                                                                                  YES 
                  0.1000E+01
        6                                                                                   NO 
                  0.2060E+01
0INITIAL ESTIMATE OF SIGMA:
 0.1000E-04
0SIGMA CONSTRAINED TO BE THIS INITIAL ESTIMATE
1


 #TBLN:      1
 #METH: Laplacian Conditional Estimation (Evaluation)

 ESTIMATION STEP OMITTED:                 YES 
 ANALYSIS TYPE:                           POPULATION
 CONDITIONAL ESTIMATES USED:              YES 
 CENTERED ETA:                            NO  
 EPS-ETA INTERACTION:                     NO  
 LAPLACIAN OBJ. FUNC.:                    YES 
 NUMERICAL 2ND DERIVATIVES:               NO  
 NUMERICAL DERIVATIVE 
       FILE REQUEST (NUMDER):             NONE
 MAP (ETAHAT) ESTIMATION METHOD (OPTMAP): 0           
 ETA HESSIAN EVALUATION METHOD (ETADER):  0           
 INITIAL ETA FOR MAP ESTIMATION (MCETA):  0           
 SIGDIGITS FOR MAP ESTIMATION (SIGLO):    100         
 GRADIENT SIGDIGITS OF 
       FIXED EFFECTS PARAMETERS (SIGL):   100         
 EXCLUDE TITLE (NOTITLE):                 NO 
 EXCLUDE COLUMN LABELS (NOLABEL):         NO 
 NOPRIOR SETTING (NOPRIOR):               OFF
 NOCOV SETTING (NOCOV):                   OFF
 DERCONT SETTING (DERCONT):               OFF
 ABSOLUTE TOLERANCE-ADVAN 9,13 ONLY(ATOL):-100        
 FINAL ETA RE-EVALUATION (FNLETA):        ON 
 EXCLUDE NON-INFLUENTIAL (NON-INFL.) ETAS 
       IN SHRINKAGE (ETASTYPE):           NO 
 NON-INFL. ETA CORRECTION (NONINFETA):    OFF
 FORMAT FOR ADDITIONAL FILES (FORMAT):    S1PE12.5
 PARAMETER ORDER FOR OUTPUTS (ORDER):     TSOL
 ADDITIONAL CONVERGENCE TEST (CTYPE=4)?:  NO
 EM OR BAYESIAN METHOD USED:                NONE


 THE FOLLOWING LABELS ARE EQUIVALENT
 PRED=NPRED
 RES=NRES
 WRES=NWRES
 IWRS=NIWRES
 IPRD=NIPRED
 IRS=NIRES

1
 
 
 
 
 
 
 
 
 
 
 
 
 
 
 
 
 
 
 
 
 ************************************************************************************************************************
 ********************                                                                                ********************
 ********************                  LAPLACIAN CONDITIONAL ESTIMATION (EVALUATION)                 ********************
 #OBJT:**************                       MINIMUM VALUE OF OBJECTIVE FUNCTION                      ********************
 ********************                                                                                ********************
 ************************************************************************************************************************
 





 #OBJV:********************************************      418.626       **************************************************
1
 ************************************************************************************************************************
 ********************                                                                                ********************
 ********************                  LAPLACIAN CONDITIONAL ESTIMATION (EVALUATION)                 ********************
 ********************                             FINAL PARAMETER ESTIMATE                           ********************
 ********************                                                                                ********************
 ************************************************************************************************************************
 


 THETA - VECTOR OF FIXED EFFECTS PARAMETERS   *********


         TH 1      TH 2      TH 3      TH 4      TH 5      TH 6      TH 7      TH 8      TH 9      TH10      TH11      TH12     
          TH13      TH14      TH15      TH16      TH17      TH18      TH19      TH20      TH21      TH22      TH23      TH24     
         TH25      TH26      TH27      TH28      TH29      TH30      TH31      TH32      TH33      TH34      TH35      TH36     
          TH37      TH38      TH39      TH40      TH41      TH42      TH43      TH44      TH45      TH46      TH47      TH48     
         TH49      TH50      TH51      TH52      TH53      TH54      TH55      TH56      TH57      TH58      TH59      TH60     
          TH61      TH62      TH63      TH64      TH65      TH66      TH67      TH68      TH69      TH70      TH71      TH72     
         TH73      TH74      TH75     
 
         9.30E-02  7.10E-01  1.00E+00  2.00E-01  9.93E+01  5.41E+01  3.73E-01  1.10E-01  2.64E-01  1.17E-01  2.73E-01  8.96E-02
          4.58E-01  3.91E-02  6.95E-02 -9.14E-02 -1.15E-01  1.70E-01  4.08E+02  2.09E-01  3.86E+01  8.67E+00  1.35E+00 -1.55E+00
         1.25E+00  8.18E-01  1.43E+00  1.31E+00  3.17E+00 -9.13E-01  9.63E-01  1.02E+00  1.65E+00  1.07E+00  2.87E+00 -1.12E-01
          1.71E+00  2.00E+00  2.78E+00  1.04E+00 -7.83E-01  1.19E+00  1.95E+00  2.35E+00  2.94E+00  2.35E+00  9.93E-01 -1.47E-01
         1.89E+00  1.53E+00  3.00E+00  9.68E-01  1.26E+00 -3.70E-02  3.75E+00  2.66E+00  1.69E+00  1.71E+00  1.64E+00  4.40E-01
          4.02E-01  1.11E+00  4.16E+00  2.89E+00  9.12E-01  1.13E+00  2.44E-01  2.25E-01  4.23E-01  4.48E-01  4.84E-01  1.39E-01
         2.61E-01  3.51E-01  3.64E+00
 


 OMEGA - COV MATRIX FOR RANDOM EFFECTS - ETAS  ********


            ETA1      ETA2      ETA3      ETA4      ETA5      ETA6   
 
 ETA1
+        1.00E+00
 
 ETA2
+        0.00E+00  1.00E+00
 
 ETA3
+        0.00E+00  0.00E+00  1.00E+00
 
 ETA4
+        0.00E+00  0.00E+00  0.00E+00  1.00E+00
 
 ETA5
+        0.00E+00  0.00E+00  0.00E+00  0.00E+00  1.00E+00
 
 ETA6
+        0.00E+00  0.00E+00  0.00E+00  0.00E+00  0.00E+00  2.06E+00
 


 SIGMA - COV MATRIX FOR RANDOM EFFECTS - EPSILONS  ****


            EPS1   
 
 EPS1
+        1.00E-05
 
1


 OMEGA - CORR MATRIX FOR RANDOM EFFECTS - ETAS  *******


            ETA1      ETA2      ETA3      ETA4      ETA5      ETA6   
 
 ETA1
+        1.00E+00
 
 ETA2
+        0.00E+00  1.00E+00
 
 ETA3
+        0.00E+00  0.00E+00  1.00E+00
 
 ETA4
+        0.00E+00  0.00E+00  0.00E+00  1.00E+00
 
 ETA5
+        0.00E+00  0.00E+00  0.00E+00  0.00E+00  1.00E+00
 
 ETA6
+        0.00E+00  0.00E+00  0.00E+00  0.00E+00  0.00E+00  1.44E+00
 


 SIGMA - CORR MATRIX FOR RANDOM EFFECTS - EPSILONS  ***


            EPS1   
 
 EPS1
+        3.16E-03
 
 #CPUT: Total CPU Time in Seconds,        0.038
Stop Time:
Wed Oct 12 10:22:23 CEST 2016
