Thu Feb 12 11:50:57 CET 2015
;; 1. Based on: run1002g
;; x1. Author: ana


$SIZES      LTH=80 DIMNEW=2000 ;,MAXIDS=1000000
$PROBLEM    Baseline functional system scores
$INPUT      STUDY ID DSS=TIME TRT2CD TRT VISIT EDSS FLAGFS DV RTYPE
            EVID MDV CREA CRCL CD MCD V1000 DISN NVISIT
$DATA      data_irt_frem2.csv IGNORE=@ IGNORE=(FLAGFS.EQ.9)
            IGNORE=(FLAGFS.EQ.10) IGNORE=(RTYPE.EQ.4)
            IGNORE=(DV.EQ.-99) IGNORE=(TIME.LT.0)
$PRED 
; Diagonal (Variance)
OM11 = THETA(3)    ;Random effect 1: Disability Baseline
OM22 = THETA(4)    ;Random efefct 2: slope of progression
OM33 = THETA(5)    ;Random effect 3: Age
OM44 = THETA(6)    ;Random effect 4: MSD
OM55 = THETA(7)    ;Random effect 5: EXNB


; Off-diagonal (Correlation)
COR12 = THETA (8)    ;Dis-slope
COR13 = THETA (9)    ;Dis-Age
COR23 = THETA (10)   ;slope-age
COR14 = THETA (11)   ;Dis-MSD
COR24 = THETA (12)   ;slope-MSD
COR34 = THETA (13)   ;Age-MSD
COR15 = THETA (14)   ;Dis-EXNB
COR25 = THETA (15)   ;slope-EXNB
COR35 = THETA (16)   ;Age-EXNB
COR45 = THETA (17)   ;MSD-EXNB


; Off-diagonal (Covariance)
COV12  = SQRT(OM11*OM22)*COR12
COV13  = SQRT(OM11*OM33)*COR13
COV14  = SQRT(OM11*OM44)*COR14
COV15  = SQRT(OM11*OM55)*COR15
COV23  = SQRT(OM22*OM33)*COR23
COV24  = SQRT(OM22*OM44)*COR24
COV25  = SQRT(OM22*OM55)*COR25
COV34  = SQRT(OM33*OM44)*COR34
COV35  = SQRT(OM33*OM55)*COR35
COV45  = SQRT(OM44*OM55)*COR45


; "Interaction terms"
C12   = COV12/SQRT(OM11)
C13   = COV13/SQRT(OM11)
C14   = COV14/SQRT(OM11)
C15   = COV15/SQRT(OM11)
C23   =(COV23-(C12*C13))/SQRT(OM22-(C12*C12))
C24   =(COV24-(C12*C14))/SQRT(OM22-(C12*C12))
C25   =(COV25-(C12*C15))/SQRT(OM22-(C12*C12))
C34   =(COV34-(C13*C14+C23*C24))/SQRT(OM33-(C13*C13+C23*C23))
C35   =(COV35-(C13*C15+C23*C25))/SQRT(OM33-(C13*C13+C23*C23))
C45   =(COV45-(C14*C15+C25*C24+C35*C34))/SQRT(OM44-(C14*C14+C24*C24+C34*C34))


P1     = SQRT(OM11)*ETA(1)                          ; Random effect Dis
P2     = C12*ETA(1) + SQRT(OM22-(C12*C12))*ETA(2)   ; Random effect Slope
P3     = C13*ETA(1) + C23*ETA(2)+ SQRT(OM33-(C13*C13+C23*C23))*ETA(3)   ; Random effect Age
P4     = C14*ETA(1) + C24*ETA(2)+ C34*ETA(3)+ SQRT(OM44-(C14*C14+C24*C24+C34*C34))*ETA(4)    ; Random effect MSD
P5     = C15*ETA(1) + C25*ETA(2)+ C35*ETA(3)+ C45*ETA(4)+ SQRT(OM55-(C15*C15+C25*C25+C35*C35+C45*C45))*ETA(5)    ; Random effect EXNB

; Drug effect
; Symptomatic effect parameters
EFSM  = THETA(18)*EXP(ETA(6))
EC5S=THETA(19)

; Protective effect
EFPM=THETA(20)

; Exposure calculations
CRL=CRCL
IF(CRCL.GT.150) CRL=150
EXPS=CD*104.5/CRL

EFSS=0
IF(TRT.GE.1.AND.DSS.GT.0) EFSS=EFSM*EXPS/(EXPS+EC5S)

EFPP=0
IF(TRT.GE.1.AND.DSS.GT.0) EFPP=EFPM

PD = P1 + ((THETA(1)+ P2)*(TIME/365)**(THETA(2)))*(1-EFPP)-EFSS            ;Disease parameter

IF(FLAGFS.EQ.1) THEN                   ;values item 1:PYRAMIDAL 0-5
BGE1   =THETA(24)
BGE2   =THETA(25)
BGE3   =THETA(26)
BGE4   =THETA(27)
BGE5   =THETA(28)
A_1  =THETA(29)
ENDIF
IF(FLAGFS.EQ.2) THEN                   ;values item 2:CEREBELLAR 0-5
BGE1   =THETA(30)
BGE2   =THETA(31)
BGE3   =THETA(32)
BGE4   =THETA(33)
BGE5   =THETA(34)
A_1  =THETA(35)
ENDIF

IF(FLAGFS.EQ.3) THEN                   ;values item 3:BRAINSTEM  0-4
BGE1   =THETA(36)
BGE2   =THETA(37)
BGE3   =THETA(38)
BGE4   =THETA(39)
A_1  =THETA(40)
ENDIF

IF(FLAGFS.EQ.4) THEN                   ;values item 4:SENSORY 0-5  now 6
BGE1   =THETA(41)
BGE2   =THETA(42)
BGE3   =THETA(43)
BGE4   =THETA(44)
BGE5   =THETA(45)
BGE6   =THETA(46)
A_1  =THETA(47)
ENDIF

IF(FLAGFS.EQ.5) THEN                   ;values item 5:BOWEL&BLADDER  0-5
BGE1   =THETA(48)
BGE2   =THETA(49)
BGE3   =THETA(50)
BGE4   =THETA(51)
BGE5   =THETA(52)
A_1  =THETA(53)
ENDIF

IF(FLAGFS.EQ.6) THEN                   ;values item 6: VISUAL  0-6
BGE1   =THETA(54)
BGE2   =THETA(55)
BGE3   =THETA(56)
BGE4   =THETA(57)
BGE5   =THETA(58)
BGE6   =THETA(59)
A_1  =THETA(60)
ENDIF

IF(FLAGFS.EQ.7) THEN                   ;values item 7:MENTAL  0-4
BGE1   =THETA(61)
BGE2   =THETA(62)
BGE3   =THETA(63)
BGE4   =THETA(64)
A_1  =THETA(65)
ENDIF

IF(FLAGFS.EQ.8) THEN                   ;values item 8:AMBAID 0-7 now 9
BGE1   =THETA(66)
BGE2   =THETA(67)
BGE3   =THETA(68)
BGE4   =THETA(69)
BGE5   =THETA(70)
BGE6   =THETA(71)
BGE7   =THETA(72)
BGE8   =THETA(73)
BGE9   =THETA(74)
A_1  =THETA(75)
ENDIF

Y=EPS(1)
IF(RTYPE.EQ.0) F_FLAG=2 ; -2 log likelihood

IF(FLAGFS.EQ.1) THEN        ;0-5
LGE1 =A_1*(PD-BGE1)                         ;Logits
LGE2 =A_1*(PD-BGE1-BGE2)
LGE3 =A_1*(PD-BGE1-BGE2-BGE3)
LGE4 =A_1*(PD-BGE1-BGE2-BGE3-BGE4)
LGE5 =A_1*(PD-BGE1-BGE2-BGE3-BGE4-BGE5)

PGE1   =EXP(LGE1)/(1+EXP(LGE1))             ;probabilities
PGE2   =EXP(LGE2)/(1+EXP(LGE2))
PGE3   =EXP(LGE3)/(1+EXP(LGE3))
PGE4   =EXP(LGE4)/(1+EXP(LGE4))
PGE5   =EXP(LGE5)/(1+EXP(LGE5))

P01 = 1-PGE1
P11 = PGE1-PGE2
P21 = PGE2-PGE3
P31 = PGE3-PGE4
P41 = PGE4-PGE5
P51 = PGE5
ENDIF

P=1E-16
IF(FLAGFS.EQ.1.AND.DV.EQ.0) P=P01
IF(FLAGFS.EQ.1.AND.DV.EQ.1) P=P11
IF(FLAGFS.EQ.1.AND.DV.EQ.2) P=P21
IF(FLAGFS.EQ.1.AND.DV.EQ.3) P=P31
IF(FLAGFS.EQ.1.AND.DV.EQ.4) P=P41
IF(FLAGFS.EQ.1.AND.DV.GE.5) P=P51


IF(FLAGFS.EQ.2) THEN        ;0-5
LGE1 =A_1*(PD-BGE1)                         ;Logits
LGE2 =A_1*(PD-BGE1-BGE2)
LGE3 =A_1*(PD-BGE1-BGE2-BGE3)
LGE4 =A_1*(PD-BGE1-BGE2-BGE3-BGE4)
LGE5 =A_1*(PD-BGE1-BGE2-BGE3-BGE4-BGE5)

PGE1   =EXP(LGE1)/(1+EXP(LGE1))             ;probabilities
PGE2   =EXP(LGE2)/(1+EXP(LGE2))
PGE3   =EXP(LGE3)/(1+EXP(LGE3))
PGE4   =EXP(LGE4)/(1+EXP(LGE4))
PGE5   =EXP(LGE5)/(1+EXP(LGE5))

P02 = 1-PGE1
P12 = PGE1-PGE2
P22 = PGE2-PGE3
P32 = PGE3-PGE4
P42 = PGE4-PGE5
P52 = PGE5
ENDIF

IF(FLAGFS.EQ.2.AND.DV.EQ.0) P=P02
IF(FLAGFS.EQ.2.AND.DV.EQ.1) P=P12
IF(FLAGFS.EQ.2.AND.DV.EQ.2) P=P22
IF(FLAGFS.EQ.2.AND.DV.EQ.3) P=P32
IF(FLAGFS.EQ.2.AND.DV.EQ.4) P=P42
IF(FLAGFS.EQ.2.AND.DV.GE.5) P=P52


IF(FLAGFS.EQ.3) THEN        ;0-4
LGE1 =A_1*(PD-BGE1)                         ;Logits
LGE2 =A_1*(PD-BGE1-BGE2)
LGE3 =A_1*(PD-BGE1-BGE2-BGE3)
LGE4 =A_1*(PD-BGE1-BGE2-BGE3-BGE4)

PGE1   =EXP(LGE1)/(1+EXP(LGE1))             ;probabilities
PGE2   =EXP(LGE2)/(1+EXP(LGE2))
PGE3   =EXP(LGE3)/(1+EXP(LGE3))
PGE4   =EXP(LGE4)/(1+EXP(LGE4))

P03 = 1-PGE1
P13 = PGE1-PGE2
P23 = PGE2-PGE3
P33 = PGE3-PGE4
P43 = PGE4
ENDIF

IF(FLAGFS.EQ.3.AND.DV.EQ.0) P=P03
IF(FLAGFS.EQ.3.AND.DV.EQ.1) P=P13
IF(FLAGFS.EQ.3.AND.DV.EQ.2) P=P23
IF(FLAGFS.EQ.3.AND.DV.EQ.3) P=P33
IF(FLAGFS.EQ.3.AND.DV.GE.4) P=P43


IF(FLAGFS.EQ.4) THEN        ;0-5
LGE1 =A_1*(PD-BGE1)                         ;Logits
LGE2 =A_1*(PD-BGE1-BGE2)
LGE3 =A_1*(PD-BGE1-BGE2-BGE3)
LGE4 =A_1*(PD-BGE1-BGE2-BGE3-BGE4)
LGE5 =A_1*(PD-BGE1-BGE2-BGE3-BGE4-BGE5)
LGE6 =A_1*(PD-BGE1-BGE2-BGE3-BGE4-BGE5-BGE6)

PGE1   =EXP(LGE1)/(1+EXP(LGE1))             ;probabilities
PGE2   =EXP(LGE2)/(1+EXP(LGE2))
PGE3   =EXP(LGE3)/(1+EXP(LGE3))
PGE4   =EXP(LGE4)/(1+EXP(LGE4))
PGE5   =EXP(LGE5)/(1+EXP(LGE5))
PGE6   =EXP(LGE6)/(1+EXP(LGE6))

P04 = 1-PGE1
P14 = PGE1-PGE2
P24 = PGE2-PGE3
P34 = PGE3-PGE4
P44 = PGE4-PGE5
P54 = PGE5-PGE6
P64 = PGE6
ENDIF

IF(FLAGFS.EQ.4.AND.DV.EQ.0) P=P04
IF(FLAGFS.EQ.4.AND.DV.EQ.1) P=P14
IF(FLAGFS.EQ.4.AND.DV.EQ.2) P=P24
IF(FLAGFS.EQ.4.AND.DV.EQ.3) P=P34
IF(FLAGFS.EQ.4.AND.DV.EQ.4) P=P44
IF(FLAGFS.EQ.4.AND.DV.EQ.5) P=P54
IF(FLAGFS.EQ.4.AND.DV.EQ.6) P=P64


IF(FLAGFS.EQ.5) THEN        ;0-5
LGE1 =A_1*(PD-BGE1)                         ;Logits
LGE2 =A_1*(PD-BGE1-BGE2)
LGE3 =A_1*(PD-BGE1-BGE2-BGE3)
LGE4 =A_1*(PD-BGE1-BGE2-BGE3-BGE4)
LGE5 =A_1*(PD-BGE1-BGE2-BGE3-BGE4-BGE5)

PGE1   =EXP(LGE1)/(1+EXP(LGE1))             ;probabilities
PGE2   =EXP(LGE2)/(1+EXP(LGE2))
PGE3   =EXP(LGE3)/(1+EXP(LGE3))
PGE4   =EXP(LGE4)/(1+EXP(LGE4))
PGE5   =EXP(LGE5)/(1+EXP(LGE5))

P05 = 1-PGE1
P15 = PGE1-PGE2
P25 = PGE2-PGE3
P35 = PGE3-PGE4
P45 = PGE4-PGE5
P55 = PGE5
ENDIF

IF(FLAGFS.EQ.5.AND.DV.EQ.0) P=P05
IF(FLAGFS.EQ.5.AND.DV.EQ.1) P=P15
IF(FLAGFS.EQ.5.AND.DV.EQ.2) P=P25
IF(FLAGFS.EQ.5.AND.DV.EQ.3) P=P35
IF(FLAGFS.EQ.5.AND.DV.EQ.4) P=P45
IF(FLAGFS.EQ.5.AND.DV.GE.5) P=P55


IF(FLAGFS.EQ.6) THEN        ;0-6
LGE1 =A_1*(PD-BGE1)                         ;Logits
LGE2 =A_1*(PD-BGE1-BGE2)
LGE3 =A_1*(PD-BGE1-BGE2-BGE3)
LGE4 =A_1*(PD-BGE1-BGE2-BGE3-BGE4)
LGE5 =A_1*(PD-BGE1-BGE2-BGE3-BGE4-BGE5)
LGE6 =A_1*(PD-BGE1-BGE2-BGE3-BGE4-BGE5-BGE6)

PGE1   =EXP(LGE1)/(1+EXP(LGE1))             ;probabilities
PGE2   =EXP(LGE2)/(1+EXP(LGE2))
PGE3   =EXP(LGE3)/(1+EXP(LGE3))
PGE4   =EXP(LGE4)/(1+EXP(LGE4))
PGE5   =EXP(LGE5)/(1+EXP(LGE5))
PGE6   =EXP(LGE6)/(1+EXP(LGE6))

P06 = 1-PGE1
P16 = PGE1-PGE2
P26 = PGE2-PGE3
P36 = PGE3-PGE4
P46 = PGE4-PGE5
P56 = PGE5-PGE6
P66 = PGE6
ENDIF

IF(FLAGFS.EQ.6.AND.DV.EQ.0) P=P06
IF(FLAGFS.EQ.6.AND.DV.EQ.1) P=P16
IF(FLAGFS.EQ.6.AND.DV.EQ.2) P=P26
IF(FLAGFS.EQ.6.AND.DV.EQ.3) P=P36
IF(FLAGFS.EQ.6.AND.DV.EQ.4) P=P46
IF(FLAGFS.EQ.6.AND.DV.EQ.5) P=P56
IF(FLAGFS.EQ.6.AND.DV.EQ.6) P=P66


IF(FLAGFS.EQ.7) THEN        ;0-4
LGE1 =A_1*(PD-BGE1)                         ;Logits
LGE2 =A_1*(PD-BGE1-BGE2)
LGE3 =A_1*(PD-BGE1-BGE2-BGE3)
LGE4 =A_1*(PD-BGE1-BGE2-BGE3-BGE4)

PGE1   =EXP(LGE1)/(1+EXP(LGE1))             ;probabilities
PGE2   =EXP(LGE2)/(1+EXP(LGE2))
PGE3   =EXP(LGE3)/(1+EXP(LGE3))
PGE4   =EXP(LGE4)/(1+EXP(LGE4))

P07 = 1-PGE1
P17 = PGE1-PGE2
P27 = PGE2-PGE3
P37 = PGE3-PGE4
P47 = PGE4
ENDIF

IF(FLAGFS.EQ.7.AND.DV.EQ.0) P=P07
IF(FLAGFS.EQ.7.AND.DV.EQ.1) P=P17
IF(FLAGFS.EQ.7.AND.DV.EQ.2) P=P27
IF(FLAGFS.EQ.7.AND.DV.EQ.3) P=P37
IF(FLAGFS.EQ.7.AND.DV.GE.4) P=P47


IF(FLAGFS.EQ.8) THEN        ;0-7
LGE1 =A_1*(PD-BGE1)                         ;Logits
LGE2 =A_1*(PD-BGE1-BGE2)
LGE3 =A_1*(PD-BGE1-BGE2-BGE3)
LGE4 =A_1*(PD-BGE1-BGE2-BGE3-BGE4)
LGE5 =A_1*(PD-BGE1-BGE2-BGE3-BGE4-BGE5)
LGE6 =A_1*(PD-BGE1-BGE2-BGE3-BGE4-BGE5-BGE6)
LGE7 =A_1*(PD-BGE1-BGE2-BGE3-BGE4-BGE5-BGE6-BGE7)
LGE8 =A_1*(PD-BGE1-BGE2-BGE3-BGE4-BGE5-BGE6-BGE7-BGE8)
LGE9 =A_1*(PD-BGE1-BGE2-BGE3-BGE4-BGE5-BGE6-BGE7-BGE8-BGE9)

PGE1   =EXP(LGE1)/(1+EXP(LGE1))             ;probabilities
PGE2   =EXP(LGE2)/(1+EXP(LGE2))
PGE3   =EXP(LGE3)/(1+EXP(LGE3))
PGE4   =EXP(LGE4)/(1+EXP(LGE4))
PGE5   =EXP(LGE5)/(1+EXP(LGE5))
PGE6   =EXP(LGE6)/(1+EXP(LGE6))
PGE7   =EXP(LGE7)/(1+EXP(LGE7))
PGE8   =EXP(LGE8)/(1+EXP(LGE8))
PGE9   =EXP(LGE9)/(1+EXP(LGE9))

P08 = 1-PGE1
P18 = PGE1-PGE2
P28 = PGE2-PGE3
P38 = PGE3-PGE4
P48 = PGE4-PGE5
P58 = PGE5-PGE6
P68 = PGE6-PGE7
P78 = PGE7-PGE8
P88 = PGE8-PGE9
P98 = PGE9
ENDIF

IF(FLAGFS.EQ.8.AND.DV.EQ.0) P=P08
IF(FLAGFS.EQ.8.AND.DV.EQ.1) P=P18
IF(FLAGFS.EQ.8.AND.DV.EQ.2) P=P28
IF(FLAGFS.EQ.8.AND.DV.EQ.3) P=P38
IF(FLAGFS.EQ.8.AND.DV.EQ.4) P=P48
IF(FLAGFS.EQ.8.AND.DV.EQ.5) P=P58
IF(FLAGFS.EQ.8.AND.DV.EQ.6) P=P68
IF(FLAGFS.EQ.8.AND.DV.EQ.7) P=P78
IF(FLAGFS.EQ.8.AND.DV.EQ.8) P=P88
IF(FLAGFS.EQ.8.AND.DV.GE.9) P=P98

IF(P.LT.1E-16) P = 1E-16
;IF(P.GT.(1-1E-16)) P = 1-1E-16
Y=-2*LOG(P)

IF(RTYPE.EQ.1) Y=THETA(21)+ P3 +EPS(1)      ; Age
IF(RTYPE.EQ.2) Y=THETA(22)+ P4 +EPS(1)      ; MSD
IF(RTYPE.EQ.3) Y=THETA(23)+ P5 +EPS(1)      ; EXNB

;Simulations
;IF (ICALL.EQ.4) THEN
;    CALL RANDOM (2,R)
;   RAND=R
;   SIM=1
;    IF(R.LE.PGE2) SIM=2
;    IF(R.LE.PGE3) SIM=3
;    IF(R.LE.PGE4) SIM=4
;    IF(R.LE.PGE5) SIM=5
;    IF(R.LE.PGE6) SIM=6
;ENDIF


$THETA  (0,0.093) ; 1 disease prog slope
 (0,0.710) ; 2 disease prog power
 1 FIX ; 3 var_P1 Disability
 (0,0.2) ; 4 var_P2 Slope
 (0,99.329) ; 5 Var_P3 AGE
 (0,54.124) ; 6 Var_P4 MSD
 (0,0.3727) ; 7 Var_P5 EXNB
 (-1,0.11,1) ; 8 Cor Dis-slope
 (-1,0.2645,1) ; 9 Cor Dis-age
 (-1,0.1175,1) ; 10 Cor slope-Age
 (-1,0.2727,1) ; 11 Cor Dis-MSD
 (-1,0.0896,1) ; 12 Cor slope-MSD
 (-1,0.4582,1) ; 13 Cor age-MSD
 (-1,0.0391,1) ; 14 COR dis-EXNB
 (-1,0.0695,1) ; 15 COR slope-EXNB
 (-1,-0.0914,1) ; 16 COR age-EXNB
 (-1,-0.115,1) ; 17 Cor MSD-EXNB
 (0,0.17) ; 18 Emax for symptomatic effect
 (0,408.29) ; 19 EC50 for symptomatic effect
 (0,0.209,1) ; 20 protective effecT
 (0,38.569) ; 21 Age Mean
 (0,8.6697) ; 22 MSD Mean
 (0,1.3540) ; 23 EXNB Mean
 -1.55 ; 24 item 1b1
 (0,1.248) ; 25 item 1b2
 (0,0.818) ; 26 item 1b3
 (0,1.428) ; 27 item 1b4
 (0,1.313) ; 28 item 1b5
 (0,3.172) ; 29 item 1slope
 -0.913 ; 30 item 2b1
 (0,0.963) ; 31 item 2b2
 (0,1.023) ; 32 item 2b3
 (0,1.648) ; 33 item 2b4
 (0,1.074) ; 34 item 2b5
 (0,2.873) ; 35 item 2slope
 -0.112 ; 36 item 3b1
 (0,1.711) ; 37 item 3b2
 (0,2.000) ; 38 item 3b3
 (0,2.780) ; 39 item 3b4
 (0,1.038) ; 40 item 3slope
 -0.783 ; 41 item 4b1
 (0,1.186) ; 42 item 4b2
 (0,1.946) ; 43 item 4b3
 (0,2.345) ; 44 item 4b4
 (0,2.937) ; 45 item 4b5
 (0,2.353) ; 46 item 4b6
 (0,0.993) ; 47 item 4slope
 -0.147 ; 48 item 5b1
 (0,1.887) ; 49 item 5b2
 (0,1.531) ; 50 item 5b3
 (0,2.996) ; 51 item 5b4
 (0,0.968) ; 52 item 5b5
 (0,1.256) ; 53 item 5slope
 -0.037 ; 54 item 6b1
 (0,3.751) ; 55 item 6b2
 (0,2.660) ; 56 item 6b3
 (0,1.6877) ; 57 item 6b4
 (0,1.705) ; 58 item 6b5
 (0,1.637) ; 59 item 6b6
 (0,0.440) ; 60 item 6slope
 0.402 ; 61 item 7b1
 (0,1.111) ; 62 item 7b2
 (0,4.161) ; 63 item 7b3
 (0,2.890) ; 64 item 7b4
 (0,0.912) ; 65 item 7slope
 1.133 ; 66 item 8b1
 (0,0.244) ; 67 item 8b2
 (0,0.225) ; 68 item 8b3
 (0,0.423) ; 69 item 8b4
 (0,0.448) ; 70 item 8b5
 (0,0.484) ; 71 item 8b6
 (0,0.139) ; 72 item 8b7
 (0,0.261) ; 73 item 8b8
 (0,0.351) ; 74 item 8b9
 (0,3.64) ; 75 item 8slope
$OMEGA  1  FIX  ; 1 Disability
$OMEGA  1  FIX  ;    2 Slope
$OMEGA  1  FIX  ;      3 Age
$OMEGA  1  FIX  ;      4 MSD
$OMEGA  1  FIX  ;     5 EXNB
$OMEGA  2.06  ;     4 Emax
$SIGMA  0.00001  FIX
$ESTIMATION MAXEVAL=9990 METHOD=COND LAPLACE PRINT=10 NOABORT SLOW
            MSFO=msfb1002h ;
$COVARIANCE MATRIX=R
;$SIMULATION (1707)(071981 UNIFORM) ONLYSIM NSUB=1
$TABLE      ID TIME VISIT EDSS TRT PD FLAGFS DV NOPRINT NOAPPEND
            ONEHEADER FILE=sdtab1002h


NM-TRAN MESSAGES
  
 WARNINGS AND ERRORS (IF ANY) FOR PROBLEM    1
             
 (WARNING  2) NM-TRAN INFERS THAT THE DATA ARE POPULATION.
             
 (WARNING  3) THERE MAY BE AN ERROR IN THE ABBREVIATED CODE. THE FOLLOWING
 ONE OR MORE RANDOM VARIABLES ARE DEFINED WITH "IF" STATEMENTS THAT DO NOT
 PROVIDE DEFINITIONS FOR BOTH THE "THEN" AND "ELSE" CASES. IF ALL
 CONDITIONS FAIL, THE VALUES OF THESE VARIABLES WILL BE ZERO.
  
   LGE1 LGE2 LGE3 LGE4 LGE5 PGE1 PGE2 PGE3 PGE4 PGE5 P01 P11 P21 P31 P41 P51
 P02 P12 P22 P32 P42 P52 P03 P13 P23 P33 P43 LGE6 PGE6 P04 P14 P24 P34 P44
 P54 P64 P05 P15 P25 P35 P45 P55 P06 P16 P26 P36 P46   


License Registered to: Uppsala University
Expiration Date:    14 MAR 2015
Current Date:       12 FEB 2015
Days until program expires :  32
1NONLINEAR MIXED EFFECTS MODEL PROGRAM (NONMEM) VERSION 7.3.0
 ORIGINALLY DEVELOPED BY STUART BEAL, LEWIS SHEINER, AND ALISON BOECKMANN
 CURRENT DEVELOPERS ARE ROBERT BAUER, ICON DEVELOPMENT SOLUTIONS,
 AND ALISON BOECKMANN. IMPLEMENTATION, EFFICIENCY, AND STANDARDIZATION
 PERFORMED BY NOUS INFOSYSTEMS.
 
 PROBLEM NO.:         1
 Baseline functional system scores                                       
0DATA CHECKOUT RUN:              NO 
 DATA SET LOCATED ON UNIT NO.:    2
 THIS UNIT TO BE REWOUND:        NO 
 NO. OF DATA RECS IN DATA SET:   108163
 NO. OF DATA ITEMS IN DATA SET:  19
 ID DATA ITEM IS DATA ITEM NO.:   2
 DEP VARIABLE IS DATA ITEM NO.:   9
 MDV DATA ITEM IS DATA ITEM NO.: 12
0LABELS FOR DATA ITEMS:
 STUDY ID DSS TRT2CD TRT VISIT EDSS FLAGFS DV RTYPE EVID MDV CREA CRCL CD MCD V1000 DISN NVISIT
0(NONBLANK) LABELS FOR PRED-DEFINED ITEMS:
 PD
0FORMAT FOR DATA:
 (E5.0,E4.0,E3.0,2E1.0,E5.0,E3.0,E2.0,E11.0,3E1.0,E3.0,6E5.0)                    
 
 TOT. NO. OF OBS RECS:   108163
 TOT. NO. OF INDIVIDUALS:   1319
0LENGTH OF THETA:  75
0DEFAULT THETA BOUNDARY TEST OMITTED:    NO 
0OMEGA HAS BLOCK FORM:
  1
  0  2
  0  0  3
  0  0  0  4
  0  0  0  0  5
  0  0  0  0  0  6
0DEFAULT OMEGA BOUNDARY TEST OMITTED:    NO 
0SIGMA HAS SIMPLE DIAGONAL FORM WITH DIMENSION:   1
0DEFAULT SIGMA BOUNDARY TEST OMITTED:    NO 
0INITIAL ESTIMATE OF THETA:
 LOWER BOUND    INITIAL EST    UPPER BOUND
  0.0000E+00     0.9300E-01     0.1000E+07
  0.0000E+00     0.7100E+00     0.1000E+07
  0.1000E+01     0.1000E+01     0.1000E+01
  0.0000E+00     0.2000E+00     0.1000E+07
  0.0000E+00     0.9933E+02     0.1000E+07
  0.0000E+00     0.5412E+02     0.1000E+07
  0.0000E+00     0.3727E+00     0.1000E+07
 -0.1000E+01     0.1100E+00     0.1000E+01
 -0.1000E+01     0.2645E+00     0.1000E+01
 -0.1000E+01     0.1175E+00     0.1000E+01
 -0.1000E+01     0.2727E+00     0.1000E+01
 -0.1000E+01     0.8960E-01     0.1000E+01
 -0.1000E+01     0.4582E+00     0.1000E+01
 -0.1000E+01     0.3910E-01     0.1000E+01
 -0.1000E+01     0.6950E-01     0.1000E+01
 -0.1000E+01    -0.9140E-01     0.1000E+01
 -0.1000E+01    -0.1150E+00     0.1000E+01
  0.0000E+00     0.1700E+00     0.1000E+07
  0.0000E+00     0.4083E+03     0.1000E+07
  0.0000E+00     0.2090E+00     0.1000E+01
  0.0000E+00     0.3857E+02     0.1000E+07
  0.0000E+00     0.8670E+01     0.1000E+07
  0.0000E+00     0.1354E+01     0.1000E+07
 -0.1000E+07    -0.1550E+01     0.1000E+07
  0.0000E+00     0.1248E+01     0.1000E+07
  0.0000E+00     0.8180E+00     0.1000E+07
  0.0000E+00     0.1428E+01     0.1000E+07
  0.0000E+00     0.1313E+01     0.1000E+07
  0.0000E+00     0.3172E+01     0.1000E+07
 -0.1000E+07    -0.9130E+00     0.1000E+07
  0.0000E+00     0.9630E+00     0.1000E+07
  0.0000E+00     0.1023E+01     0.1000E+07
  0.0000E+00     0.1648E+01     0.1000E+07
  0.0000E+00     0.1074E+01     0.1000E+07
  0.0000E+00     0.2873E+01     0.1000E+07
 -0.1000E+07    -0.1120E+00     0.1000E+07
  0.0000E+00     0.1711E+01     0.1000E+07
  0.0000E+00     0.2000E+01     0.1000E+07
  0.0000E+00     0.2780E+01     0.1000E+07
  0.0000E+00     0.1038E+01     0.1000E+07
 -0.1000E+07    -0.7830E+00     0.1000E+07
  0.0000E+00     0.1186E+01     0.1000E+07
  0.0000E+00     0.1946E+01     0.1000E+07
  0.0000E+00     0.2345E+01     0.1000E+07
  0.0000E+00     0.2937E+01     0.1000E+07
  0.0000E+00     0.2353E+01     0.1000E+07
  0.0000E+00     0.9930E+00     0.1000E+07
 -0.1000E+07    -0.1470E+00     0.1000E+07
  0.0000E+00     0.1887E+01     0.1000E+07
  0.0000E+00     0.1531E+01     0.1000E+07
  0.0000E+00     0.2996E+01     0.1000E+07
  0.0000E+00     0.9680E+00     0.1000E+07
  0.0000E+00     0.1256E+01     0.1000E+07
 -0.1000E+07    -0.3700E-01     0.1000E+07
  0.0000E+00     0.3751E+01     0.1000E+07
  0.0000E+00     0.2660E+01     0.1000E+07
  0.0000E+00     0.1688E+01     0.1000E+07
  0.0000E+00     0.1705E+01     0.1000E+07
  0.0000E+00     0.1637E+01     0.1000E+07
  0.0000E+00     0.4400E+00     0.1000E+07
 -0.1000E+07     0.4020E+00     0.1000E+07
  0.0000E+00     0.1111E+01     0.1000E+07
  0.0000E+00     0.4161E+01     0.1000E+07
  0.0000E+00     0.2890E+01     0.1000E+07
  0.0000E+00     0.9120E+00     0.1000E+07
 -0.1000E+07     0.1133E+01     0.1000E+07
  0.0000E+00     0.2440E+00     0.1000E+07
  0.0000E+00     0.2250E+00     0.1000E+07
  0.0000E+00     0.4230E+00     0.1000E+07
  0.0000E+00     0.4480E+00     0.1000E+07
  0.0000E+00     0.4840E+00     0.1000E+07
  0.0000E+00     0.1390E+00     0.1000E+07
  0.0000E+00     0.2610E+00     0.1000E+07
  0.0000E+00     0.3510E+00     0.1000E+07
  0.0000E+00     0.3640E+01     0.1000E+07
0INITIAL ESTIMATE OF OMEGA:
 BLOCK SET NO.   BLOCK                                                                    FIXED
        1                                                                                  YES 
                  0.1000E+01
        2                                                                                  YES 
                  0.1000E+01
        3                                                                                  YES 
                  0.1000E+01
        4                                                                                  YES 
                  0.1000E+01
        5                                                                                  YES 
                  0.1000E+01
        6                                                                                   NO 
                  0.2060E+01
0INITIAL ESTIMATE OF SIGMA:
 0.1000E-04
0SIGMA CONSTRAINED TO BE THIS INITIAL ESTIMATE
0COVARIANCE STEP OMITTED:        NO 
 R MATRIX SUBSTITUTED:          YES 
 S MATRIX SUBSTITUTED:           NO 
 EIGENVLS. PRINTED:              NO 
 COMPRESSED FORMAT:              NO 
 SIGDIGITS ETAHAT (SIGLO):                  -1          
 SIGDIGITS GRADIENTS (SIGL):                -1          
 RELATIVE TOLERANCE (TOL):                  -1          
 ABSOLUTE TOLERANCE-ADVAN 9,13 ONLY (ATOL): -1          
 EXCLUDE COV FOR FOCE (NOFCOV):              NO   
 RESUME COV ANALYSIS (RESUME):               NO   
0TABLES STEP OMITTED:    NO 
 NO. OF TABLES:           1
 SEED NUMBER (SEED):    11456       
 RANMETHOD:                                 
 MC SAMPLES (ESEED):    300         
 WRES SQUARE ROOT TYPE:            EIGENVALUE
0-- TABLE   1 --
04 COLUMNS APPENDED:     NO 
 PRINTED:                NO 
 HEADERS:               ONE
 FILE TO BE FORWARDED:   NO 
 FORMAT:                S1PE11.4
 LFORMAT:               
 RFORMAT:               
0USER-CHOSEN ITEMS:
 ID DSS VISIT EDSS TRT PD FLAGFS DV

 #PARA: PARAFILE=/opt/local64/nonmem/nm_7.2.0_g/runfiles/mpilinux8.pnm, PROTOCOL=MPI, NODES= 10

1


 #TBLN:      1
 #METH: Laplacian Conditional Estimation

 ESTIMATION STEP OMITTED:                 NO  
 ANALYSIS TYPE:                           POPULATION
 SLOW GRADIENT METHOD USED:               YES 
 CONDITIONAL ESTIMATES USED:              YES 
 CENTERED ETA:                            NO  
 EPS-ETA INTERACTION:                     NO  
 LAPLACIAN OBJ. FUNC.:                    YES 
 NUMERICAL 2ND DERIVATIVES:               NO  
 NO. OF FUNCT. EVALS. ALLOWED:            9990
 NO. OF SIG. FIGURES REQUIRED:            3
 INTERMEDIATE PRINTOUT:                   YES 
 ESTIMATE OUTPUT TO MSF:                  YES 
 ABORT WITH PRED EXIT CODE 1:             NO  
 IND. OBJ. FUNC. VALUES SORTED:           NO  
 NUMERICAL DERIVATIVE 
       FILE REQUEST (NUMDER):             NONE
 MAP (ETAHAT) ESTIMATION METHOD (OPTMAP): 0           
 ETA HESSIAN EVALUATION METHOD (ETADER):  0           
 INITIAL ETA FOR MAP ESTIMATION (MCETA):  0           
 SIGDIGITS FOR MAP ESTIMATION (SIGLO):    100         
 GRADIENT SIGDIGITS OF 
       FIXED EFFECTS PARAMETERS (SIGL):   100         
 EXCLUDE TITLE (NOTITLE):                 NO 
 EXCLUDE COLUMN LABELS (NOLABEL):         NO 
 NOPRIOR SETTING (NOPRIOR):               OFF
 NOCOV SETTING (NOCOV):                   OFF
 DERCONT SETTING (DERCONT):               OFF
 ABSOLUTE TOLERANCE-ADVAN 9,13 ONLY(ATOL):-100        
 FINAL ETA RE-EVALUATION (FNLETA):        ON 
 EXCLUDE NON-INFLUENTIAL (NON-INFL.) ETAS 
       IN SHRINKAGE (ETASTYPE):           NO 
 NON-INFL. ETA CORRECTION (NONINFETA):    OFF
 FORMAT FOR ADDITIONAL FILES (FORMAT):    S1PE12.5
 PARAMETER ORDER FOR OUTPUTS (ORDER):     TSOL
 ADDITIONAL CONVERGENCE TEST (CTYPE=4)?:  NO
 EM OR BAYESIAN METHOD USED:                NONE


 THE FOLLOWING LABELS ARE EQUIVALENT
 PRED=NPRED
 RES=NRES
 WRES=NWRES
 IWRS=NIWRES
 IPRD=NIPRED
 IRS=NIRES

 MONITORING OF SEARCH:


0ITERATION NO.:    0    OBJECTIVE VALUE:   210969.973849044        NO. OF FUNC. EVALS.:  76
 CUMULATIVE NO. OF FUNC. EVALS.:       76
 NPARAMETR:  9.3000E-02  7.1000E-01  2.0000E-01  9.9329E+01  5.4124E+01  3.7270E-01  1.1000E-01  2.6450E-01  1.1750E-01  2.7270E-01
             8.9600E-02  4.5820E-01  3.9100E-02  6.9500E-02 -9.1400E-02 -1.1500E-01  1.7000E-01  4.0829E+02  2.0900E-01  3.8569E+01
             8.6697E+00  1.3540E+00 -1.5500E+00  1.2480E+00  8.1800E-01  1.4280E+00  1.3130E+00  3.1720E+00 -9.1300E-01  9.6300E-01
             1.0230E+00  1.6480E+00  1.0740E+00  2.8730E+00 -1.1200E-01  1.7110E+00  2.0000E+00  2.7800E+00  1.0380E+00 -7.8300E-01
             1.1860E+00  1.9460E+00  2.3450E+00  2.9370E+00  2.3530E+00  9.9300E-01 -1.4700E-01  1.8870E+00  1.5310E+00  2.9960E+00
             9.6800E-01  1.2560E+00 -3.7000E-02  3.7510E+00  2.6600E+00  1.6877E+00  1.7050E+00  1.6370E+00  4.4000E-01  4.0200E-01
             1.1110E+00  4.1610E+00  2.8900E+00  9.1200E-01  1.1330E+00  2.4400E-01  2.2500E-01  4.2300E-01  4.4800E-01  4.8400E-01
             1.3900E-01  2.6100E-01  3.5100E-01  3.6400E+00  2.0600E+00
 PARAMETER:  1.0000E-01  1.0000E-01  1.0000E-01  1.0000E-01  1.0000E-01  1.0000E-01  1.0000E-01  1.0000E-01  1.0000E-01  1.0000E-01
             1.0000E-01  1.0000E-01  1.0000E-01  1.0000E-01  1.0000E-01  1.0000E-01  1.0000E-01  1.0000E-01  1.0000E-01  1.0000E-01
             1.0000E-01  1.0000E-01 -1.0000E-01  1.0000E-01  1.0000E-01  1.0000E-01  1.0000E-01  1.0000E-01 -1.0000E-01  1.0000E-01
             1.0000E-01  1.0000E-01  1.0000E-01  1.0000E-01 -1.0000E-01  1.0000E-01  1.0000E-01  1.0000E-01  1.0000E-01 -1.0000E-01
             1.0000E-01  1.0000E-01  1.0000E-01  1.0000E-01  1.0000E-01  1.0000E-01 -1.0000E-01  1.0000E-01  1.0000E-01  1.0000E-01
             1.0000E-01  1.0000E-01 -1.0000E-01  1.0000E-01  1.0000E-01  1.0000E-01  1.0000E-01  1.0000E-01  1.0000E-01  1.0000E-01
             1.0000E-01  1.0000E-01  1.0000E-01  1.0000E-01  1.0000E-01  1.0000E-01  1.0000E-01  1.0000E-01  1.0000E-01  1.0000E-01
             1.0000E-01  1.0000E-01  1.0000E-01  1.0000E-01  1.0000E-01
 GRADIENT:  -9.4406E+00  9.3216E+01  1.3258E+02 -2.6859E+00 -4.2808E+00  8.6764E+00  2.9433E+01 -2.8637E+01 -4.2357E+01  7.0164E+00
             1.3673E+01  5.7873E+00 -8.0395E+00  5.5736E+01  1.4199E+00  1.7478E+01 -1.4781E+02  8.6909E+01 -4.9800E+01 -3.2417E+01
            -2.4633E+01 -1.8623E+00  1.9189E+03  1.1954E+01  1.6294E+01  2.5788E+01 -8.8766E-01 -1.4316E+01  1.0416E+02 -2.5807E+01
            -6.9495E-01  6.6264E+01 -1.4515E+00  7.4669E+01  3.9544E+00 -4.8535E+01 -4.7850E+00  9.3291E-01 -2.2203E+01  2.5592E+01
            -1.5341E+01 -2.7779E+01 -1.2853E+01 -2.7375E+00  1.6736E-01 -4.9226E+01 -2.8356E+01 -4.7544E+01 -1.0347E+01 -2.0904E+00
             9.8020E-02 -7.7644E+01 -4.4530E+01 -4.7238E+01 -1.1045E+01 -5.2107E+00 -1.0357E+00 -5.3555E+00 -4.9605E+01 -1.5409E+01
            -3.6744E+01  6.3372E+00  5.4910E-02 -9.7397E+01 -5.0605E+02 -1.7666E+00 -2.5563E+00 -1.3255E+01  5.2808E+00  7.0614E-01
            -1.5884E-01  5.1836E-02  1.7572E-02 -6.1055E+01 -4.2194E+02

0ITERATION NO.:   10    OBJECTIVE VALUE:   210961.603047054        NO. OF FUNC. EVALS.:  77
 CUMULATIVE NO. OF FUNC. EVALS.:      959
 NPARAMETR:  9.1943E-02  7.0744E-01  1.9898E-01  9.8508E+01  5.4355E+01  3.6974E-01  1.1363E-01  2.6501E-01  1.1826E-01  2.7232E-01
             8.9336E-02  4.5814E-01  5.1220E-02  6.8461E-02 -9.1407E-02 -1.1538E-01  1.7096E-01  4.0694E+02  2.1070E-01  3.8618E+01
             8.7702E+00  1.3541E+00 -1.5657E+00  1.2568E+00  8.2116E-01  1.4268E+00  1.3149E+00  3.1732E+00 -9.2694E-01  9.7246E-01
             1.0316E+00  1.6272E+00  1.0988E+00  2.8341E+00 -1.2384E-01  1.7172E+00  2.0022E+00  2.7757E+00  1.0365E+00 -7.9396E-01
             1.1864E+00  1.9495E+00  2.3575E+00  2.9973E+00  2.3102E+00  9.9405E-01 -1.5519E-01  1.8882E+00  1.5322E+00  3.0195E+00
             9.5400E-01  1.2577E+00 -3.6344E-02  3.7585E+00  2.6663E+00  1.6990E+00  1.7087E+00  1.6985E+00  4.3970E-01  3.9140E-01
             1.1145E+00  4.1373E+00  2.8898E+00  9.1384E-01  1.1321E+00  2.4176E-01  2.2409E-01  4.2562E-01  4.4184E-01  4.7986E-01
             1.4017E-01  2.5977E-01  3.5098E-01  3.6574E+00  2.2030E+00
 PARAMETER:  8.8570E-02  9.6384E-02  9.4891E-02  9.1703E-02  1.0426E-01  9.2037E-02  1.0734E-01  1.0110E-01  1.0155E-01  9.9177E-02
             9.9468E-02  9.9845E-02  1.2429E-01  9.7912E-02  9.9986E-02  9.9238E-02  1.0562E-01  9.6678E-02  1.1025E-01  1.0128E-01
             1.1153E-01  1.0009E-01 -1.0101E-01  1.0704E-01  1.0386E-01  9.9161E-02  1.0145E-01  1.0037E-01 -1.0153E-01  1.0977E-01
             1.0835E-01  8.7268E-02  1.2283E-01  8.6364E-02 -1.1057E-01  1.0360E-01  1.0112E-01  9.8467E-02  9.8553E-02 -1.0140E-01
             1.0037E-01  1.0177E-01  1.0530E-01  1.2033E-01  8.1658E-02  1.0106E-01 -1.0557E-01  1.0064E-01  1.0076E-01  1.0782E-01
             8.5429E-02  1.0133E-01 -9.8228E-02  1.0201E-01  1.0238E-01  1.0666E-01  1.0214E-01  1.3687E-01  9.9315E-02  9.7362E-02
             1.0315E-01  9.4282E-02  9.9925E-02  1.0201E-01  9.9921E-02  9.0763E-02  9.5963E-02  1.0617E-01  8.6166E-02  9.1399E-02
             1.0836E-01  9.5265E-02  9.9935E-02  1.0476E-01  1.3355E-01
 GRADIENT:   3.6876E+00  6.1091E+01  6.8113E+01 -1.7946E+01  2.9193E+00 -4.2743E+00 -1.0568E+04 -2.8789E+01 -3.0375E+01 -6.2452E-01
             1.7766E+01  6.0955E+00  5.9902E+00  6.9995E+01 -3.9701E+00  1.2713E+01 -4.9520E+01  4.5434E+01 -2.6925E+01 -8.3513E+01
             1.3468E+01 -9.2830E+00  8.2590E+02  3.3416E+00  5.0703E+00  1.7992E+01  8.0204E-01  4.3720E+01  3.2368E+02  4.1962E+01
             3.4061E+01 -1.0511E+01 -3.7527E-01  2.9355E+01 -2.2538E+01 -4.3758E+01 -6.5416E+00 -6.5401E-01 -1.4379E+00 -1.0389E+02
            -2.8140E+01 -1.4319E+01  6.4539E-01  1.2462E+00 -3.6590E-02  1.3969E+01 -4.9929E+01 -4.9250E+01 -4.4577E+00  6.1168E-01
            -6.5638E-02 -1.9514E+01 -3.7994E+01 -1.9812E+01 -4.0937E+00 -2.2125E-01 -3.0531E-01  1.2401E+00  1.3234E+01 -5.9233E+01
            -1.4130E+01 -5.4743E+00  2.8799E-01 -1.8493E+01  4.2558E+02 -4.0407E+00 -1.8585E+00  2.3618E+00  2.7199E-01 -1.6756E-01
             1.2911E-01  1.5800E-02  6.2353E-02 -2.5382E+01 -1.6121E+02

0ITERATION NO.:   20    OBJECTIVE VALUE:   210959.471135196        NO. OF FUNC. EVALS.:  77
 CUMULATIVE NO. OF FUNC. EVALS.:     1729
 NPARAMETR:  8.5482E-02  7.0743E-01  1.9898E-01  9.9588E+01  5.4195E+01  3.7064E-01  1.1365E-01  2.6501E-01  1.1828E-01  2.7342E-01
             8.9336E-02  4.5681E-01  4.8495E-02  6.8458E-02 -9.1400E-02 -1.1624E-01  1.7096E-01  4.0694E+02  2.1070E-01  3.8618E+01
             8.7374E+00  1.3541E+00 -1.5694E+00  1.2612E+00  8.2381E-01  1.4275E+00  1.3143E+00  3.1731E+00 -9.2693E-01  9.7441E-01
             1.0336E+00  1.6399E+00  1.1097E+00  2.8152E+00 -1.2307E-01  1.7404E+00  2.0260E+00  2.8200E+00  1.0231E+00 -8.0391E-01
             1.2063E+00  1.9781E+00  2.3922E+00  3.0243E+00  2.3562E+00  9.7748E-01 -1.5218E-01  1.9034E+00  1.5426E+00  3.0282E+00
             9.6423E-01  1.2492E+00 -3.5546E-02  3.8896E+00  2.7608E+00  1.7581E+00  1.7694E+00  1.7454E+00  4.2477E-01  3.9814E-01
             1.1248E+00  4.1775E+00  2.8897E+00  9.0654E-01  1.1322E+00  2.4338E-01  2.2484E-01  4.2410E-01  4.3984E-01  4.7817E-01
             1.3934E-01  2.5855E-01  3.4867E-01  3.6970E+00  2.2031E+00
 PARAMETER:  1.5703E-02  9.6379E-02  9.4885E-02  1.0261E-01  1.0132E-01  9.4452E-02  1.0740E-01  1.0110E-01  1.0159E-01  1.0156E-01
             9.9467E-02  9.6476E-02  1.1883E-01  9.7905E-02  1.0000E-01  9.7485E-02  1.0562E-01  9.6684E-02  1.1025E-01  1.0128E-01
             1.0778E-01  1.0007E-01 -1.0125E-01  1.1052E-01  1.0708E-01  9.9642E-02  1.0101E-01  1.0034E-01 -1.0153E-01  1.1178E-01
             1.1027E-01  9.5044E-02  1.3274E-01  7.9688E-02 -1.0989E-01  1.1705E-01  1.1294E-01  1.1430E-01  8.5566E-02 -1.0267E-01
             1.1699E-01  1.1634E-01  1.1994E-01  1.2930E-01  1.0137E-01  8.4249E-02 -1.0352E-01  1.0866E-01  1.0756E-01  1.1070E-01
             9.6096E-02  9.4585E-02 -9.6070E-02  1.3629E-01  1.3721E-01  1.4085E-01  1.3709E-01  1.6412E-01  6.4766E-02  9.9039E-02
             1.1230E-01  1.0396E-01  9.9881E-02  9.3995E-02  9.9927E-02  9.7460E-02  9.9269E-02  1.0260E-01  8.1624E-02  8.7871E-02
             1.0246E-01  9.0574E-02  9.3328E-02  1.1552E-01  1.3358E-01
 GRADIENT:  -1.1735E+00  5.6709E+01  6.2393E+01  1.3315E+00 -2.3802E+00 -1.2255E+00 -1.1163E+04 -3.5395E+01 -3.6104E+01  8.7239E-01
             1.5933E+01  1.9875E+00  2.9711E+00  7.2981E+01 -1.9301E+00  1.1577E+01 -6.0927E+01  4.7951E+01 -2.4677E+01 -4.1236E+01
            -8.5844E-01 -4.9286E+00  4.8907E+02 -3.0920E+01 -1.2688E+01 -2.6540E+00 -6.0076E-01  4.1954E+01  3.8895E+02 -5.9986E-01
             4.3263E+00  2.5048E+00  3.1601E-01  6.0653E+00 -3.3843E+00 -2.5682E-01 -8.0551E-01  1.1006E+00 -4.9654E+00 -2.0770E+01
             3.6551E+00  1.3869E+00 -4.1829E-01 -1.4855E-01 -2.8667E-03 -8.7288E+00  6.8505E+00  1.0974E+01  2.3227E+00 -4.2514E-01
            -1.8215E-02  9.5163E+00 -3.5404E+01 -1.6340E-01  1.3003E-01  1.9323E-02 -3.7656E-02 -6.2296E-02  1.0541E+00  1.1657E+01
             6.2674E+00  3.0357E+00 -6.9412E-01  4.1535E+00 -3.4248E+02  6.6599E-01  4.1383E-01  5.6590E-01  3.7312E-01  6.2527E-03
             8.6063E-02  1.6636E-02  7.1544E-02 -3.7905E+00 -1.9595E+02

0ITERATION NO.:   30    OBJECTIVE VALUE:   210958.128742927        NO. OF FUNC. EVALS.:  82
 CUMULATIVE NO. OF FUNC. EVALS.:     3048
 NPARAMETR:  8.7003E-02  7.0743E-01  1.9898E-01  9.9468E+01  5.4219E+01  3.7089E-01  1.1366E-01  2.6501E-01  1.1828E-01  2.7257E-01
             8.9335E-02  4.5603E-01  4.4727E-02  6.8461E-02 -9.1400E-02 -1.1644E-01  1.7096E-01  4.0694E+02  2.1070E-01  3.8619E+01
             8.7407E+00  1.3541E+00 -1.5700E+00  1.2633E+00  8.2456E-01  1.4262E+00  1.3155E+00  3.1731E+00 -9.2698E-01  9.7548E-01
             1.0335E+00  1.6396E+00  1.1052E+00  2.8111E+00 -1.2122E-01  1.7372E+00  2.0225E+00  2.8021E+00  1.0251E+00 -7.9990E-01
             1.2026E+00  1.9732E+00  2.3875E+00  3.0119E+00  2.3530E+00  9.8037E-01 -1.5138E-01  1.9024E+00  1.5415E+00  3.0363E+00
             9.6685E-01  1.2490E+00 -3.5353E-02  3.8944E+00  2.7637E+00  1.7599E+00  1.7717E+00  1.7481E+00  4.2432E-01  3.9870E-01
             1.1224E+00  4.1683E+00  2.8919E+00  9.0785E-01  1.1324E+00  2.4297E-01  2.2436E-01  4.2299E-01  4.3877E-01  4.7712E-01
             1.3802E-01  2.5776E-01  3.4828E-01  3.7102E+00  2.2031E+00
 PARAMETER:  3.3343E-02  9.6377E-02  9.4884E-02  1.0140E-01  1.0175E-01  9.5134E-02  1.0740E-01  1.0110E-01  1.0158E-01  9.9719E-02
             9.9467E-02  9.4505E-02  1.1127E-01  9.7913E-02  1.0000E-01  9.7081E-02  1.0562E-01  9.6682E-02  1.1025E-01  1.0128E-01
             1.0816E-01  1.0007E-01 -1.0129E-01  1.1215E-01  1.0799E-01  9.8729E-02  1.0187E-01  1.0034E-01 -1.0153E-01  1.1287E-01
             1.1025E-01  9.4861E-02  1.2859E-01  7.8228E-02 -1.0823E-01  1.1522E-01  1.1119E-01  1.0792E-01  8.7527E-02 -1.0216E-01
             1.1388E-01  1.1391E-01  1.1795E-01  1.2518E-01  9.9998E-02  8.7203E-02 -1.0298E-01  1.0811E-01  1.0684E-01  1.1336E-01
             9.8812E-02  9.4395E-02 -9.5550E-02  1.3753E-01  1.3825E-01  1.4191E-01  1.3836E-01  1.6564E-01  6.3704E-02  9.9178E-02
             1.1020E-01  1.0175E-01  1.0067E-01  9.5441E-02  9.9949E-02  9.5782E-02  9.7138E-02  9.9979E-02  7.9191E-02  8.5688E-02
             9.2959E-02  8.7527E-02  9.2234E-02  1.1910E-01  1.3358E-01
 GRADIENT:  -2.5106E-01  1.2040E+04  6.3830E+01 -3.4500E-01 -8.3481E-01  2.2789E-01  1.1213E+04 -3.3596E+01  1.1760E+04 -6.7978E-01
             1.6048E+01  5.7393E-01 -2.1848E+00  1.2054E+04 -1.2743E+00  1.2477E+01 -5.7912E+01  4.6878E+01 -2.5358E+01  1.1785E+04
             1.1631E+00 -4.3581E+00  7.8699E+02  1.3203E+01  1.0468E+01  4.6225E+00  5.0962E-01  5.1412E+01  1.2060E+04 -6.0408E+00
            -1.2383E+00  2.2784E-01 -4.1847E-01 -4.0296E+00  5.7770E-01 -1.4834E+00 -6.9738E-01 -1.1665E+00  2.3617E+00  2.3287E+01
             2.2895E-01  1.7770E+00  1.2854E+00 -3.6355E-01  1.6608E-02  1.8679E+00 -1.0420E+00 -8.9548E-01 -8.4591E-01  2.9208E-01
             1.0057E-02 -1.6777E+00 -3.5512E+01  1.8804E+00  2.0481E-01  4.7541E-02  4.6789E-02  2.4065E-02  2.1517E+00  4.9632E+00
             3.6429E-01  1.1664E-01 -3.9656E-01  2.2686E+00 -3.9777E+02  6.4208E-02 -3.4997E-01 -6.7026E-01  1.0278E-01 -5.5334E-02
            -1.0296E-01 -1.3587E-02  8.9752E-02 -1.2276E+00  8.7797E+03

0ITERATION NO.:   40    OBJECTIVE VALUE:   210954.231689943        NO. OF FUNC. EVALS.:  83
 CUMULATIVE NO. OF FUNC. EVALS.:     3921
 NPARAMETR:  8.6992E-02  7.0733E-01  1.9896E-01  9.9457E+01  5.4220E+01  3.7093E-01  1.1365E-01  2.6496E-01  1.1832E-01  2.7242E-01
             8.9390E-02  4.5598E-01  4.4665E-02  6.8501E-02 -9.1455E-02 -1.1650E-01  1.7098E-01  4.0689E+02  2.1072E-01  3.8617E+01
             8.7407E+00  1.3543E+00 -1.5718E+00  1.2657E+00  8.2498E-01  1.4273E+00  1.3151E+00  3.1731E+00 -9.2835E-01  9.7651E-01
             1.0337E+00  1.6394E+00  1.1085E+00  2.8111E+00 -1.2109E-01  1.7371E+00  2.0225E+00  2.8093E+00  1.0248E+00 -7.9902E-01
             1.2020E+00  1.9725E+00  2.3859E+00  3.0173E+00  2.3499E+00  9.8037E-01 -1.5138E-01  1.9023E+00  1.5419E+00  3.0335E+00
             9.6621E-01  1.2489E+00  3.2122E-02  3.8715E+00  2.7571E+00  1.7580E+00  1.7706E+00  1.7474E+00  4.2432E-01  3.9914E-01
             1.1220E+00  4.1677E+00  2.9007E+00  9.0734E-01  1.1313E+00  2.4345E-01  2.2476E-01  4.2358E-01  4.3886E-01  4.7708E-01
             1.3817E-01  2.5759E-01  3.6268E-01  3.7098E+00  2.2037E+00
 PARAMETER:  3.3222E-02  9.6227E-02  9.4764E-02  1.0129E-01  1.0178E-01  9.5229E-02  1.0739E-01  1.0099E-01  1.0167E-01  9.9395E-02
             9.9578E-02  9.4394E-02  1.1115E-01  9.7992E-02  9.9888E-02  9.6968E-02  1.0574E-01  9.6567E-02  1.1037E-01  1.0125E-01
             1.0816E-01  1.0019E-01 -1.0140E-01  1.1408E-01  1.0850E-01  9.9538E-02  1.0156E-01  1.0033E-01 -1.0168E-01  1.1393E-01
             1.1037E-01  9.4769E-02  1.3161E-01  7.8228E-02 -1.0811E-01  1.1515E-01  1.1120E-01  1.1048E-01  8.7224E-02 -1.0205E-01
             1.1343E-01  1.1351E-01  1.1729E-01  1.2699E-01  9.8672E-02  8.7203E-02 -1.0298E-01  1.0806E-01  1.0707E-01  1.1244E-01
             9.8150E-02  9.4326E-02  8.6817E-02  1.3161E-01  1.3585E-01  1.4079E-01  1.3773E-01  1.6527E-01  6.3704E-02  9.9289E-02
             1.0986E-01  1.0161E-01  1.0371E-01  9.4881E-02  9.9854E-02  9.7732E-02  9.8915E-02  1.0137E-01  7.9397E-02  8.5598E-02
             9.4015E-02  8.6839E-02  1.3274E-01  1.1901E-01  1.3371E-01
 GRADIENT:  -4.2816E-02  5.7409E+01  6.2105E+01 -5.5169E-01 -6.7530E-01  4.4013E-01  1.0970E+04 -3.1671E+01  1.1497E+04 -9.2998E-02
             1.1740E+04  2.3530E-01 -2.2817E+00  1.1796E+04 -1.3979E+00  1.2553E+01  1.1038E+04  4.1936E+01  1.0597E+04  1.1530E+04
             1.0840E+04  1.1698E+04  9.6219E+02  5.3506E+01  3.0812E+01  2.2607E+01  6.2426E-01  1.1754E+04 -1.5354E+02 -2.5540E+01
            -1.1211E+01 -2.1982E+00 -3.3435E-02  3.6405E+00  1.0841E+04 -6.9745E+00 -2.2764E+00 -3.0296E-02 -2.2104E+00  1.1506E+04
            -4.1459E+00 -3.1088E+00 -3.6614E-01 -3.9506E-02  9.1502E-04 -6.7697E+00  1.1377E+04 -5.3561E+00 -8.0112E-01 -9.9897E-03
             6.6939E-06 -3.7622E+00 -7.2275E+00  1.8474E+01 -6.3100E-01 -1.9212E-01 -5.6770E-02 -9.1165E-03  1.3867E+01  1.1718E+04
            -5.3568E+00 -2.2915E+00 -1.1251E-01 -6.7932E+00 -7.8240E+02 -5.8639E-01 -2.7597E-01 -1.4010E-01 -6.1895E-02 -1.2519E-01
            -7.8578E-02 -1.9389E-02  6.2777E-01 -4.7932E+00  8.6016E+03

0ITERATION NO.:   50    OBJECTIVE VALUE:   210954.164721513        NO. OF FUNC. EVALS.: 153
 CUMULATIVE NO. OF FUNC. EVALS.:     4961
 NPARAMETR:  8.6994E-02  7.0728E-01  1.9894E-01  9.9455E+01  5.4220E+01  3.7092E-01  1.1363E-01  2.6494E-01  1.1832E-01  2.7244E-01
             8.9377E-02  4.5598E-01  4.4656E-02  6.8474E-02 -9.1464E-02 -1.1650E-01  1.7097E-01  4.0687E+02  2.1071E-01  3.8617E+01
             8.7407E+00  1.3542E+00 -1.5723E+00  1.2652E+00  8.2482E-01  1.4263E+00  1.3151E+00  3.1730E+00 -9.2867E-01  9.7699E-01
             1.0338E+00  1.6393E+00  1.1086E+00  2.8112E+00 -1.2107E-01  1.7379E+00  2.0234E+00  2.8095E+00  1.0248E+00 -7.9924E-01
             1.2023E+00  1.9728E+00  2.3861E+00  3.0179E+00  2.3498E+00  9.8037E-01 -1.5138E-01  1.9026E+00  1.5421E+00  3.0337E+00
             9.6593E-01  1.2489E+00  3.3676E-02  3.8669E+00  2.7578E+00  1.7583E+00  1.7708E+00  1.7475E+00  4.2431E-01  3.9913E-01
             1.1227E+00  4.1699E+00  2.9029E+00  9.0756E-01  1.1312E+00  2.4327E-01  2.2463E-01  4.2336E-01  4.3795E-01  4.7729E-01
             1.3865E-01  2.5788E-01  3.5350E-01  3.7098E+00  2.2031E+00
 PARAMETER:  3.3234E-02  9.6165E-02  9.4701E-02  1.0127E-01  1.0177E-01  9.5219E-02  1.0735E-01  1.0095E-01  1.0166E-01  9.9442E-02
             9.9549E-02  9.4396E-02  1.1113E-01  9.7937E-02  9.9871E-02  9.6958E-02  1.0568E-01  9.6505E-02  1.1030E-01  1.0124E-01
             1.0816E-01  1.0012E-01 -1.0144E-01  1.1366E-01  1.0830E-01  9.8797E-02  1.0158E-01  1.0033E-01 -1.0172E-01  1.1442E-01
             1.1048E-01  9.4688E-02  1.3166E-01  7.8241E-02 -1.0810E-01  1.1558E-01  1.1165E-01  1.1054E-01  8.7214E-02 -1.0207E-01
             1.1367E-01  1.1369E-01  1.1739E-01  1.2718E-01  9.8659E-02  8.7203E-02 -1.0298E-01  1.0822E-01  1.0725E-01  1.1249E-01
             9.7863E-02  9.4328E-02  9.1017E-02  1.3043E-01  1.3609E-01  1.4101E-01  1.3786E-01  1.6534E-01  6.3691E-02  9.9287E-02
             1.1046E-01  1.0213E-01  1.0445E-01  9.5121E-02  9.9842E-02  9.6992E-02  9.8368E-02  1.0084E-01  7.7310E-02  8.6031E-02
             9.7478E-02  8.7966E-02  1.0709E-01  1.1899E-01  1.3358E-01
 GRADIENT:   1.6898E-01 -5.7962E+03 -5.7919E+03 -5.7809E+03 -7.0520E-01  3.9562E-01  5.3147E+01 -5.8301E+03 -3.3948E+01 -5.8535E+03
             5.8700E+03  1.8427E-01 -2.1725E+00  5.9260E+03 -5.8550E+03  1.2503E+01  5.4925E+03 -5.8125E+03  5.2824E+03  5.7293E+03
             3.8633E-01  5.8411E+03 -5.9357E+03 -4.0386E+00  5.3595E+00  2.9518E+00  2.2229E-01  5.8954E+03 -5.8556E+03 -5.8915E+00
            -1.4861E+00 -5.9592E-01 -6.3430E-03  6.6822E+00  2.2533E+00  4.3762E-01  1.9005E-01 -1.7977E-02  4.3531E+00  5.7560E+03
            -3.9985E-01 -3.0959E-01 -4.0633E-02 -1.0196E-02  1.3606E-04 -3.6354E+00 -1.0040E+00 -5.9261E-01  1.7349E-01 -8.8789E-03
             7.6529E-04 -9.3044E-01 -6.9219E+00  6.2740E+00 -5.3796E-01 -1.1846E-01 -4.1291E-02 -1.5265E-02  2.4659E+00  7.6826E+00
             6.3707E-01  3.0442E-01  1.0339E-03  2.0676E+00 -6.7118E+03 -1.3328E+00 -7.9314E-01 -1.0544E+00 -1.5065E+00 -1.1176E-01
            -1.2452E-03 -3.0712E-03  2.8167E-01 -7.1081E+00  4.2202E+03

0ITERATION NO.:   60    OBJECTIVE VALUE:   210954.086627433        NO. OF FUNC. EVALS.: 152
 CUMULATIVE NO. OF FUNC. EVALS.:     6487
 NPARAMETR:  8.6994E-02  7.0730E-01  1.9895E-01  9.9455E+01  5.4220E+01  3.7092E-01  1.1363E-01  2.6495E-01  1.1832E-01  2.7245E-01
             8.9379E-02  4.5598E-01  4.4654E-02  6.8470E-02 -9.1462E-02 -1.1650E-01  1.7096E-01  4.0686E+02  2.1071E-01  3.8614E+01
             8.7407E+00  1.3542E+00 -1.5718E+00  1.2681E+00  8.2289E-01  1.4270E+00  1.3152E+00  3.1730E+00 -9.2851E-01  9.7858E-01
             1.0326E+00  1.6389E+00  1.1091E+00  2.8112E+00 -1.2107E-01  1.7387E+00  2.0232E+00  2.8090E+00  1.0248E+00 -7.9921E-01
             1.2031E+00  1.9729E+00  2.3858E+00  3.0157E+00  2.3488E+00  9.8037E-01 -1.5137E-01  1.9041E+00  1.5420E+00  3.0342E+00
             9.6227E-01  1.2489E+00  3.3679E-02  3.8675E+00  2.7580E+00  1.7589E+00  1.7701E+00  1.7470E+00  4.2431E-01  3.9913E-01
             1.1232E+00  4.1701E+00  2.9046E+00  9.0756E-01  1.1330E+00  2.4357E-01  2.2447E-01  4.2330E-01  4.3972E-01  4.7718E-01
             1.3856E-01  2.5680E-01  3.5265E-01  3.7098E+00  2.2036E+00
 PARAMETER:  3.3237E-02  9.6192E-02  9.4715E-02  1.0127E-01  1.0176E-01  9.5216E-02  1.0735E-01  1.0096E-01  1.0167E-01  9.9451E-02
             9.9553E-02  9.4396E-02  1.1113E-01  9.7930E-02  9.9874E-02  9.6950E-02  1.0566E-01  9.6497E-02  1.1032E-01  1.0118E-01
             1.0816E-01  1.0013E-01 -1.0141E-01  1.1598E-01  1.0596E-01  9.9264E-02  1.0169E-01  1.0032E-01 -1.0170E-01  1.1605E-01
             1.0934E-01  9.4445E-02  1.3219E-01  7.8242E-02 -1.0810E-01  1.1606E-01  1.1151E-01  1.1038E-01  8.7209E-02 -1.0207E-01
             1.1429E-01  1.1371E-01  1.1723E-01  1.2646E-01  9.8232E-02  8.7203E-02 -1.0298E-01  1.0903E-01  1.0719E-01  1.1267E-01
             9.4060E-02  9.4328E-02  9.1023E-02  1.3059E-01  1.3618E-01  1.4133E-01  1.3749E-01  1.6505E-01  6.3690E-02  9.9286E-02
             1.1094E-01  1.0218E-01  1.0504E-01  9.5124E-02  1.0000E-01  9.8229E-02  9.7651E-02  1.0071E-01  8.1351E-02  8.5813E-02
             9.6849E-02  8.3762E-02  1.0470E-01  1.1899E-01  1.3370E-01
 GRADIENT:   2.1318E-02 -5.8011E+03 -5.7964E+03 -6.5535E-01 -7.5157E-01  4.3207E-01  5.3513E+01 -5.8343E+03 -3.4058E+01  5.2383E-02
             5.8746E+03  2.0047E-01 -2.2716E+00  7.2003E+01 -1.3846E+00  1.2526E+01  5.4961E+03  4.2070E+01 -2.4775E+01  5.7373E+03
             1.8298E+00 -4.4526E+00  4.9114E+02  5.8171E+01  8.0152E-01  9.6889E+00  3.6500E-01  6.5640E+01 -3.1681E+02 -8.9730E+00
            -1.9722E+01 -4.2756E+00  2.1479E-02  8.9458E+00 -6.0550E+00  4.6944E-01 -9.0176E-01 -1.1254E-01  5.8977E+00 -2.4384E+01
            -3.7739E-01 -2.0921E+00 -5.4743E-01 -1.4808E-01 -5.0076E-03 -5.1003E-01 -1.3527E+01  4.6197E+00 -6.2302E-02  4.8153E-02
            -4.4138E-02  5.0491E+00 -7.3725E+00  6.3885E+00 -4.0514E-01  1.0976E-01 -1.8837E-01 -7.0806E-02  3.1432E+00 -1.6197E+01
             9.4624E-01  1.6797E-01  7.7436E-02  1.7396E+00 -6.9540E+02  2.0177E+00 -3.7310E-01  7.4357E-03  1.4478E+00  1.2090E-02
            -5.2946E-03 -1.0344E-01  2.5114E-01 -1.8671E+00 -1.6362E+02

0ITERATION NO.:   69    OBJECTIVE VALUE:   210948.809344367        NO. OF FUNC. EVALS.:  45
 CUMULATIVE NO. OF FUNC. EVALS.:     7261
 NPARAMETR:  8.7006E-02  7.0731E-01  1.9895E-01  9.9483E+01  5.4233E+01  3.7086E-01  1.1363E-01  2.6495E-01  1.1832E-01  2.7243E-01
             8.9370E-02  4.5596E-01  4.5447E-02  6.8470E-02 -9.1110E-02 -1.1974E-01  1.7096E-01  4.0685E+02  2.2783E-01  3.8614E+01
             8.7385E+00  1.3544E+00 -1.5722E+00  1.2672E+00  8.2297E-01  1.4264E+00  1.3149E+00  3.1612E+00 -9.2850E-01  9.7879E-01
             1.0335E+00  1.6400E+00  1.1090E+00  2.8099E+00 -1.2053E-01  1.7387E+00  2.0234E+00  2.8092E+00  1.0246E+00 -7.9904E-01
             1.2031E+00  1.9731E+00  2.3861E+00  3.0179E+00  2.3494E+00  9.8039E-01 -1.5062E-01  1.9038E+00  1.5421E+00  3.0339E+00
             9.6234E-01  1.2486E+00  3.5099E-02  3.8660E+00  2.7582E+00  1.7588E+00  1.7707E+00  1.7475E+00  4.2426E-01  3.9966E-01
             1.1231E+00  4.1700E+00  2.9025E+00  9.0748E-01  1.1353E+00  2.4330E-01  2.2450E-01  4.2328E-01  4.3922E-01  4.7715E-01
             1.3857E-01  2.5733E-01  3.4935E-01  3.7107E+00  2.2036E+00
 PARAMETER:  3.3374E-02  9.6209E-02  9.4732E-02  1.0155E-01  1.0202E-01  9.5040E-02  1.0735E-01  1.0098E-01  1.0167E-01  9.9408E-02
             9.9536E-02  9.4340E-02  1.1272E-01  9.7930E-02  1.0059E-01  9.0396E-02  1.0564E-01  9.6458E-02  2.1034E-01  1.0116E-01
             1.0791E-01  1.0033E-01 -1.0143E-01  1.1523E-01  1.0599E-01  9.8858E-02  1.0140E-01  9.6591E-02 -1.0170E-01  1.1626E-01
             1.1020E-01  9.5147E-02  1.3210E-01  7.7796E-02 -1.0762E-01  1.1604E-01  1.1165E-01  1.1046E-01  8.6965E-02 -1.0205E-01
             1.1431E-01  1.1384E-01  1.1739E-01  1.2718E-01  9.8478E-02  8.7217E-02 -1.0250E-01  1.0886E-01  1.0720E-01  1.1259E-01
             9.4098E-02  9.4103E-02  9.4864E-02  1.3021E-01  1.3626E-01  1.4124E-01  1.3782E-01  1.6530E-01  6.3575E-02  9.9419E-02
             1.1086E-01  1.0216E-01  1.0433E-01  9.5034E-02  1.0020E-01  9.7153E-02  9.7798E-02  1.0068E-01  8.0213E-02  8.5755E-02
             9.6889E-02  8.5829E-02  9.5376E-02  1.1922E-01  1.3370E-01
 GRADIENT:  -2.2546E+03 -2.4767E+04 -2.3650E+04 -5.5241E+02 -6.2794E+02  6.0581E+02 -2.2574E+04 -1.4453E+03 -2.0715E+03 -1.7455E+01
             1.5871E+03 -2.1518E+02 -4.2107E+03  2.4919E+04  1.1056E+03  4.6395E+02  2.0909E+04 -2.2928E+04  1.1347E+04 -2.4570E+04
             1.6686E+03  3.2622E+03 -1.9365E+04 -1.1454E+03 -1.0575E+02 -3.8113E+01 -2.2919E+00  2.5032E+04  2.0873E+04 -2.7927E+02
            -2.1037E+01 -1.0230E+00 -2.1268E-03  2.5015E+04  1.8320E+02 -1.3479E+00 -1.8305E+00 -2.0091E-01  1.1005E+03  8.2813E+03
            -1.6988E+00 -1.7558E+00 -1.1361E-01 -9.4210E-03 -1.2897E-03  1.5154E+03 -1.8503E+01  5.4252E+01 -6.9591E-01 -2.7926E-02
            -4.8519E-02  7.6299E+03  7.6956E+01  1.8237E+02 -6.1129E-01 -3.6321E-02 -9.4538E-02 -3.9708E-02  3.9018E+03  4.8426E+02
            -2.9430E-01 -1.3234E-01 -3.7727E-02  7.2576E+02 -4.4140E+02  2.9730E+00  2.6150E+00  3.3034E+00  1.7704E+00  2.6135E-01
             3.9101E-02  4.3825E-03  1.5022E-01 -1.3867E+01  1.4489E+04
 NUMSIGDIG:         2.9         3.4         3.4         2.9         2.9         2.9         3.4         2.9         2.9         2.9
                    2.9         2.9         2.9         3.4         3.0         2.9         3.5         3.4         3.4         3.4
                    3.0         3.0         3.6         2.9         0.8         1.3         1.2         3.4         3.5         2.9
                    1.6         2.3         3.9         3.4         2.9         2.8         2.1         2.1         2.9         2.9
                    2.6         2.5         3.1         3.4         2.8         2.9         1.1         3.0         2.4         2.9
                    1.1         2.9         2.9         3.0         2.5         3.2         2.4         2.6         2.9         2.9
                    3.1         3.1         3.0         2.9         2.4         1.5         1.4         1.4         1.4         1.6
                    1.5         2.4         0.6         1.4         3.5

 #TERM:
0MINIMIZATION TERMINATED
 DUE TO ROUNDING ERRORS (ERROR=134)
 NO. OF FUNCTION EVALUATIONS USED:     7261
 NO. OF SIG. DIGITS IN FINAL EST.:  0.6

 ETABAR IS THE ARITHMETIC MEAN OF THE ETA-ESTIMATES,
 AND THE P-VALUE IS GIVEN FOR THE NULL HYPOTHESIS THAT THE TRUE MEAN IS 0.

 ETABAR:        -4.2480E-02 -2.6844E-02  8.1498E-03  1.0549E-03  2.8305E-03  1.3647E-01
 SE:             2.6723E-02  2.1124E-02  2.7348E-02  2.7554E-02  2.7518E-02  1.5595E-02
 N:                    1319        1319        1319        1319        1319        1319

 P VAL.:         1.1192E-01  2.0381E-01  7.6570E-01  9.6946E-01  9.1808E-01  2.1441E-18

 ETAshrink(%):   2.9102E+00  2.3252E+01  6.3803E-01  1.0000E-10  2.0730E-02  6.1832E+01
 EBVshrink(%):   2.6235E+00  2.3364E+01  1.7566E-01  6.6854E-02  9.2586E-02  1.0000E+02
 EPSshrink(%):   9.9694E+01

 #TERE:
 Elapsed estimation time in seconds: 21874.94
1
 
 
 
 
 
 
 
 
 
 
 
 
 
 
 
 
 
 
 
 
 ************************************************************************************************************************
 ********************                                                                                ********************
 ********************                         LAPLACIAN CONDITIONAL ESTIMATION                       ********************
 #OBJT:**************                       MINIMUM VALUE OF OBJECTIVE FUNCTION                      ********************
 ********************                                                                                ********************
 ************************************************************************************************************************
 





 #OBJV:********************************************   210948.809       **************************************************
1
 ************************************************************************************************************************
 ********************                                                                                ********************
 ********************                         LAPLACIAN CONDITIONAL ESTIMATION                       ********************
 ********************                             FINAL PARAMETER ESTIMATE                           ********************
 ********************                                                                                ********************
 ************************************************************************************************************************
 


 THETA - VECTOR OF FIXED EFFECTS PARAMETERS   *********


         TH 1      TH 2      TH 3      TH 4      TH 5      TH 6      TH 7      TH 8      TH 9      TH10      TH11      TH12     
          TH13      TH14      TH15      TH16      TH17      TH18      TH19      TH20      TH21      TH22      TH23      TH24     
         TH25      TH26      TH27      TH28      TH29      TH30      TH31      TH32      TH33      TH34      TH35      TH36     
          TH37      TH38      TH39      TH40      TH41      TH42      TH43      TH44      TH45      TH46      TH47      TH48     
         TH49      TH50      TH51      TH52      TH53      TH54      TH55      TH56      TH57      TH58      TH59      TH60     
          TH61      TH62      TH63      TH64      TH65      TH66      TH67      TH68      TH69      TH70      TH71      TH72     
         TH73      TH74      TH75     
 
         8.70E-02  7.07E-01  1.00E+00  1.99E-01  9.95E+01  5.42E+01  3.71E-01  1.14E-01  2.65E-01  1.18E-01  2.72E-01  8.94E-02
          4.56E-01  4.54E-02  6.85E-02 -9.11E-02 -1.20E-01  1.71E-01  4.07E+02  2.28E-01  3.86E+01  8.74E+00  1.35E+00 -1.57E+00
         1.27E+00  8.23E-01  1.43E+00  1.31E+00  3.16E+00 -9.29E-01  9.79E-01  1.03E+00  1.64E+00  1.11E+00  2.81E+00 -1.21E-01
          1.74E+00  2.02E+00  2.81E+00  1.02E+00 -7.99E-01  1.20E+00  1.97E+00  2.39E+00  3.02E+00  2.35E+00  9.80E-01 -1.51E-01
         1.90E+00  1.54E+00  3.03E+00  9.62E-01  1.25E+00  3.51E-02  3.87E+00  2.76E+00  1.76E+00  1.77E+00  1.75E+00  4.24E-01
          4.00E-01  1.12E+00  4.17E+00  2.90E+00  9.07E-01  1.14E+00  2.43E-01  2.25E-01  4.23E-01  4.39E-01  4.77E-01  1.39E-01
         2.57E-01  3.49E-01  3.71E+00
 


 OMEGA - COV MATRIX FOR RANDOM EFFECTS - ETAS  ********


            ETA1      ETA2      ETA3      ETA4      ETA5      ETA6   
 
 ETA1
+        1.00E+00
 
 ETA2
+        0.00E+00  1.00E+00
 
 ETA3
+        0.00E+00  0.00E+00  1.00E+00
 
 ETA4
+        0.00E+00  0.00E+00  0.00E+00  1.00E+00
 
 ETA5
+        0.00E+00  0.00E+00  0.00E+00  0.00E+00  1.00E+00
 
 ETA6
+        0.00E+00  0.00E+00  0.00E+00  0.00E+00  0.00E+00  2.20E+00
 


 SIGMA - COV MATRIX FOR RANDOM EFFECTS - EPSILONS  ****


            EPS1   
 
 EPS1
+        1.00E-05
 
1


 OMEGA - CORR MATRIX FOR RANDOM EFFECTS - ETAS  *******


            ETA1      ETA2      ETA3      ETA4      ETA5      ETA6   
 
 ETA1
+        1.00E+00
 
 ETA2
+        0.00E+00  1.00E+00
 
 ETA3
+        0.00E+00  0.00E+00  1.00E+00
 
 ETA4
+        0.00E+00  0.00E+00  0.00E+00  1.00E+00
 
 ETA5
+        0.00E+00  0.00E+00  0.00E+00  0.00E+00  1.00E+00
 
 ETA6
+        0.00E+00  0.00E+00  0.00E+00  0.00E+00  0.00E+00  1.48E+00
 


 SIGMA - CORR MATRIX FOR RANDOM EFFECTS - EPSILONS  ***


            EPS1   
 
 EPS1
+        3.16E-03
 
 #CPUT: Total CPU Time in Seconds,   175261.311
Stop Time:
Thu Feb 12 17:56:53 CET 2015
