Tue 08/28/2012 
11:41 PM
;; 1. Based on: md3049
;; 2. Description: remove exp on V1
;; x1. Author: wangm
;;    include children less than 3 years and adults who have morphine, M3G and M6G concentrations.
;;    only morphine and m3g concentration are modeled
;;-----------------------------------------------
;; AMT      ug
;; RATE     ug/min
;; TIME     min
;; DV       natural log-transformed concentration
;; CONC     ug/L or ng/mL
;; AGE      year
;; PNA      day
;; BW       kg
;; CMT      1=morphine 2=m3g 3=m6g
;;-----------------------------------------------
$PROBLEM    MorphModel3
$INPUT      ID TIME AMT RATE DV MDV CONC CMT PNA AGE BW POP NKOD OID
            STUD
$DATA       morph_md3_clean.csv IGNORE=I
$SUBROUTINE ADVAN5
;-------------------------------------------------------------------------------
$MODEL      NCOMPARTMENTS=3 COMP (CENTRAL,DEFDOSE) ;MORPHINE CENTRAL
            COMP=(2) ;M3G
            COMP=(3) ;PERPHERAL COM OF MORHINE

;-------------------------------------------------------------------------------
$PK

KDEC1   = THETA(1)                      ; DECREASE OF EXPONENT FOR CLM1
KMAX1   = THETA(2)+KDEC1                ; MAXIMUM EXPONENT OF CLM1
KHAL1   = THETA(3)                      ; K50 OF CLM1
GAMMA1  = THETA(4)                      ; GAMMA OF CLM1
KBDE1   = KMAX1-KDEC1*(BW**GAMMA1)/(KHAL1**GAMMA1+BW**GAMMA1)

KDEC2   = THETA(5)                      ; DECREASE OF EXPONENT FOR CLE2
KMAX2   = THETA(6)+KDEC2                ; MAXIMUM EXPONENT OF CLE2
KHAL2   = THETA(7)                      ; K50 OF CLE2
GAMMA2  = THETA(8)                      ; GAMMA OF CLE2
KBDE2   = KMAX2-KDEC2*(BW**GAMMA2)/(KHAL2**GAMMA2+BW**GAMMA2)

;-------------------------------------------------------------------------------
TVCLM1  = THETA(9)*(BW/70)**KBDE1       ; POPULATION METABOLISM OF MORPHINE TO M3G
CLM1    = TVCLM1*EXP(ETA(1))            ; INDIVIDUAL ...
TVCLE1  = THETA(10)*(BW/70)             ; POPULATION EXCRETION OF MORPHINE + METABOLISM TO M6G
CLE1    = TVCLE1*EXP(ETA(2))            ; INDIVIDUAL ...
TVCLE2  = THETA(11)*(BW/70)**KBDE2      ; POPULATION EXCRETION OF M3G
CLE2    = TVCLE2*EXP(ETA(3))            ; INDIVIDUAL ...
;-------------------------------------------------------------------------------
TVV1    = THETA(12)*(BW/70)             ; POPULATION VOLUME OF MORPHINE CENTRAL COMPARTMENT
V1      = TVV1 * EXP(ETA(4))            ; INDIVIDUAL ...
TVV2    = THETA(13)*(BW/70)**THETA(18)  ; POPULATION VOLUME OF M3G
V2      = TVV2 * EXP(ETA(5))            ; INDIVIDUAL ...
TVQ2    = THETA(14)*(BW/70)             ; POPULATION INTERCOMPARTMENTAL CLEARANCE OF MORHPINE
Q2      = TVQ2*EXP(ETA(6))              ; INDIVIDUAL ...
TVV3    = THETA(15)*(BW/70)             ; POPULATION VOLUME OF MORPHINE PEREPHERAL COMPARTMENT
V3      = TVV3*EXP(ETA(7))              ; INDIVIDUAL ...

F1      = 1
IF (POP.EQ.3) F1 = 0.88
;-------------------------------------------------------------------------------
ET1  = ETA(1)
ET2  = ETA(2)
ET3  = ETA(3)
ET4  = ETA(4)
ET5  = ETA(5)
ET6  = ETA(6)
ET7  = ETA(7)
;-------------------------------------------------------------------------------
S1=V1
S2=V2
;-------------------------------------------------------------------------------
K10  = CLE1/V1
K12  = CLM1/V1
K13  = Q2/V1
K20  = CLE2/V2
K31  = Q2/V3

;-------------------------------------------------------------------------------
$ERROR

COM1=0
IF (CMT.EQ.1) COM1=1
COM2=0
IF (CMT.EQ.2) COM2=1
;
IPRED=LOG(0.000001)
IF (F.GT.0) IPRED = LOG(F)
W1   =  THETA(16)          ;ERR Morphine
W2   =  THETA(17)          ;ERR M3G

IRES  = IPRED-DV
IWRES = IRES/(COM1*W1+COM2*W2)

TEH=0
IF (TIME.GT.1900.AND.NKOD.EQ.1) TEH = 1
IF (TIME.GT.1900.AND.NKOD.EQ.2) TEH = 1

Y1 = IPRED + ERR(1)*W1 + TEH*ERR(3)    ; MORPHINE
Y2 = IPRED + ERR(2)*W2 + TEH*ERR(3)    ; M3G

Y=COM1*Y1+COM2*Y2   
;-------------------------------------------------------------------------------
$THETA  (0.1,0.74) ; KDEC1
 (0.4,0.7) ; KMAX1-KDEC1 OR MINMUM EXP1 (TH2)
 (0.05,4,20) ; KHAL1
 (1,3) ; GAMMA1
 (0.1,0.47) ; KDEC2
 (0.4,0.6) ; KMAX2-KDEC2 OR MINMUM EXP2 (TH15)
 (0.05,5,20) ; KHAL2
 (1,6) ; GAMMA2
 (0.001,1.4) ; CLM1
 (0.001,0.1) ; CLE1
 (0.001,0.23) ; CLE2
 (0.01,30) ; V1
 20 FIX ; V2
 (0.001,4) ; Q2
 (0.01,180) ; V4
 (0,0.435) ; ERR MORP
 (0,0.362) ; ERR M3G
 (0.1,0.7) ; EXP V2
;--------------------------------------------------------
;---------------------------------------------------------
;-------------------------------------------------------------------------------
$OMEGA  0.2  ;       CLM1
 0.1  ;       CLE1
 0.19  ;       CLE2
 0.2  ;         V1
 0.2  ;         V2
 0  FIX  ;         Q2
 0.3  ;         V3
;-------------------------------------------------------------------------------
$SIGMA  1  FIX
 1  FIX
 2  ;       ERR3
;-------------------------------------------------------------------------------
$ESTIMATION NOABORT SIGDIG=3 PRINT=15 MAXEVAL=9999 METHOD=1
            INTERACTION POSTHOC
$COVARIANCE COMP PRINT=E
$TABLE      ID TIME AMT RATE DV PRED CWRES IWRES IPRED MDV CONC CMT
            PNA AGE BW POP NKOD OID STUD TVCLM1 KBDE1 KBDE2 CLM1
            TVCLE1 CLE1 TVCLE2 CLE2 Q2 TVV1 V1 TVV2 V2 TVV3 V3 ET1 ET2
            ET3 ET4 ET5 ET6 ET7 NOPRINT ONEHEADER NOAPPEND
            FILE=md3050.tab

  
NM-TRAN MESSAGES 
  
 WARNINGS AND ERRORS (IF ANY) FOR PROBLEM    1
             
 (WARNING  2) NM-TRAN INFERS THAT THE DATA ARE POPULATION.
 CREATING MUMODEL ROUTINE...
  
License Registered to: Leiden-Amsterdam Center for Drug Research - Gorlaeus Labs
Expiration Date:    14 JAN 2013
Current Date:       28 AUG 2012
Days until program expires : 141
1NONLINEAR MIXED EFFECTS MODEL PROGRAM (NONMEM) VERSION 7.2.0
 ORIGINALLY DEVELOPED BY STUART BEAL, LEWIS SHEINER, AND ALISON BOECKMANN
 CURRENT DEVELOPERS ARE ROBERT BAUER, ICON DEVELOPMENT SOLUTIONS,
 AND ALISON BOECKMANN. IMPLEMENTATION, EFFICIENCY, AND STANDARDIZATION
 PERFORMED BY NOUS INFOSYSTEMS.

 PROBLEM NO.:         1
 MorphModel3
0DATA CHECKOUT RUN:              NO
 DATA SET LOCATED ON UNIT NO.:    2
 THIS UNIT TO BE REWOUND:        NO
 NO. OF DATA RECS IN DATA SET:     5449
 NO. OF DATA ITEMS IN DATA SET:  16
 ID DATA ITEM IS DATA ITEM NO.:   1
 DEP VARIABLE IS DATA ITEM NO.:   5
 MDV DATA ITEM IS DATA ITEM NO.:  6
0INDICES PASSED TO SUBROUTINE PRED:
  16   2   3   4   0   0   8   0   0   0   0
0LABELS FOR DATA ITEMS:
 ID TIME AMT RATE DV MDV CONC CMT PNA AGE BW POP NKOD OID STUD EVID
0(NONBLANK) LABELS FOR PRED-DEFINED ITEMS:
 KBDE1 KBDE2 TVCLM1 CLM1 TVCLE1 CLE1 TVCLE2 CLE2 TVV1 V1 TVV2 V2 Q2 TVV3 V3 ET1 ET2 ET3 ET4 ET5 ET6 ET7 IPRED IWRES
0FORMAT FOR DATA:
 (2E5.0,2E11.0,E17.0,E1.0,E17.0,E1.0,E6.0/E20.0,E5.0,E1.0,3E4.0,1F2.0)

 TOT. NO. OF OBS RECS:     2415
 TOT. NO. OF INDIVIDUALS:    355
0LENGTH OF THETA:  18
0DEFAULT THETA BOUNDARY TEST OMITTED:    NO
0OMEGA HAS BLOCK FORM:
  1
  0  2
  0  0  3
  0  0  0  4
  0  0  0  0  5
  0  0  0  0  0  6
  0  0  0  0  0  0  7
0DEFAULT OMEGA BOUNDARY TEST OMITTED:    NO
0SIGMA HAS BLOCK FORM:
  1
  0  2
  0  0  3
0DEFAULT SIGMA BOUNDARY TEST OMITTED:    NO
0INITIAL ESTIMATE OF THETA:
 LOWER BOUND    INITIAL EST    UPPER BOUND
  0.1000E+00     0.7400E+00     0.1000E+07
  0.4000E+00     0.7000E+00     0.1000E+07
  0.5000E-01     0.4000E+01     0.2000E+02
  0.1000E+01     0.3000E+01     0.1000E+07
  0.1000E+00     0.4700E+00     0.1000E+07
  0.4000E+00     0.6000E+00     0.1000E+07
  0.5000E-01     0.5000E+01     0.2000E+02
  0.1000E+01     0.6000E+01     0.1000E+07
  0.1000E-02     0.1400E+01     0.1000E+07
  0.1000E-02     0.1000E+00     0.1000E+07
  0.1000E-02     0.2300E+00     0.1000E+07
  0.1000E-01     0.3000E+02     0.1000E+07
  0.2000E+02     0.2000E+02     0.2000E+02
  0.1000E-02     0.4000E+01     0.1000E+07
  0.1000E-01     0.1800E+03     0.1000E+07
  0.0000E+00     0.4350E+00     0.1000E+07
  0.0000E+00     0.3620E+00     0.1000E+07
  0.1000E+00     0.7000E+00     0.1000E+07
0INITIAL ESTIMATE OF OMEGA:
 BLOCK SET NO.   BLOCK                                                                    FIXED
        1                                                                                   NO
                  0.2000E+00
        2                                                                                   NO
                  0.1000E+00
        3                                                                                   NO
                  0.1900E+00
        4                                                                                   NO
                  0.2000E+00
        5                                                                                   NO
                  0.2000E+00
        6                                                                                  YES
                  0.0000E+00
        7                                                                                   NO
                  0.3000E+00
0INITIAL ESTIMATE OF SIGMA:
 BLOCK SET NO.   BLOCK                                                                    FIXED
        1                                                                                  YES
                  0.1000E+01
        2                                                                                  YES
                  0.1000E+01
        3                                                                                   NO
                  0.2000E+01
0ESTIMATION STEP OMITTED:           NO
 CONDITIONAL ESTIMATES USED:       YES
 CENTERED ETA:                      NO
 EPS-ETA INTERACTION:              YES
 LAPLACIAN OBJ. FUNC.:              NO
 NO. OF FUNCT. EVALS. ALLOWED:       9999
 NO. OF SIG. FIGURES REQUIRED:       3
 INTERMEDIATE PRINTOUT:            YES
 ESTIMATE OUTPUT TO MSF:            NO
 ABORT WITH PRED EXIT CODE 1:       NO
 IND. OBJ. FUNC. VALUES SORTED:     NO
0COVARIANCE STEP OMITTED:    NO
 EIGENVLS. PRINTED:         YES
 SPECIAL COMPUTATION:        NO
 COMPRESSED FORMAT:         YES
0TABLES STEP OMITTED:    NO
 NO. OF TABLES:           1
0-- TABLE   1 --
04 COLUMNS APPENDED:     NO
 PRINTED:                NO
 HEADERS:               ONE
 FILE TO BE FORWARDED:   NO
0USER-CHOSEN ITEMS:
 ID TIME AMT RATE DV PRED CWRES IWRES IPRED MDV CONC CMT PNA AGE BW POP NKOD OID STUD TVCLM1 KBDE1 KBDE2 CLM1 TVCLE1 CLE1
 TVCLE2 CLE2 Q2 TVV1 V1 TVV2 V2 TVV3 V3 ET1 ET2 ET3 ET4 ET5 ET6 ET7

 THE FOLLOWING LABELS ARE EQUIVALENT
 PRED=PREDI
 RES=RESI
 WRES=WRESI
1DOUBLE PRECISION PREDPP VERSION 7.2.0

 GENERAL LINEAR KINETICS MODEL (ADVAN5)
0MODEL SUBROUTINE USER-SUPPLIED - ID NO. 9999
0MAXIMUM NO. OF BASIC PK PARAMETERS:   5
0RATE CONSTANT PARAMETERS - ASSIGNMENT OF ROWS IN GG
            TO COMPT.
  FROM      1    2    3    4
  COMPT.
    1       *    2    3    1
    2       -    *    -    4
    3       5    -    *    -
             * LINK FROM A COMPARTMENT TO ITSELF IS NOT POSSIBLE
             - LINK BETWEEN THESE COMPARTMENTS IS NOT DEFINED FOR THIS MODEL
0COMPARTMENT ATTRIBUTES
 COMPT. NO.   FUNCTION   INITIAL    ON/OFF      DOSE      DEFAULT    DEFAULT
                         STATUS     ALLOWED    ALLOWED    FOR DOSE   FOR OBS.
    1         CENTRAL      ON         YES        YES        YES        YES
    2         2            ON         YES        YES        NO         NO
    3         3            ON         YES        YES        NO         NO
    4         OUTPUT       OFF        YES        NO         NO         NO
1
 ADDITIONAL PK PARAMETERS - ASSIGNMENT OF ROWS IN GG
 COMPT. NO.                             INDICES
              SCALE      BIOAVAIL.   ZERO-ORDER  ZERO-ORDER  ABSORB
                         FRACTION    RATE        DURATION    LAG
    1           7           6           *           *           *
    2           8           *           *           *           *
    3           *           *           *           *           *
    4           *           -           -           -           -
             - PARAMETER IS NOT ALLOWED FOR THIS MODEL
             * PARAMETER IS NOT SUPPLIED BY PK SUBROUTINE;
               WILL DEFAULT TO ONE IF APPLICABLE
0DATA ITEM INDICES USED BY PRED ARE:
   EVENT ID DATA ITEM IS DATA ITEM NO.:     16
   TIME DATA ITEM IS DATA ITEM NO.:          2
   DOSE AMOUNT DATA ITEM IS DATA ITEM NO.:   3
   DOSE RATE DATA ITEM IS DATA ITEM NO.:     4
   COMPT. NO. DATA ITEM IS DATA ITEM NO.:    8

0PK SUBROUTINE CALLED WITH EVERY EVENT RECORD.
 PK SUBROUTINE NOT CALLED AT NONEVENT (ADDITIONAL OR LAGGED) DOSE TIMES.
0ERROR SUBROUTINE CALLED WITH EVERY EVENT RECORD.
1


 #TBLN:      1
 #METH: First Order Conditional Estimation with Interaction

 MONITORING OF SEARCH:


0ITERATION NO.:    0    OBJECTIVE VALUE:  -306.571335548144        NO. OF FUNC. EVALS.:  20
 CUMULATIVE NO. OF FUNC. EVALS.:       20
 NPARAMETR:  7.4000E-01  7.0000E-01  4.0000E+00  3.0000E+00  4.7000E-01  6.0000E-01  5.0000E+00  6.0000E+00  1.4000E+00  1.0000E-01
             2.3000E-01  3.0000E+01  4.0000E+00  1.8000E+02  4.3500E-01  3.6200E-01  7.0000E-01  2.0000E-01  1.0000E-01  1.9000E-01
             2.0000E-01  2.0000E-01  3.0000E-01  2.0000E+00
 PARAMETER:  1.0000E-01  1.0000E-01  1.0000E-01  1.0000E-01  1.0000E-01  1.0000E-01  1.0000E-01  1.0000E-01  1.0000E-01  1.0000E-01
             1.0000E-01  1.0000E-01  1.0000E-01  1.0000E-01  1.0000E-01  1.0000E-01  1.0000E-01  1.0000E-01  1.0000E-01  1.0000E-01
             1.0000E-01  1.0000E-01  1.0000E-01  1.0000E-01
 GRADIENT:  -9.4741E+02 -6.0422E+02 -4.1447E+02 -7.4959E+01 -8.9077E+01 -5.6982E+01 -1.8131E+01 -3.2918E+00  5.8672E+02  1.9918E+02
             9.6246E+01  1.6765E+01 -4.7889E+01  7.9540E+01 -2.5854E+02 -1.5011E+02 -3.8630E+01 -1.7059E+02 -1.4358E+01 -3.1588E+01
            -6.4872E+01 -2.5854E+01 -2.7155E+01 -4.8623E+00

0ITERATION NO.:   15    OBJECTIVE VALUE:  -474.600244760567        NO. OF FUNC. EVALS.:  24
 CUMULATIVE NO. OF FUNC. EVALS.:      350
 NPARAMETR:  8.0198E-01  7.6035E-01  4.2795E+00  2.7480E+00  4.6383E-01  6.0022E-01  4.9878E+00  5.8681E+00  1.4824E+00  6.5088E-02
             2.2474E-01  2.9526E+01  4.1058E+00  1.5733E+02  4.5214E-01  3.6818E-01  6.9174E-01  1.9543E-01  9.9780E-02  1.8896E-01
             5.7636E-01  3.9155E-01  2.7452E-01  2.0002E+00
 PARAMETER:  1.9244E-01  2.8329E-01  1.8598E-01 -3.4666E-02  8.3187E-02  1.0110E-01  9.6723E-02  7.3261E-02  1.5720E-01 -3.3487E-01
             7.6743E-02  8.4082E-02  1.2611E-01 -3.4616E-02  1.3864E-01  1.1693E-01  8.6134E-02  8.8448E-02  9.8901E-02  9.7245E-02
             6.2921E-01  4.3589E-01  5.5622E-02  1.0004E-01
 GRADIENT:   1.4537E+02  1.0130E+02  7.6616E+01  8.6184E+00 -3.6539E+01 -1.5900E+01  5.5734E+00 -3.7924E+00 -9.9529E+01 -6.1623E-01
             1.7491E+01  1.5055E+01 -4.9891E+00  2.4076E+01  2.1832E+01 -1.9026E+01 -5.9050E+01 -1.7388E+01 -1.5352E-01 -3.3798E+00
             7.7517E+00  5.4296E+00 -7.0796E+00  1.1568E+00

0ITERATION NO.:   30    OBJECTIVE VALUE:  -481.165512095337        NO. OF FUNC. EVALS.:  22
 CUMULATIVE NO. OF FUNC. EVALS.:      673
 NPARAMETR:  7.0691E-01  8.4212E-01  3.9715E+00  3.3483E+00  4.5160E-01  6.0536E-01  4.8644E+00  6.7857E+00  1.5765E+00  5.7685E-02
             2.2361E-01  2.9297E+01  4.1922E+00  1.5508E+02  4.4690E-01  3.7041E-01  7.1200E-01  2.0271E-01  9.1520E-02  1.8996E-01
             5.1628E-01  3.7142E-01  3.0664E-01  1.8302E+00
 PARAMETER:  4.6916E-02  4.8781E-01  9.0994E-02  2.6054E-01  4.8982E-02  1.2644E-01  6.3224E-02  2.4596E-01  2.1880E-01 -4.5761E-01
             7.1682E-02  7.6291E-02  1.4695E-01 -4.9049E-02  1.2698E-01  1.2297E-01  1.1980E-01  1.0674E-01  5.5693E-02  9.9891E-02
             5.7416E-01  4.0950E-01  1.1095E-01  5.5651E-02
 GRADIENT:   1.6553E+01  1.4155E+01  7.2409E+00  1.3144E+00 -2.9858E+00 -2.3605E+00 -1.2811E+00  4.2755E-02 -1.0579E+01 -1.2167E+00
             3.2009E+00  2.0350E-02  1.9445E-01  2.6387E-01 -5.9597E-01 -7.9184E-01  4.5193E-01  8.1402E-02  9.8618E-02 -7.6326E-01
             1.3516E+00  8.8477E-01 -2.0337E-01 -1.7670E-01

0ITERATION NO.:   45    OBJECTIVE VALUE:  -481.614608175605        NO. OF FUNC. EVALS.:  39
 CUMULATIVE NO. OF FUNC. EVALS.:     1196
 NPARAMETR:  6.6523E-01  8.9030E-01  3.8866E+00  3.6113E+00  4.4828E-01  6.0992E-01  4.8681E+00  6.8383E+00  1.6669E+00  5.7193E-02
             2.2525E-01  2.9265E+01  4.2001E+00  1.5478E+02  4.4697E-01  3.7069E-01  7.1073E-01  2.0208E-01  6.7595E-02  1.9108E-01
             5.0778E-01  3.6681E-01  3.0833E-01  1.8544E+00
 PARAMETER: -2.4232E-02  5.9123E-01  6.3795E-02  3.6670E-01  3.9509E-02  1.4841E-01  6.4231E-02  2.5501E-01  2.7461E-01 -4.6633E-01
             7.9028E-02  7.5193E-02  1.4882E-01 -5.0991E-02  1.2715E-01  1.2371E-01  1.1773E-01  1.0517E-01 -9.5820E-02  1.0283E-01
             5.6587E-01  4.0326E-01  1.1369E-01  6.2219E-02
 GRADIENT:  -1.2787E-02 -1.6533E-02 -9.4074E-03  5.8882E-04  1.5316E-02  9.1579E-03  2.8258E-03  5.5850E-04  1.2181E-02 -3.3316E-03
            -1.4062E-02 -1.0741E-02  2.6169E-03 -1.0704E-03 -8.8061E-04  1.3786E-03  6.9274E-03  9.7868E-04  5.7677E-04  2.1501E-04
             4.7543E-03 -8.9348E-04  1.3509E-03  2.9198E-04

0ITERATION NO.:   50    OBJECTIVE VALUE:  -481.614614673970        NO. OF FUNC. EVALS.:  36
 CUMULATIVE NO. OF FUNC. EVALS.:     1389
 NPARAMETR:  6.6525E-01  8.9028E-01  3.8866E+00  3.6111E+00  4.4827E-01  6.0993E-01  4.8680E+00  6.8386E+00  1.6669E+00  5.7196E-02
             2.2525E-01  2.9269E+01  4.2000E+00  1.5478E+02  4.4697E-01  3.7069E-01  7.1074E-01  2.0208E-01  6.7430E-02  1.9108E-01
             5.0775E-01  3.6681E-01  3.0833E-01  1.8544E+00
 PARAMETER: -2.4195E-02  5.9119E-01  6.3809E-02  3.6663E-01  3.9489E-02  1.4847E-01  6.4220E-02  2.5505E-01  2.7460E-01 -4.6627E-01
             7.9041E-02  7.5314E-02  1.4881E-01 -5.0991E-02  1.2715E-01  1.2371E-01  1.1774E-01  1.0518E-01 -9.7041E-02  1.0284E-01
             5.6583E-01  4.0327E-01  1.1370E-01  6.2201E-02
 GRADIENT:   4.2823E-04  1.3944E-03  4.4172E-04 -2.3988E-06  9.8686E-04  2.3771E-04  1.1875E-05  1.7445E-04 -1.7708E-03 -5.8519E-04
             4.2554E-05 -4.8811E-04 -5.2449E-04 -5.2939E-04  4.4034E-04  5.0668E-04  1.3681E-03  3.4835E-04  2.1644E-05  2.4190E-04
             5.4307E-05  7.8113E-04  2.9179E-04 -1.6062E-04

 #TERM:
0MINIMIZATION SUCCESSFUL
 NO. OF FUNCTION EVALUATIONS USED:     1389
 NO. OF SIG. DIGITS IN FINAL EST.:  4.2

 ETABAR IS THE ARITHMETIC MEAN OF THE ETA-ESTIMATES,
 AND THE P-VALUE IS GIVEN FOR THE NULL HYPOTHESIS THAT THE TRUE MEAN IS 0.

 ETABAR:         1.6365E-03 -3.1453E-03 -9.9728E-04 -1.8739E-02 -2.7863E-03  0.0000E+00 -1.6744E-02
 SE:             1.9462E-02  1.4378E-03  1.8575E-02  1.4903E-02  1.6035E-02  0.0000E+00  1.5777E-02

 P VAL.:         9.3299E-01  2.8707E-02  9.5718E-01  2.0859E-01  8.6206E-01  1.0000E+00  2.8858E-01

 ETAshrink(%):   1.8890E+01  8.9626E+01  2.0391E+01  6.0817E+01  5.0396E+01  1.0000E+02  4.6767E+01
 EPSshrink(%):   1.3475E+01  1.7938E+01  1.4786E+01

 #TERE:
 Elapsed estimation time in seconds:  4026.09
0R MATRIX ALGORITHMICALLY SINGULAR
 AND ALGORITHMICALLY NON-POSITIVE-SEMIDEFINITE
0R MATRIX IS OUTPUT
0COVARIANCE STEP ABORTED
 Elapsed covariance time in seconds: 10504.15
1
 
 
 
 
 
 
 
 
 
 
 
 
 
 
 
 
 
 
 
 
 ************************************************************************************************************************
 ********************                                                                                ********************
 ********************               FIRST ORDER CONDITIONAL ESTIMATION WITH INTERACTION              ********************
 #OBJT:**************                       MINIMUM VALUE OF OBJECTIVE FUNCTION                      ********************
 ********************                                                                                ********************
 ************************************************************************************************************************
 





 #OBJV:********************************************     -481.615       **************************************************
1
 ************************************************************************************************************************
 ********************                                                                                ********************
 ********************               FIRST ORDER CONDITIONAL ESTIMATION WITH INTERACTION              ********************
 ********************                             FINAL PARAMETER ESTIMATE                           ********************
 ********************                                                                                ********************
 ************************************************************************************************************************
 


 THETA - VECTOR OF FIXED EFFECTS PARAMETERS   *********


         TH 1      TH 2      TH 3      TH 4      TH 5      TH 6      TH 7      TH 8      TH 9      TH10      TH11      TH12     
          TH13      TH14      TH15      TH16      TH17      TH18     
 
         6.65E-01  8.90E-01  3.89E+00  3.61E+00  4.48E-01  6.10E-01  4.87E+00  6.84E+00  1.67E+00  5.72E-02  2.25E-01  2.93E+01
          2.00E+01  4.20E+00  1.55E+02  4.47E-01  3.71E-01  7.11E-01
 


 OMEGA - COV MATRIX FOR RANDOM EFFECTS - ETAS  ********


            ETA1      ETA2      ETA3      ETA4      ETA5      ETA6      ETA7   
 
 ETA1
+        2.02E-01
 
 ETA2
+        0.00E+00  6.74E-02
 
 ETA3
+        0.00E+00  0.00E+00  1.91E-01
 
 ETA4
+        0.00E+00  0.00E+00  0.00E+00  5.08E-01
 
 ETA5
+        0.00E+00  0.00E+00  0.00E+00  0.00E+00  3.67E-01
 
 ETA6
+        0.00E+00  0.00E+00  0.00E+00  0.00E+00  0.00E+00  0.00E+00
 
 ETA7
+        0.00E+00  0.00E+00  0.00E+00  0.00E+00  0.00E+00  0.00E+00  3.08E-01
 


 SIGMA - COV MATRIX FOR RANDOM EFFECTS - EPSILONS  ****


            EPS1      EPS2      EPS3   
 
 EPS1
+        1.00E+00
 
 EPS2
+        0.00E+00  1.00E+00
 
 EPS3
+        0.00E+00  0.00E+00  1.85E+00
 
1


 OMEGA - CORR MATRIX FOR RANDOM EFFECTS - ETAS  *******


            ETA1      ETA2      ETA3      ETA4      ETA5      ETA6      ETA7   
 
 ETA1
+        4.50E-01
 
 ETA2
+        0.00E+00  2.60E-01
 
 ETA3
+        0.00E+00  0.00E+00  4.37E-01
 
 ETA4
+        0.00E+00  0.00E+00  0.00E+00  7.13E-01
 
 ETA5
+        0.00E+00  0.00E+00  0.00E+00  0.00E+00  6.06E-01
 
 ETA6
+        0.00E+00  0.00E+00  0.00E+00  0.00E+00  0.00E+00  0.00E+00
 
 ETA7
+        0.00E+00  0.00E+00  0.00E+00  0.00E+00  0.00E+00  0.00E+00  5.55E-01
 


 SIGMA - CORR MATRIX FOR RANDOM EFFECTS - EPSILONS  ***


            EPS1      EPS2      EPS3   
 
 EPS1
+        1.00E+00
 
 EPS2
+        0.00E+00  1.00E+00
 
 EPS3
+        0.00E+00  0.00E+00  1.36E+00
 
1
 ************************************************************************************************************************
 ********************                                                                                ********************
 ********************               FIRST ORDER CONDITIONAL ESTIMATION WITH INTERACTION              ********************
 ********************                                     R MATRIX                                   ********************
 ********************                                                                                ********************
 ************************************************************************************************************************
 

     TH 1 | TH 1      TH 2 | TH 1      TH 2 | TH 2      TH 3 | TH 1      TH 3 | TH 2      TH 3 | TH 3      TH 4 | TH 1  
       5.87E+03         6.84E+03         9.91E+03         3.48E+02         6.78E+02         9.57E+01         1.45E+02

     TH 4 | TH 2      TH 4 | TH 3      TH 4 | TH 4      TH 5 | TH 1      TH 5 | TH 2      TH 5 | TH 3      TH 5 | TH 4  
       8.88E+01         7.84E+00         7.27E+00        -1.32E+03        -1.20E+03        -1.77E+01        -3.89E+01

     TH 5 | TH 5      TH 6 | TH 1      TH 6 | TH 2      TH 6 | TH 3      TH 6 | TH 4      TH 6 | TH 5      TH 6 | TH 6  
       8.64E+03        -1.21E+03        -1.21E+03         1.07E+02         1.38E+01         7.01E+03         1.17E+04

     TH 7 | TH 1      TH 7 | TH 2      TH 7 | TH 3      TH 7 | TH 4      TH 7 | TH 5      TH 7 | TH 6      TH 7 | TH 7  
       2.10E+01        -1.08E+01         4.53E+00         1.20E+00         1.44E+02         2.61E+02         2.61E+01

     TH 8 | TH 1      TH 8 | TH 2      TH 8 | TH 3      TH 8 | TH 4      TH 8 | TH 5      TH 8 | TH 6      TH 8 | TH 7  
      -5.96E-01        -1.10E+00         1.33E+00        -6.10E-01         2.32E+01         2.48E+01         1.05E+00

     TH 8 | TH 8      TH 9 | TH 1      TH 9 | TH 2      TH 9 | TH 3      TH 9 | TH 4      TH 9 | TH 5      TH 9 | TH 6  
       7.76E-01        -1.16E+03        -1.88E+03        -1.36E+02        -1.08E+01         1.57E+02         2.05E+02

     TH 9 | TH 7      TH 9 | TH 8      TH 9 | TH 9      TH10 | TH 1      TH10 | TH 2      TH10 | TH 3      TH10 | TH 4  
       1.87E+00         1.40E+00         4.08E+02        -5.20E+03        -6.30E+03        -3.61E+02        -1.20E+02

     TH10 | TH 5      TH10 | TH 6      TH10 | TH 7      TH10 | TH 8      TH10 | TH 9      TH10 | TH10      TH11 | TH 1  
      -7.92E+03        -8.32E+03        -1.15E+02        -4.38E+00         1.03E+03         1.83E+04         1.46E+03

     TH11 | TH 2      TH11 | TH 3      TH11 | TH 4      TH11 | TH 5      TH11 | TH 6      TH11 | TH 7      TH11 | TH 8  
       1.25E+03         7.21E+01         5.01E+01        -9.87E+03        -1.53E+04        -3.85E+02        -3.14E+01

     TH11 | TH 9      TH11 | TH10      TH11 | TH11      TH12 | TH 1      TH12 | TH 2      TH12 | TH 3      TH12 | TH 4  
      -2.00E+02         9.73E+03         2.52E+04         4.01E-01         3.07E+00         7.06E-01         3.98E-01

     TH12 | TH 5      TH12 | TH 6      TH12 | TH 7      TH12 | TH 8      TH12 | TH 9      TH12 | TH10      TH12 | TH11  
      -1.32E+00         6.26E+00         1.04E-01        -1.12E-01        -7.04E-01         7.82E+00        -4.38E+00

     TH12 | TH12      TH14 | TH 1      TH14 | TH 2      TH14 | TH 3      TH14 | TH 4      TH14 | TH 5      TH14 | TH 6  
       1.88E-01         1.84E+01         1.05E+01         3.08E+00         2.27E+00        -7.29E+00        -1.55E+01

     TH14 | TH 7      TH14 | TH 8      TH14 | TH 9      TH14 | TH10      TH14 | TH11      TH14 | TH12      TH14 | TH14  
       1.98E+00        -2.52E-02        -5.30E+00         4.51E+01        -1.21E+02         3.52E-01         1.93E+01

     TH15 | TH 1      TH15 | TH 2      TH15 | TH 3      TH15 | TH 4      TH15 | TH 5      TH15 | TH 6      TH15 | TH 7  
      -2.11E-01         1.44E+00         8.55E-03        -1.96E-02        -1.20E+00        -2.42E+00        -5.23E-03

     TH15 | TH 8      TH15 | TH 9      TH15 | TH10      TH15 | TH11      TH15 | TH12      TH15 | TH14      TH15 | TH15  
       1.35E-02        -2.60E-01         1.17E+00         2.97E+00         1.72E-02         8.57E-02         1.57E-02

     TH16 | TH 1      TH16 | TH 2      TH16 | TH 3      TH16 | TH 4      TH16 | TH 5      TH16 | TH 6      TH16 | TH 7  
      -1.45E+01        -3.26E+01         4.47E+01        -1.62E+00         2.44E+02        -2.80E+01         6.53E+01

     TH16 | TH 8      TH16 | TH 9      TH16 | TH10      TH16 | TH11      TH16 | TH12      TH16 | TH14      TH16 | TH15  
      -3.63E+00        -1.86E+01        -3.50E+02        -1.57E+02         3.11E+00        -3.12E+01        -1.68E+00

     TH16 | TH16      TH17 | TH 1      TH17 | TH 2      TH17 | TH 3      TH17 | TH 4      TH17 | TH 5      TH17 | TH 6  
       8.32E+03         2.88E+02         2.45E+01         1.43E+00         1.20E+00         2.83E+02         7.17E+02

     TH17 | TH 7      TH17 | TH 8      TH17 | TH 9      TH17 | TH10      TH17 | TH11      TH17 | TH12      TH17 | TH14  
      -2.98E+01        -1.19E+00        -3.39E+01        -8.49E+02        -5.79E+02         9.23E-01        -4.26E-01

     TH17 | TH15      TH17 | TH16      TH17 | TH17      TH18 | TH 1      TH18 | TH 2      TH18 | TH 3      TH18 | TH 4  
      -2.05E-01         4.69E+02         9.94E+03        -7.35E+02        -6.81E+02        -4.67E+01        -1.29E+01

     TH18 | TH 5      TH18 | TH 6      TH18 | TH 7      TH18 | TH 8      TH18 | TH 9      TH18 | TH10      TH18 | TH11  
      -3.55E+01         1.01E+03         2.06E+01        -3.45E+00         1.06E+02        -6.19E+02         4.28E+02

     TH18 | TH12      TH18 | TH14      TH18 | TH15      TH18 | TH16      TH18 | TH17      TH18 | TH18    OM0101 | TH 1  
      -3.87E+00        -3.68E+01        -1.66E+00        -1.22E+02         2.59E+02         1.65E+03        -2.08E+02

   OM0101 | TH 2    OM0101 | TH 3    OM0101 | TH 4    OM0101 | TH 5    OM0101 | TH 6    OM0101 | TH 7    OM0101 | TH 8  
      -2.15E+02        -1.29E+01        -5.19E+00        -1.61E+02        -1.69E+02        -1.68E+00        -3.10E-01

   OM0101 | TH 9    OM0101 | TH10    OM0101 | TH11    OM0101 | TH12    OM0101 | TH14    OM0101 | TH15    OM0101 | TH16  
       3.16E+01        -5.45E+02         2.00E+02        -6.13E-01         2.65E+00        -2.03E-01         7.04E+02

   OM0101 | TH17    OM0101 | TH18    OM0101 | OM0101  OM0202 | TH 1    OM0202 | TH 2    OM0202 | TH 3    OM0202 | TH 4  
       6.80E+01        -7.56E+01         1.84E+03         2.80E+00         4.51E+00         1.98E+00         4.21E-01

   OM0202 | TH 5    OM0202 | TH 6    OM0202 | TH 7    OM0202 | TH 8    OM0202 | TH 9    OM0202 | TH10    OM0202 | TH11  
      -3.37E+00        -5.07E+00         3.42E-01         2.97E-01        -1.54E+00        -2.00E+01        -8.57E+00

   OM0202 | TH12    OM0202 | TH14    OM0202 | TH15    OM0202 | TH16    OM0202 | TH17    OM0202 | TH18    OM0202 | OM0101
      -2.38E-02        -6.87E-02        -1.21E-02         3.25E+01         1.42E+01         1.42E+01         2.68E+01

   OM0202 | OM0202  OM0303 | TH 1    OM0303 | TH 2    OM0303 | TH 3    OM0303 | TH 4    OM0303 | TH 5    OM0303 | TH 6  
       1.03E+01         9.21E+01         9.70E+01        -2.25E-01         9.63E-02         2.43E+01         4.17E+01

   OM0303 | TH 7    OM0303 | TH 8    OM0303 | TH 9    OM0303 | TH10    OM0303 | TH11    OM0303 | TH12    OM0303 | TH14  
      -2.45E+00        -6.53E-01        -1.44E+01        -1.69E+01        -3.71E+01        -8.85E-03        -1.14E+00

   OM0303 | TH15    OM0303 | TH16    OM0303 | TH17    OM0303 | TH18    OM0303 | OM0101  OM0303 | OM0202  OM0303 | OM0303
      -4.07E-02         6.17E+01         6.85E+02         6.57E+01         6.95E+00         5.77E+01         2.22E+03

   OM0404 | TH 1    OM0404 | TH 2    OM0404 | TH 3    OM0404 | TH 4    OM0404 | TH 5    OM0404 | TH 6    OM0404 | TH 7  
      -1.53E+00         3.34E+00        -2.53E-02        -4.77E-01         3.65E-01        -2.45E+00        -3.67E-01

   OM0404 | TH 8    OM0404 | TH 9    OM0404 | TH10    OM0404 | TH11    OM0404 | TH12    OM0404 | TH14    OM0404 | TH15  
       2.71E-02        -1.29E+00        -4.08E+00         4.63E+00         1.27E-01         1.79E+00         1.72E-02

   OM0404 | TH16    OM0404 | TH17    OM0404 | TH18    OM0404 | OM0101  OM0404 | OM0202  OM0404 | OM0303  OM0404 | OM0404
       2.99E+01        -1.60E+00        -1.13E+01         2.25E+01         2.50E+00        -2.31E-01         7.90E+01

   OM0505 | TH 1    OM0505 | TH 2    OM0505 | TH 3    OM0505 | TH 4    OM0505 | TH 5    OM0505 | TH 6    OM0505 | TH 7  
       1.93E+01         2.60E+01         1.45E+00         3.69E-01         6.26E+00         2.28E+00         9.54E-02

   OM0505 | TH 8    OM0505 | TH 9    OM0505 | TH10    OM0505 | TH11    OM0505 | TH12    OM0505 | TH14    OM0505 | TH15  
       4.01E-02        -3.75E+00         6.69E+00        -5.21E+00         7.69E-02        -3.23E+00        -2.63E-02

   OM0505 | TH16    OM0505 | TH17    OM0505 | TH18    OM0505 | OM0101  OM0505 | OM0202  OM0505 | OM0303  OM0505 | OM0404
       2.64E+01         1.72E+02        -5.16E+01         6.77E+01         5.54E-01        -2.50E+00        -1.57E+00

   OM0505 | OM0505  OM0707 | TH 1    OM0707 | TH 2    OM0707 | TH 3    OM0707 | TH 4    OM0707 | TH 5    OM0707 | TH 6  
       1.74E+02        -5.00E+00        -2.59E+01        -1.46E+00         8.99E-01        -2.18E+01        -4.05E+01

   OM0707 | TH 7    OM0707 | TH 8    OM0707 | TH 9    OM0707 | TH10    OM0707 | TH11    OM0707 | TH12    OM0707 | TH14  
      -1.42E+00        -8.34E-03         7.79E+00         5.32E+01         6.39E+01        -2.61E-01        -1.21E+00

   OM0707 | TH15    OM0707 | TH16    OM0707 | TH17    OM0707 | TH18    OM0707 | OM0101  OM0707 | OM0202  OM0707 | OM0303
       3.02E-01         2.53E+02         1.27E+02         1.39E+01        -3.33E+01         1.43E+00         1.41E+01

   OM0707 | OM0404  OM0707 | OM0505  OM0707 | OM0707  SG0303 | TH 1    SG0303 | TH 2    SG0303 | TH 3    SG0303 | TH 4  
       9.00E+00         9.38E+00         2.49E+02         2.54E+01         2.07E+00        -1.23E+00        -2.58E-01

   SG0303 | TH 5    SG0303 | TH 6    SG0303 | TH 7    SG0303 | TH 8    SG0303 | TH 9    SG0303 | TH10    SG0303 | TH11  
      -3.10E+00        -5.98E-01         2.54E+00         5.37E-01         9.81E-01         1.83E+01         3.91E+00

   SG0303 | TH12    SG0303 | TH14    SG0303 | TH15    SG0303 | TH16    SG0303 | TH17    SG0303 | TH18    SG0303 | OM0101
      -7.36E-02        -1.97E+00        -2.73E-02         2.17E+01         2.84E+01        -1.12E+00         6.98E+00

   SG0303 | OM0202  SG0303 | OM0303  SG0303 | OM0404  SG0303 | OM0505  SG0303 | OM0707  SG0303 | SG0303  
       2.12E+01        -1.23E+01         4.14E-01        -3.03E+00        -9.36E+00         6.01E+00
Stop Time: 
Wed 08/29/2012 
03:44 AM
This file was created using c:\nm72/run/nmfe72.bat
Started  Tue Aug 28 23:41:43 2012
Finished Wed Aug 29 03:44:33 2012
