11/09/2017 
15:52
$PROBLEM    Midazolam PK in critically ill Children
$INPUT      ID TIME ; in hours
            CMT AMT ; in microgram
            RATE ; in microgram / hour
            DV ; in microgram / L
            MDV ORGF ; number of organs that are failig 
            WT ; bodyweight in kg
            CRP ; CRP concentration in mg/L
$DATA      Data20150701.csv IGNORE=@
$SUBROUTINE ADVAN6 TOL=6
$MODEL      COMP=(CENTRAL) COMP=(PERIPH)
$PK 
OCC=1
IF(TIME.GE.24)OCC=2
IF(TIME.GE.48)OCC=3
IF(TIME.GE.72)OCC=4
IF(TIME.GE.96)OCC=5
IF(TIME.GE.120)OCC=6

FLAG1=0 
FLAG2=0 
FLAG3=0 
FLAG4=0 
FLAG5=0 
FLAG6=0 

IF(OCC.EQ.1) FLAG1 = 1
IF(OCC.EQ.2) FLAG2 = 1
IF(OCC.EQ.3) FLAG3 = 1
IF(OCC.EQ.4) FLAG4 = 1
IF(OCC.EQ.5) FLAG5 = 1
IF(OCC.EQ.6) FLAG6 = 1

IOV=FLAG1*ETA(3)+FLAG2*ETA(4)+FLAG3*ETA(5)+FLAG4*ETA(6)+FLAG5*ETA(7)+FLAG6*ETA(8)

IIVCL = ETA(1)

ETCL = IIVCL + IOV

IF (ORGF.EQ.0) TVCL = THETA(1) * (WT/5)**(THETA(5)) * (CRP/32)**THETA(11)
IF (ORGF.EQ.1) TVCL = THETA(7) * (WT/5)**(THETA(5)) * (CRP/32)**THETA(11)
IF (ORGF.EQ.2) TVCL = THETA(8) * (WT/5)**(THETA(5)) * (CRP/32)**THETA(11)
IF (ORGF.EQ.3) TVCL = THETA(9) * (WT/5)**(THETA(5)) * (CRP/32)**THETA(11)
IF (ORGF.GT.3.5) TVCL = THETA(10) * (WT/5)**(THETA(5)) * (CRP/32)**THETA(11)
CL = TVCL * EXP(ETCL)
TVV1 = THETA(2) * (WT/5)**(THETA(6))
V1 = TVV1 * EXP(ETA(2))
TVQ  = THETA(3) 
Q  = TVQ  
TVV2 = THETA(4) 
V2 = TVV2 
S1 = V1

K10 = CL/V1
K12 = Q/V1
K21 = Q/V2

$DES 
DADT(1) = -K10*A(1) - K12*A(1) + K21*A(2)
DADT(2) =             K12*A(1) - K21*A(2)

$ERROR 
Y=F*(1+ERR(1))+ERR(2)
IPRED=F

$THETA  1.6 FIX ; CL orgf = 0
 (0.001,10) ; V1 (L)
 (0.001,1) ; Q (L/h)
 (0.001,10) ; V2 (L)
 (0.001,0.75) ; WT-CL pow
 (0.001,0.75) ; WT-V1 pow
 (0.001,1) ; CL orgf 1
 (0.001,1) ; CL orgf 2
 (0.001,1) ; CL orgf 3
 (0.001,1) ; CL orgf 4/5
 (-5,-0.5) ; CRP-CL pwr
$OMEGA  0.1  ;     IIV CL
 0.1  ;     IIV V1
$OMEGA  BLOCK(1)
 0.05  ;        IOV
$OMEGA  BLOCK(1) SAME
$OMEGA  BLOCK(1) SAME
$OMEGA  BLOCK(1) SAME
$OMEGA  BLOCK(1) SAME
$OMEGA  BLOCK(1) SAME
$SIGMA  0.1  ; Proportional error PK
 0.1  ; Additive error PK
$ESTIMATION METHOD=1 INTER MAXEVAL=2000 NOABORT SIG=3 PRINT=5 POSTHOC
$COVARIANCE PRINT=E
$TABLE      ID TIME DV MDV PRED IPRED CWRES WT ONEHEADER NOPRINT
            FILE=sdtab
$TABLE      ID CL V1 V2 Q ETA(1) ETA(2) ETCL IOV WT ORGF CRP ONEHEADER
            NOPRINT FIRSTONLY FILE=patab

  
NM-TRAN MESSAGES 
  
 WARNINGS AND ERRORS (IF ANY) FOR PROBLEM    1
             
 (WARNING  2) NM-TRAN INFERS THAT THE DATA ARE POPULATION.
  
License Registered to: Leiden Academic Center for Drug Research
Expiration Date:    14 JAN 2018
Current Date:       11 SEP 2017
Days until program expires : 128
1NONLINEAR MIXED EFFECTS MODEL PROGRAM (NONMEM) VERSION 7.3.0
 ORIGINALLY DEVELOPED BY STUART BEAL, LEWIS SHEINER, AND ALISON BOECKMANN
 CURRENT DEVELOPERS ARE ROBERT BAUER, ICON DEVELOPMENT SOLUTIONS,
 AND ALISON BOECKMANN. IMPLEMENTATION, EFFICIENCY, AND STANDARDIZATION
 PERFORMED BY NOUS INFOSYSTEMS.

 PROBLEM NO.:         1
 Midazolam PK in critically ill Children
0DATA CHECKOUT RUN:              NO
 DATA SET LOCATED ON UNIT NO.:    2
 THIS UNIT TO BE REWOUND:        NO
 NO. OF DATA RECS IN DATA SET:     1499
 NO. OF DATA ITEMS IN DATA SET:  11
 ID DATA ITEM IS DATA ITEM NO.:   1
 DEP VARIABLE IS DATA ITEM NO.:   6
 MDV DATA ITEM IS DATA ITEM NO.:  7
0INDICES PASSED TO SUBROUTINE PRED:
  11   2   4   5   0   0   3   0   0   0   0
0LABELS FOR DATA ITEMS:
 ID TIME CMT AMT RATE DV MDV ORGF WT CRP EVID
0(NONBLANK) LABELS FOR PRED-DEFINED ITEMS:
 IOV ETCL CL V1 Q V2 IPRED
0FORMAT FOR DATA:
 (E5.0,E8.0,E2.0,E12.0,E9.0,E7.0,2E2.0,E6.0,E4.0,1F2.0)

 TOT. NO. OF OBS RECS:      523
 TOT. NO. OF INDIVIDUALS:     83
0LENGTH OF THETA:  11
0DEFAULT THETA BOUNDARY TEST OMITTED:    NO
0OMEGA HAS BLOCK FORM:
  1
  0  2
  0  0  3
  0  0  0  3
  0  0  0  0  3
  0  0  0  0  0  3
  0  0  0  0  0  0  3
  0  0  0  0  0  0  0  3
0DEFAULT OMEGA BOUNDARY TEST OMITTED:    NO
0SIGMA HAS SIMPLE DIAGONAL FORM WITH DIMENSION:   2
0DEFAULT SIGMA BOUNDARY TEST OMITTED:    NO
0INITIAL ESTIMATE OF THETA:
 LOWER BOUND    INITIAL EST    UPPER BOUND
  0.1600E+01     0.1600E+01     0.1600E+01
  0.1000E-02     0.1000E+02     0.1000E+07
  0.1000E-02     0.1000E+01     0.1000E+07
  0.1000E-02     0.1000E+02     0.1000E+07
  0.1000E-02     0.7500E+00     0.1000E+07
  0.1000E-02     0.7500E+00     0.1000E+07
  0.1000E-02     0.1000E+01     0.1000E+07
  0.1000E-02     0.1000E+01     0.1000E+07
  0.1000E-02     0.1000E+01     0.1000E+07
  0.1000E-02     0.1000E+01     0.1000E+07
 -0.5000E+01    -0.5000E+00     0.1000E+07
0INITIAL ESTIMATE OF OMEGA:
 BLOCK SET NO.   BLOCK                                                                    FIXED
        1                                                                                   NO
                  0.1000E+00
        2                                                                                   NO
                  0.1000E+00
        3                                                                                   NO
                  0.5000E-01
0INITIAL ESTIMATE OF SIGMA:
 0.1000E+00
 0.0000E+00   0.1000E+00
0COVARIANCE STEP OMITTED:        NO
 EIGENVLS. PRINTED:             YES
 SPECIAL COMPUTATION:            NO
 COMPRESSED FORMAT:              NO
 SIGDIGITS ETAHAT (SIGLO):                  -1
 SIGDIGITS GRADIENTS (SIGL):                -1
 RELATIVE TOLERANCE (TOL):                  -1
 ABSOLUTE TOLERANCE-ADVAN 9,13 ONLY (ATOL): -1
 EXCLUDE COV FOR FOCE (NOFCOV):              NO
 RESUME COV ANALYSIS (RESUME):               NO
0TABLES STEP OMITTED:    NO
 NO. OF TABLES:           2
 SEED NUMBER (SEED):    11456
 RANMETHOD:
 MC SAMPLES (ESEED):    300
 WRES SQUARE ROOT TYPE:            EIGENVALUE
0-- TABLE   1 --
 PRINTED:                NO
 HEADERS:               ONE
 FILE TO BE FORWARDED:   NO
 FORMAT:                S1PE11.4
 LFORMAT:
 RFORMAT:
0USER-CHOSEN ITEMS:
 ID TIME DV MDV IPRED CWRES WT
0-- TABLE   2 --
0FIRST RECORDS ONLY:    YES
 PRINTED:                NO
 HEADERS:               ONE
 FILE TO BE FORWARDED:   NO
 FORMAT:                S1PE11.4
 LFORMAT:
 RFORMAT:
0USER-CHOSEN ITEMS:
 ID CL V1 V2 Q ETA1 ETA2 ETCL IOV WT ORGF CRP
1DOUBLE PRECISION PREDPP VERSION 7.3.0

 GENERAL NONLINEAR KINETICS MODEL (ADVAN6)
0MODEL SUBROUTINE USER-SUPPLIED - ID NO. 9999
0MAXIMUM NO. OF BASIC PK PARAMETERS:   3
0COMPARTMENT ATTRIBUTES
 COMPT. NO.   FUNCTION   INITIAL    ON/OFF      DOSE      DEFAULT    DEFAULT
                         STATUS     ALLOWED    ALLOWED    FOR DOSE   FOR OBS.
    1         CENTRAL      ON         YES        YES        YES        YES
    2         PERIPH       ON         YES        YES        NO         NO
    3         OUTPUT       OFF        YES        NO         NO         NO
0NRD VALUE FROM SUBROUTINE TOL:   6
1
 ADDITIONAL PK PARAMETERS - ASSIGNMENT OF ROWS IN GG
 COMPT. NO.                             INDICES
              SCALE      BIOAVAIL.   ZERO-ORDER  ZERO-ORDER  ABSORB
                         FRACTION    RATE        DURATION    LAG
    1            4           *           *           *           *
    2            *           *           *           *           *
    3            *           -           -           -           -
             - PARAMETER IS NOT ALLOWED FOR THIS MODEL
             * PARAMETER IS NOT SUPPLIED BY PK SUBROUTINE;
               WILL DEFAULT TO ONE IF APPLICABLE
0DATA ITEM INDICES USED BY PRED ARE:
   EVENT ID DATA ITEM IS DATA ITEM NO.:     11
   TIME DATA ITEM IS DATA ITEM NO.:          2
   DOSE AMOUNT DATA ITEM IS DATA ITEM NO.:   4
   DOSE RATE DATA ITEM IS DATA ITEM NO.:     5
   COMPT. NO. DATA ITEM IS DATA ITEM NO.:    3

0PK SUBROUTINE CALLED WITH EVERY EVENT RECORD.
 PK SUBROUTINE NOT CALLED AT NONEVENT (ADDITIONAL OR LAGGED) DOSE TIMES.
0ERROR SUBROUTINE CALLED WITH EVERY EVENT RECORD.
0DES SUBROUTINE USES COMPACT STORAGE MODE.
1


 #TBLN:      1
 #METH: First Order Conditional Estimation with Interaction

 ESTIMATION STEP OMITTED:                 NO  
 ANALYSIS TYPE:                           POPULATION
 CONDITIONAL ESTIMATES USED:              YES 
 CENTERED ETA:                            NO  
 EPS-ETA INTERACTION:                     YES 
 LAPLACIAN OBJ. FUNC.:                    NO  
 NO. OF FUNCT. EVALS. ALLOWED:            2000
 NO. OF SIG. FIGURES REQUIRED:            3
 INTERMEDIATE PRINTOUT:                   YES 
 ESTIMATE OUTPUT TO MSF:                  NO  
 ABORT WITH PRED EXIT CODE 1:             NO  
 IND. OBJ. FUNC. VALUES SORTED:           NO  
 NUMERICAL DERIVATIVE 
       FILE REQUEST (NUMDER):             NONE
 MAP (ETAHAT) ESTIMATION METHOD (OPTMAP): 0           
 ETA HESSIAN EVALUATION METHOD (ETADER):  0           
 INITIAL ETA FOR MAP ESTIMATION (MCETA):  0           
 SIGDIGITS FOR MAP ESTIMATION (SIGLO):    100         
 GRADIENT SIGDIGITS OF 
       FIXED EFFECTS PARAMETERS (SIGL):   100         
 EXCLUDE TITLE (NOTITLE):                 NO 
 EXCLUDE COLUMN LABELS (NOLABEL):         NO 
 NOPRIOR SETTING (NOPRIOR):               OFF
 NOCOV SETTING (NOCOV):                   OFF
 DERCONT SETTING (DERCONT):               OFF
 ABSOLUTE TOLERANCE-ADVAN 9,13 ONLY(ATOL):-100        
 FINAL ETA RE-EVALUATION (FNLETA):        ON 
 EXCLUDE NON-INFLUENTIAL (NON-INFL.) ETAS 
       IN SHRINKAGE (ETASTYPE):           NO 
 NON-INFL. ETA CORRECTION (NONINFETA):    OFF
 FORMAT FOR ADDITIONAL FILES (FORMAT):    S1PE12.5
 PARAMETER ORDER FOR OUTPUTS (ORDER):     TSOL
 ADDITIONAL CONVERGENCE TEST (CTYPE=4)?:  NO
 EM OR BAYESIAN METHOD USED:                NONE


 THE FOLLOWING LABELS ARE EQUIVALENT
 PRED=PREDI
 RES=RESI
 WRES=WRESI
 IWRS=IWRESI
 IPRD=IPREDI
 IRS=IRESI

 MONITORING OF SEARCH:


0ITERATION NO.:    0    OBJECTIVE VALUE:   6955.40985580677        NO. OF FUNC. EVALS.:  14
 CUMULATIVE NO. OF FUNC. EVALS.:       14
 NPARAMETR:  1.0000E+01  1.0000E+00  1.0000E+01  7.5000E-01  7.5000E-01  1.0000E+00  1.0000E+00  1.0000E+00  1.0000E+00 -5.0000E-01
             1.0000E-01  1.0000E-01  5.0000E-02  1.0000E-01  1.0000E-01
 PARAMETER:  1.0000E-01  1.0000E-01  1.0000E-01  1.0000E-01  1.0000E-01  1.0000E-01  1.0000E-01  1.0000E-01  1.0000E-01  1.0000E-01
             1.0000E-01  1.0000E-01  1.0000E-01  1.0000E-01  1.0000E-01
 GRADIENT:   2.4940E+02 -6.1632E+00  4.3892E+02 -2.9629E+02  6.1982E+00 -2.4427E+02  4.9647E+01  5.3885E+01  4.7370E+01 -2.2416E+03
            -5.5443E+02 -8.9431E+01 -3.0916E+02 -7.7849E+02 -5.7891E+00

0ITERATION NO.:    5    OBJECTIVE VALUE:   6352.26257473713        NO. OF FUNC. EVALS.:  15
 CUMULATIVE NO. OF FUNC. EVALS.:       90
 NPARAMETR:  5.7219E+00  1.0148E+00  2.6485E+00  9.1733E-01  1.2069E+00  1.2516E+00  8.5612E-01  7.8049E-01  7.4753E-01 -4.4345E-01
             3.7321E-01  2.1772E-01  1.9587E-01  1.3928E-01  1.1641E-01
 PARAMETER: -4.5835E-01  1.1474E-01 -1.2289E+00  3.0164E-01  5.7625E-01  3.2465E-01 -5.5508E-02 -1.4812E-01 -1.9133E-01  1.1249E-01
             7.5849E-01  4.8902E-01  7.8271E-01  2.6566E-01  1.7596E-01
 GRADIENT:  -1.2055E+01  1.0725E+01 -3.5626E+01 -5.6727E+01  3.0250E+01  1.9587E+01 -7.3589E+01 -6.7538E+00  9.9973E+00 -8.4240E+02
            -2.0444E+01 -5.1204E+00  3.2563E+01  1.3366E+02 -3.8960E+00

0ITERATION NO.:   10    OBJECTIVE VALUE:   6335.36925300424        NO. OF FUNC. EVALS.:  15
 CUMULATIVE NO. OF FUNC. EVALS.:      165
 NPARAMETR:  6.0341E+00  3.0614E-01  2.0059E+00  9.4508E-01  1.1795E+00  1.2901E+00  9.6309E-01  7.5435E-01  4.8117E-01 -4.2325E-01
             3.0516E-01  4.1082E-01  1.6628E-01  1.1641E-01  1.9228E-01
 PARAMETER: -4.0522E-01 -1.0860E+00 -1.5069E+00  3.3147E-01  5.5324E-01  3.5497E-01  6.2351E-02 -1.8223E-01 -6.3261E-01  1.1691E-01
             6.5783E-01  8.0649E-01  7.0083E-01  1.7598E-01  4.2690E-01
 GRADIENT:  -1.0822E+01 -7.9605E+00 -4.5780E+00 -5.7843E+01  2.1340E+01  1.1644E+01 -1.7955E+01 -8.4678E+00 -1.0679E+01 -7.3318E+02
            -4.0931E+01  6.3867E+00 -6.8689E+00  5.3729E+01  2.7777E+00

0ITERATION NO.:   15    OBJECTIVE VALUE:   6319.65343464068        NO. OF FUNC. EVALS.:  15
 CUMULATIVE NO. OF FUNC. EVALS.:      241
 NPARAMETR:  7.8062E+00  2.8375E-01  1.6242E+00  1.0192E+00  9.3654E-01  1.2637E+00  9.8564E-01  7.3684E-01  5.1973E-01 -3.6848E-01
             3.1040E-01  1.7034E-01  1.6933E-01  1.0617E-01  7.8323E-02
 PARAMETER: -1.4770E-01 -1.1622E+00 -1.7181E+00  4.0709E-01  3.2239E-01  3.3428E-01  8.5520E-02 -2.0575E-01 -5.5537E-01  1.2881E-01
             6.6635E-01  3.6630E-01  7.0991E-01  1.2994E-01 -2.2162E-02
 GRADIENT:  -1.0611E+00  2.9829E+00 -7.2695E+00 -2.3989E+01 -1.1954E+00  4.2492E+00 -1.0591E+00 -1.1978E+01 -5.8273E+00 -4.3797E+02
            -2.1277E+01 -3.5078E+00 -2.7996E+00 -1.1324E+01 -8.3404E+00

0ITERATION NO.:   20    OBJECTIVE VALUE:   6309.87895424233        NO. OF FUNC. EVALS.:  16
 CUMULATIVE NO. OF FUNC. EVALS.:      318
 NPARAMETR:  6.3604E+00  8.3170E-01  3.3070E+00  1.0827E+00  1.0463E+00  1.2596E+00  9.6156E-01  7.6094E-01  5.8656E-01 -3.0559E-01
             3.8719E-01  2.6591E-01  1.9896E-01  1.0873E-01  1.4794E-01
 PARAMETER: -3.5256E-01 -8.4488E-02 -1.0067E+00  4.6754E-01  4.3333E-01  3.3101E-01  6.0765E-02 -1.7351E-01 -4.3419E-01  1.4229E-01
             7.7688E-01  5.8898E-01  7.9053E-01  1.4184E-01  2.9582E-01
 GRADIENT:   9.1444E+00  2.6380E+00 -5.7391E+00  1.1541E+01  1.8731E+00 -2.1936E+00 -5.9547E-01 -4.7447E+00 -1.2587E+00  4.9670E+01
             1.3621E+01 -3.3284E+00  1.5711E+01  1.7482E+01  3.1802E-01

0ITERATION NO.:   25    OBJECTIVE VALUE:   6304.44630760897        NO. OF FUNC. EVALS.:  15
 CUMULATIVE NO. OF FUNC. EVALS.:      394
 NPARAMETR:  4.4001E+00  1.2271E+00  4.6108E+00  1.0176E+00  1.1739E+00  1.3018E+00  9.8201E-01  8.4856E-01  6.7808E-01 -3.1625E-01
             3.4238E-01  6.2915E-01  1.9166E-01  1.0124E-01  1.4919E-01
 PARAMETER: -7.2107E-01  3.0484E-01 -6.7430E-01  4.0550E-01  5.4850E-01  3.6394E-01  8.1823E-02 -6.4396E-02 -2.8896E-01  1.4002E-01
             7.1537E-01  1.0196E+00  7.7186E-01  1.0617E-01  3.0002E-01
 GRADIENT:   2.0423E+00  8.1424E-02 -1.2839E+00 -4.0651E+00 -1.2917E+00  5.8725E-01 -4.5671E-01  1.3884E+00  5.6217E-01 -5.2509E+00
            -3.4216E+00 -5.3594E-01 -2.4439E+00  2.7457E+00  7.6298E-01

0ITERATION NO.:   30    OBJECTIVE VALUE:   6301.77109592294        NO. OF FUNC. EVALS.:  15
 CUMULATIVE NO. OF FUNC. EVALS.:      473
 NPARAMETR:  3.3198E+00  1.4595E+00  5.2737E+00  1.0339E+00  1.3337E+00  1.2812E+00  9.7009E-01  8.4969E-01  6.8051E-01 -3.2394E-01
             3.6950E-01  1.1540E+00  1.9722E-01  9.6983E-02  1.2809E-01
 PARAMETER: -1.0029E+00  4.7844E-01 -5.3993E-01  4.2136E-01  6.7624E-01  3.4802E-01  6.9602E-02 -6.3059E-02 -2.8538E-01  1.3838E-01
             7.5349E-01  1.3229E+00  7.8615E-01  8.4682E-02  2.2377E-01
 GRADIENT:  -1.1253E-01  6.6587E-01 -2.2045E+00  5.2195E+00  1.1519E+00 -6.1573E-01  4.6516E+00 -4.2773E-02 -2.4134E-02  1.8859E+01
             5.6120E+00 -1.1856E+00  2.9834E+00 -2.5737E+00 -7.7752E-01

0ITERATION NO.:   35    OBJECTIVE VALUE:   6301.61619818662        NO. OF FUNC. EVALS.:  15
 CUMULATIVE NO. OF FUNC. EVALS.:      550
 NPARAMETR:  3.1914E+00  1.5203E+00  5.4029E+00  1.0207E+00  1.3426E+00  1.2847E+00  9.5880E-01  8.4343E-01  6.7832E-01 -3.2282E-01
             3.5059E-01  1.1952E+00  1.9483E-01  9.7579E-02  1.4153E-01
 PARAMETER: -1.0423E+00  5.1926E-01 -5.1574E-01  4.0848E-01  6.8289E-01  3.5076E-01  5.7880E-02 -7.0468E-02 -2.8861E-01  1.3862E-01
             7.2722E-01  1.3405E+00  7.8005E-01  8.7748E-02  2.7367E-01
 GRADIENT:  -4.5651E-01  3.5810E-01 -3.9814E-01  1.0196E+00  4.8848E-01  7.2116E-01  8.6776E-01 -3.7483E-01  7.7061E-03 -2.2756E+00
             3.6951E-01 -7.2220E-01  4.6463E-01 -7.1740E-01  3.0953E-01

0ITERATION NO.:   40    OBJECTIVE VALUE:   6301.61315470465        NO. OF FUNC. EVALS.:  28
 CUMULATIVE NO. OF FUNC. EVALS.:      639
 NPARAMETR:  3.2329E+00  1.4998E+00  5.3792E+00  1.0189E+00  1.3325E+00  1.2830E+00  9.5701E-01  8.4391E-01  6.7802E-01 -3.2252E-01
             3.4964E-01  1.2001E+00  1.9498E-01  9.7552E-02  1.3969E-01
 PARAMETER: -1.0294E+00  5.0569E-01 -5.2013E-01  4.0680E-01  6.7535E-01  3.4946E-01  5.6016E-02 -6.9892E-02 -2.8906E-01  1.3868E-01
             7.2586E-01  1.3425E+00  7.8043E-01  8.7609E-02  2.6713E-01
 GRADIENT:  -1.2351E+00  2.3315E-02 -1.3792E+00 -3.1686E+00 -1.4324E+00 -1.1074E+00 -4.5955E-02 -2.7825E-01 -7.3108E-02 -4.8762E+01
             1.1034E-01 -3.4321E-01  2.0674E-01 -4.4887E-01  1.7408E-01

0ITERATION NO.:   45    OBJECTIVE VALUE:   6301.52979058100        NO. OF FUNC. EVALS.:  24
 CUMULATIVE NO. OF FUNC. EVALS.:      773
 NPARAMETR:  3.2769E+00  1.5229E+00  5.4366E+00  1.0227E+00  1.3422E+00  1.2931E+00  9.5690E-01  8.4192E-01  6.7813E-01 -3.1239E-01
             3.4531E-01  1.1946E+00  1.9745E-01  9.7726E-02  1.3786E-01
 PARAMETER: -1.0159E+00  5.2096E-01 -5.0952E-01  4.1048E-01  6.8261E-01  3.5728E-01  5.5901E-02 -7.2258E-02 -2.8889E-01  1.4084E-01
             7.1964E-01  1.3402E+00  7.8673E-01  8.8501E-02  2.6052E-01
 GRADIENT:   1.2941E-03 -1.9276E-03  9.0487E-03  1.9651E-03  5.2222E-04  2.9622E-03  1.9443E-03  1.9185E-03  1.7673E-03  1.7632E-02
             4.8243E-03 -3.3559E-04  4.1067E-03 -1.2131E-03 -1.6289E-03

 #TERM:
0MINIMIZATION SUCCESSFUL
 NO. OF FUNCTION EVALUATIONS USED:      773
 NO. OF SIG. DIGITS IN FINAL EST.:  3.4

 ETABAR IS THE ARITHMETIC MEAN OF THE ETA-ESTIMATES,
 AND THE P-VALUE IS GIVEN FOR THE NULL HYPOTHESIS THAT THE TRUE MEAN IS 0.

 ETABAR:        -1.2405E-02 -3.2843E-02  5.8023E-04 -8.0764E-02 -2.9366E-02 -1.3178E-02  3.3338E-02  8.2297E-02
 SE:             5.5501E-02  7.1236E-02  1.1991E-02  2.7396E-02  2.3377E-02  2.8746E-02  2.3722E-02  2.4860E-02
 N:                      83          83          83          83          83          83          83          83

 P VAL.:         8.2314E-01  6.4477E-01  9.6141E-01  3.1987E-03  2.0904E-01  6.4665E-01  1.5992E-01  9.3155E-04

 ETAshrink(%):   1.3430E+01  4.0260E+01  7.5265E+01  4.3488E+01  5.1780E+01  4.0704E+01  5.1067E+01  4.8721E+01
 EBVshrink(%):   1.2769E+01  4.0835E+01  7.7329E+01  4.3440E+01  4.0429E+01  4.2342E+01  4.7986E+01  5.4408E+01
 EPSshrink(%):   1.8675E+01  1.8675E+01

 #TERE:
 Elapsed estimation time in seconds:   428.03
 Elapsed covariance time in seconds:   850.22
1
 
 
 
 
 
 
 
 
 
 
 
 
 
 
 
 
 
 
 
 
 ************************************************************************************************************************
 ********************                                                                                ********************
 ********************               FIRST ORDER CONDITIONAL ESTIMATION WITH INTERACTION              ********************
 #OBJT:**************                       MINIMUM VALUE OF OBJECTIVE FUNCTION                      ********************
 ********************                                                                                ********************
 ************************************************************************************************************************
 





 #OBJV:********************************************     6301.530       **************************************************
1
 ************************************************************************************************************************
 ********************                                                                                ********************
 ********************               FIRST ORDER CONDITIONAL ESTIMATION WITH INTERACTION              ********************
 ********************                             FINAL PARAMETER ESTIMATE                           ********************
 ********************                                                                                ********************
 ************************************************************************************************************************
 


 THETA - VECTOR OF FIXED EFFECTS PARAMETERS   *********


         TH 1      TH 2      TH 3      TH 4      TH 5      TH 6      TH 7      TH 8      TH 9      TH10      TH11     
 
         1.60E+00  3.28E+00  1.52E+00  5.44E+00  1.02E+00  1.34E+00  1.29E+00  9.57E-01  8.42E-01  6.78E-01 -3.12E-01
 


 OMEGA - COV MATRIX FOR RANDOM EFFECTS - ETAS  ********


            ETA1      ETA2      ETA3      ETA4      ETA5      ETA6      ETA7      ETA8   
 
 ETA1
+        3.45E-01
 
 ETA2
+        0.00E+00  1.19E+00
 
 ETA3
+        0.00E+00  0.00E+00  1.97E-01
 
 ETA4
+        0.00E+00  0.00E+00  0.00E+00  1.97E-01
 
 ETA5
+        0.00E+00  0.00E+00  0.00E+00  0.00E+00  1.97E-01
 
 ETA6
+        0.00E+00  0.00E+00  0.00E+00  0.00E+00  0.00E+00  1.97E-01
 
 ETA7
+        0.00E+00  0.00E+00  0.00E+00  0.00E+00  0.00E+00  0.00E+00  1.97E-01
 
 ETA8
+        0.00E+00  0.00E+00  0.00E+00  0.00E+00  0.00E+00  0.00E+00  0.00E+00  1.97E-01
 


 SIGMA - COV MATRIX FOR RANDOM EFFECTS - EPSILONS  ****


            EPS1      EPS2   
 
 EPS1
+        9.77E-02
 
 EPS2
+        0.00E+00  1.38E-01
 
1


 OMEGA - CORR MATRIX FOR RANDOM EFFECTS - ETAS  *******


            ETA1      ETA2      ETA3      ETA4      ETA5      ETA6      ETA7      ETA8   
 
 ETA1
+        5.88E-01
 
 ETA2
+        0.00E+00  1.09E+00
 
 ETA3
+        0.00E+00  0.00E+00  4.44E-01
 
 ETA4
+        0.00E+00  0.00E+00  0.00E+00  4.44E-01
 
 ETA5
+        0.00E+00  0.00E+00  0.00E+00  0.00E+00  4.44E-01
 
 ETA6
+        0.00E+00  0.00E+00  0.00E+00  0.00E+00  0.00E+00  4.44E-01
 
 ETA7
+        0.00E+00  0.00E+00  0.00E+00  0.00E+00  0.00E+00  0.00E+00  4.44E-01
 
 ETA8
+        0.00E+00  0.00E+00  0.00E+00  0.00E+00  0.00E+00  0.00E+00  0.00E+00  4.44E-01
 


 SIGMA - CORR MATRIX FOR RANDOM EFFECTS - EPSILONS  ***


            EPS1      EPS2   
 
 EPS1
+        3.13E-01
 
 EPS2
+        0.00E+00  3.71E-01
 
1
 ************************************************************************************************************************
 ********************                                                                                ********************
 ********************               FIRST ORDER CONDITIONAL ESTIMATION WITH INTERACTION              ********************
 ********************                            STANDARD ERROR OF ESTIMATE                          ********************
 ********************                                                                                ********************
 ************************************************************************************************************************
 


 THETA - VECTOR OF FIXED EFFECTS PARAMETERS   *********


         TH 1      TH 2      TH 3      TH 4      TH 5      TH 6      TH 7      TH 8      TH 9      TH10      TH11     
 
        .........  1.13E+00  5.18E-01  9.13E-01  1.31E-01  2.36E-01  1.80E-01  1.21E-01  2.18E-01  1.70E-01  6.57E-02
 


 OMEGA - COV MATRIX FOR RANDOM EFFECTS - ETAS  ********


            ETA1      ETA2      ETA3      ETA4      ETA5      ETA6      ETA7      ETA8   
 
 ETA1
+        7.92E-02
 
 ETA2
+       .........  6.02E-01
 
 ETA3
+       ......... .........  4.76E-02
 
 ETA4
+       ......... ......... ......... .........
 
 ETA5
+       ......... ......... ......... ......... .........
 
 ETA6
+       ......... ......... ......... ......... ......... .........
 
 ETA7
+       ......... ......... ......... ......... ......... ......... .........
 
 ETA8
+       ......... ......... ......... ......... ......... ......... ......... .........
 


 SIGMA - COV MATRIX FOR RANDOM EFFECTS - EPSILONS  ****


            EPS1      EPS2   
 
 EPS1
+        1.45E-02
 
 EPS2
+       .........  2.59E-02
 
1


 OMEGA - CORR MATRIX FOR RANDOM EFFECTS - ETAS  *******


            ETA1      ETA2      ETA3      ETA4      ETA5      ETA6      ETA7      ETA8   
 
 ETA1
+        6.74E-02
 
 ETA2
+       .........  2.76E-01
 
 ETA3
+       ......... .........  5.36E-02
 
 ETA4
+       ......... ......... ......... .........
 
 ETA5
+       ......... ......... ......... ......... .........
 
 ETA6
+       ......... ......... ......... ......... ......... .........
 
 ETA7
+       ......... ......... ......... ......... ......... ......... .........
 
 ETA8
+       ......... ......... ......... ......... ......... ......... ......... .........
 


 SIGMA - CORR MATRIX FOR RANDOM EFFECTS - EPSILONS  ***


            EPS1      EPS2   
 
 EPS1
+        2.31E-02
 
 EPS2
+       .........  3.49E-02
 
1
 ************************************************************************************************************************
 ********************                                                                                ********************
 ********************               FIRST ORDER CONDITIONAL ESTIMATION WITH INTERACTION              ********************
 ********************                          COVARIANCE MATRIX OF ESTIMATE                         ********************
 ********************                                                                                ********************
 ************************************************************************************************************************
 

            TH 1      TH 2      TH 3      TH 4      TH 5      TH 6      TH 7      TH 8      TH 9      TH10      TH11      OM11  
             OM12      OM13      OM14      OM15      OM16      OM17      OM18      OM22      OM23      OM24      OM25      OM26  
            OM27      OM28      OM33      OM34      OM35      OM36      OM37      OM38      OM44      OM45      OM46      OM47  
             OM48      OM55      OM56      OM57      OM58      OM66      OM67      OM68      OM77      OM78      OM88      SG11  
            SG12      SG22  
 
 TH 1
+       .........
 
 TH 2
+       .........  1.28E+00
 
 TH 3
+       ......... -2.84E-01  2.68E-01
 
 TH 4
+       ......... -6.52E-01  3.06E-01  8.34E-01
 
 TH 5
+       .........  1.05E-02  1.84E-04 -4.15E-03  1.71E-02
 
 TH 6
+       ......... -2.11E-01  5.78E-02  1.31E-01  2.63E-03  5.55E-02
 
 TH 7
+       ......... -1.38E-02  7.30E-03  4.04E-02 -1.12E-02  4.88E-03  3.23E-02
 
 TH 8
+       ......... -6.07E-03  5.27E-03  1.56E-02 -4.64E-03  3.12E-03  1.53E-02  1.46E-02
 
 TH 9
+       ......... -3.74E-02  2.62E-02  4.20E-02 -1.39E-02  6.14E-03  2.91E-02  1.98E-02  4.77E-02
 
 TH10
+       ......... -3.87E-02  1.58E-02  2.74E-02 -1.07E-02  5.92E-03  2.10E-02  1.42E-02  3.09E-02  2.89E-02
 
 TH11
+       .........  9.85E-05 -1.08E-03  7.93E-04 -5.63E-03 -6.74E-04  4.95E-03  2.09E-03  5.63E-03  5.26E-03  4.32E-03
 
 OM11
+       ......... -1.51E-02  9.00E-03  6.40E-03 -9.46E-05  4.70E-03  3.86E-03  4.71E-03  8.05E-03  5.79E-03 -9.26E-04  6.28E-03
 
 OM12
+       ......... ......... ......... ......... ......... ......... ......... ......... ......... ......... ......... .........
         .........
 
 OM13
+       ......... ......... ......... ......... ......... ......... ......... ......... ......... ......... ......... .........
         ......... .........
 
 OM14
+       ......... ......... ......... ......... ......... ......... ......... ......... ......... ......... ......... .........
         ......... ......... .........
 
 OM15
+       ......... ......... ......... ......... ......... ......... ......... ......... ......... ......... ......... .........
         ......... ......... ......... .........
 
 OM16
+       ......... ......... ......... ......... ......... ......... ......... ......... ......... ......... ......... .........
         ......... ......... ......... ......... .........
 
 OM17
+       ......... ......... ......... ......... ......... ......... ......... ......... ......... ......... ......... .........
         ......... ......... ......... ......... ......... .........
 
1

            TH 1      TH 2      TH 3      TH 4      TH 5      TH 6      TH 7      TH 8      TH 9      TH10      TH11      OM11  
             OM12      OM13      OM14      OM15      OM16      OM17      OM18      OM22      OM23      OM24      OM25      OM26  
            OM27      OM28      OM33      OM34      OM35      OM36      OM37      OM38      OM44      OM45      OM46      OM47  
             OM48      OM55      OM56      OM57      OM58      OM66      OM67      OM68      OM77      OM78      OM88      SG11  
            SG12      SG22  
 
 OM18
+       ......... ......... ......... ......... ......... ......... ......... ......... ......... ......... ......... .........
         ......... ......... ......... ......... ......... ......... .........
 
 OM22
+       ......... -4.67E-01  1.13E-01  3.18E-01  6.37E-03  1.10E-01  1.58E-03  7.71E-04  1.24E-02  1.21E-02 -4.83E-03  8.25E-03
         ......... ......... ......... ......... ......... ......... .........  3.63E-01
 
 OM23
+       ......... ......... ......... ......... ......... ......... ......... ......... ......... ......... ......... .........
         ......... ......... ......... ......... ......... ......... ......... ......... .........
 
 OM24
+       ......... ......... ......... ......... ......... ......... ......... ......... ......... ......... ......... .........
         ......... ......... ......... ......... ......... ......... ......... ......... ......... .........
 
 OM25
+       ......... ......... ......... ......... ......... ......... ......... ......... ......... ......... ......... .........
         ......... ......... ......... ......... ......... ......... ......... ......... ......... ......... .........
 
 OM26
+       ......... ......... ......... ......... ......... ......... ......... ......... ......... ......... ......... .........
         ......... ......... ......... ......... ......... ......... ......... ......... ......... ......... ......... .........
 
 OM27
+       ......... ......... ......... ......... ......... ......... ......... ......... ......... ......... ......... .........
         ......... ......... ......... ......... ......... ......... ......... ......... ......... ......... ......... .........
        .........
 
 OM28
+       ......... ......... ......... ......... ......... ......... ......... ......... ......... ......... ......... .........
         ......... ......... ......... ......... ......... ......... ......... ......... ......... ......... ......... .........
        ......... .........
 
 OM33
+       .........  1.07E-02 -7.18E-03  6.37E-03 -6.72E-04 -8.95E-04  1.77E-03  3.71E-04  1.64E-03  2.89E-04  8.24E-04 -1.12E-03
         ......... ......... ......... ......... ......... ......... .........  6.48E-05 ......... ......... ......... .........
        ......... .........  2.27E-03
 
 OM34
+       ......... ......... ......... ......... ......... ......... ......... ......... ......... ......... ......... .........
         ......... ......... ......... ......... ......... ......... ......... ......... ......... ......... ......... .........
        ......... ......... ......... .........
 
 OM35
+       ......... ......... ......... ......... ......... ......... ......... ......... ......... ......... ......... .........
         ......... ......... ......... ......... ......... ......... ......... ......... ......... ......... ......... .........
        ......... ......... ......... ......... .........
 
 OM36
+       ......... ......... ......... ......... ......... ......... ......... ......... ......... ......... ......... .........
         ......... ......... ......... ......... ......... ......... ......... ......... ......... ......... ......... .........
        ......... ......... ......... ......... ......... .........
 
 OM37
+       ......... ......... ......... ......... ......... ......... ......... ......... ......... ......... ......... .........
         ......... ......... ......... ......... ......... ......... ......... ......... ......... ......... ......... .........
        ......... ......... ......... ......... ......... ......... .........
 
1

            TH 1      TH 2      TH 3      TH 4      TH 5      TH 6      TH 7      TH 8      TH 9      TH10      TH11      OM11  
             OM12      OM13      OM14      OM15      OM16      OM17      OM18      OM22      OM23      OM24      OM25      OM26  
            OM27      OM28      OM33      OM34      OM35      OM36      OM37      OM38      OM44      OM45      OM46      OM47  
             OM48      OM55      OM56      OM57      OM58      OM66      OM67      OM68      OM77      OM78      OM88      SG11  
            SG12      SG22  
 
 OM38
+       ......... ......... ......... ......... ......... ......... ......... ......... ......... ......... ......... .........
         ......... ......... ......... ......... ......... ......... ......... ......... ......... ......... ......... .........
        ......... ......... ......... ......... ......... ......... ......... .........
 
 OM44
+       ......... ......... ......... ......... ......... ......... ......... ......... ......... ......... ......... .........
         ......... ......... ......... ......... ......... ......... ......... ......... ......... ......... ......... .........
        ......... ......... ......... ......... ......... ......... ......... ......... .........
 
 OM45
+       ......... ......... ......... ......... ......... ......... ......... ......... ......... ......... ......... .........
         ......... ......... ......... ......... ......... ......... ......... ......... ......... ......... ......... .........
        ......... ......... ......... ......... ......... ......... ......... ......... ......... .........
 
 OM46
+       ......... ......... ......... ......... ......... ......... ......... ......... ......... ......... ......... .........
         ......... ......... ......... ......... ......... ......... ......... ......... ......... ......... ......... .........
        ......... ......... ......... ......... ......... ......... ......... ......... ......... ......... .........
 
 OM47
+       ......... ......... ......... ......... ......... ......... ......... ......... ......... ......... ......... .........
         ......... ......... ......... ......... ......... ......... ......... ......... ......... ......... ......... .........
        ......... ......... ......... ......... ......... ......... ......... ......... ......... ......... ......... .........
 
 OM48
+       ......... ......... ......... ......... ......... ......... ......... ......... ......... ......... ......... .........
         ......... ......... ......... ......... ......... ......... ......... ......... ......... ......... ......... .........
        ......... ......... ......... ......... ......... ......... ......... ......... ......... ......... ......... .........
         .........
 
 OM55
+       ......... ......... ......... ......... ......... ......... ......... ......... ......... ......... ......... .........
         ......... ......... ......... ......... ......... ......... ......... ......... ......... ......... ......... .........
        ......... ......... ......... ......... ......... ......... ......... ......... ......... ......... ......... .........
         ......... .........
 
 OM56
+       ......... ......... ......... ......... ......... ......... ......... ......... ......... ......... ......... .........
         ......... ......... ......... ......... ......... ......... ......... ......... ......... ......... ......... .........
        ......... ......... ......... ......... ......... ......... ......... ......... ......... ......... ......... .........
         ......... ......... .........
 
 OM57
+       ......... ......... ......... ......... ......... ......... ......... ......... ......... ......... ......... .........
         ......... ......... ......... ......... ......... ......... ......... ......... ......... ......... ......... .........
        ......... ......... ......... ......... ......... ......... ......... ......... ......... ......... ......... .........
         ......... ......... ......... .........
 
 OM58
+       ......... ......... ......... ......... ......... ......... ......... ......... ......... ......... ......... .........
         ......... ......... ......... ......... ......... ......... ......... ......... ......... ......... ......... .........
        ......... ......... ......... ......... ......... ......... ......... ......... ......... ......... ......... .........
         ......... ......... ......... ......... .........
 
1

            TH 1      TH 2      TH 3      TH 4      TH 5      TH 6      TH 7      TH 8      TH 9      TH10      TH11      OM11  
             OM12      OM13      OM14      OM15      OM16      OM17      OM18      OM22      OM23      OM24      OM25      OM26  
            OM27      OM28      OM33      OM34      OM35      OM36      OM37      OM38      OM44      OM45      OM46      OM47  
             OM48      OM55      OM56      OM57      OM58      OM66      OM67      OM68      OM77      OM78      OM88      SG11  
            SG12      SG22  
 
 OM66
+       ......... ......... ......... ......... ......... ......... ......... ......... ......... ......... ......... .........
         ......... ......... ......... ......... ......... ......... ......... ......... ......... ......... ......... .........
        ......... ......... ......... ......... ......... ......... ......... ......... ......... ......... ......... .........
         ......... ......... ......... ......... ......... .........
 
 OM67
+       ......... ......... ......... ......... ......... ......... ......... ......... ......... ......... ......... .........
         ......... ......... ......... ......... ......... ......... ......... ......... ......... ......... ......... .........
        ......... ......... ......... ......... ......... ......... ......... ......... ......... ......... ......... .........
         ......... ......... ......... ......... ......... ......... .........
 
 OM68
+       ......... ......... ......... ......... ......... ......... ......... ......... ......... ......... ......... .........
         ......... ......... ......... ......... ......... ......... ......... ......... ......... ......... ......... .........
        ......... ......... ......... ......... ......... ......... ......... ......... ......... ......... ......... .........
         ......... ......... ......... ......... ......... ......... ......... .........
 
 OM77
+       ......... ......... ......... ......... ......... ......... ......... ......... ......... ......... ......... .........
         ......... ......... ......... ......... ......... ......... ......... ......... ......... ......... ......... .........
        ......... ......... ......... ......... ......... ......... ......... ......... ......... ......... ......... .........
         ......... ......... ......... ......... ......... ......... ......... ......... .........
 
 OM78
+       ......... ......... ......... ......... ......... ......... ......... ......... ......... ......... ......... .........
         ......... ......... ......... ......... ......... ......... ......... ......... ......... ......... ......... .........
        ......... ......... ......... ......... ......... ......... ......... ......... ......... ......... ......... .........
         ......... ......... ......... ......... ......... ......... ......... ......... ......... .........
 
 OM88
+       ......... ......... ......... ......... ......... ......... ......... ......... ......... ......... ......... .........
         ......... ......... ......... ......... ......... ......... ......... ......... ......... ......... ......... .........
        ......... ......... ......... ......... ......... ......... ......... ......... ......... ......... ......... .........
         ......... ......... ......... ......... ......... ......... ......... ......... ......... ......... .........
 
 SG11
+       .........  2.20E-03  2.46E-03  1.51E-03  5.98E-04 -5.51E-05  2.89E-04  4.01E-04  7.90E-04  4.21E-04 -2.27E-04  2.97E-04
         ......... ......... ......... ......... ......... ......... .........  1.10E-04 ......... ......... ......... .........
        ......... ......... -1.37E-05 ......... ......... ......... ......... ......... ......... ......... ......... .........
         ......... ......... ......... ......... ......... ......... ......... ......... ......... ......... .........  2.09E-04
 
 SG12
+       ......... ......... ......... ......... ......... ......... ......... ......... ......... ......... ......... .........
         ......... ......... ......... ......... ......... ......... ......... ......... ......... ......... ......... .........
        ......... ......... ......... ......... ......... ......... ......... ......... ......... ......... ......... .........
         ......... ......... ......... ......... ......... ......... ......... ......... ......... ......... ......... .........
        .........
 
 SG22
+       .........  7.34E-04 -5.12E-05  2.79E-03  4.26E-04 -3.97E-04  3.21E-04 -1.35E-04  9.72E-05 -6.53E-05 -2.31E-05  9.46E-06
         ......... ......... ......... ......... ......... ......... .........  3.14E-04 ......... ......... ......... .........
        ......... .........  1.89E-04 ......... ......... ......... ......... ......... ......... ......... ......... .........
         ......... ......... ......... ......... ......... ......... ......... ......... ......... ......... .........  5.21E-06
        .........  6.71E-04
 
1
 ************************************************************************************************************************
 ********************                                                                                ********************
 ********************               FIRST ORDER CONDITIONAL ESTIMATION WITH INTERACTION              ********************
 ********************                          CORRELATION MATRIX OF ESTIMATE                        ********************
 ********************                                                                                ********************
 ************************************************************************************************************************
 

            TH 1      TH 2      TH 3      TH 4      TH 5      TH 6      TH 7      TH 8      TH 9      TH10      TH11      OM11  
             OM12      OM13      OM14      OM15      OM16      OM17      OM18      OM22      OM23      OM24      OM25      OM26  
            OM27      OM28      OM33      OM34      OM35      OM36      OM37      OM38      OM44      OM45      OM46      OM47  
             OM48      OM55      OM56      OM57      OM58      OM66      OM67      OM68      OM77      OM78      OM88      SG11  
            SG12      SG22  
 
 TH 1
+       .........
 
 TH 2
+       .........  1.13E+00
 
 TH 3
+       ......... -4.86E-01  5.18E-01
 
 TH 4
+       ......... -6.32E-01  6.48E-01  9.13E-01
 
 TH 5
+       .........  7.09E-02  2.71E-03 -3.48E-02  1.31E-01
 
 TH 6
+       ......... -7.93E-01  4.74E-01  6.10E-01  8.55E-02  2.36E-01
 
 TH 7
+       ......... -6.80E-02  7.84E-02  2.46E-01 -4.77E-01  1.15E-01  1.80E-01
 
 TH 8
+       ......... -4.45E-02  8.44E-02  1.41E-01 -2.94E-01  1.10E-01  7.07E-01  1.21E-01
 
 TH 9
+       ......... -1.51E-01  2.31E-01  2.11E-01 -4.87E-01  1.19E-01  7.40E-01  7.52E-01  2.18E-01
 
 TH10
+       ......... -2.02E-01  1.80E-01  1.76E-01 -4.83E-01  1.48E-01  6.86E-01  6.92E-01  8.31E-01  1.70E-01
 
 TH11
+       .........  1.33E-03 -3.16E-02  1.32E-02 -6.56E-01 -4.35E-02  4.19E-01  2.64E-01  3.92E-01  4.71E-01  6.57E-02
 
 OM11
+       ......... -1.68E-01  2.19E-01  8.85E-02 -9.13E-03  2.52E-01  2.71E-01  4.93E-01  4.65E-01  4.30E-01 -1.78E-01  7.92E-02
 
 OM12
+       ......... ......... ......... ......... ......... ......... ......... ......... ......... ......... ......... .........
         .........
 
 OM13
+       ......... ......... ......... ......... ......... ......... ......... ......... ......... ......... ......... .........
         ......... .........
 
 OM14
+       ......... ......... ......... ......... ......... ......... ......... ......... ......... ......... ......... .........
         ......... ......... .........
 
 OM15
+       ......... ......... ......... ......... ......... ......... ......... ......... ......... ......... ......... .........
         ......... ......... ......... .........
 
 OM16
+       ......... ......... ......... ......... ......... ......... ......... ......... ......... ......... ......... .........
         ......... ......... ......... ......... .........
 
 OM17
+       ......... ......... ......... ......... ......... ......... ......... ......... ......... ......... ......... .........
         ......... ......... ......... ......... ......... .........
 
1

            TH 1      TH 2      TH 3      TH 4      TH 5      TH 6      TH 7      TH 8      TH 9      TH10      TH11      OM11  
             OM12      OM13      OM14      OM15      OM16      OM17      OM18      OM22      OM23      OM24      OM25      OM26  
            OM27      OM28      OM33      OM34      OM35      OM36      OM37      OM38      OM44      OM45      OM46      OM47  
             OM48      OM55      OM56      OM57      OM58      OM66      OM67      OM68      OM77      OM78      OM88      SG11  
            SG12      SG22  
 
 OM18
+       ......... ......... ......... ......... ......... ......... ......... ......... ......... ......... ......... .........
         ......... ......... ......... ......... ......... ......... .........
 
 OM22
+       ......... -6.87E-01  3.62E-01  5.78E-01  8.09E-02  7.77E-01  1.46E-02  1.06E-02  9.40E-02  1.18E-01 -1.22E-01  1.73E-01
         ......... ......... ......... ......... ......... ......... .........  6.02E-01
 
 OM23
+       ......... ......... ......... ......... ......... ......... ......... ......... ......... ......... ......... .........
         ......... ......... ......... ......... ......... ......... ......... ......... .........
 
 OM24
+       ......... ......... ......... ......... ......... ......... ......... ......... ......... ......... ......... .........
         ......... ......... ......... ......... ......... ......... ......... ......... ......... .........
 
 OM25
+       ......... ......... ......... ......... ......... ......... ......... ......... ......... ......... ......... .........
         ......... ......... ......... ......... ......... ......... ......... ......... ......... ......... .........
 
 OM26
+       ......... ......... ......... ......... ......... ......... ......... ......... ......... ......... ......... .........
         ......... ......... ......... ......... ......... ......... ......... ......... ......... ......... ......... .........
 
 OM27
+       ......... ......... ......... ......... ......... ......... ......... ......... ......... ......... ......... .........
         ......... ......... ......... ......... ......... ......... ......... ......... ......... ......... ......... .........
        .........
 
 OM28
+       ......... ......... ......... ......... ......... ......... ......... ......... ......... ......... ......... .........
         ......... ......... ......... ......... ......... ......... ......... ......... ......... ......... ......... .........
        ......... .........
 
 OM33
+       .........  1.99E-01 -2.91E-01  1.47E-01 -1.08E-01 -7.98E-02  2.07E-01  6.46E-02  1.57E-01  3.57E-02  2.63E-01 -2.96E-01
         ......... ......... ......... ......... ......... ......... .........  2.26E-03 ......... ......... ......... .........
        ......... .........  4.76E-02
 
 OM34
+       ......... ......... ......... ......... ......... ......... ......... ......... ......... ......... ......... .........
         ......... ......... ......... ......... ......... ......... ......... ......... ......... ......... ......... .........
        ......... ......... ......... .........
 
 OM35
+       ......... ......... ......... ......... ......... ......... ......... ......... ......... ......... ......... .........
         ......... ......... ......... ......... ......... ......... ......... ......... ......... ......... ......... .........
        ......... ......... ......... ......... .........
 
 OM36
+       ......... ......... ......... ......... ......... ......... ......... ......... ......... ......... ......... .........
         ......... ......... ......... ......... ......... ......... ......... ......... ......... ......... ......... .........
        ......... ......... ......... ......... ......... .........
 
 OM37
+       ......... ......... ......... ......... ......... ......... ......... ......... ......... ......... ......... .........
         ......... ......... ......... ......... ......... ......... ......... ......... ......... ......... ......... .........
        ......... ......... ......... ......... ......... ......... .........
 
1

            TH 1      TH 2      TH 3      TH 4      TH 5      TH 6      TH 7      TH 8      TH 9      TH10      TH11      OM11  
             OM12      OM13      OM14      OM15      OM16      OM17      OM18      OM22      OM23      OM24      OM25      OM26  
            OM27      OM28      OM33      OM34      OM35      OM36      OM37      OM38      OM44      OM45      OM46      OM47  
             OM48      OM55      OM56      OM57      OM58      OM66      OM67      OM68      OM77      OM78      OM88      SG11  
            SG12      SG22  
 
 OM38
+       ......... ......... ......... ......... ......... ......... ......... ......... ......... ......... ......... .........
         ......... ......... ......... ......... ......... ......... ......... ......... ......... ......... ......... .........
        ......... ......... ......... ......... ......... ......... ......... .........
 
 OM44
+       ......... ......... ......... ......... ......... ......... ......... ......... ......... ......... ......... .........
         ......... ......... ......... ......... ......... ......... ......... ......... ......... ......... ......... .........
        ......... ......... ......... ......... ......... ......... ......... ......... .........
 
 OM45
+       ......... ......... ......... ......... ......... ......... ......... ......... ......... ......... ......... .........
         ......... ......... ......... ......... ......... ......... ......... ......... ......... ......... ......... .........
        ......... ......... ......... ......... ......... ......... ......... ......... ......... .........
 
 OM46
+       ......... ......... ......... ......... ......... ......... ......... ......... ......... ......... ......... .........
         ......... ......... ......... ......... ......... ......... ......... ......... ......... ......... ......... .........
        ......... ......... ......... ......... ......... ......... ......... ......... ......... ......... .........
 
 OM47
+       ......... ......... ......... ......... ......... ......... ......... ......... ......... ......... ......... .........
         ......... ......... ......... ......... ......... ......... ......... ......... ......... ......... ......... .........
        ......... ......... ......... ......... ......... ......... ......... ......... ......... ......... ......... .........
 
 OM48
+       ......... ......... ......... ......... ......... ......... ......... ......... ......... ......... ......... .........
         ......... ......... ......... ......... ......... ......... ......... ......... ......... ......... ......... .........
        ......... ......... ......... ......... ......... ......... ......... ......... ......... ......... ......... .........
         .........
 
 OM55
+       ......... ......... ......... ......... ......... ......... ......... ......... ......... ......... ......... .........
         ......... ......... ......... ......... ......... ......... ......... ......... ......... ......... ......... .........
        ......... ......... ......... ......... ......... ......... ......... ......... ......... ......... ......... .........
         ......... .........
 
 OM56
+       ......... ......... ......... ......... ......... ......... ......... ......... ......... ......... ......... .........
         ......... ......... ......... ......... ......... ......... ......... ......... ......... ......... ......... .........
        ......... ......... ......... ......... ......... ......... ......... ......... ......... ......... ......... .........
         ......... ......... .........
 
 OM57
+       ......... ......... ......... ......... ......... ......... ......... ......... ......... ......... ......... .........
         ......... ......... ......... ......... ......... ......... ......... ......... ......... ......... ......... .........
        ......... ......... ......... ......... ......... ......... ......... ......... ......... ......... ......... .........
         ......... ......... ......... .........
 
 OM58
+       ......... ......... ......... ......... ......... ......... ......... ......... ......... ......... ......... .........
         ......... ......... ......... ......... ......... ......... ......... ......... ......... ......... ......... .........
        ......... ......... ......... ......... ......... ......... ......... ......... ......... ......... ......... .........
         ......... ......... ......... ......... .........
 
1

            TH 1      TH 2      TH 3      TH 4      TH 5      TH 6      TH 7      TH 8      TH 9      TH10      TH11      OM11  
             OM12      OM13      OM14      OM15      OM16      OM17      OM18      OM22      OM23      OM24      OM25      OM26  
            OM27      OM28      OM33      OM34      OM35      OM36      OM37      OM38      OM44      OM45      OM46      OM47  
             OM48      OM55      OM56      OM57      OM58      OM66      OM67      OM68      OM77      OM78      OM88      SG11  
            SG12      SG22  
 
 OM66
+       ......... ......... ......... ......... ......... ......... ......... ......... ......... ......... ......... .........
         ......... ......... ......... ......... ......... ......... ......... ......... ......... ......... ......... .........
        ......... ......... ......... ......... ......... ......... ......... ......... ......... ......... ......... .........
         ......... ......... ......... ......... ......... .........
 
 OM67
+       ......... ......... ......... ......... ......... ......... ......... ......... ......... ......... ......... .........
         ......... ......... ......... ......... ......... ......... ......... ......... ......... ......... ......... .........
        ......... ......... ......... ......... ......... ......... ......... ......... ......... ......... ......... .........
         ......... ......... ......... ......... ......... ......... .........
 
 OM68
+       ......... ......... ......... ......... ......... ......... ......... ......... ......... ......... ......... .........
         ......... ......... ......... ......... ......... ......... ......... ......... ......... ......... ......... .........
        ......... ......... ......... ......... ......... ......... ......... ......... ......... ......... ......... .........
         ......... ......... ......... ......... ......... ......... ......... .........
 
 OM77
+       ......... ......... ......... ......... ......... ......... ......... ......... ......... ......... ......... .........
         ......... ......... ......... ......... ......... ......... ......... ......... ......... ......... ......... .........
        ......... ......... ......... ......... ......... ......... ......... ......... ......... ......... ......... .........
         ......... ......... ......... ......... ......... ......... ......... ......... .........
 
 OM78
+       ......... ......... ......... ......... ......... ......... ......... ......... ......... ......... ......... .........
         ......... ......... ......... ......... ......... ......... ......... ......... ......... ......... ......... .........
        ......... ......... ......... ......... ......... ......... ......... ......... ......... ......... ......... .........
         ......... ......... ......... ......... ......... ......... ......... ......... ......... .........
 
 OM88
+       ......... ......... ......... ......... ......... ......... ......... ......... ......... ......... ......... .........
         ......... ......... ......... ......... ......... ......... ......... ......... ......... ......... ......... .........
        ......... ......... ......... ......... ......... ......... ......... ......... ......... ......... ......... .........
         ......... ......... ......... ......... ......... ......... ......... ......... ......... ......... .........
 
 SG11
+       .........  1.35E-01  3.28E-01  1.14E-01  3.16E-01 -1.62E-02  1.11E-01  2.30E-01  2.50E-01  1.71E-01 -2.39E-01  2.60E-01
         ......... ......... ......... ......... ......... ......... .........  1.26E-02 ......... ......... ......... .........
        ......... ......... -1.98E-02 ......... ......... ......... ......... ......... ......... ......... ......... .........
         ......... ......... ......... ......... ......... ......... ......... ......... ......... ......... .........  1.45E-02
 
 SG12
+       ......... ......... ......... ......... ......... ......... ......... ......... ......... ......... ......... .........
         ......... ......... ......... ......... ......... ......... ......... ......... ......... ......... ......... .........
        ......... ......... ......... ......... ......... ......... ......... ......... ......... ......... ......... .........
         ......... ......... ......... ......... ......... ......... ......... ......... ......... ......... ......... .........
        .........
 
 SG22
+       .........  2.51E-02 -3.82E-03  1.18E-01  1.26E-01 -6.51E-02  6.88E-02 -4.31E-02  1.72E-02 -1.48E-02 -1.36E-02  4.61E-03
         ......... ......... ......... ......... ......... ......... .........  2.01E-02 ......... ......... ......... .........
        ......... .........  1.54E-01 ......... ......... ......... ......... ......... ......... ......... ......... .........
         ......... ......... ......... ......... ......... ......... ......... ......... ......... ......... .........  1.39E-02
        .........  2.59E-02
 
1
 ************************************************************************************************************************
 ********************                                                                                ********************
 ********************               FIRST ORDER CONDITIONAL ESTIMATION WITH INTERACTION              ********************
 ********************                      INVERSE COVARIANCE MATRIX OF ESTIMATE                     ********************
 ********************                                                                                ********************
 ************************************************************************************************************************
 

            TH 1      TH 2      TH 3      TH 4      TH 5      TH 6      TH 7      TH 8      TH 9      TH10      TH11      OM11  
             OM12      OM13      OM14      OM15      OM16      OM17      OM18      OM22      OM23      OM24      OM25      OM26  
            OM27      OM28      OM33      OM34      OM35      OM36      OM37      OM38      OM44      OM45      OM46      OM47  
             OM48      OM55      OM56      OM57      OM58      OM66      OM67      OM68      OM77      OM78      OM88      SG11  
            SG12      SG22  
 
 TH 1
+       .........
 
 TH 2
+       .........  3.53E+00
 
 TH 3
+       ......... -9.21E-01  1.31E+01
 
 TH 4
+       .........  1.63E+00 -5.28E+00  5.00E+00
 
 TH 5
+       ......... -2.43E+00  2.86E+00  7.40E-01  1.66E+02
 
 TH 6
+       .........  9.87E+00 -8.71E+00  2.28E+00 -3.49E+01  9.38E+01
 
 TH 7
+       ......... -4.53E+00  9.26E+00 -7.11E+00  2.89E+01 -2.77E+01  1.07E+02
 
 TH 8
+       ......... -3.55E+00  1.04E+01 -5.20E+00 -2.96E+01 -1.52E+01 -4.34E+01  2.25E+02
 
 TH 9
+       .........  4.84E+00 -1.41E+01  6.86E+00  3.45E+01  2.19E+01 -3.42E+01 -5.63E+01  1.33E+02
 
 TH10
+       .........  3.42E+00  3.81E+00  3.75E-01 -2.48E+00  1.32E+01 -1.82E+01 -1.99E+01 -5.97E+01  1.49E+02
 
 TH11
+       ......... -4.45E+00 -1.06E+01  6.03E+00  1.37E+02 -5.07E+01  7.15E+00 -1.78E+01  1.27E+01 -1.05E+02  6.01E+02
 
 OM11
+       ......... -6.56E+00  4.81E+00 -3.27E-01  1.48E+01 -5.13E+01  3.36E+01 -5.65E+01 -5.67E+01 -3.49E+01  1.61E+02  3.56E+02
 
 OM12
+       ......... ......... ......... ......... ......... ......... ......... ......... ......... ......... ......... .........
         .........
 
 OM13
+       ......... ......... ......... ......... ......... ......... ......... ......... ......... ......... ......... .........
         ......... .........
 
 OM14
+       ......... ......... ......... ......... ......... ......... ......... ......... ......... ......... ......... .........
         ......... ......... .........
 
 OM15
+       ......... ......... ......... ......... ......... ......... ......... ......... ......... ......... ......... .........
         ......... ......... ......... .........
 
 OM16
+       ......... ......... ......... ......... ......... ......... ......... ......... ......... ......... ......... .........
         ......... ......... ......... ......... .........
 
 OM17
+       ......... ......... ......... ......... ......... ......... ......... ......... ......... ......... ......... .........
         ......... ......... ......... ......... ......... .........
 
1

            TH 1      TH 2      TH 3      TH 4      TH 5      TH 6      TH 7      TH 8      TH 9      TH10      TH11      OM11  
             OM12      OM13      OM14      OM15      OM16      OM17      OM18      OM22      OM23      OM24      OM25      OM26  
            OM27      OM28      OM33      OM34      OM35      OM36      OM37      OM38      OM44      OM45      OM46      OM47  
             OM48      OM55      OM56      OM57      OM58      OM66      OM67      OM68      OM77      OM78      OM88      SG11  
            SG12      SG22  
 
 OM18
+       ......... ......... ......... ......... ......... ......... ......... ......... ......... ......... ......... .........
         ......... ......... ......... ......... ......... ......... .........
 
 OM22
+       .........  2.94E-01  2.03E+00 -1.44E+00  3.60E+00 -1.51E+01  6.20E+00  5.13E+00 -3.43E+00 -4.48E+00  1.27E+01  2.85E+00
         ......... ......... ......... ......... ......... ......... .........  8.65E+00
 
 OM23
+       ......... ......... ......... ......... ......... ......... ......... ......... ......... ......... ......... .........
         ......... ......... ......... ......... ......... ......... ......... ......... .........
 
 OM24
+       ......... ......... ......... ......... ......... ......... ......... ......... ......... ......... ......... .........
         ......... ......... ......... ......... ......... ......... ......... ......... ......... .........
 
 OM25
+       ......... ......... ......... ......... ......... ......... ......... ......... ......... ......... ......... .........
         ......... ......... ......... ......... ......... ......... ......... ......... ......... ......... .........
 
 OM26
+       ......... ......... ......... ......... ......... ......... ......... ......... ......... ......... ......... .........
         ......... ......... ......... ......... ......... ......... ......... ......... ......... ......... ......... .........
 
 OM27
+       ......... ......... ......... ......... ......... ......... ......... ......... ......... ......... ......... .........
         ......... ......... ......... ......... ......... ......... ......... ......... ......... ......... ......... .........
        .........
 
 OM28
+       ......... ......... ......... ......... ......... ......... ......... ......... ......... ......... ......... .........
         ......... ......... ......... ......... ......... ......... ......... ......... ......... ......... ......... .........
        ......... .........
 
 OM33
+       ......... -2.31E+01  6.44E+01 -3.75E+01 -2.20E+01 -6.06E+01  3.87E+01  6.08E+01 -1.53E+02  5.98E+01 -1.36E+02  1.85E+02
         ......... ......... ......... ......... ......... ......... ......... -1.18E+00 ......... ......... ......... .........
        ......... .........  1.04E+03
 
 OM34
+       ......... ......... ......... ......... ......... ......... ......... ......... ......... ......... ......... .........
         ......... ......... ......... ......... ......... ......... ......... ......... ......... ......... ......... .........
        ......... ......... ......... .........
 
 OM35
+       ......... ......... ......... ......... ......... ......... ......... ......... ......... ......... ......... .........
         ......... ......... ......... ......... ......... ......... ......... ......... ......... ......... ......... .........
        ......... ......... ......... ......... .........
 
 OM36
+       ......... ......... ......... ......... ......... ......... ......... ......... ......... ......... ......... .........
         ......... ......... ......... ......... ......... ......... ......... ......... ......... ......... ......... .........
        ......... ......... ......... ......... ......... .........
 
 OM37
+       ......... ......... ......... ......... ......... ......... ......... ......... ......... ......... ......... .........
         ......... ......... ......... ......... ......... ......... ......... ......... ......... ......... ......... .........
        ......... ......... ......... ......... ......... ......... .........
 
1

            TH 1      TH 2      TH 3      TH 4      TH 5      TH 6      TH 7      TH 8      TH 9      TH10      TH11      OM11  
             OM12      OM13      OM14      OM15      OM16      OM17      OM18      OM22      OM23      OM24      OM25      OM26  
            OM27      OM28      OM33      OM34      OM35      OM36      OM37      OM38      OM44      OM45      OM46      OM47  
             OM48      OM55      OM56      OM57      OM58      OM66      OM67      OM68      OM77      OM78      OM88      SG11  
            SG12      SG22  
 
 OM38
+       ......... ......... ......... ......... ......... ......... ......... ......... ......... ......... ......... .........
         ......... ......... ......... ......... ......... ......... ......... ......... ......... ......... ......... .........
        ......... ......... ......... ......... ......... ......... ......... .........
 
 OM44
+       ......... ......... ......... ......... ......... ......... ......... ......... ......... ......... ......... .........
         ......... ......... ......... ......... ......... ......... ......... ......... ......... ......... ......... .........
        ......... ......... ......... ......... ......... ......... ......... ......... .........
 
 OM45
+       ......... ......... ......... ......... ......... ......... ......... ......... ......... ......... ......... .........
         ......... ......... ......... ......... ......... ......... ......... ......... ......... ......... ......... .........
        ......... ......... ......... ......... ......... ......... ......... ......... ......... .........
 
 OM46
+       ......... ......... ......... ......... ......... ......... ......... ......... ......... ......... ......... .........
         ......... ......... ......... ......... ......... ......... ......... ......... ......... ......... ......... .........
        ......... ......... ......... ......... ......... ......... ......... ......... ......... ......... .........
 
 OM47
+       ......... ......... ......... ......... ......... ......... ......... ......... ......... ......... ......... .........
         ......... ......... ......... ......... ......... ......... ......... ......... ......... ......... ......... .........
        ......... ......... ......... ......... ......... ......... ......... ......... ......... ......... ......... .........
 
 OM48
+       ......... ......... ......... ......... ......... ......... ......... ......... ......... ......... ......... .........
         ......... ......... ......... ......... ......... ......... ......... ......... ......... ......... ......... .........
        ......... ......... ......... ......... ......... ......... ......... ......... ......... ......... ......... .........
         .........
 
 OM55
+       ......... ......... ......... ......... ......... ......... ......... ......... ......... ......... ......... .........
         ......... ......... ......... ......... ......... ......... ......... ......... ......... ......... ......... .........
        ......... ......... ......... ......... ......... ......... ......... ......... ......... ......... ......... .........
         ......... .........
 
 OM56
+       ......... ......... ......... ......... ......... ......... ......... ......... ......... ......... ......... .........
         ......... ......... ......... ......... ......... ......... ......... ......... ......... ......... ......... .........
        ......... ......... ......... ......... ......... ......... ......... ......... ......... ......... ......... .........
         ......... ......... .........
 
 OM57
+       ......... ......... ......... ......... ......... ......... ......... ......... ......... ......... ......... .........
         ......... ......... ......... ......... ......... ......... ......... ......... ......... ......... ......... .........
        ......... ......... ......... ......... ......... ......... ......... ......... ......... ......... ......... .........
         ......... ......... ......... .........
 
 OM58
+       ......... ......... ......... ......... ......... ......... ......... ......... ......... ......... ......... .........
         ......... ......... ......... ......... ......... ......... ......... ......... ......... ......... ......... .........
        ......... ......... ......... ......... ......... ......... ......... ......... ......... ......... ......... .........
         ......... ......... ......... ......... .........
 
1

            TH 1      TH 2      TH 3      TH 4      TH 5      TH 6      TH 7      TH 8      TH 9      TH10      TH11      OM11  
             OM12      OM13      OM14      OM15      OM16      OM17      OM18      OM22      OM23      OM24      OM25      OM26  
            OM27      OM28      OM33      OM34      OM35      OM36      OM37      OM38      OM44      OM45      OM46      OM47  
             OM48      OM55      OM56      OM57      OM58      OM66      OM67      OM68      OM77      OM78      OM88      SG11  
            SG12      SG22  
 
 OM66
+       ......... ......... ......... ......... ......... ......... ......... ......... ......... ......... ......... .........
         ......... ......... ......... ......... ......... ......... ......... ......... ......... ......... ......... .........
        ......... ......... ......... ......... ......... ......... ......... ......... ......... ......... ......... .........
         ......... ......... ......... ......... ......... .........
 
 OM67
+       ......... ......... ......... ......... ......... ......... ......... ......... ......... ......... ......... .........
         ......... ......... ......... ......... ......... ......... ......... ......... ......... ......... ......... .........
        ......... ......... ......... ......... ......... ......... ......... ......... ......... ......... ......... .........
         ......... ......... ......... ......... ......... ......... .........
 
 OM68
+       ......... ......... ......... ......... ......... ......... ......... ......... ......... ......... ......... .........
         ......... ......... ......... ......... ......... ......... ......... ......... ......... ......... ......... .........
        ......... ......... ......... ......... ......... ......... ......... ......... ......... ......... ......... .........
         ......... ......... ......... ......... ......... ......... ......... .........
 
 OM77
+       ......... ......... ......... ......... ......... ......... ......... ......... ......... ......... ......... .........
         ......... ......... ......... ......... ......... ......... ......... ......... ......... ......... ......... .........
        ......... ......... ......... ......... ......... ......... ......... ......... ......... ......... ......... .........
         ......... ......... ......... ......... ......... ......... ......... ......... .........
 
 OM78
+       ......... ......... ......... ......... ......... ......... ......... ......... ......... ......... ......... .........
         ......... ......... ......... ......... ......... ......... ......... ......... ......... ......... ......... .........
        ......... ......... ......... ......... ......... ......... ......... ......... ......... ......... ......... .........
         ......... ......... ......... ......... ......... ......... ......... ......... ......... .........
 
 OM88
+       ......... ......... ......... ......... ......... ......... ......... ......... ......... ......... ......... .........
         ......... ......... ......... ......... ......... ......... ......... ......... ......... ......... ......... .........
        ......... ......... ......... ......... ......... ......... ......... ......... ......... ......... ......... .........
         ......... ......... ......... ......... ......... ......... ......... ......... ......... ......... .........
 
 SG11
+       ......... -3.79E+01 -1.19E+02  5.98E+00 -4.78E+02  8.41E+01 -3.66E+01 -2.65E+01 -1.70E+02 -1.44E+02  3.24E+02 -1.31E+01
         ......... ......... ......... ......... ......... ......... ......... -2.18E+01 ......... ......... ......... .........
        ......... ......... -2.51E+02 ......... ......... ......... ......... ......... ......... ......... ......... .........
         ......... ......... ......... ......... ......... ......... ......... ......... ......... ......... .........  9.31E+03
 
 SG12
+       ......... ......... ......... ......... ......... ......... ......... ......... ......... ......... ......... .........
         ......... ......... ......... ......... ......... ......... ......... ......... ......... ......... ......... .........
        ......... ......... ......... ......... ......... ......... ......... ......... ......... ......... ......... .........
         ......... ......... ......... ......... ......... ......... ......... ......... ......... ......... ......... .........
        .........
 
 SG22
+       .........  4.35E+00 -1.54E+00 -9.29E+00 -1.39E+02  8.75E+01 -6.97E+01  8.91E+01 -1.67E+01  1.55E+01 -1.09E+02 -1.07E+02
         ......... ......... ......... ......... ......... ......... ......... -1.04E+01 ......... ......... ......... .........
        ......... ......... -1.12E+02 ......... ......... ......... ......... ......... ......... ......... ......... .........
         ......... ......... ......... ......... ......... ......... ......... ......... ......... ......... .........  4.04E+02
        .........  1.75E+03
 
1
 
 
 
 
 
 
 
 
 
 
 
 
 
 
 
 
 
 
 
 
 ************************************************************************************************************************
 ********************                                                                                ********************
 ********************               FIRST ORDER CONDITIONAL ESTIMATION WITH INTERACTION              ********************
 ********************                      EIGENVALUES OF COR MATRIX OF ESTIMATE                     ********************
 ********************                                                                                ********************
 ************************************************************************************************************************
 

             1         2         3         4         5         6         7         8         9        10        11        12
             13        14        15
 
         7.71E-02  1.18E-01  1.91E-01  2.04E-01  2.29E-01  2.72E-01  3.35E-01  4.17E-01  4.76E-01  8.88E-01  9.47E-01  1.34E+00
          1.88E+00  3.24E+00  4.39E+00
 
 #CPUT: Total CPU Time in Seconds,     1280.004
Stop Time: 
11/09/2017 
16:27
