21/12/2017 
10:21
;; 1. Based on: run06
;; 2. Description: Paracetamol (APAP) in term and preterm newborns
;; x1. Author: user
$PROBLEM    Paracetamol (APAP) in term and preterm newborns
$INPUT      ID TIME ; in min
            AMT ; in mg
            RATE ; in mg/min
            DV ; in blood mg/L in urine mg
            CMT ; see under $MODEL and in publication
            MDV EVID BWS ; bodyweight at time of study in kg
$DATA      Simulated_ParacetamolPKnewborns.csv IGNORE=@
$SUBROUTINE ADVAN6 TOL=5
$MODEL      NCOMPARTMENTS=6 COMP=(CENTRAL,DEFDOSE) ;PLASMA APAP
            COMP ;PLASMA APAP-G
            COMP ;PLASMA APAP-S
            COMP ;URINE APAP-G
            COMP ;URINE APAP
            COMP ;URINE APAP-S
$PK 
ET1=EXP(ETA(1))
ET2=EXP(ETA(2))
ET3=EXP(ETA(3))
ET4=EXP(ETA(4))

TH1=THETA(1)
TH2=THETA(2)/1000
TH3=THETA(3)/1000
TH4=THETA(4)/1000
TH5=THETA(5)
TH6=THETA(6)

V1=TH1*BWS*ET1         ;volume plasma APAP
V2=V1*0.18             ;volume metabolites
V3=V2

CLG=TH2*BWS*ET2        ;formation clearance APAP-G
CLS=TH3*BWS**TH6*ET3   ;formation clearance APAP-S
CLA=TH4*BWS*ET4        ;clearance unchanged APAP 

K12=CLG/V1
K13=CLS/V1
K15=CLA/V1
K24=TH5*K15
K36=K24

CLG2=K24*V2            ;elimination clearance APAP-G
CLS2=K36*V3            ;elimination clearance APAP-S

S1=V1
S2=V2
S3=V3
S4=1
S5=1
S6=1

$DES 
DADT(1)=-K12*A(1)-K13*A(1)-K15*A(1)
DADT(2)=K12*A(1)-K24*A(2)
DADT(3)=K13*A(1)-K36*A(3)
DADT(4)=K24*A(2)
DADT(5)=K15*A(1)
DADT(6)=K36*A(3)

$ERROR 
COM1=0
IF(CMT.EQ.1) COM1=1
COM4=0
IF (CMT.EQ.4) COM4=1
COM5=0
IF (CMT.EQ.5) COM5=1
COM6=0
IF (CMT.EQ.6) COM6=1
IPRE=F

Y1=F*(1+ERR(1))+ERR(5) ;Y1=APAP PLASMA
Y4=F*(1+ERR(2))        ;Y4=APAP-G URINE
Y5=F*(1+ERR(3))        ;Y5=APAP URINE
Y6=F*(1+ERR(4))        ;Y6=APAP-S URINE

Y=COM1*Y1+COM4*Y4+COM5*Y5+COM6*Y6

$THETA  (0,1.06) ; TH1 V1 APAP
 (0,0.266) ; TH2 CL APAP-G
 (0,1.46) ; TH3 CL APAP-S
 (0,0.285) ; TH4 CL APAP
 (0,11.3) ; TH5 CL 24 EN 36
 (0,1.4) ; TH6 EXP on CLS
$OMEGA  0.0925  ;          V
 0.599  ;   CLAPAP-G
 0.312  ;   CLAPAP-S
 0.0879  ;     CLAPAP
$SIGMA  0.0198  ; 1 APAP plasma proportional
 0.223  ; 2 APAP-G URINE proportional
 0.188  ; 3 APAP URINE proportional
 0.332  ; 4 APAP-S URINE proportional
 0.354  ; 5 APAP PLASMA additive
$ESTIMATION PRINT=1 MAXEVAL=9999 METHOD=CONDITIONAL INTERACTION
            NOABORT
$COVARIANCE PRINT=E
$TABLE      ID TIME AMT RATE DV CMT MDV EVID BWS IPRE NOAPPEND
            ONEHEADER NOPRINT FILE=sdtab07

  
NM-TRAN MESSAGES 
  
 WARNINGS AND ERRORS (IF ANY) FOR PROBLEM    1
             
 (WARNING  2) NM-TRAN INFERS THAT THE DATA ARE POPULATION.
  
License Registered to: Leiden Academic Center for Drug Research
Expiration Date:    14 JAN 2018
Current Date:       21 DEC 2017
  **** WARNING!!! Days until program expires :  28 ****
  **** CONTACT idssoftware@iconplc.com FOR RENEWAL ****
1NONLINEAR MIXED EFFECTS MODEL PROGRAM (NONMEM) VERSION 7.3.0
 ORIGINALLY DEVELOPED BY STUART BEAL, LEWIS SHEINER, AND ALISON BOECKMANN
 CURRENT DEVELOPERS ARE ROBERT BAUER, ICON DEVELOPMENT SOLUTIONS,
 AND ALISON BOECKMANN. IMPLEMENTATION, EFFICIENCY, AND STANDARDIZATION
 PERFORMED BY NOUS INFOSYSTEMS.

 PROBLEM NO.:         1
 Paracetamol (APAP) in term and preterm newborns
0DATA CHECKOUT RUN:              NO
 DATA SET LOCATED ON UNIT NO.:    2
 THIS UNIT TO BE REWOUND:        NO
 NO. OF DATA RECS IN DATA SET:      359
 NO. OF DATA ITEMS IN DATA SET:   9
 ID DATA ITEM IS DATA ITEM NO.:   1
 DEP VARIABLE IS DATA ITEM NO.:   5
 MDV DATA ITEM IS DATA ITEM NO.:  7
0INDICES PASSED TO SUBROUTINE PRED:
   8   2   3   4   0   0   6   0   0   0   0
0LABELS FOR DATA ITEMS:
 ID TIME AMT RATE DV CMT MDV EVID BWS
0(NONBLANK) LABELS FOR PRED-DEFINED ITEMS:
 IPRE
0FORMAT FOR DATA:
 (9E7.0)

 TOT. NO. OF OBS RECS:      158
 TOT. NO. OF INDIVIDUALS:     10
0LENGTH OF THETA:   6
0DEFAULT THETA BOUNDARY TEST OMITTED:    NO
0OMEGA HAS SIMPLE DIAGONAL FORM WITH DIMENSION:   4
0DEFAULT OMEGA BOUNDARY TEST OMITTED:    NO
0SIGMA HAS SIMPLE DIAGONAL FORM WITH DIMENSION:   5
0DEFAULT SIGMA BOUNDARY TEST OMITTED:    NO
0INITIAL ESTIMATE OF THETA:
 LOWER BOUND    INITIAL EST    UPPER BOUND
  0.0000E+00     0.1060E+01     0.1000E+07
  0.0000E+00     0.2660E+00     0.1000E+07
  0.0000E+00     0.1460E+01     0.1000E+07
  0.0000E+00     0.2850E+00     0.1000E+07
  0.0000E+00     0.1130E+02     0.1000E+07
  0.0000E+00     0.1400E+01     0.1000E+07
0INITIAL ESTIMATE OF OMEGA:
 0.9250E-01
 0.0000E+00   0.5990E+00
 0.0000E+00   0.0000E+00   0.3120E+00
 0.0000E+00   0.0000E+00   0.0000E+00   0.8790E-01
0INITIAL ESTIMATE OF SIGMA:
 0.1980E-01
 0.0000E+00   0.2230E+00
 0.0000E+00   0.0000E+00   0.1880E+00
 0.0000E+00   0.0000E+00   0.0000E+00   0.3320E+00
 0.0000E+00   0.0000E+00   0.0000E+00   0.0000E+00   0.3540E+00
0COVARIANCE STEP OMITTED:        NO
 EIGENVLS. PRINTED:             YES
 SPECIAL COMPUTATION:            NO
 COMPRESSED FORMAT:              NO
 SIGDIGITS ETAHAT (SIGLO):                  -1
 SIGDIGITS GRADIENTS (SIGL):                -1
 RELATIVE TOLERANCE (TOL):                  -1
 ABSOLUTE TOLERANCE-ADVAN 9,13 ONLY (ATOL): -1
 EXCLUDE COV FOR FOCE (NOFCOV):              NO
 RESUME COV ANALYSIS (RESUME):               NO
0TABLES STEP OMITTED:    NO
 NO. OF TABLES:           1
 SEED NUMBER (SEED):    11456
 RANMETHOD:
 MC SAMPLES (ESEED):    300
 WRES SQUARE ROOT TYPE:            EIGENVALUE
0-- TABLE   1 --
04 COLUMNS APPENDED:     NO
 PRINTED:                NO
 HEADER:                YES
 FILE TO BE FORWARDED:   NO
 FORMAT:                S1PE11.4
 LFORMAT:
 RFORMAT:
0USER-CHOSEN ITEMS:
 ID TIME AMT RATE DV CMT MDV EVID BWS IPRE
0WARNING: THE NUMBER OF PARAMETERS TO BE ESTIMATED
 EXCEEDS THE NUMBER OF INDIVIDUALS WITH DATA.
0WARNING: FOR AN ASYMPTOTIC ESTIMATE OF THE VARIANCE-COVARIANCE MATRIX
 OF THE GRADIENT VECTOR, THE COVARIANCE STEP COMPUTES THE S MATRIX.
 BUT WHEN THE NUMBER OF PARAMETERS TO BE ESTIMATED
 EXCEEDS THE NUMBER OF INDIVIDUALS WITH DATA,
 THIS MATRIX CAN BE SINGULAR AND BE A POOR ASYMPTOTIC ESTIMATE.
1DOUBLE PRECISION PREDPP VERSION 7.3.0

 GENERAL NONLINEAR KINETICS MODEL (ADVAN6)
0MODEL SUBROUTINE USER-SUPPLIED - ID NO. 9999
0MAXIMUM NO. OF BASIC PK PARAMETERS:   5
0COMPARTMENT ATTRIBUTES
 COMPT. NO.   FUNCTION   INITIAL    ON/OFF      DOSE      DEFAULT    DEFAULT
                         STATUS     ALLOWED    ALLOWED    FOR DOSE   FOR OBS.
    1         CENTRAL      ON         YES        YES        YES        YES
    2         COMP 2       ON         YES        YES        NO         NO
    3         COMP 3       ON         YES        YES        NO         NO
    4         COMP 4       ON         YES        YES        NO         NO
    5         COMP 5       ON         YES        YES        NO         NO
    6         COMP 6       ON         YES        YES        NO         NO
    7         OUTPUT       OFF        YES        NO         NO         NO
0NRD VALUE FROM SUBROUTINE TOL:   5
1
 ADDITIONAL PK PARAMETERS - ASSIGNMENT OF ROWS IN GG
 COMPT. NO.                             INDICES
              SCALE      BIOAVAIL.   ZERO-ORDER  ZERO-ORDER  ABSORB
                         FRACTION    RATE        DURATION    LAG
    1            6           *           *           *           *
    2            7           *           *           *           *
    3            8           *           *           *           *
    4            9           *           *           *           *
    5           10           *           *           *           *
    6           11           *           *           *           *
    7            *           -           -           -           -
             - PARAMETER IS NOT ALLOWED FOR THIS MODEL
             * PARAMETER IS NOT SUPPLIED BY PK SUBROUTINE;
               WILL DEFAULT TO ONE IF APPLICABLE
0DATA ITEM INDICES USED BY PRED ARE:
   EVENT ID DATA ITEM IS DATA ITEM NO.:      8
   TIME DATA ITEM IS DATA ITEM NO.:          2
   DOSE AMOUNT DATA ITEM IS DATA ITEM NO.:   3
   DOSE RATE DATA ITEM IS DATA ITEM NO.:     4
   COMPT. NO. DATA ITEM IS DATA ITEM NO.:    6

0PK SUBROUTINE CALLED WITH EVERY EVENT RECORD.
 PK SUBROUTINE NOT CALLED AT NONEVENT (ADDITIONAL OR LAGGED) DOSE TIMES.
0ERROR SUBROUTINE CALLED WITH EVERY EVENT RECORD.
0DES SUBROUTINE USES COMPACT STORAGE MODE.
1


 #TBLN:      1
 #METH: First Order Conditional Estimation with Interaction

 ESTIMATION STEP OMITTED:                 NO  
 ANALYSIS TYPE:                           POPULATION
 CONDITIONAL ESTIMATES USED:              YES 
 CENTERED ETA:                            NO  
 EPS-ETA INTERACTION:                     YES 
 LAPLACIAN OBJ. FUNC.:                    NO  
 NO. OF FUNCT. EVALS. ALLOWED:            9999
 NO. OF SIG. FIGURES REQUIRED:            3
 INTERMEDIATE PRINTOUT:                   YES 
 ESTIMATE OUTPUT TO MSF:                  NO  
 ABORT WITH PRED EXIT CODE 1:             NO  
 IND. OBJ. FUNC. VALUES SORTED:           NO  
 NUMERICAL DERIVATIVE 
       FILE REQUEST (NUMDER):             NONE
 MAP (ETAHAT) ESTIMATION METHOD (OPTMAP): 0           
 ETA HESSIAN EVALUATION METHOD (ETADER):  0           
 INITIAL ETA FOR MAP ESTIMATION (MCETA):  0           
 SIGDIGITS FOR MAP ESTIMATION (SIGLO):    100         
 GRADIENT SIGDIGITS OF 
       FIXED EFFECTS PARAMETERS (SIGL):   100         
 EXCLUDE TITLE (NOTITLE):                 NO 
 EXCLUDE COLUMN LABELS (NOLABEL):         NO 
 NOPRIOR SETTING (NOPRIOR):               OFF
 NOCOV SETTING (NOCOV):                   OFF
 DERCONT SETTING (DERCONT):               OFF
 ABSOLUTE TOLERANCE-ADVAN 9,13 ONLY(ATOL):-100        
 FINAL ETA RE-EVALUATION (FNLETA):        ON 
 EXCLUDE NON-INFLUENTIAL (NON-INFL.) ETAS 
       IN SHRINKAGE (ETASTYPE):           NO 
 NON-INFL. ETA CORRECTION (NONINFETA):    OFF
 FORMAT FOR ADDITIONAL FILES (FORMAT):    S1PE12.5
 PARAMETER ORDER FOR OUTPUTS (ORDER):     TSOL
 ADDITIONAL CONVERGENCE TEST (CTYPE=4)?:  NO
 EM OR BAYESIAN METHOD USED:                NONE


 THE FOLLOWING LABELS ARE EQUIVALENT
 PRED=PREDI
 RES=RESI
 WRES=WRESI
 IWRS=IWRESI
 IPRD=IPREDI
 IRS=IRESI

 MONITORING OF SEARCH:


0ITERATION NO.:    0    OBJECTIVE VALUE:   423.664504325920        NO. OF FUNC. EVALS.:  13
 CUMULATIVE NO. OF FUNC. EVALS.:       13
 NPARAMETR:  1.0600E+00  2.6600E-01  1.4600E+00  2.8500E-01  1.1300E+01  1.4000E+00  9.2500E-02  5.9900E-01  3.1200E-01  8.7900E-02
             1.9800E-02  2.2300E-01  1.8800E-01  3.3200E-01  3.5400E-01
 PARAMETER:  1.0000E-01  1.0000E-01  1.0000E-01  1.0000E-01  1.0000E-01  1.0000E-01  1.0000E-01  1.0000E-01  1.0000E-01  1.0000E-01
             1.0000E-01  1.0000E-01  1.0000E-01  1.0000E-01  1.0000E-01
 GRADIENT:   6.5694E+00 -6.5249E+00 -1.3201E+01  2.6103E+00 -1.8801E+00 -1.7342E+01  1.4624E+00  1.7579E+00  5.8862E+00 -3.7664E+00
            -1.5109E+01  8.9521E+00  1.2110E+01  3.4990E+01  3.0589E+00

0ITERATION NO.:    1    OBJECTIVE VALUE:   410.697524657944        NO. OF FUNC. EVALS.:  14
 CUMULATIVE NO. OF FUNC. EVALS.:       27
 NPARAMETR:  1.0019E+00  2.8131E-01  1.6350E+00  2.7869E-01  1.1484E+01  1.6244E+00  9.0209E-02  5.8121E-01  2.8205E-01  9.3764E-02
             2.5656E-02  1.9127E-01  1.5275E-01  1.8221E-01  3.3591E-01
 PARAMETER:  4.3675E-02  1.5594E-01  2.1318E-01  7.7620E-02  1.1612E-01  2.4869E-01  8.7462E-02  8.4928E-02  4.9533E-02  1.3229E-01
             2.2954E-01  2.3246E-02 -3.8283E-03 -2.0000E-01  7.3774E-02
 GRADIENT:  -2.1888E+00 -5.0917E+00  4.9968E+00  1.2969E+00 -3.9381E+00  1.9174E+01  1.9317E+00  2.4542E+00  6.0131E+00 -3.8715E+00
             1.0272E+00  5.0639E+00  5.5153E+00  2.0798E+01  5.6267E+00

0ITERATION NO.:    2    OBJECTIVE VALUE:   407.680983352021        NO. OF FUNC. EVALS.:  14
 CUMULATIVE NO. OF FUNC. EVALS.:       41
 NPARAMETR:  1.0111E+00  2.8733E-01  1.6013E+00  2.7719E-01  1.1674E+01  1.4998E+00  8.8769E-02  5.6945E-01  2.6827E-01  9.6837E-02
             2.5437E-02  1.8337E-01  1.4589E-01  1.5322E-01  3.2053E-01
 PARAMETER:  5.2791E-02  1.7715E-01  1.9237E-01  7.2219E-02  1.3252E-01  1.6884E-01  7.9417E-02  7.4707E-02  2.4490E-02  1.4842E-01
             2.2526E-01  2.1567E-03 -2.6798E-02 -2.8662E-01  5.0340E-02
 GRADIENT:  -1.7810E-01 -5.0898E+00 -3.2816E+00  9.8574E-01 -4.5562E+00  4.3958E-01  1.6637E+00  2.5655E+00  7.0045E+00 -3.9559E+00
            -3.1497E-01  4.2255E+00  4.1809E+00  1.4873E+01  4.8848E+00

0ITERATION NO.:    3    OBJECTIVE VALUE:   404.485775230108        NO. OF FUNC. EVALS.:  16
 CUMULATIVE NO. OF FUNC. EVALS.:       57
 NPARAMETR:  1.0095E+00  3.0641E-01  1.6956E+00  2.7392E-01  1.2379E+01  1.5457E+00  8.5204E-02  5.3350E-01  2.2392E-01  1.0705E-01
             2.5772E-02  1.6533E-01  1.3194E-01  1.0765E-01  2.8413E-01
 PARAMETER:  5.1205E-02  2.4142E-01  2.4960E-01  6.0364E-02  1.9124E-01  1.9902E-01  5.8919E-02  4.2097E-02 -6.5853E-02  1.9853E-01
             2.3180E-01 -4.9604E-02 -7.7049E-02 -4.6313E-01 -9.9303E-03
 GRADIENT:  -8.0913E-01 -4.0048E+00  3.8705E+00  1.2637E+00 -4.3414E+00  1.4520E+01  7.4064E-01  2.7148E+00  4.6721E+00 -4.4952E+00
            -1.0229E+00  1.1104E+00  7.3678E-01  1.4780E-01  3.7481E+00

0ITERATION NO.:    4    OBJECTIVE VALUE:   401.856659086308        NO. OF FUNC. EVALS.:  15
 CUMULATIVE NO. OF FUNC. EVALS.:       72
 NPARAMETR:  9.9470E-01  3.5315E-01  1.8122E+00  2.6437E-01  1.4540E+01  1.4606E+00  8.1070E-02  4.4226E-01  1.5297E-01  1.4502E-01
             2.8891E-02  1.5326E-01  1.2745E-01  1.1487E-01  2.2388E-01
 PARAMETER:  3.6412E-02  3.8341E-01  3.1612E-01  2.4853E-02  3.5213E-01  1.4239E-01  3.4052E-02 -5.1682E-02 -2.5639E-01  3.5034E-01
             2.8893E-01 -8.7523E-02 -9.4360E-02 -4.3068E-01 -1.2909E-01
 GRADIENT:  -7.6820E+00 -1.5746E+00  4.4201E+00  2.4170E+00  2.8717E+00  1.1720E+01 -1.4114E+00  2.5905E+00  1.1872E+00 -4.0163E+00
             5.3663E+00 -1.1863E+00 -3.9355E-01  5.6057E+00  3.5660E+00

0ITERATION NO.:    5    OBJECTIVE VALUE:   400.948575521099        NO. OF FUNC. EVALS.:  14
 CUMULATIVE NO. OF FUNC. EVALS.:       86
 NPARAMETR:  1.1095E+00  3.9107E-01  1.9062E+00  2.4899E-01  1.5121E+01  1.4278E+00  8.4101E-02  3.6267E-01  1.1763E-01  1.9834E-01
             2.6117E-02  1.5913E-01  1.3322E-01  1.1911E-01  1.7716E-01
 PARAMETER:  1.4565E-01  4.8540E-01  3.6666E-01 -3.5074E-02  3.9128E-01  1.1964E-01  5.2405E-02 -1.5089E-01 -3.8775E-01  5.0690E-01
             2.3845E-01 -6.8715E-02 -7.2238E-02 -4.1255E-01 -2.4611E-01
 GRADIENT:   1.2276E+01  1.8640E-01  8.9347E+00  1.8165E+00  2.6747E+00  1.4853E+01 -2.4841E+00  1.7862E+00 -2.1633E+00 -5.0295E+00
            -5.3804E+00  8.9270E-02  2.9254E+00  7.5803E+00  1.0947E+00

0ITERATION NO.:    6    OBJECTIVE VALUE:   399.483841841734        NO. OF FUNC. EVALS.:  14
 CUMULATIVE NO. OF FUNC. EVALS.:      100
 NPARAMETR:  1.0633E+00  4.2746E-01  1.9189E+00  2.2412E-01  1.4319E+01  1.4112E+00  1.0030E-01  2.7169E-01  9.7930E-02  3.3447E-01
             2.5897E-02  1.8068E-01  1.3835E-01  1.1570E-01  1.3497E-01
 PARAMETER:  1.0315E-01  5.7436E-01  3.7332E-01 -1.4030E-01  3.3680E-01  1.0800E-01  1.4046E-01 -2.9530E-01 -4.7938E-01  7.6817E-01
             2.3421E-01 -5.2344E-03 -5.3322E-02 -4.2705E-01 -3.8213E-01
 GRADIENT:   4.0247E+00  1.9324E+00  8.8655E+00  7.0566E-02  1.2015E+00  1.4084E+01  1.3700E+00  5.8247E-01 -4.5912E+00 -2.9207E+00
            -8.4151E+00  4.9199E+00  5.4026E+00  6.4209E+00 -2.7840E-01

0ITERATION NO.:    7    OBJECTIVE VALUE:   399.023577692961        NO. OF FUNC. EVALS.:  14
 CUMULATIVE NO. OF FUNC. EVALS.:      114
 NPARAMETR:  1.0897E+00  4.3243E-01  1.9023E+00  2.1729E-01  1.3961E+01  1.4174E+00  1.0222E-01  2.4536E-01  9.8120E-02  4.0783E-01
             2.8337E-02  1.7509E-01  1.3300E-01  1.1607E-01  1.2477E-01
 PARAMETER:  1.2762E-01  5.8594E-01  3.6465E-01 -1.7125E-01  3.1148E-01  1.1238E-01  1.4997E-01 -3.4627E-01 -4.7840E-01  8.6732E-01
             2.7924E-01 -2.0938E-02 -7.3032E-02 -4.2548E-01 -4.2141E-01
 GRADIENT:   8.0067E+00  1.8500E+00  8.3297E+00 -5.1807E-01 -1.1306E-01  1.4223E+01  1.5017E+00  2.1281E-01 -4.3382E+00 -1.4585E+00
            -1.8397E+00  3.8030E+00  4.0609E+00  6.5522E+00  1.8381E-01

0ITERATION NO.:    8    OBJECTIVE VALUE:   398.840389377756        NO. OF FUNC. EVALS.:  14
 CUMULATIVE NO. OF FUNC. EVALS.:      128
 NPARAMETR:  1.0760E+00  4.2786E-01  1.8710E+00  2.1354E-01  1.3972E+01  1.4304E+00  9.5832E-02  2.1413E-01  1.0781E-01  5.2023E-01
             2.6106E-02  1.5442E-01  1.2315E-01  1.1998E-01  1.1049E-01
 PARAMETER:  1.1500E-01  5.7531E-01  3.4801E-01 -1.8866E-01  3.1223E-01  1.2145E-01  1.1769E-01 -4.1435E-01 -4.3134E-01  9.8904E-01
             2.3824E-01 -8.3750E-02 -1.1152E-01 -4.0889E-01 -4.8219E-01
 GRADIENT:   6.8320E+00  8.6805E-01  7.2129E+00 -5.8427E-01  2.6218E-01  1.3751E+01  7.9342E-01 -5.8403E-01 -3.5200E+00  2.5561E-01
            -9.3635E+00 -1.3740E+00  7.9474E-01  8.3775E+00 -7.7903E-01

0ITERATION NO.:    9    OBJECTIVE VALUE:   398.722032014519        NO. OF FUNC. EVALS.:  14
 CUMULATIVE NO. OF FUNC. EVALS.:      142
 NPARAMETR:  1.0711E+00  4.2129E-01  1.8756E+00  2.1658E-01  1.4577E+01  1.4307E+00  7.9597E-02  1.8690E-01  1.3191E-01  6.1940E-01
             2.6720E-02  1.6592E-01  1.3654E-01  1.1294E-01  9.5566E-02
 PARAMETER:  1.1041E-01  5.5981E-01  3.5048E-01 -1.7455E-01  3.5465E-01  1.2168E-01  2.4886E-02 -4.8235E-01 -3.3043E-01  1.0763E+00
             2.4986E-01 -4.7827E-02 -5.9914E-02 -4.3912E-01 -5.5474E-01
 GRADIENT:   6.9911E+00  2.0423E-01  6.5172E+00  5.0299E-02  2.0468E+00  1.1075E+01 -2.0005E+00 -1.1011E+00 -8.1536E-01  1.5643E+00
            -8.0553E+00  1.5200E+00  4.6266E+00  5.8816E+00 -7.3261E-01

0ITERATION NO.:   10    OBJECTIVE VALUE:   398.339180102040        NO. OF FUNC. EVALS.:  14
 CUMULATIVE NO. OF FUNC. EVALS.:      156
 NPARAMETR:  1.0597E+00  4.2742E-01  1.8735E+00  2.2188E-01  1.4218E+01  1.4195E+00  7.8876E-02  1.7597E-01  1.4195E-01  5.4016E-01
             2.7825E-02  1.7465E-01  1.2239E-01  1.1274E-01  7.8207E-02
 PARAMETER:  9.9716E-02  5.7428E-01  3.4935E-01 -1.5033E-01  3.2971E-01  1.1384E-01  2.0337E-02 -5.1246E-01 -2.9377E-01  1.0078E+00
             2.7012E-01 -2.2195E-02 -1.1461E-01 -4.4001E-01 -6.5497E-01
 GRADIENT:   5.2192E+00  7.8634E-01  5.0782E+00  1.7866E-01  1.7434E+00  7.5749E+00 -1.8064E+00 -1.2712E+00  1.0651E-01  8.2577E-01
            -5.9923E+00  3.4038E+00  5.8381E-01  5.5831E+00 -7.2002E-01

0ITERATION NO.:   11    OBJECTIVE VALUE:   398.030379415311        NO. OF FUNC. EVALS.:  14
 CUMULATIVE NO. OF FUNC. EVALS.:      170
 NPARAMETR:  1.0389E+00  4.2641E-01  1.8342E+00  2.2821E-01  1.3565E+01  1.4111E+00  8.1895E-02  1.6967E-01  1.4611E-01  4.4557E-01
             2.9849E-02  1.5723E-01  1.3035E-01  1.1018E-01  6.0478E-02
 PARAMETER:  7.9884E-02  5.7189E-01  3.2819E-01 -1.2221E-01  2.8268E-01  1.0791E-01  3.9116E-02 -5.3071E-01 -2.7931E-01  9.1158E-01
             3.0523E-01 -7.4738E-02 -8.3106E-02 -4.5149E-01 -7.8351E-01
 GRADIENT:   2.0913E+00  7.6363E-02  1.8135E+00  6.2072E-01 -4.0602E-01  2.9053E+00 -6.1826E-01 -1.5133E+00  4.5303E-01 -4.1417E-01
            -1.8237E+00 -5.9523E-01  3.6175E+00  4.0847E+00 -5.9914E-01

0ITERATION NO.:   12    OBJECTIVE VALUE:   397.896602641145        NO. OF FUNC. EVALS.:  14
 CUMULATIVE NO. OF FUNC. EVALS.:      184
 NPARAMETR:  1.0416E+00  4.1045E-01  1.7729E+00  2.2339E-01  1.3943E+01  1.4229E+00  8.5422E-02  1.9841E-01  1.4027E-01  4.5220E-01
             3.0093E-02  1.5984E-01  1.2730E-01  1.0720E-01  5.9356E-02
 PARAMETER:  8.2478E-02  5.3375E-01  2.9416E-01 -1.4357E-01  3.1018E-01  1.1623E-01  6.0196E-02 -4.5246E-01 -2.9973E-01  9.1896E-01
             3.0930E-01 -6.6487E-02 -9.4943E-02 -4.6521E-01 -7.9287E-01
 GRADIENT:   1.8218E+00 -1.3008E+00 -1.6801E+00 -3.3078E-02  4.3573E-01  1.8813E-01 -1.7543E-01 -5.8834E-01  3.0617E-02 -2.8332E-01
            -8.0722E-01  2.5327E-01  2.5146E+00  3.0882E+00 -5.6346E-01

0ITERATION NO.:   13    OBJECTIVE VALUE:   397.772053353336        NO. OF FUNC. EVALS.:  14
 CUMULATIVE NO. OF FUNC. EVALS.:      198
 NPARAMETR:  1.0371E+00  4.1512E-01  1.8664E+00  2.2057E-01  1.3842E+01  1.3828E+00  8.8535E-02  2.4231E-01  1.4247E-01  4.8186E-01
             3.0040E-02  1.5634E-01  1.2511E-01  1.0480E-01  6.3927E-02
 PARAMETER:  7.8177E-02  5.4507E-01  3.4559E-01 -1.5626E-01  3.0291E-01  8.7637E-02  7.8093E-02 -3.5253E-01 -2.9193E-01  9.5073E-01
             3.0843E-01 -7.7580E-02 -1.0362E-01 -4.7653E-01 -7.5578E-01
 GRADIENT:   1.2169E+00 -2.7418E-01 -4.3188E-02 -2.3927E-01  2.3410E-01 -1.0140E+00  3.3022E-01  4.9592E-01  7.3452E-01  8.8689E-02
            -2.4277E-01 -3.2018E-01  1.8071E+00  2.0274E+00 -4.8219E-01

0ITERATION NO.:   14    OBJECTIVE VALUE:   397.719707038549        NO. OF FUNC. EVALS.:  14
 CUMULATIVE NO. OF FUNC. EVALS.:      212
 NPARAMETR:  1.0318E+00  4.1850E-01  1.8625E+00  2.2512E-01  1.3454E+01  1.3760E+00  8.3005E-02  2.4340E-01  1.3101E-01  4.9873E-01
             2.9604E-02  1.5774E-01  1.2290E-01  1.0294E-01  7.4508E-02
 PARAMETER:  7.3050E-02  5.5319E-01  3.4349E-01 -1.3584E-01  2.7449E-01  8.2696E-02  4.5845E-02 -3.5027E-01 -3.3387E-01  9.6794E-01
             3.0111E-01 -7.3100E-02 -1.1254E-01 -4.8547E-01 -6.7920E-01
 GRADIENT:   1.0671E+00 -1.5374E-02 -9.7950E-01  1.8023E-01 -6.3402E-01 -2.5699E+00 -3.8267E-01  4.5528E-01 -3.1313E-01  2.7429E-01
            -9.1618E-01  2.7972E-02  1.2993E+00  9.2357E-01 -4.8294E-01

0ITERATION NO.:   15    OBJECTIVE VALUE:   397.668682078084        NO. OF FUNC. EVALS.:  14
 CUMULATIVE NO. OF FUNC. EVALS.:      226
 NPARAMETR:  1.0346E+00  4.2197E-01  1.8658E+00  2.2266E-01  1.3758E+01  1.3723E+00  8.6847E-02  2.2102E-01  1.2941E-01  4.9393E-01
             2.9158E-02  1.5654E-01  1.2107E-01  9.9731E-02  9.1242E-02
 PARAMETER:  7.5723E-02  5.6144E-01  3.4525E-01 -1.4682E-01  2.9683E-01  8.0004E-02  6.8472E-02 -3.9851E-01 -3.4001E-01  9.6309E-01
             2.9352E-01 -7.6929E-02 -1.2002E-01 -5.0133E-01 -5.7789E-01
 GRADIENT:   1.0262E+00  2.1628E-01 -9.3857E-01 -5.6031E-03  9.7738E-02 -3.1281E+00  1.0866E-01 -8.3518E-02 -4.6443E-01  1.7029E-01
            -1.0312E+00 -1.6619E-01  5.3773E-01 -4.4701E-01 -2.8960E-01

0ITERATION NO.:   16    OBJECTIVE VALUE:   397.661368758917        NO. OF FUNC. EVALS.:  14
 CUMULATIVE NO. OF FUNC. EVALS.:      240
 NPARAMETR:  1.0316E+00  4.2836E-01  1.8462E+00  2.1758E-01  1.3714E+01  1.3832E+00  8.4538E-02  2.2115E-01  1.3124E-01  4.8417E-01
             2.9108E-02  1.5625E-01  1.2078E-01  9.9638E-02  9.4310E-02
 PARAMETER:  7.2802E-02  5.7647E-01  3.3468E-01 -1.6992E-01  2.9364E-01  8.7950E-02  5.4994E-02 -3.9821E-01 -3.3299E-01  9.5311E-01
             2.9266E-01 -7.7857E-02 -1.2123E-01 -5.0179E-01 -5.6135E-01
 GRADIENT:   5.6938E-01  7.4686E-01 -9.1297E-01 -4.7580E-01  1.6619E-01 -2.2037E+00 -2.2415E-01  2.0198E-02 -3.5442E-01 -2.2725E-02
            -9.1687E-01 -1.9944E-01  3.6590E-01 -4.9547E-01 -2.4802E-01

0ITERATION NO.:   17    OBJECTIVE VALUE:   397.638836546950        NO. OF FUNC. EVALS.:  15
 CUMULATIVE NO. OF FUNC. EVALS.:      255
 NPARAMETR:  1.0287E+00  4.2179E-01  1.8553E+00  2.1828E-01  1.3658E+01  1.3862E+00  8.4193E-02  2.1993E-01  1.3169E-01  4.8000E-01
             2.9167E-02  1.5707E-01  1.1956E-01  9.9607E-02  9.6555E-02
 PARAMETER:  7.0074E-02  5.6102E-01  3.3962E-01 -1.6670E-01  2.8955E-01  9.0081E-02  5.2950E-02 -4.0098E-01 -3.3126E-01  9.4879E-01
             2.9367E-01 -7.5246E-02 -1.2631E-01 -5.0195E-01 -5.4959E-01
 GRADIENT:   1.5975E-01  2.1523E-01 -4.5751E-02 -4.1998E-01  5.5017E-02 -7.9100E-01 -2.2486E-01 -5.5931E-02 -2.8728E-01 -5.5408E-02
            -5.8994E-01 -8.1745E-02 -3.5719E-02 -5.2315E-01 -1.8654E-01

0ITERATION NO.:   18    OBJECTIVE VALUE:   397.628414949045        NO. OF FUNC. EVALS.:  14
 CUMULATIVE NO. OF FUNC. EVALS.:      269
 NPARAMETR:  1.0294E+00  4.2425E-01  1.8364E+00  2.2408E-01  1.3672E+01  1.3980E+00  8.5872E-02  2.2155E-01  1.3397E-01  4.8295E-01
             2.9140E-02  1.5772E-01  1.1886E-01  9.9465E-02  9.8843E-02
 PARAMETER:  7.0690E-02  5.6683E-01  3.2936E-01 -1.4047E-01  2.9053E-01  9.8589E-02  6.2827E-02 -3.9730E-01 -3.2269E-01  9.5185E-01
             2.9321E-01 -7.3170E-02 -1.2923E-01 -5.0266E-01 -5.3788E-01
 GRADIENT:   5.3133E-02  4.1195E-01  1.4744E-01  7.1026E-02  8.9837E-02  3.6191E-01  2.7309E-02  2.2137E-02 -1.3300E-01  5.2457E-02
            -4.0467E-01  1.0629E-01 -2.1007E-01 -5.8521E-01 -1.3630E-01

0ITERATION NO.:   19    OBJECTIVE VALUE:   397.622757986899        NO. OF FUNC. EVALS.:  14
 CUMULATIVE NO. OF FUNC. EVALS.:      283
 NPARAMETR:  1.0289E+00  4.2064E-01  1.8403E+00  2.2345E-01  1.3636E+01  1.3960E+00  8.5624E-02  2.2105E-01  1.3408E-01  4.7986E-01
             2.9086E-02  1.5763E-01  1.1909E-01  1.0029E-01  1.0432E-01
 PARAMETER:  7.0261E-02  5.5828E-01  3.3148E-01 -1.4328E-01  2.8792E-01  9.7165E-02  6.1377E-02 -3.9844E-01 -3.2230E-01  9.4865E-01
             2.9229E-01 -7.3449E-02 -1.2827E-01 -4.9852E-01 -5.1093E-01
 GRADIENT:   4.0822E-02  8.8220E-02  1.4343E-01  1.4170E-02  3.7277E-02  2.0589E-01  1.9536E-02 -1.4481E-02 -8.9429E-02  1.8008E-02
            -1.8509E-01  4.2058E-02 -1.3054E-01 -1.4929E-01 -3.3431E-02

0ITERATION NO.:   20    OBJECTIVE VALUE:   397.622608478270        NO. OF FUNC. EVALS.:  14
 CUMULATIVE NO. OF FUNC. EVALS.:      297
 NPARAMETR:  1.0287E+00  4.2012E-01  1.8396E+00  2.2338E-01  1.3626E+01  1.3959E+00  8.5511E-02  2.2120E-01  1.3449E-01  4.7887E-01
             2.9106E-02  1.5757E-01  1.1926E-01  1.0045E-01  1.0469E-01
 PARAMETER:  7.0049E-02  5.5704E-01  3.3112E-01 -1.4360E-01  2.8717E-01  9.7098E-02  6.0717E-02 -3.9809E-01 -3.2076E-01  9.4761E-01
             2.9263E-01 -7.3665E-02 -1.2755E-01 -4.9774E-01 -5.0915E-01
 GRADIENT:   1.8703E-02  3.5173E-02  8.1310E-02  5.2610E-03  1.7992E-02  1.1799E-01  1.0923E-02 -9.0245E-03 -4.9908E-02  7.7831E-03
            -9.8345E-02  1.9663E-02 -6.5976E-02 -7.1466E-02 -2.0235E-02

0ITERATION NO.:   21    OBJECTIVE VALUE:   397.622608478270        NO. OF FUNC. EVALS.:  26
 CUMULATIVE NO. OF FUNC. EVALS.:      323
 NPARAMETR:  1.0287E+00  4.2012E-01  1.8396E+00  2.2338E-01  1.3626E+01  1.3959E+00  8.5511E-02  2.2120E-01  1.3449E-01  4.7887E-01
             2.9106E-02  1.5757E-01  1.1926E-01  1.0045E-01  1.0469E-01
 PARAMETER:  7.0049E-02  5.5704E-01  3.3112E-01 -1.4360E-01  2.8717E-01  9.7098E-02  6.0717E-02 -3.9809E-01 -3.2076E-01  9.4761E-01
             2.9263E-01 -7.3665E-02 -1.2755E-01 -4.9774E-01 -5.0915E-01
 GRADIENT:  -8.2461E-02 -8.2998E-02 -4.8942E-01 -3.9916E-02  2.9838E-03 -5.5242E-01  1.0923E-02 -9.0245E-03 -4.9908E-02  7.7831E-03
            -1.3252E-01  1.4064E-02 -7.3383E-02 -1.0038E-01 -2.2249E-02

0ITERATION NO.:   22    OBJECTIVE VALUE:   397.621416114761        NO. OF FUNC. EVALS.:  27
 CUMULATIVE NO. OF FUNC. EVALS.:      350
 NPARAMETR:  1.0291E+00  4.2062E-01  1.8458E+00  2.2365E-01  1.3623E+01  1.3956E+00  8.5468E-02  2.2161E-01  1.3477E-01  4.7853E-01
             2.9137E-02  1.5753E-01  1.1944E-01  1.0061E-01  1.0510E-01
 PARAMETER:  7.0427E-02  5.5823E-01  3.3447E-01 -1.4242E-01  2.8695E-01  9.6817E-02  6.0465E-02 -3.9717E-01 -3.1970E-01  9.4726E-01
             2.9317E-01 -7.3774E-02 -1.2681E-01 -4.9693E-01 -5.0721E-01
 GRADIENT:  -1.4252E-02 -1.0558E-02 -1.0897E-01 -4.2208E-03  4.8279E-03 -1.1871E-01 -2.2917E-03 -1.7270E-03 -1.3371E-02  3.5266E-03
            -1.4417E-02  3.9051E-03 -9.3986E-03 -1.9887E-02 -3.8994E-04

0ITERATION NO.:   23    OBJECTIVE VALUE:   397.621357241100        NO. OF FUNC. EVALS.:  25
 CUMULATIVE NO. OF FUNC. EVALS.:      375
 NPARAMETR:  1.0292E+00  4.2065E-01  1.8478E+00  2.2367E-01  1.3621E+01  1.3954E+00  8.5492E-02  2.2175E-01  1.3491E-01  4.7826E-01
             2.9147E-02  1.5752E-01  1.1947E-01  1.0066E-01  1.0485E-01
 PARAMETER:  7.0499E-02  5.5831E-01  3.3554E-01 -1.4232E-01  2.8683E-01  9.6685E-02  6.0606E-02 -3.9685E-01 -3.1921E-01  9.4698E-01
             2.9334E-01 -7.3797E-02 -1.2669E-01 -4.9670E-01 -5.0838E-01
 GRADIENT:   2.0330E-03  4.1893E-05 -6.3684E-05  1.0384E-04 -1.7254E-03  1.8336E-03  8.7295E-04  6.9319E-06  7.0144E-04 -3.0715E-04
            -1.6281E-03 -2.7748E-04  1.0111E-03  7.2622E-04 -1.6511E-03

0ITERATION NO.:   24    OBJECTIVE VALUE:   397.621356820112        NO. OF FUNC. EVALS.:  25
 CUMULATIVE NO. OF FUNC. EVALS.:      400
 NPARAMETR:  1.0292E+00  4.2065E-01  1.8478E+00  2.2367E-01  1.3621E+01  1.3953E+00  8.5486E-02  2.2176E-01  1.3489E-01  4.7830E-01
             2.9145E-02  1.5752E-01  1.1947E-01  1.0065E-01  1.0497E-01
 PARAMETER:  7.0488E-02  5.5831E-01  3.3556E-01 -1.4234E-01  2.8685E-01  9.6666E-02  6.0573E-02 -3.9683E-01 -3.1926E-01  9.4702E-01
             2.9330E-01 -7.3797E-02 -1.2670E-01 -4.9672E-01 -5.0779E-01
 GRADIENT:  -2.7298E-04  4.0427E-04  6.4180E-04  2.4433E-05  3.3646E-04  4.6161E-04 -1.3861E-04  6.7300E-05 -5.4971E-06  7.5473E-05
             3.8881E-04  6.9896E-05  4.9869E-05 -2.0613E-04  5.0895E-04

0ITERATION NO.:   25    OBJECTIVE VALUE:   397.621356820112        NO. OF FUNC. EVALS.:  22
 CUMULATIVE NO. OF FUNC. EVALS.:      422
 NPARAMETR:  1.0292E+00  4.2065E-01  1.8478E+00  2.2367E-01  1.3621E+01  1.3953E+00  8.5486E-02  2.2176E-01  1.3489E-01  4.7830E-01
             2.9145E-02  1.5752E-01  1.1947E-01  1.0065E-01  1.0497E-01
 PARAMETER:  7.0488E-02  5.5831E-01  3.3556E-01 -1.4234E-01  2.8685E-01  9.6666E-02  6.0573E-02 -3.9683E-01 -3.1926E-01  9.4702E-01
             2.9330E-01 -7.3797E-02 -1.2670E-01 -4.9672E-01 -5.0779E-01
 GRADIENT:  -2.7298E-04  4.0427E-04  6.4180E-04  2.4433E-05  3.3646E-04  4.6161E-04 -1.3861E-04  6.7300E-05 -5.4971E-06  7.5473E-05
             3.8881E-04  6.9896E-05  4.9869E-05 -2.0613E-04  5.0895E-04

 #TERM:
0MINIMIZATION SUCCESSFUL
 NO. OF FUNCTION EVALUATIONS USED:      422
 NO. OF SIG. DIGITS IN FINAL EST.:  3.6

 ETABAR IS THE ARITHMETIC MEAN OF THE ETA-ESTIMATES,
 AND THE P-VALUE IS GIVEN FOR THE NULL HYPOTHESIS THAT THE TRUE MEAN IS 0.

 ETABAR:        -6.5813E-03 -8.0053E-03  7.9035E-03 -1.0374E-02
 SE:             8.4529E-02  9.8748E-02  1.0594E-01  1.5258E-01
 N:                      10          10          10          10

 P VAL.:         9.3794E-01  9.3539E-01  9.4053E-01  9.4579E-01

 ETAshrink(%):   3.6313E+00  3.0102E+01  3.8528E+00  2.6460E+01
 EBVshrink(%):   9.5480E+00  3.3493E+01  9.0101E+00  3.0593E+01
 EPSshrink(%):   1.0274E+01  6.5826E+00  5.9235E+00  2.9304E+00  1.0274E+01

 #TERE:
 Elapsed estimation time in seconds:     8.60
0S MATRIX ALGORITHMICALLY SINGULAR
0S MATRIX IS OUTPUT
0INVERSE COVARIANCE MATRIX SET TO RS*RMAT, WHERE S* IS A PSEUDO INVERSE OF S
 Elapsed covariance time in seconds:    22.27
1
 
 
 
 
 
 
 
 
 
 
 
 
 
 
 
 
 
 
 
 
 ************************************************************************************************************************
 ********************                                                                                ********************
 ********************               FIRST ORDER CONDITIONAL ESTIMATION WITH INTERACTION              ********************
 #OBJT:**************                       MINIMUM VALUE OF OBJECTIVE FUNCTION                      ********************
 ********************                                                                                ********************
 ************************************************************************************************************************
 





 #OBJV:********************************************      397.621       **************************************************
1
 ************************************************************************************************************************
 ********************                                                                                ********************
 ********************               FIRST ORDER CONDITIONAL ESTIMATION WITH INTERACTION              ********************
 ********************                             FINAL PARAMETER ESTIMATE                           ********************
 ********************                                                                                ********************
 ************************************************************************************************************************
 


 THETA - VECTOR OF FIXED EFFECTS PARAMETERS   *********


         TH 1      TH 2      TH 3      TH 4      TH 5      TH 6     
 
         1.03E+00  4.21E-01  1.85E+00  2.24E-01  1.36E+01  1.40E+00
 


 OMEGA - COV MATRIX FOR RANDOM EFFECTS - ETAS  ********


            ETA1      ETA2      ETA3      ETA4   
 
 ETA1
+        8.55E-02
 
 ETA2
+        0.00E+00  2.22E-01
 
 ETA3
+        0.00E+00  0.00E+00  1.35E-01
 
 ETA4
+        0.00E+00  0.00E+00  0.00E+00  4.78E-01
 


 SIGMA - COV MATRIX FOR RANDOM EFFECTS - EPSILONS  ****


            EPS1      EPS2      EPS3      EPS4      EPS5   
 
 EPS1
+        2.91E-02
 
 EPS2
+        0.00E+00  1.58E-01
 
 EPS3
+        0.00E+00  0.00E+00  1.19E-01
 
 EPS4
+        0.00E+00  0.00E+00  0.00E+00  1.01E-01
 
 EPS5
+        0.00E+00  0.00E+00  0.00E+00  0.00E+00  1.05E-01
 
1


 OMEGA - CORR MATRIX FOR RANDOM EFFECTS - ETAS  *******


            ETA1      ETA2      ETA3      ETA4   
 
 ETA1
+        2.92E-01
 
 ETA2
+        0.00E+00  4.71E-01
 
 ETA3
+        0.00E+00  0.00E+00  3.67E-01
 
 ETA4
+        0.00E+00  0.00E+00  0.00E+00  6.92E-01
 


 SIGMA - CORR MATRIX FOR RANDOM EFFECTS - EPSILONS  ***


            EPS1      EPS2      EPS3      EPS4      EPS5   
 
 EPS1
+        1.71E-01
 
 EPS2
+        0.00E+00  3.97E-01
 
 EPS3
+        0.00E+00  0.00E+00  3.46E-01
 
 EPS4
+        0.00E+00  0.00E+00  0.00E+00  3.17E-01
 
 EPS5
+        0.00E+00  0.00E+00  0.00E+00  0.00E+00  3.24E-01
 
1
 ************************************************************************************************************************
 ********************                                                                                ********************
 ********************               FIRST ORDER CONDITIONAL ESTIMATION WITH INTERACTION              ********************
 ********************                            STANDARD ERROR OF ESTIMATE                          ********************
 ********************                                                                                ********************
 ************************************************************************************************************************
 


 THETA - VECTOR OF FIXED EFFECTS PARAMETERS   *********


         TH 1      TH 2      TH 3      TH 4      TH 5      TH 6     
 
         1.03E-01  8.89E-02  5.65E-01  6.80E-02  4.74E+00  2.46E-01
 


 OMEGA - COV MATRIX FOR RANDOM EFFECTS - ETAS  ********


            ETA1      ETA2      ETA3      ETA4   
 
 ETA1
+        3.87E-02
 
 ETA2
+       .........  1.30E-01
 
 ETA3
+       ......... .........  9.05E-02
 
 ETA4
+       ......... ......... .........  3.10E-01
 


 SIGMA - COV MATRIX FOR RANDOM EFFECTS - EPSILONS  ****


            EPS1      EPS2      EPS3      EPS4      EPS5   
 
 EPS1
+        1.70E-02
 
 EPS2
+       .........  2.11E-02
 
 EPS3
+       ......... .........  1.94E-02
 
 EPS4
+       ......... ......... .........  9.09E-03
 
 EPS5
+       ......... ......... ......... .........  1.86E-01
 
1


 OMEGA - CORR MATRIX FOR RANDOM EFFECTS - ETAS  *******


            ETA1      ETA2      ETA3      ETA4   
 
 ETA1
+        6.62E-02
 
 ETA2
+       .........  1.38E-01
 
 ETA3
+       ......... .........  1.23E-01
 
 ETA4
+       ......... ......... .........  2.24E-01
 


 SIGMA - CORR MATRIX FOR RANDOM EFFECTS - EPSILONS  ***


            EPS1      EPS2      EPS3      EPS4      EPS5   
 
 EPS1
+        4.97E-02
 
 EPS2
+       .........  2.66E-02
 
 EPS3
+       ......... .........  2.81E-02
 
 EPS4
+       ......... ......... .........  1.43E-02
 
 EPS5
+       ......... ......... ......... .........  2.88E-01
 
1
 ************************************************************************************************************************
 ********************                                                                                ********************
 ********************               FIRST ORDER CONDITIONAL ESTIMATION WITH INTERACTION              ********************
 ********************                          COVARIANCE MATRIX OF ESTIMATE                         ********************
 ********************                                                                                ********************
 ************************************************************************************************************************
 

            TH 1      TH 2      TH 3      TH 4      TH 5      TH 6      OM11      OM12      OM13      OM14      OM22      OM23  
             OM24      OM33      OM34      OM44      SG11      SG12      SG13      SG14      SG15      SG22      SG23      SG24  
            SG25      SG33      SG34      SG35      SG44      SG45      SG55  
 
 TH 1
+        1.07E-02
 
 TH 2
+        3.89E-03  7.90E-03
 
 TH 3
+        2.94E-02  1.73E-03  3.19E-01
 
 TH 4
+        2.11E-03  2.82E-03 -4.76E-03  4.62E-03
 
 TH 5
+        1.11E-01  9.81E-02 -5.59E-01  1.48E-01  2.25E+01
 
 TH 6
+       -1.62E-02 -1.24E-03 -1.29E-01  1.83E-03  1.33E-01  6.06E-02
 
 OM11
+       -7.50E-04  9.30E-04 -1.85E-02  5.74E-04  8.36E-02  7.87E-03  1.50E-03
 
 OM12
+       ......... ......... ......... ......... ......... ......... ......... .........
 
 OM13
+       ......... ......... ......... ......... ......... ......... ......... ......... .........
 
 OM14
+       ......... ......... ......... ......... ......... ......... ......... ......... ......... .........
 
 OM22
+        1.15E-03  6.55E-03  1.39E-03  1.41E-03 -2.91E-01  2.13E-03  1.61E-05 ......... ......... .........  1.69E-02
 
 OM23
+       ......... ......... ......... ......... ......... ......... ......... ......... ......... ......... ......... .........
 
 OM24
+       ......... ......... ......... ......... ......... ......... ......... ......... ......... ......... ......... .........
         .........
 
 OM33
+       -6.37E-03  2.06E-05 -2.44E-02 -5.27E-04 -2.16E-02  1.34E-02  1.10E-03 ......... ......... ......... -4.17E-04 .........
         .........  8.19E-03
 
 OM34
+       ......... ......... ......... ......... ......... ......... ......... ......... ......... ......... ......... .........
         ......... ......... .........
 
 OM44
+       -5.18E-03 -8.06E-04  2.89E-02 -1.24E-02 -4.84E-02 -4.55E-03 -6.02E-04 ......... ......... .........  8.86E-03 .........
         ......... -2.59E-04 .........  9.60E-02
 
 SG11
+        5.08E-04 -7.23E-04  2.41E-03  1.03E-04 -3.09E-02 -1.03E-03 -2.23E-04 ......... ......... ......... -1.72E-04 .........
         ......... -7.84E-04 ......... -2.18E-03  2.89E-04
 
 SG12
+       ......... ......... ......... ......... ......... ......... ......... ......... ......... ......... ......... .........
         ......... ......... ......... ......... ......... .........
 
 SG13
+       ......... ......... ......... ......... ......... ......... ......... ......... ......... ......... ......... .........
         ......... ......... ......... ......... ......... ......... .........
 
1

            TH 1      TH 2      TH 3      TH 4      TH 5      TH 6      OM11      OM12      OM13      OM14      OM22      OM23  
             OM24      OM33      OM34      OM44      SG11      SG12      SG13      SG14      SG15      SG22      SG23      SG24  
            SG25      SG33      SG34      SG35      SG44      SG45      SG55  
 
 SG14
+       ......... ......... ......... ......... ......... ......... ......... ......... ......... ......... ......... .........
         ......... ......... ......... ......... ......... ......... ......... .........
 
 SG15
+       ......... ......... ......... ......... ......... ......... ......... ......... ......... ......... ......... .........
         ......... ......... ......... ......... ......... ......... ......... ......... .........
 
 SG22
+       -3.95E-04 -4.99E-04 -2.59E-04  3.92E-04 -2.57E-02  8.94E-04 -1.20E-04 ......... ......... .........  1.17E-03 .........
         ......... -2.51E-04 .........  7.93E-04  1.59E-04 ......... ......... ......... .........  4.45E-04
 
 SG23
+       ......... ......... ......... ......... ......... ......... ......... ......... ......... ......... ......... .........
         ......... ......... ......... ......... ......... ......... ......... ......... ......... ......... .........
 
 SG24
+       ......... ......... ......... ......... ......... ......... ......... ......... ......... ......... ......... .........
         ......... ......... ......... ......... ......... ......... ......... ......... ......... ......... ......... .........
 
 SG25
+       ......... ......... ......... ......... ......... ......... ......... ......... ......... ......... ......... .........
         ......... ......... ......... ......... ......... ......... ......... ......... ......... ......... ......... .........
        .........
 
 SG33
+        4.02E-04  1.37E-03 -1.14E-03  5.15E-04  9.81E-03  7.26E-04  2.26E-04 ......... ......... .........  2.06E-03 .........
         ......... -9.39E-06 .........  1.94E-03 -1.31E-04 ......... ......... ......... .........  1.12E-04 ......... .........
        .........  3.78E-04
 
 SG34
+       ......... ......... ......... ......... ......... ......... ......... ......... ......... ......... ......... .........
         ......... ......... ......... ......... ......... ......... ......... ......... ......... ......... ......... .........
        ......... ......... .........
 
 SG35
+       ......... ......... ......... ......... ......... ......... ......... ......... ......... ......... ......... .........
         ......... ......... ......... ......... ......... ......... ......... ......... ......... ......... ......... .........
        ......... ......... ......... .........
 
 SG44
+       -1.88E-04 -5.52E-04  5.51E-04  2.15E-05 -1.92E-02 -1.28E-05 -1.40E-04 ......... ......... .........  3.27E-05 .........
         ......... -1.63E-04 ......... -4.13E-04  1.18E-04 ......... ......... ......... .........  1.55E-04 ......... .........
        ......... -5.55E-05 ......... .........  8.27E-05
 
 SG45
+       ......... ......... ......... ......... ......... ......... ......... ......... ......... ......... ......... .........
         ......... ......... ......... ......... ......... ......... ......... ......... ......... ......... ......... .........
        ......... ......... ......... ......... ......... .........
 
 SG55
+       -1.09E-02  4.66E-03 -1.48E-02  2.14E-03  7.18E-02  1.47E-02  4.84E-04 ......... ......... .........  5.66E-03 .........
         .........  1.26E-02 .........  1.23E-02 -2.12E-03 ......... ......... ......... .........  4.27E-04 ......... .........
        .........  1.34E-03 ......... ......... -3.47E-04 .........  3.48E-02
 
1
 ************************************************************************************************************************
 ********************                                                                                ********************
 ********************               FIRST ORDER CONDITIONAL ESTIMATION WITH INTERACTION              ********************
 ********************                          CORRELATION MATRIX OF ESTIMATE                        ********************
 ********************                                                                                ********************
 ************************************************************************************************************************
 

            TH 1      TH 2      TH 3      TH 4      TH 5      TH 6      OM11      OM12      OM13      OM14      OM22      OM23  
             OM24      OM33      OM34      OM44      SG11      SG12      SG13      SG14      SG15      SG22      SG23      SG24  
            SG25      SG33      SG34      SG35      SG44      SG45      SG55  
 
 TH 1
+        1.03E-01
 
 TH 2
+        4.24E-01  8.89E-02
 
 TH 3
+        5.04E-01  3.45E-02  5.65E-01
 
 TH 4
+        3.01E-01  4.67E-01 -1.24E-01  6.80E-02
 
 TH 5
+        2.27E-01  2.33E-01 -2.09E-01  4.58E-01  4.74E+00
 
 TH 6
+       -6.39E-01 -5.67E-02 -9.30E-01  1.09E-01  1.14E-01  2.46E-01
 
 OM11
+       -1.88E-01  2.70E-01 -8.47E-01  2.18E-01  4.56E-01  8.26E-01  3.87E-02
 
 OM12
+       ......... ......... ......... ......... ......... ......... ......... .........
 
 OM13
+       ......... ......... ......... ......... ......... ......... ......... ......... .........
 
 OM14
+       ......... ......... ......... ......... ......... ......... ......... ......... ......... .........
 
 OM22
+        8.53E-02  5.66E-01  1.89E-02  1.59E-01 -4.72E-01  6.65E-02  3.19E-03 ......... ......... .........  1.30E-01
 
 OM23
+       ......... ......... ......... ......... ......... ......... ......... ......... ......... ......... ......... .........
 
 OM24
+       ......... ......... ......... ......... ......... ......... ......... ......... ......... ......... ......... .........
         .........
 
 OM33
+       -6.82E-01  2.56E-03 -4.77E-01 -8.57E-02 -5.04E-02  6.00E-01  3.15E-01 ......... ......... ......... -3.54E-02 .........
         .........  9.05E-02
 
 OM34
+       ......... ......... ......... ......... ......... ......... ......... ......... ......... ......... ......... .........
         ......... ......... .........
 
 OM44
+       -1.62E-01 -2.93E-02  1.65E-01 -5.87E-01 -3.30E-02 -5.97E-02 -5.02E-02 ......... ......... .........  2.20E-01 .........
         ......... -9.23E-03 .........  3.10E-01
 
 SG11
+        2.90E-01 -4.79E-01  2.51E-01  8.95E-02 -3.84E-01 -2.46E-01 -3.39E-01 ......... ......... ......... -7.76E-02 .........
         ......... -5.10E-01 ......... -4.14E-01  1.70E-02
 
 SG12
+       ......... ......... ......... ......... ......... ......... ......... ......... ......... ......... ......... .........
         ......... ......... ......... ......... ......... .........
 
 SG13
+       ......... ......... ......... ......... ......... ......... ......... ......... ......... ......... ......... .........
         ......... ......... ......... ......... ......... ......... .........
 
1

            TH 1      TH 2      TH 3      TH 4      TH 5      TH 6      OM11      OM12      OM13      OM14      OM22      OM23  
             OM24      OM33      OM34      OM44      SG11      SG12      SG13      SG14      SG15      SG22      SG23      SG24  
            SG25      SG33      SG34      SG35      SG44      SG45      SG55  
 
 SG14
+       ......... ......... ......... ......... ......... ......... ......... ......... ......... ......... ......... .........
         ......... ......... ......... ......... ......... ......... ......... .........
 
 SG15
+       ......... ......... ......... ......... ......... ......... ......... ......... ......... ......... ......... .........
         ......... ......... ......... ......... ......... ......... ......... ......... .........
 
 SG22
+       -1.81E-01 -2.66E-01 -2.17E-02  2.73E-01 -2.57E-01  1.72E-01 -1.46E-01 ......... ......... .........  4.25E-01 .........
         ......... -1.31E-01 .........  1.21E-01  4.42E-01 ......... ......... ......... .........  2.11E-02
 
 SG23
+       ......... ......... ......... ......... ......... ......... ......... ......... ......... ......... ......... .........
         ......... ......... ......... ......... ......... ......... ......... ......... ......... ......... .........
 
 SG24
+       ......... ......... ......... ......... ......... ......... ......... ......... ......... ......... ......... .........
         ......... ......... ......... ......... ......... ......... ......... ......... ......... ......... ......... .........
 
 SG25
+       ......... ......... ......... ......... ......... ......... ......... ......... ......... ......... ......... .........
         ......... ......... ......... ......... ......... ......... ......... ......... ......... ......... ......... .........
        .........
 
 SG33
+        2.00E-01  7.91E-01 -1.04E-01  3.90E-01  1.06E-01  1.52E-01  3.00E-01 ......... ......... .........  8.14E-01 .........
         ......... -5.34E-03 .........  3.22E-01 -3.96E-01 ......... ......... ......... .........  2.74E-01 ......... .........
        .........  1.94E-02
 
 SG34
+       ......... ......... ......... ......... ......... ......... ......... ......... ......... ......... ......... .........
         ......... ......... ......... ......... ......... ......... ......... ......... ......... ......... ......... .........
        ......... ......... .........
 
 SG35
+       ......... ......... ......... ......... ......... ......... ......... ......... ......... ......... ......... .........
         ......... ......... ......... ......... ......... ......... ......... ......... ......... ......... ......... .........
        ......... ......... ......... .........
 
 SG44
+       -2.01E-01 -6.83E-01  1.07E-01  3.48E-02 -4.46E-01 -5.70E-03 -3.97E-01 ......... ......... .........  2.77E-02 .........
         ......... -1.98E-01 ......... -1.46E-01  7.62E-01 ......... ......... ......... .........  8.07E-01 ......... .........
        ......... -3.14E-01 ......... .........  9.09E-03
 
 SG45
+       ......... ......... ......... ......... ......... ......... ......... ......... ......... ......... ......... .........
         ......... ......... ......... ......... ......... ......... ......... ......... ......... ......... ......... .........
        ......... ......... ......... ......... ......... .........
 
 SG55
+       -5.68E-01  2.81E-01 -1.41E-01  1.69E-01  8.12E-02  3.20E-01  6.71E-02 ......... ......... .........  2.33E-01 .........
         .........  7.49E-01 .........  2.12E-01 -6.70E-01 ......... ......... ......... .........  1.09E-01 ......... .........
        .........  3.70E-01 ......... ......... -2.04E-01 .........  1.86E-01
 
1
 ************************************************************************************************************************
 ********************                                                                                ********************
 ********************               FIRST ORDER CONDITIONAL ESTIMATION WITH INTERACTION              ********************
 ********************                      INVERSE COVARIANCE MATRIX OF ESTIMATE                     ********************
 ********************                                                                                ********************
 ************************************************************************************************************************
 

            TH 1      TH 2      TH 3      TH 4      TH 5      TH 6      OM11      OM12      OM13      OM14      OM22      OM23  
             OM24      OM33      OM34      OM44      SG11      SG12      SG13      SG14      SG15      SG22      SG23      SG24  
            SG25      SG33      SG34      SG35      SG44      SG45      SG55  
 
 TH 1
+        3.74E-02
 
 TH 2
+       -2.95E-03  2.33E-04
 
 TH 3
+        3.03E-03 -2.39E-04  2.45E-04
 
 TH 4
+        3.48E-03 -2.75E-04  2.82E-04  3.24E-04
 
 TH 5
+       -1.92E-03  1.51E-04 -1.55E-04 -1.79E-04  9.84E-05
 
 TH 6
+       -5.33E-03  4.21E-04 -4.32E-04 -4.97E-04  2.73E-04  7.60E-04
 
 OM11
+       -2.25E-02  1.78E-03 -1.83E-03 -2.10E-03  1.16E-03  3.21E-03  1.36E-02
 
 OM12
+       ......... ......... ......... ......... ......... ......... ......... .........
 
 OM13
+       ......... ......... ......... ......... ......... ......... ......... ......... .........
 
 OM14
+       ......... ......... ......... ......... ......... ......... ......... ......... ......... .........
 
 OM22
+       -3.48E-02  2.75E-03 -2.82E-03 -3.24E-03  1.78E-03  4.96E-03  2.10E-02 ......... ......... .........  3.23E-02
 
 OM23
+       ......... ......... ......... ......... ......... ......... ......... ......... ......... ......... ......... .........
 
 OM24
+       ......... ......... ......... ......... ......... ......... ......... ......... ......... ......... ......... .........
         .........
 
 OM33
+       -7.16E-02  5.66E-03 -5.80E-03 -6.67E-03  3.68E-03  1.02E-02  4.32E-02 ......... ......... .........  6.66E-02 .........
         .........  1.37E-01
 
 OM34
+       ......... ......... ......... ......... ......... ......... ......... ......... ......... ......... ......... .........
         ......... ......... .........
 
 OM44
+       -1.27E-02  1.00E-03 -1.03E-03 -1.18E-03  6.51E-04  1.81E-03  7.65E-03 ......... ......... .........  1.18E-02 .........
         .........  2.43E-02 .........  4.31E-03
 
 SG11
+       -1.40E+01  1.11E+00 -1.13E+00 -1.30E+00  7.19E-01  2.00E+00  8.45E+00 ......... ......... .........  1.30E+01 .........
         .........  2.68E+01 .........  4.75E+00  5.25E+03
 
 SG12
+       ......... ......... ......... ......... ......... ......... ......... ......... ......... ......... ......... .........
         ......... ......... ......... ......... ......... .........
 
 SG13
+       ......... ......... ......... ......... ......... ......... ......... ......... ......... ......... ......... .........
         ......... ......... ......... ......... ......... ......... .........
 
1

            TH 1      TH 2      TH 3      TH 4      TH 5      TH 6      OM11      OM12      OM13      OM14      OM22      OM23  
             OM24      OM33      OM34      OM44      SG11      SG12      SG13      SG14      SG15      SG22      SG23      SG24  
            SG25      SG33      SG34      SG35      SG44      SG45      SG55  
 
 SG14
+       ......... ......... ......... ......... ......... ......... ......... ......... ......... ......... ......... .........
         ......... ......... ......... ......... ......... ......... ......... .........
 
 SG15
+       ......... ......... ......... ......... ......... ......... ......... ......... ......... ......... ......... .........
         ......... ......... ......... ......... ......... ......... ......... ......... .........
 
 SG22
+       -5.32E-02  4.20E-03 -4.31E-03 -4.95E-03  2.73E-03  7.58E-03  3.21E-02 ......... ......... .........  4.95E-02 .........
         .........  1.02E-01 .........  1.81E-02  1.99E+01 ......... ......... ......... .........  7.56E-02
 
 SG23
+       ......... ......... ......... ......... ......... ......... ......... ......... ......... ......... ......... .........
         ......... ......... ......... ......... ......... ......... ......... ......... ......... ......... .........
 
 SG24
+       ......... ......... ......... ......... ......... ......... ......... ......... ......... ......... ......... .........
         ......... ......... ......... ......... ......... ......... ......... ......... ......... ......... ......... .........
 
 SG25
+       ......... ......... ......... ......... ......... ......... ......... ......... ......... ......... ......... .........
         ......... ......... ......... ......... ......... ......... ......... ......... ......... ......... ......... .........
        .........
 
 SG33
+        8.49E-03 -6.70E-04  6.87E-04  7.91E-04 -4.35E-04 -1.21E-03 -5.12E-03 ......... ......... ......... -7.89E-03 .........
         ......... -1.63E-02 ......... -2.88E-03 -3.18E+00 ......... ......... ......... ......... -1.21E-02 ......... .........
        .........  1.93E-03
 
 SG34
+       ......... ......... ......... ......... ......... ......... ......... ......... ......... ......... ......... .........
         ......... ......... ......... ......... ......... ......... ......... ......... ......... ......... ......... .........
        ......... ......... .........
 
 SG35
+       ......... ......... ......... ......... ......... ......... ......... ......... ......... ......... ......... .........
         ......... ......... ......... ......... ......... ......... ......... ......... ......... ......... ......... .........
        ......... ......... ......... .........
 
 SG44
+       -1.10E-01  8.68E-03 -8.90E-03 -1.02E-02  5.64E-03  1.57E-02  6.63E-02 ......... ......... .........  1.02E-01 .........
         .........  2.11E-01 .........  3.73E-02  4.12E+01 ......... ......... ......... .........  1.56E-01 ......... .........
        ......... -2.50E-02 ......... .........  3.23E-01
 
 SG45
+       ......... ......... ......... ......... ......... ......... ......... ......... ......... ......... ......... .........
         ......... ......... ......... ......... ......... ......... ......... ......... ......... ......... ......... .........
        ......... ......... ......... ......... ......... .........
 
 SG55
+       -3.37E-01  2.66E-02 -2.73E-02 -3.14E-02  1.73E-02  4.81E-02  2.03E-01 ......... ......... .........  3.14E-01 .........
         .........  6.47E-01 .........  1.15E-01  1.26E+02 ......... ......... ......... .........  4.80E-01 ......... .........
        ......... -7.66E-02 ......... .........  9.92E-01 .........  3.04E+00
 
1
 
 
 
 
 
 
 
 
 
 
 
 
 
 
 
 
 
 
 
 
 ************************************************************************************************************************
 ********************                                                                                ********************
 ********************               FIRST ORDER CONDITIONAL ESTIMATION WITH INTERACTION              ********************
 ********************                      EIGENVALUES OF COR MATRIX OF ESTIMATE                     ********************
 ********************                                                                                ********************
 ************************************************************************************************************************
 

             1         2         3         4         5         6         7         8         9        10        11        12
             13        14        15
 
         8.38E-17 -1.43E-16  1.58E-16 -2.11E-16 -7.84E-16  1.08E-09  2.65E-02  9.74E-02  2.06E-01  1.02E+00  1.28E+00  2.27E+00
          2.56E+00  3.17E+00  4.37E+00
 
1
 ************************************************************************************************************************
 ********************                                                                                ********************
 ********************               FIRST ORDER CONDITIONAL ESTIMATION WITH INTERACTION              ********************
 ********************                                     S MATRIX                                   ********************
 ********************                                                                                ********************
 ************************************************************************************************************************
 

            TH 1      TH 2      TH 3      TH 4      TH 5      TH 6      OM11      OM12      OM13      OM14      OM22      OM23  
             OM24      OM33      OM34      OM44      SG11      SG12      SG13      SG14      SG15      SG22      SG23      SG24  
            SG25      SG33      SG34      SG35      SG44      SG45      SG55  
 
 TH 1
+        9.05E+01
 
 TH 2
+        3.97E+01  1.13E+02
 
 TH 3
+        8.79E+00  1.24E+01  1.80E+01
 
 TH 4
+        1.02E+01  8.86E+01  8.24E+00  2.01E+02
 
 TH 5
+       -1.51E+00  1.12E+00 -2.50E-01  4.07E+00  2.74E-01
 
 TH 6
+       -3.51E+01 -2.82E+00  1.55E+01  5.74E+00 -3.57E-01  5.37E+01
 
 OM11
+       -9.22E+01 -2.31E+01 -3.77E+01 -4.63E+01 -6.61E-01  5.75E+01  3.24E+02
 
 OM12
+       ......... ......... ......... ......... ......... ......... ......... .........
 
 OM13
+       ......... ......... ......... ......... ......... ......... ......... ......... .........
 
 OM14
+       ......... ......... ......... ......... ......... ......... ......... ......... ......... .........
 
 OM22
+        2.66E+00  2.26E+01  9.60E-01  1.38E+01 -9.08E-01  1.05E+01  2.67E+01 ......... ......... .........  1.73E+01
 
 OM23
+       ......... ......... ......... ......... ......... ......... ......... ......... ......... ......... ......... .........
 
 OM24
+       ......... ......... ......... ......... ......... ......... ......... ......... ......... ......... ......... .........
         .........
 
 OM33
+       -7.86E+01 -1.47E+01  8.63E+00 -3.00E+01 -1.21E-01  5.06E+01  8.34E+01 ......... ......... .........  8.33E+00 .........
         .........  1.95E+02
 
 OM34
+       ......... ......... ......... ......... ......... ......... ......... ......... ......... ......... ......... .........
         ......... ......... .........
 
 OM44
+       -3.72E+00 -2.69E+00  2.05E+00 -1.41E+01 -4.41E-02  4.49E+00  2.51E+00 ......... ......... .........  9.45E-01 .........
         .........  3.37E+00 .........  4.58E+00
 
 SG11
+        7.30E+02 -1.43E+03  2.47E+02  6.20E+02 -6.55E+01  3.58E+02 -1.13E+03 ......... ......... ......... -8.29E-01 .........
         ......... -1.28E+03 ......... -2.23E+02  1.15E+05
 
 SG12
+       ......... ......... ......... ......... ......... ......... ......... ......... ......... ......... ......... .........
         ......... ......... ......... ......... ......... .........
 
 SG13
+       ......... ......... ......... ......... ......... ......... ......... ......... ......... ......... ......... .........
         ......... ......... ......... ......... ......... ......... .........
 
1

            TH 1      TH 2      TH 3      TH 4      TH 5      TH 6      OM11      OM12      OM13      OM14      OM22      OM23  
             OM24      OM33      OM34      OM44      SG11      SG12      SG13      SG14      SG15      SG22      SG23      SG24  
            SG25      SG33      SG34      SG35      SG44      SG45      SG55  
 
 SG14
+       ......... ......... ......... ......... ......... ......... ......... ......... ......... ......... ......... .........
         ......... ......... ......... ......... ......... ......... ......... .........
 
 SG15
+       ......... ......... ......... ......... ......... ......... ......... ......... ......... ......... ......... .........
         ......... ......... ......... ......... ......... ......... ......... ......... .........
 
 SG22
+       -8.18E+00  4.01E+00  7.37E+00  5.74E+01 -1.48E-01  2.64E+01 -2.69E+00 ......... ......... .........  1.98E+01 .........
         ......... -1.14E+01 .........  4.05E+00  1.48E+03 ......... ......... ......... .........  7.84E+01
 
 SG23
+       ......... ......... ......... ......... ......... ......... ......... ......... ......... ......... ......... .........
         ......... ......... ......... ......... ......... ......... ......... ......... ......... ......... .........
 
 SG24
+       ......... ......... ......... ......... ......... ......... ......... ......... ......... ......... ......... .........
         ......... ......... ......... ......... ......... ......... ......... ......... ......... ......... ......... .........
 
 SG25
+       ......... ......... ......... ......... ......... ......... ......... ......... ......... ......... ......... .........
         ......... ......... ......... ......... ......... ......... ......... ......... ......... ......... ......... .........
        .........
 
 SG33
+        2.87E+01  1.24E+02  8.67E+00  8.81E+01 -1.24E+00  2.49E+01  5.20E+01 ......... ......... .........  6.00E+01 .........
         ......... -1.56E+00 .........  6.36E+00 -9.19E+02 ......... ......... ......... .........  7.03E+01 ......... .........
        .........  2.44E+02
 
 SG34
+       ......... ......... ......... ......... ......... ......... ......... ......... ......... ......... ......... .........
         ......... ......... ......... ......... ......... ......... ......... ......... ......... ......... ......... .........
        ......... ......... .........
 
 SG35
+       ......... ......... ......... ......... ......... ......... ......... ......... ......... ......... ......... .........
         ......... ......... ......... ......... ......... ......... ......... ......... ......... ......... ......... .........
        ......... ......... ......... .........
 
 SG44
+       -3.92E+01 -6.57E+01  2.97E+00  5.71E+01  2.29E+00  1.95E+01 -4.10E+01 ......... ......... ......... -1.52E+01 .........
         ......... -1.68E+01 .........  2.48E-01  2.41E+03 ......... ......... ......... .........  6.78E+01 ......... .........
        ......... -6.26E+01 ......... .........  1.53E+02
 
 SG45
+       ......... ......... ......... ......... ......... ......... ......... ......... ......... ......... ......... .........
         ......... ......... ......... ......... ......... ......... ......... ......... ......... ......... ......... .........
        ......... ......... ......... ......... ......... .........
 
 SG55
+       -2.40E+01 -9.48E+00  1.78E+01  4.47E+01 -1.78E-01  3.58E+01 -2.10E+01 ......... ......... .........  7.08E+00 .........
         .........  5.12E+01 ......... -1.72E+00  1.54E+03 ......... ......... ......... .........  4.55E+01 ......... .........
        .........  1.06E+01 ......... .........  5.93E+01 .........  6.75E+01
 
 #CPUT: Total CPU Time in Seconds,       31.013
Stop Time: 
21/12/2017 
10:22
