15-Feb-19 
02:58 PM
;; 1. Based on: run52
;; 2. Description: 8 ; M3 with covariates less IIV Dummy
;; x1. Author: user
$PROBLEM    43 ;1 compartment pharmacokinetic model for artesunate and dihydroartemisinin
$INPUT      ID ;ID
            DATE=DROP ;Date if available
            TIME ;Time if date is present this chould be clock time otherwise time in hours
            ODV ;Dependent variable (nonlogarithmic in this example) 
            DV ;Dependent variable (logarithmic in this example)
            OODV ;Dependent variable (logarithmic in this example,including values below limit of quantification) 
            WT ;Body weight (covariate) 
            EVID ;Event ID record 
            MDV1 ;Missing dependent variable (1=dose and concentrations below limit of quantification)
            MDV ;Missing dependent variable (1=dose)
            AMT ;Dose amount
            FLAG ;Flag for artesunate=1,dihydroartemisinin=2
            CMT ;Compartment (1=dose,2=artesunate,3=dihydroartemisinin)
            CMT2 ;Compartment (1=dose and artesunate,2=dihydroartemisinin)  
            BQL ;Below quantification limit (1=BQL) (optional)
            PREG ;Pregnancy (covariate 1=pregnant) 
            PARA ;Parasite count (covariate) 
            LNPC ;Parasite count (covariate,in logarithmic scale)
            SORT ;Sort row
            HB AST ALT BIL EGA ;months
$DATA      Simulated_run1.csv IGNORE=# IGNORE(EVID.EQ.2)

;DOSE(NMOL)CP(NMOL/L)
$SUBROUTINE ADVAN5 TRANS1
$MODEL      COMP=(1) ;(DEPOT DOSE)
            COMP=(2) ;(CONCENTRATION ARTESUNATE)
            COMP=(3) ;(CONCENTRATION DIHYDROARTEMISININ (METABOLITE))
            COMP=(4) ;(TRANSIT COMPARTMENT 1)
            COMP=(5) ;(TRANSIT COMPARTMENT 2)
            COMP=(6) ;(TRANSIT COMPARTMENT 3)
$PK 

;;; F1LNPC-DEFINITION START
F1LNPC = ( 1 + THETA(9)*(LNPC - 5.88))
;;; F1LNPC-DEFINITION END


;;; F1ALT-DEFINITION START
F1ALT = ( 1 + THETA(8)*(ALT - 20.75))
;;; F1ALT-DEFINITION END

;;; F1-RELATION START
F1COV=F1ALT*F1LNPC
;;; F1-RELATION END


;;; CLMPREG-DEFINITION START
IF(PREG.EQ.1) CLMPREG = 1  ; Most common
IF(PREG.EQ.0) CLMPREG = ( 1 + THETA(7))
;;; CLMPREG-DEFINITION END

;;; CLM-RELATION START
CLMCOV=CLMPREG
;;; CLM-RELATION END


TVCLP  = THETA(1)*((WT/52)**0.75)       ; Population artesunate clearance, allometrically scaled by median body weight with a factor of 0.75
CLP    = TVCLP*EXP(ETA(1))              ; Individual estimate of artesunate clearance 

TVV2   = THETA(2)*((WT/52)**1)          ; Population artesunate volume of distribution, allometrically scaled by median body weight with a factor of 1
V2     = TVV2*EXP(ETA(2))               ; Individual estimate of artesunate volume of distribution

TVCLM  = THETA(3)*((WT/52)**0.75)   ; Population dihydroartemisinin clearance, allometrically scaled by median body weight with a factor of 0.75

TVCLM = CLMCOV*TVCLM
CLM    = TVCLM*EXP(ETA(3))              ;

TVV3   = THETA(4)*((WT/52)**1)          ; Population dihydroartemisinin volume of distribution, allometrically scaled by median body weight with a factor of 1
V3     = TVV3*EXP(ETA(4))               ;

TVMT   = THETA(5)                       ; Population artesunate mean transit time
MT     = TVMT*EXP(ETA(5))               ; Individual estimate of artesunate mean transit time

TVF1   = THETA(6)                       ; 

TVF1 = F1COV*TVF1
F1     = TVF1*EXP(ETA(6))               ; Artesunate relative bioavailability

S2=V2                                   ; Scaling factor for artesunate
S3=V3                                   ; Scaling factor for dihydroartemisinin

NN    = 3 ;Number of transit compartments
KTR   = (NN+1)/MT ;
K14   = KTR
K45   = KTR
K56   = KTR
K62   = KTR

K23=CLP/V2
K30=CLM/V3

;IF(CMT.EQ.2) LLOQ=1.1383         ;value of LLOQ for artesunate in nmol/L (log)
;IF(CMT.EQ.3) LLOQ=1.9509         ;value of LLOQ for dihydroartemisinin nmol/L (log)

HTA = LOG(2)/K23 ;Half-life artesunate
HTD = LOG(2)/K30 ;Half-life dihydroartemisinin

$ERROR 
                                                                  ;M3-method for evaluating values below LLOQ
  IF(CMT.EQ.2) THEN
    IPRED    = A(2)/V2                                                  ;Predicted plasma concentration of artesunate
    W     = SQRT(SIGMA(1,1))                                            ;Additive residual error on log scale
  ENDIF

  IF(CMT.EQ.3) THEN
    IPRED    = A(3)/V3                                                  ;Predicted plasma concentration of dihydroartemisinin
    W     = SQRT(SIGMA(2,2))                                            ;Additive residual error on log scale
  ENDIF

  IF(IPRED.GT.0)  IPRED = LOG(IPRED)
 IF (CMT.EQ.2) LLOQ = 1.1383                                           ;Value of artesunate LLOQ
  IF (CMT.EQ.3) LLOQ = 1.9509                                           ;Value of dihydroartemisinin LLOQ

  DUM  = (LLOQ-IPRED)/W                                                 ;Positive when IPRED is larger then LLOQ
  CUMD = PHI(DUM)

;-- Prediction DV>=LOQ ------------------------------------------------------

  IRES  = IPRED-DV
  IWRES = IRES/W

  IF(BQL.EQ.0.AND.CMT.EQ.2) THEN
      F_FLAG = 0
      Y      = IPRED+ERR(1)
  ENDIF

  IF(BQL.EQ.0.AND.CMT.EQ.3) THEN
      F_FLAG = 0
      Y      = IPRED+ERR(2)
  ENDIF

;-- Likelihood DV<LOQ -------------------------------------------------------

   IF(BQL.EQ.1) THEN
      F_FLAG = 1
      Y      = CUMD + 0.000001
   ENDIF
  IF(AMT.GT.0)    DTIM  = TIME
                  TAD   = TIME-DTIM

$THETA  (0,3570) ; 1.CLP
 (0,1700) ; 2.V2
 (0,190) ; 3.CLM
 (0,267) ; 4.V3
 (0,0.832) ; 5.MTT
 1 FIX ; 6.F1
 (-1,-0.214) ; CLMPREG1
 (-0.024,0.0215,0.057) ; F1ALT1
 (-0.199,0.138,0.334) ; F1LNPC1
$OMEGA  0.0672  ;       1.CL
 0  FIX  ;      2.V2_
 0.00809  ;     3.CLM_
 0  FIX  ;       4.VM
 0.32  ;     5.MTT_
 0.0887  ;       8.F1
$SIGMA  0.892  ;    RUV_ARS
 0.66  ;    RUV_DHA
$ESTIMATION MAXEVAL=0 PRINT=5 POSTHOC METHOD=1 LAPLACIAN INTER
;$COV
$TABLE      ID TIME TAD CLP V2 CLM V3 MT F1 HTA HTD CMT FLAG IPRED
            PRED CWRES MDV NOPRINT ONEHEADER FILE=mytab1

  
NM-TRAN MESSAGES 
  
 WARNINGS AND ERRORS (IF ANY) FOR PROBLEM    1
             
 (WARNING  2) NM-TRAN INFERS THAT THE DATA ARE POPULATION.
             
 (WARNING  3) THERE MAY BE AN ERROR IN THE ABBREVIATED CODE. THE FOLLOWING
 ONE OR MORE RANDOM VARIABLES ARE DEFINED WITH "IF" STATEMENTS THAT DO NOT
 PROVIDE DEFINITIONS FOR BOTH THE "THEN" AND "ELSE" CASES. IF ALL
 CONDITIONS FAIL, THE VALUES OF THESE VARIABLES WILL BE ZERO.
  
   IPRED Y

             
 (WARNING  66) WITH "LAPLACIAN" AND "INTERACTION", "NUMERICAL" AND "SLOW"
 ARE ALSO REQUIRED ON $ESTIM RECORD. NM-TRAN HAS SUPPLIED THESE OPTIONS.

 (DATA WARNING   4) RECORD         1, DATA ITEM   5, CONTENTS:  
 THE DV DATA ITEM IS NULL, BUT THE MDV DATA ITEM IS 0 AND NO $SIMULATION
 RECORD IS PRESENT.

 (DATA WARNING   4) RECORD         2, DATA ITEM   5, CONTENTS:  
 THE DV DATA ITEM IS NULL, BUT THE MDV DATA ITEM IS 0 AND NO $SIMULATION
 RECORD IS PRESENT.

 (DATA WARNING   4) RECORD        14, DATA ITEM   5, CONTENTS:  
 THE DV DATA ITEM IS NULL, BUT THE MDV DATA ITEM IS 0 AND NO $SIMULATION
 RECORD IS PRESENT.

 (DATA WARNING   4) RECORD        16, DATA ITEM   5, CONTENTS:  
 THE DV DATA ITEM IS NULL, BUT THE MDV DATA ITEM IS 0 AND NO $SIMULATION
 RECORD IS PRESENT.

 (DATA WARNING   4) RECORD        18, DATA ITEM   5, CONTENTS:  
 THE DV DATA ITEM IS NULL, BUT THE MDV DATA ITEM IS 0 AND NO $SIMULATION
 RECORD IS PRESENT.

 (DATA WARNING   4) RECORD        20, DATA ITEM   5, CONTENTS:  
 THE DV DATA ITEM IS NULL, BUT THE MDV DATA ITEM IS 0 AND NO $SIMULATION
 RECORD IS PRESENT.

 (DATA WARNING   4) RECORD        22, DATA ITEM   5, CONTENTS:  
 THE DV DATA ITEM IS NULL, BUT THE MDV DATA ITEM IS 0 AND NO $SIMULATION
 RECORD IS PRESENT.

 (DATA WARNING   4) RECORD        23, DATA ITEM   5, CONTENTS:  
 THE DV DATA ITEM IS NULL, BUT THE MDV DATA ITEM IS 0 AND NO $SIMULATION
 RECORD IS PRESENT.

 (DATA WARNING   4) RECORD        24, DATA ITEM   5, CONTENTS:  
 THE DV DATA ITEM IS NULL, BUT THE MDV DATA ITEM IS 0 AND NO $SIMULATION
 RECORD IS PRESENT.

 (DATA WARNING   4) RECORD        25, DATA ITEM   5, CONTENTS:  
 THE DV DATA ITEM IS NULL, BUT THE MDV DATA ITEM IS 0 AND NO $SIMULATION
 RECORD IS PRESENT.
             
 (WARNING  79) SIGMA IS USED ON THE RIGHT. WITH A SUBSEQUENT RUN, IF AN
 INITIAL ESTIMATE OF A DIAGONAL BLOCK OF SIGMA IS TO BE COMPUTED BY
 NONMEM, THAT BLOCK WILL BE SET TO AN IDENTITY MATRIX DURING THAT
 COMPUTATION. THIS COULD LEAD TO AN ARITHMETIC EXCEPTION.*

 * THE MAXIMUM NUMBER OF WARNINGS OF ONE OR MORE TYPES WAS REACHED.
 IT IS POSSIBLE THAT SOME WARNING MESSAGES WERE SUPPRESSED.
  
License Registered to: Mahidol University Tropical Medicine
Expiration Date:    14 DEC 2019
Current Date:       15 FEB 2019
Days until program expires : 299
1NONLINEAR MIXED EFFECTS MODEL PROGRAM (NONMEM) VERSION 7.3.0
 ORIGINALLY DEVELOPED BY STUART BEAL, LEWIS SHEINER, AND ALISON BOECKMANN
 CURRENT DEVELOPERS ARE ROBERT BAUER, ICON DEVELOPMENT SOLUTIONS,
 AND ALISON BOECKMANN. IMPLEMENTATION, EFFICIENCY, AND STANDARDIZATION
 PERFORMED BY NOUS INFOSYSTEMS.

 PROBLEM NO.:         1
 43 ;1 compartment pharmacokinetic model for artesunate and dihydroartemi
0DATA CHECKOUT RUN:              NO
 DATA SET LOCATED ON UNIT NO.:    2
 THIS UNIT TO BE REWOUND:        NO
 NO. OF DATA RECS IN DATA SET:       25
 NO. OF DATA ITEMS IN DATA SET:  23
 ID DATA ITEM IS DATA ITEM NO.:   1
 DEP VARIABLE IS DATA ITEM NO.:   4
 MDV DATA ITEM IS DATA ITEM NO.:  9
0INDICES PASSED TO SUBROUTINE PRED:
   7   2  10   0   0   0  12   0   0   0   0
0LABELS FOR DATA ITEMS:
 ID TIME ODV DV OODV WT EVID MDV1 MDV AMT FLAG CMT CMT2 BQL PREG PARA LNPC SORT HB AST ALT BIL EGA
0(NONBLANK) LABELS FOR PRED-DEFINED ITEMS:
 CLP V2 CLM V3 MT F1 HTA HTD IPRED TAD
0FORMAT FOR DATA:
 (3(6E12.0/),5E12.0)

 TOT. NO. OF OBS RECS:       24
 TOT. NO. OF INDIVIDUALS:      1
0LENGTH OF THETA:   9
0DEFAULT THETA BOUNDARY TEST OMITTED:    NO
0OMEGA HAS BLOCK FORM:
  1
  0  2
  0  0  3
  0  0  0  4
  0  0  0  0  5
  0  0  0  0  0  6
0DEFAULT OMEGA BOUNDARY TEST OMITTED:    NO
0SIGMA HAS SIMPLE DIAGONAL FORM WITH DIMENSION:   2
0DEFAULT SIGMA BOUNDARY TEST OMITTED:    NO
0INITIAL ESTIMATE OF THETA:
 LOWER BOUND    INITIAL EST    UPPER BOUND
  0.0000E+00     0.3570E+04     0.1000E+07
  0.0000E+00     0.1700E+04     0.1000E+07
  0.0000E+00     0.1900E+03     0.1000E+07
  0.0000E+00     0.2670E+03     0.1000E+07
  0.0000E+00     0.8320E+00     0.1000E+07
  0.1000E+01     0.1000E+01     0.1000E+01
 -0.1000E+01    -0.2140E+00     0.1000E+07
 -0.2400E-01     0.2150E-01     0.5700E-01
 -0.1990E+00     0.1380E+00     0.3340E+00
0INITIAL ESTIMATE OF OMEGA:
 BLOCK SET NO.   BLOCK                                                                    FIXED
        1                                                                                   NO
                  0.6720E-01
        2                                                                                  YES
                  0.0000E+00
        3                                                                                   NO
                  0.8090E-02
        4                                                                                  YES
                  0.0000E+00
        5                                                                                   NO
                  0.3200E+00
        6                                                                                   NO
                  0.8870E-01
0INITIAL ESTIMATE OF SIGMA:
 0.8920E+00
 0.0000E+00   0.6600E+00
0TABLES STEP OMITTED:    NO
 NO. OF TABLES:           1
 SEED NUMBER (SEED):    11456
 RANMETHOD:
 MC SAMPLES (ESEED):    300
 WRES SQUARE ROOT TYPE:            EIGENVALUE
0-- TABLE   1 --
 PRINTED:                NO
 HEADER:                YES
 FILE TO BE FORWARDED:   NO
 FORMAT:                S1PE11.4
 LFORMAT:
 RFORMAT:
0USER-CHOSEN ITEMS:
 ID TIME TAD CLP V2 CLM V3 MT F1 HTA HTD CMT FLAG IPRED CWRES MDV
1DOUBLE PRECISION PREDPP VERSION 7.3.0

 GENERAL LINEAR KINETICS MODEL (ADVAN5)
0MODEL SUBROUTINE USER-SUPPLIED - ID NO. 9999
0MAXIMUM NO. OF BASIC PK PARAMETERS:   6
0RATE CONSTANT PARAMETERS - ASSIGNMENT OF ROWS IN GG
            TO COMPT.
  FROM      1    2    3    4    5    6    7
  COMPT.
    1       *    -    -    1    -    -    -
    2       -    *    5    -    -    -    -
    3       -    -    *    -    -    -    6
    4       -    -    -    *    2    -    -
    5       -    -    -    -    *    3    -
    6       -    4    -    -    -    *    -
             * LINK FROM A COMPARTMENT TO ITSELF IS NOT POSSIBLE
             - LINK BETWEEN THESE COMPARTMENTS IS NOT DEFINED FOR THIS MODEL
0COMPARTMENT ATTRIBUTES
 COMPT. NO.   FUNCTION   INITIAL    ON/OFF      DOSE      DEFAULT    DEFAULT
                         STATUS     ALLOWED    ALLOWED    FOR DOSE   FOR OBS.
    1         1            ON         YES        YES        YES        YES
    2         2            ON         YES        YES        NO         NO
    3         3            ON         YES        YES        NO         NO
    4         4            ON         YES        YES        NO         NO
    5         5            ON         YES        YES        NO         NO
    6         6            ON         YES        YES        NO         NO
    7         OUTPUT       OFF        YES        NO         NO         NO
1
 ADDITIONAL PK PARAMETERS - ASSIGNMENT OF ROWS IN GG
 COMPT. NO.                             INDICES
              SCALE      BIOAVAIL.   ZERO-ORDER  ZERO-ORDER  ABSORB
                         FRACTION    RATE        DURATION    LAG
    1            *           7           *           *           *
    2            8           *           *           *           *
    3            9           *           *           *           *
    4            *           *           *           *           *
    5            *           *           *           *           *
    6            *           *           *           *           *
    7            *           -           -           -           -
             - PARAMETER IS NOT ALLOWED FOR THIS MODEL
             * PARAMETER IS NOT SUPPLIED BY PK SUBROUTINE;
               WILL DEFAULT TO ONE IF APPLICABLE
0DATA ITEM INDICES USED BY PRED ARE:
   EVENT ID DATA ITEM IS DATA ITEM NO.:      7
   TIME DATA ITEM IS DATA ITEM NO.:          2
   DOSE AMOUNT DATA ITEM IS DATA ITEM NO.:  10
   COMPT. NO. DATA ITEM IS DATA ITEM NO.:   12

0PK SUBROUTINE CALLED WITH EVERY EVENT RECORD.
 PK SUBROUTINE NOT CALLED AT NONEVENT (ADDITIONAL OR LAGGED) DOSE TIMES.
0ERROR SUBROUTINE CALLED WITH EVERY EVENT RECORD.
0ERROR SUBROUTINE INDICATES THAT DERIVATIVES OF COMPARTMENT AMOUNTS ARE USED.
1


 #TBLN:      1
 #METH: Laplacian Conditional Estimation with Interaction (Evaluation)

 ESTIMATION STEP OMITTED:                 YES 
 ANALYSIS TYPE:                           POPULATION
 CONDITIONAL ESTIMATES USED:              YES 
 CENTERED ETA:                            NO  
 EPS-ETA INTERACTION:                     YES 
 LAPLACIAN OBJ. FUNC.:                    YES 
 NUMERICAL 2ND DERIVATIVES:               YES 
 NUMERICAL DERIVATIVE 
       FILE REQUEST (NUMDER):             NONE
 MAP (ETAHAT) ESTIMATION METHOD (OPTMAP): 0           
 ETA HESSIAN EVALUATION METHOD (ETADER):  0           
 INITIAL ETA FOR MAP ESTIMATION (MCETA):  0           
 SIGDIGITS FOR MAP ESTIMATION (SIGLO):    100         
 GRADIENT SIGDIGITS OF 
       FIXED EFFECTS PARAMETERS (SIGL):   100         
 EXCLUDE TITLE (NOTITLE):                 NO 
 EXCLUDE COLUMN LABELS (NOLABEL):         NO 
 NOPRIOR SETTING (NOPRIOR):               OFF
 NOCOV SETTING (NOCOV):                   OFF
 DERCONT SETTING (DERCONT):               OFF
 ABSOLUTE TOLERANCE-ADVAN 9,13 ONLY(ATOL):-100        
 FINAL ETA RE-EVALUATION (FNLETA):        ON 
 EXCLUDE NON-INFLUENTIAL (NON-INFL.) ETAS 
       IN SHRINKAGE (ETASTYPE):           NO 
 NON-INFL. ETA CORRECTION (NONINFETA):    OFF
 FORMAT FOR ADDITIONAL FILES (FORMAT):    S1PE12.5
 PARAMETER ORDER FOR OUTPUTS (ORDER):     TSOL
 ADDITIONAL CONVERGENCE TEST (CTYPE=4)?:  NO
 EM OR BAYESIAN METHOD USED:                NONE


 THE FOLLOWING LABELS ARE EQUIVALENT
 PRED=PREDI
 RES=RESI
 WRES=WRESI
 IWRS=IWRESI
 IPRD=IPREDI
 IRS=IRESI

1
 
 
 
 
 
 
 
 
 
 
 
 
 
 
 
 
 
 
 
 
 ************************************************************************************************************************
 ********************                                                                                ********************
 ********************          LAPLACIAN CONDITIONAL ESTIMATION WITH INTERACTION (EVALUATION)        ********************
 #OBJT:**************                       MINIMUM VALUE OF OBJECTIVE FUNCTION                      ********************
 ********************                                                                                ********************
 ************************************************************************************************************************
 





 #OBJV:********************************************       65.713       **************************************************
1
 ************************************************************************************************************************
 ********************                                                                                ********************
 ********************          LAPLACIAN CONDITIONAL ESTIMATION WITH INTERACTION (EVALUATION)        ********************
 ********************                             FINAL PARAMETER ESTIMATE                           ********************
 ********************                                                                                ********************
 ************************************************************************************************************************
 


 THETA - VECTOR OF FIXED EFFECTS PARAMETERS   *********


         TH 1      TH 2      TH 3      TH 4      TH 5      TH 6      TH 7      TH 8      TH 9     
 
         3.57E+03  1.70E+03  1.90E+02  2.67E+02  8.32E-01  1.00E+00 -2.14E-01  2.15E-02  1.38E-01
 


 OMEGA - COV MATRIX FOR RANDOM EFFECTS - ETAS  ********


            ETA1      ETA2      ETA3      ETA4      ETA5      ETA6   
 
 ETA1
+        6.72E-02
 
 ETA2
+        0.00E+00  0.00E+00
 
 ETA3
+        0.00E+00  0.00E+00  8.09E-03
 
 ETA4
+        0.00E+00  0.00E+00  0.00E+00  0.00E+00
 
 ETA5
+        0.00E+00  0.00E+00  0.00E+00  0.00E+00  3.20E-01
 
 ETA6
+        0.00E+00  0.00E+00  0.00E+00  0.00E+00  0.00E+00  8.87E-02
 


 SIGMA - COV MATRIX FOR RANDOM EFFECTS - EPSILONS  ****


            EPS1      EPS2   
 
 EPS1
+        8.92E-01
 
 EPS2
+        0.00E+00  6.60E-01
 
1


 OMEGA - CORR MATRIX FOR RANDOM EFFECTS - ETAS  *******


            ETA1      ETA2      ETA3      ETA4      ETA5      ETA6   
 
 ETA1
+        2.59E-01
 
 ETA2
+        0.00E+00  0.00E+00
 
 ETA3
+        0.00E+00  0.00E+00  8.99E-02
 
 ETA4
+        0.00E+00  0.00E+00  0.00E+00  0.00E+00
 
 ETA5
+        0.00E+00  0.00E+00  0.00E+00  0.00E+00  5.66E-01
 
 ETA6
+        0.00E+00  0.00E+00  0.00E+00  0.00E+00  0.00E+00  2.98E-01
 


 SIGMA - CORR MATRIX FOR RANDOM EFFECTS - EPSILONS  ***


            EPS1      EPS2   
 
 EPS1
+        9.44E-01
 
 EPS2
+        0.00E+00  8.12E-01
 
 #CPUT: Total CPU Time in Seconds,        0.172
Stop Time: 
15-Feb-19 
02:59 PM
