Mon Mar 20 21:31:47 CET 2017
$PROBLEM    PD DOSERINGSSTUDY EN IV STUDY,PK GEFIXT NAAR PK MODEL
$INPUT      NR ID DO STUD AMT RATE EVID TIME DV MDV CMT WT
;$DATA 20100301PRLSIM2.prn
$DATA      20100301PRLdata.csv

;IGNORE(STUD.EQ.1)

;IGNORE(ID.EQ.316)
$SUBROUTINE ADVAN9 TOL=3
$MODEL      COMP=(ABSORB,INITIALOFF) ;IN TOEDIENING,NVT,GEFIXT
            COMP=(ABSORB,INITIALOFF) ;IN TOEDIENING,NVT,GEFIXT
            COMP=(CENTRAL,DEFDOSE) ;PK PLASMA DATA,GEFIXT
            COMP=(PERIPH) ;PK MICRODIALYSE DATA,GEFIXT
            COMP=(PERIPH) ;PK PERIPHERAL CMT,GEFIXT
            COMP=(PERIPH) ; LACTOTROPH
            COMP=(EFFECT,DEFOBS) ; PK PRL EFFECT VAN REM OP PRL IS DUS DATASET PRL IN MUG/L
$PRIOR      NWPRI NTHETA=19 NETA=3 NEPS=2 NTHP=2 NETP=0 NPEXP=1
$PK 
"FIRST
" COMMON/PRCOMG/IDUM1,IDUM2,IMAX,IDUM4,IDUM5
"INTEGER IDUM1,IDUM2,IMAX,IDUM4,IDUM5
"IMAX=10000000
CL3  = THETA(3)   ;L/H PLASMA CMT
V3   = THETA(4)  ;L/KG
Q4   = THETA(5)  ; 4E CMT IS MD CMT
V4   = THETA(6)
Q5   = THETA(7)
V5   = THETA(8)
FK40 = THETA(9)
KA   = THETA(10)
FTOT = THETA(11)
F1   = FTOT*THETA(12)
F2   = FTOT - F1
K24  = THETA(13)/1000
K30 = CL3/V3
K40 = FK40*K30
K34 = Q4/V3
K43 = Q4/V4
K35 = Q5/V3
K53 = Q5/V5
IF(K30.LT.K40) EXIT 1 200
IF(KA.LT.K24) EXIT 1 400
S3 = V3
S4 = V4
;-------------------------------------------  PD ---------------------------------------
IF (STUD.EQ.3) THEN
        STDY = 1
ELSE
        STDY = 0
ENDIF
TBSL    = THETA(14)*(1+THETA(17)*STDY)
BSL    = TBSL*EXP(ETA(1))
;BSL    = THETA(12)*EXP(ETA(1))
K67    = THETA(18)*EXP((ETA(3)))
K70    = THETA(1)
EMAX   = THETA(15)
EC50   = THETA(2)
STDM    = THETA(16)*EXP(ETA(2))
GAMMA  = THETA(19)
STD50  = THETA(20)
A_0(6) = (BSL*K70)/K67
A_0(7) = BSL
KF     = BSL*K70;/(STDM*BSL/(STD50+BSL))
;
ET1 = ETA(1)
ET2 = ETA(2)
ET3 = ETA(3)
;
$DES 
DADT(1) = -A(1)*KA  
DADT(2) =           - A(2)*K24
DADT(3) =  A(1)*KA                - A(3)*K34 + A(4)*K43 - A(3)*K35 + A(5)*K53 - A(3)*K30
DADT(4) =             A(2)*K24    + A(3)*K34 - A(4)*K43                       - A(4)*K40 
;-----------------------------------
IF (A(4).GT.0)THEN
CP = (A(4)/V4)
EFF     = 1 + ((EMAX*(CP**GAMMA))/((EC50**GAMMA)+(CP**GAMMA)))
ELSE
CP = 0
EFF = 1
ENDIF
;-----------------------------------
DADT(5) = A(3)*K35 - A(5)*K53      ; de (REM-)concentratie effect relatie wordt omschreven door 
IF (A(7).LT.BSL) THEN                ; een EMAX relatie
  LNA7 = BSL
ELSE
  LNA7 = A(7)
ENDIF
;-----------------------------------
STD     = STDM*(LNA7-BSL);/(STD50+(LNA7-BSL)));/(STDM*BSL/(STD50+BSL));               ; synthese PRL (STD) is afhankelijk van [PRLmicrodial.]=LNA7
KFT     = KF*(1+STD)              ; systeem (PRL-)concentratie effect(synthese) relatie
DADT(6) = KFT - A(6)*K67*EFF        ; wordt omschreven door LOG van A(7); LNA7
DADT(7) =      A(6)*K67*EFF - A(7)*K70
CONC = A(4)/V4
;
$ERROR 
IPRED=A(7)
Y = IPRED*(1+EPS(1)) + EPS(2)
IF(IPRED.EQ.0) IPRED=0.0001
IRES = DV-IPRED
IF(IRES.EQ.0) IRES=0.0001
IWRES = IRES/IPRED
;
$THETA  (0,5.72,1000000)
 (0,0.0804,1000000)
 1.12 FIX ; 3  CL3 L/H
 0.0881 FIX ; 4  V3 L/KG
 0.7 FIX ; 5  Q4
 0.873 FIX ; 6  V
 1.2 FIX ; 7  Q5
 0.417 FIX ; 8  V5
 0.302 FIX ; 9  FK40,K40=FK40*CL3/V3
 1.54 FIX ; 10  KA
 0.892 FIX ; 11  FTOT
 0.249 FIX ; 12 F1  = FTOT*THETA(10)*EXP(ETA(10))
 33.1 FIX ; 13 K24*1000
 (1,6.24,1000000)
 (0,25,1000000)
 (0,3.74,1000000)
 -0.1
 (0,0.8496,1000000)
 1 FIX ; TH19 GAMMA
;Parameters with PRIOR
;----------------------------------
;----------------------------------
; PK parameters
;----------------------------------
;PD parameters
;( 0 , 12.4 , 1000000 )
;
$THETA  6 FIX ; TH1
 0.0419 FIX ; TH2 EC50
;----------------------prior uncertainty for theta -------------------------------------------------------------------
$OMEGA  0.05  ; 1 BSL (BEIDE)
 0.0  FIX  ;     2 STDM
$OMEGA  0.0  FIX  ;     3 EMAX
$OMEGA  0.167  FIX
 0.002584  FIX
$SIGMA  0.07  ;  CMT7 PROP
 8  ;   CMT7 ADD
;----------------------------------
;---------------------------------------------------------------------------------------------------------------------
; prior information
$ESTIMATION METHOD=1 INTERACTION ;SLOW;No CWRES
            NOABORT MAXEVAL=9999 PRINT=1 SIGDIG=3 POSTHOC ;No CWRES

;$SIM (20100526 NEW) ONLYSIM SUBPROBLEM=250
$COVARIANCE MATRIX=R COMP
$TABLE      ID TIME STUD CMT DO EFF CONC EC50 EMAX GAMMA PRED BSL ET1
            ET2 ET3 STD IPRED IWRES MDV ONEHEADER NOPRINT
            FILE=J.COMB.EMAX.LIN.FOCE.ETABSL.r.1.par


NM-TRAN MESSAGES
  
 WARNINGS AND ERRORS (IF ANY) FOR PROBLEM    1
             
 (WARNING  2) NM-TRAN INFERS THAT THE DATA ARE POPULATION.
             
 (WARNING  113) VERBATIM CODE CONTAINS "COMMON". IF THIS IS NOT A
 USER-DEFINED COMMON, IT SHOULD BE REPLACED BY THE APPROPRIATE MODULE.
             
 (WARNING  48) DES-DEFINED ITEMS ARE COMPUTED ONLY WHEN EVENT TIME
 INCREASES. E.G., DISPLAYED VALUES ASSOCIATED WITH THE FIRST EVENT RECORD
 OF AN INDIVIDUAL RECORD ARE COMPUTED WITH (THE LAST ADVANCE TO) AN EVENT
 TIME OF THE PRIOR INDIVIDUAL RECORD.
Note: The following floating-point exceptions are signalling: IEEE_INVALID_FLAG IEEE_DIVIDE_BY_ZERO

License Registered to: Pharmetheus AB
Expiration Date:    14 DEC 2017
Current Date:       20 MAR 2017
Days until program expires : 264
1NONLINEAR MIXED EFFECTS MODEL PROGRAM (NONMEM) VERSION 7.3.0
 ORIGINALLY DEVELOPED BY STUART BEAL, LEWIS SHEINER, AND ALISON BOECKMANN
 CURRENT DEVELOPERS ARE ROBERT BAUER, ICON DEVELOPMENT SOLUTIONS,
 AND ALISON BOECKMANN. IMPLEMENTATION, EFFICIENCY, AND STANDARDIZATION
 PERFORMED BY NOUS INFOSYSTEMS.

 PROBLEM NO.:         1
 PD DOSERINGSSTUDY EN IV STUDY,PK GEFIXT NAAR PK MODEL
0DATA CHECKOUT RUN:              NO
 DATA SET LOCATED ON UNIT NO.:    2
 THIS UNIT TO BE REWOUND:        NO
 NO. OF DATA RECS IN DATA SET:      563
 NO. OF DATA ITEMS IN DATA SET:  12
 ID DATA ITEM IS DATA ITEM NO.:   2
 DEP VARIABLE IS DATA ITEM NO.:   9
 MDV DATA ITEM IS DATA ITEM NO.: 10
0INDICES PASSED TO SUBROUTINE PRED:
   7   8   5   6   0   0  11   0   0   0   0
0LABELS FOR DATA ITEMS:
 NR ID DO STUD AMT RATE EVID TIME DV MDV CMT WT
0(NONBLANK) LABELS FOR PRED-DEFINED ITEMS:
 BSL EMAX EC50 GAMMA ET1 ET2 ET3 EFF STD CONC IPRED IWRES
0FORMAT FOR DATA:
 (3E4.0,E2.0,2E5.0,E2.0,E6.0,E7.0,2E2.0,E7.0)

 TOT. NO. OF OBS RECS:      461
 TOT. NO. OF INDIVIDUALS:     43
0LENGTH OF THETA:  21
0DEFAULT THETA BOUNDARY TEST OMITTED:    NO
0OMEGA HAS BLOCK FORM:
  1
  0  2
  0  0  3
  0  0  0  4
  0  0  0  0  5
0DEFAULT OMEGA BOUNDARY TEST OMITTED:    NO
0SIGMA HAS SIMPLE DIAGONAL FORM WITH DIMENSION:   2
0DEFAULT SIGMA BOUNDARY TEST OMITTED:    NO
0INITIAL ESTIMATE OF THETA:
 LOWER BOUND    INITIAL EST    UPPER BOUND
  0.0000E+00     0.5720E+01     0.1000E+07
  0.0000E+00     0.8040E-01     0.1000E+07
  0.1120E+01     0.1120E+01     0.1120E+01
  0.8810E-01     0.8810E-01     0.8810E-01
  0.7000E+00     0.7000E+00     0.7000E+00
  0.8730E+00     0.8730E+00     0.8730E+00
  0.1200E+01     0.1200E+01     0.1200E+01
  0.4170E+00     0.4170E+00     0.4170E+00
  0.3020E+00     0.3020E+00     0.3020E+00
  0.1540E+01     0.1540E+01     0.1540E+01
  0.8920E+00     0.8920E+00     0.8920E+00
  0.2490E+00     0.2490E+00     0.2490E+00
  0.3310E+02     0.3310E+02     0.3310E+02
  0.1000E+01     0.6240E+01     0.1000E+07
  0.0000E+00     0.2500E+02     0.1000E+07
  0.0000E+00     0.3740E+01     0.1000E+07
 -0.1000E+07    -0.1000E+00     0.1000E+07
  0.0000E+00     0.8496E+00     0.1000E+07
  0.1000E+01     0.1000E+01     0.1000E+01
  0.6000E+01     0.6000E+01     0.6000E+01
  0.4190E-01     0.4190E-01     0.4190E-01
0INITIAL ESTIMATE OF OMEGA:
 BLOCK SET NO.   BLOCK                                                                    FIXED
        1                                                                                   NO
                  0.5000E-01
        2                                                                                  YES
                  0.0000E+00
        3                                                                                  YES
                  0.0000E+00
        4                                                                                  YES
                  0.1670E+00
        5                                                                                  YES
                  0.2584E-02
0INITIAL ESTIMATE OF SIGMA:
 0.7000E-01
 0.0000E+00   0.8000E+01
0COVARIANCE STEP OMITTED:        NO
 R MATRIX SUBSTITUTED:          YES
 S MATRIX SUBSTITUTED:           NO
 EIGENVLS. PRINTED:              NO
 COMPRESSED FORMAT:             YES
 SIGDIGITS ETAHAT (SIGLO):                  -1
 SIGDIGITS GRADIENTS (SIGL):                -1
 RELATIVE TOLERANCE (TOL):                  -1
 ABSOLUTE TOLERANCE-ADVAN 9,13 ONLY (ATOL): -1
 EXCLUDE COV FOR FOCE (NOFCOV):              NO
 RESUME COV ANALYSIS (RESUME):               NO
0TABLES STEP OMITTED:    NO
 NO. OF TABLES:           1
 SEED NUMBER (SEED):    11456
 RANMETHOD:
 MC SAMPLES (ESEED):    300
 WRES SQUARE ROOT TYPE:            EIGENVALUE
0-- TABLE   1 --
 PRINTED:                NO
 HEADER:                YES
 FILE TO BE FORWARDED:   NO
 FORMAT:                S1PE11.4
 LFORMAT:
 RFORMAT:
0USER-CHOSEN ITEMS:
 ID TIME STUD CMT DO EFF CONC EC50 EMAX GAMMA BSL ET1 ET2 ET3 STD IPRED IWRES MDV
0
 PRIOR SUBROUTINE USER-SUPPLIED
1DOUBLE PRECISION PREDPP VERSION 7.3.0

 GENERAL NONLINEAR KINETICS MODEL WITH EQUILIBRIUM COMPARTMENTS (ADVAN9)
0MODEL SUBROUTINE USER-SUPPLIED - ID NO. 9999
0MAXIMUM NO. OF BASIC PK PARAMETERS:  17
0COMPARTMENT ATTRIBUTES
 COMPT. NO.   FUNCTION   INITIAL    ON/OFF      DOSE      DEFAULT    DEFAULT
                         STATUS     ALLOWED    ALLOWED    FOR DOSE   FOR OBS.
    1         ABSORB       OFF        YES        YES        NO         NO
    2         ABSORB       OFF        YES        YES        NO         NO
    3         CENTRAL      ON         YES        YES        YES        NO
    4         PERIPH       ON         YES        YES        NO         NO
    5         PERIPH       ON         YES        YES        NO         NO
    6         PERIPH       ON         YES        YES        NO         NO
    7         EFFECT       ON         YES        YES        NO         YES
    8         OUTPUT       OFF        YES        NO         NO         NO
0COMPT. NO.   FUNCTION   EQUILIB    EXCLUDE
                          RIUM      FROM TOTAL
    1         ABSORB       NO         NO
    2         ABSORB       NO         NO
    3         CENTRAL      NO         NO
    4         PERIPH       NO         NO
    5         PERIPH       NO         NO
    6         PERIPH       NO         NO
    7         EFFECT       NO         NO
    8         OUTPUT       NO         YES
0NRD VALUE(S) FROM SUBROUTINE TOL:   3
1
 ADDITIONAL PK PARAMETERS - ASSIGNMENT OF ROWS IN GG
 COMPT. NO.                             INDICES
              SCALE      BIOAVAIL.   ZERO-ORDER  ZERO-ORDER  ABSORB
                         FRACTION    RATE        DURATION    LAG
    1            *          18           *           *           *
    2            *          19           *           *           *
    3           20           *           *           *           *
    4           21           *           *           *           *
    5            *           *           *           *           *
    6            *           *           *           *           *
    7            *           *           *           *           *
    8            *           -           -           -           -
             - PARAMETER IS NOT ALLOWED FOR THIS MODEL
             * PARAMETER IS NOT SUPPLIED BY PK SUBROUTINE;
               WILL DEFAULT TO ONE IF APPLICABLE
0DATA ITEM INDICES USED BY PRED ARE:
   EVENT ID DATA ITEM IS DATA ITEM NO.:      7
   TIME DATA ITEM IS DATA ITEM NO.:          8
   DOSE AMOUNT DATA ITEM IS DATA ITEM NO.:   5
   DOSE RATE DATA ITEM IS DATA ITEM NO.:     6
   COMPT. NO. DATA ITEM IS DATA ITEM NO.:   11

0PK SUBROUTINE CALLED WITH EVERY EVENT RECORD.
 PK SUBROUTINE NOT CALLED AT NONEVENT (ADDITIONAL OR LAGGED) DOSE TIMES.
0PK SUBROUTINE INDICATES THAT COMPARTMENT AMOUNTS ARE INITIALIZED.
0ERROR SUBROUTINE CALLED WITH EVERY EVENT RECORD.
0ERROR SUBROUTINE INDICATES THAT DERIVATIVES OF COMPARTMENT AMOUNTS ARE USED.
0DES SUBROUTINE USES FULL STORAGE MODE.
1


 #TBLN:      1
 #METH: First Order Conditional Estimation with Interaction

 ESTIMATION STEP OMITTED:                 NO  
 ANALYSIS TYPE:                           POPULATION
 CONDITIONAL ESTIMATES USED:              YES 
 CENTERED ETA:                            NO  
 EPS-ETA INTERACTION:                     YES 
 LAPLACIAN OBJ. FUNC.:                    NO  
 NO. OF FUNCT. EVALS. ALLOWED:            9999
 NO. OF SIG. FIGURES REQUIRED:            3
 INTERMEDIATE PRINTOUT:                   YES 
 ESTIMATE OUTPUT TO MSF:                  NO  
 ABORT WITH PRED EXIT CODE 1:             NO  
 IND. OBJ. FUNC. VALUES SORTED:           NO  
 NUMERICAL DERIVATIVE 
       FILE REQUEST (NUMDER):             NONE
 MAP (ETAHAT) ESTIMATION METHOD (OPTMAP): 0           
 ETA HESSIAN EVALUATION METHOD (ETADER):  0           
 INITIAL ETA FOR MAP ESTIMATION (MCETA):  0           
 SIGDIGITS FOR MAP ESTIMATION (SIGLO):    100         
 GRADIENT SIGDIGITS OF 
       FIXED EFFECTS PARAMETERS (SIGL):   100         
 EXCLUDE TITLE (NOTITLE):                 NO 
 EXCLUDE COLUMN LABELS (NOLABEL):         NO 
 NOPRIOR SETTING (NOPRIOR):               OFF
 NOCOV SETTING (NOCOV):                   OFF
 DERCONT SETTING (DERCONT):               OFF
 ABSOLUTE TOLERANCE-ADVAN 9,13 ONLY(ATOL):-100        
 FINAL ETA RE-EVALUATION (FNLETA):        ON 
 EXCLUDE NON-INFLUENTIAL (NON-INFL.) ETAS 
       IN SHRINKAGE (ETASTYPE):           NO 
 NON-INFL. ETA CORRECTION (NONINFETA):    OFF
 FORMAT FOR ADDITIONAL FILES (FORMAT):    S1PE12.5
 PARAMETER ORDER FOR OUTPUTS (ORDER):     TSOL
 ADDITIONAL CONVERGENCE TEST (CTYPE=4)?:  NO
 EM OR BAYESIAN METHOD USED:                NONE


 THE FOLLOWING LABELS ARE EQUIVALENT
 PRED=PREDI
 RES=RESI
 WRES=WRESI
 IWRS=IWRESI
 IPRD=IPREDI
 IRS=IRESI

 MONITORING OF SEARCH:


0ITERATION NO.:    0    OBJECTIVE VALUE:   13838.3651973725        NO. OF FUNC. EVALS.:  11
 CUMULATIVE NO. OF FUNC. EVALS.:       11
 NPARAMETR:  5.7200E+00  8.0400E-02  6.2400E+00  2.5000E+01  3.7400E+00 -1.0000E-01  8.4960E-01  5.0000E-02  7.0000E-02  8.0000E+00

 PARAMETER:  1.0000E-01  1.0000E-01  1.0000E-01  1.0000E-01  1.0000E-01 -1.0000E-01  1.0000E-01  1.0000E-01  1.0000E-01  1.0000E-01

 GRADIENT:   9.0752E+02 -1.8203E+01  3.0282E+03  4.7478E+02  5.1754E+03  2.1962E+03  2.1257E+03 -7.7164E+03 -5.3733E+03 -3.5453E+03


0ITERATION NO.:    1    OBJECTIVE VALUE:   6904.78642713815        NO. OF FUNC. EVALS.:  12
 CUMULATIVE NO. OF FUNC. EVALS.:       23
 NPARAMETR:  5.3303E+00  8.0514E-02  5.1407E+00  2.4094E+01  2.5009E+00 -2.7077E-01  7.2016E-01  1.6601E-01  1.6144E-01  1.3885E+01

 PARAMETER:  2.9434E-02  1.0142E-01 -1.3546E-01  6.3082E-02 -3.0242E-01 -2.7077E-01 -6.5288E-02  7.0000E-01  5.1781E-01  3.7567E-01

 GRADIENT:  -3.4043E+02  1.1306E+02  7.1827E+02 -2.1515E+02  2.4762E+03  5.8209E+02  1.2780E+03 -1.4327E+03 -2.1018E+03 -2.7520E+03


0ITERATION NO.:    2    OBJECTIVE VALUE:   3197.63825575575        NO. OF FUNC. EVALS.:  12
 CUMULATIVE NO. OF FUNC. EVALS.:       35
 NPARAMETR:  5.9165E+00  7.7772E-02  4.3225E+00  2.5736E+01  1.1708E+00 -4.4919E-01  4.8675E-01  3.9952E-01  5.8556E-01  7.5025E+01

 PARAMETER:  1.3378E-01  6.6762E-02 -3.5562E-01  1.2903E-01 -1.0614E+00 -4.4919E-01 -4.5701E-01  1.1391E+00  1.1620E+00  1.2192E+00

 GRADIENT:  -2.3168E+02  3.2886E+01  2.0316E+02 -1.4774E+02  7.5176E+02  1.6693E+02  3.1787E+02 -2.3843E+02 -1.2173E+02 -2.1128E+02


0ITERATION NO.:    3    OBJECTIVE VALUE:   2481.06614743209        NO. OF FUNC. EVALS.:  12
 CUMULATIVE NO. OF FUNC. EVALS.:       47
 NPARAMETR:  8.8382E+00  7.5082E-02  3.6910E+00  3.3264E+01  5.0491E-01 -6.2511E-01  3.6864E-01  4.4073E-01  2.4494E-01  3.0197E+01

 PARAMETER:  5.3511E-01  3.1563E-02 -5.6641E-01  3.8560E-01 -1.9025E+00 -6.2511E-01 -7.3495E-01  1.1882E+00  7.2626E-01  7.6415E-01

 GRADIENT:   2.1519E+02  5.6337E+01  4.9818E+01 -1.0132E+02  3.2990E+02  1.0636E+01  8.3254E+01  3.4774E+01  1.0919E+02  2.2622E+02


0ITERATION NO.:    4    OBJECTIVE VALUE:   2276.53140576045        NO. OF FUNC. EVALS.:  12
 CUMULATIVE NO. OF FUNC. EVALS.:       59
 NPARAMETR:  6.5898E+00  6.8299E-02  3.4070E+00  4.0272E+01  2.6421E-01 -6.6888E-01  3.0807E-01  4.1497E-01  1.6721E-01  1.4419E+01

 PARAMETER:  2.4156E-01 -6.3126E-02 -6.7794E-01  5.7679E-01 -2.5501E+00 -6.6888E-01 -9.1445E-01  1.1581E+00  5.3536E-01  3.9454E-01

 GRADIENT:   2.2235E+02  3.9161E+01 -3.0635E+00  1.0519E+02 -5.8385E+01 -8.2159E+01 -9.5542E+01  3.2935E+01  1.7828E+02  7.2854E+01


0ITERATION NO.:    5    OBJECTIVE VALUE:   2220.87299464989        NO. OF FUNC. EVALS.:  12
 CUMULATIVE NO. OF FUNC. EVALS.:       71
 NPARAMETR:  4.6202E+00  5.6515E-02  2.7845E+00  2.4406E+01  1.5343E-01 -4.9489E-01  3.4603E-01  7.3279E-01  3.1260E-02  2.0892E+01

 PARAMETER: -1.1354E-01 -2.5251E-01 -9.7721E-01  7.5938E-02 -3.0936E+00 -4.9489E-01 -7.9825E-01  1.4424E+00 -3.0308E-01  5.7997E-01

 GRADIENT:  -5.5083E+01  8.8867E+01 -3.2061E+01 -1.4795E+01  8.4067E+01 -4.9763E+01 -9.2873E+01  2.6709E+01 -5.3566E+01  7.3637E+01


0ITERATION NO.:    6    OBJECTIVE VALUE:   2181.72593042287        NO. OF FUNC. EVALS.:  12
 CUMULATIVE NO. OF FUNC. EVALS.:       83
 NPARAMETR:  4.6316E+00  4.0934E-02  2.7564E+00  1.9434E+01  1.0863E-01 -2.6036E-01  4.9131E-01  8.3781E-01  2.4155E-02  2.0810E+01

 PARAMETER: -1.1106E-01 -5.7506E-01 -9.9304E-01 -1.5188E-01 -3.4389E+00 -2.6036E-01 -4.4770E-01  1.5094E+00 -4.3199E-01  5.7799E-01

 GRADIENT:  -1.0578E+01  1.1320E+00 -3.7688E+01  1.9450E+01 -1.1631E+01 -2.5632E+01 -3.0999E+01  1.9334E+01 -4.0778E+01  1.0366E+02


0ITERATION NO.:    7    OBJECTIVE VALUE:   2177.05940085708        NO. OF FUNC. EVALS.:  12
 CUMULATIVE NO. OF FUNC. EVALS.:       95
 NPARAMETR:  4.7177E+00  4.2840E-02  2.8456E+00  1.2322E+01  8.8977E-02 -1.0425E-01  5.2324E-01  1.2730E+00  3.0291E-02  1.2624E+01

 PARAMETER: -9.2638E-02 -5.2955E-01 -9.4351E-01 -6.0750E-01 -3.6385E+00 -1.0425E-01 -3.8472E-01  1.7186E+00 -3.1882E-01  3.2808E-01

 GRADIENT:  -8.5176E+01 -2.9543E-01 -2.1935E+01 -8.4210E+01  5.4568E+01 -3.3928E+01 -6.9427E+01  3.4905E+01 -1.2689E+02 -5.2503E+01


0ITERATION NO.:    8    OBJECTIVE VALUE:   2177.02465762241        NO. OF FUNC. EVALS.:  15
 CUMULATIVE NO. OF FUNC. EVALS.:      110
 NPARAMETR:  4.7179E+00  4.2887E-02  2.8457E+00  1.2315E+01  8.8917E-02 -1.0347E-01  5.2355E-01  1.2732E+00  3.0302E-02  1.2618E+01

 PARAMETER: -9.2604E-02 -5.2843E-01 -9.4348E-01 -6.0804E-01 -3.6391E+00 -1.0347E-01 -3.8413E-01  1.7187E+00 -3.1864E-01  3.2785E-01

 GRADIENT:  -4.0260E+01  7.2823E+01 -1.5351E+01 -1.6117E+01  5.6595E+01  1.3510E+01 -5.8044E+01  3.4906E+01 -1.2699E+02 -5.2623E+01


0ITERATION NO.:    9    OBJECTIVE VALUE:   2177.02465762241        NO. OF FUNC. EVALS.:  26
 CUMULATIVE NO. OF FUNC. EVALS.:      136
 NPARAMETR:  4.7179E+00  4.2887E-02  2.8457E+00  1.2315E+01  8.8917E-02 -1.0347E-01  5.2355E-01  1.2732E+00  3.0302E-02  1.2618E+01

 PARAMETER: -9.2604E-02 -5.2843E-01 -9.4348E-01 -6.0804E-01 -3.6391E+00 -1.0347E-01 -3.8413E-01  1.7187E+00 -3.1864E-01  3.2785E-01

 GRADIENT:  -1.4327E+02  2.0341E+01 -3.1523E+01 -6.1921E+01  4.6468E+01 -3.0064E+00 -8.5244E+01  3.4906E+01 -1.2705E+02 -5.2770E+01


0ITERATION NO.:   10    OBJECTIVE VALUE:   2169.68384948929        NO. OF FUNC. EVALS.:  41
 CUMULATIVE NO. OF FUNC. EVALS.:      177             RESET HESSIAN, TYPE I
 NPARAMETR:  4.7190E+00  4.2878E-02  2.8630E+00  1.2330E+01  8.1348E-02 -1.0132E-01  5.2525E-01  8.4039E-01  3.0548E-02  1.2722E+01

 PARAMETER: -9.2381E-02 -5.2865E-01 -9.3416E-01 -6.0684E-01 -3.7281E+00 -1.0132E-01 -3.8089E-01  1.5109E+00 -3.1461E-01  3.3194E-01

 GRADIENT:  -5.6401E+01  5.0124E+01 -4.9525E+01 -5.1603E+01 -3.6546E+00 -2.3743E+01 -5.2661E+01  5.2305E+00 -1.1506E+02 -5.4344E+01


0ITERATION NO.:   11    OBJECTIVE VALUE:   2167.93168568803        NO. OF FUNC. EVALS.:  12
 CUMULATIVE NO. OF FUNC. EVALS.:      189
 NPARAMETR:  4.7202E+00  4.2840E-02  2.9038E+00  1.2359E+01  7.9099E-02 -9.7374E-02  5.2749E-01  6.4832E-01  3.0944E-02  1.2892E+01

 PARAMETER: -9.2115E-02 -5.2954E-01 -9.1249E-01 -6.0449E-01 -3.7561E+00 -9.7374E-02 -3.7663E-01  1.3812E+00 -3.0816E-01  3.3859E-01

 GRADIENT:   5.8187E-01  5.5824E+01 -5.8447E+01 -4.6858E+01 -2.0534E+01 -3.5255E+01 -5.5727E+01 -1.6957E+01 -1.0776E+02 -4.9640E+01


0ITERATION NO.:   12    OBJECTIVE VALUE:   2115.38905357321        NO. OF FUNC. EVALS.:  17
 CUMULATIVE NO. OF FUNC. EVALS.:      206
 NPARAMETR:  4.7525E+00  4.1164E-02  5.9042E+00  1.3548E+01  1.1465E-01  8.6202E-02  6.2171E-01  1.5396E-01  5.0740E-02  2.1415E+01

 PARAMETER: -8.5303E-02 -5.6945E-01  3.3777E-02 -5.1263E-01 -3.3850E+00  8.6202E-02 -2.1230E-01  6.6234E-01 -6.0889E-02  5.9231E-01

 GRADIENT:  -1.2073E+02  2.9859E+01  3.8341E+01 -7.8295E+01  1.6559E+02  7.2304E+01  9.2578E+00  2.9866E+01  1.2733E+01  2.1106E+02


0ITERATION NO.:   13    OBJECTIVE VALUE:   2101.53849226129        NO. OF FUNC. EVALS.:  12
 CUMULATIVE NO. OF FUNC. EVALS.:      218
 NPARAMETR:  4.7457E+00  4.1515E-02  5.0046E+00  1.3289E+01  1.0179E-01  4.6424E-02  6.0036E-01  1.9928E-01  4.5669E-02  1.9162E+01

 PARAMETER: -8.6724E-02 -5.6097E-01 -1.6889E-01 -5.3197E-01 -3.5039E+00  4.6424E-02 -2.4724E-01  7.9136E-01 -1.1354E-01  5.3675E-01

 GRADIENT:  -9.4390E+01  2.9001E+01 -3.0244E+01 -6.5231E+01  6.0568E+01  1.8498E+01 -1.1016E+00  2.8380E+01  7.5435E-01  1.6906E+02


0ITERATION NO.:   14    OBJECTIVE VALUE:   2094.71697747609        NO. OF FUNC. EVALS.:  12
 CUMULATIVE NO. OF FUNC. EVALS.:      230
 NPARAMETR:  4.7475E+00  4.1457E-02  5.1450E+00  1.3341E+01  9.3918E-02  5.1457E-02  6.0382E-01  1.3916E-01  4.6430E-02  1.9248E+01

 PARAMETER: -8.6347E-02 -5.6235E-01 -1.3442E-01 -5.2805E-01 -3.5844E+00  5.1457E-02 -2.4150E-01  6.1179E-01 -1.0528E-01  5.3898E-01

 GRADIENT:  -3.4230E+01  3.1018E+01 -2.7535E+01 -4.1650E+01  7.8708E+00  3.3168E+01  2.3824E+01  2.7682E+00  1.3073E+01  1.6880E+02


0ITERATION NO.:   15    OBJECTIVE VALUE:   2094.67475663695        NO. OF FUNC. EVALS.:  13
 CUMULATIVE NO. OF FUNC. EVALS.:      243
 NPARAMETR:  4.7473E+00  4.1471E-02  5.1146E+00  1.3332E+01  9.3335E-02  4.9485E-02  6.0286E-01  1.3857E-01  4.6218E-02  1.9102E+01

 PARAMETER: -8.6394E-02 -5.6203E-01 -1.4178E-01 -5.2873E-01 -3.5906E+00  4.9485E-02 -2.4308E-01  6.0968E-01 -1.0757E-01  5.3517E-01

 GRADIENT:  -1.6971E+01  3.6235E+01 -3.3430E+01 -3.2417E+01  1.8844E-01  3.1349E+01  3.3466E+01  9.4976E-01  1.1598E+01  1.6514E+02


0ITERATION NO.:   16    OBJECTIVE VALUE:   2094.11184580173        NO. OF FUNC. EVALS.:  14
 CUMULATIVE NO. OF FUNC. EVALS.:      257
 NPARAMETR:  4.7463E+00  4.1514E-02  5.0154E+00  1.3297E+01  9.2520E-02  4.1455E-02  5.9878E-01  1.4086E-01  4.5414E-02  1.8472E+01

 PARAMETER: -8.6612E-02 -5.6099E-01 -1.6619E-01 -5.3137E-01 -3.5994E+00  4.1455E-02 -2.4987E-01  6.1788E-01 -1.1634E-01  5.1840E-01

 GRADIENT:  -7.8204E+01  2.5235E+01 -8.0913E+01 -4.5760E+01 -6.6698E+00  1.0717E+01  7.4871E+00 -3.0375E+00  6.3359E+00  1.5232E+02


0ITERATION NO.:   17    OBJECTIVE VALUE:   2087.85493671704        NO. OF FUNC. EVALS.:  15
 CUMULATIVE NO. OF FUNC. EVALS.:      272
 NPARAMETR:  4.7464E+00  4.1518E-02  5.0516E+00  1.3296E+01  8.8131E-02  2.4190E-02  5.9199E-01  1.2570E-01  4.4359E-02  1.6536E+01

 PARAMETER: -8.6579E-02 -5.6090E-01 -1.5721E-01 -5.3141E-01 -3.6480E+00  2.4190E-02 -2.6128E-01  5.6092E-01 -1.2810E-01  4.6303E-01

 GRADIENT:  -4.9462E+01  2.3731E+01 -8.0666E+01 -3.2739E+01 -4.0686E+01  1.9410E+01  8.0235E+00 -1.6970E+01 -5.2735E+00  1.1018E+02


0ITERATION NO.:   18    OBJECTIVE VALUE:   2080.26059869656        NO. OF FUNC. EVALS.:  12
 CUMULATIVE NO. OF FUNC. EVALS.:      284
 NPARAMETR:  4.7472E+00  4.1521E-02  5.1428E+00  1.3310E+01  8.5000E-02 -9.1785E-03  5.8052E-01  1.2868E-01  4.2559E-02  1.3480E+01

 PARAMETER: -8.6409E-02 -5.6082E-01 -1.3494E-01 -5.3035E-01 -3.6842E+00 -9.1785E-03 -2.8084E-01  5.7266E-01 -1.4881E-01  3.6090E-01

 GRADIENT:  -9.1683E-01  2.6734E+01 -5.0452E+01 -3.9531E+00 -5.8366E+01  3.6547E+01 -1.8850E+00 -1.5396E+01 -3.5534E+01  3.4197E+01


0ITERATION NO.:   19    OBJECTIVE VALUE:   2073.70288582708        NO. OF FUNC. EVALS.:  12
 CUMULATIVE NO. OF FUNC. EVALS.:      296
 NPARAMETR:  4.7488E+00  4.1480E-02  5.3033E+00  1.3357E+01  8.9057E-02 -3.7186E-02  5.7446E-01  1.4869E-01  4.1731E-02  1.1573E+01

 PARAMETER: -8.6069E-02 -5.6180E-01 -9.6942E-02 -5.2685E-01 -3.6376E+00 -3.7186E-02 -2.9134E-01  6.4491E-01 -1.5862E-01  2.8460E-01

 GRADIENT:   4.8734E+01  4.1259E+01 -3.4843E+01 -1.8513E+01 -3.1360E+01  1.8345E+01 -2.2050E+01  8.2986E+00 -6.4124E+01 -1.5942E+01


0ITERATION NO.:   20    OBJECTIVE VALUE:   2063.57710512633        NO. OF FUNC. EVALS.:  12
 CUMULATIVE NO. OF FUNC. EVALS.:      308
 NPARAMETR:  4.7516E+00  4.1293E-02  5.7090E+00  1.3498E+01  9.9260E-02 -3.5988E-02  5.8277E-01  1.3057E-01  4.3707E-02  1.1670E+01

 PARAMETER: -8.5490E-02 -5.6633E-01 -6.8456E-03 -5.1636E-01 -3.5291E+00 -3.5988E-02 -2.7697E-01  5.7995E-01 -1.3549E-01  2.8879E-01

 GRADIENT:   1.9323E+01  4.9916E+01  3.3754E+01 -3.2477E+01  4.0579E+01  3.6889E+01 -2.1353E+00  2.0828E+01 -6.0740E+01  6.0991E+00


0ITERATION NO.:   21    OBJECTIVE VALUE:   2063.39990107584        NO. OF FUNC. EVALS.:  12
 CUMULATIVE NO. OF FUNC. EVALS.:      320
 NPARAMETR:  4.7509E+00  4.1305E-02  5.6438E+00  1.3479E+01  9.5647E-02 -3.5439E-02  5.8188E-01  1.1820E-01  4.3586E-02  1.1754E+01

 PARAMETER: -8.5629E-02 -5.6602E-01 -2.0798E-02 -5.1773E-01 -3.5662E+00 -3.5439E-02 -2.7850E-01  5.3019E-01 -1.3688E-01  2.9237E-01

 GRADIENT:   3.2401E+01  4.6140E+01  3.1622E+01 -2.3518E+01  6.7426E+00  5.1111E+01 -2.0508E+01  1.0089E+01 -5.6321E+01  4.2237E+00


0ITERATION NO.:   22    OBJECTIVE VALUE:   2063.39642588129        NO. OF FUNC. EVALS.:  12
 CUMULATIVE NO. OF FUNC. EVALS.:      332
 NPARAMETR:  4.7509E+00  4.1305E-02  5.6397E+00  1.3479E+01  9.5555E-02 -3.5686E-02  5.8187E-01  1.1724E-01  4.3588E-02  1.1756E+01

 PARAMETER: -8.5639E-02 -5.6604E-01 -2.1675E-02 -5.1776E-01 -3.5671E+00 -3.5686E-02 -2.7851E-01  5.2612E-01 -1.3685E-01  2.9248E-01

 GRADIENT:   1.1490E+01  3.9965E+01  5.6998E+01 -3.0014E+01 -8.1060E-01  6.4687E+01 -2.1691E+01  9.5752E+00 -5.6587E+01  3.8279E+00


0ITERATION NO.:   23    OBJECTIVE VALUE:   2063.39642588129        NO. OF FUNC. EVALS.:  26
 CUMULATIVE NO. OF FUNC. EVALS.:      358
 NPARAMETR:  4.7509E+00  4.1305E-02  5.6397E+00  1.3479E+01  9.5555E-02 -3.5686E-02  5.8187E-01  1.1724E-01  4.3588E-02  1.1756E+01

 PARAMETER: -8.5639E-02 -5.6604E-01 -2.1675E-02 -5.1776E-01 -3.5671E+00 -3.5686E-02 -2.7851E-01  5.2612E-01 -1.3685E-01  2.9248E-01

 GRADIENT:  -7.7728E+01  2.3251E+01 -3.7883E+01 -4.1113E+01 -1.1381E+01  3.0610E+01 -4.8353E+01  9.5752E+00 -5.6620E+01  3.7176E+00


0ITERATION NO.:   24    OBJECTIVE VALUE:   2057.57910891158        NO. OF FUNC. EVALS.:  24
 CUMULATIVE NO. OF FUNC. EVALS.:      382
 NPARAMETR:  4.7556E+00  4.1038E-02  6.3006E+00  1.3684E+01  1.0367E-01 -4.4331E-02  5.9010E-01  8.2091E-02  4.6011E-02  1.1195E+01

 PARAMETER: -8.4648E-02 -5.7251E-01  1.1150E-01 -5.0264E-01 -3.4857E+00 -4.4331E-02 -2.6447E-01  3.4790E-01 -1.0981E-01  2.6803E-01

 GRADIENT:  -9.6246E+01  3.1043E+01 -5.8670E+00 -5.7589E+01  2.0234E+01  3.9798E+01 -5.8774E+01  2.9655E-01 -5.8796E+01  2.7348E+00


0ITERATION NO.:   25    OBJECTIVE VALUE:   2057.57806229901        NO. OF FUNC. EVALS.:  24
 CUMULATIVE NO. OF FUNC. EVALS.:      406
 NPARAMETR:  4.7556E+00  4.1037E-02  6.3031E+00  1.3685E+01  1.0368E-01 -4.4365E-02  5.9014E-01  8.1986E-02  4.6022E-02  1.1194E+01

 PARAMETER: -8.4644E-02 -5.7254E-01  1.1198E-01 -5.0257E-01 -3.4856E+00 -4.4365E-02 -2.6440E-01  3.4726E-01 -1.0969E-01  2.6799E-01

 GRADIENT:  -9.1857E+01  2.8179E+01  6.8666E+01 -4.7507E+01  8.2360E+01  1.3598E+02 -6.6885E+01 -7.7083E-01 -5.7383E+01  4.8467E+00


0ITERATION NO.:   26    OBJECTIVE VALUE:   2055.93679004918        NO. OF FUNC. EVALS.:  24
 CUMULATIVE NO. OF FUNC. EVALS.:      430
 NPARAMETR:  4.7572E+00  4.0948E-02  6.4624E+00  1.3750E+01  1.0108E-01 -5.2160E-02  5.9321E-01  7.1796E-02  4.6840E-02  1.1061E+01

 PARAMETER: -8.4303E-02 -5.7472E-01  1.4157E-01 -4.9784E-01 -3.5109E+00 -5.2160E-02 -2.5922E-01  2.8090E-01 -1.0088E-01  2.6201E-01

 GRADIENT:  -6.7065E+01  2.3902E+01  5.8977E+01 -3.4480E+01  4.6781E+01  1.1150E+02 -7.2428E+01 -1.1454E+01 -5.0744E+01  1.7886E+00


0ITERATION NO.:   27    OBJECTIVE VALUE:   2053.69150082269        NO. OF FUNC. EVALS.:  21
 CUMULATIVE NO. OF FUNC. EVALS.:      451
 NPARAMETR:  4.7609E+00  4.0792E-02  6.7172E+00  1.3874E+01  9.7254E-02 -6.3822E-02  6.0206E-01  7.3896E-02  4.8645E-02  1.1172E+01

 PARAMETER: -8.3526E-02 -5.7852E-01  1.8716E-01 -4.8885E-01 -3.5495E+00 -6.3822E-02 -2.4441E-01  2.9532E-01 -8.1973E-02  2.6699E-01

 GRADIENT:  -2.1156E+01  1.7551E+01  6.1073E+01 -1.1310E+01  1.9562E+01  1.2953E+02 -6.7716E+01 -1.1108E+01 -3.4679E+01  9.8969E+00


0ITERATION NO.:   28    OBJECTIVE VALUE:   2052.23462755677        NO. OF FUNC. EVALS.:  21
 CUMULATIVE NO. OF FUNC. EVALS.:      472
 NPARAMETR:  4.7681E+00  4.0515E-02  7.2321E+00  1.4108E+01  9.2877E-02 -1.0257E-01  6.1538E-01  8.5502E-02  5.1362E-02  1.0594E+01

 PARAMETER: -8.2031E-02 -5.8533E-01  2.7340E-01 -4.7212E-01 -3.5956E+00 -1.0257E-01 -2.2252E-01  3.6826E-01 -5.4797E-02  2.4041E-01

 GRADIENT:  -2.1562E+01 -2.2174E-01  1.3896E+02  3.0916E+01  2.9387E+01  1.6499E+02 -9.4290E+01 -4.1646E+00 -2.4123E+01  3.2367E+00


0ITERATION NO.:   29    OBJECTIVE VALUE:   2050.79072611749        NO. OF FUNC. EVALS.:  21
 CUMULATIVE NO. OF FUNC. EVALS.:      493
 NPARAMETR:  4.7664E+00  4.0609E-02  6.9778E+00  1.4032E+01  9.6142E-02 -9.2305E-02  6.1410E-01  8.9316E-02  5.0686E-02  1.1007E+01

 PARAMETER: -8.2376E-02 -5.8302E-01  2.3173E-01 -4.7752E-01 -3.5610E+00 -9.2305E-02 -2.2461E-01  3.9008E-01 -6.1426E-02  2.5954E-01

 GRADIENT:  -7.7075E+00  1.1673E+01  6.5420E+01  8.5878E+00  1.4245E+01  8.3918E+01 -6.2056E+01  3.4714E+00 -2.5189E+01  1.3871E+01


0ITERATION NO.:   30    OBJECTIVE VALUE:   2046.31686504230        NO. OF FUNC. EVALS.:  23
 CUMULATIVE NO. OF FUNC. EVALS.:      516
 NPARAMETR:  4.7726E+00  4.0447E-02  6.6944E+00  1.4142E+01  1.0824E-01 -1.3652E-01  6.3873E-01  7.6355E-02  5.3342E-02  1.1454E+01

 PARAMETER: -8.1087E-02 -5.8702E-01  1.8316E-01 -4.6976E-01 -3.4425E+00 -1.3652E-01 -1.8529E-01  3.1168E-01 -3.5888E-02  2.7946E-01

 GRADIENT:  -1.0871E+02  5.1714E+01 -2.4459E+02 -9.9655E+01 -5.9273E+01  7.7859E+01  5.3943E+01  1.3251E+01 -4.4342E+01  4.3335E+01


0ITERATION NO.:   31    OBJECTIVE VALUE:   2046.19480822322        NO. OF FUNC. EVALS.:  22
 CUMULATIVE NO. OF FUNC. EVALS.:      538
 NPARAMETR:  4.7739E+00  4.0407E-02  6.6809E+00  1.4172E+01  1.0995E-01 -1.4578E-01  6.4328E-01  7.4782E-02  5.3912E-02  1.1475E+01

 PARAMETER: -8.0805E-02 -5.8802E-01  1.8079E-01 -4.6764E-01 -3.4268E+00 -1.4578E-01 -1.7819E-01  3.0128E-01 -3.0572E-02  2.8035E-01

 GRADIENT:  -1.0835E+02  1.8477E+01  6.4073E+01 -4.4629E+01  9.3947E+01  9.5443E+01 -3.1182E+01  1.1672E+01 -2.2330E+01  4.3738E+01


0ITERATION NO.:   32    OBJECTIVE VALUE:   2044.50618703793        NO. OF FUNC. EVALS.:  24
 CUMULATIVE NO. OF FUNC. EVALS.:      562
 NPARAMETR:  4.7751E+00  4.0362E-02  6.7273E+00  1.4207E+01  1.0820E-01 -1.4368E-01  6.4543E-01  6.3579E-02  5.4392E-02  1.1398E+01

 PARAMETER: -8.0554E-02 -5.8913E-01  1.8892E-01 -4.6515E-01 -3.4429E+00 -1.4368E-01 -1.7485E-01  2.2013E-01 -2.6142E-02  2.7700E-01

 GRADIENT:  -8.2975E+01  1.6635E+01  6.7631E+01 -3.7587E+01  7.9247E+01  1.1134E+02 -3.9302E+01  2.1599E-01 -1.7705E+01  4.2132E+01


0ITERATION NO.:   33    OBJECTIVE VALUE:   2042.70858973249        NO. OF FUNC. EVALS.:  21
 CUMULATIVE NO. OF FUNC. EVALS.:      583
 NPARAMETR:  4.7821E+00  4.0167E-02  6.7497E+00  1.4371E+01  1.0902E-01 -1.5912E-01  6.6310E-01  4.6812E-02  5.6854E-02  1.1181E+01

 PARAMETER: -7.9099E-02 -5.9398E-01  1.9283E-01 -4.5369E-01 -3.4353E+00 -1.5912E-01 -1.4784E-01  6.7058E-02 -4.0073E-03  2.6740E-01

 GRADIENT:  -8.7984E+01  1.4625E+01  6.5304E+01 -3.2870E+01  7.3176E+01  1.0981E+02 -2.4215E+01 -1.7087E+01 -1.0234E+01  4.1901E+01


0ITERATION NO.:   34    OBJECTIVE VALUE:   2040.15059816294        NO. OF FUNC. EVALS.:  21
 CUMULATIVE NO. OF FUNC. EVALS.:      604
 NPARAMETR:  4.7885E+00  4.0025E-02  6.8854E+00  1.4519E+01  1.0514E-01 -1.5920E-01  6.7229E-01  4.8442E-02  5.8178E-02  1.0557E+01

 PARAMETER: -7.7755E-02 -5.9750E-01  2.1616E-01 -4.4342E-01 -3.4716E+00 -1.5920E-01 -1.3408E-01  8.4172E-02  7.5065E-03  2.3866E-01

 GRADIENT:  -4.9731E+01  7.6503E+00  7.1142E+01 -8.8184E+00  4.2883E+01  1.1479E+02 -3.5764E+01 -1.8196E+01 -5.9783E+00  2.8557E+01


0ITERATION NO.:   35    OBJECTIVE VALUE:   2034.13567933004        NO. OF FUNC. EVALS.:  22
 CUMULATIVE NO. OF FUNC. EVALS.:      626
 NPARAMETR:  4.8152E+00  3.9457E-02  7.1069E+00  1.5107E+01  1.0332E-01 -1.9804E-01  7.2378E-01  5.6237E-02  6.4811E-02  8.8025E+00

 PARAMETER: -7.2197E-02 -6.1181E-01  2.5309E-01 -4.0369E-01 -3.4891E+00 -1.9804E-01 -6.0273E-02  1.5877E-01  6.1487E-02  1.4780E-01

 GRADIENT:  -1.1143E+01 -7.5332E+00  1.2731E+02  2.8405E+01  5.9374E+01  8.1970E+01 -2.2230E+01 -3.0322E+00  2.6455E+00 -3.9570E+00


0ITERATION NO.:   36    OBJECTIVE VALUE:   2033.21561463132        NO. OF FUNC. EVALS.:  21
 CUMULATIVE NO. OF FUNC. EVALS.:      647
 NPARAMETR:  4.8152E+00  3.9464E-02  6.9888E+00  1.5089E+01  1.0744E-01 -2.0849E-01  7.2641E-01  5.4857E-02  6.4984E-02  8.9639E+00

 PARAMETER: -7.2185E-02 -6.1163E-01  2.3356E-01 -4.0490E-01 -3.4499E+00 -2.0849E-01 -5.6654E-02  1.4636E-01  6.2823E-02  1.5688E-01

 GRADIENT:  -3.4071E+01 -6.0786E+00  1.2110E+02  1.8061E+00  8.9639E+01  8.4942E+01 -3.2091E+01  5.4830E-01  9.1857E-01  4.4583E+00


0ITERATION NO.:   37    OBJECTIVE VALUE:   2029.57237358713        NO. OF FUNC. EVALS.:  22
 CUMULATIVE NO. OF FUNC. EVALS.:      669
 NPARAMETR:  4.8307E+00  3.9128E-02  6.9377E+00  1.5420E+01  1.1258E-01 -2.4604E-01  7.6563E-01  4.9054E-02  7.0248E-02  8.5756E+00

 PARAMETER: -6.8967E-02 -6.2019E-01  2.2500E-01 -3.8320E-01 -3.4032E+00 -2.4604E-01 -4.0676E-03  9.0452E-02  1.0177E-01  1.3474E-01

 GRADIENT:  -8.1627E+01 -6.3967E+00  3.2607E+01 -2.5219E+00  2.7626E+01  4.8046E+01  2.1871E+01  8.3536E-01 -6.0171E+00  3.1681E+01


0ITERATION NO.:   38    OBJECTIVE VALUE:   2029.15172701465        NO. OF FUNC. EVALS.:  21
 CUMULATIVE NO. OF FUNC. EVALS.:      690
 NPARAMETR:  4.8388E+00  3.8964E-02  6.9129E+00  1.5589E+01  1.1526E-01 -2.6522E-01  7.8454E-01  4.6463E-02  7.2724E-02  8.2293E+00

 PARAMETER: -6.7299E-02 -6.2437E-01  2.2081E-01 -3.7229E-01 -3.3797E+00 -2.6522E-01  2.0338E-02  6.3320E-02  1.1909E-01  1.1413E-01

 GRADIENT:  -7.3855E+01 -3.8735E+00  1.3718E+00 -4.2407E+00  1.7199E+01  1.3991E+01  5.2749E+01  7.4725E-01 -1.1137E+01  3.4229E+01


0ITERATION NO.:   39    OBJECTIVE VALUE:   2028.19012875977        NO. OF FUNC. EVALS.:  22
 CUMULATIVE NO. OF FUNC. EVALS.:      712
 NPARAMETR:  4.8402E+00  3.8959E-02  6.9879E+00  1.5615E+01  1.1234E-01 -2.5967E-01  7.7979E-01  4.7875E-02  7.1978E-02  7.7364E+00

 PARAMETER: -6.7014E-02 -6.2451E-01  2.3341E-01 -3.7064E-01 -3.4053E+00 -2.5967E-01  1.4259E-02  7.8287E-02  1.1393E-01  8.3248E-02

 GRADIENT:  -4.2028E+01 -6.3499E+00  1.2870E+01  2.2923E-01 -6.4820E+00  3.1933E+01  3.8717E+01 -3.8727E-01 -1.7142E+01  1.9071E+01


0ITERATION NO.:   40    OBJECTIVE VALUE:   2027.56897933244        NO. OF FUNC. EVALS.:  21
 CUMULATIVE NO. OF FUNC. EVALS.:      733
 NPARAMETR:  4.8454E+00  3.8884E-02  6.9853E+00  1.5711E+01  1.1318E-01 -2.6906E-01  7.8435E-01  4.6843E-02  7.2383E-02  7.1451E+00

 PARAMETER: -6.5948E-02 -6.2643E-01  2.3298E-01 -3.6450E-01 -3.3978E+00 -2.6906E-01  2.0091E-02  6.7392E-02  1.1674E-01  4.3493E-02

 GRADIENT:  -7.1031E+01 -8.9396E+00  1.5293E+01  3.1006E+00 -6.0850E+00  2.0014E+01  2.7164E+01 -1.0182E+00 -2.8199E+01  4.5354E+00


0ITERATION NO.:   41    OBJECTIVE VALUE:   2027.50373903079        NO. OF FUNC. EVALS.:  21
 CUMULATIVE NO. OF FUNC. EVALS.:      754
 NPARAMETR:  4.8483E+00  3.8842E-02  6.9694E+00  1.5762E+01  1.1422E-01 -2.7540E-01  7.8820E-01  4.6239E-02  7.2896E-02  6.9423E+00

 PARAMETER: -6.5335E-02 -6.2752E-01  2.3033E-01 -3.6126E-01 -3.3887E+00 -2.7540E-01  2.4989E-02  6.0905E-02  1.2027E-01  2.9096E-02

 GRADIENT:  -7.6984E+01 -1.0457E+01 -1.0203E+01  5.3682E+00 -2.5301E+00  1.0181E+01  1.8219E+01 -7.8427E-01 -3.1935E+01  1.4555E-01


0ITERATION NO.:   42    OBJECTIVE VALUE:   2027.45680679231        NO. OF FUNC. EVALS.:  38
 CUMULATIVE NO. OF FUNC. EVALS.:      792             RESET HESSIAN, TYPE I
 NPARAMETR:  4.8489E+00  3.9004E-02  6.9692E+00  1.5766E+01  1.1510E-01 -2.7573E-01  7.8801E-01  4.6235E-02  7.2910E-02  6.9416E+00

 PARAMETER: -6.5224E-02 -6.2336E-01  2.3030E-01 -3.6103E-01 -3.3811E+00 -2.7573E-01  2.4749E-02  6.0860E-02  1.2037E-01  2.9045E-02

 GRADIENT:  -3.9508E+01 -2.2710E+00  1.7432E+01  4.6658E+00  3.7977E+01  1.4761E+01  7.1036E+01 -1.4173E-02 -3.2433E+01  8.3225E-01


0ITERATION NO.:   43    OBJECTIVE VALUE:   2027.44829305419        NO. OF FUNC. EVALS.:  12
 CUMULATIVE NO. OF FUNC. EVALS.:      804
 NPARAMETR:  4.8488E+00  3.8984E-02  6.9692E+00  1.5765E+01  1.1471E-01 -2.7571E-01  7.8803E-01  4.6236E-02  7.2909E-02  6.9417E+00

 PARAMETER: -6.5234E-02 -6.2386E-01  2.3030E-01 -3.6106E-01 -3.3844E+00 -2.7571E-01  2.4768E-02  6.0866E-02  1.2036E-01  2.9051E-02

 GRADIENT:  -1.0020E+01  5.5825E+00  1.5570E+01  7.6427E+00  2.0170E+01 -5.4498E-01  1.2477E+02 -6.8415E-02 -3.2883E+01  2.0266E-01


0ITERATION NO.:   44    OBJECTIVE VALUE:   2027.44829305419        NO. OF FUNC. EVALS.:  21
 CUMULATIVE NO. OF FUNC. EVALS.:      825
 NPARAMETR:  4.8488E+00  3.8984E-02  6.9692E+00  1.5765E+01  1.1471E-01 -2.7571E-01  7.8803E-01  4.6236E-02  7.2909E-02  6.9417E+00

 PARAMETER: -6.5234E-02 -6.2386E-01  2.3030E-01 -3.6106E-01 -3.3844E+00 -2.7571E-01  2.4768E-02  6.0866E-02  1.2036E-01  2.9051E-02

 GRADIENT:  -7.6404E+01 -7.2258E+00 -1.2302E+01 -8.8946E+00 -6.9062E+00 -1.7176E+01  6.6680E+01 -6.8415E-02 -3.2931E+01  1.7985E-01


0ITERATION NO.:   45    OBJECTIVE VALUE:   2027.42578621297        NO. OF FUNC. EVALS.:  22
 CUMULATIVE NO. OF FUNC. EVALS.:      847
 NPARAMETR:  4.8497E+00  3.9081E-02  6.9695E+00  1.5771E+01  1.1501E-01 -2.7546E-01  7.8789E-01  4.6235E-02  7.2921E-02  6.9415E+00

 PARAMETER: -6.5055E-02 -6.2137E-01  2.3034E-01 -3.6073E-01 -3.3818E+00 -2.7546E-01  2.4597E-02  6.0854E-02  1.2044E-01  2.9037E-02

 GRADIENT:  -5.9446E+01 -6.0921E+00  2.5214E+01 -7.1971E+00  2.4026E+01  2.8867E+01  5.0376E+01 -2.3567E-01 -3.1821E+01  1.2655E+00


0ITERATION NO.:   46    OBJECTIVE VALUE:   2027.37850005611        NO. OF FUNC. EVALS.:  22
 CUMULATIVE NO. OF FUNC. EVALS.:      869
 NPARAMETR:  4.8504E+00  3.9110E-02  6.9693E+00  1.5775E+01  1.1467E-01 -2.7548E-01  7.8758E-01  4.6235E-02  7.2935E-02  6.9415E+00

 PARAMETER: -6.4914E-02 -6.2064E-01  2.3030E-01 -3.6047E-01 -3.3848E+00 -2.7548E-01  2.4197E-02  6.0853E-02  1.2054E-01  2.9035E-02

 GRADIENT:  -7.0060E+01 -7.4729E+00  1.2242E+01 -2.1225E+00  7.4705E+00  1.4788E+01  3.4419E+01 -4.8743E-01 -3.1684E+01  6.4793E-01


0ITERATION NO.:   47    OBJECTIVE VALUE:   2027.10893232094        NO. OF FUNC. EVALS.:  23
 CUMULATIVE NO. OF FUNC. EVALS.:      892
 NPARAMETR:  4.8570E+00  3.9588E-02  6.9677E+00  1.5802E+01  1.1379E-01 -2.7662E-01  7.8563E-01  4.6231E-02  7.3053E-02  6.9406E+00

 PARAMETER: -6.3551E-02 -6.0849E-01  2.3004E-01 -3.5876E-01 -3.3925E+00 -2.7662E-01  2.1715E-02  6.0812E-02  1.2134E-01  2.8976E-02

 GRADIENT:  -7.4999E+01 -9.4867E+00 -2.3637E+01 -3.6242E+00 -3.5094E+01 -3.5459E+01  3.0108E+01 -1.0232E+00 -3.1145E+01 -3.7321E-01


0ITERATION NO.:   48    OBJECTIVE VALUE:   2024.98339793784        NO. OF FUNC. EVALS.:  24
 CUMULATIVE NO. OF FUNC. EVALS.:      916
 NPARAMETR:  4.9251E+00  4.5911E-02  6.9554E+00  1.6124E+01  1.1415E-01 -2.8615E-01  7.6869E-01  4.6180E-02  7.4229E-02  6.9301E+00

 PARAMETER: -4.9618E-02 -4.6032E-01  2.2798E-01 -3.3860E-01 -3.3894E+00 -2.8615E-01 -7.3564E-05  6.0261E-02  1.2933E-01  2.8213E-02

 GRADIENT:  -5.1353E+01  3.7069E+00 -2.4583E+01 -7.8242E+00 -4.1549E+01 -3.1622E+01  1.7287E+01 -3.1973E+00 -2.3423E+01  2.7761E+00


0ITERATION NO.:   49    OBJECTIVE VALUE:   2024.95145076404        NO. OF FUNC. EVALS.:  21
 CUMULATIVE NO. OF FUNC. EVALS.:      937
 NPARAMETR:  4.9266E+00  4.6060E-02  6.9552E+00  1.6131E+01  1.1422E-01 -2.8638E-01  7.6835E-01  4.6179E-02  7.4254E-02  6.9298E+00

 PARAMETER: -4.9316E-02 -4.5708E-01  2.2794E-01 -3.3814E-01 -3.3887E+00 -2.8638E-01 -5.1495E-04  6.0249E-02  1.2950E-01  2.8196E-02

 GRADIENT:  -5.4997E+01 -1.8442E-01 -2.4767E+01 -8.1811E+00 -4.1720E+01 -4.1529E+01  1.4196E+01 -3.1456E+00 -2.3457E+01  2.8194E+00


0ITERATION NO.:   50    OBJECTIVE VALUE:   2024.58154340235        NO. OF FUNC. EVALS.:  23
 CUMULATIVE NO. OF FUNC. EVALS.:      960
 NPARAMETR:  4.9529E+00  4.8774E-02  6.9506E+00  1.6260E+01  1.1509E-01 -2.9008E-01  7.6223E-01  4.6159E-02  7.4706E-02  6.9256E+00

 PARAMETER: -4.3988E-02 -3.9983E-01  2.2718E-01 -3.3015E-01 -3.3811E+00 -2.9008E-01 -8.5131E-03  6.0033E-02  1.3253E-01  2.7890E-02

 GRADIENT:  -5.3309E+01  5.0016E+00  1.1607E+01 -1.4020E+01 -5.5275E+00  2.3950E+01  1.1706E+01 -3.9334E+00 -2.0837E+01  5.0583E+00


0ITERATION NO.:   51    OBJECTIVE VALUE:   2024.54654761633        NO. OF FUNC. EVALS.:  21
 CUMULATIVE NO. OF FUNC. EVALS.:      981
 NPARAMETR:  4.9768E+00  5.1285E-02  6.9463E+00  1.6377E+01  1.1552E-01 -2.9392E-01  7.5666E-01  4.6142E-02  7.5116E-02  6.9218E+00

 PARAMETER: -3.9188E-02 -3.4961E-01  2.2645E-01 -3.2297E-01 -3.3774E+00 -2.9392E-01 -1.5847E-02  5.9847E-02  1.3527E-01  2.7621E-02

 GRADIENT:  -4.1110E+01  1.2777E+01  2.6591E+00 -1.6151E+01 -3.8291E+00  1.2932E+01  6.5440E+00 -4.3592E+00 -1.9577E+01  5.9034E+00


0ITERATION NO.:   52    OBJECTIVE VALUE:   2024.49896479079        NO. OF FUNC. EVALS.:  21
 CUMULATIVE NO. OF FUNC. EVALS.:     1002
 NPARAMETR:  4.9709E+00  5.0578E-02  6.9473E+00  1.6352E+01  1.1552E-01 -2.9338E-01  7.5813E-01  4.6147E-02  7.5013E-02  6.9227E+00

 PARAMETER: -4.0376E-02 -3.6350E-01  2.2662E-01 -3.2453E-01 -3.3774E+00 -2.9338E-01 -1.3915E-02  5.9900E-02  1.3458E-01  2.7685E-02

 GRADIENT:  -5.2585E+01  8.4297E+00  1.3488E+01 -1.9334E+01 -1.1505E+00  3.0305E+01 -3.6587E+00 -4.2052E+00 -1.9692E+01  5.7939E+00


0ITERATION NO.:   53    OBJECTIVE VALUE:   2024.36813857237        NO. OF FUNC. EVALS.:  22
 CUMULATIVE NO. OF FUNC. EVALS.:     1024
 NPARAMETR:  4.9703E+00  5.0173E-02  6.9471E+00  1.6368E+01  1.1600E-01 -2.9560E-01  7.5870E-01  4.6150E-02  7.4997E-02  6.9227E+00

 PARAMETER: -4.0482E-02 -3.7154E-01  2.2658E-01 -3.2354E-01 -3.3732E+00 -2.9560E-01 -1.3154E-02  5.9935E-02  1.3448E-01  2.7680E-02

 GRADIENT:  -6.4789E+01  6.8955E+00 -5.9363E+00 -1.5404E+01 -1.1220E+01 -2.8765E+00 -5.1653E+00 -3.4905E+00 -2.0507E+01  4.9480E+00


0ITERATION NO.:   54    OBJECTIVE VALUE:   2024.13524220174        NO. OF FUNC. EVALS.:  22
 CUMULATIVE NO. OF FUNC. EVALS.:     1046
 NPARAMETR:  4.9731E+00  4.8930E-02  6.9459E+00  1.6463E+01  1.1850E-01 -3.0438E-01  7.6032E-01  4.6160E-02  7.5004E-02  6.9216E+00

 PARAMETER: -3.9926E-02 -3.9663E-01  2.2638E-01 -3.1779E-01 -3.3519E+00 -3.0438E-01 -1.1025E-02  6.0050E-02  1.3452E-01  2.7603E-02

 GRADIENT:  -7.2687E+01  8.5653E+00  1.5017E+01 -1.7909E+01  3.3533E+01  1.7350E+01  2.1452E+01 -1.4755E+00 -2.1675E+01  6.8487E+00


0ITERATION NO.:   55    OBJECTIVE VALUE:   2024.06148408091        NO. OF FUNC. EVALS.:  21
 CUMULATIVE NO. OF FUNC. EVALS.:     1067
 NPARAMETR:  4.9770E+00  4.9458E-02  6.9456E+00  1.6470E+01  1.1787E-01 -3.0301E-01  7.5907E-01  4.6157E-02  7.5076E-02  6.9212E+00

 PARAMETER: -3.9137E-02 -3.8588E-01  2.2633E-01 -3.1731E-01 -3.3572E+00 -3.0301E-01 -1.2676E-02  6.0009E-02  1.3500E-01  2.7573E-02

 GRADIENT:  -6.9648E+01  4.4020E+00 -2.9642E+00 -6.2775E+00  7.1586E+00 -1.7088E+01 -6.9530E+00 -1.5756E+00 -2.1298E+01  6.3341E+00


0ITERATION NO.:   56    OBJECTIVE VALUE:   2024.05539458510        NO. OF FUNC. EVALS.:  21
 CUMULATIVE NO. OF FUNC. EVALS.:     1088
 NPARAMETR:  4.9788E+00  4.9689E-02  6.9455E+00  1.6472E+01  1.1760E-01 -3.0212E-01  7.5857E-01  4.6155E-02  7.5107E-02  6.9210E+00

 PARAMETER: -3.8782E-02 -3.8124E-01  2.2631E-01 -3.1719E-01 -3.3595E+00 -3.0212E-01 -1.3334E-02  5.9992E-02  1.3521E-01  2.7558E-02

 GRADIENT:  -6.4156E+01  5.8936E+00  2.2324E+01 -1.6585E+01  1.3113E+01  1.0403E+01  4.0496E-01 -2.1326E+00 -2.0517E+01  6.6823E+00


0ITERATION NO.:   57    OBJECTIVE VALUE:   2024.03289529504        NO. OF FUNC. EVALS.:  22
 CUMULATIVE NO. OF FUNC. EVALS.:     1110
 NPARAMETR:  4.9883E+00  5.0566E-02  6.9445E+00  1.6508E+01  1.1688E-01 -3.0024E-01  7.5640E-01  4.6149E-02  7.5266E-02  6.9197E+00

 PARAMETER: -3.6878E-02 -3.6374E-01  2.2614E-01 -3.1503E-01 -3.3657E+00 -3.0024E-01 -1.6194E-02  5.9931E-02  1.3627E-01  2.7465E-02

 GRADIENT:  -3.3880E+01  8.0037E+00  3.8860E+01 -1.2515E+01  1.6460E+01  1.7797E+01  6.3630E-01 -2.8790E+00 -1.5750E+01  5.8208E+00


0ITERATION NO.:   58    OBJECTIVE VALUE:   2024.03239856538        NO. OF FUNC. EVALS.:  21
 CUMULATIVE NO. OF FUNC. EVALS.:     1131
 NPARAMETR:  4.9895E+00  5.0621E-02  6.9443E+00  1.6513E+01  1.1672E-01 -2.9983E-01  7.5618E-01  4.6149E-02  7.5285E-02  6.9195E+00

 PARAMETER: -3.6634E-02 -3.6265E-01  2.2611E-01 -3.1472E-01 -3.3671E+00 -2.9983E-01 -1.6488E-02  5.9929E-02  1.3639E-01  2.7454E-02

 GRADIENT:  -2.7609E+01  1.0506E+01  1.2826E+01 -7.1701E+00  8.9617E+00  1.2394E+01  1.6484E+01 -2.8972E+00 -1.7513E+01  6.1785E+00


0ITERATION NO.:   59    OBJECTIVE VALUE:   2024.01188857929        NO. OF FUNC. EVALS.:  22
 CUMULATIVE NO. OF FUNC. EVALS.:     1153
 NPARAMETR:  4.9899E+00  5.0578E-02  6.9443E+00  1.6516E+01  1.1665E-01 -2.9967E-01  7.5617E-01  4.6150E-02  7.5290E-02  6.9195E+00

 PARAMETER: -3.6558E-02 -3.6349E-01  2.2611E-01 -3.1456E-01 -3.3677E+00 -2.9967E-01 -1.6499E-02  5.9934E-02  1.3642E-01  2.7450E-02

 GRADIENT:  -2.7414E+01  1.4673E+01  2.7597E+00 -8.4957E+00 -1.8574E+00  1.1781E+00  8.2274E+00 -3.1752E+00 -1.8383E+01  6.3355E+00


0ITERATION NO.:   60    OBJECTIVE VALUE:   2023.97371820607        NO. OF FUNC. EVALS.:  23
 CUMULATIVE NO. OF FUNC. EVALS.:     1176
 NPARAMETR:  4.9935E+00  5.0055E-02  6.9443E+00  1.6544E+01  1.1594E-01 -2.9796E-01  7.5623E-01  4.6155E-02  7.5331E-02  6.9190E+00

 PARAMETER: -3.5836E-02 -3.7389E-01  2.2611E-01 -3.1285E-01 -3.3737E+00 -2.9796E-01 -1.6419E-02  5.9992E-02  1.3670E-01  2.7416E-02

 GRADIENT:  -4.6211E+01  5.0942E+00  1.2996E+01 -1.0914E+01 -9.4466E+00  2.0556E+01 -4.5954E+00 -3.8836E+00 -1.7011E+01  6.1206E+00


0ITERATION NO.:   61    OBJECTIVE VALUE:   2023.87679141066        NO. OF FUNC. EVALS.:  22
 CUMULATIVE NO. OF FUNC. EVALS.:     1198
 NPARAMETR:  5.0027E+00  4.9790E-02  6.9435E+00  1.6607E+01  1.1575E-01 -2.9802E-01  7.5557E-01  4.6160E-02  7.5458E-02  6.9175E+00

 PARAMETER: -3.3993E-02 -3.7921E-01  2.2597E-01 -3.0903E-01 -3.3754E+00 -2.9802E-01 -1.7292E-02  6.0040E-02  1.3754E-01  2.7308E-02

 GRADIENT:  -2.7101E+01  5.7397E+00  3.9635E+00 -6.8429E+00 -1.4577E+01  1.2199E+01  1.5490E+01 -4.0391E+00 -1.5510E+01  6.2681E+00


0ITERATION NO.:   62    OBJECTIVE VALUE:   2023.71386112430        NO. OF FUNC. EVALS.:  22
 CUMULATIVE NO. OF FUNC. EVALS.:     1220
 NPARAMETR:  5.0310E+00  4.9252E-02  6.9407E+00  1.6800E+01  1.1561E-01 -2.9935E-01  7.5317E-01  4.6171E-02  7.5860E-02  6.9127E+00

 PARAMETER: -2.8345E-02 -3.9007E-01  2.2550E-01 -2.9748E-01 -3.3766E+00 -2.9935E-01 -2.0471E-02  6.0164E-02  1.4020E-01  2.6962E-02

 GRADIENT:  -8.2632E+00  2.9788E+00  4.3272E+00  4.2842E-01 -3.3915E+01 -9.8401E-01 -2.5507E+00 -4.0842E+00 -1.2101E+01  6.0221E+00


0ITERATION NO.:   63    OBJECTIVE VALUE:   2022.85246286880        NO. OF FUNC. EVALS.:  23
 CUMULATIVE NO. OF FUNC. EVALS.:     1243
 NPARAMETR:  5.1213E+00  5.0199E-02  6.9271E+00  1.7387E+01  1.1961E-01 -3.1582E-01  7.4348E-01  4.6185E-02  7.7218E-02  6.8962E+00

 PARAMETER: -1.0566E-02 -3.7103E-01  2.2322E-01 -2.6314E-01 -3.3426E+00 -3.1582E-01 -3.3421E-02  6.0314E-02  1.4907E-01  2.5768E-02

 GRADIENT:  -3.6168E+00 -8.8785E-01  1.9023E+01  1.4497E+01 -1.4853E+01  6.6904E+00 -1.4041E+01 -2.1321E+00 -5.7968E+00  9.4085E+00


0ITERATION NO.:   64    OBJECTIVE VALUE:   2022.73277895620        NO. OF FUNC. EVALS.:  21
 CUMULATIVE NO. OF FUNC. EVALS.:     1264
 NPARAMETR:  5.1243E+00  5.0776E-02  6.9254E+00  1.7394E+01  1.2071E-01 -3.1912E-01  7.4274E-01  4.6181E-02  7.7279E-02  6.8953E+00

 PARAMETER: -9.9721E-03 -3.5959E-01  2.2293E-01 -2.6272E-01 -3.3335E+00 -3.1912E-01 -3.4418E-02  6.0272E-02  1.4946E-01  2.5697E-02

 GRADIENT:  -4.2757E+01 -5.3783E+00  1.8484E+00  1.2564E+01 -2.8729E+01 -1.6817E+01 -4.0233E+01 -9.9770E-01 -7.0402E+00  7.5396E+00


0ITERATION NO.:   65    OBJECTIVE VALUE:   2022.72883468209        NO. OF FUNC. EVALS.:  21
 CUMULATIVE NO. OF FUNC. EVALS.:     1285
 NPARAMETR:  5.1328E+00  5.1005E-02  6.9239E+00  1.7447E+01  1.2132E-01 -3.2125E-01  7.4175E-01  4.6181E-02  7.7410E-02  6.8937E+00

 PARAMETER: -8.3197E-03 -3.5509E-01  2.2267E-01 -2.5971E-01 -3.3284E+00 -3.2125E-01 -3.5750E-02  6.0274E-02  1.5031E-01  2.5580E-02

 GRADIENT:  -9.7392E+01  5.4130E+00 -1.3231E+02 -2.6234E+01 -4.0816E+01 -6.4437E+00  7.1886E+01  1.5484E+00  1.6323E+00 -3.1157E+01


0ITERATION NO.:   66    OBJECTIVE VALUE:   2022.72413942211        NO. OF FUNC. EVALS.:  22
 CUMULATIVE NO. OF FUNC. EVALS.:     1307
 NPARAMETR:  5.1386E+00  5.1063E-02  6.9231E+00  1.7485E+01  1.2157E-01 -3.2229E-01  7.4114E-01  4.6182E-02  7.7497E-02  6.8926E+00

 PARAMETER: -7.1803E-03 -3.5396E-01  2.2253E-01 -2.5751E-01 -3.3263E+00 -3.2229E-01 -3.6574E-02  6.0283E-02  1.5087E-01  2.5504E-02

 GRADIENT:  -1.4853E+01 -5.1614E+00  3.5788E+01  4.5460E+00  2.9068E+00  2.1646E+00 -1.8081E+01 -1.0897E+00 -5.7164E+00  1.0292E+01


0ITERATION NO.:   67    OBJECTIVE VALUE:   2022.70154759320        NO. OF FUNC. EVALS.:  43
 CUMULATIVE NO. OF FUNC. EVALS.:     1350             RESET HESSIAN, TYPE I
 NPARAMETR:  5.1404E+00  5.1063E-02  6.9229E+00  1.7485E+01  1.2207E-01 -3.2215E-01  7.4114E-01  4.6181E-02  7.7498E-02  6.8927E+00

 PARAMETER: -6.8359E-03 -3.5396E-01  2.2250E-01 -2.5752E-01 -3.3223E+00 -3.2215E-01 -3.6569E-02  6.0271E-02  1.5088E-01  2.5508E-02

 GRADIENT:   1.0657E+02  3.1271E+01  2.9589E+01  5.3309E+01  1.1978E+01 -3.4399E+01  1.0151E+02 -1.4218E-01 -6.7729E+00  9.9510E+00


0ITERATION NO.:   68    OBJECTIVE VALUE:   2022.67673240505        NO. OF FUNC. EVALS.:  12
 CUMULATIVE NO. OF FUNC. EVALS.:     1362
 NPARAMETR:  5.1391E+00  5.1062E-02  6.9225E+00  1.7485E+01  1.2226E-01 -3.2178E-01  7.4115E-01  4.6179E-02  7.7498E-02  6.8927E+00

 PARAMETER: -7.0846E-03 -3.5398E-01  2.2244E-01 -2.5755E-01 -3.3207E+00 -3.2178E-01 -3.6565E-02  6.0254E-02  1.5088E-01  2.5510E-02

 GRADIENT:   1.9399E+01  1.7835E+01  4.2623E+01  2.5385E+01  2.5163E+01 -2.3023E+00  4.8139E+01 -3.7216E-01 -6.9812E+00  1.0373E+01


0ITERATION NO.:   69    OBJECTIVE VALUE:   2022.67673240505        NO. OF FUNC. EVALS.:  21
 CUMULATIVE NO. OF FUNC. EVALS.:     1383
 NPARAMETR:  5.1391E+00  5.1062E-02  6.9225E+00  1.7485E+01  1.2226E-01 -3.2178E-01  7.4115E-01  4.6179E-02  7.7498E-02  6.8927E+00

 PARAMETER: -7.0846E-03 -3.5398E-01  2.2244E-01 -2.5755E-01 -3.3207E+00 -3.2178E-01 -3.6565E-02  6.0254E-02  1.5088E-01  2.5510E-02

 GRADIENT:  -1.5104E+01  4.9279E+00  5.2100E+00  8.0354E+00 -4.1902E+00 -2.0577E+01  6.7301E+00 -3.7216E-01 -7.0404E+00  1.0350E+01


0ITERATION NO.:   70    OBJECTIVE VALUE:   2022.60351161485        NO. OF FUNC. EVALS.:  24
 CUMULATIVE NO. OF FUNC. EVALS.:     1407
 NPARAMETR:  5.1507E+00  5.1051E-02  6.9212E+00  1.7484E+01  1.2178E-01 -3.1337E-01  7.4111E-01  4.6188E-02  7.7506E-02  6.8862E+00

 PARAMETER: -4.8386E-03 -3.5419E-01  2.2222E-01 -2.5760E-01 -3.3247E+00 -3.1337E-01 -3.6623E-02  6.0344E-02  1.5093E-01  2.5041E-02

 GRADIENT:  -3.4497E+01 -3.9364E+00  4.4260E+01 -3.8333E+00  1.6530E-02  2.8229E+01 -3.7938E+01 -4.2998E-01 -6.3961E+00  1.0538E+01


0ITERATION NO.:   71    OBJECTIVE VALUE:   2022.60347697192        NO. OF FUNC. EVALS.:  21
 CUMULATIVE NO. OF FUNC. EVALS.:     1428
 NPARAMETR:  5.1489E+00  5.1051E-02  6.9204E+00  1.7484E+01  1.2190E-01 -3.1486E-01  7.4111E-01  4.6188E-02  7.7506E-02  6.8860E+00

 PARAMETER: -5.1911E-03 -3.5418E-01  2.2208E-01 -2.5760E-01 -3.3237E+00 -3.1486E-01 -3.6620E-02  6.0349E-02  1.5093E-01  2.5024E-02

 GRADIENT:  -5.1566E+01 -8.4763E+00  4.3244E+01  6.8361E+00  2.7464E+00  1.2110E+01 -4.9827E+01 -3.0604E-01 -5.8448E+00  1.0200E+01


0ITERATION NO.:   72    OBJECTIVE VALUE:   2022.59164930643        NO. OF FUNC. EVALS.:  21
 CUMULATIVE NO. OF FUNC. EVALS.:     1449
 NPARAMETR:  5.1490E+00  5.1051E-02  6.9191E+00  1.7484E+01  1.2191E-01 -3.1495E-01  7.4111E-01  4.6190E-02  7.7507E-02  6.8848E+00

 PARAMETER: -5.1615E-03 -3.5419E-01  2.2186E-01 -2.5761E-01 -3.3235E+00 -3.1495E-01 -3.6623E-02  6.0366E-02  1.5094E-01  2.4941E-02

 GRADIENT:  -4.4138E+01 -1.2906E+01  5.3436E+01  7.1497E+00  6.1568E+00  9.4018E+00 -5.6461E+01 -3.4748E-01 -6.0150E+00  1.0743E+01


0ITERATION NO.:   73    OBJECTIVE VALUE:   2022.59033103352        NO. OF FUNC. EVALS.:  21
 CUMULATIVE NO. OF FUNC. EVALS.:     1470
 NPARAMETR:  5.1490E+00  5.1052E-02  6.9178E+00  1.7483E+01  1.2190E-01 -3.1498E-01  7.4111E-01  4.6190E-02  7.7508E-02  6.8841E+00

 PARAMETER: -5.1594E-03 -3.5417E-01  2.2164E-01 -2.5763E-01 -3.3236E+00 -3.1498E-01 -3.6618E-02  6.0371E-02  1.5094E-01  2.4883E-02

 GRADIENT:  -5.0083E+01 -1.1155E+01  3.4609E+01  9.3215E-01 -5.9006E+00  1.0707E+01 -4.7244E+01 -2.8913E-01 -7.1159E+00  1.0457E+01


0ITERATION NO.:   74    OBJECTIVE VALUE:   2022.27294409354        NO. OF FUNC. EVALS.:  26
 CUMULATIVE NO. OF FUNC. EVALS.:     1496
 NPARAMETR:  5.1544E+00  5.1090E-02  6.8344E+00  1.7472E+01  1.2324E-01 -3.1933E-01  7.4105E-01  4.6288E-02  7.7580E-02  6.8147E+00

 PARAMETER: -4.1163E-03 -3.5343E-01  2.0745E-01 -2.5828E-01 -3.3127E+00 -3.1933E-01 -3.6701E-02  6.1427E-02  1.5141E-01  1.9822E-02

 GRADIENT:  -2.9789E+01  1.0296E+00  1.7742E+01  5.5131E+00  3.9034E+00 -1.8341E+01 -1.7494E+01  7.2015E-01 -8.8379E+00  8.0098E+00


0ITERATION NO.:   75    OBJECTIVE VALUE:   2022.07429660237        NO. OF FUNC. EVALS.:  22
 CUMULATIVE NO. OF FUNC. EVALS.:     1518
 NPARAMETR:  5.1800E+00  5.1130E-02  6.6609E+00  1.7452E+01  1.2590E-01 -3.1862E-01  7.4082E-01  4.6505E-02  7.7760E-02  6.6582E+00

 PARAMETER:  8.4187E-04 -3.5263E-01  1.7726E-01 -2.5941E-01 -3.2914E+00 -3.1862E-01 -3.7014E-02  6.3773E-02  1.5257E-01  8.2003E-03

 GRADIENT:  -3.1333E+01  3.8207E+00  6.8431E+00 -4.4971E+00  3.1067E+01 -4.4028E+00  9.7503E-02  2.4376E+00 -1.4042E+01  3.0111E+00


0ITERATION NO.:   76    OBJECTIVE VALUE:   2021.96480503573        NO. OF FUNC. EVALS.:  21
 CUMULATIVE NO. OF FUNC. EVALS.:     1539
 NPARAMETR:  5.1731E+00  5.1092E-02  6.7515E+00  1.7464E+01  1.2427E-01 -3.1599E-01  7.4088E-01  4.6394E-02  7.7687E-02  6.7331E+00

 PARAMETER: -4.9332E-04 -3.5338E-01  1.9314E-01 -2.5872E-01 -3.3044E+00 -3.1599E-01 -3.6926E-02  6.2571E-02  1.5210E-01  1.3801E-02

 GRADIENT:  -3.2172E+01  3.5837E-01  1.3320E+01  3.7523E+00 -3.5782E-01  4.9018E+00 -2.2753E+01  1.7024E+00 -1.0972E+01  5.2496E+00


0ITERATION NO.:   77    OBJECTIVE VALUE:   2021.95294550836        NO. OF FUNC. EVALS.:  21
 CUMULATIVE NO. OF FUNC. EVALS.:     1560
 NPARAMETR:  5.1770E+00  5.1100E-02  6.7210E+00  1.7460E+01  1.2475E-01 -3.1627E-01  7.4084E-01  4.6431E-02  7.7718E-02  6.7062E+00

 PARAMETER:  2.6396E-04 -3.5322E-01  1.8783E-01 -2.5894E-01 -3.3005E+00 -3.1627E-01 -3.6975E-02  6.2977E-02  1.5229E-01  1.1794E-02

 GRADIENT:  -3.7148E+01  2.1746E-01  2.4438E+01  1.1956E-01  2.2708E+01  5.1425E+00 -1.6762E+01  1.7936E+00 -1.1789E+01  5.3084E+00


0ITERATION NO.:   78    OBJECTIVE VALUE:   2021.93366015560        NO. OF FUNC. EVALS.:  21
 CUMULATIVE NO. OF FUNC. EVALS.:     1581
 NPARAMETR:  5.1836E+00  5.1108E-02  6.6819E+00  1.7456E+01  1.2529E-01 -3.1621E-01  7.4078E-01  4.6481E-02  7.7763E-02  6.6699E+00

 PARAMETER:  1.5243E-03 -3.5308E-01  1.8097E-01 -2.5919E-01 -3.2962E+00 -3.1621E-01 -3.7058E-02  6.3507E-02  1.5258E-01  9.0785E-03

 GRADIENT:  -2.8238E+01  2.4957E+00  2.1351E+01 -4.4617E+00  2.2100E+01 -2.6551E+00 -8.9706E+00  2.1749E+00 -1.3096E+01  3.9267E+00


0ITERATION NO.:   79    OBJECTIVE VALUE:   2021.91977404065        NO. OF FUNC. EVALS.:  21
 CUMULATIVE NO. OF FUNC. EVALS.:     1602
 NPARAMETR:  5.1885E+00  5.1110E-02  6.6562E+00  1.7454E+01  1.2563E-01 -3.1572E-01  7.4074E-01  4.6513E-02  7.7795E-02  6.6456E+00

 PARAMETER:  2.4799E-03 -3.5302E-01  1.7644E-01 -2.5933E-01 -3.2935E+00 -3.1572E-01 -3.7119E-02  6.3853E-02  1.5279E-01  7.2581E-03

 GRADIENT:  -4.0618E+01 -1.7708E+00  4.0894E+01 -6.3526E+00  4.8668E+01  4.1936E+01 -1.6324E+01  1.8311E+00 -1.3005E+01  3.5905E+00


0ITERATION NO.:   80    OBJECTIVE VALUE:   2021.90843789167        NO. OF FUNC. EVALS.:  21
 CUMULATIVE NO. OF FUNC. EVALS.:     1623
 NPARAMETR:  5.1910E+00  5.1113E-02  6.6418E+00  1.7452E+01  1.2582E-01 -3.1575E-01  7.4071E-01  4.6531E-02  7.7813E-02  6.6321E+00

 PARAMETER:  2.9557E-03 -3.5298E-01  1.7388E-01 -2.5941E-01 -3.2920E+00 -3.1575E-01 -3.7152E-02  6.4045E-02  1.5291E-01  6.2428E-03

 GRADIENT:  -3.8726E+01  3.1092E+00  9.1623E+00  3.2768E+00  1.8479E+01 -1.6408E+01 -6.7548E+00  2.5160E+00 -1.4616E+01  2.6610E+00


0ITERATION NO.:   81    OBJECTIVE VALUE:   2021.59588576776        NO. OF FUNC. EVALS.:  39
 CUMULATIVE NO. OF FUNC. EVALS.:     1662             RESET HESSIAN, TYPE I
 NPARAMETR:  5.1946E+00  5.1027E-02  6.6366E+00  1.7482E+01  1.2336E-01 -2.9293E-01  7.4048E-01  4.6511E-02  7.7951E-02  6.6322E+00

 PARAMETER:  3.6561E-03 -3.5467E-01  1.7295E-01 -2.5772E-01 -3.3118E+00 -2.9293E-01 -3.7464E-02  6.3836E-02  1.5379E-01  6.2509E-03

 GRADIENT:   4.3688E+01  1.5029E+01  4.5883E+01  1.5470E+01  2.4790E+01  3.0824E+01  1.2898E+01  1.6151E+00 -1.0475E+01  2.9454E+00


0ITERATION NO.:   82    OBJECTIVE VALUE:   2021.59588576776        NO. OF FUNC. EVALS.:  22
 CUMULATIVE NO. OF FUNC. EVALS.:     1684
 NPARAMETR:  5.1946E+00  5.1027E-02  6.6366E+00  1.7482E+01  1.2336E-01 -2.9293E-01  7.4048E-01  4.6511E-02  7.7951E-02  6.6322E+00

 PARAMETER:  3.6561E-03 -3.5467E-01  1.7295E-01 -2.5772E-01 -3.3118E+00 -2.9293E-01 -3.7464E-02  6.3836E-02  1.5379E-01  6.2509E-03

 GRADIENT:   5.2511E+00  5.5960E+00  3.7725E+00  4.9771E+00 -6.8733E+00  1.3167E+01 -1.6906E+01  1.6151E+00 -1.0537E+01  2.9230E+00


0ITERATION NO.:   83    OBJECTIVE VALUE:   2021.58469351880        NO. OF FUNC. EVALS.:  21
 CUMULATIVE NO. OF FUNC. EVALS.:     1705
 NPARAMETR:  5.1934E+00  5.1055E-02  6.6384E+00  1.7472E+01  1.2438E-01 -3.0079E-01  7.4058E-01  4.6518E-02  7.7908E-02  6.6322E+00

 PARAMETER:  3.4219E-03 -3.5411E-01  1.7327E-01 -2.5829E-01 -3.3035E+00 -3.0079E-01 -3.7337E-02  6.3905E-02  1.5351E-01  6.2455E-03

 GRADIENT:  -3.5096E+01  1.8748E+00 -7.8078E+00  6.4747E+00 -2.0766E+01 -3.6922E+01 -1.6047E+01  2.8506E+00 -1.2855E+01  2.2515E+00


0ITERATION NO.:   84    OBJECTIVE VALUE:   2021.58154350450        NO. OF FUNC. EVALS.:  21
 CUMULATIVE NO. OF FUNC. EVALS.:     1726
 NPARAMETR:  5.1934E+00  5.1054E-02  6.6383E+00  1.7472E+01  1.2437E-01 -3.0049E-01  7.4057E-01  4.6517E-02  7.7909E-02  6.6322E+00

 PARAMETER:  3.4291E-03 -3.5413E-01  1.7326E-01 -2.5828E-01 -3.3036E+00 -3.0049E-01 -3.7339E-02  6.3902E-02  1.5353E-01  6.2454E-03

 GRADIENT:  -3.5023E+01 -5.3187E-01 -2.6200E+00  4.4617E+00 -1.2539E+01 -1.6994E+01 -8.4840E+00  2.6677E+00 -1.2714E+01  2.5420E+00


0ITERATION NO.:   85    OBJECTIVE VALUE:   2021.51117159559        NO. OF FUNC. EVALS.:  38
 CUMULATIVE NO. OF FUNC. EVALS.:     1764             RESET HESSIAN, TYPE I
 NPARAMETR:  5.1993E+00  5.1055E-02  6.6423E+00  1.7463E+01  1.2519E-01 -2.9801E-01  7.4043E-01  4.6518E-02  7.7929E-02  6.6323E+00

 PARAMETER:  4.5497E-03 -3.5410E-01  1.7397E-01 -2.5880E-01 -3.2970E+00 -2.9801E-01 -3.7539E-02  6.3903E-02  1.5365E-01  6.2551E-03

 GRADIENT:   4.5159E+01  2.0515E+01  6.1987E+01  1.8363E+01  5.0588E+01  1.9608E+01  5.7032E+01  3.2668E+00 -1.2255E+01  3.1692E+00


0ITERATION NO.:   86    OBJECTIVE VALUE:   2021.51117159559        NO. OF FUNC. EVALS.:  21
 CUMULATIVE NO. OF FUNC. EVALS.:     1785
 NPARAMETR:  5.1993E+00  5.1055E-02  6.6423E+00  1.7463E+01  1.2519E-01 -2.9801E-01  7.4043E-01  4.6518E-02  7.7929E-02  6.6323E+00

 PARAMETER:  4.5497E-03 -3.5410E-01  1.7397E-01 -2.5880E-01 -3.2970E+00 -2.9801E-01 -3.7539E-02  6.3903E-02  1.5365E-01  6.2551E-03

 GRADIENT:  -9.3075E+00  6.7596E+00  1.6499E+01 -6.1228E-01  1.8320E+01  5.2035E+00  4.7707E+00  3.2668E+00 -1.2317E+01  3.1467E+00


0ITERATION NO.:   87    OBJECTIVE VALUE:   2021.50072017966        NO. OF FUNC. EVALS.:  21
 CUMULATIVE NO. OF FUNC. EVALS.:     1806
 NPARAMETR:  5.1998E+00  5.1055E-02  6.6420E+00  1.7464E+01  1.2496E-01 -2.9818E-01  7.4045E-01  4.6517E-02  7.7934E-02  6.6322E+00

 PARAMETER:  4.6497E-03 -3.5412E-01  1.7392E-01 -2.5873E-01 -3.2988E+00 -2.9818E-01 -3.7512E-02  6.3895E-02  1.5368E-01  6.2508E-03

 GRADIENT:  -2.9397E+01  1.9119E+00  3.3044E+01  4.8925E+00  1.6638E+01  1.6653E+01 -1.2431E+01  2.9448E+00 -1.2096E+01  3.3812E+00


0ITERATION NO.:   88    OBJECTIVE VALUE:   2021.45377763841        NO. OF FUNC. EVALS.:  34
 CUMULATIVE NO. OF FUNC. EVALS.:     1840             RESET HESSIAN, TYPE I
 NPARAMETR:  5.2001E+00  5.1008E-02  6.6402E+00  1.7458E+01  1.2469E-01 -2.8968E-01  7.4044E-01  4.6536E-02  7.8023E-02  6.6230E+00

 PARAMETER:  4.7117E-03 -3.5504E-01  1.7359E-01 -2.5906E-01 -3.3010E+00 -2.8968E-01 -3.7528E-02  6.4098E-02  1.5426E-01  5.5540E-03

 GRADIENT:   2.3526E+01  1.6401E+01  3.2605E+01  2.4364E+01  3.5022E+01  1.8888E+01  3.3626E+01  3.3391E+00 -1.1427E+01  2.8178E+00


0ITERATION NO.:   89    OBJECTIVE VALUE:   2021.45377763841        NO. OF FUNC. EVALS.:  23
 CUMULATIVE NO. OF FUNC. EVALS.:     1863
 NPARAMETR:  5.2001E+00  5.1008E-02  6.6402E+00  1.7458E+01  1.2469E-01 -2.8968E-01  7.4044E-01  4.6536E-02  7.8023E-02  6.6230E+00

 PARAMETER:  4.7117E-03 -3.5504E-01  1.7359E-01 -2.5906E-01 -3.3010E+00 -2.8968E-01 -3.7528E-02  6.4098E-02  1.5426E-01  5.5540E-03

 GRADIENT:  -2.3751E+01  3.3527E+00  3.4275E-01  6.0237E+00  5.3474E+00  1.0647E+01 -1.3678E+01  3.3391E+00 -1.1489E+01  2.7953E+00


0ITERATION NO.:   90    OBJECTIVE VALUE:   2021.45377763841        NO. OF FUNC. EVALS.:  26
 CUMULATIVE NO. OF FUNC. EVALS.:     1889
 NPARAMETR:  5.2001E+00  5.1008E-02  6.6402E+00  1.7458E+01  1.2469E-01 -2.8968E-01  7.4044E-01  4.6536E-02  7.8023E-02  6.6230E+00

 PARAMETER:  4.7117E-03 -3.5504E-01  1.7359E-01 -2.5906E-01 -3.3010E+00 -2.8968E-01 -3.7528E-02  6.4098E-02  1.5426E-01  5.5540E-03

 GRADIENT:  -2.7312E+01  8.0728E+00  1.5936E+01 -1.3224E+01 -1.3874E+00  4.3170E-01  1.2613E+01 -1.0729E+01 -2.0879E+01 -2.6624E+01


 #TERM:
0MINIMIZATION SUCCESSFUL
 HOWEVER, PROBLEMS OCCURRED WITH THE MINIMIZATION.
 REGARD THE RESULTS OF THE ESTIMATION STEP CAREFULLY, AND ACCEPT THEM ONLY
 AFTER CHECKING THAT THE COVARIANCE STEP PRODUCES REASONABLE OUTPUT.
 NO. OF FUNCTION EVALUATIONS USED:     1889
 NO. OF SIG. DIGITS IN FINAL EST.:  3.0

 ETABAR IS THE ARITHMETIC MEAN OF THE ETA-ESTIMATES,
 AND THE P-VALUE IS GIVEN FOR THE NULL HYPOTHESIS THAT THE TRUE MEAN IS 0.

 ETABAR:         2.9522E-03  0.0000E+00  0.0000E+00
 SE:             3.0792E-02  0.0000E+00  0.0000E+00
 N:                      43          43          43

 P VAL.:         9.2362E-01  1.0000E+00  1.0000E+00

 ETAshrink(%):   5.2914E+00  1.0000E+02  1.0000E+02
 EBVshrink(%):   3.9638E+00  0.0000E+00  0.0000E+00
 EPSshrink(%):   4.0525E+00  4.0525E+00

 #TERE:
 Elapsed estimation time in seconds:   345.80
0R MATRIX ALGORITHMICALLY SINGULAR
 AND ALGORITHMICALLY NON-POSITIVE-SEMIDEFINITE
0COVARIANCE STEP ABORTED
 Elapsed covariance time in seconds:   117.50
1
 
 
 
 
 
 
 
 
 
 
 
 
 
 
 
 
 
 
 
 
 ************************************************************************************************************************
 ********************                                                                                ********************
 ********************               FIRST ORDER CONDITIONAL ESTIMATION WITH INTERACTION              ********************
 #OBJT:**************                       MINIMUM VALUE OF OBJECTIVE FUNCTION                      ********************
 ********************                                                                                ********************
 ************************************************************************************************************************
 





 #OBJV:********************************************     2021.454       **************************************************
1
 ************************************************************************************************************************
 ********************                                                                                ********************
 ********************               FIRST ORDER CONDITIONAL ESTIMATION WITH INTERACTION              ********************
 ********************                             FINAL PARAMETER ESTIMATE                           ********************
 ********************                                                                                ********************
 ************************************************************************************************************************
 


 THETA - VECTOR OF FIXED EFFECTS PARAMETERS   *********


         TH 1      TH 2      TH 3      TH 4      TH 5      TH 6      TH 7      TH 8      TH 9      TH10      TH11      TH12     
          TH13      TH14      TH15      TH16      TH17      TH18      TH19     
 
         5.20E+00  5.10E-02  1.12E+00  8.81E-02  7.00E-01  8.73E-01  1.20E+00  4.17E-01  3.02E-01  1.54E+00  8.92E-01  2.49E-01
          3.31E+01  6.64E+00  1.75E+01  1.25E-01 -2.90E-01  7.40E-01  1.00E+00
 


 OMEGA - COV MATRIX FOR RANDOM EFFECTS - ETAS  ********


            ETA1      ETA2      ETA3   
 
 ETA1
+        4.65E-02
 
 ETA2
+        0.00E+00  0.00E+00
 
 ETA3
+        0.00E+00  0.00E+00  0.00E+00
 


 SIGMA - COV MATRIX FOR RANDOM EFFECTS - EPSILONS  ****


            EPS1      EPS2   
 
 EPS1
+        7.80E-02
 
 EPS2
+        0.00E+00  6.62E+00
 
1


 OMEGA - CORR MATRIX FOR RANDOM EFFECTS - ETAS  *******


            ETA1      ETA2      ETA3   
 
 ETA1
+        2.16E-01
 
 ETA2
+        0.00E+00  0.00E+00
 
 ETA3
+        0.00E+00  0.00E+00  0.00E+00
 


 SIGMA - CORR MATRIX FOR RANDOM EFFECTS - EPSILONS  ***


            EPS1      EPS2   
 
 EPS1
+        2.79E-01
 
 EPS2
+        0.00E+00  2.57E+00
 
 #CPUT: Total CPU Time in Seconds,      464.007
Stop Time:
Mon Mar 20 21:39:34 CET 2017
