                                                                                                 09:16 Tuesday, March 26, 2019  20

                                                      The NLMIXED Procedure

                                                          Specifications

                                 Data Set                                    WORK.CONCQT
                                 Dependent Variable                          dqtcf
                                 Distribution for Dependent Variable         Normal
                                 Random Effects                              eta1 eta2
                                 Distribution for Random Effects             Normal
                                 Subject Variable                            sid
                                 Optimization Technique                      Dual Quasi-Newton
                                 Integration Method                          Adaptive Gaussian
                                                                             Quadrature


                                                            Dimensions

                                             Observations Used                    324
                                             Observations Not Used                  0
                                             Total Observations                   324
                                             Subjects                              36
                                             Max Obs per Subject                    9
                                             Parameters                            16
                                             Quadrature Points                      1


                                                        Initial Parameters

   theta1    theta2    theta3    theta4    theta5    theta6    theta7    theta8    theta9   theta10   theta11   theta12   theta13

     -3.5        12         0         0         0         0         0         0         0         0       0.1        20       200

                                                        Initial Parameters

                                                                                Negative
                                                                                     Log
                                              std1        std2       sigma    Likelihood

                                               2.2       0.001           5    1241.31994


                                                         Iteration History

                                                     Negative
                                                          Log                   Maximum
                               Iteration Calls     Likelihood    Difference    Gradient       Slope

                                      1      6      1074.2522      167.0677     49.2052    -1047.00
                                      2      8      1041.4598      32.79237     79.1841    -97.7550
                                      3     12       977.7900      63.66982     8.05186    -54.9377
                                      4     16       971.5948      6.195223     16.1710    -7.00030
                                      5     20       966.9265      4.668311     3.85960    -3.06038
                                      6     22       962.5449      4.381594     6.82872    -2.85149
                                      7     25       961.7443      0.800585     2.28991    -0.52243
                                      8     27       961.4337      0.310614     12.0952    -0.40736
                                      9     31       960.6895      0.744193     3.22809    -1.15814
                                     10     35       957.7693      2.920169     6.87491    -0.41092
                                     11     37       953.2710      4.498348     1.47999    -10.9649
                                     12     40       952.8343      0.436638     3.25526    -1.52936
                                     13     43       952.7120      0.122387     2.70596    -0.23937
                                     14     45       952.5598      0.152161     1.50766    -0.13158
                                     15     49       951.5607      0.999116     3.73313    -0.31333
                                     16     52       951.3129      0.247802     0.65169    -0.39559
                                     17     55       951.2870      0.025887     0.88186    -0.02164
                                     18     61       950.6320      0.655024     1.88080    -0.03459
                                     19     63       949.8543      0.777681     0.75959    -0.94906
                                     20     65       949.2265      0.627752     2.71705    -0.33955
                                     21     67       948.3176       0.90898     0.37303    -0.85677
                                     22     70       948.2788      0.038795     0.33922    -0.06453
                                     23     73       948.2682       0.01052     0.57551    -0.00648
                                     24     79       947.9462       0.32206     1.06772    -0.02026
                                     25     82       947.8342      0.111977     0.77110    -0.20860
                                     26     85       947.7817      0.052547     2.09336    -0.03046
                                     27     89       947.6487      0.132914     1.12729    -0.06709
                                     28     91       947.4379      0.210791     1.04967    -0.08639
                                     29     95       946.6207      0.817276     3.68457    -0.33753
                                                                                                 09:16 Tuesday, March 26, 2019  21

                                                      The NLMIXED Procedure

                                                         Iteration History

                                                     Negative
                                                          Log                   Maximum
                               Iteration Calls     Likelihood    Difference    Gradient       Slope

                                     30     98       946.0438      0.576848     0.44300    -0.55791
                                     31    101       946.0328      0.010981     0.29043    -0.02044
                                     32    103       946.0147      0.018145     0.33889    -0.00458
                                     33    107       945.8401      0.174614     1.69796    -0.04574
                                     34    111       944.7990       1.04105     1.04509    -0.30293
                                     35    114       944.6609       0.13811     0.19653    -0.34880
                                     36    117       944.6512      0.009765    0.027841    -0.01947
                                     37    120       944.6510      0.000181    0.027604    -0.00046
                                     38    123       944.6509      0.000035    0.027989    -0.00004
                                     39    131       944.5640      0.086955     8.61608    -0.00003
                                     40    135       943.9438      0.620157     1.48321    -1.28285
                                     41    138       943.7368      0.207023     0.98425    -0.11511
                                     42    145       942.9754      0.761425     3.65080    -0.30310
                                     43    148       942.6560      0.319364     1.66832    -0.63583
                                     44    151       942.5886      0.067439     0.71159    -0.29015
                                     45    154       942.5700      0.018562     0.57222    -0.05183
                                     46    157       942.5682      0.001773    0.070054    -0.00384
                                     47    160       942.5680      0.000207    0.048072    -0.00019
                                     48    164       942.5672      0.000844     0.42921    -0.00029
                                     49    166       942.5659      0.001335    0.073515    -0.00119
                                     50    169       942.5657      0.000179    0.028925    -0.00032
                                     51    171       942.5655      0.000169    0.069508    -0.00002
                                     52    177       942.5523      0.013182     0.49758    -0.00027
                                     53    179       942.5370       0.01537     0.15804    -0.02405
                                     54    181       942.5306      0.006352     1.65365    -0.00409
                                     55    185       942.4976      0.033009     0.21670    -0.02697
                                     56    191       940.8932       1.60439     6.19229    -0.03920
                                     57    194       940.4354      0.457768     1.19755    -1.26926
                                     58    197       940.3570      0.078458     0.78123    -0.10836
                                     59    201       940.0019      0.355111     0.73629    -0.06273
                                     60    204       939.8520      0.149883     0.38780    -0.21012
                                     61    207       939.8211      0.030935     0.14767    -0.04859
                                     62    210       939.8172      0.003882     0.11793    -0.00665
                                     63    213       939.8168      0.000367    0.007664    -0.00051
                                     64    216       939.8168      0.000041    0.003727    -0.00006
                                     65    219       939.8168      1.786E-6    0.003630    -3.23E-6


                                           NOTE: GCONV convergence criterion satisfied.


                                                          Fit Statistics

                                             -2 Log Likelihood                 1879.6
                                             AIC (smaller is better)           1911.6
                                             AICC (smaller is better)          1913.4
                                             BIC (smaller is better)           1937.0


                                                       Parameter Estimates

                                        Standard                                      95% Confidence
               Parameter    Estimate       Error      DF    t Value    Pr > |t|           Limits           Gradient

               theta1        -1.9196      1.2901      34      -1.49      0.1460     -4.5415      0.7022    -8.98E-6
               theta2        -0.9955      2.7818      34      -0.36      0.7227     -6.6489      4.6579    0.000045
               theta3         0.1626      0.9593      34       0.17      0.8664     -1.7868      2.1121    0.000390
               theta4        -0.8083      0.9190      34      -0.88      0.3853     -2.6760      1.0594    -0.00139
               theta5        -0.6638      0.9321      34      -0.71      0.4813     -2.5580      1.2305    0.000159
               theta6        -0.3563      0.9454      34      -0.38      0.7086     -2.2775      1.5649    -0.00363
               theta7        -0.5216      0.9504      34      -0.55      0.5868     -2.4531      1.4100    -0.00260
               theta8        -0.9997      0.9498      34      -1.05      0.3000     -2.9299      0.9305    0.002858
               theta9        0.04917      0.9447      34       0.05      0.9588     -1.8708      1.9691    0.001742
               theta10       -0.4221      0.9336      34      -0.45      0.6541     -2.3195      1.4753    0.002440
               theta11       -0.1015     0.06454      34      -1.57      0.1252     -0.2326     0.02969    -0.00094
               theta12       23.8051      2.8483      34       8.36      <.0001     18.0166     29.5937    -0.00002
               theta13        486.41      175.91      34       2.77      0.0091      128.92      843.90    6.327E-7
               std1           2.4460      0.5815      34       4.21      0.0002      1.2643      3.6277    -0.00023
               std2           4.6097      1.1819      34       3.90      0.0004      2.2078      7.0115    0.000152
                                                                                                 09:16 Tuesday, March 26, 2019  22

                                                      The NLMIXED Procedure

                                                       Parameter Estimates

                                        Standard                                      95% Confidence
               Parameter    Estimate       Error      DF    t Value    Pr > |t|           Limits           Gradient

               sigma          3.8962      0.1630      34      23.91      <.0001      3.5651      4.2274    -0.00055


                                                      Additional Estimates

                                             Standard
            Label                Estimate       Error      DF    t Value    Pr > |t|    Alpha       Lower       Upper

            Variance(ETA1)         5.9828      2.8445      34       2.10      0.0429     0.05      0.2021     11.7635
            Variance(ETA2)        21.2492     10.8961      34       1.95      0.0594     0.05     -0.8943     43.3928
            Residual Variance     15.1807      1.2699      34      11.95      <.0001     0.05     12.5999     17.7614
            87.4                   2.6304      1.9116      34       1.38      0.1778      0.1     -0.6020      5.8627
            172.46                 5.2355      1.6150      34       3.24      0.0027      0.1      2.5047      7.9664
            462.45                10.6065      1.4766      34       7.18      <.0001      0.1      8.1097     13.1034
            886.16                14.3736      1.4336      34      10.03      <.0001      0.1     11.9495     16.7977
            1240.74               16.1055      1.4343      34      11.23      <.0001      0.1     13.6803     18.5307
            1727.56               17.5796      1.4784      34      11.89      <.0001      0.1     15.0798     20.0795
            2196.63               18.4940      1.5385      34      12.02      <.0001      0.1     15.8926     21.0954
            2595.18               19.0521      1.5906      34      11.98      <.0001      0.1     16.3626     21.7417
            3194.85               19.6642      1.6627      34      11.83      <.0001      0.1     16.8528     22.4757
                                                                                                 09:16 Tuesday, March 26, 2019  23

                                                     The UNIVARIATE Procedure
                                                 Variable:  residuals  (Residual)

                                                             Moments

                                 N                         324    Sum Weights                324
                                 Mean               -4.2053E-7    Sum Observations    -0.0001363
                                 Std Deviation      3.70353889    Variance            13.7162003
                                 Skewness           0.03073804    Kurtosis            -0.2468523
                                 Uncorrected SS     4430.33271    Corrected SS        4430.33271
                                 Coeff Variation    -880687251    Std Error Mean      0.20575216


                                                    Basic Statistical Measures

                                          Location                    Variability

                                      Mean     -0.00000     Std Deviation            3.70354
                                      Median   -0.04635     Variance                13.71620
                                      Mode       .          Range                   21.08553
                                                            Interquartile Range      5.29854


                                                    Tests for Location: Mu0=0

                                         Test           -Statistic-    -----p Value------

                                         Student's t    t  -2.04E-6    Pr > |t|    1.0000
                                         Sign           M        -1    Pr >= |M|   0.9557
                                         Signed Rank    S      -170    Pr >= |S|   0.9199


                                                       Tests for Normality

                                    Test                  --Statistic---    -----p Value------

                                    Shapiro-Wilk          W     0.996918    Pr < W      0.7967
                                    Kolmogorov-Smirnov    D     0.027575    Pr > D     >0.1500
                                    Cramer-von Mises      W-Sq  0.039227    Pr > W-Sq  >0.2500
                                    Anderson-Darling      A-Sq   0.26234    Pr > A-Sq  >0.2500


                                                    Quantiles (Definition 5)

                                                    Level            Quantile

                                                    100% Max       10.7458500
                                                    99%             7.9592871
                                                    95%             6.1880687
                                                    90%             5.0458576
                                                    75% Q3          2.5448592
                                                    50% Median     -0.0463549
                                                    25% Q1         -2.7536831
                                                    10%            -4.5381066
                                                    5%             -5.7559697
                                                    1%             -8.4039720
                                                    0% Min        -10.3396823


                                                       Extreme Observations

                                           ------Lowest------        ------Highest-----

                                               Value      Obs            Value      Obs

                                           -10.33968      271          7.85390      147
                                            -8.73220      123          7.95929      190
                                            -8.47361      313          8.19184      264
                                            -8.40397      214          8.44248       14
                                            -8.20663      243         10.74585      105
                                                                                                 09:16 Tuesday, March 26, 2019  24

           Obs    decile    _TYPE_    _FREQ_     obsmean    meanconc     obsp5    obsp95    obslowerclm    obsupperclm

             1       1         0        54       -2.3067        0.00    -11.85      3.74       -3.3535        -1.2599
             2       2         0        11        0.8045       87.40     -8.86     10.45       -2.6103         4.2194
             3       3         0        33        3.4564      172.46     -6.18     10.74        2.0483         4.8645
             4       4         0        32        8.0544      462.45     -2.34     18.12        6.2488         9.8600
             5       5         0        32       11.1253      886.16      1.77     22.11        9.4195        12.8311
             6       6         0        33       14.3573     1240.74      1.27     24.39       12.4496        16.2650
             7       7         0        32       16.1419     1727.56      7.95     28.21       14.5223        17.7615
             8       8         0        33       15.0852     2196.63      4.38     29.11       13.3022        16.8681
             9       9         0        32       16.6775     2595.18      7.19     29.12       14.6656        18.6894
            10      10         0        32       19.3881     3194.85     11.05     29.55       17.8438        20.9325
                                                                                                 09:16 Tuesday, March 26, 2019  25

                                                                                          5th          95th
                                                                       Simulated      Percentile    Percentile
                                                        Predicted         Mean          of Mean       of Mean
                   Obs    decile    _TYPE_    _FREQ_       Mean      Concentration    Prediction    Prediction

                     1       1         0        1000      -0.8284            0          -5.4150        3.9246
                     2       2         0        1000       3.6813          100          -1.8777        9.5974
                     3       3         0        1000       6.4795          200           1.0257       13.0384
                     4       4         0        5000      11.2544          500           4.5754       18.5129
                     5       5         0        3000      14.5673          900           8.3058       21.3879
                     6       6         0        4000      16.3813         1250          10.1523       23.0357
                     7       7         0        5000      17.5585         1700          11.3174       23.9729
                     8       8         0        5000      18.5460         2200          12.2076       25.1138
                     9       9         0        3000      19.0705         2600          12.5802       25.5955
                    10      10         0       13000      19.8445         3400          13.5919       26.2690
                                                                                                 09:16 Tuesday, March 26, 2019  26

                                                         Observed
                                                       Change From                      Observed      Observed
                                                         Baseline          Drug            5th          95th
                  Obs    decile    _TYPE_    _FREQ_    QTcF (msec)    Concentration    Percentile    Percentile

                    1       1         0        1000       -2.3067           0.00         -11.85          3.74
                    2       2         0        1000        0.8045          87.40          -8.86         10.45
                    3       3         0        1000        3.4564         172.46          -6.18         10.74
                    4       4         0        5000        8.0544         462.45          -2.34         18.12
                    5       5         0        3000       11.1253         886.16           1.77         22.11
                    6       6         0        4000       14.3573        1240.74           1.27         24.39
                    7       7         0        5000       16.1419        1727.56           7.95         28.21
                    8       8         0        5000       15.0852        2196.63           4.38         29.11
                    9       9         0        3000       16.6775        2595.18           7.19         29.12
                   10      10         0       13000       19.3881        3194.85          11.05         29.55

                           Observed       Observed                                       5th          95th
                         Change From    Change From                   Simulated      Percentile    Percentile
                           Baseline       Baseline     Predicted         Mean          of Mean       of Mean
                  Obs    QTcF (msec)    QTcF (msec)       Mean      Concentration    Prediction    Prediction

                    1       -3.3535        -1.2599       -0.8284            0          -5.4150        3.9246
                    2       -2.6103         4.2194        3.6813          100          -1.8777        9.5974
                    3        2.0483         4.8645        6.4795          200           1.0257       13.0384
                    4        6.2488         9.8600       11.2544          500           4.5754       18.5129
                    5        9.4195        12.8311       14.5673          900           8.3058       21.3879
                    6       12.4496        16.2650       16.3813         1250          10.1523       23.0357
                    7       14.5223        17.7615       17.5585         1700          11.3174       23.9729
                    8       13.3022        16.8681       18.5460         2200          12.2076       25.1138
                    9       14.6656        18.6894       19.0705         2600          12.5802       25.5955
                   10       17.8438        20.9325       19.8445         3400          13.5919       26.2690
