08/09/2017 
12:42
$PROBLEM    morphine PK in children < 3 years
$INPUT      ID TIME AMT RATE DV MDV CMT BWS PNA SGA
$DATA      Simulated_PaediatricMorphinePK.csv IGNORE=@

; TIME in minutes

; AMT in micrograms

; DV log-transformed (natural logarithm) in micrograms per liter

; CMT 1 = morphine, 2 = M3G, 3 = M6G

; BWS bodyweight in grams at time of study

; PNA postnatal age in days

; SGA small for gestational age 1 = yes, 0 = no

; NKOD for extra additive error on 24 hr post-infusion sample in study of Nancy
$SUBROUTINE ADVAN5
$MODEL      COMP (CENTRAL,DEFDOSE) COMP=(2) ;M3G
            COMP=(3) ;M6G
            COMP (PERIPH) ;Peripheral cmt for parent
$PK 
CL2=(THETA(1)*(BWS*0.001)**THETA(4))*EXP(ETA(1))                  ;parent to M3G (CMT2)
IF (PNA.GT.10) CL2=(THETA(10)*(BWS*0.001)**THETA(4))*EXP(ETA(1)) 
CL2N=(THETA(1)*(BWS*0.001)**THETA(4))
CL2P=(THETA(10)*(BWS*0.001)**THETA(4))

V1 =(THETA(2)*(BWS*0.001)**THETA(5))*EXP(ETA(2))                  ;V1 parent (CMT1)
V1P=(THETA(2)*(BWS*0.001)**THETA(5))
Q  = THETA(3)                                                     ;parent CMT1 to CMT4

CL3=(THETA(6)*(BWS*0.001)**THETA(4))                              ;parent to M6G (CMT3)
IF (PNA.GT.10) CL3=(THETA(11)*(BWS*0.001)**THETA(4))
CL3N=(THETA(6)*(BWS*0.001)**THETA(4))
CL3P=(THETA(11)*(BWS*0.001)**THETA(4))

CL4= (THETA(7)*(BWS*0.001)**THETA(4))*EXP(ETA(4))                 ;excretion M3G 
CL5= (THETA(9)*(BWS*0.001)**THETA(4))*EXP(ETA(3))                 ;excretion M6G 

V2 = V1*THETA(8)                                                  ;V M3G
V3 = V2                                                           ;V M6G
V4 = V1                                                           ;V parent peripheral

K12=CL2/V1
K13=CL3/V1
K20=CL4/V2
K30=CL5/V3
K14=Q/V1
K41=Q/V4

S1=V1
S2=V2
S3=V3

ET1=ETA(1)
ET2=ETA(2)
ET3=ETA(3)
ET4=ETA(4)

$ERROR 
COM1=0
IF (CMT.EQ.1) COM1=1
COM2=0
IF (CMT.EQ.2) COM2=1
COM3=0
IF (CMT.EQ.3) COM3=1

IPRE=LOG(0.000001)
IF (F.GT.0) IPRE = LOG(F)
Y1=IPRE+ERR(1)
Y2=IPRE+ERR(2)
Y3=IPRE+ERR(3)
Y=COM1*Y1+COM2*Y2+COM3*Y3
LIPR=F
IWRE=0
IF (IPRE.GT.0) IWRE=(DV-IPRE)/IPRE

$THETA  (0,0.00309) ; TH1 CL2 <10days
 (0,1.99) ; TH2 V1
 (0,0.0289) ; TH3 Q
 (0,1.44) ; TH4 exponent BW on CL
 1 FIX ; TH5 exponent BW on V
 (0,0.00041) ; TH6 CL3 <10 days
 (0,0.00219) ; TH7 CL4
 (0,0.119) ; TH8 V3 and V4 (fraction of V1)
 (0,0.00111) ; TH9 CL5
 (0,0.00825) ; TH10 CL2 >10days
 (0,0.0007) ; TH11 CL3 >10days
$OMEGA  0.104  ;    OM1 CL2
 0.23  ;     OM2 V1
$OMEGA  BLOCK(2)
 0.185  ;    OM4 CL5
 0.178 0.258  ;    OM5 CL4
$SIGMA  0.371  ; SIG1 prop M
 0.206  ; SIG2 prop M3G
 0.0967  ; SIG3 prop M6G
$ESTIMATION NOABORT PRINT=5 MAXEVAL=9999 METHOD=1 POSTHOC
$COVARIANCE COMP
$TABLE      ID TIME AMT RATE DV MDV CMT BWS PNA SGA CL2N CL2P CL3N
            CL3P CL4 CL5 V1 V2 V3 V4 Q ET1 ET2 ET3 ET4 NOAPPEND
            NOPRINT ONEHEADER FILE=sdtab5

  
NM-TRAN MESSAGES 
  
 WARNINGS AND ERRORS (IF ANY) FOR PROBLEM    1
             
 (WARNING  2) NM-TRAN INFERS THAT THE DATA ARE POPULATION.
  
License Registered to: Leiden Academic Center for Drug Research
Expiration Date:    14 JAN 2018
Current Date:        8 SEP 2017
Days until program expires : 131
1NONLINEAR MIXED EFFECTS MODEL PROGRAM (NONMEM) VERSION 7.3.0
 ORIGINALLY DEVELOPED BY STUART BEAL, LEWIS SHEINER, AND ALISON BOECKMANN
 CURRENT DEVELOPERS ARE ROBERT BAUER, ICON DEVELOPMENT SOLUTIONS,
 AND ALISON BOECKMANN. IMPLEMENTATION, EFFICIENCY, AND STANDARDIZATION
 PERFORMED BY NOUS INFOSYSTEMS.

 PROBLEM NO.:         1
 morphine PK in children < 3 years
0DATA CHECKOUT RUN:              NO
 DATA SET LOCATED ON UNIT NO.:    2
 THIS UNIT TO BE REWOUND:        NO
 NO. OF DATA RECS IN DATA SET:       65
 NO. OF DATA ITEMS IN DATA SET:  11
 ID DATA ITEM IS DATA ITEM NO.:   1
 DEP VARIABLE IS DATA ITEM NO.:   5
 MDV DATA ITEM IS DATA ITEM NO.:  6
0INDICES PASSED TO SUBROUTINE PRED:
  11   2   3   4   0   0   7   0   0   0   0
0LABELS FOR DATA ITEMS:
 ID TIME AMT RATE DV MDV CMT BWS PNA SGA EVID
0(NONBLANK) LABELS FOR PRED-DEFINED ITEMS:
 CL2N CL2P V1 Q CL3N CL3P CL4 CL5 V2 V3 V4 ET1 ET2 ET3 ET4
0FORMAT FOR DATA:
 (4E10.0,E11.0,2E10.0/3E10.0,1F2.0)

 TOT. NO. OF OBS RECS:       45
 TOT. NO. OF INDIVIDUALS:      5
0LENGTH OF THETA:  11
0DEFAULT THETA BOUNDARY TEST OMITTED:    NO
0OMEGA HAS BLOCK FORM:
  1
  0  2
  0  0  3
  0  0  3  3
0DEFAULT OMEGA BOUNDARY TEST OMITTED:    NO
0SIGMA HAS SIMPLE DIAGONAL FORM WITH DIMENSION:   3
0DEFAULT SIGMA BOUNDARY TEST OMITTED:    NO
0INITIAL ESTIMATE OF THETA:
 LOWER BOUND    INITIAL EST    UPPER BOUND
  0.0000E+00     0.3090E-02     0.1000E+07
  0.0000E+00     0.1990E+01     0.1000E+07
  0.0000E+00     0.2890E-01     0.1000E+07
  0.0000E+00     0.1440E+01     0.1000E+07
  0.1000E+01     0.1000E+01     0.1000E+01
  0.0000E+00     0.4100E-03     0.1000E+07
  0.0000E+00     0.2190E-02     0.1000E+07
  0.0000E+00     0.1190E+00     0.1000E+07
  0.0000E+00     0.1110E-02     0.1000E+07
  0.0000E+00     0.8250E-02     0.1000E+07
  0.0000E+00     0.7000E-03     0.1000E+07
0INITIAL ESTIMATE OF OMEGA:
 BLOCK SET NO.   BLOCK                                                                    FIXED
        1                                                                                   NO
                  0.1040E+00
        2                                                                                   NO
                  0.2300E+00
        3                                                                                   NO
                  0.1850E+00
                  0.1780E+00   0.2580E+00
0INITIAL ESTIMATE OF SIGMA:
 0.3710E+00
 0.0000E+00   0.2060E+00
 0.0000E+00   0.0000E+00   0.9670E-01
0COVARIANCE STEP OMITTED:        NO
 EIGENVLS. PRINTED:              NO
 SPECIAL COMPUTATION:            NO
 COMPRESSED FORMAT:             YES
 SIGDIGITS ETAHAT (SIGLO):                  -1
 SIGDIGITS GRADIENTS (SIGL):                -1
 RELATIVE TOLERANCE (TOL):                  -1
 ABSOLUTE TOLERANCE-ADVAN 9,13 ONLY (ATOL): -1
 EXCLUDE COV FOR FOCE (NOFCOV):              NO
 RESUME COV ANALYSIS (RESUME):               NO
0TABLES STEP OMITTED:    NO
 NO. OF TABLES:           1
 SEED NUMBER (SEED):    11456
 RANMETHOD:
 MC SAMPLES (ESEED):    300
 WRES SQUARE ROOT TYPE:            EIGENVALUE
0-- TABLE   1 --
04 COLUMNS APPENDED:     NO
 PRINTED:                NO
 HEADER:                YES
 FILE TO BE FORWARDED:   NO
 FORMAT:                S1PE11.4
 LFORMAT:
 RFORMAT:
0USER-CHOSEN ITEMS:
 ID TIME AMT RATE DV MDV CMT BWS PNA SGA CL2N CL2P CL3N CL3P CL4 CL5 V1 V2 V3 V4 Q ET1 ET2 ET3 ET4
0WARNING: THE NUMBER OF PARAMETERS TO BE ESTIMATED
 EXCEEDS THE NUMBER OF INDIVIDUALS WITH DATA.
0WARNING: FOR AN ASYMPTOTIC ESTIMATE OF THE VARIANCE-COVARIANCE MATRIX
 OF THE GRADIENT VECTOR, THE COVARIANCE STEP COMPUTES THE S MATRIX.
 BUT WHEN THE NUMBER OF PARAMETERS TO BE ESTIMATED
 EXCEEDS THE NUMBER OF INDIVIDUALS WITH DATA,
 THIS MATRIX CAN BE SINGULAR AND BE A POOR ASYMPTOTIC ESTIMATE.
1DOUBLE PRECISION PREDPP VERSION 7.3.0

 GENERAL LINEAR KINETICS MODEL (ADVAN5)
0MODEL SUBROUTINE USER-SUPPLIED - ID NO. 9999
0MAXIMUM NO. OF BASIC PK PARAMETERS:   6
0RATE CONSTANT PARAMETERS - ASSIGNMENT OF ROWS IN GG
            TO COMPT.
  FROM      1    2    3    4    5
  COMPT.
    1       *    1    2    5    -
    2       -    *    -    -    3
    3       -    -    *    -    4
    4       6    -    -    *    -
             * LINK FROM A COMPARTMENT TO ITSELF IS NOT POSSIBLE
             - LINK BETWEEN THESE COMPARTMENTS IS NOT DEFINED FOR THIS MODEL
0COMPARTMENT ATTRIBUTES
 COMPT. NO.   FUNCTION   INITIAL    ON/OFF      DOSE      DEFAULT    DEFAULT
                         STATUS     ALLOWED    ALLOWED    FOR DOSE   FOR OBS.
    1         CENTRAL      ON         YES        YES        YES        YES
    2         2            ON         YES        YES        NO         NO
    3         3            ON         YES        YES        NO         NO
    4         PERIPH       ON         YES        YES        NO         NO
    5         OUTPUT       OFF        YES        NO         NO         NO
1
 ADDITIONAL PK PARAMETERS - ASSIGNMENT OF ROWS IN GG
 COMPT. NO.                             INDICES
              SCALE      BIOAVAIL.   ZERO-ORDER  ZERO-ORDER  ABSORB
                         FRACTION    RATE        DURATION    LAG
    1            7           *           *           *           *
    2            8           *           *           *           *
    3            9           *           *           *           *
    4            *           *           *           *           *
    5            *           -           -           -           -
             - PARAMETER IS NOT ALLOWED FOR THIS MODEL
             * PARAMETER IS NOT SUPPLIED BY PK SUBROUTINE;
               WILL DEFAULT TO ONE IF APPLICABLE
0DATA ITEM INDICES USED BY PRED ARE:
   EVENT ID DATA ITEM IS DATA ITEM NO.:     11
   TIME DATA ITEM IS DATA ITEM NO.:          2
   DOSE AMOUNT DATA ITEM IS DATA ITEM NO.:   3
   DOSE RATE DATA ITEM IS DATA ITEM NO.:     4
   COMPT. NO. DATA ITEM IS DATA ITEM NO.:    7

0PK SUBROUTINE CALLED WITH EVERY EVENT RECORD.
 PK SUBROUTINE NOT CALLED AT NONEVENT (ADDITIONAL OR LAGGED) DOSE TIMES.
0ERROR SUBROUTINE CALLED WITH EVERY EVENT RECORD.
1


 #TBLN:      1
 #METH: First Order Conditional Estimation

 ESTIMATION STEP OMITTED:                 NO  
 ANALYSIS TYPE:                           POPULATION
 CONDITIONAL ESTIMATES USED:              YES 
 CENTERED ETA:                            NO  
 EPS-ETA INTERACTION:                     NO  
 LAPLACIAN OBJ. FUNC.:                    NO  
 NO. OF FUNCT. EVALS. ALLOWED:            9999
 NO. OF SIG. FIGURES REQUIRED:            3
 INTERMEDIATE PRINTOUT:                   YES 
 ESTIMATE OUTPUT TO MSF:                  NO  
 ABORT WITH PRED EXIT CODE 1:             NO  
 IND. OBJ. FUNC. VALUES SORTED:           NO  
 NUMERICAL DERIVATIVE 
       FILE REQUEST (NUMDER):             NONE
 MAP (ETAHAT) ESTIMATION METHOD (OPTMAP): 0           
 ETA HESSIAN EVALUATION METHOD (ETADER):  0           
 INITIAL ETA FOR MAP ESTIMATION (MCETA):  0           
 SIGDIGITS FOR MAP ESTIMATION (SIGLO):    100         
 GRADIENT SIGDIGITS OF 
       FIXED EFFECTS PARAMETERS (SIGL):   100         
 EXCLUDE TITLE (NOTITLE):                 NO 
 EXCLUDE COLUMN LABELS (NOLABEL):         NO 
 NOPRIOR SETTING (NOPRIOR):               OFF
 NOCOV SETTING (NOCOV):                   OFF
 DERCONT SETTING (DERCONT):               OFF
 ABSOLUTE TOLERANCE-ADVAN 9,13 ONLY(ATOL):-100        
 FINAL ETA RE-EVALUATION (FNLETA):        ON 
 EXCLUDE NON-INFLUENTIAL (NON-INFL.) ETAS 
       IN SHRINKAGE (ETASTYPE):           NO 
 NON-INFL. ETA CORRECTION (NONINFETA):    OFF
 FORMAT FOR ADDITIONAL FILES (FORMAT):    S1PE12.5
 PARAMETER ORDER FOR OUTPUTS (ORDER):     TSOL
 ADDITIONAL CONVERGENCE TEST (CTYPE=4)?:  NO
 EM OR BAYESIAN METHOD USED:                NONE


 THE FOLLOWING LABELS ARE EQUIVALENT
 PRED=NPRED
 RES=NRES
 WRES=NWRES
 IWRS=NIWRES
 IPRD=NIPRED
 IRS=NIRES

 MONITORING OF SEARCH:


0ITERATION NO.:    0    OBJECTIVE VALUE:  -2.41589672655906        NO. OF FUNC. EVALS.:  15
 CUMULATIVE NO. OF FUNC. EVALS.:       15
 NPARAMETR:  3.0900E-03  1.9900E+00  2.8900E-02  1.4400E+00  4.1000E-04  2.1900E-03  1.1900E-01  1.1100E-03  8.2500E-03  7.0000E-04
             1.0400E-01  2.3000E-01  1.8500E-01  1.7800E-01  2.5800E-01  3.7100E-01  2.0600E-01  9.6700E-02
 PARAMETER:  1.0000E-01  1.0000E-01  1.0000E-01  1.0000E-01  1.0000E-01  1.0000E-01  1.0000E-01  1.0000E-01  1.0000E-01  1.0000E-01
             1.0000E-01  1.0000E-01  1.0000E-01  1.0000E-01  1.0000E-01  1.0000E-01  1.0000E-01  1.0000E-01
 GRADIENT:   2.7815E+00  1.0839E+01 -1.5540E+00  4.3610E+00 -6.0741E+00  9.2240E+00  5.8988E+00 -4.5377E+00 -5.2754E+00  6.9805E+00
            -2.0243E+00 -9.1784E+00  3.7047E+00 -1.7702E+01 -6.3674E+00 -3.2403E-01  8.6648E+00  8.0379E+00

0ITERATION NO.:    5    OBJECTIVE VALUE:  -19.2696449281749        NO. OF FUNC. EVALS.:  17
 CUMULATIVE NO. OF FUNC. EVALS.:      104
 NPARAMETR:  2.4399E-03  1.4785E+00  3.1928E-02  1.4063E+00  6.7544E-04  1.7081E-03  8.9228E-02  1.1083E-03  8.3428E-03  5.6253E-04
             1.4074E-01  4.5244E-01  8.9405E-02  2.4068E-01  7.9648E-01  3.6048E-01  4.1334E-02  3.4023E-02
 PARAMETER: -1.3621E-01 -1.9708E-01  1.9964E-01  7.6332E-02  5.9920E-01 -1.4853E-01 -1.8793E-01  9.8448E-02  1.1119E-01 -1.1863E-01
             2.5127E-01  4.3829E-01 -2.6359E-01  1.9450E-01  3.6916E-01  8.5613E-02 -7.0309E-01 -4.2228E-01
 GRADIENT:  -2.4113E+00 -3.6604E+00  1.0748E+00 -2.0258E+01  6.5084E+00  2.7226E+00  9.8869E-01 -8.8437E+00 -3.3243E-01 -2.4303E+00
             5.6725E-01 -2.8849E+00  4.8024E+00  9.3000E-01 -2.4713E+00  1.3354E+00 -6.3692E+00  2.7028E+00

0ITERATION NO.:   10    OBJECTIVE VALUE:  -28.0385962910143        NO. OF FUNC. EVALS.:  18
 CUMULATIVE NO. OF FUNC. EVALS.:      187
 NPARAMETR:  1.4429E-03  2.1702E+00  4.5351E-02  1.5973E+00  5.9635E-04  1.1059E-03  5.9833E-02  8.5449E-04  6.3984E-03  4.4854E-04
             5.6332E-02  6.2623E-01  3.4685E-03 -1.2737E-02  8.9639E-01  3.3089E-01  5.6900E-02  1.0243E-02
 PARAMETER: -6.6153E-01  1.8668E-01  5.5060E-01  2.0365E-01  4.7467E-01 -5.8322E-01 -5.8757E-01 -1.6161E-01 -1.5416E-01 -3.4508E-01
            -2.0657E-01  6.0082E-01 -1.8883E+00 -5.2258E-02  1.2410E+00  4.2796E-02 -5.4329E-01 -1.0225E+00
 GRADIENT:  -2.2398E-01 -1.1362E+00  7.7280E-01  1.1203E+01  2.9032E+00  1.1051E+00 -2.7883E-01 -2.4990E+00  1.4317E-01  2.7278E+00
            -8.1131E-01 -2.8445E-01  5.1231E-02  8.2027E-01  3.1990E+00 -2.4416E+00 -3.0409E+00 -9.6380E-01

0ITERATION NO.:   15    OBJECTIVE VALUE:  -28.8410395312202        NO. OF FUNC. EVALS.:  16
 CUMULATIVE NO. OF FUNC. EVALS.:      268
 NPARAMETR:  1.3058E-03  2.1592E+00  3.6890E-02  1.6944E+00  3.9954E-04  9.3807E-04  5.7803E-02  6.1984E-04  5.0477E-03  3.1317E-04
             6.7722E-02  6.8882E-01  2.5558E-03 -8.8475E-03  5.8725E-01  3.5996E-01  6.3761E-02  1.0886E-02
 PARAMETER: -7.6137E-01  1.8162E-01  3.4410E-01  2.6269E-01  7.4161E-02 -7.4783E-01 -6.2208E-01 -4.8265E-01 -3.9129E-01 -7.0434E-01
            -1.1449E-01  6.4845E-01 -2.0410E+00 -4.2289E-02  1.0295E+00  8.4897E-02 -4.8637E-01 -9.9204E-01
 GRADIENT:   6.9411E-01 -1.7198E-01 -4.9435E-01  1.2556E+01 -1.3959E+00  9.9118E-01 -5.9035E-01  1.2687E+00  7.5774E-01  1.0089E+00
            -3.6644E-01  9.4294E-01  6.0061E-03  3.0422E+00  8.4421E-01 -1.6013E-01  5.4489E-01 -1.4031E-01

0ITERATION NO.:   20    OBJECTIVE VALUE:  -29.0109024131069        NO. OF FUNC. EVALS.:  17
 CUMULATIVE NO. OF FUNC. EVALS.:      350
 NPARAMETR:  1.2933E-03  2.2057E+00  3.8617E-02  1.6799E+00  4.2050E-04  8.9009E-04  5.8789E-02  6.3081E-04  5.0026E-03  3.1014E-04
             6.9418E-02  6.3310E-01  1.8552E-03 -1.2380E-02  5.8597E-01  3.5178E-01  6.3752E-02  1.0685E-02
 PARAMETER: -7.7101E-01  2.0293E-01  3.8986E-01  2.5409E-01  1.2529E-01 -8.0034E-01 -6.0516E-01 -4.6512E-01 -4.0026E-01 -7.1404E-01
            -1.0212E-01  6.0627E-01 -2.2012E+00 -6.9455E-02  9.7921E-01  7.3401E-02 -4.8643E-01 -1.0014E+00
 GRADIENT:  -2.8707E-01  2.1415E-01  1.8677E-01 -4.2583E+00  5.4778E-01 -5.5097E-02  9.3044E-02 -1.4748E+00 -6.1668E-01  4.1647E-01
             1.1596E-01 -3.1816E-01 -1.1366E-01  2.1397E+00  7.5366E-01 -2.4640E-01 -1.7425E-01  2.0015E-01

0ITERATION NO.:   25    OBJECTIVE VALUE:  -29.3706602022801        NO. OF FUNC. EVALS.:  16
 CUMULATIVE NO. OF FUNC. EVALS.:      430
 NPARAMETR:  1.3306E-03  2.2131E+00  3.8486E-02  1.6556E+00  4.5678E-04  9.3010E-04  5.8074E-02  6.9309E-04  5.2929E-03  3.3905E-04
             5.9740E-02  6.4037E-01  1.6217E-03 -2.8117E-02  6.2551E-01  3.5420E-01  6.2980E-02  1.0822E-02
 PARAMETER: -7.4251E-01  2.0627E-01  3.8647E-01  2.3952E-01  2.0805E-01 -7.5636E-01 -6.1740E-01 -3.7095E-01 -3.4385E-01 -6.2493E-01
            -1.7720E-01  6.1199E-01 -2.2684E+00 -1.6871E-01  3.3227E-01  7.6837E-02 -4.9253E-01 -9.9500E-01
 GRADIENT:   8.5293E-01  2.1475E-01 -2.5405E-01  2.4398E+00 -1.0328E+00  1.1513E-01 -3.4825E-01  1.4374E+00 -7.3539E-01  6.8429E-01
            -1.4232E-01  1.6179E-01 -4.4388E-01 -5.2458E+00  4.1812E-01 -5.3525E-01  1.1015E-01 -2.9067E-01

0ITERATION NO.:   30    OBJECTIVE VALUE:  -30.9425095219091        NO. OF FUNC. EVALS.:  17
 CUMULATIVE NO. OF FUNC. EVALS.:      513
 NPARAMETR:  1.2446E-03  2.1900E+00  4.4683E-02  1.5702E+00  5.0943E-04  1.1148E-03  3.9865E-02  7.0783E-04  6.7979E-03  3.3437E-04
             2.0264E-02  5.6956E-01  5.2727E-02 -1.9620E-01  7.3630E-01  4.2767E-01  6.3302E-02  1.1070E-02
 PARAMETER: -8.0935E-01  1.9578E-01  5.3576E-01  1.8653E-01  3.1713E-01 -5.7525E-01 -9.9363E-01 -3.4992E-01 -9.3604E-02 -6.3883E-01
            -7.1776E-01  5.5339E-01 -5.2762E-01 -2.0646E-01 -1.2155E+00  1.7108E-01 -4.8998E-01 -9.8367E-01
 GRADIENT:  -2.2496E-01 -9.1678E-01  2.8744E-01  1.6661E+00  6.7412E-01  4.4713E-01  8.6637E-01 -1.3208E+00  2.4226E+00 -1.1220E+00
             2.5899E+00 -1.9308E-01  4.7038E-01 -4.2872E+00  1.2588E-01  1.2978E+00 -6.6346E-01  4.1398E-01

0ITERATION NO.:   35    OBJECTIVE VALUE:  -33.0413981701465        NO. OF FUNC. EVALS.:  16
 CUMULATIVE NO. OF FUNC. EVALS.:      593
 NPARAMETR:  1.1212E-03  2.4466E+00  4.9412E-02  1.5107E+00  5.7153E-04  1.0906E-03  2.2773E-02  8.0250E-04  7.5652E-03  3.4656E-04
             1.5645E-03  4.9204E-01  8.6334E-02 -2.5925E-01  7.7915E-01  5.0299E-01  6.3519E-02  1.0007E-02
 PARAMETER: -9.1379E-01  3.0655E-01  6.3635E-01  1.4790E-01  4.3216E-01 -5.9714E-01 -1.5536E+00 -2.2439E-01  1.3351E-02 -6.0302E-01
            -1.9984E+00  4.8024E-01 -2.8107E-01 -2.1320E-01 -2.3436E+00  2.5219E-01 -4.8827E-01 -1.0341E+00
 GRADIENT:  -5.6140E-01 -4.1616E-01  9.5677E-02 -3.5407E+01  1.3312E+00 -2.1568E+00 -5.2406E-01 -5.7400E+00 -4.8521E+00  3.3901E+00
             8.4396E-01 -3.6402E-01  3.2281E-01 -2.1553E+00  4.6322E-02  2.9793E+00  1.5847E-01  1.9718E-01

0ITERATION NO.:   40    OBJECTIVE VALUE:  -33.7699565485495        NO. OF FUNC. EVALS.:  16
 CUMULATIVE NO. OF FUNC. EVALS.:      673
 NPARAMETR:  1.1712E-03  2.4434E+00  4.8372E-02  1.5191E+00  5.7798E-04  1.1021E-03  2.4857E-02  8.2277E-04  7.6344E-03  3.6776E-04
             1.1113E-04  4.9734E-01  8.1321E-02 -2.3968E-01  7.0653E-01  4.5799E-01  5.9106E-02  1.0412E-02
 PARAMETER: -8.7014E-01  3.0526E-01  6.1508E-01  1.5349E-01  4.4337E-01 -5.8665E-01 -1.4660E+00 -1.9944E-01  2.2448E-02 -5.4366E-01
            -3.3207E+00  4.8560E-01 -3.1097E-01 -2.0309E-01 -3.1961E+00  2.0532E-01 -5.2427E-01 -1.0143E+00
 GRADIENT:   1.8110E-01 -2.3626E-01 -4.7228E-02 -5.4329E-01 -2.1934E-01 -3.8346E-01 -8.6026E-02 -4.1543E-01 -3.1015E-01  8.6971E-01
             6.8025E-02  3.2797E-02  4.7983E-01  6.4826E-01  1.0325E-02  1.3856E-01 -2.5201E-01  1.4428E-01

0ITERATION NO.:   45    OBJECTIVE VALUE:  -33.8093251139225        NO. OF FUNC. EVALS.:  16
 CUMULATIVE NO. OF FUNC. EVALS.:      754
 NPARAMETR:  1.1775E-03  2.4548E+00  4.8618E-02  1.5168E+00  5.7611E-04  1.1310E-03  2.5348E-02  8.0680E-04  7.6104E-03  3.5930E-04
             1.0400E-05  5.0524E-01  7.8862E-02 -2.3323E-01  6.8979E-01  4.5195E-01  6.0590E-02  1.0131E-02
 PARAMETER: -8.6476E-01  3.0992E-01  6.2015E-01  1.5195E-01  4.4014E-01 -5.6078E-01 -1.4464E+00 -2.1903E-01  1.9308E-02 -5.6691E-01
            -4.8474E+00  4.9348E-01 -3.2633E-01 -2.0069E-01 -4.3235E+00  1.9869E-01 -5.1187E-01 -1.0280E+00
 GRADIENT:  -2.5384E-02 -4.6522E-03 -5.1715E-03  1.4263E+00  2.8893E-02  1.2428E-01  1.5309E-03  2.4852E-01  3.2313E-01 -2.7042E-01
             0.0000E+00 -1.0737E-02 -4.8419E-02 -3.9884E-01  1.1092E-03 -5.3392E-03 -3.8223E-02  7.3025E-02

0ITERATION NO.:   50    OBJECTIVE VALUE:  -33.8581751693265        NO. OF FUNC. EVALS.:  29
 CUMULATIVE NO. OF FUNC. EVALS.:      902
 NPARAMETR:  1.1869E-03  2.5624E+00  4.9552E-02  1.5139E+00  6.2455E-04  1.1275E-03  2.6483E-02  8.5384E-04  7.8022E-03  3.8744E-04
             1.0400E-05  5.0482E-01  7.9581E-02 -2.3588E-01  6.9915E-01  4.4991E-01  6.0088E-02  1.0213E-02
 PARAMETER: -8.5685E-01  3.5281E-01  6.3919E-01  1.5003E-01  5.2087E-01 -5.6388E-01 -1.4026E+00 -1.6237E-01  4.4192E-02 -4.9152E-01
            -5.0120E+00  4.9306E-01 -3.2179E-01 -2.0204E-01 -4.4414E+00  1.9643E-01 -5.1603E-01 -1.0240E+00
 GRADIENT:  -1.4090E-02  4.6871E-04 -4.8023E-03  4.5881E-02  2.1162E-02  1.0258E-02 -5.3018E-03 -5.9887E-02 -1.4000E-02  4.1391E-02
             0.0000E+00 -2.1499E-03 -1.0742E-02 -3.9962E-02  8.6677E-04 -4.0641E-03 -1.1328E-02  8.7697E-03

0ITERATION NO.:   54    OBJECTIVE VALUE:  -33.8582879170997        NO. OF FUNC. EVALS.:  26
 CUMULATIVE NO. OF FUNC. EVALS.:     1015
 NPARAMETR:  1.1869E-03  2.5605E+00  4.9571E-02  1.5137E+00  6.2460E-04  1.1252E-03  2.6551E-02  8.5468E-04  7.8007E-03  3.8726E-04
             1.0400E-05  5.0530E-01  7.9636E-02 -2.3602E-01  6.9951E-01  4.4977E-01  6.0160E-02  1.0202E-02
 PARAMETER: -8.5686E-01  3.5206E-01  6.3957E-01  1.4991E-01  5.2096E-01 -5.6590E-01 -1.4000E+00 -1.6139E-01  4.3994E-02 -4.9200E-01
            -5.1184E+00  4.9354E-01 -3.2144E-01 -2.0210E-01 -4.5231E+00  1.9626E-01 -5.1544E-01 -1.0245E+00
 GRADIENT:   1.4968E-03  1.7949E-03  2.0885E-04 -9.0480E-03 -1.5277E-03 -1.7553E-03  6.1809E-05  2.1851E-03 -2.4157E-03  7.4914E-04
             0.0000E+00  4.8559E-04  4.8146E-04  1.9703E-03  0.0000E+00  4.2489E-04  1.7081E-03 -1.0698E-03

 #TERM:
0MINIMIZATION SUCCESSFUL
 NO. OF FUNCTION EVALUATIONS USED:     1015
 NO. OF SIG. DIGITS IN FINAL EST.:  3.2
0PARAMETER ESTIMATE IS NEAR ITS BOUNDARY
 THIS MUST BE ADDRESSED BEFORE THE COVARIANCE STEP CAN BE IMPLEMENTED

 ETABAR IS THE ARITHMETIC MEAN OF THE ETA-ESTIMATES,
 AND THE P-VALUE IS GIVEN FOR THE NULL HYPOTHESIS THAT THE TRUE MEAN IS 0.

 ETABAR:        -1.6039E-06  1.4568E-03 -4.5364E-04  1.3437E-03
 SE:             2.1330E-05  3.1673E-01  1.2487E-01  3.7008E-01
 N:                       5           5           5           5

 P VAL.:         9.4006E-01  9.9633E-01  9.9710E-01  9.9710E-01

 ETAshrink(%):   9.8346E+01  1.0000E-10  1.0000E-10  1.0000E-10
 EBVshrink(%):   9.7075E+01  5.2053E-01  1.0287E+00  1.0284E+00
 EPSshrink(%):   2.5124E-01  1.5199E+01  2.0734E+01

 #TERE:
 Elapsed estimation time in seconds:    28.14
1
 
 
 
 
 
 
 
 
 
 
 
 
 
 
 
 
 
 
 
 
 ************************************************************************************************************************
 ********************                                                                                ********************
 ********************                        FIRST ORDER CONDITIONAL ESTIMATION                      ********************
 #OBJT:**************                       MINIMUM VALUE OF OBJECTIVE FUNCTION                      ********************
 ********************                                                                                ********************
 ************************************************************************************************************************
 





 #OBJV:********************************************      -33.858       **************************************************
1
 ************************************************************************************************************************
 ********************                                                                                ********************
 ********************                        FIRST ORDER CONDITIONAL ESTIMATION                      ********************
 ********************                             FINAL PARAMETER ESTIMATE                           ********************
 ********************                                                                                ********************
 ************************************************************************************************************************
 


 THETA - VECTOR OF FIXED EFFECTS PARAMETERS   *********


         TH 1      TH 2      TH 3      TH 4      TH 5      TH 6      TH 7      TH 8      TH 9      TH10      TH11     
 
         1.19E-03  2.56E+00  4.96E-02  1.51E+00  1.00E+00  6.25E-04  1.13E-03  2.66E-02  8.55E-04  7.80E-03  3.87E-04
 


 OMEGA - COV MATRIX FOR RANDOM EFFECTS - ETAS  ********


            ETA1      ETA2      ETA3      ETA4   
 
 ETA1
+        1.04E-05
 
 ETA2
+        0.00E+00  5.05E-01
 
 ETA3
+        0.00E+00  0.00E+00  7.96E-02
 
 ETA4
+        0.00E+00  0.00E+00 -2.36E-01  7.00E-01
 


 SIGMA - COV MATRIX FOR RANDOM EFFECTS - EPSILONS  ****


            EPS1      EPS2      EPS3   
 
 EPS1
+        4.50E-01
 
 EPS2
+        0.00E+00  6.02E-02
 
 EPS3
+        0.00E+00  0.00E+00  1.02E-02
 
1


 OMEGA - CORR MATRIX FOR RANDOM EFFECTS - ETAS  *******


            ETA1      ETA2      ETA3      ETA4   
 
 ETA1
+        3.22E-03
 
 ETA2
+        0.00E+00  7.11E-01
 
 ETA3
+        0.00E+00  0.00E+00  2.82E-01
 
 ETA4
+        0.00E+00  0.00E+00 -1.00E+00  8.36E-01
 


 SIGMA - CORR MATRIX FOR RANDOM EFFECTS - EPSILONS  ***


            EPS1      EPS2      EPS3   
 
 EPS1
+        6.71E-01
 
 EPS2
+        0.00E+00  2.45E-01
 
 EPS3
+        0.00E+00  0.00E+00  1.01E-01
 
 #CPUT: Total CPU Time in Seconds,       24.196
Stop Time: 
08/09/2017 
12:43
