19/05/2016 
16:44
; Script generated by the pharmML2Nmtran Converter v.0.3.0
; Source	: PharmML 0.6.1
; Target	: NMTRAN 7.3.0
; Model 	: Executable_Mielosupression
; Dated 	: Thu May 19 16:44:52 CEST 2016

$PROBLEM "generated by MDL2PharmML v.6.0"

$INPUT  ID TIME=TIME RATE AMT DV CMT MDV V2I V1I CLI
$DATA "Simulated_WBC_pacl_ddmore.csv" IGNORE=@
$SUBS ADVAN13 TOL=9

$MODEL 
COMP (COMP1) 	;AC
COMP (COMP2) 	;AP
COMP (COMP3) 	;CIRC
COMP (COMP4) 	;PROL
COMP (COMP5) 	;TRANSIT1
COMP (COMP6) 	;TRANSIT2
COMP (COMP7) 	;TRANSIT3



$PK 
POP_CIRC0 = THETA(1)
POP_MTT = THETA(2)
POP_GAMMA = THETA(3)
POP_SLOPU = THETA(4)
PROP_ERROR = THETA(5)

ETA_CIRC0 =  ETA(1)
ETA_MTT =  ETA(2)
ETA_SLOPU =  ETA(3)


MU_1 = LOG(POP_CIRC0)
CIRC0 =  EXP(MU_1 +  ETA(1)) ;

MU_2 = LOG(POP_MTT)
MTT =  EXP(MU_2 +  ETA(2)) ;

MU_3 = LOG(POP_SLOPU)
SLOPU =  EXP(MU_3 +  ETA(3)) ;

GAMMA = POP_GAMMA

A_0(1) = 0
A_0(2) = 0
A_0(3) = CIRC0
A_0(4) = CIRC0
A_0(5) = CIRC0
A_0(6) = CIRC0
A_0(7) = CIRC0

$DES 
AC_DES = A(1)
AP_DES = A(2)
CIRC_DES = A(3)
PROL_DES = A(4)
TRANSIT1_DES = A(5)
TRANSIT2_DES = A(6)
TRANSIT3_DES = A(7)
Q_DES = 204
NN_DES = 3
KTR_DES = ((NN_DES+1)/MTT)
CONC_DES = (AC_DES/V1I)
EDRUG_DES = (1-(SLOPU*CONC_DES))
FEED_DES = ((CIRC0/CIRC_DES)**GAMMA)
DADT(1) = ((((-(Q_DES)/V1I)*AC_DES)-((CLI/V1I)*AC_DES))+((Q_DES/V2I)*AP_DES))
DADT(2) = (((Q_DES/V1I)*AC_DES)-((Q_DES/V2I)*AP_DES))
DADT(3) = ((KTR_DES*TRANSIT3_DES)-(KTR_DES*CIRC_DES))
DADT(4) = ((((KTR_DES*PROL_DES)*EDRUG_DES)*FEED_DES)-(KTR_DES*PROL_DES))
DADT(5) = ((KTR_DES*PROL_DES)-(KTR_DES*TRANSIT1_DES))
DADT(6) = ((KTR_DES*TRANSIT1_DES)-(KTR_DES*TRANSIT2_DES))
DADT(7) = ((KTR_DES*TRANSIT2_DES)-(KTR_DES*TRANSIT3_DES))

$ERROR 
AC = A(1)
AP = A(2)
CIRC = A(3)
PROL = A(4)
TRANSIT1 = A(5)
TRANSIT2 = A(6)
TRANSIT3 = A(7)
Q = 204
NN = 3
KTR = ((NN+1)/MTT)
CONC = (AC/V1I)
EDRUG = (1-(SLOPU*CONC))
FEED = ((CIRC0/CIRC)**GAMMA)
IPRED = CIRC
W = PROP_ERROR*IPRED
Y = IPRED+W*EPS(1)
IRES = DV - IPRED
IWRES = IRES/W

$THETA 
( 2.0 , 7.21 , 13.0 )	;POP_CIRC0
( 0.0 , 124.0 )	;POP_MTT
( 0.0 , 0.239 )	;POP_GAMMA
( 0.0 , 28.9 )	;POP_SLOPU
( 0.0 , 0.286 )	;PROP_ERROR

$OMEGA 
(0.107 )	;OMEGA_CIRC0
(0.0296 )	;OMEGA_MTT
(0.176 )	;OMEGA_SLOPU

$SIGMA 
1.0 FIX	;SIGMA_ERROR



$EST METHOD=COND INTER NSIG=3 SIGL=9 MAXEVALS=9999 PRINT=10 NOABORT

$TABLE  ID TIME RATE AMT CMT MDV V2I V1I CLI PRED IPRED RES IRES WRES IWRES Y DV NOAPPEND NOPRINT FILE=sdtab

$TABLE  ID CIRC0 MTT SLOPU GAMMA ETA_CIRC0 ETA_MTT ETA_SLOPU NOAPPEND NOPRINT FILE=patab

$TABLE  ID V2I V1I CLI NOAPPEND NOPRINT FILE=cotab


  
NM-TRAN MESSAGES 
  
 WARNINGS AND ERRORS (IF ANY) FOR PROBLEM    1
             
 (WARNING  2) NM-TRAN INFERS THAT THE DATA ARE POPULATION.
             
 (WARNING  97) A RANDOM QUANTITY IS RAISED TO A POWER. IF THE RESULT AFFECTS
 THE VALUE OF THE OBJECTIVE FUNCTION, THE USER SHOULD ENSURE THAT THE
 RANDOM QUANTITY IS NEVER 0 WHEN THE POWER IS < 1.
  
License Registered to: Freie Universitaet Berlin
Expiration Date:    14 JAN 2019
Current Date:       19 MAY 2016
Days until program expires : 970
1NONLINEAR MIXED EFFECTS MODEL PROGRAM (NONMEM) VERSION 7.3.0
 ORIGINALLY DEVELOPED BY STUART BEAL, LEWIS SHEINER, AND ALISON BOECKMANN
 CURRENT DEVELOPERS ARE ROBERT BAUER, ICON DEVELOPMENT SOLUTIONS,
 AND ALISON BOECKMANN. IMPLEMENTATION, EFFICIENCY, AND STANDARDIZATION
 PERFORMED BY NOUS INFOSYSTEMS.

 PROBLEM NO.:         1
 "generated by MDL2PharmML v.6.0"
0DATA CHECKOUT RUN:              NO
 DATA SET LOCATED ON UNIT NO.:    2
 THIS UNIT TO BE REWOUND:        NO
 NO. OF DATA RECS IN DATA SET:      735
 NO. OF DATA ITEMS IN DATA SET:  11
 ID DATA ITEM IS DATA ITEM NO.:   1
 DEP VARIABLE IS DATA ITEM NO.:   5
 MDV DATA ITEM IS DATA ITEM NO.:  7
0INDICES PASSED TO SUBROUTINE PRED:
  11   2   4   3   0   0   6   0   0   0   0
0LABELS FOR DATA ITEMS:
 ID TIME RATE AMT DV CMT MDV V2I V1I CLI EVID
0(NONBLANK) LABELS FOR PRED-DEFINED ITEMS:
 ETA_CIRC0 ETA_MTT ETA_SLOPU CIRC0 MTT SLOPU GAMMA IPRED Y IRES IWRES
0FORMAT FOR DATA:
 (9E8.0/E8.0,1F2.0)

 TOT. NO. OF OBS RECS:      530
 TOT. NO. OF INDIVIDUALS:     46
0LENGTH OF THETA:   5
0DEFAULT THETA BOUNDARY TEST OMITTED:    NO
0OMEGA HAS SIMPLE DIAGONAL FORM WITH DIMENSION:   3
0DEFAULT OMEGA BOUNDARY TEST OMITTED:    NO
0SIGMA HAS SIMPLE DIAGONAL FORM WITH DIMENSION:   1
0DEFAULT SIGMA BOUNDARY TEST OMITTED:    NO
0INITIAL ESTIMATE OF THETA:
 LOWER BOUND    INITIAL EST    UPPER BOUND
  0.2000E+01     0.7210E+01     0.1300E+02
  0.0000E+00     0.1240E+03     0.1000E+07
  0.0000E+00     0.2390E+00     0.1000E+07
  0.0000E+00     0.2890E+02     0.1000E+07
  0.0000E+00     0.2860E+00     0.1000E+07
0INITIAL ESTIMATE OF OMEGA:
 0.1070E+00
 0.0000E+00   0.2960E-01
 0.0000E+00   0.0000E+00   0.1760E+00
0INITIAL ESTIMATE OF SIGMA:
 0.1000E+01
0SIGMA CONSTRAINED TO BE THIS INITIAL ESTIMATE
0TABLES STEP OMITTED:    NO
 NO. OF TABLES:           3
 SEED NUMBER (SEED):    11456
 RANMETHOD:
 MC SAMPLES (ESEED):    300
 WRES SQUARE ROOT TYPE:            EIGENVALUE
0-- TABLE   1 --
04 COLUMNS APPENDED:     NO
 PRINTED:                NO
 HEADER:                YES
 FILE TO BE FORWARDED:   NO
 FORMAT:                S1PE11.4
 LFORMAT:
 RFORMAT:
0USER-CHOSEN ITEMS:
 ID TIME RATE AMT CMT MDV V2I V1I CLI PRED IPRED RES IRES WRES IWRES Y DV
0-- TABLE   2 --
04 COLUMNS APPENDED:     NO
 PRINTED:                NO
 HEADER:                YES
 FILE TO BE FORWARDED:   NO
 FORMAT:                S1PE11.4
 LFORMAT:
 RFORMAT:
0USER-CHOSEN ITEMS:
 ID CIRC0 MTT SLOPU GAMMA ETA_CIRC0 ETA_MTT ETA_SLOPU
0-- TABLE   3 --
04 COLUMNS APPENDED:     NO
 PRINTED:                NO
 HEADER:                YES
 FILE TO BE FORWARDED:   NO
 FORMAT:                S1PE11.4
 LFORMAT:
 RFORMAT:
0USER-CHOSEN ITEMS:
 ID V2I V1I CLI
1DOUBLE PRECISION PREDPP VERSION 7.3.0

 GENERAL NONLINEAR KINETICS MODEL USING LSODA (ADVAN13)
0MODEL SUBROUTINE USER-SUPPLIED - ID NO. 9999
0MAXIMUM NO. OF BASIC PK PARAMETERS:   4
0COMPARTMENT ATTRIBUTES
 COMPT. NO.   FUNCTION   INITIAL    ON/OFF      DOSE      DEFAULT    DEFAULT
                         STATUS     ALLOWED    ALLOWED    FOR DOSE   FOR OBS.
    1         COMP1        ON         YES        YES        YES        YES
    2         COMP2        ON         YES        YES        NO         NO
    3         COMP3        ON         YES        YES        NO         NO
    4         COMP4        ON         YES        YES        NO         NO
    5         COMP5        ON         YES        YES        NO         NO
    6         COMP6        ON         YES        YES        NO         NO
    7         COMP7        ON         YES        YES        NO         NO
    8         OUTPUT       OFF        YES        NO         NO         NO
0NRD VALUE(S) FROM SUBROUTINE TOL:   9
1
 ADDITIONAL PK PARAMETERS - ASSIGNMENT OF ROWS IN GG
 COMPT. NO.                             INDICES
              SCALE      BIOAVAIL.   ZERO-ORDER  ZERO-ORDER  ABSORB
                         FRACTION    RATE        DURATION    LAG
    1            *           *           *           *           *
    2            *           *           *           *           *
    3            *           *           *           *           *
    4            *           *           *           *           *
    5            *           *           *           *           *
    6            *           *           *           *           *
    7            *           *           *           *           *
    8            *           -           -           -           -
             - PARAMETER IS NOT ALLOWED FOR THIS MODEL
             * PARAMETER IS NOT SUPPLIED BY PK SUBROUTINE;
               WILL DEFAULT TO ONE IF APPLICABLE
0DATA ITEM INDICES USED BY PRED ARE:
   EVENT ID DATA ITEM IS DATA ITEM NO.:     11
   TIME DATA ITEM IS DATA ITEM NO.:          2
   DOSE AMOUNT DATA ITEM IS DATA ITEM NO.:   4
   DOSE RATE DATA ITEM IS DATA ITEM NO.:     3
   COMPT. NO. DATA ITEM IS DATA ITEM NO.:    6

0PK SUBROUTINE CALLED WITH EVERY EVENT RECORD.
 PK SUBROUTINE NOT CALLED AT NONEVENT (ADDITIONAL OR LAGGED) DOSE TIMES.
0PK SUBROUTINE INDICATES THAT COMPARTMENT AMOUNTS ARE INITIALIZED.
0ERROR SUBROUTINE CALLED WITH EVERY EVENT RECORD.
0ERROR SUBROUTINE INDICATES THAT DERIVATIVES OF COMPARTMENT AMOUNTS ARE USED.
0DES SUBROUTINE USES FULL STORAGE MODE.
1


 #TBLN:      1
 #METH: First Order Conditional Estimation with Interaction

 ESTIMATION STEP OMITTED:                 NO  
 ANALYSIS TYPE:                           POPULATION
 CONDITIONAL ESTIMATES USED:              YES 
 CENTERED ETA:                            NO  
 EPS-ETA INTERACTION:                     YES 
 LAPLACIAN OBJ. FUNC.:                    NO  
 NO. OF FUNCT. EVALS. ALLOWED:            9999
 NO. OF SIG. FIGURES REQUIRED:            3
 INTERMEDIATE PRINTOUT:                   YES 
 ESTIMATE OUTPUT TO MSF:                  NO  
 ABORT WITH PRED EXIT CODE 1:             NO  
 IND. OBJ. FUNC. VALUES SORTED:           NO  
 NUMERICAL DERIVATIVE 
       FILE REQUEST (NUMDER):             NONE
 MAP (ETAHAT) ESTIMATION METHOD (OPTMAP): 0           
 ETA HESSIAN EVALUATION METHOD (ETADER):  0           
 INITIAL ETA FOR MAP ESTIMATION (MCETA):  0           
 SIGDIGITS FOR MAP ESTIMATION (SIGLO):    9           
 GRADIENT SIGDIGITS OF 
       FIXED EFFECTS PARAMETERS (SIGL):   9           
 EXCLUDE TITLE (NOTITLE):                 NO 
 EXCLUDE COLUMN LABELS (NOLABEL):         NO 
 NOPRIOR SETTING (NOPRIOR):               OFF
 NOCOV SETTING (NOCOV):                   OFF
 DERCONT SETTING (DERCONT):               OFF
 ABSOLUTE TOLERANCE-ADVAN 9,13 ONLY(ATOL):-100        
 FINAL ETA RE-EVALUATION (FNLETA):        ON 
 EXCLUDE NON-INFLUENTIAL (NON-INFL.) ETAS 
       IN SHRINKAGE (ETASTYPE):           NO 
 NON-INFL. ETA CORRECTION (NONINFETA):    OFF
 FORMAT FOR ADDITIONAL FILES (FORMAT):    S1PE12.5
 PARAMETER ORDER FOR OUTPUTS (ORDER):     TSOL
 ADDITIONAL CONVERGENCE TEST (CTYPE=4)?:  NO
 EM OR BAYESIAN METHOD USED:                NONE


 THE FOLLOWING LABELS ARE EQUIVALENT
 PRED=PREDI
 RES=RESI
 WRES=WRESI
 IWRS=IWRESI
 IPRD=IPREDI
 IRS=IRESI

 MONITORING OF SEARCH:


0ITERATION NO.:    0    OBJECTIVE VALUE:   1223.09461849798        NO. OF FUNC. EVALS.:   7
 CUMULATIVE NO. OF FUNC. EVALS.:        7
 NPARAMETR:  7.2100E+00  1.2400E+02  2.3900E-01  2.8900E+01  2.8600E-01  1.0700E-01  2.9600E-02  1.7600E-01
 PARAMETER:  1.0000E-01  1.0000E-01  1.0000E-01  1.0000E-01  1.0000E-01  1.0000E-01  1.0000E-01  1.0000E-01
 GRADIENT:   4.3426E-02  9.4500E+00  6.2548E-01  1.5064E+00 -4.3310E-01 -4.7037E-01 -5.8071E-01 -4.6748E-01

0ITERATION NO.:   10    OBJECTIVE VALUE:   1223.05784273625        NO. OF FUNC. EVALS.:   8
 CUMULATIVE NO. OF FUNC. EVALS.:      100
 NPARAMETR:  7.2141E+00  1.2324E+02  2.3739E-01  2.8721E+01  2.8589E-01  1.0691E-01  3.0416E-02  1.8192E-01
 PARAMETER:  1.0149E-01  9.3841E-02  9.3243E-02  9.3774E-02  9.9601E-02  9.9573E-02  1.1359E-01  1.1653E-01
 GRADIENT:  -4.4875E-02  9.3235E-01 -2.3790E-01  3.0862E-01  3.4745E-01 -1.9399E-01 -6.3243E-02 -1.1819E-01

0ITERATION NO.:   16    OBJECTIVE VALUE:   1223.05699977576        NO. OF FUNC. EVALS.:  19
 CUMULATIVE NO. OF FUNC. EVALS.:      180
 NPARAMETR:  7.2149E+00  1.2327E+02  2.3764E-01  2.8701E+01  2.8583E-01  1.0713E-01  3.0424E-02  1.8256E-01
 PARAMETER:  1.0180E-01  9.4117E-02  9.4311E-02  9.3097E-02  9.9401E-02  1.0060E-01  1.1373E-01  1.1829E-01
 GRADIENT:  -1.2085E-01 -4.6962E-01 -3.2491E-01  3.8505E-01 -1.2704E-01 -1.2155E-01 -4.9455E-01  2.3816E-01

 #TERM:
0MINIMIZATION SUCCESSFUL
 HOWEVER, PROBLEMS OCCURRED WITH THE MINIMIZATION.
 REGARD THE RESULTS OF THE ESTIMATION STEP CAREFULLY, AND ACCEPT THEM ONLY
 AFTER CHECKING THAT THE COVARIANCE STEP PRODUCES REASONABLE OUTPUT.
 NO. OF FUNCTION EVALUATIONS USED:      180
 NO. OF SIG. DIGITS IN FINAL EST.:  3.4

 ETABAR IS THE ARITHMETIC MEAN OF THE ETA-ESTIMATES,
 AND THE P-VALUE IS GIVEN FOR THE NULL HYPOTHESIS THAT THE TRUE MEAN IS 0.

 ETABAR:         1.3904E-02 -4.7672E-03  6.5120E-02
 SE:             4.5792E-02  2.2134E-02  5.0063E-02
 N:                      45          45          45

 P VAL.:         7.6141E-01  8.2947E-01  1.9334E-01

 ETAshrink(%):   5.0865E+00  1.3913E+01  2.0512E+01
 EBVshrink(%):   6.4250E+00  1.2960E+01  2.1816E+01
 EPSshrink(%):   8.4781E+00

 #TERE:
 Elapsed estimation time in seconds:  2111.08
1
 
 
 
 
 
 
 
 
 
 
 
 
 
 
 
 
 
 
 
 
 ************************************************************************************************************************
 ********************                                                                                ********************
 ********************               FIRST ORDER CONDITIONAL ESTIMATION WITH INTERACTION              ********************
 #OBJT:**************                       MINIMUM VALUE OF OBJECTIVE FUNCTION                      ********************
 ********************                                                                                ********************
 ************************************************************************************************************************
 





 #OBJV:********************************************     1223.057       **************************************************
1
 ************************************************************************************************************************
 ********************                                                                                ********************
 ********************               FIRST ORDER CONDITIONAL ESTIMATION WITH INTERACTION              ********************
 ********************                             FINAL PARAMETER ESTIMATE                           ********************
 ********************                                                                                ********************
 ************************************************************************************************************************
 


 THETA - VECTOR OF FIXED EFFECTS PARAMETERS   *********


         TH 1      TH 2      TH 3      TH 4      TH 5     
 
         7.21E+00  1.23E+02  2.38E-01  2.87E+01  2.86E-01
 


 OMEGA - COV MATRIX FOR RANDOM EFFECTS - ETAS  ********


            ETA1      ETA2      ETA3   
 
 ETA1
+        1.07E-01
 
 ETA2
+        0.00E+00  3.04E-02
 
 ETA3
+        0.00E+00  0.00E+00  1.83E-01
 


 SIGMA - COV MATRIX FOR RANDOM EFFECTS - EPSILONS  ****


            EPS1   
 
 EPS1
+        1.00E+00
 
1


 OMEGA - CORR MATRIX FOR RANDOM EFFECTS - ETAS  *******


            ETA1      ETA2      ETA3   
 
 ETA1
+        3.27E-01
 
 ETA2
+        0.00E+00  1.74E-01
 
 ETA3
+        0.00E+00  0.00E+00  4.27E-01
 


 SIGMA - CORR MATRIX FOR RANDOM EFFECTS - EPSILONS  ***


            EPS1   
 
 EPS1
+        1.00E+00
 
 #CPUT: Total CPU Time in Seconds,     2111.021
Stop Time: 
19/05/2016 
17:20
