;; PK-Pop model of sultiame with nonlinear distribution
;; Related article : Pharmacokinetic Profile of Sultiame in Healthy Volunteers with In Vitro Characterization of Its Uptake by Red Blood Cells
;; Kim Dao, Paul Thoueille, Laurent Arthur Decosterd, Thomas Mercier, Monia Guidi, Carine Bardinet, Sébastien Lebon, Eva Choong, 
;; Arnaud Castang, Catherine Guittet, Luc-André Granier, Thierry Buclin
;; Under submission
;; Model author: Kim Dao
;; Date: 24.06.2019
;; Output for real data

$PROBLEM    PK
$INPUT      ID TTT DAT1=DROP TIME DV UVOL AMT MDV EVID CMT WT AGE FLAG
$DATA      	Export_PK_Nonmem_urine.csv IGNORE=I IGNORE(FLAG.EQ.1)
$SUBROUTINE ADVAN13 TOL=3
$MODEL      NCOMP=4
$PK 
IF (AMT.GT.0) THEN
 TDOS=TIME
 TAD=0.0
 ENDIF
 IF (AMT.EQ.0) TAD=TIME-TDOS
 
CL = THETA(1) * EXP(ETA(1))
V2 = THETA(2) * EXP(ETA(2))
V3 = THETA(3) 
KON = THETA(4) 
BTOT = THETA(5) *EXP(ETA(4))
KOFF = THETA(6) 
KA = THETA(7) 
KE = CL/V2 
QREN = THETA(8) * EXP(ETA(3))
S2 = V2
S3 = V3
S4 = UVOL/1000


$DES 
DADT(1) = -KA * A(1)
DADT(2) = KA * A(1) - KE * A(2) - KON * A(2) * (BTOT - A(3)) + KOFF * A(3)
DADT(3) = KON * A(2) * (BTOT - A(3)) - KOFF * A(3)
DADT(4) = KE * A(2) * QREN
	
$ERROR 
Q2=0
Q3=0
Q4=0

IF(CMT==2) THEN
Q2=1
IPRED2 = A(2)/S2
    W2 = SQRT(THETA(9)**2*IPRED2**2 + THETA(10)**2)
    Y2 = IPRED2 + W2*EPS(1)
 IRES2 = DV-IPRED2
IWRES2 = IRES2/W2
ENDIF

IF(CMT==3) THEN
Q3=1
IPRED3 = A(3)/S3
    W3 = SQRT(THETA(11)**2*IPRED3**2 + THETA(12)**2)
    Y3 = IPRED3 + W3*EPS(1)
 IRES3 = DV-IPRED3
IWRES3 = IRES3/W3
ENDIF

IF(CMT.EQ.4.AND.EVID.EQ.0) THEN
Q4=1
IPRED4 = A(4)/S4

    W4 = SQRT(THETA(13)**2*IPRED4**2 + THETA(14)**2) 
Y4 = IPRED4 + W4*EPS(1)
 IRES4 = DV-IPRED4
IWRES4 = IRES4/W4
ENDIF

IPRED=Q2*IPRED2+Q3*IPRED3+Q4*IPRED4
Y=Y2*Q2+Q3*Y3+Y4*Q4
IRES=Q2*IRES2+Q3*IRES3+Q4*IRES4
IWRES=Q2*IWRES2+Q3*IWRES3+Q4*IWRES4

$THETA  (0,7.4) ; CL
 (0,0.7) ; V2 (plasma)
 (0,3.1) ; V3 (RBC)
 (0,2) ; KON
 (0,140) ; bTOT
 (0,0.3) ; KOFF
 1 FIX ; KA
 (0,0.5,1) ; Q renal
 (0,0.7) ; Prop.RE (sd)
 0 FIX ; Add.RE (sd)
 (0,0.22) ; Prop.RE (sd)_
 (0,0.0003) ; Add.RE (sd)_
 (0,0.1) ; Prop.RE (sd)__
 0 FIX ; Add.RE (sd)__
$OMEGA  0.1  ;     IIV CL
 0.1  ;     IIV V2
 0.1  ;     IIV QR
 0.1  ;   IIV btot
$SIGMA  1  FIX  ; Proportional error PK
$ESTIMATION METHOD=1 INTER MAXEVAL=9999 NOABORT SIGL=3 NSIG=1 PRINT=1
            POSTHOC
$COVARIANCE
$TABLE      ID TIME DV CMT AMT MDV EVID NOPRINT NOHEADER FILE=tab007f
; Xpose
$TABLE      ID TIME TAD AMT DV UVOL MDV CMT WT AGE EVID IPRED IWRES
            CWRES ONEHEADER NOPRINT FILE=sdtab007f
$TABLE      CL V2 V3 KA KE KON BTOT KOFF AGE WT FIRSTONLY ONEHEADER
            NOPRINT FILE=patab007f


NM-TRAN MESSAGES
  
 WARNINGS AND ERRORS (IF ANY) FOR PROBLEM    1
             
 (WARNING  2) NM-TRAN INFERS THAT THE DATA ARE POPULATION.
             
 (WARNING  3) THERE MAY BE AN ERROR IN THE ABBREVIATED CODE. THE FOLLOWING
 ONE OR MORE RANDOM VARIABLES ARE DEFINED WITH "IF" STATEMENTS THAT DO NOT
 PROVIDE DEFINITIONS FOR BOTH THE "THEN" AND "ELSE" CASES. IF ALL
 CONDITIONS FAIL, THE VALUES OF THESE VARIABLES WILL BE ZERO.
  
   IPRED2 W2 Y2 IRES2 IWRES2 IPRED3 W3 Y3 IRES3 IWRES3 IPRED4 W4 Y4 IRES4
 IWRES4


License Registered to: University Hospital of Lausanne
Expiration Date:    14 MAY 2019
Current Date:       18 DEC 2018
Days until program expires : 151
1NONLINEAR MIXED EFFECTS MODEL PROGRAM (NONMEM) VERSION 7.4.2
 ORIGINALLY DEVELOPED BY STUART BEAL, LEWIS SHEINER, AND ALISON BOECKMANN
 CURRENT DEVELOPERS ARE ROBERT BAUER, ICON DEVELOPMENT SOLUTIONS,
 AND ALISON BOECKMANN. IMPLEMENTATION, EFFICIENCY, AND STANDARDIZATION
 PERFORMED BY NOUS INFOSYSTEMS.

 PROBLEM NO.:         1
 PK
0DATA CHECKOUT RUN:              NO
 DATA SET LOCATED ON UNIT NO.:    2
 THIS UNIT TO BE REWOUND:        NO
 NO. OF DATA RECS IN DATA SET:      565
 NO. OF DATA ITEMS IN DATA SET:  12
 ID DATA ITEM IS DATA ITEM NO.:   1
 DEP VARIABLE IS DATA ITEM NO.:   4
 MDV DATA ITEM IS DATA ITEM NO.:  7
0INDICES PASSED TO SUBROUTINE PRED:
   8   3   6   0   0   0   9   0   0   0   0
0LABELS FOR DATA ITEMS:
 ID TTT TIME DV UVOL AMT MDV EVID CMT WT AGE FLAG
0(NONBLANK) LABELS FOR PRED-DEFINED ITEMS:
 TAD CL V2 V3 KON BTOT KOFF KA KE IPRED IWRES
0FORMAT FOR DATA:
 (E4.0,E2.0,E8.0,E12.0,E7.0,E4.0,2E2.0,E3.0,E12.0,E3.0,E2.0)

 TOT. NO. OF OBS RECS:      433
 TOT. NO. OF INDIVIDUALS:        4
0LENGTH OF THETA:  14
0DEFAULT THETA BOUNDARY TEST OMITTED:    NO
0OMEGA HAS SIMPLE DIAGONAL FORM WITH DIMENSION:   4
0DEFAULT OMEGA BOUNDARY TEST OMITTED:    NO
0SIGMA HAS SIMPLE DIAGONAL FORM WITH DIMENSION:   1
0DEFAULT SIGMA BOUNDARY TEST OMITTED:    NO
0INITIAL ESTIMATE OF THETA:
 LOWER BOUND    INITIAL EST    UPPER BOUND
  0.0000E+00     0.7400E+01     0.1000E+07
  0.0000E+00     0.7000E+00     0.1000E+07
  0.0000E+00     0.3100E+01     0.1000E+07
  0.0000E+00     0.2000E+01     0.1000E+07
  0.0000E+00     0.1400E+03     0.1000E+07
  0.0000E+00     0.3000E+00     0.1000E+07
  0.1000E+01     0.1000E+01     0.1000E+01
  0.0000E+00     0.5000E+00     0.1000E+01
  0.0000E+00     0.7000E+00     0.1000E+07
  0.0000E+00     0.0000E+00     0.0000E+00
  0.0000E+00     0.2200E+00     0.1000E+07
  0.0000E+00     0.3000E-03     0.1000E+07
  0.0000E+00     0.1000E+00     0.1000E+07
  0.0000E+00     0.0000E+00     0.0000E+00
0INITIAL ESTIMATE OF OMEGA:
 0.1000E+00
 0.0000E+00   0.1000E+00
 0.0000E+00   0.0000E+00   0.1000E+00
 0.0000E+00   0.0000E+00   0.0000E+00   0.1000E+00
0INITIAL ESTIMATE OF SIGMA:
 0.1000E+01
0SIGMA CONSTRAINED TO BE THIS INITIAL ESTIMATE
0COVARIANCE STEP OMITTED:        NO
 EIGENVLS. PRINTED:              NO
 SPECIAL COMPUTATION:            NO
 COMPRESSED FORMAT:              NO
 GRADIENT METHOD USED:     NOSLOW
 SIGDIGITS ETAHAT (SIGLO):                  -1
 SIGDIGITS GRADIENTS (SIGL):                -1
 EXCLUDE COV FOR FOCE (NOFCOV):              NO
 TURN OFF Cholesky Transposition of R Matrix (CHOLROFF): NO
 KNUTHSUMOFF:                                -1
 RESUME COV ANALYSIS (RESUME):               NO
 SIR SAMPLE SIZE (SIRSAMPLE):              -1
 NON-LINEARLY TRANSFORM THETAS DURING COV (THBND): 1
 PRECONDTIONING CYCLES (PRECOND):        0
 PRECONDTIONING TYPES (PRECONDS):        TOS
 FORCED PRECONDTIONING CYCLES (PFCOND):0
 PRECONDTIONING TYPE (PRETYPE):        0
 FORCED POS. DEFINITE SETTING: (FPOSDEF):0
0TABLES STEP OMITTED:    NO
 NO. OF TABLES:           3
 SEED NUMBER (SEED):    11456
 RANMETHOD:             3U
 MC SAMPLES (ESAMPLE):    300
 WRES SQUARE ROOT TYPE (WRESCHOL): EIGENVALUE
0-- TABLE   1 --
0RECORDS ONLY:    ALL
04 COLUMNS APPENDED:    YES
 PRINTED:                NO
 HEADER:                 NO
 FILE TO BE FORWARDED:   NO
 FORMAT:                S1PE11.4
 LFORMAT:
 RFORMAT:
 FIXED_EFFECT_ETAS:
0USER-CHOSEN ITEMS:
 ID TIME DV CMT AMT MDV EVID
0-- TABLE   2 --
0RECORDS ONLY:    ALL
04 COLUMNS APPENDED:    YES
 PRINTED:                NO
 HEADER:                YES
 FILE TO BE FORWARDED:   NO
 FORMAT:                S1PE11.4
 LFORMAT:
 RFORMAT:
 FIXED_EFFECT_ETAS:
0USER-CHOSEN ITEMS:
 ID TIME TAD AMT DV UVOL MDV CMT WT AGE EVID IPRED IWRES CWRES
0-- TABLE   3 --
0RECORDS ONLY:    FIRSTONLY
04 COLUMNS APPENDED:    YES
 PRINTED:                NO
 HEADER:                YES
 FILE TO BE FORWARDED:   NO
 FORMAT:                S1PE11.4
 LFORMAT:
 RFORMAT:
 FIXED_EFFECT_ETAS:
0USER-CHOSEN ITEMS:
 CL V2 V3 KA KE KON BTOT KOFF AGE WT
0WARNING: THE NUMBER OF PARAMETERS TO BE ESTIMATED
 EXCEEDS THE NUMBER OF INDIVIDUALS WITH DATA.
0WARNING: FOR AN ASYMPTOTIC ESTIMATE OF THE VARIANCE-COVARIANCE MATRIX
 OF THE GRADIENT VECTOR, THE COVARIANCE STEP COMPUTES THE S MATRIX.
 BUT WHEN THE NUMBER OF PARAMETERS TO BE ESTIMATED
 EXCEEDS THE NUMBER OF INDIVIDUALS WITH DATA,
 THIS MATRIX CAN BE SINGULAR AND BE A POOR ASYMPTOTIC ESTIMATE.
1DOUBLE PRECISION PREDPP VERSION 7.4.2

 GENERAL NONLINEAR KINETICS MODEL WITH STIFF/NONSTIFF EQUATIONS (LSODA, ADVAN13)
0MODEL SUBROUTINE USER-SUPPLIED - ID NO. 9999
0MAXIMUM NO. OF BASIC PK PARAMETERS:   6
0COMPARTMENT ATTRIBUTES
 COMPT. NO.   FUNCTION   INITIAL    ON/OFF      DOSE      DEFAULT    DEFAULT
                         STATUS     ALLOWED    ALLOWED    FOR DOSE   FOR OBS.
    1         COMP 1       ON         YES        YES        YES        YES
    2         COMP 2       ON         YES        YES        NO         NO
    3         COMP 3       ON         YES        YES        NO         NO
    4         COMP 4       ON         YES        YES        NO         NO
    5         OUTPUT       OFF        YES        NO         NO         NO
 INITIAL (BASE) TOLERANCE SETTINGS:
 NRD (RELATIVE) VALUE(S) OF TOLERANCE:   3
 ANRD (ABSOLUTE) VALUE(S) OF TOLERANCE:  12
1
 ADDITIONAL PK PARAMETERS - ASSIGNMENT OF ROWS IN GG
 COMPT. NO.                             INDICES
              SCALE      BIOAVAIL.   ZERO-ORDER  ZERO-ORDER  ABSORB
                         FRACTION    RATE        DURATION    LAG
    1            *           *           *           *           *
    2            7           *           *           *           *
    3            8           *           *           *           *
    4            9           *           *           *           *
    5            *           -           -           -           -
             - PARAMETER IS NOT ALLOWED FOR THIS MODEL
             * PARAMETER IS NOT SUPPLIED BY PK SUBROUTINE;
               WILL DEFAULT TO ONE IF APPLICABLE
0DATA ITEM INDICES USED BY PRED ARE:
   EVENT ID DATA ITEM IS DATA ITEM NO.:      8
   TIME DATA ITEM IS DATA ITEM NO.:          3
   DOSE AMOUNT DATA ITEM IS DATA ITEM NO.:   6
   COMPT. NO. DATA ITEM IS DATA ITEM NO.:    9

0PK SUBROUTINE CALLED WITH EVERY EVENT RECORD.
 PK SUBROUTINE NOT CALLED AT NONEVENT (ADDITIONAL OR LAGGED) DOSE TIMES.
0ERROR SUBROUTINE CALLED WITH EVERY EVENT RECORD.
0ERROR SUBROUTINE INDICATES THAT DERIVATIVES OF COMPARTMENT AMOUNTS ARE USED.
0DES SUBROUTINE USES COMPACT STORAGE MODE.
1


 #TBLN:      1
 #METH: First Order Conditional Estimation with Interaction

 ESTIMATION STEP OMITTED:                 NO
 ANALYSIS TYPE:                           POPULATION
 NUMBER OF SADDLE POINT RESET ITERATIONS:      0
 GRADIENT METHOD USED:               NOSLOW
 CONDITIONAL ESTIMATES USED:              YES
 CENTERED ETA:                            NO
 EPS-ETA INTERACTION:                     YES
 LAPLACIAN OBJ. FUNC.:                    NO
 NO. OF FUNCT. EVALS. ALLOWED:            9999
 NO. OF SIG. FIGURES REQUIRED:            1
 INTERMEDIATE PRINTOUT:                   YES
 ESTIMATE OUTPUT TO MSF:                  NO
 ABORT WITH PRED EXIT CODE 1:             NO
 IND. OBJ. FUNC. VALUES SORTED:           NO
 NUMERICAL DERIVATIVE
       FILE REQUEST (NUMDER):               NONE
 MAP (ETAHAT) ESTIMATION METHOD (OPTMAP):   0
 ETA HESSIAN EVALUATION METHOD (ETADER):    0
 INITIAL ETA FOR MAP ESTIMATION (MCETA):    0
 SIGDIGITS FOR MAP ESTIMATION (SIGLO):      3
 GRADIENT SIGDIGITS OF
       FIXED EFFECTS PARAMETERS (SIGL):     3
 NOPRIOR SETTING (NOPRIOR):                 OFF
 NOCOV SETTING (NOCOV):                     OFF
 DERCONT SETTING (DERCONT):                 OFF
 FINAL ETA RE-EVALUATION (FNLETA):          ON
 EXCLUDE NON-INFLUENTIAL (NON-INFL.) ETAS
       IN SHRINKAGE (ETASTYPE):             NO
 NON-INFL. ETA CORRECTION (NONINFETA):      OFF
 RAW OUTPUT FILE (FILE): psn.ext
 EXCLUDE TITLE (NOTITLE):                   NO
 EXCLUDE COLUMN LABELS (NOLABEL):           NO
 FORMAT FOR ADDITIONAL FILES (FORMAT):      S1PE12.5
 PARAMETER ORDER FOR OUTPUTS (ORDER):       TSOL
 WISHART PRIOR DF INTERPRETATION (WISHTYPE):0
 KNUTHSUMOFF:                               0
 INCLUDE LNTWOPI:                           NO
 INCLUDE CONSTANT TERM TO PRIOR (PRIORC):   NO
 INCLUDE CONSTANT TERM TO OMEGA (ETA) (OLNTWOPI):NO
 ADDITIONAL CONVERGENCE TEST (CTYPE=4)?:    NO
 EM OR BAYESIAN METHOD USED:                 NONE

 TOLERANCES FOR ESTIMATION/EVALUATION STEP:
 NRD (RELATIVE) VALUE(S) OF TOLERANCE:   3
 ANRD (ABSOLUTE) VALUE(S) OF TOLERANCE:  12
 TOLERANCES FOR COVARIANCE STEP:
 NRD (RELATIVE) VALUE(S) OF TOLERANCE:   3
 ANRD (ABSOLUTE) VALUE(S) OF TOLERANCE:  12
 TOLERANCES FOR TABLE/SCATTER STEP:
 NRD (RELATIVE) VALUE(S) OF TOLERANCE:   3
 ANRD (ABSOLUTE) VALUE(S) OF TOLERANCE:  12

 THE FOLLOWING LABELS ARE EQUIVALENT
 PRED=PREDI
 RES=RESI
 WRES=WRESI
 IWRS=IWRESI
 IPRD=IPREDI
 IRS=IRESI

 MONITORING OF SEARCH:


0ITERATION NO.:    0    OBJECTIVE VALUE:   6327.71340947782        NO. OF FUNC. EVALS.:  13
 CUMULATIVE NO. OF FUNC. EVALS.:       13
 NPARAMETR:  7.4000E+00  7.0000E-01  3.1000E+00  2.0000E+00  1.4000E+02  3.0000E-01  5.0000E-01  7.0000E-01  2.2000E-01  3.0000E-04
             1.0000E-01  1.0000E-01  1.0000E-01  1.0000E-01  1.0000E-01
 PARAMETER:  1.0000E-01  1.0000E-01  1.0000E-01  1.0000E-01  1.0000E-01  1.0000E-01  1.0000E-01  1.0000E-01  1.0000E-01  1.0000E-01
             1.0000E-01  1.0000E-01  1.0000E-01  1.0000E-01  1.0000E-01
 GRADIENT:   3.9056E+01 -1.6279E+02 -2.8876E+02  2.3034E+02  1.3238E+02 -3.3168E+02  1.2447E+01  6.0668E+01 -4.5923E+02 -8.7301E+03
            -2.9885E+03  1.4049E+00 -4.6719E+02 -5.5605E+00 -1.0570E+00

0ITERATION NO.:    1    OBJECTIVE VALUE:   1149.27335086826        NO. OF FUNC. EVALS.:  15
 CUMULATIVE NO. OF FUNC. EVALS.:       28
 NPARAMETR:  7.3604E+00  7.1584E-01  3.2255E+00  1.9377E+00  1.3748E+02  3.1399E-01  4.9957E-01  6.9419E-01  2.3433E-01  9.9604E-04
             1.5080E-01  9.9961E-02  1.1370E-01  1.0015E-01  1.0003E-01
 PARAMETER:  9.4631E-02  1.2238E-01  1.3969E-01  6.8339E-02  8.1804E-02  1.4559E-01  9.8289E-02  9.1661E-02  1.6312E-01  1.3000E+00
             5.1079E-01  9.9807E-02  1.6422E-01  1.0076E-01  1.0015E-01
 GRADIENT:   3.8239E+01 -1.0298E+02 -3.2190E+02  4.9228E+00  7.1097E+01 -5.9223E+01  1.6002E+01  6.1847E+01 -2.6654E+02 -7.5723E+02
            -1.0355E+03  1.5801E+00 -2.2917E+02 -3.9462E+00  5.0411E+00

0ITERATION NO.:    2    OBJECTIVE VALUE:   532.459580166762        NO. OF FUNC. EVALS.:  14
 CUMULATIVE NO. OF FUNC. EVALS.:       42
 NPARAMETR:  7.0029E+00  8.1855E-01  4.9046E+00  1.9253E+00  1.2532E+02  3.3916E-01  4.9436E-01  6.4048E-01  3.3154E-01  2.6694E-03
             5.8063E-01  9.9551E-02  2.0650E-01  1.0119E-01  9.8725E-02
 PARAMETER:  4.4849E-02  2.5645E-01  5.5877E-01  6.1930E-02 -1.0757E-02  2.2269E-01  7.7456E-02  1.1143E-02  5.1013E-01  2.2858E+00
             1.8589E+00  9.7750E-02  4.6257E-01  1.0590E-01  9.3582E-02
 GRADIENT:   2.3101E+01 -6.6763E+01  1.7153E+03 -3.3289E+01  2.1709E+01  5.5906E+01  1.6338E+01  2.2532E+01 -6.1811E+02 -9.7062E+01
             1.9014E+01  5.9936E-01 -1.4434E+02 -3.6526E+00  2.4625E+00

0ITERATION NO.:    3    OBJECTIVE VALUE:   287.227822434807        NO. OF FUNC. EVALS.:  14
 CUMULATIVE NO. OF FUNC. EVALS.:       56
 NPARAMETR:  6.8644E+00  8.6471E-01  3.7413E+00  1.9364E+00  1.2134E+02  3.4253E-01  4.9189E-01  6.2223E-01  4.2331E-01  3.6500E-03
             8.6016E-01  9.9403E-02  2.6310E-01  1.0166E-01  9.8232E-02
 PARAMETER:  2.4866E-02  3.1132E-01  2.8804E-01  6.7692E-02 -4.3029E-02  2.3257E-01  6.7560E-02 -1.7768E-02  7.5448E-01  2.5987E+00
             2.2519E+00  9.7006E-02  5.8368E-01  1.0826E-01  9.1082E-02
 GRADIENT:  -8.9975E-01 -4.4781E+01  1.5601E+01  5.3267E+00  7.4904E+00 -5.0477E+00  2.2917E+01 -2.9121E+00  1.5744E+02 -4.8593E+01
             5.4446E+01  1.3961E+00 -9.7902E+01 -1.2215E+01  3.1949E+00

0ITERATION NO.:    4    OBJECTIVE VALUE:   240.288600498596        NO. OF FUNC. EVALS.:  14
 CUMULATIVE NO. OF FUNC. EVALS.:       70
 NPARAMETR:  6.8202E+00  1.0734E+00  3.0055E+00  1.8997E+00  1.1568E+02  3.5139E-01  4.6660E-01  6.2070E-01  2.4857E-01  5.2391E-03
             8.3272E-01  9.8170E-02  6.7774E-01  1.1292E-01  9.5388E-02
 PARAMETER:  1.8413E-02  5.2746E-01  6.9051E-02  4.8560E-02 -9.0836E-02  2.5811E-01 -3.3780E-02 -2.0228E-02  2.2210E-01  2.9601E+00
             2.2195E+00  9.0766E-02  1.0568E+00  1.6076E-01  7.6392E-02
 GRADIENT:   1.2887E+01  2.5003E+01 -4.7625E+02  9.5459E+01  3.2587E+01 -9.1671E+01  2.0619E+01 -3.6094E+01 -7.9474E+01 -2.0225E+01
             4.0402E+01  8.6319E-02 -3.1403E+01 -8.5381E+00  5.9000E+00

0ITERATION NO.:    5    OBJECTIVE VALUE:   56.5068231099042        NO. OF FUNC. EVALS.:  15
 CUMULATIVE NO. OF FUNC. EVALS.:       85
 NPARAMETR:  6.1114E+00  1.5465E+00  3.1333E+00  1.0608E+00  8.5150E+01  5.9252E-01  3.7841E-01  7.6584E-01  2.6392E-01  1.1108E-02
             3.9877E-01  9.5408E-02  9.6057E+00  1.5859E-01  8.2999E-02
 PARAMETER: -9.1319E-02  8.9264E-01  1.1068E-01 -5.3416E-01 -3.9723E-01  7.8061E-01 -3.9628E-01  1.8990E-01  2.8200E-01  3.7117E+00
             1.4832E+00  7.6497E-02  2.3825E+00  3.3058E-01  6.8294E-03
 GRADIENT:  -3.3901E+01  4.1241E+01  8.6385E+01  1.3724E+02  7.4915E+01 -9.7236E+01  1.1760E+01  1.0385E+02 -1.0513E+01  3.0732E-01
            -2.8161E+01 -2.9370E+01 -8.1255E-01 -1.4400E+00  2.4618E+00

0ITERATION NO.:    6    OBJECTIVE VALUE:   34.7227974799245        NO. OF FUNC. EVALS.:  14
 CUMULATIVE NO. OF FUNC. EVALS.:       99
 NPARAMETR:  6.1134E+00  1.6494E+00  3.1059E+00  8.1249E-01  7.3925E+01  7.3714E-01  3.5367E-01  7.4398E-01  2.5920E-01  1.3489E-02
             3.3230E-01  9.9353E-02  1.9475E+01  1.7421E-01  7.9667E-02
 PARAMETER: -9.0994E-02  9.5710E-01  1.0189E-01 -8.0080E-01 -5.3859E-01  9.9900E-01 -5.0295E-01  1.6093E-01  2.6398E-01  3.9059E+00
             1.3009E+00  9.6753E-02  2.7358E+00  3.7755E-01 -1.3659E-02
 GRADIENT:  -3.4128E+01  5.5241E+01  2.3410E+02  2.4760E+01  1.1446E+02  7.3151E+01  1.2636E+01  9.4169E+01 -4.0399E+01  2.1399E+00
            -4.2029E+01 -2.7031E+01  2.5425E+00  1.8619E-01 -3.2747E+00

0ITERATION NO.:    7    OBJECTIVE VALUE:   34.7227974799245        NO. OF FUNC. EVALS.:  38
 CUMULATIVE NO. OF FUNC. EVALS.:      137
 NPARAMETR:  6.1134E+00  1.6494E+00  3.1059E+00  8.1249E-01  7.3925E+01  7.3714E-01  3.5367E-01  7.4398E-01  2.5920E-01  1.3489E-02
             3.3230E-01  9.9353E-02  1.9475E+01  1.7421E-01  7.9667E-02
 PARAMETER: -9.0994E-02  9.5710E-01  1.0189E-01 -8.0080E-01 -5.3859E-01  9.9900E-01 -5.0295E-01  1.6093E-01  2.6398E-01  3.9059E+00
             1.3009E+00  9.6753E-02  2.7358E+00  3.7755E-01 -1.3659E-02
 GRADIENT:  -5.0450E+01 -4.5650E+01  2.2217E+02 -4.6078E+01 -4.0781E+01  5.5645E+01  6.4714E+00  9.2947E+01 -4.4413E+01  1.1924E+00
            -5.0696E+01 -2.7031E+01  2.5425E+00  1.8619E-01 -3.2747E+00

0ITERATION NO.:    8    OBJECTIVE VALUE:   22.6440711587217        NO. OF FUNC. EVALS.:  35
 CUMULATIVE NO. OF FUNC. EVALS.:      172
 NPARAMETR:  8.0323E+00  2.2562E+00  3.3167E+00  9.4755E-01  1.1090E+02  6.8446E-01  3.4127E-01  5.0015E-01  2.9638E-01  1.1898E-02
             3.3560E-01  1.3107E-01  1.8598E+01  1.7907E-01  8.0792E-02
 PARAMETER:  1.8199E-01  1.2704E+00  1.6756E-01 -6.4702E-01 -1.3303E-01  9.2485E-01 -5.5762E-01 -2.3617E-01  3.9801E-01  3.7803E+00
             1.3108E+00  2.3528E-01  2.7128E+00  3.9130E-01 -6.6457E-03
 GRADIENT:  -1.0377E+01 -4.8318E+01  2.9766E+02  1.6225E+01  2.2971E+00 -1.5430E+01  4.1551E+00 -4.8411E+01 -3.2714E+00 -1.1083E-01
            -5.7652E+01  2.1499E+00  4.2184E+00  1.8561E+00  6.3984E+00

0ITERATION NO.:    9    OBJECTIVE VALUE:   15.3511145047822        NO. OF FUNC. EVALS.:  35
 CUMULATIVE NO. OF FUNC. EVALS.:      207
 NPARAMETR:  9.3495E+00  2.8213E+00  3.3180E+00  9.5136E-01  1.2526E+02  6.6938E-01  3.3175E-01  5.5146E-01  3.0126E-01  1.0010E-02
             3.8229E-01  1.4394E-01  1.4308E+01  1.7845E-01  7.7634E-02
 PARAMETER:  3.3384E-01  1.4939E+00  1.6796E-01 -6.4301E-01 -1.1287E-02  9.0257E-01 -6.0028E-01 -1.3852E-01  4.1434E-01  3.6076E+00
             1.4410E+00  2.8211E-01  2.5817E+00  3.8956E-01 -2.6583E-02
 GRADIENT:   3.4982E+00 -6.9909E+01  2.6526E+02  1.8135E+01  1.3892E+01 -1.8137E+01  3.9226E+00 -6.3752E+00  1.2591E+01 -2.5683E+00
            -2.6249E+01  4.4157E+00  3.7868E+00  1.9319E+00  3.8087E+00

0ITERATION NO.:   10    OBJECTIVE VALUE:   15.3487975774382        NO. OF FUNC. EVALS.:  36
 CUMULATIVE NO. OF FUNC. EVALS.:      243
 NPARAMETR:  9.4517E+00  2.9454E+00  3.3209E+00  9.5002E-01  1.2574E+02  6.6691E-01  3.3044E-01  5.5479E-01  3.0217E-01  9.8155E-03
             3.8717E-01  1.4479E-01  1.3754E+01  1.7818E-01  7.7288E-02
 PARAMETER:  3.4471E-01  1.5369E+00  1.6884E-01 -6.4442E-01 -7.4130E-03  8.9887E-01 -6.0620E-01 -1.3249E-01  4.1737E-01  3.5879E+00
             1.4537E+00  2.8506E-01  2.5620E+00  3.8881E-01 -2.8815E-02
 GRADIENT:  -2.9900E-01 -7.0733E+01  2.6423E+02  2.1493E+01  1.4442E+01 -2.1632E+01  3.8095E+00 -3.5620E+00  1.5620E+01 -2.9021E+00
            -2.3875E+01  4.4404E+00  3.7481E+00  1.9477E+00  3.6653E+00

0ITERATION NO.:   11    OBJECTIVE VALUE:   15.3165405396495        NO. OF FUNC. EVALS.:  36
 CUMULATIVE NO. OF FUNC. EVALS.:      279
 NPARAMETR:  9.5391E+00  3.0305E+00  3.3230E+00  9.4877E-01  1.2596E+02  6.6520E-01  3.2958E-01  5.5712E-01  3.0281E-01  9.6981E-03
             3.9017E-01  1.4525E-01  1.3410E+01  1.7800E-01  7.7076E-02
 PARAMETER:  3.5392E-01  1.5654E+00  1.6946E-01 -6.4574E-01 -5.7160E-03  8.9630E-01 -6.1007E-01 -1.2830E-01  4.1946E-01  3.5759E+00
             1.4614E+00  2.8664E-01  2.5493E+00  3.8831E-01 -3.0190E-02
 GRADIENT:   6.6338E-01 -7.5230E+01  2.6364E+02  2.0193E+01  1.3561E+01 -2.0744E+01  4.9097E+00 -1.6866E+00  1.6751E+01 -3.1145E+00
            -2.2045E+01  4.5084E+00  3.7352E+00  2.0295E+00  3.6295E+00

0ITERATION NO.:   12    OBJECTIVE VALUE:  -2.96570936986903        NO. OF FUNC. EVALS.:  49
 CUMULATIVE NO. OF FUNC. EVALS.:      328             RESET HESSIAN, TYPE I
 NPARAMETR:  9.7679E+00  2.6882E+01  3.1738E+00  8.8827E-01  1.2381E+02  7.1062E-01  3.0916E-01  5.5919E-01  2.9969E-01  1.0358E-02
             4.0890E-01  4.2499E-02  1.0345E+01  1.4706E-01  7.5960E-02
 PARAMETER:  3.7762E-01  3.7481E+00  1.2353E-01 -7.1162E-01 -2.2864E-02  9.6235E-01 -7.0405E-01 -1.2459E-01  4.0912E-01  3.6418E+00
             1.5083E+00 -3.2784E-01  2.4196E+00  2.9285E-01 -3.7479E-02
 GRADIENT:   1.4863E+01  1.5546E+02  1.6112E+02  2.5938E+01  5.3193E+01  4.1990E+01  1.0352E+01  5.9714E-01  4.8526E+01 -5.6192E-01
             7.7518E-01 -3.1500E+00  7.6655E+00  1.1986E+00  2.9683E+00

0ITERATION NO.:   13    OBJECTIVE VALUE:  -4.39517262734371        NO. OF FUNC. EVALS.:  14
 CUMULATIVE NO. OF FUNC. EVALS.:      342
 NPARAMETR:  9.8443E+00  1.7111E+01  3.1217E+00  8.6734E-01  1.2303E+02  7.2724E-01  3.0178E-01  5.5993E-01  2.9850E-01  1.0606E-02
             4.1579E-01  2.7542E-02  9.4025E+00  1.3730E-01  7.5554E-02
 PARAMETER:  3.8542E-01  3.2964E+00  1.0699E-01 -7.3547E-01 -2.9233E-02  9.8548E-01 -7.3886E-01 -1.2327E-01  4.0515E-01  3.6654E+00
             1.5250E+00 -5.4472E-01  2.3718E+00  2.5848E-01 -4.0164E-02
 GRADIENT:   1.0138E+01  1.4350E+02  1.2398E+02  1.3108E+01  4.9076E+01  6.2550E+01  1.2959E+01  6.6539E-01  5.5775E+01 -2.5845E-01
             5.7414E+00 -7.9494E+00  6.8635E+00  9.5152E-01  2.6265E+00

0ITERATION NO.:   14    OBJECTIVE VALUE:  -7.58563789857195        NO. OF FUNC. EVALS.:  14
 CUMULATIVE NO. OF FUNC. EVALS.:      356
 NPARAMETR:  1.0820E+01  5.6431E+00  3.0215E+00  8.6971E-01  1.2095E+02  6.8944E-01  2.4424E-01  5.6170E-01  2.8663E-01  1.0993E-02
             4.1648E-01  2.7523E-01  7.5630E+00  1.1856E-01  7.4700E-02
 PARAMETER:  4.7989E-01  2.1871E+00  7.4366E-02 -7.3274E-01 -4.6251E-02  9.3210E-01 -1.0296E+00 -1.2012E-01  3.6456E-01  3.7012E+00
             1.5267E+00  6.0622E-01  2.2629E+00  1.8514E-01 -4.5845E-02
 GRADIENT:   3.6585E+01  1.0236E+02  4.5536E+01  4.7891E+01  4.3272E+01  2.7588E+01  7.3034E+00 -2.5180E-01  5.4509E+01  1.7753E-01
             3.4707E-02  5.9851E+00  2.6155E+00  9.4162E-01  2.1962E+00

0ITERATION NO.:   15    OBJECTIVE VALUE:  -7.61190946516483        NO. OF FUNC. EVALS.:  14
 CUMULATIVE NO. OF FUNC. EVALS.:      370
 NPARAMETR:  9.8785E+00  4.0410E+00  3.0163E+00  8.3965E-01  1.1980E+02  6.6779E-01  2.2220E-01  5.6251E-01  2.7783E-01  1.0923E-02
             4.1470E-01  2.4058E-01  7.8875E+00  1.1285E-01  7.4353E-02
 PARAMETER:  3.8888E-01  1.8532E+00  7.2625E-02 -7.6792E-01 -5.5840E-02  9.0019E-01 -1.1529E+00 -1.1868E-01  3.3339E-01  3.6949E+00
             1.5224E+00  5.3894E-01  2.2839E+00  1.6047E-01 -4.8174E-02
 GRADIENT:   2.0307E+01  9.6692E+01  4.4594E+01  5.8166E+01  6.8655E+01  2.3139E+01  3.0188E+00  2.1986E+00  3.5827E+01  1.0633E-01
            -2.7411E+00  5.4692E+00  1.2536E+00 -3.1429E-01  2.9104E+00

0ITERATION NO.:   16    OBJECTIVE VALUE:  -7.71852047508089        NO. OF FUNC. EVALS.:  15
 CUMULATIVE NO. OF FUNC. EVALS.:      385
 NPARAMETR:  9.8567E+00  3.3972E+00  3.0152E+00  8.1220E-01  1.1792E+02  6.5732E-01  2.1751E-01  5.6214E-01  2.7512E-01  1.0886E-02
             4.1522E-01  2.2523E-01  8.4346E+00  1.1585E-01  7.3887E-02
 PARAMETER:  3.8667E-01  1.6796E+00  7.2276E-02 -8.0116E-01 -7.1611E-02  8.8438E-01 -1.1802E+00 -1.1934E-01  3.2357E-01  3.6914E+00
             1.5236E+00  5.0597E-01  2.3175E+00  1.7357E-01 -5.1316E-02
 GRADIENT:   2.5310E+01  8.7767E+01  6.4861E+01  4.8756E+01  5.3914E+01  3.4649E+01  2.0189E+00 -1.5209E-01  2.7464E+01  5.6338E-02
            -1.9934E+00  5.2712E+00  6.9732E-01 -5.4056E-01  3.3146E+00

0ITERATION NO.:   17    OBJECTIVE VALUE:  -7.71920615380977        NO. OF FUNC. EVALS.:  15
 CUMULATIVE NO. OF FUNC. EVALS.:      400
 NPARAMETR:  9.8082E+00  3.3264E+00  3.0127E+00  8.0939E-01  1.1774E+02  6.5343E-01  2.1789E-01  5.6229E-01  2.7519E-01  1.0886E-02
             4.1531E-01  2.2162E-01  8.5688E+00  1.1713E-01  7.3723E-02
 PARAMETER:  3.8174E-01  1.6586E+00  7.1443E-02 -8.0463E-01 -7.3187E-02  8.7845E-01 -1.1780E+00 -1.1907E-01  3.2384E-01  3.6914E+00
             1.5238E+00  4.9790E-01  2.3254E+00  1.7906E-01 -5.2425E-02
 GRADIENT:   2.8160E+01  8.6201E+01  6.2175E+01  5.0035E+01  5.5858E+01  3.3418E+01  4.1624E+00  8.1207E-02  2.8405E+01  5.6896E-02
            -2.0846E+00  5.1883E+00  7.0564E-01 -3.8574E-01  3.3195E+00

0ITERATION NO.:   18    OBJECTIVE VALUE:  -7.71920615380977        NO. OF FUNC. EVALS.:  37
 CUMULATIVE NO. OF FUNC. EVALS.:      437
 NPARAMETR:  9.8082E+00  3.3264E+00  3.0127E+00  8.0939E-01  1.1774E+02  6.5343E-01  2.1789E-01  5.6229E-01  2.7519E-01  1.0886E-02
             4.1531E-01  2.2162E-01  8.5688E+00  1.1713E-01  7.3723E-02
 PARAMETER:  3.8174E-01  1.6586E+00  7.1443E-02 -8.0463E-01 -7.3187E-02  8.7845E-01 -1.1780E+00 -1.1907E-01  3.2384E-01  3.6914E+00
             1.5238E+00  4.9790E-01  2.3254E+00  1.7906E-01 -5.2425E-02
 GRADIENT:   4.0840E+00 -1.4039E+02  5.2203E+01 -1.8790E+01  2.0499E+01  1.3136E+01 -1.1408E+01 -1.1785E+00  2.4173E+01 -1.2840E+00
            -1.0054E+01  5.1883E+00  7.0564E-01 -3.8574E-01  3.3195E+00

0ITERATION NO.:   19    OBJECTIVE VALUE:  -9.23259180565410        NO. OF FUNC. EVALS.:  35
 CUMULATIVE NO. OF FUNC. EVALS.:      472
 NPARAMETR:  1.1308E+01  5.7587E+00  3.0598E+00  8.8423E-01  1.2129E+02  7.3213E-01  2.3751E-01  5.5903E-01  2.6653E-01  1.1004E-02
             4.1439E-01  2.2422E-01  5.2009E+00  9.1004E-02  7.6946E-02
 PARAMETER:  5.2399E-01  2.2074E+00  8.6936E-02 -7.1619E-01 -4.3427E-02  9.9217E-01 -1.0664E+00 -1.2488E-01  2.9185E-01  3.7022E+00
             1.5216E+00  5.0374E-01  2.0757E+00  5.2865E-02 -3.1032E-02
 GRADIENT:   1.8307E+01 -2.8258E+02  1.3996E+02 -3.3967E+01  1.6665E+01  4.8038E+01 -8.1417E+00 -6.4727E+00 -1.2633E+01 -1.1312E+00
            -8.2453E+00  5.2285E+00  2.3875E-01 -1.3614E+00  2.9095E+00

0ITERATION NO.:   20    OBJECTIVE VALUE:  -17.1752775157098        NO. OF FUNC. EVALS.:  49
 CUMULATIVE NO. OF FUNC. EVALS.:      521             RESET HESSIAN, TYPE I
 NPARAMETR:  1.0345E+01  1.0413E+02  2.8726E+00  9.0740E-01  1.1443E+02  7.2934E-01  2.6589E-01  5.6574E-01  2.7073E-01  1.1909E-02
             4.3284E-01  6.5976E-02  5.1385E+00  9.6648E-02  7.6347E-02
 PARAMETER:  4.3506E-01  5.1024E+00  2.3801E-02 -6.9032E-01 -1.0166E-01  9.8836E-01 -9.1556E-01 -1.1294E-01  3.0748E-01  3.7813E+00
             1.5652E+00 -1.0794E-01  2.0697E+00  8.2951E-02 -3.4941E-02
 GRADIENT:   2.5529E+01  2.3865E+02 -8.1560E+01  6.0930E+01  6.0011E+01  2.6013E+01  1.3460E+01  1.9735E+00  3.7486E+01  1.0416E+00
             8.9572E+00  1.2169E-01  7.3788E+00 -7.7895E-01  2.9371E+00

0ITERATION NO.:   21    OBJECTIVE VALUE:  -17.4327629309601        NO. OF FUNC. EVALS.:  14
 CUMULATIVE NO. OF FUNC. EVALS.:      535
 NPARAMETR:  1.0306E+01  5.8681E+01  2.8722E+00  9.0708E-01  1.1434E+02  7.2921E-01  2.6571E-01  5.6576E-01  2.7067E-01  1.1910E-02
             4.3285E-01  6.5666E-02  5.1262E+00  9.6674E-02  7.6343E-02
 PARAMETER:  4.3126E-01  4.5288E+00  2.3672E-02 -6.9067E-01 -1.0245E-01  9.8818E-01 -9.1648E-01 -1.1291E-01  3.0728E-01  3.7814E+00
             1.5652E+00 -1.1030E-01  2.0685E+00  8.3087E-02 -3.4966E-02
 GRADIENT:   2.7542E+01  2.1583E+02 -8.2127E+01  5.7058E+01  4.5594E+01  2.8970E+01  1.1656E+01  2.7617E+00  3.7239E+01  1.0404E+00
             9.0152E+00  6.0003E-02  7.9459E+00 -8.1133E-01  3.0307E+00

0ITERATION NO.:   22    OBJECTIVE VALUE:  -17.4327629309601        NO. OF FUNC. EVALS.:  36
 CUMULATIVE NO. OF FUNC. EVALS.:      571
 NPARAMETR:  1.0306E+01  5.8681E+01  2.8722E+00  9.0708E-01  1.1434E+02  7.2921E-01  2.6571E-01  5.6576E-01  2.7067E-01  1.1910E-02
             4.3285E-01  6.5666E-02  5.1262E+00  9.6674E-02  7.6343E-02
 PARAMETER:  4.3126E-01  4.5288E+00  2.3672E-02 -6.9067E-01 -1.0245E-01  9.8818E-01 -9.1648E-01 -1.1291E-01  3.0728E-01  3.7814E+00
             1.5652E+00 -1.1030E-01  2.0685E+00  8.3087E-02 -3.4966E-02
 GRADIENT:   2.9528E+00 -1.9519E+03 -9.1727E+01 -2.2517E+00  1.8893E+01  1.3643E+01  3.5319E+00  1.5786E+00  3.3329E+01 -1.1922E-01
             1.5179E+00  6.0003E-02  7.9459E+00 -8.1133E-01  3.0307E+00

0ITERATION NO.:   23    OBJECTIVE VALUE:  -18.5217224483982        NO. OF FUNC. EVALS.:  36
 CUMULATIVE NO. OF FUNC. EVALS.:      607
 NPARAMETR:  1.1382E+01  1.0932E+02  2.8732E+00  8.9830E-01  1.0899E+02  7.3408E-01  2.5201E-01  5.6689E-01  2.7031E-01  1.1910E-02
             4.3295E-01  6.4951E-02  5.4225E+00  9.6603E-02  7.6358E-02
 PARAMETER:  5.3055E-01  5.1509E+00  2.4025E-02 -7.0039E-01 -1.5042E-01  9.9484E-01 -9.8792E-01 -1.1092E-01  3.0596E-01  3.7813E+00
             1.5654E+00 -1.1577E-01  2.0966E+00  8.2718E-02 -3.4867E-02
 GRADIENT:   2.5634E+01 -2.8618E+03 -6.6002E+01 -1.5473E+01 -3.0677E+00  2.7895E+01  2.3085E-01 -2.6193E+00  2.9192E+01 -1.2388E-01
             1.2849E+00  2.5834E-01  7.3663E+00 -1.6509E-01  4.4791E+00

0ITERATION NO.:   24    OBJECTIVE VALUE:  -36.2674325873146        NO. OF FUNC. EVALS.:  51
 CUMULATIVE NO. OF FUNC. EVALS.:      658             RESET HESSIAN, TYPE I
 NPARAMETR:  1.1033E+01  5.8882E+01  2.9273E+00  8.8510E-01  1.0362E+02  7.5520E-01  2.4518E-01  5.7004E-01  2.6017E-01  1.1981E-02
             4.3074E-01  6.8775E-02  7.9857E-02  9.9207E-02  7.4846E-02
 PARAMETER:  4.9942E-01  4.5322E+00  4.2690E-02 -7.1520E-01 -2.0094E-01  1.0232E+00 -1.0245E+00 -1.0537E-01  2.6770E-01  3.7873E+00
             1.5603E+00 -8.7162E-02 -1.2464E-02  9.6021E-02 -4.4867E-02
 GRADIENT:   4.1034E+01  2.3385E+02  2.6239E+01  3.4138E+01  6.8458E+01  6.8810E+01  8.2729E+00  8.3504E-01 -3.5854E+00  1.0977E+00
             8.0748E+00  2.8594E-01  5.4519E+00 -1.5742E-01  5.9250E+00

0ITERATION NO.:   25    OBJECTIVE VALUE:  -36.2674325873146        NO. OF FUNC. EVALS.:  37
 CUMULATIVE NO. OF FUNC. EVALS.:      695
 NPARAMETR:  1.1033E+01  5.8882E+01  2.9273E+00  8.8510E-01  1.0362E+02  7.5520E-01  2.4518E-01  5.7004E-01  2.6017E-01  1.1981E-02
             4.3074E-01  6.8775E-02  7.9857E-02  9.9207E-02  7.4846E-02
 PARAMETER:  4.9942E-01  4.5322E+00  4.2690E-02 -7.1520E-01 -2.0094E-01  1.0232E+00 -1.0245E+00 -1.0537E-01  2.6770E-01  3.7873E+00
             1.5603E+00 -8.7162E-02 -1.2464E-02  9.6021E-02 -4.4867E-02
 GRADIENT:   1.4435E+01 -2.0881E+03  1.5490E+01 -3.5419E+01  5.8484E+00  5.3193E+01 -2.9546E+00 -2.7383E-01 -7.3295E+00 -5.0863E-02
             5.4428E-01  2.8594E-01  5.4519E+00 -1.5742E-01  5.9250E+00

0ITERATION NO.:   26    OBJECTIVE VALUE:  -37.1755158450925        NO. OF FUNC. EVALS.:  49
 CUMULATIVE NO. OF FUNC. EVALS.:      744             RESET HESSIAN, TYPE I
 NPARAMETR:  1.0832E+01  5.8965E+01  2.9114E+00  9.1225E-01  9.3987E+01  7.5242E-01  2.4667E-01  5.7165E-01  2.6308E-01  1.2051E-02
             4.2771E-01  6.5875E-02  6.8764E-02  9.6797E-02  7.1590E-02
 PARAMETER:  4.8106E-01  4.5336E+00  3.7231E-02 -6.8499E-01 -2.9849E-01  1.0195E+00 -1.0164E+00 -1.0256E-01  2.7881E-01  3.7931E+00
             1.5533E+00 -1.0870E-01 -8.7245E-02  8.3720E-02 -6.7110E-02
 GRADIENT:   3.7184E+01  2.2698E+02  5.7535E+00  4.6783E+01  7.1440E+01  4.8085E+01  1.0094E+01  3.9136E+00  7.7314E+00  1.1611E+00
             6.2381E+00  3.3874E-01  4.9770E+00 -3.6535E-01  6.1763E+00

0ITERATION NO.:   27    OBJECTIVE VALUE:  -37.1755158450925        NO. OF FUNC. EVALS.:  36
 CUMULATIVE NO. OF FUNC. EVALS.:      780
 NPARAMETR:  1.0832E+01  5.8965E+01  2.9114E+00  9.1225E-01  9.3987E+01  7.5242E-01  2.4667E-01  5.7165E-01  2.6308E-01  1.2051E-02
             4.2771E-01  6.5875E-02  6.8764E-02  9.6797E-02  7.1590E-02
 PARAMETER:  4.8106E-01  4.5336E+00  3.7231E-02 -6.8499E-01 -2.9849E-01  1.0195E+00 -1.0164E+00 -1.0256E-01  2.7881E-01  3.7931E+00
             1.5533E+00 -1.0870E-01 -8.7245E-02  8.3720E-02 -6.7110E-02
 GRADIENT:   9.0702E+00 -1.9943E+03 -4.7130E+00 -1.5196E+01 -1.1125E+01  3.1338E+01 -1.9801E+00  2.8452E+00  3.9286E+00  2.3166E-02
            -1.3716E+00  3.3874E-01  4.9770E+00 -3.6535E-01  6.1763E+00

0ITERATION NO.:   28    OBJECTIVE VALUE:  -37.8921650068273        NO. OF FUNC. EVALS.:  47
 CUMULATIVE NO. OF FUNC. EVALS.:      827             RESET HESSIAN, TYPE I
 NPARAMETR:  1.0954E+01  5.7932E+01  2.9170E+00  9.0249E-01  9.7064E+01  7.7749E-01  2.4567E-01  5.6979E-01  2.6161E-01  1.2023E-02
             4.3000E-01  6.5756E-02  6.6068E-02  9.6456E-02  6.0014E-02
 PARAMETER:  4.9225E-01  4.5159E+00  3.9139E-02 -6.9575E-01 -2.6627E-01  1.0523E+00 -1.0218E+00 -1.0582E-01  2.7321E-01  3.7908E+00
             1.5586E+00 -1.0961E-01 -1.0725E-01  8.1956E-02 -1.5529E-01
 GRADIENT:   4.0682E+01  2.2954E+02  1.9107E+01  2.2481E+01  7.2731E+01  7.8173E+01  8.9446E+00  1.4092E+00  1.8647E+00  1.1300E+00
             8.2597E+00  7.4957E-03  4.8944E+00 -3.2133E-01  5.9632E+00

0ITERATION NO.:   29    OBJECTIVE VALUE:  -37.8921650068273        NO. OF FUNC. EVALS.:  37
 CUMULATIVE NO. OF FUNC. EVALS.:      864
 NPARAMETR:  1.0954E+01  5.7932E+01  2.9170E+00  9.0249E-01  9.7064E+01  7.7749E-01  2.4567E-01  5.6979E-01  2.6161E-01  1.2023E-02
             4.3000E-01  6.5756E-02  6.6068E-02  9.6456E-02  6.0014E-02
 PARAMETER:  4.9225E-01  4.5159E+00  3.9139E-02 -6.9575E-01 -2.6627E-01  1.0523E+00 -1.0218E+00 -1.0582E-01  2.7321E-01  3.7908E+00
             1.5586E+00 -1.0961E-01 -1.0725E-01  8.1956E-02 -1.5529E-01
 GRADIENT:   1.4998E+01 -2.0793E+03  8.4853E+00 -4.0653E+01 -2.2432E+00  6.2889E+01 -2.3955E+00  2.9753E-01 -1.9109E+00 -1.1945E-02
             7.5224E-01  7.4957E-03  4.8944E+00 -3.2133E-01  5.9632E+00

0ITERATION NO.:   30    OBJECTIVE VALUE:  -37.9298594066158        NO. OF FUNC. EVALS.:  37
 CUMULATIVE NO. OF FUNC. EVALS.:      901
 NPARAMETR:  1.0880E+01  5.8493E+01  2.9163E+00  9.0261E-01  9.5145E+01  7.7370E-01  2.4517E-01  5.6989E-01  2.6169E-01  1.2006E-02
             4.2951E-01  6.5764E-02  6.6175E-02  9.6484E-02  6.0466E-02
 PARAMETER:  4.8544E-01  4.5256E+00  3.8925E-02 -6.9562E-01 -2.8624E-01  1.0474E+00 -1.0245E+00 -1.0563E-01  2.7354E-01  3.7893E+00
             1.5575E+00 -1.0955E-01 -1.0643E-01  8.2102E-02 -1.5154E-01
 GRADIENT:   1.1276E+01 -2.0648E+03  1.1914E+01 -3.6119E+01 -1.0409E+01  5.7391E+01 -2.3884E+00  1.1942E+00 -2.0751E+00 -2.5490E-02
             4.0609E-01  5.6659E-02  4.8993E+00 -3.7356E-01  5.9319E+00

0ITERATION NO.:   31    OBJECTIVE VALUE:  -38.6511368456630        NO. OF FUNC. EVALS.:  47
 CUMULATIVE NO. OF FUNC. EVALS.:      948             RESET HESSIAN, TYPE I
 NPARAMETR:  1.0870E+01  5.9552E+01  2.9099E+00  9.3120E-01  9.6061E+01  7.6771E-01  2.4544E-01  5.6755E-01  2.6237E-01  1.2081E-02
             4.2761E-01  6.8374E-02  5.4188E-02  9.3281E-02  5.6910E-02
 PARAMETER:  4.8452E-01  4.5435E+00  3.6706E-02 -6.6443E-01 -2.7666E-01  1.0396E+00 -1.0231E+00 -1.0976E-01  2.7612E-01  3.7956E+00
             1.5530E+00 -9.0087E-02 -2.0636E-01  6.5226E-02 -1.8185E-01
 GRADIENT:   3.6784E+01  2.3205E+02  3.1355E+00  4.6818E+01  7.5510E+01  4.6854E+01  7.9850E+00  1.2268E-01  5.7684E+00  1.1837E+00
             5.6466E+00  6.3471E-01  4.3331E+00 -5.6918E-01  5.8083E+00

0ITERATION NO.:   32    OBJECTIVE VALUE:  -38.7023389360803        NO. OF FUNC. EVALS.:  14
 CUMULATIVE NO. OF FUNC. EVALS.:      962
 NPARAMETR:  1.0841E+01  5.8791E+01  2.9090E+00  9.3428E-01  9.5654E+01  7.6649E-01  2.4524E-01  5.6725E-01  2.6244E-01  1.2082E-02
             4.2727E-01  6.8708E-02  5.2791E-02  9.2890E-02  5.6450E-02
 PARAMETER:  4.8190E-01  4.5307E+00  3.6420E-02 -6.6113E-01 -2.8091E-01  1.0380E+00 -1.0242E+00 -1.1028E-01  2.7639E-01  3.7957E+00
             1.5522E+00 -8.7652E-02 -2.1941E-01  6.3124E-02 -1.8591E-01
 GRADIENT:   3.8565E+01  2.2830E+02  8.9093E-01  4.5263E+01  7.0304E+01  4.7271E+01  8.7010E+00  5.1027E-01  6.4274E+00  1.1856E+00
             5.6182E+00  6.9327E-01  4.3640E+00 -6.0447E-01  5.7860E+00

0ITERATION NO.:   33    OBJECTIVE VALUE:  -38.7163432055773        NO. OF FUNC. EVALS.:  15
 CUMULATIVE NO. OF FUNC. EVALS.:      977
 NPARAMETR:  1.0677E+01  5.7121E+01  2.9081E+00  9.4102E-01  9.6351E+01  7.6328E-01  2.4331E-01  5.6635E-01  2.6249E-01  1.2074E-02
             4.2651E-01  6.9366E-02  5.0011E-02  9.2130E-02  5.5508E-02
 PARAMETER:  4.6665E-01  4.5019E+00  3.6093E-02 -6.5394E-01 -2.7364E-01  1.0338E+00 -1.0346E+00 -1.1187E-01  2.7658E-01  3.7950E+00
             1.5505E+00 -8.2884E-02 -2.4646E-01  5.9018E-02 -1.9433E-01
 GRADIENT:   3.1811E+01  2.2537E+02 -5.4334E+00  5.1096E+01  6.7186E+01  4.0396E+01  7.4166E+00  2.2413E+00  7.0947E+00  1.1824E+00
             4.5619E+00  7.6807E-01  4.2711E+00 -7.0645E-01  5.7279E+00

0ITERATION NO.:   34    OBJECTIVE VALUE:  -38.7611580812471        NO. OF FUNC. EVALS.:  15
 CUMULATIVE NO. OF FUNC. EVALS.:      992
 NPARAMETR:  1.0663E+01  5.5487E+01  2.9087E+00  9.4375E-01  9.7692E+01  7.6239E-01  2.4246E-01  5.6475E-01  2.6244E-01  1.2059E-02
             4.2640E-01  6.9893E-02  4.7811E-02  9.1553E-02  5.4727E-02
 PARAMETER:  4.6526E-01  4.4728E+00  3.6310E-02 -6.5104E-01 -2.5982E-01  1.0327E+00 -1.0393E+00 -1.1469E-01  2.7640E-01  3.7938E+00
             1.5502E+00 -7.9105E-02 -2.6895E-01  5.5875E-02 -2.0141E-01
 GRADIENT:   3.4469E+01  2.2039E+02 -1.3096E+01  4.8483E+01  7.1649E+01  4.4365E+01  8.6039E+00  1.7923E+00  7.8333E+00  1.1644E+00
             4.4751E+00  8.4307E-01  4.1746E+00 -7.4292E-01  5.7535E+00

0ITERATION NO.:   35    OBJECTIVE VALUE:  -38.7781184852014        NO. OF FUNC. EVALS.:  15
 CUMULATIVE NO. OF FUNC. EVALS.:     1007
 NPARAMETR:  1.0642E+01  5.4960E+01  2.9104E+00  9.4439E-01  9.7900E+01  7.6170E-01  2.4145E-01  5.6394E-01  2.6235E-01  1.2050E-02
             4.2655E-01  7.0073E-02  4.7005E-02  9.1364E-02  5.4420E-02
 PARAMETER:  4.6332E-01  4.4633E+00  3.6899E-02 -6.5036E-01 -2.5770E-01  1.0318E+00 -1.0448E+00 -1.1613E-01  2.7605E-01  3.7930E+00
             1.5506E+00 -7.7816E-02 -2.7746E-01  5.4839E-02 -2.0422E-01
 GRADIENT:   3.5832E+01  2.2014E+02 -1.2807E+01  4.9164E+01  7.3759E+01  4.5708E+01  7.3570E+00  1.8538E+00  7.5113E+00  1.1578E+00
             4.2236E+00  8.5021E-01  4.1278E+00 -7.1407E-01  5.7380E+00

0ITERATION NO.:   36    OBJECTIVE VALUE:  -38.7781184852014        NO. OF FUNC. EVALS.:  38
 CUMULATIVE NO. OF FUNC. EVALS.:     1045
 NPARAMETR:  1.0642E+01  5.4960E+01  2.9104E+00  9.4439E-01  9.7900E+01  7.6170E-01  2.4145E-01  5.6394E-01  2.6235E-01  1.2050E-02
             4.2655E-01  7.0073E-02  4.7005E-02  9.1364E-02  5.4420E-02
 PARAMETER:  4.6332E-01  4.4633E+00  3.6899E-02 -6.5036E-01 -2.5770E-01  1.0318E+00 -1.0448E+00 -1.1613E-01  2.7605E-01  3.7930E+00
             1.5506E+00 -7.7816E-02 -2.7746E-01  5.4839E-02 -2.0422E-01
 GRADIENT:   9.1969E+00 -1.9414E+03 -2.3238E+01 -9.2735E+00 -4.6973E-01  2.9656E+01 -3.6220E+00  6.3277E-01  3.7464E+00  1.9805E-02
            -3.5036E+00  8.5021E-01  4.1278E+00 -7.1407E-01  5.7380E+00

0ITERATION NO.:   37    OBJECTIVE VALUE:  -40.2210276415128        NO. OF FUNC. EVALS.:  50
 CUMULATIVE NO. OF FUNC. EVALS.:     1095             RESET HESSIAN, TYPE I
 NPARAMETR:  1.0820E+01  5.6263E+01  2.9339E+00  9.2586E-01  9.6537E+01  7.9242E-01  2.4691E-01  5.6408E-01  2.6094E-01  1.2043E-02
             4.3423E-01  6.9543E-02  3.3826E-02  9.0471E-02  4.3148E-02
 PARAMETER:  4.7993E-01  4.4867E+00  4.4923E-02 -6.7018E-01 -2.7172E-01  1.0713E+00 -1.0152E+00 -1.1589E-01  2.7067E-01  3.7925E+00
             1.5684E+00 -8.1610E-02 -4.4198E-01  4.9927E-02 -3.2027E-01
 GRADIENT:   3.8464E+01  2.2367E+02  3.2193E+01  1.9140E+01  6.9552E+01  8.3733E+01  8.6351E+00  2.2147E-01 -2.3601E+00  1.1487E+00
             9.3923E+00  4.2028E-01  3.1525E+00 -7.6345E-01  5.2782E+00

0ITERATION NO.:   38    OBJECTIVE VALUE:  -40.2210276415128        NO. OF FUNC. EVALS.:  35
 CUMULATIVE NO. OF FUNC. EVALS.:     1130
 NPARAMETR:  1.0820E+01  5.6263E+01  2.9339E+00  9.2586E-01  9.6537E+01  7.9242E-01  2.4691E-01  5.6408E-01  2.6094E-01  1.2043E-02
             4.3423E-01  6.9543E-02  3.3826E-02  9.0471E-02  4.3148E-02
 PARAMETER:  4.7993E-01  4.4867E+00  4.4923E-02 -6.7018E-01 -2.7172E-01  1.0713E+00 -1.0152E+00 -1.1589E-01  2.7067E-01  3.7925E+00
             1.5684E+00 -8.1610E-02 -4.4198E-01  4.9927E-02 -3.2027E-01
 GRADIENT:   1.4207E+01 -2.0653E+03  2.1470E+01 -4.3520E+01 -5.3161E+00  6.9768E+01 -2.1507E+00 -1.0032E+00 -6.1369E+00  9.7512E-03
             1.9011E+00  4.2028E-01  3.1525E+00 -7.6345E-01  5.2782E+00

0ITERATION NO.:   39    OBJECTIVE VALUE:  -40.2607767065761        NO. OF FUNC. EVALS.:  36
 CUMULATIVE NO. OF FUNC. EVALS.:     1166
 NPARAMETR:  1.0701E+01  5.7262E+01  2.9316E+00  9.2528E-01  9.3095E+01  7.8728E-01  2.4569E-01  5.6407E-01  2.6100E-01  1.2002E-02
             4.3327E-01  6.9530E-02  3.3634E-02  9.0485E-02  4.2931E-02
 PARAMETER:  4.6890E-01  4.5043E+00  4.4134E-02 -6.7081E-01 -3.0802E-01  1.0648E+00 -1.0218E+00 -1.1590E-01  2.7089E-01  3.7890E+00
             1.5662E+00 -8.1704E-02 -4.4481E-01  5.0006E-02 -3.2279E-01
 GRADIENT:   1.0960E+01 -2.0562E+03  2.6339E+01 -3.7090E+01 -1.5866E+01  6.1875E+01 -2.6325E+00 -1.0658E+00 -6.3748E+00 -2.7183E-02
             1.2241E+00  4.9333E-01  3.2215E+00 -7.9069E-01  4.9218E+00

0ITERATION NO.:   40    OBJECTIVE VALUE:  -41.6593260132852        NO. OF FUNC. EVALS.:  47
 CUMULATIVE NO. OF FUNC. EVALS.:     1213             RESET HESSIAN, TYPE I
 NPARAMETR:  1.0722E+01  5.8471E+01  2.9038E+00  9.5345E-01  1.0245E+02  7.8015E-01  2.4740E-01  5.6415E-01  2.6305E-01  1.2031E-02
             4.2871E-01  7.3945E-02  1.9611E-02  9.8041E-02  2.4639E-02
 PARAMETER:  4.7077E-01  4.5252E+00  3.4631E-02 -6.4081E-01 -2.1225E-01  1.0557E+00 -1.0125E+00 -1.1576E-01  2.7873E-01  3.7914E+00
             1.5556E+00 -5.0927E-02 -7.1454E-01  9.0106E-02 -6.0041E-01
 GRADIENT:   3.5354E+01  2.3384E+02 -2.5732E+01  5.1757E+01  7.2685E+01  3.9199E+01  8.6634E+00 -2.1821E+00  9.2883E+00  1.1503E+00
             5.6282E+00  1.1309E+00  1.7624E+00 -1.3237E-01  2.1812E+00

0ITERATION NO.:   41    OBJECTIVE VALUE:  -42.0274010202262        NO. OF FUNC. EVALS.:  14
 CUMULATIVE NO. OF FUNC. EVALS.:     1227
 NPARAMETR:  1.0624E+01  5.6885E+01  2.9013E+00  9.5504E-01  1.0127E+02  7.7804E-01  2.4677E-01  5.6422E-01  2.6325E-01  1.2007E-02
             4.2780E-01  7.4474E-02  1.8185E-02  9.9067E-02  2.2837E-02
 PARAMETER:  4.6163E-01  4.4977E+00  3.3762E-02 -6.3914E-01 -2.2385E-01  1.0530E+00 -1.0159E+00 -1.1564E-01  2.7946E-01  3.7895E+00
             1.5535E+00 -4.7358E-02 -7.5228E-01  9.5313E-02 -6.3839E-01
 GRADIENT:   3.2786E+01  2.2681E+02 -3.3685E+01  4.8586E+01  6.8627E+01  4.3258E+01  8.0682E+00  6.4077E-01  1.0831E+01  1.1301E+00
             4.9757E+00  1.1593E+00  1.7819E+00 -5.3063E-02  2.2245E+00

0ITERATION NO.:   42    OBJECTIVE VALUE:  -42.1059023003159        NO. OF FUNC. EVALS.:  15
 CUMULATIVE NO. OF FUNC. EVALS.:     1242
 NPARAMETR:  1.0623E+01  5.5381E+01  2.9068E+00  9.5766E-01  1.0138E+02  7.7260E-01  2.4686E-01  5.6274E-01  2.6310E-01  1.1977E-02
             4.2760E-01  7.4864E-02  1.6925E-02  9.9814E-02  2.1260E-02
 PARAMETER:  4.6154E-01  4.4709E+00  3.5634E-02 -6.3641E-01 -2.2274E-01  1.0460E+00 -1.0154E+00 -1.1826E-01  2.7891E-01  3.7869E+00
             1.5530E+00 -4.4751E-02 -7.8820E-01  9.9069E-02 -6.7418E-01
 GRADIENT:   3.3486E+01  2.2334E+02 -3.6919E+01  5.4950E+01  8.0810E+01  4.2460E+01  8.1555E+00  1.2983E+00  1.0452E+01  1.1045E+00
             4.3766E+00  1.2117E+00  1.6868E+00 -1.0238E-02  1.9827E+00

0ITERATION NO.:   43    OBJECTIVE VALUE:  -42.1140298120172        NO. OF FUNC. EVALS.:  15
 CUMULATIVE NO. OF FUNC. EVALS.:     1257
 NPARAMETR:  1.0627E+01  5.4003E+01  2.9129E+00  9.5994E-01  1.0095E+02  7.6709E-01  2.4700E-01  5.6115E-01  2.6294E-01  1.1948E-02
             4.2751E-01  7.5240E-02  1.5773E-02  1.0054E-01  1.9824E-02
 PARAMETER:  4.6192E-01  4.4457E+00  3.7736E-02 -6.3403E-01 -2.2699E-01  1.0388E+00 -1.0147E+00 -1.2109E-01  2.7830E-01  3.7845E+00
             1.5528E+00 -4.2241E-02 -8.2344E-01  1.0268E-01 -7.0914E-01
 GRADIENT:   3.4229E+01  2.1793E+02 -3.5512E+01  5.1987E+01  8.0818E+01  4.1503E+01  8.0593E+00  1.7953E+00  9.7688E+00  1.0802E+00
             3.9306E+00  1.2812E+00  1.5629E+00  4.6021E-02  1.8344E+00

0ITERATION NO.:   44    OBJECTIVE VALUE:  -42.1140298120172        NO. OF FUNC. EVALS.:  36
 CUMULATIVE NO. OF FUNC. EVALS.:     1293
 NPARAMETR:  1.0627E+01  5.4003E+01  2.9129E+00  9.5994E-01  1.0095E+02  7.6709E-01  2.4700E-01  5.6115E-01  2.6294E-01  1.1948E-02
             4.2751E-01  7.5240E-02  1.5773E-02  1.0054E-01  1.9824E-02
 PARAMETER:  4.6192E-01  4.4457E+00  3.7736E-02 -6.3403E-01 -2.2699E-01  1.0388E+00 -1.0147E+00 -1.2109E-01  2.7830E-01  3.7845E+00
             1.5528E+00 -4.2241E-02 -8.2344E-01  1.0268E-01 -7.0914E-01
 GRADIENT:   5.9126E+00 -1.9436E+03 -4.5799E+01 -3.8231E+00  1.4061E+01  2.4865E+01 -2.8337E+00  5.2046E-01  5.9923E+00 -7.3906E-02
            -3.8306E+00  1.2812E+00  1.5629E+00  4.6021E-02  1.8344E+00

0ITERATION NO.:   45    OBJECTIVE VALUE:  -42.1566929567760        NO. OF FUNC. EVALS.:  37
 CUMULATIVE NO. OF FUNC. EVALS.:     1330
 NPARAMETR:  1.0676E+01  5.5339E+01  2.9084E+00  9.5373E-01  1.0151E+02  7.7143E-01  2.4644E-01  5.6327E-01  2.6293E-01  1.1953E-02
             4.2659E-01  7.4997E-02  1.6597E-02  1.0005E-01  2.0936E-02
 PARAMETER:  4.6653E-01  4.4702E+00  3.6186E-02 -6.4053E-01 -2.2145E-01  1.0445E+00 -1.0177E+00 -1.1732E-01  2.7824E-01  3.7849E+00
             1.5507E+00 -4.3864E-02 -7.9797E-01  1.0024E-01 -6.8185E-01
 GRADIENT:   1.1269E+01 -1.9947E+03 -4.2447E+01 -9.6756E+00  9.7880E+00  3.1128E+01 -2.7901E+00  4.4089E-01  5.5119E+00 -6.9008E-02
            -3.6207E+00  1.2546E+00  1.6774E+00  2.8147E-02  1.8966E+00

0ITERATION NO.:   46    OBJECTIVE VALUE:  -42.6242706769011        NO. OF FUNC. EVALS.:  49
 CUMULATIVE NO. OF FUNC. EVALS.:     1379             RESET HESSIAN, TYPE I
 NPARAMETR:  1.0845E+01  5.5415E+01  2.9570E+00  9.3954E-01  9.4892E+01  7.9679E-01  2.4776E-01  5.6235E-01  2.6086E-01  1.2052E-02
             4.3416E-01  7.5332E-02  7.9810E-03  9.9616E-02  1.4501E-02
 PARAMETER:  4.8225E-01  4.4715E+00  5.2783E-02 -6.5552E-01 -2.8890E-01  1.0768E+00 -1.0106E+00 -1.1896E-01  2.7034E-01  3.7932E+00
             1.5682E+00 -4.1635E-02 -1.1641E+00  9.8076E-02 -8.6547E-01
 GRADIENT:   4.4139E+01  2.1310E+02  5.3080E+01  1.0347E+01  5.5178E+01  9.1721E+01  7.7417E+00  2.8075E+00 -7.3558E+00  1.1615E+00
             8.4572E+00  8.1852E-01 -7.9284E-02 -4.0125E-02 -1.9536E-01

0ITERATION NO.:   47    OBJECTIVE VALUE:  -42.6242706769011        NO. OF FUNC. EVALS.:  35
 CUMULATIVE NO. OF FUNC. EVALS.:     1414
 NPARAMETR:  1.0845E+01  5.5415E+01  2.9570E+00  9.3954E-01  9.4892E+01  7.9679E-01  2.4776E-01  5.6235E-01  2.6086E-01  1.2052E-02
             4.3416E-01  7.5332E-02  7.9810E-03  9.9616E-02  1.4501E-02
 PARAMETER:  4.8225E-01  4.4715E+00  5.2783E-02 -6.5552E-01 -2.8890E-01  1.0768E+00 -1.0106E+00 -1.1896E-01  2.7034E-01  3.7932E+00
             1.5682E+00 -4.1635E-02 -1.1641E+00  9.8076E-02 -8.6547E-01
 GRADIENT:   1.4979E+01 -2.0843E+03  4.2264E+01 -4.9298E+01 -2.5629E+01  7.7453E+01 -2.5327E+00  1.5596E+00 -1.1173E+01  2.3651E-02
             9.0372E-01  8.1852E-01 -7.9284E-02 -4.0125E-02 -1.9536E-01

0ITERATION NO.:   48    OBJECTIVE VALUE:  -42.8686451952823        NO. OF FUNC. EVALS.:  36
 CUMULATIVE NO. OF FUNC. EVALS.:     1450
 NPARAMETR:  1.0616E+01  5.6107E+01  2.9506E+00  9.4001E-01  9.4146E+01  7.8975E-01  2.4610E-01  5.6227E-01  2.6110E-01  1.1990E-02
             4.3277E-01  7.5276E-02  8.3049E-03  9.9639E-02  1.4811E-02
 PARAMETER:  4.6091E-01  4.4839E+00  5.0617E-02 -6.5502E-01 -2.9680E-01  1.0679E+00 -1.0195E+00 -1.1910E-01  2.7127E-01  3.7881E+00
             1.5650E+00 -4.2005E-02 -1.1442E+00  9.8194E-02 -8.5489E-01
 GRADIENT:   8.9526E+00 -2.0480E+03  3.9075E+01 -3.6816E+01 -2.7304E+01  6.1959E+01 -3.1269E+00  6.5027E-01 -9.4837E+00 -3.2492E-02
            -9.2914E-02  9.6738E-01 -2.3491E-03 -5.8657E-02 -1.7872E-01

0ITERATION NO.:   49    OBJECTIVE VALUE:  -43.0010918711780        NO. OF FUNC. EVALS.:  47
 CUMULATIVE NO. OF FUNC. EVALS.:     1497             RESET HESSIAN, TYPE I
 NPARAMETR:  1.0699E+01  5.6827E+01  2.9131E+00  9.6330E-01  1.0018E+02  7.8318E-01  2.4881E-01  5.6205E-01  2.6409E-01  1.2040E-02
             4.3200E-01  7.4655E-02  7.9165E-03  9.9688E-02  1.5330E-02
 PARAMETER:  4.6864E-01  4.4967E+00  3.7818E-02 -6.3054E-01 -2.3463E-01  1.0596E+00 -1.0050E+00 -1.1949E-01  2.8268E-01  3.7922E+00
             1.5633E+00 -4.6150E-02 -1.1681E+00  9.8437E-02 -8.3767E-01
 GRADIENT:   3.8427E+01  2.2798E+02 -2.4837E+01  5.1598E+01  8.4482E+01  4.3894E+01  8.9995E+00 -3.8344E+00  1.1112E+01  1.1569E+00
             6.4352E+00  1.1384E+00 -2.7597E-02  2.1798E-02  4.2034E-01

0ITERATION NO.:   50    OBJECTIVE VALUE:  -43.0010918711780        NO. OF FUNC. EVALS.:  33
 CUMULATIVE NO. OF FUNC. EVALS.:     1530
 NPARAMETR:  1.0699E+01  5.6827E+01  2.9131E+00  9.6330E-01  1.0018E+02  7.8318E-01  2.4881E-01  5.6205E-01  2.6409E-01  1.2040E-02
             4.3200E-01  7.4655E-02  7.9165E-03  9.9688E-02  1.5330E-02
 PARAMETER:  4.6864E-01  4.4967E+00  3.7818E-02 -6.3054E-01 -2.3463E-01  1.0596E+00 -1.0050E+00 -1.1949E-01  2.8268E-01  3.7922E+00
             1.5633E+00 -4.6150E-02 -1.1681E+00  9.8437E-02 -8.3767E-01
 GRADIENT:   1.1573E+01 -1.9738E+03 -3.5095E+01 -4.0779E+00  1.6346E+01  2.8168E+01 -1.9938E+00 -5.1138E+00  7.2848E+00  1.7067E-02
            -1.2240E+00  1.1384E+00 -2.7597E-02  2.1798E-02  4.2034E-01

0ITERATION NO.:   51    OBJECTIVE VALUE:  -43.0438920604038        NO. OF FUNC. EVALS.:  36
 CUMULATIVE NO. OF FUNC. EVALS.:     1566
 NPARAMETR:  1.0549E+01  5.7429E+01  2.9155E+00  9.6030E-01  9.8893E+01  7.8148E-01  2.4733E-01  5.6221E-01  2.6388E-01  1.1997E-02
             4.3145E-01  7.4647E-02  7.9305E-03  9.9685E-02  1.5282E-02
 PARAMETER:  4.5460E-01  4.5072E+00  3.8633E-02 -6.3366E-01 -2.4760E-01  1.0574E+00 -1.0129E+00 -1.1920E-01  2.8188E-01  3.7886E+00
             1.5620E+00 -4.6200E-02 -1.1672E+00  9.8424E-02 -8.3926E-01
 GRADIENT:   9.7816E+00 -1.9678E+03 -2.4439E+01 -2.5769E+00  1.0233E+01  2.5290E+01 -2.1987E+00 -5.7201E+00  5.7531E+00 -2.3550E-02
            -1.4681E+00  1.0801E+00 -1.4375E-01  3.0781E-02  6.4587E-01

0ITERATION NO.:   52    OBJECTIVE VALUE:  -43.4995334962243        NO. OF FUNC. EVALS.:  47
 CUMULATIVE NO. OF FUNC. EVALS.:     1613             RESET HESSIAN, TYPE I
 NPARAMETR:  1.1011E+01  5.6330E+01  2.9272E+00  9.4886E-01  9.7083E+01  7.9644E-01  2.4700E-01  5.6715E-01  2.6281E-01  1.2015E-02
             4.3291E-01  7.6146E-02  8.5850E-03  9.9540E-02  1.4529E-02
 PARAMETER:  4.9739E-01  4.4879E+00  4.2649E-02 -6.4564E-01 -2.6608E-01  1.0764E+00 -1.0147E+00 -1.1046E-01  2.7779E-01  3.7901E+00
             1.5654E+00 -3.6256E-02 -1.1276E+00  9.7695E-02 -8.6452E-01
 GRADIENT:   4.4434E+01  2.1841E+02  5.7115E+00  2.5485E+01  7.3243E+01  7.7743E+01  9.0936E+00  3.8374E+00  4.5839E+00  1.1311E+00
             7.6042E+00  1.0416E+00  7.2581E-02  4.5346E-03  5.0925E-01

0ITERATION NO.:   53    OBJECTIVE VALUE:  -43.4995334962243        NO. OF FUNC. EVALS.:  36
 CUMULATIVE NO. OF FUNC. EVALS.:     1649
 NPARAMETR:  1.1011E+01  5.6330E+01  2.9272E+00  9.4886E-01  9.7083E+01  7.9644E-01  2.4700E-01  5.6715E-01  2.6281E-01  1.2015E-02
             4.3291E-01  7.6146E-02  8.5850E-03  9.9540E-02  1.4529E-02
 PARAMETER:  4.9739E-01  4.4879E+00  4.2649E-02 -6.4564E-01 -2.6608E-01  1.0764E+00 -1.0147E+00 -1.1046E-01  2.7779E-01  3.7901E+00
             1.5654E+00 -3.6256E-02 -1.1276E+00  9.7695E-02 -8.6452E-01
 GRADIENT:   1.6186E+01 -2.0827E+03 -4.7671E+00 -3.5897E+01 -5.7901E+00  6.3308E+01 -2.5741E+00  2.6845E+00  7.6653E-01 -1.2327E-02
             1.0755E-02  1.0416E+00  7.2581E-02  4.5346E-03  5.0925E-01

0ITERATION NO.:   54    OBJECTIVE VALUE:  -43.4995334962243        NO. OF FUNC. EVALS.:  33
 CUMULATIVE NO. OF FUNC. EVALS.:     1682
 NPARAMETR:  1.1011E+01  5.6330E+01  2.9272E+00  9.4886E-01  9.7083E+01  7.9644E-01  2.4700E-01  5.6715E-01  2.6281E-01  1.2015E-02
             4.3291E-01  7.6146E-02  8.5850E-03  9.9540E-02  1.4529E-02
 PARAMETER:  4.9739E-01  4.4879E+00  4.2649E-02 -6.4564E-01 -2.6608E-01  1.0764E+00 -1.0147E+00 -1.1046E-01  2.7779E-01  3.7901E+00
             1.5654E+00 -3.6256E-02 -1.1276E+00  9.7695E-02 -8.6452E-01
 GRADIENT:   2.0253E+00 -5.3987E+00 -4.2473E+00 -1.4967E+01 -2.5290E+00  4.0067E+00 -2.7893E-01 -8.6203E-01  6.2265E-01 -3.0051E-02
             5.8552E-01 -2.0923E+00  1.7027E-01  1.3568E+00  5.5112E-01

 #TERM:
0MINIMIZATION SUCCESSFUL
 HOWEVER, PROBLEMS OCCURRED WITH THE MINIMIZATION.
 REGARD THE RESULTS OF THE ESTIMATION STEP CAREFULLY, AND ACCEPT THEM ONLY
 AFTER CHECKING THAT THE COVARIANCE STEP PRODUCES REASONABLE OUTPUT.
 NO. OF FUNCTION EVALUATIONS USED:     1682
 NO. OF SIG. DIGITS IN FINAL EST.:  1.1

 ETABAR IS THE ARITHMETIC MEAN OF THE ETA-ESTIMATES,
 AND THE P-VALUE IS GIVEN FOR THE NULL HYPOTHESIS THAT THE TRUE MEAN IS 0.

 ETABAR:        -2.1175E-02  8.5682E-03  4.4556E-03  6.3263E-03
 SE:             1.2461E-01  2.9922E-02  1.5009E-01  5.5986E-02
 N:                       4           4           4           4

 P VAL.:         8.6507E-01  7.7461E-01  9.7632E-01  9.1003E-01

 ETASHRINKSD(%)  1.0000E-10  2.5421E+01  1.0000E-10  1.0000E-10
 ETASHRINKVR(%)  1.0000E-10  4.4379E+01  1.0000E-10  1.0000E-10
 EBVSHRINKSD(%)  2.4343E+00  3.3656E+01  4.8378E+00  3.6632E+00
 EBVSHRINKVR(%)  4.8094E+00  5.5985E+01  9.4415E+00  7.1922E+00
 EPSSHRINKSD(%)  1.4210E+00
 EPSSHRINKVR(%)  2.8218E+00

  
 TOTAL DATA POINTS NORMALLY DISTRIBUTED (N):          433
 N*LOG(2PI) CONSTANT TO OBJECTIVE FUNCTION:    795.80076975524651     
 OBJECTIVE FUNCTION VALUE WITHOUT CONSTANT:   -43.499533496224274     
 OBJECTIVE FUNCTION VALUE WITH CONSTANT:       752.30123625902229     
 REPORTED OBJECTIVE FUNCTION DOES NOT CONTAIN CONSTANT
  
 TOTAL EFFECTIVE ETAS (NIND*NETA):                            16
  
 #TERE:
 Elapsed estimation  time in seconds:   235.21
0S MATRIX ALGORITHMICALLY SINGULAR
0S MATRIX IS OUTPUT
0INVERSE COVARIANCE MATRIX SET TO RS*RMAT, WHERE S* IS A PSEUDO INVERSE OF S
 Elapsed covariance  time in seconds:    49.56
 Elapsed postprocess time in seconds:     0.29
1
 
 
 
 
 
 
 
 
 
 
 
 
 
 
 
 
 
 
 
 
 ************************************************************************************************************************
 ********************                                                                                ********************
 ********************               FIRST ORDER CONDITIONAL ESTIMATION WITH INTERACTION              ********************
 #OBJT:**************                       MINIMUM VALUE OF OBJECTIVE FUNCTION                      ********************
 ********************                                                                                ********************
 ************************************************************************************************************************
 





 #OBJV:********************************************      -43.500       **************************************************
1
 ************************************************************************************************************************
 ********************                                                                                ********************
 ********************               FIRST ORDER CONDITIONAL ESTIMATION WITH INTERACTION              ********************
 ********************                             FINAL PARAMETER ESTIMATE                           ********************
 ********************                                                                                ********************
 ************************************************************************************************************************
 


 THETA - VECTOR OF FIXED EFFECTS PARAMETERS   *********


         TH 1      TH 2      TH 3      TH 4      TH 5      TH 6      TH 7      TH 8      TH 9      TH10      TH11      TH12     
          TH13      TH14     
 
         1.10E+01  5.63E+01  2.93E+00  9.49E-01  9.71E+01  7.96E-01  1.00E+00  2.47E-01  5.67E-01  0.00E+00  2.63E-01  1.20E-02
          4.33E-01  0.00E+00
 


 OMEGA - COV MATRIX FOR RANDOM EFFECTS - ETAS  ********


         ETA1      ETA2      ETA3      ETA4     
 
 ETA1
+        7.61E-02
 
 ETA2
+        0.00E+00  8.58E-03
 
 ETA3
+        0.00E+00  0.00E+00  9.95E-02
 
 ETA4
+        0.00E+00  0.00E+00  0.00E+00  1.45E-02
 


 SIGMA - COV MATRIX FOR RANDOM EFFECTS - EPSILONS  ****


         EPS1     
 
 EPS1
+        1.00E+00
 
1


 OMEGA - CORR MATRIX FOR RANDOM EFFECTS - ETAS  *******


         ETA1      ETA2      ETA3      ETA4     
 
 ETA1
+        2.76E-01
 
 ETA2
+        0.00E+00  9.27E-02
 
 ETA3
+        0.00E+00  0.00E+00  3.15E-01
 
 ETA4
+        0.00E+00  0.00E+00  0.00E+00  1.21E-01
 


 SIGMA - CORR MATRIX FOR RANDOM EFFECTS - EPSILONS  ***


         EPS1     
 
 EPS1
+        1.00E+00
 
1
 ************************************************************************************************************************
 ********************                                                                                ********************
 ********************               FIRST ORDER CONDITIONAL ESTIMATION WITH INTERACTION              ********************
 ********************                            STANDARD ERROR OF ESTIMATE                          ********************
 ********************                                                                                ********************
 ************************************************************************************************************************
 


 THETA - VECTOR OF FIXED EFFECTS PARAMETERS   *********


         TH 1      TH 2      TH 3      TH 4      TH 5      TH 6      TH 7      TH 8      TH 9      TH10      TH11      TH12     
          TH13      TH14     
 
         1.27E+00  1.36E+01  1.71E-01  2.46E-01  8.58E+00  2.49E-01 .........  3.74E-02  8.24E-02 .........  1.49E-02  6.83E-04
          7.00E-02 .........
 


 OMEGA - COV MATRIX FOR RANDOM EFFECTS - ETAS  ********


         ETA1      ETA2      ETA3      ETA4     
 
 ETA1
+        2.57E-02
 
 ETA2
+       .........  2.01E-02
 
 ETA3
+       ......... .........  2.62E-01
 
 ETA4
+       ......... ......... .........  1.36E-02
 


 SIGMA - COV MATRIX FOR RANDOM EFFECTS - EPSILONS  ****


         EPS1     
 
 EPS1
+       .........
 
1


 OMEGA - CORR MATRIX FOR RANDOM EFFECTS - ETAS  *******


         ETA1      ETA2      ETA3      ETA4     
 
 ETA1
+        4.66E-02
 
 ETA2
+       .........  1.08E-01
 
 ETA3
+       ......... .........  4.15E-01
 
 ETA4
+       ......... ......... .........  5.62E-02
 


 SIGMA - CORR MATRIX FOR RANDOM EFFECTS - EPSILONS  ***


         EPS1     
 
 EPS1
+       .........
 
1
 ************************************************************************************************************************
 ********************                                                                                ********************
 ********************               FIRST ORDER CONDITIONAL ESTIMATION WITH INTERACTION              ********************
 ********************                          COVARIANCE MATRIX OF ESTIMATE                         ********************
 ********************                                                                                ********************
 ************************************************************************************************************************
 

            TH 1      TH 2      TH 3      TH 4      TH 5      TH 6      TH 7      TH 8      TH 9      TH10      TH11      TH12  
             TH13      TH14      OM11      OM12      OM13      OM14      OM22      OM23      OM24      OM33      OM34      OM44  
            SG11  
 
 TH 1
+        1.62E+00
 
 TH 2
+       -3.83E+00  1.84E+02
 
 TH 3
+        1.46E-01 -1.91E+00  2.92E-02
 
 TH 4
+       -2.29E-01  1.07E-01 -1.24E-02  6.04E-02
 
 TH 5
+        1.31E+00 -1.14E+02  1.12E+00  3.09E-01  7.37E+01
 
 TH 6
+       -2.30E-01  2.35E+00 -3.30E-02  4.35E-02 -1.24E+00  6.18E-02
 
 TH 7
+       ......... ......... ......... ......... ......... ......... .........
 
 TH 8
+       -4.46E-02  1.68E-01 -5.06E-03  5.86E-03 -6.87E-02  6.32E-03 .........  1.40E-03
 
 TH 9
+        3.31E-02 -8.82E-01  1.04E-02  4.25E-03  6.12E-01 -1.01E-02 ......... -9.61E-04  6.80E-03
 
 TH10
+       ......... ......... ......... ......... ......... ......... ......... ......... ......... .........
 
 TH11
+       -1.40E-02 -8.97E-02 -3.05E-04  1.71E-03  6.30E-02  3.35E-04 .........  3.65E-04  1.66E-04 .........  2.22E-04
 
 TH12
+       -8.30E-04  3.51E-04 -5.90E-05  1.46E-04  6.02E-04  1.12E-04 .........  2.28E-05 -1.57E-06 .........  7.89E-06  4.67E-07
 
 TH13
+        6.26E-02  1.08E-01  4.53E-03 -1.19E-02 -1.64E-01 -5.86E-03 ......... -2.13E-03 -1.63E-03 ......... -7.30E-04 -3.95E-05
          4.90E-03
 
 TH14
+       ......... ......... ......... ......... ......... ......... ......... ......... ......... ......... ......... .........
         ......... .........
 
 OM11
+        1.36E-02  2.18E-01 -1.34E-03 -1.65E-03 -1.31E-01  6.56E-04 ......... -1.39E-04 -3.27E-04 ......... -2.95E-04 -7.61E-06
          2.59E-04 .........  6.63E-04
 
 OM12
+       ......... ......... ......... ......... ......... ......... ......... ......... ......... ......... ......... .........
         ......... ......... ......... .........
 
 OM13
+       ......... ......... ......... ......... ......... ......... ......... ......... ......... ......... ......... .........
         ......... ......... ......... ......... .........
 
 OM14
+       ......... ......... ......... ......... ......... ......... ......... ......... ......... ......... ......... .........
         ......... ......... ......... ......... ......... .........
 
 OM22
+       -1.42E-02  2.20E-01 -3.06E-03  1.67E-04 -1.43E-01  3.28E-03 .........  4.35E-04 -1.58E-03 .........  1.78E-05  4.12E-06
         -1.90E-05 .........  6.27E-05 ......... ......... .........  4.03E-04
 
1

            TH 1      TH 2      TH 3      TH 4      TH 5      TH 6      TH 7      TH 8      TH 9      TH10      TH11      TH12  
             TH13      TH14      OM11      OM12      OM13      OM14      OM22      OM23      OM24      OM33      OM34      OM44  
            SG11  
 
 OM23
+       ......... ......... ......... ......... ......... ......... ......... ......... ......... ......... ......... .........
         ......... ......... ......... ......... ......... ......... ......... .........
 
 OM24
+       ......... ......... ......... ......... ......... ......... ......... ......... ......... ......... ......... .........
         ......... ......... ......... ......... ......... ......... ......... ......... .........
 
 OM33
+       -1.39E-01 -2.14E-02 -1.32E-02  4.12E-02  4.28E-01  1.99E-02 .........  5.90E-03  9.20E-03 .........  1.27E-03  1.06E-04
         -1.64E-02 .........  1.56E-03 ......... ......... ......... -8.40E-04 ......... .........  6.85E-02
 
 OM34
+       ......... ......... ......... ......... ......... ......... ......... ......... ......... ......... ......... .........
         ......... ......... ......... ......... ......... ......... ......... ......... ......... ......... .........
 
 OM44
+       -6.44E-03 -1.04E-02 -5.43E-04  2.10E-03  2.79E-02  8.77E-04 .........  2.82E-04  5.39E-04 .........  6.39E-05  5.25E-06
         -8.38E-04 .........  7.78E-05 ......... ......... ......... -6.05E-05 ......... .........  3.54E-03 .........  1.84E-04
 
 SG11
+       ......... ......... ......... ......... ......... ......... ......... ......... ......... ......... ......... .........
         ......... ......... ......... ......... ......... ......... ......... ......... ......... ......... ......... .........
        .........
 
1
 ************************************************************************************************************************
 ********************                                                                                ********************
 ********************               FIRST ORDER CONDITIONAL ESTIMATION WITH INTERACTION              ********************
 ********************                          CORRELATION MATRIX OF ESTIMATE                        ********************
 ********************                                                                                ********************
 ************************************************************************************************************************
 

            TH 1      TH 2      TH 3      TH 4      TH 5      TH 6      TH 7      TH 8      TH 9      TH10      TH11      TH12  
             TH13      TH14      OM11      OM12      OM13      OM14      OM22      OM23      OM24      OM33      OM34      OM44  
            SG11  
 
 TH 1
+        1.27E+00
 
 TH 2
+       -2.22E-01  1.36E+01
 
 TH 3
+        6.72E-01 -8.25E-01  1.71E-01
 
 TH 4
+       -7.31E-01  3.22E-02 -2.95E-01  2.46E-01
 
 TH 5
+        1.19E-01 -9.79E-01  7.63E-01  1.47E-01  8.58E+00
 
 TH 6
+       -7.27E-01  6.97E-01 -7.76E-01  7.12E-01 -5.79E-01  2.49E-01
 
 TH 7
+       ......... ......... ......... ......... ......... ......... .........
 
 TH 8
+       -9.36E-01  3.31E-01 -7.92E-01  6.37E-01 -2.14E-01  6.80E-01 .........  3.74E-02
 
 TH 9
+        3.15E-01 -7.89E-01  7.37E-01  2.10E-01  8.64E-01 -4.91E-01 ......... -3.11E-01  8.24E-02
 
 TH10
+       ......... ......... ......... ......... ......... ......... ......... ......... ......... .........
 
 TH11
+       -7.39E-01 -4.44E-01 -1.20E-01  4.66E-01  4.93E-01  9.05E-02 .........  6.54E-01  1.35E-01 .........  1.49E-02
 
 TH12
+       -9.55E-01  3.79E-02 -5.05E-01  8.67E-01  1.03E-01  6.62E-01 .........  8.93E-01 -2.79E-02 .........  7.75E-01  6.83E-04
 
 TH13
+        7.02E-01  1.14E-01  3.78E-01 -6.90E-01 -2.73E-01 -3.37E-01 ......... -8.15E-01 -2.82E-01 ......... -6.99E-01 -8.26E-01
          7.00E-02
 
 TH14
+       ......... ......... ......... ......... ......... ......... ......... ......... ......... ......... ......... .........
         ......... .........
 
 OM11
+        4.14E-01  6.26E-01 -3.04E-01 -2.61E-01 -5.94E-01  1.02E-01 ......... -1.44E-01 -1.54E-01 ......... -7.69E-01 -4.33E-01
          1.44E-01 .........  2.57E-02
 
 OM12
+       ......... ......... ......... ......... ......... ......... ......... ......... ......... ......... ......... .........
         ......... ......... ......... .........
 
 OM13
+       ......... ......... ......... ......... ......... ......... ......... ......... ......... ......... ......... .........
         ......... ......... ......... ......... .........
 
 OM14
+       ......... ......... ......... ......... ......... ......... ......... ......... ......... ......... ......... .........
         ......... ......... ......... ......... ......... .........
 
 OM22
+       -5.57E-01  8.06E-01 -8.92E-01  3.38E-02 -8.29E-01  6.56E-01 .........  5.79E-01 -9.54E-01 .........  5.94E-02  3.01E-01
         -1.35E-02 .........  1.21E-01 ......... ......... .........  2.01E-02
 
1

            TH 1      TH 2      TH 3      TH 4      TH 5      TH 6      TH 7      TH 8      TH 9      TH10      TH11      TH12  
             TH13      TH14      OM11      OM12      OM13      OM14      OM22      OM23      OM24      OM33      OM34      OM44  
            SG11  
 
 OM23
+       ......... ......... ......... ......... ......... ......... ......... ......... ......... ......... ......... .........
         ......... ......... ......... ......... ......... ......... ......... .........
 
 OM24
+       ......... ......... ......... ......... ......... ......... ......... ......... ......... ......... ......... .........
         ......... ......... ......... ......... ......... ......... ......... ......... .........
 
 OM33
+       -4.16E-01 -6.04E-03 -2.95E-01  6.40E-01  1.90E-01  3.06E-01 .........  6.02E-01  4.26E-01 .........  3.27E-01  5.95E-01
         -8.96E-01 .........  2.31E-01 ......... ......... ......... -1.60E-01 ......... .........  2.62E-01
 
 OM34
+       ......... ......... ......... ......... ......... ......... ......... ......... ......... ......... ......... .........
         ......... ......... ......... ......... ......... ......... ......... ......... ......... ......... .........
 
 OM44
+       -3.73E-01 -5.63E-02 -2.34E-01  6.30E-01  2.40E-01  2.60E-01 .........  5.57E-01  4.82E-01 .........  3.16E-01  5.67E-01
         -8.83E-01 .........  2.23E-01 ......... ......... ......... -2.22E-01 ......... .........  9.98E-01 .........  1.36E-02
 
 SG11
+       ......... ......... ......... ......... ......... ......... ......... ......... ......... ......... ......... .........
         ......... ......... ......... ......... ......... ......... ......... ......... ......... ......... ......... .........
        .........
 
1
 ************************************************************************************************************************
 ********************                                                                                ********************
 ********************               FIRST ORDER CONDITIONAL ESTIMATION WITH INTERACTION              ********************
 ********************                      INVERSE COVARIANCE MATRIX OF ESTIMATE                     ********************
 ********************                                                                                ********************
 ************************************************************************************************************************
 

            TH 1      TH 2      TH 3      TH 4      TH 5      TH 6      TH 7      TH 8      TH 9      TH10      TH11      TH12  
             TH13      TH14      OM11      OM12      OM13      OM14      OM22      OM23      OM24      OM33      OM34      OM44  
            SG11  
 
 TH 1
+        4.09E-03
 
 TH 2
+       -8.45E-04  1.80E-04
 
 TH 3
+        6.65E-02 -6.86E-03  9.89E+00
 
 TH 4
+       -1.81E-01  3.48E-02 -6.30E+00  9.30E+00
 
 TH 5
+        6.41E-04 -1.41E-04 -7.91E-04 -2.41E-02  1.15E-04
 
 TH 6
+        2.54E-01 -4.92E-02  8.27E+00 -1.28E+01  3.45E-02  1.77E+01
 
 TH 7
+       ......... ......... ......... ......... ......... ......... .........
 
 TH 8
+        7.35E-02 -1.62E-02 -7.08E-02 -2.77E+00  1.31E-02  3.97E+00 .........  1.50E+00
 
 TH 9
+       -2.80E-01  6.48E-02  4.43E+00  8.98E+00 -5.53E-02 -1.32E+01 ......... -6.32E+00  2.83E+01
 
 TH10
+       ......... ......... ......... ......... ......... ......... ......... ......... ......... .........
 
 TH11
+        1.31E-01 -1.25E-01 -1.24E+02  4.22E+01  1.81E-01 -5.11E+01 .........  2.04E+01 -1.37E+02 .........  1.80E+03
 
 TH12
+        4.19E+00 -8.20E-01  1.26E+02 -2.07E+02  5.82E-01  2.87E+02 .........  6.69E+01 -2.28E+02 ......... -6.88E+02  4.66E+03
 
 TH13
+        1.30E-01 -2.55E-02  3.74E+00 -6.37E+00  1.82E-02  8.82E+00 .........  2.10E+00 -7.22E+00 ......... -1.91E+01  1.43E+02
          4.41E+00
 
 TH14
+       ......... ......... ......... ......... ......... ......... ......... ......... ......... ......... ......... .........
         ......... .........
 
 OM11
+        2.98E-02 -6.64E-03 -1.31E-01 -1.09E+00  5.45E-03  1.56E+00 .........  6.24E-01 -2.67E+00 .........  9.76E+00  2.65E+01
          8.32E-01 .........  2.60E-01
 
 OM12
+       ......... ......... ......... ......... ......... ......... ......... ......... ......... ......... ......... .........
         ......... ......... ......... .........
 
 OM13
+       ......... ......... ......... ......... ......... ......... ......... ......... ......... ......... ......... .........
         ......... ......... ......... ......... .........
 
 OM14
+       ......... ......... ......... ......... ......... ......... ......... ......... ......... ......... ......... .........
         ......... ......... ......... ......... ......... .........
 
 OM22
+        2.31E-01 -5.78E-02 -9.13E+00 -5.32E+00  5.26E-02  8.28E+00 .........  6.00E+00 -2.89E+01 .........  1.92E+02  1.52E+02
          4.94E+00 .........  2.58E+00 ......... ......... .........  3.19E+01
 
1

            TH 1      TH 2      TH 3      TH 4      TH 5      TH 6      TH 7      TH 8      TH 9      TH10      TH11      TH12  
             TH13      TH14      OM11      OM12      OM13      OM14      OM22      OM23      OM24      OM33      OM34      OM44  
            SG11  
 
 OM23
+       ......... ......... ......... ......... ......... ......... ......... ......... ......... ......... ......... .........
         ......... ......... ......... ......... ......... ......... ......... .........
 
 OM24
+       ......... ......... ......... ......... ......... ......... ......... ......... ......... ......... ......... .........
         ......... ......... ......... ......... ......... ......... ......... ......... .........
 
 OM33
+        4.05E-01 -8.11E-02  9.88E+00 -1.92E+01  5.92E-02  2.67E+01 .........  6.81E+00 -2.44E+01 ......... -3.42E+01  4.36E+02
          1.35E+01 .........  2.72E+00 ......... ......... .........  1.80E+01 ......... .........  4.13E+01
 
 OM34
+       ......... ......... ......... ......... ......... ......... ......... ......... ......... ......... ......... .........
         ......... ......... ......... ......... ......... ......... ......... ......... ......... ......... .........
 
 OM44
+       -8.91E+00  1.77E+00 -2.29E+02  4.27E+02 -1.29E+00 -5.93E+02 ......... -1.48E+02  5.23E+02 .........  9.23E+02 -9.66E+03
         -2.98E+02 ......... -5.90E+01 ......... ......... ......... -3.79E+02 ......... ......... -9.13E+02 .........  2.02E+04
 
 SG11
+       ......... ......... ......... ......... ......... ......... ......... ......... ......... ......... ......... .........
         ......... ......... ......... ......... ......... ......... ......... ......... ......... ......... ......... .........
        .........
 
1
 ************************************************************************************************************************
 ********************                                                                                ********************
 ********************               FIRST ORDER CONDITIONAL ESTIMATION WITH INTERACTION              ********************
 ********************                                     S MATRIX                                   ********************
 ********************                                                                                ********************
 ************************************************************************************************************************
 

            TH 1      TH 2      TH 3      TH 4      TH 5      TH 6      TH 7      TH 8      TH 9      TH10      TH11      TH12  
             TH13      TH14      OM11      OM12      OM13      OM14      OM22      OM23      OM24      OM33      OM34      OM44  
            SG11  
 
 TH 1
+        3.50E-01
 
 TH 2
+       -2.56E-02  6.20E-02
 
 TH 3
+        1.49E+01 -2.20E+00  9.38E+02
 
 TH 4
+       -1.62E+01 -4.06E+00 -3.16E+02  1.49E+03
 
 TH 5
+       -9.12E-03  1.25E-02 -3.02E+00 -2.94E+00  2.40E-02
 
 TH 6
+        2.13E+01  5.99E+00  3.66E+02 -2.04E+03  4.40E+00  2.82E+03
 
 TH 7
+       ......... ......... ......... ......... ......... ......... .........
 
 TH 8
+       -6.54E+00  3.32E+00 -6.40E+02 -2.46E+02  3.41E+00  3.98E+02 .........  5.96E+02
 
 TH 9
+       -1.31E+01 -7.66E+00  3.35E+02  2.07E+03 -7.84E+00 -2.93E+03 ......... -9.73E+02  3.69E+03
 
 TH10
+       ......... ......... ......... ......... ......... ......... ......... ......... ......... .........
 
 TH11
+       -4.10E+01  2.41E+00 -3.56E+03  1.83E+02  1.70E+01  4.03E+01 .........  2.75E+03 -3.22E+03 .........  1.68E+04
 
 TH12
+        9.13E+00  7.28E-01  2.07E+02 -7.09E+02  1.21E+00  9.44E+02 .........  5.86E+01 -9.09E+02 ......... -1.55E+02  3.85E+02
 
 TH13
+        1.93E+01  1.66E+00  6.94E+02 -1.24E+03  7.35E-01  1.67E+03 ......... -1.37E+02 -1.36E+03 ......... -1.82E+03  6.13E+02
          1.24E+03
 
 TH14
+       ......... ......... ......... ......... ......... ......... ......... ......... ......... ......... ......... .........
         ......... .........
 
 OM11
+        2.64E-02  1.73E+00 -4.97E+01 -1.75E+02  4.27E-01  2.42E+02 .........  9.83E+01 -2.79E+02 .........  6.39E+01  6.45E+01
          9.32E+01 .........  5.73E+01
 
 OM12
+       ......... ......... ......... ......... ......... ......... ......... ......... ......... ......... ......... .........
         ......... ......... ......... .........
 
 OM13
+       ......... ......... ......... ......... ......... ......... ......... ......... ......... ......... ......... .........
         ......... ......... ......... ......... .........
 
 OM14
+       ......... ......... ......... ......... ......... ......... ......... ......... ......... ......... ......... .........
         ......... ......... ......... ......... ......... .........
 
 OM22
+       -9.88E-01  8.03E-01 -5.28E+02 -4.77E+02  4.31E+00  7.07E+02 .........  5.74E+02 -1.32E+03 .........  3.21E+03  2.32E+02
          1.05E+02 .........  4.28E+01 ......... ......... .........  8.15E+02
 
1

            TH 1      TH 2      TH 3      TH 4      TH 5      TH 6      TH 7      TH 8      TH 9      TH10      TH11      TH12  
             TH13      TH14      OM11      OM12      OM13      OM14      OM22      OM23      OM24      OM33      OM34      OM44  
            SG11  
 
 OM23
+       ......... ......... ......... ......... ......... ......... ......... ......... ......... ......... ......... .........
         ......... ......... ......... ......... ......... ......... ......... .........
 
 OM24
+       ......... ......... ......... ......... ......... ......... ......... ......... ......... ......... ......... .........
         ......... ......... ......... ......... ......... ......... ......... ......... .........
 
 OM33
+       -5.09E+00  1.37E+00 -2.51E+02  1.33E+02  4.28E-01 -1.65E+02 .........  1.57E+02  1.70E+01 .........  6.70E+02 -9.60E+01
         -2.28E+02 .........  3.19E+01 ......... ......... .........  4.78E+01 ......... .........  9.26E+01
 
 OM34
+       ......... ......... ......... ......... ......... ......... ......... ......... ......... ......... ......... .........
         ......... ......... ......... ......... ......... ......... ......... ......... ......... ......... .........
 
 OM44
+       -2.66E+01  4.10E-01 -6.54E+02  1.79E+03 -3.81E+00 -2.47E+03 ......... -8.30E+01  2.48E+03 .........  4.91E+01 -9.14E+02
         -1.67E+03 ......... -4.54E+01 ......... ......... ......... -7.41E+02 ......... .........  3.51E+02 .........  2.93E+03
 
 SG11
+       ......... ......... ......... ......... ......... ......... ......... ......... ......... ......... ......... .........
         ......... ......... ......... ......... ......... ......... ......... ......... ......... ......... ......... .........
        .........
 
 Elapsed finaloutput time in seconds:     0.08
 #CPUT: Total CPU Time in Seconds,      285.261
Stop Time:
Tue Dec 18 22:55:47 CET 2018
