Tue Apr  8 11:48:30 EDT 2014
;; 1. Based on: run8
;; 2. Description: run14.mod CAMD ADAS-COG TOTAL
;; x1. Author: user
$PROBLEM run46.mod CAMD ADAS-COG TOTAL

$INPUT
ID	
STUDY	
TIME	
WEEK	
ADAS	
DROPOUT	
MMSE	
AGE	
SEX	
DXDATE	
START	
END	
QSDTC	
APOE4	
COMED	
COMEDEND	
COMEDSTART	
COMEDENDIND	
COMEDSTARTIND	
PRIMCOMED	
PRIMCOMEDS	
ADASBL	
MDV	
ADASMOD	
ADASTRANS=DV	
COMED2	
APOE4C

;ID: patient identification
;STUDY: study identification
;VISIT: study visit
;WEEK: study week
;TIME: time (days)
;ADAS: ADAS-cog total score (0-70)
;DROPOUT: 0=patient has never dropped out; 1=patient has dropped out at some point
;It does not directly carry time information, meaning that each subject has been assigned to one dropout code
;Do not know when exactly the patient dropped out but can infer based on the last time of the non-missing DV
;COVARIATES AT MMSE BASELINE:
;MMSE: BASELINE mini-mental state evaluation (normally taken at screening)
;AGE: age (years)
;SEX: 1=female, 2=male
;DXDATE: year of diagnosis
;RACE: 1="AMERICAN INDIAN OR ALASKA NATIVE", 2="ASIAN", 3="BLACK OR AFRICAN AMERICAN", 4/5="MULTIPLE"/"MUTIPLE", 
;6="NATIVE HAWAIIAN OR OTHER PACIFIC ISLANDER", 7="OTHER", 8="UNKNOWN", 9="WHITE"
;FAMILY: family history of AD 1=no, 2=unknown, 3=yes
;START: patient start year
;END: patient end year
;QSDTC: CDISC standard term for Date/Time of Finding
;APOE: 0=non-carrrier, 1=heterozygous, 2=homozygous, 3=unknown
;MDV: missing dependent variable
;ADASMOD: (ADAS * (nid-1) + 0.5)/nid, where nid is the total number of individuals
;Based on: Smithson & Verkuilen. Psychological Methods, 11: 54-71, 2006 [please refer to page 55]
;ADASTRANS: (ADASMOD - 0)/(70 - 0)
;ADASBLT2TRANS: adas baseline including the ones with baseline indicator; for missing bl, adas at time 0 or 1 was used in this order
;Based on: Smithson & Verkuilen. Psychological Methods, 11: 54-71, 2006 [please refer to page 54]
;INITIAL ESTIMATES:unless stated differently, it was based on lme model for ADASTRANS in R
;MOTIVATION FOR USING BETA-REGRESSION: for bounded data, the expectation must be nonlinear due to the ceiling/floor effects,
;and the error distribution must be heteroscedastic since the variance must approach zero as their mean approaches
;either boundary score (Reference: Xu et al. J PK PD, 40: 537-544, 2013)

$DATA nonmemdata022614.csv IGNORE=@ IGNORE=(MDV.EQ.1,ID.EQ.528);

$OMEGA  BLOCK(2)
 0.156  ;   1 BSV_BL
 0.0224  ; CORR BSV_BL:BSV_SL
 0.0424 ; 2 BSV_SL

$OMEGA  BLOCK(2)
0.0084 ;   1 ISV_BL
0.0014 ;   2 CORR ISV_BL:ISV_SL
0.0004 ;   3 ISV_SL

;##########################################################################################################################################

$PRED

;;; BLAPOE4C-DEFINITION START
BLAPOE4C = ( 1 + THETA(9)*(APOE4C - 0.72))
;;; BLAPOE4C-DEFINITION END


;;; SLCOMED2-DEFINITION START
IF(COMED2.EQ.1) SLCOMED2 = 1  ; Most common
IF(COMED2.EQ.0) SLCOMED2 = 1+THETA(8)
;;; SLCOMED2-DEFINITION END


;;; SLAPOE4C-DEFINITION START
SLAPOE4C = ( 1 + THETA(7)*(APOE4C - 0.72))
;;; SLAPOE4C-DEFINITION END


;;; SLAGE-DEFINITION START
SLAGE = ( 1 + THETA(6)*(AGE - 75.00))
;;; SLAGE-DEFINITION END

;;; SL-RELATION START
SLCOV=SLAGE*SLAPOE4C*SLCOMED2
;;; SL-RELATION END


;;; BLSEX-DEFINITION START
IF(SEX.EQ.1) BLSEX = 1  ; Most common
IF(SEX.EQ.2) BLSEX = THETA(5)
;;; BLSEX-DEFINITION END

;;; BL-RELATION START
BLCOV=BLSEX*BLAPOE4C
;;; BL-RELATION END

YTIME	 = TIME/365.25									;TIME in years to avoid such small slope
;############################### DEFINING THETAS ###########################################################################################

TVBL     = THETA(1)				 					    ;POPULATION BASELINE ADAS-Cog

TVBL = BLCOV*TVBL
TVSL     = THETA(2)                					    ;POPULATION SLOPE: disease progression rate constant

TVSL = SLCOV*TVSL


STEWSV = 1
STEBSV = 1
IF(STUDY.EQ.1131) THEN
  STEWSV = EXP(THETA(10))
  STEBSV = EXP(THETA(11))
ENDIF

BL       = TVBL*EXP(ETA(1)*STEBSV + ETA(3))        			    ;EXPONENTIAL ERROR: to prevent individual baseline from becoming negative
SL       = TVSL + ETA(2) + ETA(4)		     			;ADDITIVE ERROR: slope can be positive or negative on individual basis

TVSHAPE  = THETA(3)				 					    ;POPULATION SHAPE factor of the Richards logistic growth model
TAU      = THETA(4)*STEWSV				 					    ;TAU is the precision parameter of the beta distribution (=ALPHA+BETA)
														;VARIANCE of the beta distribution is MUR*(1-MUR)/(TAU+1), 
														;meaning that the variance increases as TAU increase; although, it is not
														;the sole determinante of dispersion, since dispersion also depends on MUR

;############################### STRUCTURAL MODEL TO DESCRIBE THE RATE OF DISEASE PROGRESSION ##############################################
														;Using Richards logistic growth model: three-parameter logistic model
														;Tsoularis & Wallace. Mathematical Biosciences, 179:21-55, 2002 [please refer to page 33]

;GG=1.0E-30
;IF(BL<GG) THEN
;   BL=GG
;   PRINT 1,ID
;ENDIF
DEN1     = BL**TVSHAPE
DEN2     = (70**TVSHAPE) - (BL**TVSHAPE)
DEN3     = EXP(-TVSHAPE*SL*YTIME)
DENN=DEN1 + DEN2*DEN3
;IF(DENN<GG) THEN
;  DENN=GG
;  PRINT 2, ID
;ENDIF
MUR      = BL/((DENN)**(1/TVSHAPE)) 	     			;INDIVIDUAL ADAS-Cog response as a function of time


;############################### DEFINING IPRED/PRED ########################################################################################

F        = MUR					      					;INDIVIDUAL (IPRED)
IPRED    = F

;############################## RATE OF CHANGE IN ADAS-Cog AS A FUNCTION OF TIME ############################################################

;RATE     = SL*MUR*(1-((MUR/70)**TVSHAPE)) 				;as differential equation: RATE=d(ADAS-Cog)/dt
;TVRATE   = TVSL*TVMUR*(1-((TVMUR/70)**TVSHAPE))		    ;population value

;############################## BETA REGRESSION #############################################################################################
														;Reference: Smithson & Verkuilen. Psychological Methods, 11: 54-71, 2006 [page 58]
														;MUR is the location parameter of the beta distrution
														;TAU is the precision parameter of the beta distribution
														;MUR and TAU have no restriction on each other, so that they can be modeled separately
ALPHA    = MUR*TAU										;BETA DISTRIBUTION shape parameter pulling density toward 0 (alpha>0)
BETA     = (1-MUR)*TAU								    ;BETA DISTRIBUTION shape parameter pulling density toward 1 (beta >0)

X1       = ALPHA+BETA									;It is really TAU
X2       = ALPHA
X3       = BETA

;NEMES APPROXIMATION OF THE LN(GAMMA) DISTRIBUTION
GG1=1.0E-150
;IF(X1<GG1) THEN
;   X1=GG1
;   PRINT 3, ID
;ENDIF
;IF(X2<GG1) THEN
;  X2=GG1
;  PRINT 4,ID
;ENDIF
;IF(X3<GG1) THEN
;  X3=GG1
;  PRINT 5,ID
;ENDIF
LGAMMAX1 = X1*(LOG(X1)-1) + 0.5*(LOG(2*3.1415)-LOG(X1)) + (5/4)*X1*LOG(1+(1/(15*X1**2)))
LGAMMAX2 = X2*(LOG(X2)-1) + 0.5*(LOG(2*3.1415)-LOG(X2)) + (5/4)*X2*LOG(1+(1/(15*X2**2)))
LGAMMAX3 = X3*(LOG(X3)-1) + 0.5*(LOG(2*3.1415)-LOG(X3)) + (5/4)*X3*LOG(1+(1/(15*X3**2)))

;LOG-LIKELIHOOD OF THE BETA DISTRIBUTION: LN of the probability density function of the beta distribution
WDV=DV
IF(WDV<0.001) THEN
   WDV=0.001
;   PRINT 6,ID
ENDIF
IF(WDV>0.999) THEN
   WDV=0.999
;   PRINT 7,ID
ENDIF
LLBETA   = LGAMMAX1 - LGAMMAX2 - LGAMMAX3 + (ALPHA-1)*LOG(WDV) + (BETA-1)*LOG(1-WDV)

;############################### DEFINING RESIDUALS AND Y ###################################################################################

;PEARSON RESIDUALS
;SOR      = (WDV-IPRED)/SQRT(IPRED*(1-IPRED)/(1+TAU))    ;Standardized ordinary residuals

LLB2=-2.0*LLBETA
;IF(LLB2.GT.300.0) THEN
;   LLB2=300.0
;   PRINT 8,ID
;ENDIF 
;IF(LLB2.LT.-300.0) THEN
;   LLB2=-300.0
;   PRINT 9,ID
;ENDIF
Y        = LLB2
;############################## INITIAL ESTIMATES ###########################################################################################

$THETA
(0, 22.3, 100) 				; 1 TVBL
(-100, 0.151, 50) 			; 2 TVSL
(0, 6.98, 100) 				; 3 TVSHAPE (initial estimate from bapineuzumab model)
(-300, 87.8, 300) 		        ; 4 TAU (initial estimate from bapineuzumab model)
(0,1)                            	; 5 BLSEX1
(0.1)                   		; 6 SLAGE1
(0.2)    		                ; 7 SLAPOE4C1
(-0.5, -0.275, 0.1)                   		; 8 SLCOMED21
(0.1)  	                                ; 9 BLAPOE4C1
(0.1)                                   ; 10 STE WSV EFFECT
(0.1)                                   ; 11 STE BSV EFFECT


$LEVEL
STUDY=(3[1],4[2])

$ESTIMATION MAXEVAL=9999 PRINT=1 METHOD=COND -2LL LAPLACIAN NOHABORT FNLETA=0 NSIG=2 SIGL=7 SLOW MCETA=10 NONINFETA=1  FILE=run46.ext
;$ESTIMATION MAXEVAL=9999 PRINT=1 METHOD=COND -2LL LAPLACIAN NOHABORT SIGL=10 FILE=run46.ext

$COV MATRIX=R UNCONDITIONAL SIGL=9 SLOW PRINT=E

$TABLE STUDY ID TIME ADAS WDV MUR NOPRINT ONEHEADER FILE=sdtab46.txt
;$TABLE STUDY ID TIME ADAS RATE TVRATE WDV MUR TVMUR SOR NOPRINT ONEHEADER FILE=sdtab46.txt
;$TABLE STUDY ID BL SL TVSHAPE ALPHA BETA TAU ETA(1) ETA(2) ETA(3) ETA(4) NOPRINT ONEHEADER FIRSTONLY FILE=patab46.txt
$TABLE STUDY ID BL SL TVSHAPE ALPHA BETA TAU ETA(1) ETA(2) NOPRINT ONEHEADER FIRSTONLY FILE=patab46.txt
$TABLE STUDY ID AGE SEX START APOE4 APOE4C COMED2 MMSE BL ADASBL NOPRINT ONEHEADER FILE=cotab46.txt


NM-TRAN MESSAGES
  
 WARNINGS AND ERRORS (IF ANY) FOR PROBLEM    1
             
 (WARNING  2) NM-TRAN INFERS THAT THE DATA ARE POPULATION.
             
 (WARNING  97) A RANDOM QUANTITY IS RAISED TO A POWER. IF THE RESULT AFFECTS
 THE VALUE OF THE OBJECTIVE FUNCTION, THE USER SHOULD ENSURE THAT THE
 RANDOM QUANTITY IS NEVER 0 WHEN THE POWER IS < 1.

License Registered to: Pfizer Inc
Expiration Date:    14 JUN 2014
Current Date:        8 APR 2014
Days until program expires :  66
1NONLINEAR MIXED EFFECTS MODEL PROGRAM (NONMEM) VERSION 7.3.0
 ORIGINALLY DEVELOPED BY STUART BEAL, LEWIS SHEINER, AND ALISON BOECKMANN
 CURRENT DEVELOPERS ARE ROBERT BAUER, ICON DEVELOPMENT SOLUTIONS,
 AND ALISON BOECKMANN. IMPLEMENTATION, EFFICIENCY, AND STANDARDIZATION
 PERFORMED BY NOUS INFOSYSTEMS.

 PROBLEM NO.:         1
 run46.mod CAMD ADAS-COG TOTAL
0DATA CHECKOUT RUN:              NO
 DATA SET LOCATED ON UNIT NO.:    2
 THIS UNIT TO BE REWOUND:        NO
 NO. OF DATA RECS IN DATA SET:    24988
 NO. OF DATA ITEMS IN DATA SET:  27
 ID DATA ITEM IS DATA ITEM NO.:   1
 DEP VARIABLE IS DATA ITEM NO.:  25
 MDV DATA ITEM IS DATA ITEM NO.: 23
0LABELS FOR DATA ITEMS:
 ID STUDY TIME WEEK ADAS DROPOUT MMSE AGE SEX DXDATE START END QSDTC APOE4 COMED COMEDEND COMEDSTART COMEDENDIND
 COMEDSTARTIND PRIMCOMED PRIMCOMEDS ADASBL MDV ADASMOD ADASTRANS COMED2 APOE4C
0(NONBLANK) LABELS FOR PRED-DEFINED ITEMS:
 BL SL TVSHAPE TAU MUR ALPHA BETA WDV
0FORMAT FOR DATA:
 (9(3E20.0/))

 TOT. NO. OF OBS RECS:    24988
 TOT. NO. OF INDIVIDUALS:   4494
0LENGTH OF THETA:  11
0DEFAULT THETA BOUNDARY TEST OMITTED:    NO
0OMEGA HAS BLOCK FORM:
  1
  1  1
  0  0  2
  0  0  2  2
0DEFAULT OMEGA BOUNDARY TEST OMITTED:    NO
0INITIAL ESTIMATE OF THETA:
 LOWER BOUND    INITIAL EST    UPPER BOUND
  0.0000E+00     0.2230E+02     0.1000E+03
 -0.1000E+03     0.1510E+00     0.5000E+02
  0.0000E+00     0.6980E+01     0.1000E+03
 -0.3000E+03     0.8780E+02     0.3000E+03
  0.0000E+00     0.1000E+01     0.1000E+07
 -0.1000E+07     0.1000E+00     0.1000E+07
 -0.1000E+07     0.2000E+00     0.1000E+07
 -0.5000E+00    -0.2750E+00     0.1000E+00
 -0.1000E+07     0.1000E+00     0.1000E+07
 -0.1000E+07     0.1000E+00     0.1000E+07
 -0.1000E+07     0.1000E+00     0.1000E+07
0INITIAL ESTIMATE OF OMEGA:
 BLOCK SET NO.   BLOCK                                                                    FIXED
        1                                                                                   NO
                  0.1560E+00
                  0.2240E-01   0.4240E-01
        2                                                                                   NO
                  0.8400E-02
                  0.1400E-02   0.4000E-03
0COVARIANCE STEP OMITTED:        NO
 R MATRIX SUBSTITUTED:          YES
 S MATRIX SUBSTITUTED:           NO
 EIGENVLS. PRINTED:             YES
 COMPRESSED FORMAT:              NO
 SLOW GRADIENT METHOD USED:     YES
 SIGDIGITS ETAHAT (SIGLO):                  -1
 SIGDIGITS GRADIENTS (SIGL):                9
 RELATIVE TOLERANCE (TOL):                  -1
 ABSOLUTE TOLERANCE-ADVAN 9,13 ONLY (ATOL): -1
 EXCLUDE COV FOR FOCE (NOFCOV):              NO
 RESUME COV ANALYSIS (RESUME):               NO
0TABLES STEP OMITTED:    NO
 NO. OF TABLES:           3
 SEED NUMBER (SEED):    11456
 RANMETHOD:
 MC SAMPLES (ESEED):    300
 WRES SQUARE ROOT TYPE:            EIGENVALUE
0-- TABLE   1 --
 PRINTED:                NO
 HEADERS:               ONE
 FILE TO BE FORWARDED:   NO
 FORMAT:                S1PE11.4
 LFORMAT:
 RFORMAT:
0USER-CHOSEN ITEMS:
 STUDY ID TIME ADAS WDV MUR
0-- TABLE   2 --
0FIRST RECORDS ONLY:    YES
 PRINTED:                NO
 HEADERS:               ONE
 FILE TO BE FORWARDED:   NO
 FORMAT:                S1PE11.4
 LFORMAT:
 RFORMAT:
0USER-CHOSEN ITEMS:
 STUDY ID BL SL TVSHAPE ALPHA BETA TAU ETA1 ETA2
0-- TABLE   3 --
 PRINTED:                NO
 HEADERS:               ONE
 FILE TO BE FORWARDED:   NO
 FORMAT:                S1PE11.4
 LFORMAT:
 RFORMAT:
0USER-CHOSEN ITEMS:
 STUDY ID AGE SEX START APOE4 APOE4C COMED2 MMSE BL ADASBL
1


 #TBLN:      1
 #METH: Laplacian Conditional Estimation

 ESTIMATION STEP OMITTED:                 NO  
 ANALYSIS TYPE:                           POPULATION
 SLOW GRADIENT METHOD USED:               YES 
 CONDITIONAL ESTIMATES USED:              YES 
 CENTERED ETA:                            NO  
 EPS-ETA INTERACTION:                     NO  
 LAPLACIAN OBJ. FUNC.:                    YES 
 NUMERICAL 2ND DERIVATIVES:               NO  
 PRED F SET TO -2 LOG LIKELIHOOD:         YES 
 NO. OF FUNCT. EVALS. ALLOWED:            9999
 NO. OF SIG. FIGURES REQUIRED:            2
 INTERMEDIATE PRINTOUT:                   YES 
 ESTIMATE OUTPUT TO MSF:                  NO  
 ABORT WITH PRED EXIT CODE 1:             NO  
 IND. OBJ. FUNC. VALUES SORTED:           NO  
 NUMERICAL DERIVATIVE 
       FILE REQUEST (NUMDER):             NONE
 MAP (ETAHAT) ESTIMATION METHOD (OPTMAP): 0           
 ETA HESSIAN EVALUATION METHOD (ETADER):  0           
 INITIAL ETA FOR MAP ESTIMATION (MCETA):  10          
 SIGDIGITS FOR MAP ESTIMATION (SIGLO):    7           
 GRADIENT SIGDIGITS OF 
       FIXED EFFECTS PARAMETERS (SIGL):   7           
 EXCLUDE TITLE (NOTITLE):                 NO 
 EXCLUDE COLUMN LABELS (NOLABEL):         NO 
 NOPRIOR SETTING (NOPRIOR):               OFF
 NOCOV SETTING (NOCOV):                   OFF
 DERCONT SETTING (DERCONT):               OFF
 ABSOLUTE TOLERANCE-ADVAN 9,13 ONLY(ATOL):-100        
 FINAL ETA RE-EVALUATION (FNLETA):        OFF
 EXCLUDE NON-INFLUENTIAL (NON-INFL.) ETAS 
       IN SHRINKAGE (ETASTYPE):           NO 
 NON-INFL. ETA CORRECTION (NONINFETA):    ON 
 FORMAT FOR ADDITIONAL FILES (FORMAT):    S1PE12.5
 PARAMETER ORDER FOR OUTPUTS (ORDER):     TSOL
 ADDITIONAL CONVERGENCE TEST (CTYPE=4)?:  NO
 EM OR BAYESIAN METHOD USED:                NONE


 THE FOLLOWING LABELS ARE EQUIVALENT
 PRED=NPRED
 RES=NRES
 WRES=NWRES
 IWRS=NIWRES
 IPRD=NIPRED
 IRS=NIRES

 MONITORING OF SEARCH:


0ITERATION NO.:    0    OBJECTIVE VALUE:  -59879.6991982752        NO. OF FUNC. EVALS.:  18
 CUMULATIVE NO. OF FUNC. EVALS.:       18
 NPARAMETR:  2.2300E+01  1.5100E-01  6.9800E+00  8.7800E+01  1.0000E+00  1.0000E-01  2.0000E-01 -2.7500E-01  1.0000E-01  1.0000E-01
             1.0000E-01  1.5600E-01  2.2400E-02  4.2400E-02  8.4000E-03  1.4000E-03  4.0000E-04
 PARAMETER:  1.0000E-01  1.0000E-01  1.0000E-01  1.0000E-01  1.0000E-01  1.0000E-01  1.0000E-01  1.0000E-01  1.0000E-01  1.0000E-01
             1.0000E-01  1.0000E-01  1.0000E-01  1.0000E-01  1.0000E-01  1.0000E-01  1.0000E-01
 GRADIENT:   1.1001E+03  3.3714E+05 -4.6519E+01  5.7990E+02  1.2859E+03  1.8189E+04 -6.9524E+01  4.0584E+01  6.1743E+02 -1.0658E+02
             8.3433E+01  1.1483E+02 -6.1269E+02 -1.4083E+03  8.7152E+00 -5.7947E+01 -2.6439E+01
 Second Error signal from LINV1PD:          129
 Second Error signal from LINV1PD:          129
 Second Error signal from LINV1PD:          129
 Second Error signal from LINV1PD:          129

0ITERATION NO.:    1    OBJECTIVE VALUE:  -60247.4176608487        NO. OF FUNC. EVALS.:  25
 CUMULATIVE NO. OF FUNC. EVALS.:       43
 NPARAMETR:  2.2300E+01  7.8073E-02  6.9800E+00  8.7799E+01  9.9999E-01  9.9882E-02  2.0000E-01 -2.7500E-01  9.9996E-02  1.0000E-01
             9.9999E-02  1.5600E-01  2.2401E-02  4.2401E-02  8.4000E-03  1.4000E-03  4.0000E-04
 PARAMETER:  9.9993E-02  9.7810E-02  1.0000E-01  9.9996E-02  9.9992E-02  9.9882E-02  1.0000E-01  1.0000E-01  9.9996E-02  1.0000E-01
             9.9999E-02  9.9999E-02  1.0000E-01  1.0001E-01  1.0000E-01  1.0000E-01  1.0000E-01
 GRADIENT:   1.3016E+03  2.0834E+03 -1.1762E+02  4.3924E+02  1.3812E+03  6.2500E+03 -9.1088E+01  7.8704E-01  6.4051E+02 -1.1546E+02
             7.9253E+01  2.4659E+02 -6.7432E+02 -9.6957E+02  2.6548E+00 -2.8592E+01 -6.5037E+01
 Second Error signal from LINV1PD:          129

0ITERATION NO.:    2    OBJECTIVE VALUE:  -60248.5657156767        NO. OF FUNC. EVALS.:  25
 CUMULATIVE NO. OF FUNC. EVALS.:       68
 NPARAMETR:  2.2298E+01  7.2875E-02  6.9801E+00  8.7795E+01  9.9989E-01  9.9414E-02  2.0001E-01 -2.7500E-01  9.9948E-02  1.0001E-01
             9.9994E-02  1.5599E-01  2.2412E-02  4.2410E-02  8.4000E-03  1.4000E-03  4.0001E-04
 PARAMETER:  9.9895E-02  9.7654E-02  1.0001E-01  9.9963E-02  9.9888E-02  9.9414E-02  1.0001E-01  1.0000E-01  9.9948E-02  1.0001E-01
             9.9994E-02  9.9981E-02  1.0005E-01  1.0008E-01  1.0000E-01  1.0000E-01  1.0001E-01
 GRADIENT:   1.3099E+03 -2.3586E+04 -1.2258E+02  4.4060E+02  1.3831E+03  5.6046E+03 -9.1690E+01 -3.2330E+00  6.3973E+02 -1.1809E+02
             7.6856E+01  2.5512E+02 -6.9249E+02 -9.6816E+02  1.5332E+00 -2.8665E+01 -7.0629E+01

0ITERATION NO.:    3    OBJECTIVE VALUE:  -60791.0095781108        NO. OF FUNC. EVALS.:  19
 CUMULATIVE NO. OF FUNC. EVALS.:       87
 NPARAMETR:  2.1760E+01  1.9683E-01  6.9985E+00  8.6342E+01  9.6718E-01 -4.9707E-02  2.0440E-01 -2.7500E-01  8.4529E-02  1.0279E-01
             9.8090E-02  1.5415E-01  2.5902E-02  4.5415E-02  8.3990E-03  1.4096E-03  4.0376E-04
 PARAMETER:  6.8540E-02  1.0138E-01  1.0285E-01  8.9385E-02  6.6631E-02 -4.9707E-02  1.0220E-01  9.9989E-02  8.4529E-02  1.0279E-01
             9.8090E-02  9.4026E-02  1.1633E-01  1.2342E-01  9.9938E-02  1.0069E-01  1.0158E-01
 GRADIENT:  -8.8349E+02  2.2616E+05  9.6986E+01 -5.5882E+02 -2.7495E+02 -8.3039E+03  2.0273E+02  4.2457E+01  4.6940E+02 -1.1167E+02
             8.8070E+01 -2.3115E+02  8.5358E+02 -2.6833E+01  1.6650E+00 -5.7537E+01 -9.5700E+00

0ITERATION NO.:    4    OBJECTIVE VALUE:  -60815.4180751537        NO. OF FUNC. EVALS.:  20
 CUMULATIVE NO. OF FUNC. EVALS.:      107
 NPARAMETR:  2.1512E+01  1.9265E-01  7.0081E+00  8.5939E+01  9.4816E-01 -4.5134E-02  2.0439E-01 -2.7501E-01  7.1069E-02  1.0560E-01
             9.6357E-02  1.5330E-01  2.7069E-02  4.7124E-02  8.3993E-03  1.4219E-03  4.0838E-04
 PARAMETER:  5.3959E-02  1.0125E-01  1.0432E-01  8.6461E-02  4.6765E-02 -4.5134E-02  1.0219E-01  9.9931E-02  7.1069E-02  1.0560E-01
             9.6357E-02  9.1272E-02  1.2190E-01  1.3879E-01  9.9958E-02  1.0157E-01  1.0304E-01
 GRADIENT:  -1.7490E+03  1.9640E+05  9.4146E+01 -7.6479E+02 -1.0171E+03 -6.6668E+03  1.5699E+02  2.7505E+01  3.3668E+02 -1.2342E+02
             7.7251E+01 -3.2416E+02  1.1545E+03  1.0720E+02 -6.5975E+00 -5.8116E+01 -1.5248E+01

0ITERATION NO.:    5    OBJECTIVE VALUE:  -60848.6584994460        NO. OF FUNC. EVALS.:  20
 CUMULATIVE NO. OF FUNC. EVALS.:      127
 NPARAMETR:  2.1925E+01  1.9284E-01  7.0431E+00  8.7703E+01  9.3188E-01 -4.4664E-02  2.0686E-01 -2.7493E-01  1.8334E-02  1.2026E-01
             8.8688E-02  1.5305E-01  2.4087E-02  5.1047E-02  8.4128E-03  1.4874E-03  4.3303E-04
 PARAMETER:  7.8228E-02  1.0126E-01  1.0968E-01  9.9291E-02  2.9451E-02 -4.4664E-02  1.0343E-01  1.0048E-01  1.8334E-02  1.2026E-01
             8.8688E-02  9.0463E-02  1.0856E-01  1.9366E-01  1.0076E-01  1.0616E-01  1.1006E-01
 GRADIENT:  -1.1426E+03  1.8137E+05  1.0143E+02 -3.2367E+02 -9.0435E+02 -6.1926E+03  1.9535E+02  4.4618E+01 -2.2190E+02 -1.0553E+02
             9.3182E+01 -2.6448E+02  7.0404E+02  3.3516E+02  5.9556E+00 -3.4200E+01 -2.7502E+00

0ITERATION NO.:    6    OBJECTIVE VALUE:  -60849.2997472037        NO. OF FUNC. EVALS.:  20
 CUMULATIVE NO. OF FUNC. EVALS.:      147
 NPARAMETR:  2.2074E+01  1.9177E-01  7.0640E+00  8.5630E+01  9.3651E-01 -4.3579E-02  2.0043E-01 -2.7508E-01  2.1825E-02  1.3381E-01
             7.9538E-02  1.5303E-01  2.5960E-02  5.3986E-02  8.4103E-03  1.5247E-03  4.4840E-04
 PARAMETER:  8.6915E-02  1.0123E-01  1.1286E-01  8.4217E-02  3.4409E-02 -4.3579E-02  1.0022E-01  9.9456E-02  2.1825E-02  1.3381E-01
             7.9538E-02  9.0382E-02  1.1701E-01  2.1768E-01  1.0062E-01  1.0884E-01  1.1568E-01
 GRADIENT:  -8.1089E+02  1.6887E+05  1.1518E+02 -1.0536E+03 -6.5050E+02 -5.6272E+03  1.7103E+02  4.6474E+01 -1.8011E+02 -1.0479E+02
             9.5482E+01 -2.0323E+02  8.4406E+02  4.9828E+02  1.1133E+01 -3.1349E+01  2.8060E-01

0ITERATION NO.:    7    OBJECTIVE VALUE:  -60854.3482103026        NO. OF FUNC. EVALS.:  20
 CUMULATIVE NO. OF FUNC. EVALS.:      167
 NPARAMETR:  2.2082E+01  1.9107E-01  7.0875E+00  8.6960E+01  9.3998E-01 -4.2990E-02  1.8967E-01 -2.7538E-01  3.5824E-02  1.5550E-01
             6.4325E-02  1.5246E-01  2.7394E-02  5.6842E-02  8.3993E-03  1.5787E-03  4.7166E-04
 PARAMETER:  8.7395E-02  1.0120E-01  1.1643E-01  9.3883E-02  3.8101E-02 -4.2990E-02  9.4834E-02  9.7328E-02  3.5824E-02  1.5550E-01
             6.4325E-02  8.8522E-02  1.2370E-01  2.4073E-01  9.9960E-02  1.1277E-01  1.2422E-01
 GRADIENT:  -7.6800E+02  1.6127E+05  1.1610E+02 -6.6371E+02 -5.8410E+02 -5.2914E+03  1.3690E+02  4.5922E+01 -2.8194E+01 -1.0444E+02
             9.2787E+01 -2.3105E+02  9.9051E+02  5.8623E+02  4.2580E+00 -3.1630E+01 -5.4117E+00

0ITERATION NO.:    8    OBJECTIVE VALUE:  -60858.4888541789        NO. OF FUNC. EVALS.:  20
 CUMULATIVE NO. OF FUNC. EVALS.:      187
 NPARAMETR:  2.1992E+01  1.9123E-01  7.1105E+00  8.6783E+01  9.4084E-01 -4.2990E-02  1.7929E-01 -2.7586E-01  4.6076E-02  1.8672E-01
             4.2288E-02  1.5261E-01  2.4253E-02  5.7046E-02  8.3908E-03  1.6555E-03  5.0598E-04
 PARAMETER:  8.2134E-02  1.0121E-01  1.1992E-01  9.2592E-02  3.9020E-02 -4.2990E-02  8.9646E-02  9.3887E-02  4.6076E-02  1.8672E-01
             4.2288E-02  8.9020E-02  1.0947E-01  2.5282E-01  9.9453E-02  1.1832E-01  1.3666E-01
 GRADIENT:  -8.5990E+02  1.5707E+05  9.9096E+01 -7.7013E+02 -6.3407E+02 -5.2387E+03  9.8338E+01  2.8802E+01  7.3994E+01 -1.1177E+02
             7.6825E+01 -2.4195E+02  6.4120E+02  6.4690E+02 -9.8942E+00 -2.3300E+01 -1.3023E+01

0ITERATION NO.:    9    OBJECTIVE VALUE:  -60909.4686320231        NO. OF FUNC. EVALS.:  19
 CUMULATIVE NO. OF FUNC. EVALS.:      206
 NPARAMETR:  2.1592E+01  1.8964E-01  7.4268E+00  8.7038E+01  9.6365E-01 -4.3132E-02  1.3699E-01 -2.8006E-01  3.7858E-02  5.6878E-01
            -2.1144E-01  1.6224E-01  2.5336E-02  5.6693E-02  8.5142E-03  2.5086E-03  9.8422E-04
 PARAMETER:  5.8654E-02  1.0116E-01  1.6686E-01  9.4446E-02  6.2974E-02 -4.3132E-02  6.8495E-02  6.3880E-02  3.7858E-02  5.6878E-01
            -2.1144E-01  1.1960E-01  1.1091E-01  2.4853E-01  1.0675E-01  1.7798E-01  2.9278E-01
 GRADIENT:  -1.0934E+03  1.5044E+05  1.0671E+02 -6.5776E+02 -4.5425E+02 -5.0872E+03  4.4571E+01  4.6581E+01  7.7747E+00 -7.2245E+01
             7.3504E+01  1.8325E+02  7.7011E+02  6.4416E+02 -2.4341E+00  9.3794E+01 -1.3909E+00

0ITERATION NO.:   10    OBJECTIVE VALUE:  -60958.8930376542        NO. OF FUNC. EVALS.:  19
 CUMULATIVE NO. OF FUNC. EVALS.:      225
 NPARAMETR:  2.1809E+01  1.8677E-01  7.8269E+00  8.6535E+01  9.5301E-01 -4.3049E-02  1.0990E-01 -2.8574E-01  4.3540E-02  1.0399E+00
            -5.2860E-01  1.4558E-01  2.4347E-02  5.4392E-02  8.6558E-03  3.2140E-03  1.5541E-03
 PARAMETER:  7.1452E-02  1.0108E-01  2.2367E-01  9.0790E-02  5.1873E-02 -4.3049E-02  5.4948E-02  2.2819E-02  4.3540E-02  1.0399E+00
            -5.2860E-01  6.5447E-02  1.1251E-01  2.2507E-01  1.1500E-01  2.2615E-01  4.8602E-01
 GRADIENT:  -1.0294E+03  1.4835E+05  1.0531E+02 -6.1680E+02 -5.6499E+02 -5.0049E+03 -3.0648E+00  5.0944E+01  8.3582E+01 -1.0791E+01
             3.6660E+01 -6.1286E+02  8.2461E+02  5.4579E+02 -2.8977E+01  1.1900E+02  9.5596E-01

0ITERATION NO.:   11    OBJECTIVE VALUE:  -60969.5006471917        NO. OF FUNC. EVALS.:  20
 CUMULATIVE NO. OF FUNC. EVALS.:      245
 NPARAMETR:  2.2116E+01  1.8653E-01  7.9198E+00  8.6519E+01  9.2707E-01 -4.3025E-02  1.3458E-01 -2.8774E-01  5.8921E-02  1.1449E+00
            -6.0439E-01  1.5085E-01  2.4966E-02  5.3923E-02  8.7349E-03  3.0243E-03  1.4431E-03
 PARAMETER:  8.9370E-02  1.0107E-01  2.3647E-01  9.0672E-02  2.4277E-02 -4.3025E-02  6.7290E-02  8.2664E-03  5.8921E-02  1.1449E+00
            -6.0439E-01  8.3216E-02  1.1334E-01  2.1979E-01  1.1955E-01  2.1184E-01  5.3268E-01
 GRADIENT:  -9.0483E+02  1.4745E+05  1.0136E+02 -6.0874E+02 -8.7839E+02 -5.0183E+03  1.4863E+01  3.6903E+01  2.3618E+02  6.2381E+00
             2.4560E+01 -3.6392E+02  8.3595E+02  5.2707E+02 -1.8382E+01  9.6014E+01  3.8102E+00

0ITERATION NO.:   12    OBJECTIVE VALUE:  -60980.4098062226        NO. OF FUNC. EVALS.:  19
 CUMULATIVE NO. OF FUNC. EVALS.:      264
 NPARAMETR:  2.1905E+01  1.8516E-01  8.0268E+00  8.6645E+01  9.4092E-01 -4.1933E-02  2.2604E-01 -2.9113E-01  5.8769E-02  1.2433E+00
            -6.9079E-01  1.5155E-01  2.4311E-02  5.4455E-02  8.8612E-03  1.9786E-03  8.8422E-04
 PARAMETER:  7.7078E-02  1.0103E-01  2.5105E-01  9.1589E-02  3.9106E-02 -4.1933E-02  1.1302E-01 -1.6533E-02  5.8769E-02  1.2433E+00
            -6.9079E-01  8.5531E-02  1.1011E-01  2.2740E-01  1.2673E-01  1.3760E-01  5.8814E-01
 GRADIENT:  -1.0176E+03  1.4341E+05  9.7881E+01 -5.7273E+02 -7.2834E+02 -4.7623E+03  1.6031E+02  3.6759E+01  2.1689E+02  2.5517E+01
             1.3060E+01 -3.4179E+02  7.5220E+02  5.6473E+02 -4.7139E+00  1.4705E+01  8.0348E+00

0ITERATION NO.:   13    OBJECTIVE VALUE:  -60983.3316264959        NO. OF FUNC. EVALS.:  19
 CUMULATIVE NO. OF FUNC. EVALS.:      283
 NPARAMETR:  2.1883E+01  1.8558E-01  8.0816E+00  8.6724E+01  9.4442E-01 -4.2497E-02  1.4836E-01 -2.9450E-01  5.0289E-02  1.2632E+00
            -7.3504E-01  1.5256E-01  2.4674E-02  5.4240E-02  8.8021E-03  1.2411E-03  6.4641E-04
 PARAMETER:  7.5768E-02  1.0104E-01  2.5846E-01  9.2160E-02  4.2818E-02 -4.2497E-02  7.4182E-02 -4.1332E-02  5.0289E-02  1.2632E+00
            -7.3504E-01  8.8846E-02  1.1139E-01  2.2437E-01  1.2338E-01  8.6598E-02  6.1989E-01
 GRADIENT:  -9.3967E+02  1.4276E+05  9.5197E+01 -5.3878E+02 -6.5100E+02 -4.8255E+03  5.0243E+01  4.0716E+01  1.4023E+02  3.0344E+01
             5.1086E+00 -3.0219E+02  7.8004E+02  5.5194E+02 -4.0585E+00 -3.4614E+01  4.8057E+00

0ITERATION NO.:   14    OBJECTIVE VALUE:  -60995.1212769485        NO. OF FUNC. EVALS.:  19
 CUMULATIVE NO. OF FUNC. EVALS.:      302
 NPARAMETR:  2.1933E+01  1.8461E-01  8.8319E+00  8.7273E+01  9.5223E-01 -4.1841E-02  1.5769E-01 -3.2659E-01  3.7956E-02  1.1355E+00
            -9.3840E-01  1.5306E-01  2.6246E-02  5.3359E-02  7.7535E-03  1.3432E-03  1.0628E-03
 PARAMETER:  7.8692E-02  1.0101E-01  3.5544E-01  9.6160E-02  5.1049E-02 -4.1841E-02  7.8843E-02 -2.8932E-01  3.7956E-02  1.1355E+00
            -9.3840E-01  9.0492E-02  1.1829E-01  2.1034E-01  5.9956E-02  9.9859E-02  9.0281E-01
 GRADIENT:  -6.8046E+02  1.3839E+05  8.9430E+01 -3.7904E+02 -4.0528E+02 -4.6683E+03  6.1950E+01  2.4863E+01 -5.5777E+00  1.1029E+01
            -3.2687E+01 -3.1506E+02  9.5657E+02  5.0058E+02 -2.0687E+01 -9.4954E+00  1.1622E+01

0ITERATION NO.:   15    OBJECTIVE VALUE:  -60999.6491623137        NO. OF FUNC. EVALS.:  19
 CUMULATIVE NO. OF FUNC. EVALS.:      321
 NPARAMETR:  2.1663E+01  1.7011E-01  1.6883E+01  8.8899E+01  9.6568E-01 -3.8057E-02 -1.6050E-02 -3.7963E-01  6.9426E-02  9.6168E-01
            -8.0161E-01  1.4818E-01  1.7804E-02  4.5911E-02  1.1110E-02  5.6405E-04  1.0102E-02
 PARAMETER:  6.2838E-02  1.0057E-01  1.0958E+00  1.0802E-01  6.5073E-02 -3.8057E-02 -8.0249E-03 -7.7159E-01  6.9426E-02  9.6168E-01
            -8.0161E-01  7.4271E-02  8.1552E-02  1.5537E-01  2.3982E-01  3.5032E-02  2.1508E+00
 GRADIENT:  -8.6449E+02  7.9217E+04  3.4727E+01  5.5155E+01 -3.0307E+02 -2.9916E+03 -1.9494E+02  1.0436E+01  3.7097E+02 -1.5756E+01
             2.4728E+00 -5.0222E+02  9.1167E+01  4.9243E+02 -7.7678E+00 -2.7032E-01  8.7073E+01

0ITERATION NO.:   16    OBJECTIVE VALUE:  -61017.1567474054        NO. OF FUNC. EVALS.:  19
 CUMULATIVE NO. OF FUNC. EVALS.:      340
 NPARAMETR:  2.1547E+01  1.5901E-01  4.3337E+01  8.9856E+01  9.7850E-01 -2.9414E-02 -3.8567E-02 -4.2922E-01  6.7239E-02  1.0772E+00
            -6.2353E-01  1.5294E-01  9.5656E-03  3.6512E-02  5.1634E-03 -4.0417E-04  6.3997E-03
 PARAMETER:  5.5994E-02  1.0024E-01  2.4216E+00  1.1502E-01  7.8261E-02 -2.9414E-02 -1.9284E-02 -1.4010E+00  6.7239E-02  1.0772E+00
            -6.2353E-01  9.0101E-02  4.3128E-02  5.6431E-02 -1.4332E-01 -3.6823E-02  1.9215E+00
 GRADIENT:  -7.3709E+02  1.8798E+04  6.9911E+00  6.1910E+02 -5.7473E+01 -1.1832E+03 -2.4844E+02 -1.9923E+00  2.8970E+02  6.3586E+00
             2.0948E+01 -5.1971E+02 -1.4131E+03 -5.0729E+00 -1.7752E+01 -4.6954E+01  2.4167E+01

0ITERATION NO.:   17    OBJECTIVE VALUE:  -61044.1534381492        NO. OF FUNC. EVALS.:  19
 CUMULATIVE NO. OF FUNC. EVALS.:      359
 NPARAMETR:  2.1651E+01  1.6221E-01  2.9610E+01  8.9264E+01  9.8224E-01 -2.9000E-02 -2.7266E-03 -4.4007E-01  5.0704E-02  1.2561E+00
            -3.3282E-01  1.5376E-01  1.4705E-02  3.7918E-02  4.2966E-03 -2.2003E-04  4.6999E-03
 PARAMETER:  6.2143E-02  1.0034E-01  1.8238E+00  1.1069E-01  8.2084E-02 -2.9000E-02 -1.3633E-03 -1.5877E+00  5.0704E-02  1.2561E+00
            -3.3282E-01  9.2776E-02  6.6122E-02  6.4692E-02 -2.3520E-01 -2.1975E-02  1.7685E+00
 GRADIENT:  -5.5621E+02  3.4042E+04  1.1123E+01  4.8376E+02  1.1807E+02 -1.2832E+03 -2.2240E+02 -2.0876E+00  1.1703E+02  3.6815E+01
             5.4173E+01 -3.8061E+02 -6.3560E+02  2.9189E+01 -2.8256E+01 -4.7100E+01  1.9773E+01

0ITERATION NO.:   18    OBJECTIVE VALUE:  -61135.8157137377        NO. OF FUNC. EVALS.:  22
 CUMULATIVE NO. OF FUNC. EVALS.:      381
 NPARAMETR:  2.2195E+01  1.6788E-01  6.1810E+00  8.7469E+01  9.6036E-01 -2.3650E-02  1.2815E-01 -3.4993E-01  4.8150E-02  9.9470E-01
            -7.2164E-01  1.4899E-01  2.3734E-02  4.1918E-02  3.5280E-02  5.1281E-03  1.4869E-03
 PARAMETER:  9.3918E-02  1.0051E-01 -3.0118E-02  9.7585E-02  5.9553E-02 -2.3650E-02  6.4074E-02 -4.8720E-01  4.8150E-02  9.9470E-01
            -7.2164E-01  7.7007E-02  1.0842E-01  8.6462E-02  8.1754E-01  1.7873E-01  8.4634E-01
 GRADIENT:   6.8787E+01  3.6753E+04 -1.9172E+01 -1.6269E+01  1.5146E+02 -4.1498E+02 -6.3308E+01  2.3960E+00  1.0348E+02 -1.2489E+01
             2.0625E+01  1.2184E+02  2.6622E+02 -3.1045E+01  9.9735E+01  8.7929E+00  7.9675E+00

0ITERATION NO.:   19    OBJECTIVE VALUE:  -61148.9095709093        NO. OF FUNC. EVALS.:  19
 CUMULATIVE NO. OF FUNC. EVALS.:      400
 NPARAMETR:  2.2314E+01  1.6612E-01  5.2124E+00  8.6932E+01  9.5000E-01 -2.2523E-02  1.8460E-01 -2.9615E-01  5.3820E-02  9.3844E-01
            -7.6918E-01  1.5272E-01  2.4361E-02  4.1708E-02  1.9315E-02  3.2903E-03  1.3698E-03
 PARAMETER:  1.0081E-01  1.0045E-01 -2.1083E-01  9.3678E-02  4.8707E-02 -2.2523E-02  9.2301E-02 -5.3580E-02  5.3820E-02  9.3844E-01
            -7.6918E-01  8.9382E-02  1.0991E-01  8.2322E-02  5.1631E-01  1.5499E-01  8.9010E-01
 GRADIENT:   1.4604E+02  2.7100E+04 -6.0430E+01 -1.1520E+02  5.1999E+01 -1.0489E+02  1.7834E+00  1.1313E+01  1.6310E+02 -2.0698E+01
             1.0399E+01  5.6287E+01  5.4793E+01 -1.0062E+02  3.0591E+01 -5.1684E+00  9.3051E+00

0ITERATION NO.:   20    OBJECTIVE VALUE:  -61158.4423675124        NO. OF FUNC. EVALS.:  19
 CUMULATIVE NO. OF FUNC. EVALS.:      419
 NPARAMETR:  2.2309E+01  1.6356E-01  7.0977E+00  8.7076E+01  9.4929E-01 -2.1767E-02  1.8922E-01 -3.0929E-01  5.4274E-02  9.3712E-01
            -7.9037E-01  1.5457E-01  2.3557E-02  4.0817E-02  1.4545E-02  2.5064E-03  1.3570E-03
 PARAMETER:  1.0052E-01  1.0038E-01  1.1799E-01  9.4723E-02  4.7959E-02 -2.1767E-02  9.4608E-02 -1.5286E-01  5.4274E-02  9.3712E-01
            -7.9037E-01  9.5386E-02  1.0565E-01  7.4383E-02  3.7452E-01  1.3605E-01  9.5694E-01
 GRADIENT:   1.1672E+02  3.3478E+04  1.4790E+01 -1.4271E+02  2.5098E+01 -1.0643E+02  2.0315E+01  1.3115E+01  1.7026E+02 -1.9201E+01
             4.8802E+00  2.4542E+01  2.6329E+02 -6.6968E+00  1.5740E+01  6.9545E+00  1.1580E+01

0ITERATION NO.:   21    OBJECTIVE VALUE:  -61164.0678568518        NO. OF FUNC. EVALS.:  19
 CUMULATIVE NO. OF FUNC. EVALS.:      438
 NPARAMETR:  2.2209E+01  1.5984E-01  7.3187E+00  8.7370E+01  9.5380E-01 -2.1846E-02  1.9090E-01 -3.5311E-01  2.9256E-02  1.1404E+00
            -7.2099E-01  1.5458E-01  2.2996E-02  4.0989E-02  1.2073E-02  2.2914E-03  1.3216E-03
 PARAMETER:  9.4760E-02  1.0027E-01  1.5103E-01  9.6863E-02  5.2696E-02 -2.1846E-02  9.5448E-02 -5.1564E-01  2.9256E-02  1.1404E+00
            -7.2099E-01  9.5441E-02  1.0313E-01  7.8953E-02  2.8139E-01  1.3652E-01  9.3579E-01
 GRADIENT:   3.8068E+01  1.9506E+04  1.4188E+01 -1.2698E+01  4.8325E+01  4.5424E+01  2.7272E+01  3.1505E+00 -8.7102E+01  1.4026E+01
             1.2001E+01 -9.4331E+00  1.8637E+02  2.5169E-01  1.0215E+01  4.6058E+00  1.1181E+01

0ITERATION NO.:   22    OBJECTIVE VALUE:  -61170.0465458325        NO. OF FUNC. EVALS.:  19
 CUMULATIVE NO. OF FUNC. EVALS.:      457
 NPARAMETR:  2.2175E+01  1.5461E-01  7.2048E+00  8.7463E+01  9.5131E-01 -2.1999E-02  1.9025E-01 -3.2649E-01  3.0674E-02  1.0775E+00
            -8.4307E-01  1.5730E-01  2.2489E-02  4.1510E-02  1.0495E-02  2.0971E-03  9.5531E-04
 PARAMETER:  9.2763E-02  1.0011E-01  1.3412E-01  9.7545E-02  5.0080E-02 -2.1999E-02  9.5126E-02 -2.8849E-01  3.0674E-02  1.0775E+00
            -8.4307E-01  1.0414E-01  9.9982E-02  8.8527E-02  2.1135E-01  1.3401E-01  6.8433E-01
 GRADIENT:  -1.1732E+01  4.1522E+03  8.1369E+00 -2.0592E+01 -2.5142E+01  1.9671E+02  1.2101E+01  4.9768E+00 -6.7636E+01  4.4653E+00
            -8.6736E+00  7.5813E+01  6.5282E+01  2.9479E+01  8.1291E+00  1.1084E+00  9.7529E+00

0ITERATION NO.:   23    OBJECTIVE VALUE:  -61172.1044088961        NO. OF FUNC. EVALS.:  19
 CUMULATIVE NO. OF FUNC. EVALS.:      476
 NPARAMETR:  2.2167E+01  1.5180E-01  7.0322E+00  8.7557E+01  9.5288E-01 -2.2777E-02  1.8834E-01 -3.2629E-01  3.4632E-02  1.0359E+00
            -7.9128E-01  1.5687E-01  2.2326E-02  4.1783E-02  9.2539E-03  1.9937E-03  7.4911E-04
 PARAMETER:  9.2315E-02  1.0002E-01  1.0802E-01  9.8229E-02  5.1736E-02 -2.2777E-02  9.4169E-02 -2.8694E-01  3.4632E-02  1.0359E+00
            -7.9128E-01  1.0279E-01  9.9391E-02  9.2568E-02  1.4841E-01  1.3567E-01  4.2553E-01
 GRADIENT:  -2.4932E+01 -5.3797E+03 -5.4079E+00  1.3356E+00  4.0632E+00  1.8859E+02 -6.8032E+00  5.5416E-01 -3.3662E+01 -3.7008E+00
            -2.7231E+00  3.7515E+01 -7.2851E+00  2.7672E+01  2.2386E+00  3.5078E-01  4.8363E+00

0ITERATION NO.:   24    OBJECTIVE VALUE:  -61172.4121526043        NO. OF FUNC. EVALS.:  19
 CUMULATIVE NO. OF FUNC. EVALS.:      495
 NPARAMETR:  2.2201E+01  1.5165E-01  7.1629E+00  8.7528E+01  9.5186E-01 -2.3464E-02  1.8986E-01 -3.2796E-01  3.9495E-02  1.0469E+00
            -7.6714E-01  1.5607E-01  2.2132E-02  4.1467E-02  8.8498E-03  2.0056E-03  6.9363E-04
 PARAMETER:  9.4269E-02  1.0002E-01  1.2783E-01  9.8015E-02  5.0659E-02 -2.3464E-02  9.4930E-02 -3.0048E-01  3.9495E-02  1.0469E+00
            -7.6714E-01  1.0023E-01  9.8781E-02  8.8968E-02  1.2608E-01  1.3957E-01  2.8045E-01
 GRADIENT:  -1.0076E+01 -5.1614E+03 -9.9846E+00 -3.6653E+00  2.2597E-01  8.3576E+01 -1.5809E+01 -3.0174E+00  7.1987E+00 -2.8592E+00
            -1.3354E+00 -1.4487E+01 -3.5526E+01  9.2739E+00 -8.3761E+00  3.8897E+00 -1.6283E+00

0ITERATION NO.:   25    OBJECTIVE VALUE:  -61172.4860252990        NO. OF FUNC. EVALS.:  19
 CUMULATIVE NO. OF FUNC. EVALS.:      514
 NPARAMETR:  2.2208E+01  1.5204E-01  7.2337E+00  8.7518E+01  9.5161E-01 -2.3529E-02  1.9106E-01 -3.2838E-01  4.0314E-02  1.0501E+00
            -7.6406E-01  1.5587E-01  2.2105E-02  4.1327E-02  9.0701E-03  2.0206E-03  6.9384E-04
 PARAMETER:  9.4663E-02  1.0003E-01  1.3843E-01  9.7947E-02  5.0398E-02 -2.3529E-02  9.5528E-02 -3.0392E-01  4.0314E-02  1.0501E+00
            -7.6406E-01  9.9571E-02  9.8724E-02  8.7182E-02  1.3837E-01  1.3889E-01  2.8999E-01
 GRADIENT:  -8.6929E+00 -3.4680E+03 -8.1017E+00 -4.0372E+00 -2.1962E+00  5.3943E+01 -1.4560E+01 -3.1658E+00  1.3882E+01 -2.3843E+00
            -7.4415E-01 -2.2040E+01 -2.6756E+01  4.0636E+00 -7.7765E+00 -4.8090E-01 -1.4652E+00

0ITERATION NO.:   26    OBJECTIVE VALUE:  -61172.5596129854        NO. OF FUNC. EVALS.:  19
 CUMULATIVE NO. OF FUNC. EVALS.:      533
 NPARAMETR:  2.2213E+01  1.5238E-01  7.2924E+00  8.7512E+01  9.5134E-01 -2.3544E-02  1.9354E-01 -3.2735E-01  4.0731E-02  1.0536E+00
            -7.6654E-01  1.5575E-01  2.2059E-02  4.1224E-02  9.3856E-03  2.0949E-03  7.1527E-04
 PARAMETER:  9.4960E-02  1.0004E-01  1.4714E-01  9.7901E-02  5.0121E-02 -2.3544E-02  9.6771E-02 -2.9552E-01  4.0731E-02  1.0536E+00
            -7.6654E-01  9.9212E-02  9.8554E-02  8.5973E-02  1.5547E-01  1.4156E-01  2.9807E-01
 GRADIENT:   3.1171E+01 -1.9309E+03 -5.5903E+00 -3.8179E+00 -4.3849E+00  3.3403E+01 -1.0366E+01 -2.9095E+00  1.7971E+01 -1.7226E+00
            -7.4044E-01 -2.2350E+01 -1.9858E+01  1.6996E+00 -6.5062E+00  5.2398E-01 -1.0132E+00

0ITERATION NO.:   27    OBJECTIVE VALUE:  -61172.6175973068        NO. OF FUNC. EVALS.:  19
 CUMULATIVE NO. OF FUNC. EVALS.:      552
 NPARAMETR:  2.2204E+01  1.5264E-01  7.3364E+00  8.7505E+01  9.5162E-01 -2.3568E-02  1.9546E-01 -3.2605E-01  4.0814E-02  1.0561E+00
            -7.6987E-01  1.5573E-01  2.2019E-02  4.1150E-02  9.6663E-03  2.1480E-03  7.2857E-04
 PARAMETER:  9.4438E-02  1.0005E-01  1.5364E-01  9.7852E-02  5.0408E-02 -2.3568E-02  9.7728E-02 -2.8498E-01  4.0814E-02  1.0561E+00
            -7.6987E-01  9.9121E-02  9.8388E-02  8.5148E-02  1.7020E-01  1.4303E-01  3.0522E-01
 GRADIENT:   2.9916E+01 -6.5058E+02  3.3147E+00  5.0675E+00  2.5106E+00  2.5294E+01  3.1751E+00  9.0820E-01  2.9266E+01 -2.2220E-01
             6.2943E-01 -9.1624E+00 -3.1415E+00  1.1298E+01  1.1479E+00  7.6092E+00  2.8651E+00

0ITERATION NO.:   28    OBJECTIVE VALUE:  -61172.7309182092        NO. OF FUNC. EVALS.:  20
 CUMULATIVE NO. OF FUNC. EVALS.:      572
 NPARAMETR:  2.2189E+01  1.5303E-01  7.3514E+00  8.7487E+01  9.5186E-01 -2.3688E-02  1.9625E-01 -3.2583E-01  3.8686E-02  1.0576E+00
            -7.7680E-01  1.5599E-01  2.2036E-02  4.1026E-02  9.8440E-03  2.1145E-03  6.8901E-04
 PARAMETER:  9.3595E-02  1.0006E-01  1.5585E-01  9.7719E-02  5.0667E-02 -2.3688E-02  9.8126E-02 -2.8321E-01  3.8686E-02  1.0576E+00
            -7.7680E-01  9.9960E-02  9.8377E-02  8.3519E-02  1.7932E-01  1.3952E-01  2.7143E-01
 GRADIENT:   1.0796E+01  8.0195E+02  4.6076E+00  4.6817E+00 -4.1351E+00 -4.1109E+00  8.0055E+00  1.6768E+00  8.3454E+00  3.6641E-01
            -2.9357E-02  5.0923E+00  3.7318E+00  8.2516E+00  3.7103E+00  2.2045E+00  2.9937E+00

0ITERATION NO.:   29    OBJECTIVE VALUE:  -61172.7311693037        NO. OF FUNC. EVALS.:  20
 CUMULATIVE NO. OF FUNC. EVALS.:      592
 NPARAMETR:  2.2188E+01  1.5304E-01  7.3521E+00  8.7485E+01  9.5191E-01 -2.3696E-02  1.9625E-01 -3.2582E-01  3.8594E-02  1.0577E+00
            -7.7690E-01  1.5600E-01  2.2038E-02  4.1016E-02  9.8481E-03  2.1141E-03  6.8656E-04
 PARAMETER:  9.3538E-02  1.0006E-01  1.5594E-01  9.7705E-02  5.0711E-02 -2.3696E-02  9.8124E-02 -2.8312E-01  3.8594E-02  1.0577E+00
            -7.7690E-01  9.9999E-02  9.8386E-02  8.3387E-02  1.7952E-01  1.3946E-01  2.6698E-01
 GRADIENT:   2.0564E+00  8.2739E+02  2.5040E-01 -2.0805E+00 -1.0417E+01 -1.1978E+01  1.5953E+00 -6.4638E-01  5.6726E-01 -2.1847E-01
            -9.0262E-01 -1.1073E+00 -2.6467E+00  1.1440E+00  3.2884E-02 -2.7257E+00  4.0383E-01

0ITERATION NO.:   30    OBJECTIVE VALUE:  -61172.7348535682        NO. OF FUNC. EVALS.:  19
 CUMULATIVE NO. OF FUNC. EVALS.:      611
 NPARAMETR:  2.2188E+01  1.5302E-01  7.3531E+00  8.7484E+01  9.5197E-01 -2.3692E-02  1.9627E-01 -3.2559E-01  3.8645E-02  1.0578E+00
            -7.7656E-01  1.5600E-01  2.2041E-02  4.1008E-02  9.8533E-03  2.1203E-03  6.8750E-04
 PARAMETER:  9.3504E-02  1.0006E-01  1.5609E-01  9.7693E-02  5.0778E-02 -2.3692E-02  9.8133E-02 -2.8120E-01  3.8645E-02  1.0578E+00
            -7.7656E-01  9.9994E-02  9.8398E-02  8.3265E-02  1.7979E-01  1.3983E-01  2.6373E-01
 GRADIENT:   6.7458E+00  7.6896E+02  3.0304E+00  1.9943E+00 -5.4832E+00 -6.3432E+00  5.4890E+00  7.3821E-01  5.7219E+00  1.8630E-01
            -2.2709E-01  3.2448E+00  1.9092E+00  5.1217E+00  2.3608E+00  9.0454E-01  1.9610E+00

0ITERATION NO.:   31    OBJECTIVE VALUE:  -61172.7453638308        NO. OF FUNC. EVALS.:  20
 CUMULATIVE NO. OF FUNC. EVALS.:      631
 NPARAMETR:  2.2184E+01  1.5289E-01  7.3580E+00  8.7474E+01  9.5232E-01 -2.3675E-02  1.9635E-01 -3.2414E-01  3.8923E-02  1.0580E+00
            -7.7478E-01  1.5599E-01  2.2056E-02  4.0961E-02  9.8820E-03  2.1541E-03  6.9200E-04
 PARAMETER:  9.3307E-02  1.0006E-01  1.5681E-01  9.7625E-02  5.1150E-02 -2.3675E-02  9.8173E-02 -2.6951E-01  3.8923E-02  1.0580E+00
            -7.7478E-01  9.9961E-02  9.8467E-02  8.2593E-02  1.8124E-01  1.4186E-01  2.4438E-01
 GRADIENT:   3.8280E+00  4.0678E+02  7.1289E-01 -2.2036E+00 -3.6798E+00 -2.9603E+00  1.6195E+00 -4.9086E-01  4.7930E+00 -1.2798E-01
            -2.7978E-01  6.0840E-01 -1.5408E-01 -6.1266E-01 -1.9152E-02  1.3395E+00  1.3337E-01

0ITERATION NO.:   32    OBJECTIVE VALUE:  -61172.8978812874        NO. OF FUNC. EVALS.:  21
 CUMULATIVE NO. OF FUNC. EVALS.:      652
 NPARAMETR:  2.2170E+01  1.5227E-01  7.2638E+00  8.7458E+01  9.5359E-01 -2.3671E-02  1.9203E-01 -3.1286E-01  3.8981E-02  1.0576E+00
            -7.6967E-01  1.5569E-01  2.2127E-02  4.1015E-02  1.0070E-02  2.1669E-03  6.6124E-04
 PARAMETER:  9.2506E-02  1.0004E-01  1.4291E-01  9.7511E-02  5.2474E-02 -2.3671E-02  9.6014E-02 -1.8044E-01  3.8981E-02  1.0576E+00
            -7.6967E-01  9.9005E-02  9.8877E-02  8.2954E-02  1.9069E-01  1.4136E-01  1.7842E-01
 GRADIENT:   4.1015E+00 -1.3906E+03 -1.3938E+00 -6.9066E-01  1.5726E+01  2.5647E+01 -3.8146E+00  5.1300E-01  8.0400E+00  5.7075E-02
             6.5752E-01 -5.7400E+00  1.5824E+00  1.2529E+00  1.6221E+00 -8.8185E-02 -6.1738E-01

0ITERATION NO.:   33    OBJECTIVE VALUE:  -61172.8984810924        NO. OF FUNC. EVALS.:  20
 CUMULATIVE NO. OF FUNC. EVALS.:      672
 NPARAMETR:  2.2171E+01  1.5230E-01  7.2696E+00  8.7460E+01  9.5351E-01 -2.3672E-02  1.9227E-01 -3.1351E-01  3.8945E-02  1.0577E+00
            -7.6992E-01  1.5571E-01  2.2122E-02  4.1012E-02  1.0053E-02  2.1648E-03  6.6280E-04
 PARAMETER:  9.2548E-02  1.0004E-01  1.4377E-01  9.7521E-02  5.2390E-02 -2.3672E-02  9.6133E-02 -1.8548E-01  3.8945E-02  1.0577E+00
            -7.6992E-01  9.9083E-02  9.8849E-02  8.2937E-02  1.8982E-01  1.4135E-01  1.8267E-01
 GRADIENT:   2.9689E+00 -1.2810E+03 -1.7241E+00 -1.6885E+00  1.3366E+01  2.2942E+01 -4.4239E+00 -1.4341E-02  6.7271E+00 -3.0818E-02
             5.3255E-01 -5.9872E+00  6.9099E-01  3.7440E-01  1.0291E+00 -4.7821E-01 -9.6896E-01

0ITERATION NO.:   34    OBJECTIVE VALUE:  -61172.9373472985        NO. OF FUNC. EVALS.:  21
 CUMULATIVE NO. OF FUNC. EVALS.:      693
 NPARAMETR:  2.2176E+01  1.5255E-01  7.2931E+00  8.7469E+01  9.5279E-01 -2.3706E-02  1.9389E-01 -3.1623E-01  3.8544E-02  1.0567E+00
            -7.7361E-01  1.5595E-01  2.2092E-02  4.0991E-02  9.8382E-03  2.1249E-03  6.6902E-04
 PARAMETER:  9.2832E-02  1.0005E-01  1.4725E-01  9.7585E-02  5.1643E-02 -2.3706E-02  9.6945E-02 -2.0672E-01  3.8544E-02  1.0567E+00
            -7.7361E-01  9.9836E-02  9.8643E-02  8.2832E-02  1.7902E-01  1.4025E-01  2.1571E-01
 GRADIENT:  -3.9228E-01 -4.4144E+02 -8.0855E-01 -1.3321E+00  1.5171E+00  6.6423E+00 -1.0806E+00  3.0195E-01  2.5451E+00 -1.9225E-01
            -2.4247E-01 -8.7797E-01 -2.3793E+00  2.1965E-02  5.6224E-01  8.2544E-02 -1.2607E-01

0ITERATION NO.:   35    OBJECTIVE VALUE:  -61172.9373472985        NO. OF FUNC. EVALS.:  39
 CUMULATIVE NO. OF FUNC. EVALS.:      732
 NPARAMETR:  2.2176E+01  1.5255E-01  7.2931E+00  8.7469E+01  9.5279E-01 -2.3706E-02  1.9389E-01 -3.1623E-01  3.8544E-02  1.0567E+00
            -7.7361E-01  1.5595E-01  2.2092E-02  4.0991E-02  9.8382E-03  2.1249E-03  6.6902E-04
 PARAMETER:  9.2832E-02  1.0005E-01  1.4725E-01  9.7585E-02  5.1643E-02 -2.3706E-02  9.6945E-02 -2.0672E-01  3.8544E-02  1.0567E+00
            -7.7361E-01  9.9836E-02  9.8643E-02  8.2832E-02  1.7902E-01  1.4025E-01  2.1571E-01
 GRADIENT:  -3.1189E+01 -2.1901E+03  6.7997E+00 -3.0621E+01 -1.2868E+01  3.9358E+01 -3.0447E+00 -1.6922E+00  7.9668E+00 -6.4427E-01
             2.6200E+00 -3.6617E+00 -2.6982E+00  3.6996E+00 -6.3615E-01 -3.4712E-01 -1.6084E+00

0ITERATION NO.:   36    OBJECTIVE VALUE:  -61173.1704110384        NO. OF FUNC. EVALS.:  38
 CUMULATIVE NO. OF FUNC. EVALS.:      770
 NPARAMETR:  2.2185E+01  1.5330E-01  7.1043E+00  8.7525E+01  9.5285E-01 -2.3788E-02  1.9422E-01 -3.1692E-01  3.8285E-02  1.0616E+00
            -7.8454E-01  1.5581E-01  2.2232E-02  4.1149E-02  1.0019E-02  2.2081E-03  7.0931E-04
 PARAMETER:  9.3360E-02  1.0007E-01  1.1899E-01  9.7998E-02  5.1701E-02 -2.3788E-02  9.7111E-02 -2.1217E-01  3.8285E-02  1.0616E+00
            -7.8454E-01  9.9406E-02  9.9307E-02  8.4365E-02  1.8813E-01  1.4441E-01  2.4486E-01
 GRADIENT:  -1.3157E+01 -4.4796E+02  3.7735E+00 -1.0192E+01 -2.2336E+00  1.1174E+01 -1.5907E+00 -1.4936E+00  5.0132E+00  2.8523E-01
             9.8964E-01 -5.3468E+00  2.2648E+00  1.5010E+00 -8.6062E-01  2.5759E+00 -7.8670E-01

0ITERATION NO.:   37    OBJECTIVE VALUE:  -61173.2884108517        NO. OF FUNC. EVALS.:  36
 CUMULATIVE NO. OF FUNC. EVALS.:      806
 NPARAMETR:  2.2195E+01  1.5367E-01  6.9041E+00  8.7564E+01  9.5270E-01 -2.3823E-02  1.9386E-01 -3.1325E-01  3.8211E-02  1.0591E+00
            -7.9072E-01  1.5576E-01  2.2380E-02  4.1297E-02  1.0287E-02  2.2713E-03  7.2485E-04
 PARAMETER:  9.3910E-02  1.0008E-01  8.8257E-02  9.8279E-02  5.1546E-02 -2.3823E-02  9.6931E-02 -1.8346E-01  3.8211E-02  1.0591E+00
            -7.9072E-01  9.9234E-02  9.9988E-02  8.5735E-02  2.0132E-01  1.4660E-01  2.4642E-01
 GRADIENT:   2.4870E+00  2.8936E+01 -5.6049E-01  4.3815E+00  4.7984E+00  5.1167E+00 -2.1586E+00 -1.1003E+00  4.3654E+00 -4.8164E-02
             2.4547E-01 -5.9353E-01  2.8279E+00 -1.2658E+00 -4.6658E-02  1.9864E+00 -7.4767E-01

0ITERATION NO.:   38    OBJECTIVE VALUE:  -61173.3368540325        NO. OF FUNC. EVALS.:  36
 CUMULATIVE NO. OF FUNC. EVALS.:      842
 NPARAMETR:  2.2199E+01  1.5358E-01  6.8762E+00  8.7546E+01  9.5212E-01 -2.3861E-02  1.9431E-01 -3.1085E-01  3.7624E-02  1.0575E+00
            -7.9339E-01  1.5589E-01  2.2367E-02  4.1318E-02  1.0118E-02  2.2096E-03  7.1155E-04
 PARAMETER:  9.4147E-02  1.0008E-01  8.3905E-02  9.8145E-02  5.0937E-02 -2.3861E-02  9.7156E-02 -1.6485E-01  3.7624E-02  1.0575E+00
            -7.9339E-01  9.9639E-02  9.9887E-02  8.6099E-02  1.9302E-01  1.4381E-01  2.5889E-01
 GRADIENT:   2.1399E+00 -1.0832E+02 -1.4418E+00 -2.7128E+00 -4.1693E+00  1.1830E+00 -1.6757E+00 -8.5724E-01 -1.7309E+00 -2.9779E-01
            -5.1547E-01  9.7604E-01 -5.2521E+00 -9.8358E-01 -2.8250E-01 -6.3638E-01 -3.7005E-01

0ITERATION NO.:   39    OBJECTIVE VALUE:  -61173.4360701410        NO. OF FUNC. EVALS.:  37
 CUMULATIVE NO. OF FUNC. EVALS.:      879
 NPARAMETR:  2.2185E+01  1.5311E-01  6.9130E+00  8.7531E+01  9.5259E-01 -2.3983E-02  1.9496E-01 -3.0170E-01  3.7187E-02  1.0571E+00
            -7.8950E-01  1.5598E-01  2.2338E-02  4.1268E-02  9.7686E-03  2.1090E-03  6.6858E-04
 PARAMETER:  9.3324E-02  1.0006E-01  8.9640E-02  9.8039E-02  5.1433E-02 -2.3983E-02  9.7481E-02 -9.5100E-02  3.7187E-02  1.0571E+00
            -7.8950E-01  9.9933E-02  9.9730E-02  8.5576E-02  1.7547E-01  1.3969E-01  2.2326E-01
 GRADIENT:  -1.2919E+01 -5.2251E+02 -8.1758E-01 -6.2839E+00 -6.0354E+00 -9.9512E+00 -1.6212E+00  3.0606E-01 -6.1883E+00 -2.6788E-01
            -5.0556E-01 -3.6923E+00 -9.0535E+00 -3.5696E-01 -1.1038E+00 -2.5210E+00 -1.2644E+00

0ITERATION NO.:   40    OBJECTIVE VALUE:  -61173.4363545623        NO. OF FUNC. EVALS.:  40
 CUMULATIVE NO. OF FUNC. EVALS.:      919
 NPARAMETR:  2.2185E+01  1.5311E-01  6.9130E+00  8.7531E+01  9.5259E-01 -2.3983E-02  1.9496E-01 -3.0171E-01  3.7188E-02  1.0571E+00
            -7.8950E-01  1.5598E-01  2.2338E-02  4.1268E-02  9.7688E-03  2.1091E-03  6.6861E-04
 PARAMETER:  9.3325E-02  1.0006E-01  8.9637E-02  9.8039E-02  5.1433E-02 -2.3983E-02  9.7481E-02 -9.5162E-02  3.7188E-02  1.0571E+00
            -7.8950E-01  9.9933E-02  9.9730E-02  8.5576E-02  1.7548E-01  1.3969E-01  2.2329E-01
 GRADIENT:  -1.2899E+01 -5.2203E+02 -8.2282E-01 -6.2836E+00 -6.0272E+00 -9.9427E+00 -1.6327E+00  3.2267E-01 -6.1599E+00 -2.6904E-01
            -5.0777E-01 -3.6890E+00 -9.0419E+00 -3.5810E-01 -1.1096E+00 -2.5152E+00 -1.2636E+00

0ITERATION NO.:   41    OBJECTIVE VALUE:  -61173.4363822315        NO. OF FUNC. EVALS.:  38
 CUMULATIVE NO. OF FUNC. EVALS.:      957
 NPARAMETR:  2.2185E+01  1.5311E-01  6.9130E+00  8.7531E+01  9.5259E-01 -2.3982E-02  1.9496E-01 -3.0173E-01  3.7189E-02  1.0571E+00
            -7.8950E-01  1.5598E-01  2.2338E-02  4.1269E-02  9.7693E-03  2.1092E-03  6.6868E-04
 PARAMETER:  9.3326E-02  1.0006E-01  8.9631E-02  9.8040E-02  5.1432E-02 -2.3982E-02  9.7481E-02 -9.5287E-02  3.7189E-02  1.0571E+00
            -7.8950E-01  9.9932E-02  9.9731E-02  8.5576E-02  1.7550E-01  1.3970E-01  2.2336E-01
 GRADIENT:  -1.2876E+01 -5.2104E+02 -8.2602E-01 -6.2704E+00 -6.0229E+00 -9.9229E+00 -1.6242E+00  2.9834E-01 -6.1443E+00 -2.6767E-01
            -5.0706E-01 -3.6840E+00 -9.0291E+00 -3.6010E-01 -1.1044E+00 -2.5183E+00 -1.2603E+00

0ITERATION NO.:   42    OBJECTIVE VALUE:  -61173.4365821731        NO. OF FUNC. EVALS.:  36
 CUMULATIVE NO. OF FUNC. EVALS.:      993
 NPARAMETR:  2.2185E+01  1.5312E-01  6.9113E+00  8.7532E+01  9.5259E-01 -2.3980E-02  1.9494E-01 -3.0176E-01  3.7197E-02  1.0570E+00
            -7.8950E-01  1.5598E-01  2.2341E-02  4.1269E-02  9.7687E-03  2.1095E-03  6.6908E-04
 PARAMETER:  9.3340E-02  1.0006E-01  8.9375E-02  9.8043E-02  5.1426E-02 -2.3980E-02  9.7468E-02 -9.5551E-02  3.7197E-02  1.0570E+00
            -7.8950E-01  9.9941E-02  9.9743E-02  8.5576E-02  1.7548E-01  1.3972E-01  2.2397E-01
 GRADIENT:  -1.2538E+01 -5.0763E+02 -8.5907E-01 -6.0955E+00 -5.9049E+00 -9.7142E+00 -1.6567E+00  3.1737E-01 -6.0709E+00 -2.7610E-01
            -5.0488E-01 -3.5400E+00 -8.8419E+00 -4.4951E-01 -1.1038E+00 -2.4814E+00 -1.2440E+00

0ITERATION NO.:   43    OBJECTIVE VALUE:  -61173.4371801091        NO. OF FUNC. EVALS.:  36
 CUMULATIVE NO. OF FUNC. EVALS.:     1029
 NPARAMETR:  2.2185E+01  1.5314E-01  6.9086E+00  8.7533E+01  9.5257E-01 -2.3972E-02  1.9488E-01 -3.0194E-01  3.7229E-02  1.0570E+00
            -7.8944E-01  1.5599E-01  2.2348E-02  4.1271E-02  9.7653E-03  2.1099E-03  6.7021E-04
 PARAMETER:  9.3379E-02  1.0006E-01  8.8949E-02  9.8052E-02  5.1413E-02 -2.3972E-02  9.7442E-02 -9.6909E-02  3.7229E-02  1.0570E+00
            -7.8944E-01  9.9959E-02  9.9773E-02  8.5578E-02  1.7530E-01  1.3978E-01  2.2580E-01
 GRADIENT:  -1.1610E+01 -4.6327E+02 -8.9929E-01 -5.6789E+00 -5.5385E+00 -9.1259E+00 -1.6840E+00  3.2303E-01 -5.7301E+00 -2.8566E-01
            -4.9516E-01 -3.2721E+00 -8.2481E+00 -6.0089E-01 -1.1159E+00 -2.3802E+00 -1.1894E+00

0ITERATION NO.:   44    OBJECTIVE VALUE:  -61173.4372257309        NO. OF FUNC. EVALS.:  37
 CUMULATIVE NO. OF FUNC. EVALS.:     1066
 NPARAMETR:  2.2186E+01  1.5315E-01  6.9081E+00  8.7533E+01  9.5257E-01 -2.3971E-02  1.9487E-01 -3.0198E-01  3.7236E-02  1.0570E+00
            -7.8942E-01  1.5599E-01  2.2349E-02  4.1272E-02  9.7653E-03  2.1102E-03  6.7047E-04
 PARAMETER:  9.3387E-02  1.0006E-01  8.8877E-02  9.8053E-02  5.1410E-02 -2.3971E-02  9.7436E-02 -9.7227E-02  3.7236E-02  1.0570E+00
            -7.8942E-01  9.9960E-02  9.9778E-02  8.5579E-02  1.7530E-01  1.3979E-01  2.2612E-01
 GRADIENT:  -1.1435E+01 -4.5452E+02 -9.0616E-01 -5.6061E+00 -5.4714E+00 -9.0231E+00 -1.6991E+00  3.3312E-01 -5.6674E+00 -2.8514E-01
            -4.9105E-01 -3.2451E+00 -8.1280E+00 -6.2133E-01 -1.1201E+00 -2.3600E+00 -1.1825E+00

0ITERATION NO.:   45    OBJECTIVE VALUE:  -61173.4375067473        NO. OF FUNC. EVALS.:  38
 CUMULATIVE NO. OF FUNC. EVALS.:     1104
 NPARAMETR:  2.2186E+01  1.5315E-01  6.9079E+00  8.7533E+01  9.5257E-01 -2.3970E-02  1.9487E-01 -3.0201E-01  3.7239E-02  1.0570E+00
            -7.8942E-01  1.5599E-01  2.2350E-02  4.1272E-02  9.7654E-03  2.1104E-03  6.7063E-04
 PARAMETER:  9.3391E-02  1.0006E-01  8.8844E-02  9.8054E-02  5.1409E-02 -2.3970E-02  9.7434E-02 -9.7465E-02  3.7239E-02  1.0570E+00
            -7.8942E-01  9.9960E-02  9.9781E-02  8.5579E-02  1.7531E-01  1.3980E-01  2.2633E-01
 GRADIENT:  -1.1333E+01 -4.4934E+02 -9.0919E-01 -5.5550E+00 -5.4250E+00 -8.9438E+00 -1.7052E+00  3.2247E-01 -5.6332E+00 -2.8657E-01
            -4.9004E-01 -3.2225E+00 -8.0641E+00 -6.4286E-01 -1.1219E+00 -2.3449E+00 -1.1752E+00

0ITERATION NO.:   46    OBJECTIVE VALUE:  -61173.4376296346        NO. OF FUNC. EVALS.:  39
 CUMULATIVE NO. OF FUNC. EVALS.:     1143
 NPARAMETR:  2.2186E+01  1.5315E-01  6.9079E+00  8.7533E+01  9.5257E-01 -2.3969E-02  1.9487E-01 -3.0202E-01  3.7240E-02  1.0570E+00
            -7.8942E-01  1.5599E-01  2.2350E-02  4.1272E-02  9.7655E-03  2.1104E-03  6.7065E-04
 PARAMETER:  9.3392E-02  1.0006E-01  8.8838E-02  9.8055E-02  5.1409E-02 -2.3969E-02  9.7433E-02 -9.7496E-02  3.7240E-02  1.0570E+00
            -7.8942E-01  9.9960E-02  9.9781E-02  8.5579E-02  1.7531E-01  1.3981E-01  2.2635E-01
 GRADIENT:  -1.1308E+01 -4.4858E+02 -9.0673E-01 -5.5538E+00 -5.4183E+00 -8.9361E+00 -1.7029E+00  3.1783E-01 -5.6147E+00 -2.8587E-01
            -4.9070E-01 -3.2179E+00 -8.0564E+00 -6.4149E-01 -1.1185E+00 -2.3443E+00 -1.1719E+00

0ITERATION NO.:   47    OBJECTIVE VALUE:  -61173.4376296346        NO. OF FUNC. EVALS.:   4
 CUMULATIVE NO. OF FUNC. EVALS.:     1147
 NPARAMETR:  2.2186E+01  1.5315E-01  6.9078E+00  8.7533E+01  9.5257E-01 -2.3969E-02  1.9487E-01 -3.0202E-01  3.7240E-02  1.0570E+00
            -7.8941E-01  1.5599E-01  2.2350E-02  4.1272E-02  9.7657E-03  2.1105E-03  6.7069E-04
 PARAMETER:  9.3392E-02  1.0006E-01  8.8838E-02  9.8055E-02  5.1409E-02 -2.3969E-02  9.7433E-02 -9.7496E-02  3.7240E-02  1.0570E+00
            -7.8942E-01  9.9960E-02  9.9781E-02  8.5579E-02  1.7531E-01  1.3981E-01  2.2635E-01
 GRADIENT:  -6.5840E+00 -4.4858E+02 -9.0673E-01 -5.5538E+00 -5.4183E+00 -8.9361E+00 -9.7353E-01  3.1783E-01 -3.5448E+00 -2.8587E-01
            -2.5215E-01 -3.2179E+00 -8.0564E+00 -6.4149E-01 -1.1185E+00 -1.3636E+00 -6.9520E-01

 #TERM:
0MINIMIZATION SUCCESSFUL
 HOWEVER, PROBLEMS OCCURRED WITH THE MINIMIZATION.
 REGARD THE RESULTS OF THE ESTIMATION STEP CAREFULLY, AND ACCEPT THEM ONLY
 AFTER CHECKING THAT THE COVARIANCE STEP PRODUCES REASONABLE OUTPUT.
 NO. OF FUNCTION EVALUATIONS USED:     1147
 NO. OF SIG. DIGITS IN FINAL EST.:  2.4

 ETABAR IS THE ARITHMETIC MEAN OF THE ETA-ESTIMATES,
 AND THE P-VALUE IS GIVEN FOR THE NULL HYPOTHESIS THAT THE TRUE MEAN IS 0.

 ETABAR:         1.0043E-02  1.4650E-03 -1.4995E-15  1.8388E-06
 SE:             5.7310E-03  2.2035E-03  2.0751E-02  4.8614E-03
 N:                    4494        4494          15          15

 P VAL.:         7.9700E-02  5.0615E-01  1.0000E+00  9.9970E-01

 ETAshrink(%):   2.5615E+00  2.7168E+01  1.5818E+01  2.4744E+01
 EBVshrink(%):   2.7022E+00  2.7023E+01  0.0000E+00  0.0000E+00
 EPSshrink(%):   1.0000E+02

 #TERE:
 Elapsed estimation time in seconds:  5685.42
 Elapsed covariance time in seconds:  3297.18
 SKIPPING EXECUTION OF SLOW FNLMOD/FNLETA BY USER REQUEST
1
 
 
 
 
 
 
 
 
 
 
 
 
 
 
 
 
 
 
 
 
 ************************************************************************************************************************
 ********************                                                                                ********************
 ********************                         LAPLACIAN CONDITIONAL ESTIMATION                       ********************
 #OBJT:**************                       MINIMUM VALUE OF OBJECTIVE FUNCTION                      ********************
 ********************                                                                                ********************
 ************************************************************************************************************************
 





 #OBJV:********************************************   -61173.438       **************************************************
1
 ************************************************************************************************************************
 ********************                                                                                ********************
 ********************                         LAPLACIAN CONDITIONAL ESTIMATION                       ********************
 ********************                             FINAL PARAMETER ESTIMATE                           ********************
 ********************                                                                                ********************
 ************************************************************************************************************************
 


 THETA - VECTOR OF FIXED EFFECTS PARAMETERS   *********


         TH 1      TH 2      TH 3      TH 4      TH 5      TH 6      TH 7      TH 8      TH 9      TH10      TH11     
 
         2.22E+01  1.53E-01  6.91E+00  8.75E+01  9.53E-01 -2.40E-02  1.95E-01 -3.02E-01  3.72E-02  1.06E+00 -7.89E-01
 


 OMEGA - COV MATRIX FOR RANDOM EFFECTS - ETAS  ********


            ETA1      ETA2      ETA3      ETA4   
 
 ETA1
+        1.56E-01
 
 ETA2
+        2.24E-02  4.13E-02
 
 ETA3
+        0.00E+00  0.00E+00  9.77E-03
 
 ETA4
+        0.00E+00  0.00E+00  2.11E-03  6.71E-04
 
1


 OMEGA - CORR MATRIX FOR RANDOM EFFECTS - ETAS  *******


            ETA1      ETA2      ETA3      ETA4   
 
 ETA1
+        3.95E-01
 
 ETA2
+        2.79E-01  2.03E-01
 
 ETA3
+        0.00E+00  0.00E+00  9.88E-02
 
 ETA4
+        0.00E+00  0.00E+00  8.25E-01  2.59E-02
 
1
 ************************************************************************************************************************
 ********************                                                                                ********************
 ********************                         LAPLACIAN CONDITIONAL ESTIMATION                       ********************
 ********************                            STANDARD ERROR OF ESTIMATE                          ********************
 ********************                                                                                ********************
 ************************************************************************************************************************
 


 THETA - VECTOR OF FIXED EFFECTS PARAMETERS   *********


         TH 1      TH 2      TH 3      TH 4      TH 5      TH 6      TH 7      TH 8      TH 9      TH10      TH11     
 
         1.81E-01  4.95E-03  2.53E-01  9.40E-01  1.13E-02  3.82E-03  5.49E-02  1.26E-02  1.36E-02  1.12E-01  8.75E-02
 


 OMEGA - COV MATRIX FOR RANDOM EFFECTS - ETAS  ********


            ETA1      ETA2      ETA3      ETA4   
 
 ETA1
+        3.56E-03
 
 ETA2
+        1.83E-03  1.66E-03
 
 ETA3
+       ......... .........  2.31E-03
 
 ETA4
+       ......... .........  8.07E-04  2.95E-04
 
1


 OMEGA - CORR MATRIX FOR RANDOM EFFECTS - ETAS  *******


            ETA1      ETA2      ETA3      ETA4   
 
 ETA1
+        4.51E-03
 
 ETA2
+        2.21E-02  4.09E-03
 
 ETA3
+       ......... .........  1.17E-02
 
 ETA4
+       ......... .........  6.36E-02  5.69E-03
 
1
 ************************************************************************************************************************
 ********************                                                                                ********************
 ********************                         LAPLACIAN CONDITIONAL ESTIMATION                       ********************
 ********************                          COVARIANCE MATRIX OF ESTIMATE                         ********************
 ********************                                                                                ********************
 ************************************************************************************************************************
 

            TH 1      TH 2      TH 3      TH 4      TH 5      TH 6      TH 7      TH 8      TH 9      TH10      TH11      OM11  
             OM12      OM13      OM14      OM22      OM23      OM24      OM33      OM34      OM44  
 
 TH 1
+        3.27E-02
 
 TH 2
+        4.64E-05  2.45E-05
 
 TH 3
+       -6.57E-03 -1.23E-04  6.41E-02
 
 TH 4
+       -6.60E-03  5.34E-05 -2.25E-03  8.83E-01
 
 TH 5
+       -1.34E-03 -6.59E-07  2.81E-04  1.50E-04  1.28E-04
 
 TH 6
+       -1.82E-06  5.74E-06  4.13E-07 -6.18E-06 -3.60E-08  1.46E-05
 
 TH 7
+       -6.53E-04 -3.48E-05  1.96E-03 -2.24E-04  1.70E-05  6.20E-06  3.02E-03
 
 TH 8
+       -2.20E-04 -2.68E-06  3.00E-04 -7.36E-04  3.76E-06 -6.26E-07 -1.76E-05  1.60E-04
 
 TH 9
+       -3.46E-05  1.40E-06 -1.33E-04  1.59E-04  1.23E-06  4.02E-07  2.03E-05 -3.88E-05  1.85E-04
 
 TH10
+       -7.25E-04 -1.57E-05  3.39E-03 -1.09E-02  1.17E-05 -5.11E-06  3.39E-04  2.00E-04 -3.54E-05  1.25E-02
 
 TH11
+        8.98E-04 -5.78E-07 -6.06E-04 -3.32E-04 -5.49E-05 -9.18E-07 -7.56E-05 -1.05E-04  2.36E-05  8.35E-04  7.65E-03
 
 OM11
+       -5.78E-05  9.89E-07  6.70E-05  9.96E-05  5.58E-07  2.08E-08  2.53E-06  6.52E-06 -1.22E-06  1.61E-05 -1.92E-05  1.27E-05
 
 OM12
+        2.14E-05 -1.11E-06 -6.43E-05 -5.16E-05 -8.92E-07 -2.30E-07 -1.60E-06 -2.54E-06  6.00E-07 -8.60E-06  1.49E-06  2.03E-07
          3.35E-06
 
 OM13
+       ......... ......... ......... ......... ......... ......... ......... ......... ......... ......... ......... .........
         ......... .........
 
 OM14
+       ......... ......... ......... ......... ......... ......... ......... ......... ......... ......... ......... .........
         ......... ......... .........
 
 OM22
+        2.93E-06 -4.52E-07 -7.77E-05  2.56E-04 -3.84E-07 -7.35E-08 -2.93E-06 -5.71E-06  1.83E-06 -1.16E-05  7.06E-06 -5.46E-07
          7.99E-07 ......... .........  2.76E-06
 
 OM23
+       ......... ......... ......... ......... ......... ......... ......... ......... ......... ......... ......... .........
         ......... ......... ......... ......... .........
 
 OM24
+       ......... ......... ......... ......... ......... ......... ......... ......... ......... ......... ......... .........
         ......... ......... ......... ......... ......... .........
 
 OM33
+        1.54E-05  4.44E-07 -7.20E-05  1.16E-04 -8.71E-07  8.51E-08 -1.20E-05 -2.25E-05  7.61E-06 -4.68E-05  1.76E-05 -1.14E-06
          3.63E-07 ......... .........  1.01E-06 ......... .........  5.35E-06
 
1

            TH 1      TH 2      TH 3      TH 4      TH 5      TH 6      TH 7      TH 8      TH 9      TH10      TH11      OM11  
             OM12      OM13      OM14      OM22      OM23      OM24      OM33      OM34      OM44  
 
 OM34
+        7.15E-06  1.83E-07 -2.61E-05  3.79E-05 -3.39E-07  3.60E-08 -4.53E-06 -7.86E-06  2.56E-06 -1.58E-05  6.06E-06 -4.76E-07
          2.34E-07 ......... .........  3.88E-07 ......... .........  1.64E-06  6.51E-07
 
 OM44
+        2.77E-06  5.97E-08 -9.53E-06  1.48E-05 -1.22E-07  1.50E-08 -1.69E-06 -2.82E-06  9.06E-07 -5.60E-06  2.24E-06 -1.74E-07
          9.05E-08 ......... .........  1.45E-07 ......... .........  5.46E-07  2.33E-07  8.68E-08
 
1
 ************************************************************************************************************************
 ********************                                                                                ********************
 ********************                         LAPLACIAN CONDITIONAL ESTIMATION                       ********************
 ********************                          CORRELATION MATRIX OF ESTIMATE                        ********************
 ********************                                                                                ********************
 ************************************************************************************************************************
 

            TH 1      TH 2      TH 3      TH 4      TH 5      TH 6      TH 7      TH 8      TH 9      TH10      TH11      OM11  
             OM12      OM13      OM14      OM22      OM23      OM24      OM33      OM34      OM44  
 
 TH 1
+        1.81E-01
 
 TH 2
+        5.19E-02  4.95E-03
 
 TH 3
+       -1.44E-01 -9.82E-02  2.53E-01
 
 TH 4
+       -3.88E-02  1.15E-02 -9.46E-03  9.40E-01
 
 TH 5
+       -6.54E-01 -1.18E-02  9.81E-02  1.41E-02  1.13E-02
 
 TH 6
+       -2.63E-03  3.04E-01  4.27E-04 -1.72E-03 -8.34E-04  3.82E-03
 
 TH 7
+       -6.57E-02 -1.28E-01  1.41E-01 -4.33E-03  2.74E-02  2.95E-02  5.49E-02
 
 TH 8
+       -9.61E-02 -4.29E-02  9.38E-02 -6.20E-02  2.63E-02 -1.30E-02 -2.54E-02  1.26E-02
 
 TH 9
+       -1.41E-02  2.09E-02 -3.87E-02  1.25E-02  8.00E-03  7.74E-03  2.73E-02 -2.26E-01  1.36E-02
 
 TH10
+       -3.59E-02 -2.84E-02  1.20E-01 -1.04E-01  9.27E-03 -1.20E-02  5.53E-02  1.42E-01 -2.33E-02  1.12E-01
 
 TH11
+        5.68E-02 -1.34E-03 -2.74E-02 -4.04E-03 -5.55E-02 -2.75E-03 -1.57E-02 -9.48E-02  1.98E-02  8.55E-02  8.75E-02
 
 OM11
+       -8.96E-02  5.61E-02  7.43E-02  2.98E-02  1.38E-02  1.53E-03  1.29E-02  1.45E-01 -2.52E-02  4.05E-02 -6.15E-02  3.56E-03
 
 OM12
+        6.48E-02 -1.22E-01 -1.39E-01 -3.00E-02 -4.31E-02 -3.29E-02 -1.59E-02 -1.10E-01  2.41E-02 -4.21E-02  9.31E-03  3.12E-02
          1.83E-03
 
 OM13
+       ......... ......... ......... ......... ......... ......... ......... ......... ......... ......... ......... .........
         ......... .........
 
 OM14
+       ......... ......... ......... ......... ......... ......... ......... ......... ......... ......... ......... .........
         ......... ......... .........
 
 OM22
+        9.74E-03 -5.50E-02 -1.85E-01  1.64E-01 -2.04E-02 -1.16E-02 -3.21E-02 -2.72E-01  8.11E-02 -6.24E-02  4.86E-02 -9.23E-02
          2.63E-01 ......... .........  1.66E-03
 
 OM23
+       ......... ......... ......... ......... ......... ......... ......... ......... ......... ......... ......... .........
         ......... ......... ......... ......... .........
 
 OM24
+       ......... ......... ......... ......... ......... ......... ......... ......... ......... ......... ......... .........
         ......... ......... ......... ......... ......... .........
 
 OM33
+        3.68E-02  3.88E-02 -1.23E-01  5.31E-02 -3.33E-02  9.63E-03 -9.42E-02 -7.68E-01  2.42E-01 -1.81E-01  8.70E-02 -1.39E-01
          8.59E-02 ......... .........  2.64E-01 ......... .........  2.31E-03
 
1

            TH 1      TH 2      TH 3      TH 4      TH 5      TH 6      TH 7      TH 8      TH 9      TH10      TH11      OM11  
             OM12      OM13      OM14      OM22      OM23      OM24      OM33      OM34      OM44  
 
 OM34
+        4.90E-02  4.60E-02 -1.28E-01  5.00E-02 -3.72E-02  1.17E-02 -1.02E-01 -7.71E-01  2.34E-01 -1.76E-01  8.58E-02 -1.66E-01
          1.59E-01 ......... .........  2.89E-01 ......... .........  8.78E-01  8.07E-04
 
 OM44
+        5.20E-02  4.10E-02 -1.28E-01  5.33E-02 -3.67E-02  1.33E-02 -1.04E-01 -7.58E-01  2.26E-01 -1.70E-01  8.70E-02 -1.66E-01
          1.68E-01 ......... .........  2.97E-01 ......... .........  8.00E-01  9.80E-01  2.95E-04
 
1
 ************************************************************************************************************************
 ********************                                                                                ********************
 ********************                         LAPLACIAN CONDITIONAL ESTIMATION                       ********************
 ********************                      INVERSE COVARIANCE MATRIX OF ESTIMATE                     ********************
 ********************                                                                                ********************
 ************************************************************************************************************************
 

            TH 1      TH 2      TH 3      TH 4      TH 5      TH 6      TH 7      TH 8      TH 9      TH10      TH11      OM11  
             OM12      OM13      OM14      OM22      OM23      OM24      OM33      OM34      OM44  
 
 TH 1
+        5.65E+01
 
 TH 2
+       -8.26E+01  4.81E+04
 
 TH 3
+        2.63E+00  9.67E+01  1.74E+01
 
 TH 4
+        2.91E-01 -2.90E+00 -8.31E-02  1.19E+00
 
 TH 5
+        5.81E+02 -7.72E+02 -4.96E+00  1.74E+00  1.39E+04
 
 TH 6
+        3.62E+01 -1.88E+04 -3.07E+01  2.29E+00  3.90E+02  7.60E+04
 
 TH 7
+        9.81E+00  5.62E+02 -7.87E+00  1.77E-02  8.42E+01 -3.75E+02  3.64E+02
 
 TH 8
+        1.59E+02  1.61E+03  1.79E+01  3.24E+00  1.66E+03 -6.44E+02  5.46E+02  1.99E+04
 
 TH 9
+        1.20E+01 -2.75E+02  5.45E+00  3.78E-01  7.06E+00  4.65E+01 -7.14E+01  3.57E+02  5.82E+03
 
 TH10
+        2.00E+00  1.43E+01 -3.51E+00  9.98E-01  2.15E+01  2.19E+01 -3.32E+00  1.71E+01 -1.64E+01  8.60E+01
 
 TH11
+       -1.57E+00  6.31E+00  6.49E-01  4.47E-03  3.63E+01  5.17E+00  2.25E+00  4.12E+01  4.94E+00 -1.15E+01  1.34E+02
 
 OM11
+        2.17E+02 -5.40E+03 -6.35E+01 -1.52E+01  2.17E+03  1.68E+03  1.63E+01 -7.79E+02 -2.76E+02 -4.32E+01  1.47E+02  8.37E+04
 
 OM12
+       -2.15E+02  1.74E+04  2.45E+02  4.77E+01 -7.37E+02 -1.72E+03  4.85E+01  1.16E+03  2.16E+02  1.06E+02  3.55E+01 -1.65E+04
          3.44E+05
 
 OM13
+       ......... ......... ......... ......... ......... ......... ......... ......... ......... ......... ......... .........
         ......... .........
 
 OM14
+       ......... ......... ......... ......... ......... ......... ......... ......... ......... ......... ......... .........
         ......... ......... .........
 
 OM22
+        2.18E+02  7.17E+03  3.78E+02 -1.23E+02  1.71E+03 -1.32E+03  2.23E+01  4.70E+03 -3.53E+02 -1.37E+02 -1.24E+02  1.18E+04
         -8.85E+04 ......... .........  4.48E+05
 
 OM23
+       ......... ......... ......... ......... ......... ......... ......... ......... ......... ......... ......... .........
         ......... ......... ......... ......... .........
 
 OM24
+       ......... ......... ......... ......... ......... ......... ......... ......... ......... ......... ......... .........
         ......... ......... ......... ......... ......... .........
 
 OM33
+        5.94E+02  1.79E+04  2.33E+02 -7.93E+00  6.47E+03 -8.04E+03  2.86E+03  7.71E+04 -6.99E+03  8.03E+02 -5.07E+02 -1.06E+04
          9.15E+04 ......... ......... -5.85E+04 ......... .........  1.72E+06
 
1

            TH 1      TH 2      TH 3      TH 4      TH 5      TH 6      TH 7      TH 8      TH 9      TH10      TH11      OM11  
             OM12      OM13      OM14      OM22      OM23      OM24      OM33      OM34      OM44  
 
 OM34
+       -1.27E+03 -1.44E+05 -1.19E+03  2.04E+02 -1.17E+04  7.76E+04 -1.39E+04 -3.08E+05  2.18E+04 -2.41E+03  3.37E+03  9.41E+04
         -5.20E+05 ......... .........  4.50E+05 ......... ......... -1.08E+07  1.09E+08
 
 OM44
+        4.67E+03  2.83E+05  2.61E+03 -4.24E+02  4.96E+04 -1.82E+05  4.33E+04  9.83E+05 -6.61E+04  7.37E+03 -8.12E+03 -5.44E+04
          6.32E+05 ......... ......... -1.27E+06 ......... .........  2.09E+07 -2.35E+08  5.47E+08
 
1
 
 
 
 
 
 
 
 
 
 
 
 
 
 
 
 
 
 
 
 
 ************************************************************************************************************************
 ********************                                                                                ********************
 ********************                         LAPLACIAN CONDITIONAL ESTIMATION                       ********************
 ********************                      EIGENVALUES OF COR MATRIX OF ESTIMATE                     ********************
 ********************                                                                                ********************
 ************************************************************************************************************************
 

             1         2         3         4         5         6         7         8         9        10        11        12
             13        14        15        16        17
 
         8.20E-03  1.97E-01  2.67E-01  3.58E-01  6.21E-01  6.32E-01  7.66E-01  8.44E-01  9.17E-01  9.79E-01  1.02E+00  1.07E+00
          1.08E+00  1.25E+00  1.39E+00  1.72E+00  3.88E+00
 
1THERE ARE ERROR MESSAGES IN FILE PRDERR                                                                  
 #CPUT: Total CPU Time in Seconds,     8972.140
Stop Time:
Tue Apr  8 14:18:28 EDT 2014
