14.06.2016 
18:09
; Script generated by the pharmML2Nmtran Converter v.0.3.0
; Source	: PharmML 0.6.1
; Target	: NMTRAN 7.3.0
; Model 	: terheine1
; Dated 	: Tue Jun 14 18:09:17 CEST 2016

$PROBLEM "generated by MDL2PharmML v.6.0"

$INPUT  ID TIME=TIME DV IPR=DROP AMT DVID MDV EVID II TAD=DROP L2=DROP CYP3A4 CYP2D6 SS
$DATA "SS1_Day20T_L2v1_new.csv" IGNORE=@
$SUBS ADVAN13 TOL=9

$MODEL 
COMP (COMP1) 	;GUT
COMP (COMP2) 	;CMT_TAM
COMP (COMP3) 	;CMT_ENDX



$PK 
POP_CL20 = THETA(1)
POP_V2 = THETA(2)
POP_K12 = THETA(3)
POP_CL23 = THETA(4)
POP_Q1 = THETA(5)
POP_ALAG1 = THETA(6)
BETA_CL23_PHENO2D6 = THETA(7)
BETA_CL23_PHENO3A4 = THETA(8)
RUV_TAM = THETA(9)
RUV_ENDX = THETA(10)

ETA_CL20 =  ETA(1)
ETA_V2 =  ETA(2)
ETA_CL23 =  ETA(3)

LOGPHENO2D6 = LOG((CYP2D6/1560))

LOGPHENO3A4 = LOG((CYP3A4/44.7))

MTAM = 371.51456 
MENDX = 373.48738 
V3 = 400 
CL30 = 5.1 
K30 = (CL30/V3) 

MU_1 = LOG(POP_CL20)
CL20 =  EXP(MU_1 +  ETA(1)) ;

MU_2 = LOG(POP_V2)
V2 =  EXP(MU_2 +  ETA(2)) ;

K12 = POP_K12

MU_3 = LOG(POP_CL23) + BETA_CL23_PHENO2D6 * LOGPHENO2D6 + BETA_CL23_PHENO3A4 * LOGPHENO3A4
CL23 =  EXP(MU_3 +  ETA(3)) ;

Q1 = POP_Q1

NM_ALAG1 = POP_ALAG1

A_0(1) = 0
A_0(2) = 0
A_0(3) = 0

$DES 
GUT_DES = A(1)
CMT_TAM_DES = A(2)
CMT_ENDX_DES = A(3)
SC2_DES = ((V2*MTAM)/(10**6))
SC3_DES = ((V3*MENDX)/(10**6))
C2_DES = (CMT_TAM_DES/V2)
RATEIN_DES = 0 
IF (T.GE.NM_ALAG1) THEN
	RATEIN_DES = (GUT_DES*K12) 
ENDIF
C_HEP_DES = ((RATEIN_DES+(Q1*C2_DES))/(Q1+CL23))
CTAM_DES = (CMT_TAM_DES/SC2_DES)
CENDX_DES = (CMT_ENDX_DES/SC3_DES)
DADT(1) = -(RATEIN_DES)
DADT(2) = (((Q1*C_HEP_DES)-(Q1*C2_DES))-(CL20*C2_DES))
DADT(3) = ((CL23*C_HEP_DES)-(K30*CMT_ENDX_DES))

$ERROR 
GUT = A(1)
CMT_TAM = A(2)
CMT_ENDX = A(3)
SC2 = ((V2*MTAM)/(10**6))
SC3 = ((V3*MENDX)/(10**6))
C2 = (CMT_TAM/V2)
RATEIN = 0 
IF (TIME.GE.NM_ALAG1) THEN
	RATEIN = (GUT*K12) 
ENDIF
C_HEP = ((RATEIN+(Q1*C2))/(Q1+CL23))
CTAM = (CMT_TAM/SC2)
CENDX = (CMT_ENDX/SC3)

IF(DVID.EQ.2) THEN
	IPRED = CTAM
W = RUV_TAM*IPRED
Y = IPRED+W*EPS(1)
IRES = DV - IPRED
IWRES = IRES/W

ENDIF

IF(DVID.EQ.3) THEN
	IPRED = CENDX
W = RUV_ENDX*IPRED
Y = IPRED+W*EPS(1)
IRES = DV - IPRED
IWRES = IRES/W

ENDIF

$THETA 
( 0.0 , 10.0 , 10000.0 )	;POP_CL20
( 5.0 , 800.0 , 20000.0 )	;POP_V2
( 0.01 , 2.0 , 10.0 )	;POP_K12
( 0.0 , 0.3 , 10000.0 )	;POP_CL23
( 0.0 , 10.0 , 10000.0 )	;POP_Q1
( 0.0 , 0.5 , 10.0 )	;POP_ALAG1
( 0.01 , 0.2 , 10.0 )	;BETA_CL23_PHENO2D6
( 0.01 , 0.2 , 10.0 )	;BETA_CL23_PHENO3A4
(0.1 )	;RUV_TAM
(0.1 )	;RUV_ENDX

$OMEGA BLOCK(2)   SD
(0.1 )	;PPV_CL20
(0.01 )	;ETA_CL20_ETA_V2
(0.1 )	;PPV_V2

$OMEGA 
(0.1 SD )	;PPV_CL23

$SIGMA 
1.0 FIX
1.0 FIX


$EST METHOD=COND INTER NSIG=3 SIGL=9 MAXEVALS=9999 PRINT=10 NOABORT

$TABLE  ID TIME AMT DVID MDV EVID II CYP3A4 CYP2D6 SS PRED IPRED RES IRES WRES IWRES Y DV NOAPPEND NOPRINT FILE=sdtab

$TABLE  ID CL20 V2 K12 CL23 Q1 NM_ALAG1 ETA_CL20 ETA_V2 ETA_CL23 NOAPPEND NOPRINT FILE=patab

$TABLE  ID CYP3A4 CYP2D6 LOGPHENO2D6 LOGPHENO3A4 NOAPPEND NOPRINT FILE=cotab


  
NM-TRAN MESSAGES 
  
 WARNINGS AND ERRORS (IF ANY) FOR PROBLEM    1
             
 (WARNING  2) NM-TRAN INFERS THAT THE DATA ARE POPULATION.
             
 (WARNING  3) THERE MAY BE AN ERROR IN THE ABBREVIATED CODE. THE FOLLOWING
 ONE OR MORE RANDOM VARIABLES ARE DEFINED WITH "IF" STATEMENTS THAT DO NOT
 PROVIDE DEFINITIONS FOR BOTH THE "THEN" AND "ELSE" CASES. IF ALL
 CONDITIONS FAIL, THE VALUES OF THESE VARIABLES WILL BE ZERO.
  
   IPRED W IRES IWRES Y

             
 (WARNING  73) COMPARTMENT AMOUNTS ARE INITIALIZED IN $PK ABBREVIATED CODE,
 BUT THE SS DATA ITEM IS DEFINED. THE SS DOSE EVENT RECORDS SHOULD SPECIFY
 SS=2 OR SS=3.

 (MU_WARNING 26) DATA ITEM(S) USED IN DEFINITION OF MU_(S) SHOULD BE CONSTANT FOR INDIV. REC.:
  CYP2D6 CYP3A4
  
License Registered to: Freie Universitaet Berlin
Expiration Date:    14 JAN 2019
Current Date:       14 JUN 2016
Days until program expires : 945
1NONLINEAR MIXED EFFECTS MODEL PROGRAM (NONMEM) VERSION 7.3.0
 ORIGINALLY DEVELOPED BY STUART BEAL, LEWIS SHEINER, AND ALISON BOECKMANN
 CURRENT DEVELOPERS ARE ROBERT BAUER, ICON DEVELOPMENT SOLUTIONS,
 AND ALISON BOECKMANN. IMPLEMENTATION, EFFICIENCY, AND STANDARDIZATION
 PERFORMED BY NOUS INFOSYSTEMS.

 PROBLEM NO.:         1
 "generated by MDL2PharmML v.6.0"
0DATA CHECKOUT RUN:              NO
 DATA SET LOCATED ON UNIT NO.:    2
 THIS UNIT TO BE REWOUND:        NO
 NO. OF DATA RECS IN DATA SET:     1900
 NO. OF DATA ITEMS IN DATA SET:  11
 ID DATA ITEM IS DATA ITEM NO.:   1
 DEP VARIABLE IS DATA ITEM NO.:   3
 MDV DATA ITEM IS DATA ITEM NO.:  6
0INDICES PASSED TO SUBROUTINE PRED:
   7   2   4   0  11   8   0   0   0   0   0
0LABELS FOR DATA ITEMS:
 ID TIME DV AMT DVID MDV EVID II CYP3A4 CYP2D6 SS
0(NONBLANK) LABELS FOR PRED-DEFINED ITEMS:
 ETA_CL20 ETA_V2 ETA_CL23 LOGPHENO2D6 LOGPHENO3A4 CL20 V2 K12 CL23 Q1 NM_ALAG1 IPRED Y IRES IWRES
0FORMAT FOR DATA:
 (E4.0,E6.0,E7.0,E3.0,3E2.0,E3.0,2E7.0,E2.0)

 TOT. NO. OF OBS RECS:     1800
 TOT. NO. OF INDIVIDUALS:    100
0LENGTH OF THETA:  10
0DEFAULT THETA BOUNDARY TEST OMITTED:    NO
0OMEGA HAS BLOCK FORM:
  1
  1  1
  0  0  2
0DEFAULT OMEGA BOUNDARY TEST OMITTED:    NO
0SIGMA HAS SIMPLE DIAGONAL FORM WITH DIMENSION:   2
0DEFAULT SIGMA BOUNDARY TEST OMITTED:    NO
0INITIAL ESTIMATE OF THETA:
 LOWER BOUND    INITIAL EST    UPPER BOUND
  0.0000E+00     0.1000E+02     0.1000E+05
  0.5000E+01     0.8000E+03     0.2000E+05
  0.1000E-01     0.2000E+01     0.1000E+02
  0.0000E+00     0.3000E+00     0.1000E+05
  0.0000E+00     0.1000E+02     0.1000E+05
  0.0000E+00     0.5000E+00     0.1000E+02
  0.1000E-01     0.2000E+00     0.1000E+02
  0.1000E-01     0.2000E+00     0.1000E+02
 -0.1000E+07     0.1000E+00     0.1000E+07
 -0.1000E+07     0.1000E+00     0.1000E+07
0INITIAL ESTIMATE OF OMEGA:
 BLOCK SET NO.   BLOCK                                                                    FIXED
        1                                                                                   NO
 DIAGONAL SHIFT OF  1.1000E-08 WAS IMPOSED TO ENSURE POSITIVE DEFINITENESS
                  0.1000E-01
                  0.1000E-01   0.1000E-01
        2                                                                                   NO
                  0.1000E-01
0INITIAL ESTIMATE OF SIGMA:
 0.1000E+01
 0.0000E+00   0.1000E+01
0SIGMA CONSTRAINED TO BE THIS INITIAL ESTIMATE
0TABLES STEP OMITTED:    NO
 NO. OF TABLES:           3
 SEED NUMBER (SEED):    11456
 RANMETHOD:
 MC SAMPLES (ESEED):    300
 WRES SQUARE ROOT TYPE:            EIGENVALUE
0-- TABLE   1 --
04 COLUMNS APPENDED:     NO
 PRINTED:                NO
 HEADERS:               YES
 FILE TO BE FORWARDED:   NO
 FORMAT:                S1PE11.4
 LFORMAT:
 RFORMAT:
0USER-CHOSEN ITEMS:
 ID TIME AMT DVID MDV EVID II CYP3A4 CYP2D6 SS PRED IPRED RES IRES WRES IWRES Y DV
0-- TABLE   2 --
04 COLUMNS APPENDED:     NO
 PRINTED:                NO
 HEADERS:               YES
 FILE TO BE FORWARDED:   NO
 FORMAT:                S1PE11.4
 LFORMAT:
 RFORMAT:
0USER-CHOSEN ITEMS:
 ID CL20 V2 K12 CL23 Q1 NM_ALAG1 ETA_CL20 ETA_V2 ETA_CL23
0-- TABLE   3 --
04 COLUMNS APPENDED:     NO
 PRINTED:                NO
 HEADERS:               YES
 FILE TO BE FORWARDED:   NO
 FORMAT:                S1PE11.4
 LFORMAT:
 RFORMAT:
0USER-CHOSEN ITEMS:
 ID CYP3A4 CYP2D6 LOGPHENO2D6 LOGPHENO3A4
1DOUBLE PRECISION PREDPP VERSION 7.3.0

 GENERAL NONLINEAR KINETICS MODEL USING LSODA (ADVAN13)
0MODEL SUBROUTINE USER-SUPPLIED - ID NO. 9999
0MAXIMUM NO. OF BASIC PK PARAMETERS:  10
0COMPARTMENT ATTRIBUTES
 COMPT. NO.   FUNCTION   INITIAL    ON/OFF      DOSE      DEFAULT    DEFAULT
                         STATUS     ALLOWED    ALLOWED    FOR DOSE   FOR OBS.
    1         COMP1        ON         YES        YES        YES        YES
    2         COMP2        ON         YES        YES        NO         NO
    3         COMP3        ON         YES        YES        NO         NO
    4         OUTPUT       OFF        YES        NO         NO         NO
0NRD VALUE(S) FROM SUBROUTINE TOL:   9
1
 ADDITIONAL PK PARAMETERS - ASSIGNMENT OF ROWS IN GG
 COMPT. NO.                             INDICES
              SCALE      BIOAVAIL.   ZERO-ORDER  ZERO-ORDER  ABSORB
                         FRACTION    RATE        DURATION    LAG
    1            *           *           *           *           *
    2            *           *           *           *           *
    3            *           *           *           *           *
    4            *           -           -           -           -
             - PARAMETER IS NOT ALLOWED FOR THIS MODEL
             * PARAMETER IS NOT SUPPLIED BY PK SUBROUTINE;
               WILL DEFAULT TO ONE IF APPLICABLE
0DATA ITEM INDICES USED BY PRED ARE:
   EVENT ID DATA ITEM IS DATA ITEM NO.:      7
   TIME DATA ITEM IS DATA ITEM NO.:          2
   DOSE AMOUNT DATA ITEM IS DATA ITEM NO.:   4
   STEADY STATE DATA ITEM IS DATA ITEM NO.: 11
   INTERVAL DATA ITEM IS DATA ITEM NO.:      8

0PK SUBROUTINE CALLED WITH EVERY EVENT RECORD.
 PK SUBROUTINE NOT CALLED AT NONEVENT (ADDITIONAL OR LAGGED) DOSE TIMES.
0PK SUBROUTINE INDICATES THAT COMPARTMENT AMOUNTS ARE INITIALIZED.
0ERROR SUBROUTINE CALLED WITH EVERY EVENT RECORD.
0ERROR SUBROUTINE INDICATES THAT DERIVATIVES OF COMPARTMENT AMOUNTS ARE USED.
0DES SUBROUTINE USES FULL STORAGE MODE.
1


 #TBLN:      1
 #METH: First Order Conditional Estimation with Interaction

 ESTIMATION STEP OMITTED:                 NO  
 ANALYSIS TYPE:                           POPULATION
 CONDITIONAL ESTIMATES USED:              YES 
 CENTERED ETA:                            NO  
 EPS-ETA INTERACTION:                     YES 
 LAPLACIAN OBJ. FUNC.:                    NO  
 NO. OF FUNCT. EVALS. ALLOWED:            9999
 NO. OF SIG. FIGURES REQUIRED:            3
 INTERMEDIATE PRINTOUT:                   YES 
 ESTIMATE OUTPUT TO MSF:                  NO  
 ABORT WITH PRED EXIT CODE 1:             NO  
 IND. OBJ. FUNC. VALUES SORTED:           NO  
 NUMERICAL DERIVATIVE 
       FILE REQUEST (NUMDER):             NONE
 MAP (ETAHAT) ESTIMATION METHOD (OPTMAP): 0           
 ETA HESSIAN EVALUATION METHOD (ETADER):  0           
 INITIAL ETA FOR MAP ESTIMATION (MCETA):  0           
 SIGDIGITS FOR MAP ESTIMATION (SIGLO):    9           
 GRADIENT SIGDIGITS OF 
       FIXED EFFECTS PARAMETERS (SIGL):   9           
 EXCLUDE TITLE (NOTITLE):                 NO 
 EXCLUDE COLUMN LABELS (NOLABEL):         NO 
 NOPRIOR SETTING (NOPRIOR):               OFF
 NOCOV SETTING (NOCOV):                   OFF
 DERCONT SETTING (DERCONT):               OFF
 ABSOLUTE TOLERANCE-ADVAN 9,13 ONLY(ATOL):-100        
 FINAL ETA RE-EVALUATION (FNLETA):        ON 
 EXCLUDE NON-INFLUENTIAL (NON-INFL.) ETAS 
       IN SHRINKAGE (ETASTYPE):           NO 
 NON-INFL. ETA CORRECTION (NONINFETA):    OFF
 FORMAT FOR ADDITIONAL FILES (FORMAT):    S1PE12.5
 PARAMETER ORDER FOR OUTPUTS (ORDER):     TSOL
 ADDITIONAL CONVERGENCE TEST (CTYPE=4)?:  NO
 EM OR BAYESIAN METHOD USED:                NONE


 THE FOLLOWING LABELS ARE EQUIVALENT
 PRED=PREDI
 RES=RESI
 WRES=WRESI
 IWRS=IWRESI
 IPRD=IPREDI
 IRS=IRESI

 MONITORING OF SEARCH:


0ITERATION NO.:    0    OBJECTIVE VALUE:   15764.7174567745        NO. OF FUNC. EVALS.:  12
 CUMULATIVE NO. OF FUNC. EVALS.:       12
 NPARAMETR:  1.0000E+01  8.0000E+02  2.0000E+00  3.0000E-01  1.0000E+01  5.0000E-01  2.0000E-01  2.0000E-01  1.0000E-01  1.0000E-01
             1.0000E-02  1.0000E-02  1.0000E-02  1.0000E-02
 PARAMETER:  1.0000E-01  1.0000E-01  1.0000E-01  1.0000E-01  1.0000E-01  1.0000E-01  1.0000E-01  1.0000E-01  1.0000E-01  1.0000E-01
             1.0000E-01  1.0000E-01  1.0000E-01  1.0000E-01
 GRADIENT:  -4.1777E+01  1.1231E+00  3.3927E+02  8.8277E+03 -4.8419E+03  7.7034E+00 -1.9079E+02  4.2731E+01 -2.3584E+04 -4.5548E+04
            -1.9096E+03  4.4413E+02 -6.8264E-05 -5.0844E+03

0ITERATION NO.:   10    OBJECTIVE VALUE:   10775.0585621299        NO. OF FUNC. EVALS.:  13
 CUMULATIVE NO. OF FUNC. EVALS.:      144
 NPARAMETR:  1.0524E+01  6.0090E+02  6.8480E-01  2.9942E-01  3.3843E+01  4.9921E-01  2.8930E-01  2.1090E-01  1.4286E-01  2.0161E-01
             1.2088E-01  2.6422E-02  5.7750E-03  1.9528E-01
 PARAMETER:  1.5113E-01 -1.9859E-01 -1.1337E+00  9.8064E-02  1.3215E+00  9.8342E-02  4.9440E-01  1.5690E-01  1.4286E-01  2.0161E-01
             1.3461E+00  7.5993E-02  1.0000E-01  1.5859E+00
 GRADIENT:   1.6298E+02 -9.1430E+01 -1.1850E+01  1.1820E+02 -2.8658E+01 -1.5992E+00  3.0862E+01 -1.4816E+00 -4.0292E+02  1.1975E+03
             7.4085E+00 -2.2045E+02 -2.0796E-05  1.1650E+02

0ITERATION NO.:   20    OBJECTIVE VALUE:   10685.6529418843        NO. OF FUNC. EVALS.:  13
 CUMULATIVE NO. OF FUNC. EVALS.:      277
 NPARAMETR:  9.7509E+00  6.2025E+02  7.7128E-01  2.8853E-01  4.6127E+01  1.1404E+00  2.5402E-01  2.4202E-01  1.4375E-01  1.8523E-01
             1.2601E-01  7.4762E-02  4.4355E-02  5.7649E-02
 PARAMETER:  7.4750E-02 -1.6563E-01 -1.0038E+00  6.1030E-02  1.6324E+00  9.9428E-01  3.5574E-01  3.0411E-01  1.4375E-01  1.8523E-01
             1.3669E+00  2.1061E-01  1.0009E-01  9.7590E-01
 GRADIENT:  -2.6313E+00 -4.7167E+00 -9.6589E-01 -5.8500E+00  6.6398E-01 -6.4397E-02 -4.1113E+00  9.1292E-01  3.2347E+01 -2.0055E+01
             5.3990E+00 -4.1729E+00 -6.3066E-06 -2.0527E+00

0ITERATION NO.:   30    OBJECTIVE VALUE:   10685.3228798654        NO. OF FUNC. EVALS.:  23
 CUMULATIVE NO. OF FUNC. EVALS.:      445
 NPARAMETR:  9.9619E+00  6.2897E+02  7.7193E-01  2.9392E-01  4.8032E+01  2.2496E+00  2.5647E-01  2.3881E-01  1.4361E-01  1.8542E-01
             1.2385E-01  7.4093E-02  4.4325E-02  5.7833E-02
 PARAMETER:  9.6174E-02 -1.5110E-01 -1.0028E+00  7.9516E-02  1.6731E+00  1.8074E+00  3.6601E-01  2.8985E-01  1.4361E-01  1.8542E-01
             1.3583E+00  2.1054E-01  1.0029E-01  9.7749E-01
 GRADIENT:  -6.7805E-01  2.2735E-01 -6.3897E-02  5.6329E+00 -2.5751E+00  1.6853E-03  3.3193E-01 -1.2252E-02 -3.6029E+00 -9.7622E+00
            -2.0140E-01  3.1116E-01 -6.4067E-06 -1.3472E+00

0ITERATION NO.:   36    OBJECTIVE VALUE:   10685.2375661209        NO. OF FUNC. EVALS.:  20
 CUMULATIVE NO. OF FUNC. EVALS.:      583
 NPARAMETR:  9.9368E+00  6.2938E+02  7.7495E-01  2.9805E-01  5.3000E+01  2.0223E+00  2.5618E-01  2.3931E-01  1.4364E-01  1.8555E-01
             1.2366E-01  7.3997E-02  4.4279E-02  5.8188E-02
 PARAMETER:  9.3658E-02 -1.5044E-01 -9.9857E-01  9.3478E-02  1.7720E+00  1.6720E+00  3.6481E-01  2.9207E-01  1.4364E-01  1.8555E-01
             1.3575E+00  2.1043E-01  1.0096E-01  9.8055E-01
 GRADIENT:  -7.3159E-03  4.5724E-03 -7.2552E-03 -4.7535E-03  1.0972E-03  2.2880E-04  2.2955E-03 -4.1471E-03  2.2260E-01 -1.6936E-02
            -3.7381E-03 -1.5090E-02 -6.3600E-06  3.9921E-03

 #TERM:
0MINIMIZATION SUCCESSFUL
 NO. OF FUNCTION EVALUATIONS USED:      583
 NO. OF SIG. DIGITS IN FINAL EST.:  3.6

 ETABAR IS THE ARITHMETIC MEAN OF THE ETA-ESTIMATES,
 AND THE P-VALUE IS GIVEN FOR THE NULL HYPOTHESIS THAT THE TRUE MEAN IS 0.

 ETABAR:        -1.1621E-05 -6.9539E-06 -1.4638E-04
 SE:             3.4857E-02  2.0858E-02  2.3115E-02
 N:                     100         100         100

 P VAL.:         9.9973E-01  9.9973E-01  9.9495E-01

 ETAshrink(%):   3.7757E-01  3.7759E-01  3.6907E+00
 EBVshrink(%):   8.7706E-01  8.7709E-01  4.1604E+00
 EPSshrink(%):   5.1309E+00  1.0000E+02

 #TERE:
 Elapsed estimation time in seconds:  2900.85
1
 
 
 
 
 
 
 
 
 
 
 
 
 
 
 
 
 
 
 
 
 ************************************************************************************************************************
 ********************                                                                                ********************
 ********************               FIRST ORDER CONDITIONAL ESTIMATION WITH INTERACTION              ********************
 #OBJT:**************                       MINIMUM VALUE OF OBJECTIVE FUNCTION                      ********************
 ********************                                                                                ********************
 ************************************************************************************************************************
 





 #OBJV:********************************************    10685.238       **************************************************
1
 ************************************************************************************************************************
 ********************                                                                                ********************
 ********************               FIRST ORDER CONDITIONAL ESTIMATION WITH INTERACTION              ********************
 ********************                             FINAL PARAMETER ESTIMATE                           ********************
 ********************                                                                                ********************
 ************************************************************************************************************************
 


 THETA - VECTOR OF FIXED EFFECTS PARAMETERS   *********


         TH 1      TH 2      TH 3      TH 4      TH 5      TH 6      TH 7      TH 8      TH 9      TH10     
 
         9.94E+00  6.29E+02  7.75E-01  2.98E-01  5.30E+01  2.02E+00  2.56E-01  2.39E-01  1.44E-01  1.86E-01
 


 OMEGA - COV MATRIX FOR RANDOM EFFECTS - ETAS  ********


            ETA1      ETA2      ETA3   
 
 ETA1
+        1.24E-01
 
 ETA2
+        7.40E-02  4.43E-02
 
 ETA3
+        0.00E+00  0.00E+00  5.82E-02
 


 SIGMA - COV MATRIX FOR RANDOM EFFECTS - EPSILONS  ****


            EPS1      EPS2   
 
 EPS1
+        1.00E+00
 
 EPS2
+        0.00E+00  1.00E+00
 
1


 OMEGA - CORR MATRIX FOR RANDOM EFFECTS - ETAS  *******


            ETA1      ETA2      ETA3   
 
 ETA1
+        3.52E-01
 
 ETA2
+        1.00E+00  2.10E-01
 
 ETA3
+        0.00E+00  0.00E+00  2.41E-01
 


 SIGMA - CORR MATRIX FOR RANDOM EFFECTS - EPSILONS  ***


            EPS1      EPS2   
 
 EPS1
+        1.00E+00
 
 EPS2
+        0.00E+00  1.00E+00
 
 #CPUT: Total CPU Time in Seconds,     2912.820
Stop Time: 
14.06.2016 
18:58
