18/09/2017 
12:47
$PROBLEM    Phenobarbital PK in newborns
$INPUT      ID DOSE=AMT ;in mg
            CONC=DV ;in mg/L
            WEIGHT ;in kg
            CMT ;1 oral depot,2 central
            TIME ;in hours
            RATE ;in mg/h
            BWEIGHT ;birthweight in kg   
            AGE ;postnatal age in days
            MDV
$DATA      SimulatedPhenobarbitalNewbornsPK.csv IGNORE=@
$SUBROUTINE ADVAN2 TRANS2
$PK  

;;; VWEIGHT-DEFINITION START 
VWEIGHT = ( 1 + THETA(6)*(WEIGHT - 2.70)) 
;;; VWEIGHT-DEFINITION END 

;;; V-RELATION START 
VCOV=VWEIGHT 
;;; V-RELATION END 


;;; CLBW-DEFINITION START 
CLBW = ( 1 + THETA(5)*(BWEIGHT - 2.59)) 
;;; CLBW-DEFINITION END 

;;; CLAGE-DEFINITION START 
CLAGE = ( 1 + THETA(4)*(AGE - 4.50)) 
;;; CLAGE-DEFINITION END 

;;; CL-RELATION START 
CLCOV=CLAGE*CLBW 
;;; CL-RELATION END 


TVCL = THETA(1) * CLCOV
TVV  = THETA(2) * VCOV 
CL   = TVCL*EXP(ETA(1)) 
V    = TVV*EXP(ETA(2))
F1   = THETA(8)
KA   = THETA(7)
S2   = V
K    = CL/V 

$ERROR   
IPRED = F 
W = SQRT(THETA(3) * IPRED**2) 
IWRES = (DV-IPRED) / W 
Y= IPRED + EPS(1) * W

$THETA  (0,0.00909) ; CL
 (0,2.38) ; V
 (0,0.0258) ; prop error
 (-0.01,0.0533,0.2) ; CLAGE
 (-0.205,0.369,0.5) ; CLBW
 (-0.555,0.309,0.444) ; VWEIGHT
 50 FIX ; KA
 (0,0.594,1) ; F
$OMEGA  0.0898
$OMEGA  0.0504
$SIGMA  1  FIX
$ESTIMATION METHOD=1 INTERACTION MAXEVALS=9990 POSTHOC
$COVARIANCE
$TABLE      ID TIME PRED IPRED RES WRES IWRES CWRES K KA CL V ETA1
            ETA2 ONEHEADER NOPRINT NOAPPEND FILE=sdtab524

  
NM-TRAN MESSAGES 
  
 WARNINGS AND ERRORS (IF ANY) FOR PROBLEM    1
             
 (WARNING  2) NM-TRAN INFERS THAT THE DATA ARE POPULATION.
  
License Registered to: Leiden Academic Center for Drug Research
Expiration Date:    14 JAN 2018
Current Date:       18 SEP 2017
Days until program expires : 121
1NONLINEAR MIXED EFFECTS MODEL PROGRAM (NONMEM) VERSION 7.3.0
 ORIGINALLY DEVELOPED BY STUART BEAL, LEWIS SHEINER, AND ALISON BOECKMANN
 CURRENT DEVELOPERS ARE ROBERT BAUER, ICON DEVELOPMENT SOLUTIONS,
 AND ALISON BOECKMANN. IMPLEMENTATION, EFFICIENCY, AND STANDARDIZATION
 PERFORMED BY NOUS INFOSYSTEMS.

 PROBLEM NO.:         1
 Phenobarbital PK in newborns
0DATA CHECKOUT RUN:              NO
 DATA SET LOCATED ON UNIT NO.:    2
 THIS UNIT TO BE REWOUND:        NO
 NO. OF DATA RECS IN DATA SET:      156
 NO. OF DATA ITEMS IN DATA SET:  11
 ID DATA ITEM IS DATA ITEM NO.:   1
 DEP VARIABLE IS DATA ITEM NO.:   3
 MDV DATA ITEM IS DATA ITEM NO.: 10
0INDICES PASSED TO SUBROUTINE PRED:
  11   6   2   7   0   0   5   0   0   0   0
0LABELS FOR DATA ITEMS:
 ID DOSE CONC WEIGHT CMT TIME RATE BWEIGHT AGE MDV EVID
0(NONBLANK) LABELS FOR PRED-DEFINED ITEMS:
 CL V KA K IPRED IWRES
0FORMAT FOR DATA:
 (10E6.0,1F2.0)

 TOT. NO. OF OBS RECS:       31
 TOT. NO. OF INDIVIDUALS:      5
0LENGTH OF THETA:   8
0DEFAULT THETA BOUNDARY TEST OMITTED:    NO
0OMEGA HAS SIMPLE DIAGONAL FORM WITH DIMENSION:   2
0DEFAULT OMEGA BOUNDARY TEST OMITTED:    NO
0SIGMA HAS SIMPLE DIAGONAL FORM WITH DIMENSION:   1
0DEFAULT SIGMA BOUNDARY TEST OMITTED:    NO
0INITIAL ESTIMATE OF THETA:
 LOWER BOUND    INITIAL EST    UPPER BOUND
  0.0000E+00     0.9090E-02     0.1000E+07
  0.0000E+00     0.2380E+01     0.1000E+07
  0.0000E+00     0.2580E-01     0.1000E+07
 -0.1000E-01     0.5330E-01     0.2000E+00
 -0.2050E+00     0.3690E+00     0.5000E+00
 -0.5550E+00     0.3090E+00     0.4440E+00
  0.5000E+02     0.5000E+02     0.5000E+02
  0.0000E+00     0.5940E+00     0.1000E+01
0INITIAL ESTIMATE OF OMEGA:
 0.8980E-01
 0.0000E+00   0.5040E-01
0INITIAL ESTIMATE OF SIGMA:
 0.1000E+01
0SIGMA CONSTRAINED TO BE THIS INITIAL ESTIMATE
0COVARIANCE STEP OMITTED:        NO
 EIGENVLS. PRINTED:              NO
 SPECIAL COMPUTATION:            NO
 COMPRESSED FORMAT:              NO
 SIGDIGITS ETAHAT (SIGLO):                  -1
 SIGDIGITS GRADIENTS (SIGL):                -1
 RELATIVE TOLERANCE (TOL):                  -1
 ABSOLUTE TOLERANCE-ADVAN 9,13 ONLY (ATOL): -1
 EXCLUDE COV FOR FOCE (NOFCOV):              NO
 RESUME COV ANALYSIS (RESUME):               NO
0TABLES STEP OMITTED:    NO
 NO. OF TABLES:           1
 SEED NUMBER (SEED):    11456
 RANMETHOD:
 MC SAMPLES (ESEED):    300
 WRES SQUARE ROOT TYPE:            EIGENVALUE
0-- TABLE   1 --
04 COLUMNS APPENDED:     NO
 PRINTED:                NO
 HEADER:                YES
 FILE TO BE FORWARDED:   NO
 FORMAT:                S1PE11.4
 LFORMAT:
 RFORMAT:
0USER-CHOSEN ITEMS:
 ID TIME PRED IPRED RES WRES IWRES CWRES K KA CL V ETA1 ETA2
0WARNING: THE NUMBER OF PARAMETERS TO BE ESTIMATED
 EXCEEDS THE NUMBER OF INDIVIDUALS WITH DATA.
0WARNING: FOR AN ASYMPTOTIC ESTIMATE OF THE VARIANCE-COVARIANCE MATRIX
 OF THE GRADIENT VECTOR, THE COVARIANCE STEP COMPUTES THE S MATRIX.
 BUT WHEN THE NUMBER OF PARAMETERS TO BE ESTIMATED
 EXCEEDS THE NUMBER OF INDIVIDUALS WITH DATA,
 THIS MATRIX CAN BE SINGULAR AND BE A POOR ASYMPTOTIC ESTIMATE.
1DOUBLE PRECISION PREDPP VERSION 7.3.0

 ONE COMPARTMENT MODEL WITH FIRST-ORDER ABSORPTION (ADVAN2)
0MAXIMUM NO. OF BASIC PK PARAMETERS:   3
0BASIC PK PARAMETERS (AFTER TRANSLATION):
   ELIMINATION RATE (K) IS BASIC PK PARAMETER NO.:  1
   ABSORPTION RATE (KA) IS BASIC PK PARAMETER NO.:  3

 TRANSLATOR WILL CONVERT PARAMETERS
 CLEARANCE (CL) AND VOLUME (V) TO K (TRANS2)
0COMPARTMENT ATTRIBUTES
 COMPT. NO.   FUNCTION   INITIAL    ON/OFF      DOSE      DEFAULT    DEFAULT
                         STATUS     ALLOWED    ALLOWED    FOR DOSE   FOR OBS.
    1         DEPOT        OFF        YES        YES        YES        NO
    2         CENTRAL      ON         NO         YES        NO         YES
    3         OUTPUT       OFF        YES        NO         NO         NO
1
 ADDITIONAL PK PARAMETERS - ASSIGNMENT OF ROWS IN GG
 COMPT. NO.                             INDICES
              SCALE      BIOAVAIL.   ZERO-ORDER  ZERO-ORDER  ABSORB
                         FRACTION    RATE        DURATION    LAG
    1            *           4           *           *           *
    2            5           *           *           *           *
    3            *           -           -           -           -
             - PARAMETER IS NOT ALLOWED FOR THIS MODEL
             * PARAMETER IS NOT SUPPLIED BY PK SUBROUTINE;
               WILL DEFAULT TO ONE IF APPLICABLE
0DATA ITEM INDICES USED BY PRED ARE:
   EVENT ID DATA ITEM IS DATA ITEM NO.:     11
   TIME DATA ITEM IS DATA ITEM NO.:          6
   DOSE AMOUNT DATA ITEM IS DATA ITEM NO.:   2
   DOSE RATE DATA ITEM IS DATA ITEM NO.:     7
   COMPT. NO. DATA ITEM IS DATA ITEM NO.:    5

0PK SUBROUTINE CALLED WITH EVERY EVENT RECORD.
 PK SUBROUTINE NOT CALLED AT NONEVENT (ADDITIONAL OR LAGGED) DOSE TIMES.
0ERROR SUBROUTINE CALLED WITH EVERY EVENT RECORD.
1


 #TBLN:      1
 #METH: First Order Conditional Estimation with Interaction

 ESTIMATION STEP OMITTED:                 NO  
 ANALYSIS TYPE:                           POPULATION
 CONDITIONAL ESTIMATES USED:              YES 
 CENTERED ETA:                            NO  
 EPS-ETA INTERACTION:                     YES 
 LAPLACIAN OBJ. FUNC.:                    NO  
 NO. OF FUNCT. EVALS. ALLOWED:            9990
 NO. OF SIG. FIGURES REQUIRED:            3
 INTERMEDIATE PRINTOUT:                   YES 
 ESTIMATE OUTPUT TO MSF:                  NO  
 IND. OBJ. FUNC. VALUES SORTED:           NO  
 NUMERICAL DERIVATIVE 
       FILE REQUEST (NUMDER):             NONE
 MAP (ETAHAT) ESTIMATION METHOD (OPTMAP): 0           
 ETA HESSIAN EVALUATION METHOD (ETADER):  0           
 INITIAL ETA FOR MAP ESTIMATION (MCETA):  0           
 SIGDIGITS FOR MAP ESTIMATION (SIGLO):    100         
 GRADIENT SIGDIGITS OF 
       FIXED EFFECTS PARAMETERS (SIGL):   100         
 EXCLUDE TITLE (NOTITLE):                 NO 
 EXCLUDE COLUMN LABELS (NOLABEL):         NO 
 NOPRIOR SETTING (NOPRIOR):               OFF
 NOCOV SETTING (NOCOV):                   OFF
 DERCONT SETTING (DERCONT):               OFF
 ABSOLUTE TOLERANCE-ADVAN 9,13 ONLY(ATOL):-100        
 FINAL ETA RE-EVALUATION (FNLETA):        ON 
 EXCLUDE NON-INFLUENTIAL (NON-INFL.) ETAS 
       IN SHRINKAGE (ETASTYPE):           NO 
 NON-INFL. ETA CORRECTION (NONINFETA):    OFF
 FORMAT FOR ADDITIONAL FILES (FORMAT):    S1PE12.5
 PARAMETER ORDER FOR OUTPUTS (ORDER):     TSOL
 ADDITIONAL CONVERGENCE TEST (CTYPE=4)?:  NO
 EM OR BAYESIAN METHOD USED:                NONE


 THE FOLLOWING LABELS ARE EQUIVALENT
 PRED=PREDI
 RES=RESI
 WRES=WRESI
 IWRS=IWRESI
 IPRD=IPREDI
 IRS=IRESI

 MONITORING OF SEARCH:


0ITERATION NO.:    0    OBJECTIVE VALUE:   133.444392644497        NO. OF FUNC. EVALS.:   9
 CUMULATIVE NO. OF FUNC. EVALS.:        9
 NPARAMETR:  9.0900E-03  2.3800E+00  2.5800E-02  5.3300E-02  3.6900E-01  3.0900E-01  5.9400E-01  8.9800E-02  5.0400E-02
 PARAMETER:  1.0000E-01  1.0000E-01  1.0000E-01  1.0000E-01  1.0000E-01  1.0000E-01  1.0000E-01  1.0000E-01  1.0000E-01
 GRADIENT:  -3.5584E+00 -4.5851E+01 -1.4102E+00  4.5083E+00 -3.7815E+00  5.4402E+00  5.3867E+00  1.5353E-02 -4.0292E+00

0ITERATION NO.:   25    OBJECTIVE VALUE:   114.897416068394        NO. OF FUNC. EVALS.:  14
 CUMULATIVE NO. OF FUNC. EVALS.:      289
 NPARAMETR:  1.0403E-02  3.3048E+00  2.8747E-02  6.3787E-02  4.4650E-01  3.1277E-01  6.4665E-01  8.9800E-06  5.0400E-06
 PARAMETER:  2.3489E-01  4.2828E-01  2.0816E-01  3.2747E-01  1.1222E+00  1.3268E-01  3.2384E-01 -4.6470E+00 -5.4219E+00
 GRADIENT:   2.6710E-03 -2.0257E-03  8.6857E-04  1.0393E-03 -1.1867E-04  2.8107E-04 -3.9232E-04  0.0000E+00  0.0000E+00

 #TERM:
0MINIMIZATION SUCCESSFUL
 NO. OF FUNCTION EVALUATIONS USED:      289
 NO. OF SIG. DIGITS IN FINAL EST.:  3.5
0PARAMETER ESTIMATE IS NEAR ITS BOUNDARY
 THIS MUST BE ADDRESSED BEFORE THE COVARIANCE STEP CAN BE IMPLEMENTED

 ETABAR IS THE ARITHMETIC MEAN OF THE ETA-ESTIMATES,
 AND THE P-VALUE IS GIVEN FOR THE NULL HYPOTHESIS THAT THE TRUE MEAN IS 0.

 ETABAR:         3.1109E-09 -2.0057E-09
 SE:             2.9517E-05  9.3577E-06
 N:                       5           5

 P VAL.:         9.9992E-01  9.9983E-01

 ETAshrink(%):   9.7538E+01  9.8958E+01
 EBVshrink(%):   9.7017E+01  9.7520E+01
 EPSshrink(%):   1.2881E-02

 #TERE:
 Elapsed estimation time in seconds:     0.59
1
 
 
 
 
 
 
 
 
 
 
 
 
 
 
 
 
 
 
 
 
 ************************************************************************************************************************
 ********************                                                                                ********************
 ********************               FIRST ORDER CONDITIONAL ESTIMATION WITH INTERACTION              ********************
 #OBJT:**************                       MINIMUM VALUE OF OBJECTIVE FUNCTION                      ********************
 ********************                                                                                ********************
 ************************************************************************************************************************
 





 #OBJV:********************************************      114.897       **************************************************
1
 ************************************************************************************************************************
 ********************                                                                                ********************
 ********************               FIRST ORDER CONDITIONAL ESTIMATION WITH INTERACTION              ********************
 ********************                             FINAL PARAMETER ESTIMATE                           ********************
 ********************                                                                                ********************
 ************************************************************************************************************************
 


 THETA - VECTOR OF FIXED EFFECTS PARAMETERS   *********


         TH 1      TH 2      TH 3      TH 4      TH 5      TH 6      TH 7      TH 8     
 
         1.04E-02  3.30E+00  2.87E-02  6.38E-02  4.47E-01  3.13E-01  5.00E+01  6.47E-01
 


 OMEGA - COV MATRIX FOR RANDOM EFFECTS - ETAS  ********


            ETA1      ETA2   
 
 ETA1
+        8.98E-06
 
 ETA2
+        0.00E+00  5.04E-06
 


 SIGMA - COV MATRIX FOR RANDOM EFFECTS - EPSILONS  ****


            EPS1   
 
 EPS1
+        1.00E+00
 
1


 OMEGA - CORR MATRIX FOR RANDOM EFFECTS - ETAS  *******


            ETA1      ETA2   
 
 ETA1
+        3.00E-03
 
 ETA2
+        0.00E+00  2.24E-03
 


 SIGMA - CORR MATRIX FOR RANDOM EFFECTS - EPSILONS  ***


            EPS1   
 
 EPS1
+        1.00E+00
 
 #CPUT: Total CPU Time in Seconds,        0.593
Stop Time: 
18/09/2017 
12:48
