12/05/2017 
10:34
$PROBLEM    RIF final model with simulated data
$INPUT      ID OCC TIME DV MDV EVID DOSE AMT FDC
$DATA      TB_Rifampicin_PK_Wilkins_2008.csv IGNORE=@
$SUBROUTINE ADVAN6 TRANS1 TOL=4
$MODEL      NCOMP=2 COMP=(DEPOT,DEFDOSE) COMP=(CENTRAL)
$PK  

"FIRST
"        COMMON/PRCOMG/  IDUM1,IDUM2,IMAX,IDUM4,IDUM5
"INTEGER IDUM1,IDUM2,IMAX,IDUM4,IDUM5
"IMAX=10000000

;; covariates
IF(FDC.EQ.1) MTTFDC = 0  
IF(FDC.EQ.0) MTTFDC = THETA(8)

MTTCOV = (1 + MTTFDC)

IF(FDC.EQ.1) CLLOC = 0 
IF(FDC.EQ.0) CLLOC = THETA(9)

CLCOV = (1 + CLLOC)

;; set up dosing and time after dose
IF(AMT.GT.0) PD   = AMT
IF(AMT.GT.0) TDOS = TIME
TAD = TIME-TDOS

IOVCL = ETA(5)
IOVMT = ETA(11)
IF (OCC.EQ.2) THEN
  IOVCL = ETA(6)
  IOVMT = ETA(12)
ENDIF
IF (OCC.EQ.3) THEN
  IOVCL = ETA(7)
  IOVMT = ETA(13)
ENDIF
IF (OCC.EQ.4) THEN 
  IOVCL = ETA(8)
  IOVMT = ETA(14)
ENDIF
IF (OCC.EQ.5) THEN 
  IOVCL = ETA(9)
  IOVMT = ETA(15)
ENDIF
IF (OCC.EQ.6) THEN
  IOVCL = ETA(10)
  IOVMT = ETA(16)
ENDIF

IIVCL  = ETA(1)
IIVMT  = ETA(4)

TVCL   = THETA(1)*CLCOV              ; CL
CL     = TVCL*EXP(IOVCL + IIVCL)     ; CL

TVV    = THETA(2)                    ; V
V      = TVV*EXP(ETA(2))             ; V

K     = CL/V                         ; K

TVKA  = THETA(3)                     ; KA
KA    = TVKA * EXP(ETA(3))           ; KA

S2    = V
F1  = 0                            ; important!

TVMTT = THETA(6)*MTTCOV              ; MTT
MTT   = TVMTT*EXP(IOVMT + IIVMT)     ; MTT

TVNN  = THETA(7)                     ; NN
NN    = TVNN*EXP(ETA(17))            ; NN

KTR   = (NN+1)/MTT
L     = LOG(2.5066)+(NN+.5)*LOG(NN)-NN+LOG(1+1/(12*NN))

$DES  

X = 0.00001

IF(T.GT.TDOS)THEN
  DADT(1)=EXP(LOG(PD+X)+LOG(KTR+X)+NN*LOG(KTR*(T-TDOS)+X)-KTR*(T-TDOS)-L)-KA*A(1)
ELSE
  DADT(1)=EXP(LOG(PD+X)+LOG(KTR+X)+NN*LOG(KTR*T+X)-KTR*T-L)-KA*A(1)
ENDIF
DADT(2)=KA*A(1)-K*A(2)

$ERROR   (ONLY OBSERVATIONS)

AA1   = A(1)
AA2   = A(2)

CP    = A(2)/V

IPRED = F
W     = SQRT(THETA(4)**2+THETA(5)**2*F*F)
IRES  = DV-IPRED
IWRES = IRES/W
Y     = IPRED+W*EPS(1)

$THETA  (0,20.4937) ; 1 CL
$THETA  (0,55.8433,100) ; 2 V
$THETA  (0,0.878858) ; 3 KA
$THETA  (0,0.0803316) ; 4 ADD err
$THETA  (0,0.255282) ; 5 CCV err
$THETA  (0,0.382318) ; 6 MTT
$THETA  (1,4.42696,80) ; 7 NN
$THETA  (-1,0.935562,5) ; 8 FDC on MTT
$THETA  (-1,0.155522,5) ; 9 LOC on CL
$OMEGA  BLOCK(2)
 0.237494  ; 1 IIV CL/F
 0.171532 0.135696  ;  2 IIV V/F
$OMEGA  0.454922  ;   3 IIV KA
$OMEGA  0.333651  ;  4 IIV MTT
$OMEGA  BLOCK(1)
 0.048617  ;   5 IOV CL
$OMEGA  BLOCK(1) SAME
$OMEGA  BLOCK(1) SAME
$OMEGA  BLOCK(1) SAME
$OMEGA  BLOCK(1) SAME
$OMEGA  BLOCK(1) SAME
$OMEGA  BLOCK(1)
 0.253377  ; 11 IOV MTT
$OMEGA  BLOCK(1) SAME
$OMEGA  BLOCK(1) SAME
$OMEGA  BLOCK(1) SAME
$OMEGA  BLOCK(1) SAME
$OMEGA  BLOCK(1) SAME
$OMEGA  0.959875  ;      17 NN
$SIGMA  1.000000  FIX
$ESTIMATION METHOD=1 INTER PRINT=3 MAXEVAL=9999 SIGDIG=3
            MSFO=TB_Rifampicin_PK_Wilkins_1.msf
$COVARIANCE PRINT=E MATRIX=S
$TABLE      ID TIME IPRED IWRES AA1 AA2 CP NOPRINT ONEHEADER
            FILE=sdtab.TB_Rifampicin_PK_Wilkins_1
$TABLE      ID CL V KA K MTT NN ETA1 ETA2 ETA3 ETA4 ETA5 ETA11 ETA17
            NOPRINT ONEHEADER FILE=patab.TB_Rifampicin_PK_Wilkins_1
$TABLE      ID DOSE NOPRINT ONEHEADER
            FILE=cotab.TB_Rifampicin_PK_Wilkins_1
$TABLE      ID FDC NOPRINT ONEHEADER
            FILE=catab.TB_Rifampicin_PK_Wilkins_1

  
NM-TRAN MESSAGES 
  
 WARNINGS AND ERRORS (IF ANY) FOR PROBLEM    1
             
 (WARNING  2) NM-TRAN INFERS THAT THE DATA ARE POPULATION.
             
 (WARNING  113) VERBATIM CODE CONTAINS "COMMON". IF THIS IS NOT A
 USER-DEFINED COMMON, IT SHOULD BE REPLACED BY THE APPROPRIATE MODULE.
  
License Registered to: Occams Cooperatie U.A
Expiration Date:    14 JUN 2017
Current Date:       12 MAY 2017
Days until program expires :  32
1NONLINEAR MIXED EFFECTS MODEL PROGRAM (NONMEM) VERSION 7.3.0
 ORIGINALLY DEVELOPED BY STUART BEAL, LEWIS SHEINER, AND ALISON BOECKMANN
 CURRENT DEVELOPERS ARE ROBERT BAUER, ICON DEVELOPMENT SOLUTIONS,
 AND ALISON BOECKMANN. IMPLEMENTATION, EFFICIENCY, AND STANDARDIZATION
 PERFORMED BY NOUS INFOSYSTEMS.

 PROBLEM NO.:         1
 RIF final model with simulated data
0DATA CHECKOUT RUN:              NO
 DATA SET LOCATED ON UNIT NO.:    2
 THIS UNIT TO BE REWOUND:        NO
 NO. OF DATA RECS IN DATA SET:     6868
 NO. OF DATA ITEMS IN DATA SET:   9
 ID DATA ITEM IS DATA ITEM NO.:   1
 DEP VARIABLE IS DATA ITEM NO.:   4
 MDV DATA ITEM IS DATA ITEM NO.:  5
0INDICES PASSED TO SUBROUTINE PRED:
   6   3   8   0   0   0   0   0   0   0   0
0LABELS FOR DATA ITEMS:
 ID OCC TIME DV MDV EVID DOSE AMT FDC
0(NONBLANK) LABELS FOR PRED-DEFINED ITEMS:
 CL V K KA MTT NN AA1 AA2 CP IPRED IWRES
0FORMAT FOR DATA:
 (E4.0,E2.0,E7.0,E11.0,2E2.0,2E4.0,E2.0)

 TOT. NO. OF OBS RECS:     2868
 TOT. NO. OF INDIVIDUALS:    250
0LENGTH OF THETA:   9
0DEFAULT THETA BOUNDARY TEST OMITTED:    NO
0OMEGA HAS BLOCK FORM:
  1
  1  1
  0  0  2
  0  0  0  3
  0  0  0  0  4
  0  0  0  0  0  4
  0  0  0  0  0  0  4
  0  0  0  0  0  0  0  4
  0  0  0  0  0  0  0  0  4
  0  0  0  0  0  0  0  0  0  4
  0  0  0  0  0  0  0  0  0  0  5
  0  0  0  0  0  0  0  0  0  0  0  5
  0  0  0  0  0  0  0  0  0  0  0  0  5
  0  0  0  0  0  0  0  0  0  0  0  0  0  5
  0  0  0  0  0  0  0  0  0  0  0  0  0  0  5
  0  0  0  0  0  0  0  0  0  0  0  0  0  0  0  5
  0  0  0  0  0  0  0  0  0  0  0  0  0  0  0  0  6
0DEFAULT OMEGA BOUNDARY TEST OMITTED:    NO
0SIGMA HAS SIMPLE DIAGONAL FORM WITH DIMENSION:   1
0DEFAULT SIGMA BOUNDARY TEST OMITTED:    NO
0INITIAL ESTIMATE OF THETA:
 LOWER BOUND    INITIAL EST    UPPER BOUND
  0.0000E+00     0.2049E+02     0.1000E+07
  0.0000E+00     0.5584E+02     0.1000E+03
  0.0000E+00     0.8789E+00     0.1000E+07
  0.0000E+00     0.8033E-01     0.1000E+07
  0.0000E+00     0.2553E+00     0.1000E+07
  0.0000E+00     0.3823E+00     0.1000E+07
  0.1000E+01     0.4427E+01     0.8000E+02
 -0.1000E+01     0.9356E+00     0.5000E+01
 -0.1000E+01     0.1555E+00     0.5000E+01
0INITIAL ESTIMATE OF OMEGA:
 BLOCK SET NO.   BLOCK                                                                    FIXED
        1                                                                                   NO
                  0.2375E+00
                  0.1715E+00   0.1357E+00
        2                                                                                   NO
                  0.4549E+00
        3                                                                                   NO
                  0.3337E+00
        4                                                                                   NO
                  0.4862E-01
        5                                                                                   NO
                  0.2534E+00
        6                                                                                   NO
                  0.9599E+00
0INITIAL ESTIMATE OF SIGMA:
 0.1000E+01
0SIGMA CONSTRAINED TO BE THIS INITIAL ESTIMATE
0COVARIANCE STEP OMITTED:        NO
 R MATRIX SUBSTITUTED:           NO
 S MATRIX SUBSTITUTED:          YES
 EIGENVLS. PRINTED:             YES
 SPECIAL COMPUTATION:            NO
 COMPRESSED FORMAT:              NO
 SIGDIGITS ETAHAT (SIGLO):                  -1
 SIGDIGITS GRADIENTS (SIGL):                -1
 RELATIVE TOLERANCE (TOL):                  -1
 ABSOLUTE TOLERANCE-ADVAN 9,13 ONLY (ATOL): -1
 EXCLUDE COV FOR FOCE (NOFCOV):              NO
 RESUME COV ANALYSIS (RESUME):               NO
0TABLES STEP OMITTED:    NO
 NO. OF TABLES:           4
 SEED NUMBER (SEED):    11456
 RANMETHOD:
 MC SAMPLES (ESEED):    300
 WRES SQUARE ROOT TYPE:            EIGENVALUE
0-- TABLE   1 --
 PRINTED:                NO
 HEADERS:               ONE
 FILE TO BE FORWARDED:   NO
 FORMAT:                S1PE11.4
 LFORMAT:
 RFORMAT:
0USER-CHOSEN ITEMS:
 ID TIME IPRED IWRES AA1 AA2 CP
0-- TABLE   2 --
 PRINTED:                NO
 HEADERS:               ONE
 FILE TO BE FORWARDED:   NO
 FORMAT:                S1PE11.4
 LFORMAT:
 RFORMAT:
0USER-CHOSEN ITEMS:
 ID CL V KA K MTT NN ETA1 ETA2 ETA3 ETA4 ETA5 ET11 ET17
0-- TABLE   3 --
 PRINTED:                NO
 HEADERS:               ONE
 FILE TO BE FORWARDED:   NO
 FORMAT:                S1PE11.4
 LFORMAT:
 RFORMAT:
0USER-CHOSEN ITEMS:
 ID DOSE
0-- TABLE   4 --
 PRINTED:                NO
 HEADERS:               ONE
 FILE TO BE FORWARDED:   NO
 FORMAT:                S1PE11.4
 LFORMAT:
 RFORMAT:
0USER-CHOSEN ITEMS:
 ID FDC
1DOUBLE PRECISION PREDPP VERSION 7.3.0

 GENERAL NONLINEAR KINETICS MODEL (ADVAN6)
0MODEL SUBROUTINE USER-SUPPLIED - ID NO. 9999
0MAXIMUM NO. OF BASIC PK PARAMETERS:   7
0COMPARTMENT ATTRIBUTES
 COMPT. NO.   FUNCTION   INITIAL    ON/OFF      DOSE      DEFAULT    DEFAULT
                         STATUS     ALLOWED    ALLOWED    FOR DOSE   FOR OBS.
    1         DEPOT        ON         YES        YES        YES        NO
    2         CENTRAL      ON         YES        YES        NO         YES
    3         OUTPUT       OFF        YES        NO         NO         NO
0NRD VALUE FROM SUBROUTINE TOL:   4
1
 ADDITIONAL PK PARAMETERS - ASSIGNMENT OF ROWS IN GG
 COMPT. NO.                             INDICES
              SCALE      BIOAVAIL.   ZERO-ORDER  ZERO-ORDER  ABSORB
                         FRACTION    RATE        DURATION    LAG
    1            *           9           *           *           *
    2            8           *           *           *           *
    3            *           -           -           -           -
             - PARAMETER IS NOT ALLOWED FOR THIS MODEL
             * PARAMETER IS NOT SUPPLIED BY PK SUBROUTINE;
               WILL DEFAULT TO ONE IF APPLICABLE
0DATA ITEM INDICES USED BY PRED ARE:
   EVENT ID DATA ITEM IS DATA ITEM NO.:      6
   TIME DATA ITEM IS DATA ITEM NO.:          3
   DOSE AMOUNT DATA ITEM IS DATA ITEM NO.:   8

0PK SUBROUTINE CALLED WITH EVERY EVENT RECORD.
 PK SUBROUTINE NOT CALLED AT NONEVENT (ADDITIONAL OR LAGGED) DOSE TIMES.
0DURING SIMULATION, ERROR SUBROUTINE CALLED WITH EVERY EVENT RECORD.
 OTHERWISE, ERROR SUBROUTINE CALLED ONLY WITH OBSERVATION EVENTS.
0ERROR SUBROUTINE INDICATES THAT DERIVATIVES OF COMPARTMENT AMOUNTS ARE USED.
0DES SUBROUTINE USES COMPACT STORAGE MODE.
1
 
 
 #TBLN:      1
 #METH: First Order Conditional Estimation with Interaction
 
 ESTIMATION STEP OMITTED:                 NO  
 ANALYSIS TYPE:                           POPULATION
 CONDITIONAL ESTIMATES USED:              YES 
 CENTERED ETA:                            NO  
 EPS-ETA INTERACTION:                     YES 
 LAPLACIAN OBJ. FUNC.:                    NO  
 NO. OF FUNCT. EVALS. ALLOWED:            9999
 NO. OF SIG. FIGURES REQUIRED:            3
 INTERMEDIATE PRINTOUT:                   YES 
 ESTIMATE OUTPUT TO MSF:                  YES 
 IND. OBJ. FUNC. VALUES SORTED:           NO  
 NUMERICAL DERIVATIVE 
       FILE REQUEST (NUMDER):             NONE
 MAP (ETAHAT) ESTIMATION METHOD (OPTMAP): 0           
 ETA HESSIAN EVALUATION METHOD (ETADER):  0           
 INITIAL ETA FOR MAP ESTIMATION (MCETA):  0           
 SIGDIGITS FOR MAP ESTIMATION (SIGLO):    100         
 GRADIENT SIGDIGITS OF 
       FIXED EFFECTS PARAMETERS (SIGL):   100         
 EXCLUDE TITLE (NOTITLE):                 NO 
 EXCLUDE COLUMN LABELS (NOLABEL):         NO 
 NOPRIOR SETTING (NOPRIOR):               OFF
 NOCOV SETTING (NOCOV):                   OFF
 DERCONT SETTING (DERCONT):               OFF
 ABSOLUTE TOLERANCE-ADVAN 9,13 ONLY(ATOL):-100        
 FINAL ETA RE-EVALUATION (FNLETA):        ON 
 EXCLUDE NON-INFLUENTIAL (NON-INFL.) ETAS 
       IN SHRINKAGE (ETASTYPE):           NO 
 NON-INFL. ETA CORRECTION (NONINFETA):    OFF
 FORMAT FOR ADDITIONAL FILES (FORMAT):    S1PE12.5
 PARAMETER ORDER FOR OUTPUTS (ORDER):     TSOL
 ADDITIONAL CONVERGENCE TEST (CTYPE=4)?:  NO
 EM OR BAYESIAN METHOD USED:                NONE
 
 
 THE FOLLOWING LABELS ARE EQUIVALENT
 PRED=PREDI
 RES=RESI
 WRES=WRESI
 IWRS=IWRESI
 IPRD=IPREDI
 IRS=IRESI
 
 MONITORING OF SEARCH:

 
0ITERATION NO.:    0    OBJECTIVE VALUE:   2273.45693524952        NO. OF FUNC. EVALS.:  11
 CUMULATIVE NO. OF FUNC. EVALS.:       11
 NPARAMETR:  2.0494E+01  5.5843E+01  8.7886E-01  8.0332E-02  2.5528E-01  3.8232E-01  4.4270E+00  9.3556E-01  1.5552E-01  2.3749E-01
             1.7153E-01  1.3570E-01  4.5492E-01  3.3365E-01  4.8617E-02  2.5338E-01  9.5987E-01
 PARAMETER:  1.0000E-01  1.0000E-01  1.0000E-01  1.0000E-01  1.0000E-01  1.0000E-01  1.0000E-01  1.0000E-01  1.0000E-01  1.0000E-01
             1.0000E-01  1.0000E-01  1.0000E-01  1.0000E-01  1.0000E-01  1.0000E-01  1.0000E-01
 GRADIENT:   9.9288E+01 -3.0829E+01  3.7102E+02 -1.5221E+01 -1.8669E+03  2.4792E+03 -1.4696E+02  2.8508E+01 -4.3158E+01  8.8401E+01
            -8.4832E+02  3.3892E+00  3.7102E+01  1.4450E+02 -6.5557E+02  2.6489E+03  3.8042E+01
 
0ITERATION NO.:    3    OBJECTIVE VALUE:   2262.09868750311        NO. OF FUNC. EVALS.:  13
 CUMULATIVE NO. OF FUNC. EVALS.:       51
 NPARAMETR:  2.1271E+01  5.5968E+01  9.0099E-01  8.0299E-02  2.5877E-01  3.7595E-01  4.3596E+00  9.2257E-01  1.6455E-01  2.3719E-01
             1.9954E-01  1.7954E-01  4.3935E-01  3.3447E-01  4.7813E-02  2.7232E-01  9.4239E-01
 PARAMETER:  1.3722E-01  1.0504E-01  1.2487E-01  9.9592E-02  1.1357E-01  8.3213E-02  7.9247E-02  9.0074E-02  1.0965E-01  9.9355E-02
             1.1641E-01  9.3959E-02  8.2582E-02  1.0123E-01  9.1657E-02  1.3605E-01  9.0807E-02
 GRADIENT:   1.6474E+02 -1.1403E+02  3.8362E+00  7.1268E+00  4.0725E+01  2.9500E+01  5.0281E+01  2.4580E+01  5.8731E+01  8.1961E+00
            -5.8231E+01  1.7969E+01  4.6158E+01  1.5989E+01  1.1381E+01 -8.8183E+01  1.8840E+01
 
0ITERATION NO.:    6    OBJECTIVE VALUE:   2217.04600681376        NO. OF FUNC. EVALS.:  12
 CUMULATIVE NO. OF FUNC. EVALS.:       87
 NPARAMETR:  2.2501E+01  6.0985E+01  9.4764E-01  7.9591E-02  2.4439E-01  3.7470E-01  3.3968E+00  7.9125E-01  1.6847E-01  2.2597E-01
             1.8941E-01  1.6842E-01  2.8928E-01  2.9023E-01  5.0472E-02  4.9307E-01  7.2517E-01
 PARAMETER:  1.9343E-01  3.1187E-01  1.7535E-01  9.0743E-02  5.6391E-02  7.9862E-02 -2.7106E-01 -1.2375E-02  1.1382E-01  7.5126E-02
             1.1320E-01 -6.0443E-04 -1.2637E-01  3.0297E-02  1.1872E-01  4.3289E-01 -4.0201E-02
 GRADIENT:  -3.2021E+00  3.7685E+01  5.0654E+01  1.0034E+01  5.6651E+01 -1.9755E+01  3.9385E+01  1.8237E+00 -3.3878E+00  3.4381E+01
            -4.6683E+02  5.5281E+00 -4.7291E+01  3.7279E+01  3.2075E+01  1.0812E+02  3.5712E+00
 
0ITERATION NO.:    9    OBJECTIVE VALUE:   2207.01664182230        NO. OF FUNC. EVALS.:  13
 CUMULATIVE NO. OF FUNC. EVALS.:      127
 NPARAMETR:  2.2243E+01  6.1005E+01  9.8643E-01  7.6980E-02  2.4476E-01  3.8976E-01  2.7891E+00  7.0653E-01  1.6574E-01  2.3178E-01
             1.9821E-01  1.7778E-01  3.2685E-01  2.5457E-01  4.7400E-02  4.9382E-01  6.6048E-01
 PARAMETER:  1.8192E-01  3.1273E-01  2.1546E-01  5.7377E-02  5.7926E-02  1.1929E-01 -5.7142E-01 -8.0754E-02  1.1092E-01  8.7820E-02
             1.1697E-01 -7.7769E-02 -6.5319E-02 -3.5256E-02  8.7325E-02  4.3365E-01 -8.6917E-02
 GRADIENT:  -5.9101E+01  5.1157E+01  5.2758E+01  2.2196E+00  3.1994E+01 -4.0842E+01  1.8462E+01 -9.1301E+00 -2.1672E+01  3.1211E+01
            -3.0207E+02  1.7486E+00 -3.0930E+01  1.8462E+01 -2.1427E+01  9.7921E+01 -9.6812E+00
 
0ITERATION NO.:   12    OBJECTIVE VALUE:   2204.24408720943        NO. OF FUNC. EVALS.:  12
 CUMULATIVE NO. OF FUNC. EVALS.:      164
 NPARAMETR:  2.2283E+01  6.1194E+01  9.6682E-01  7.6350E-02  2.4417E-01  3.9764E-01  2.6016E+00  6.3624E-01  1.8225E-01  2.5321E-01
             2.1548E-01  1.9015E-01  3.2494E-01  2.7334E-01  4.6930E-02  4.9670E-01  9.9851E-01
 PARAMETER:  1.8370E-01  3.2068E-01  1.9538E-01  4.9168E-02  5.5506E-02  1.3929E-01 -6.8456E-01 -1.3906E-01  1.2840E-01  1.3203E-01
             1.2166E-01 -1.7701E-01 -6.8239E-02  3.0348E-04  8.2344E-02  4.3655E-01  1.1973E-01
 GRADIENT:  -8.5004E+01  6.6979E+01  3.5388E+01 -5.6021E+00  1.9496E+01 -3.5647E+01  1.8761E+01 -1.3526E+01 -1.2999E+01  7.1717E+01
            -3.4782E+02 -6.1267E-01 -3.0408E+01  2.7078E+01 -2.6134E+01  1.1160E+02  1.6510E+01
 
0ITERATION NO.:   15    OBJECTIVE VALUE:   2201.37540979529        NO. OF FUNC. EVALS.:  12
 CUMULATIVE NO. OF FUNC. EVALS.:      201
 NPARAMETR:  2.2239E+01  6.0860E+01  9.7033E-01  8.0423E-02  2.4253E-01  4.0631E-01  2.6338E+00  6.3618E-01  1.8010E-01  2.4955E-01
             2.1532E-01  1.8936E-01  3.4638E-01  2.7413E-01  4.7192E-02  4.8426E-01  9.8063E-01
 PARAMETER:  1.8172E-01  3.0662E-01  1.9901E-01  1.0113E-01  4.8771E-02  1.6087E-01 -6.6422E-01 -1.3910E-01  1.2614E-01  1.2475E-01
             1.2246E-01 -4.9698E-01 -3.6292E-02  1.7536E-03  8.5128E-02  4.2387E-01  1.1070E-01
 GRADIENT:  -9.0214E+01  6.6609E+01  2.6033E+01  1.7067E+00  3.5599E+01 -3.4302E+01  2.0560E+01 -1.5882E+01 -1.4212E+01  5.3657E+01
            -2.3925E+02 -3.1521E+00 -1.6395E+01  2.3313E+01 -3.2518E+01  8.9863E+01  1.7123E+01
 
0ITERATION NO.:   18    OBJECTIVE VALUE:   2195.08740701797        NO. OF FUNC. EVALS.:  14
 CUMULATIVE NO. OF FUNC. EVALS.:      240
 NPARAMETR:  2.1895E+01  5.9340E+01  9.7571E-01  8.3357E-02  2.3848E-01  4.1009E-01  2.4320E+00  7.6776E-01  1.7919E-01  2.4718E-01
             2.1219E-01  1.8485E-01  3.7889E-01  2.2780E-01  4.9346E-02  4.6681E-01  1.0249E+00
 PARAMETER:  1.6615E-01  2.4322E-01  2.0455E-01  1.3696E-01  3.1933E-02  1.7013E-01 -7.9866E-01 -3.1140E-02  1.2517E-01  1.1999E-01
             1.2125E-01 -6.3714E-01  8.5639E-03 -9.0806E-02  1.0744E-01  4.0552E-01  1.3280E-01
 GRADIENT:  -2.9371E+01  2.5310E+01  2.2984E+01  1.4088E+01  9.8850E+00 -3.1510E+01  1.5218E+01 -3.6180E+00  2.9628E+00  4.2536E+01
            -1.7029E+02 -2.2510E+00 -1.4171E+00  4.3500E+00  2.9132E+00  4.8821E+01  1.6291E+01
 
0ITERATION NO.:   21    OBJECTIVE VALUE:   2190.56822774346        NO. OF FUNC. EVALS.:  12
 CUMULATIVE NO. OF FUNC. EVALS.:      278
 NPARAMETR:  2.1680E+01  5.8652E+01  9.9355E-01  7.9606E-02  2.3761E-01  4.5521E-01  2.0015E+00  6.9890E-01  1.7730E-01  2.3536E-01
             2.0420E-01  1.8211E-01  4.1789E-01  2.0677E-01  4.9083E-02  4.1903E-01  9.5578E-01
 PARAMETER:  1.5626E-01  2.1481E-01  2.2266E-01  9.0932E-02  2.8253E-02  2.7451E-01 -1.1617E+00 -8.7011E-02  1.2318E-01  9.5483E-02
             1.1959E-01 -3.3563E-01  5.7546E-02 -1.3924E-01  1.0477E-01  3.5153E-01  9.7863E-02
 GRADIENT:   1.1983E+01 -5.2829E+00 -2.3039E+00  1.9785E+00  8.0704E+00 -1.0572E+00  1.7078E+00  1.1976E-01  8.2902E+00  4.0899E+00
            -3.4776E+00 -3.6692E-01  3.1942E+00 -3.5458E+00  2.1730E+00 -1.4711E+01 -1.1851E+00
 
0ITERATION NO.:   24    OBJECTIVE VALUE:   2190.46619466198        NO. OF FUNC. EVALS.:  12
 CUMULATIVE NO. OF FUNC. EVALS.:      315
 NPARAMETR:  2.1671E+01  5.8672E+01  9.9327E-01  7.9393E-02  2.3764E-01  4.5163E-01  1.9726E+00  7.0388E-01  1.7499E-01  2.3376E-01
             2.0320E-01  1.8187E-01  4.1340E-01  2.1010E-01  4.8976E-02  4.2515E-01  9.7599E-01
 PARAMETER:  1.5587E-01  2.1564E-01  2.2238E-01  8.8251E-02  2.8373E-02  2.6661E-01 -1.1914E+00 -8.2930E-02  1.2073E-01  9.2084E-02
             1.1940E-01 -3.0566E-01  5.2145E-02 -1.3126E-01  1.0368E-01  3.5878E-01  1.0832E-01
 GRADIENT:  -1.1405E-01 -4.3383E-01 -1.2068E-01  1.2343E+00  6.5873E+00 -3.5316E+00  6.3088E-01 -6.6846E-01  1.4673E+00  3.2605E-01
             5.4796E+00  4.7165E-02  2.0494E+00 -1.6659E+00  6.5558E-01 -4.6273E+00  2.4899E-01
 
0ITERATION NO.:   27    OBJECTIVE VALUE:   2190.43883968246        NO. OF FUNC. EVALS.:  12
 CUMULATIVE NO. OF FUNC. EVALS.:      351
 NPARAMETR:  2.1682E+01  5.8669E+01  9.9175E-01  7.9178E-02  2.3725E-01  4.5134E-01  1.9632E+00  7.0636E-01  1.7438E-01  2.3314E-01
             2.0272E-01  1.8152E-01  4.0837E-01  2.1520E-01  4.9015E-02  4.2635E-01  9.7559E-01
 PARAMETER:  1.5635E-01  2.1548E-01  2.2085E-01  8.5530E-02  2.6754E-02  2.6596E-01 -1.2012E+00 -8.0894E-02  1.2008E-01  9.0746E-02
             1.1928E-01 -3.0517E-01  4.6030E-02 -1.1926E-01  1.0408E-01  3.6019E-01  1.0812E-01
 GRADIENT:  -7.6876E-02  6.3599E-02  1.9430E-01 -1.4020E-01 -4.6275E-01  5.6541E-01 -1.2343E-01 -3.7708E-02 -1.4662E-01  1.1986E-01
            -3.8575E-01 -1.8756E-02 -4.7231E-03 -1.1968E-01 -1.2738E-01  8.9383E-01  7.5510E-02
 
0ITERATION NO.:   30    OBJECTIVE VALUE:   2190.34707577965        NO. OF FUNC. EVALS.:  22
 CUMULATIVE NO. OF FUNC. EVALS.:      419
 NPARAMETR:  2.1841E+01  5.9137E+01  9.9855E-01  7.9184E-02  2.3740E-01  4.5446E-01  1.9766E+00  6.9913E-01  1.7432E-01  2.3323E-01
             2.0334E-01  1.8268E-01  4.1155E-01  2.1516E-01  4.8987E-02  4.2341E-01  9.6467E-01
 PARAMETER:  1.6367E-01  2.3485E-01  2.2768E-01  8.5616E-02  2.7365E-02  2.7286E-01 -1.1872E+00 -8.6820E-02  1.2003E-01  9.0951E-02
             1.1962E-01 -2.9147E-01  4.9902E-02 -1.1935E-01  1.0379E-01  3.5673E-01  1.0249E-01
 GRADIENT:  -1.5141E+00  1.4186E-02 -4.6178E-01 -8.8791E-03  6.3599E-01 -1.9379E+00  1.3581E-01 -4.7805E-01  6.2322E-01 -2.6383E+00
             2.7708E+01  1.9875E-01  2.9029E-01  1.9410E-01 -2.2676E-01  2.9416E-01 -3.4818E-01
 
0ITERATION NO.:   33    OBJECTIVE VALUE:   2190.33757688212        NO. OF FUNC. EVALS.:  23
 CUMULATIVE NO. OF FUNC. EVALS.:      485
 NPARAMETR:  2.1856E+01  5.9167E+01  9.9938E-01  7.9195E-02  2.3743E-01  4.5489E-01  1.9765E+00  7.0075E-01  1.7387E-01  2.3299E-01
             2.0281E-01  1.8187E-01  4.1189E-01  2.1538E-01  4.8989E-02  4.2232E-01  9.6674E-01
 PARAMETER:  1.6435E-01  2.3606E-01  2.2852E-01  8.5756E-02  2.7522E-02  2.7380E-01 -1.1873E+00 -8.5493E-02  1.1955E-01  9.0417E-02
             1.1937E-01 -2.9753E-01  5.0319E-02 -1.1884E-01  1.0381E-01  3.5544E-01  1.0356E-01
 GRADIENT:  -1.7803E-03  1.1853E-01 -1.3616E-01 -6.4289E-02  3.3108E-01 -8.4753E-01  1.1350E-01 -1.2898E-01  4.8592E-02 -7.0971E-01
             6.7674E+00  5.9815E-02  9.8938E-02  1.1671E-01 -2.0234E-01 -1.4759E-01 -1.6255E-01
 
0ITERATION NO.:   36    OBJECTIVE VALUE:   2190.33621717218        NO. OF FUNC. EVALS.:  42
 CUMULATIVE NO. OF FUNC. EVALS.:      603
 NPARAMETR:  2.1857E+01  5.9170E+01  9.9950E-01  7.9198E-02  2.3742E-01  4.5495E-01  1.9765E+00  7.0069E-01  1.7386E-01  2.3301E-01
             2.0273E-01  1.8172E-01  4.1193E-01  2.1536E-01  4.8989E-02  4.2221E-01  9.6715E-01
 PARAMETER:  1.6441E-01  2.3618E-01  2.2863E-01  8.5793E-02  2.7467E-02  2.7393E-01 -1.1873E+00 -8.5543E-02  1.1954E-01  9.0466E-02
             1.1932E-01 -2.9753E-01  5.0370E-02 -1.1889E-01  1.0382E-01  3.5531E-01  1.0378E-01
 GRADIENT:   9.1258E+03 -1.7966E+00 -6.5613E+03 -1.4998E+04  1.4993E+04  2.7438E+00  1.2641E+03  1.4998E+04  1.2547E+04  1.4985E+04
             6.7380E+00 -4.2355E-01 -1.5001E+04  1.2613E+04  8.0058E-01  1.2198E-01  7.3784E-01
 
 #TERM:
0MINIMIZATION SUCCESSFUL
 HOWEVER, PROBLEMS OCCURRED WITH THE MINIMIZATION.
 REGARD THE RESULTS OF THE ESTIMATION STEP CAREFULLY, AND ACCEPT THEM ONLY
 AFTER CHECKING THAT THE COVARIANCE STEP PRODUCES REASONABLE OUTPUT.
 NO. OF FUNCTION EVALUATIONS USED:      603
 NO. OF SIG. DIGITS IN FINAL EST.:  3.3

 ETABAR IS THE ARITHMETIC MEAN OF THE ETA-ESTIMATES,
 AND THE P-VALUE IS GIVEN FOR THE NULL HYPOTHESIS THAT THE TRUE MEAN IS 0.
 
 ETABAR:        -3.9885E-02 -4.1035E-02  1.7161E-01  1.3521E-01  5.2692E-03  1.4282E-02  1.2532E-02  5.4239E-03  4.0034E-03  7.3916E-04
                 5.1287E-02  2.6484E-02  3.6804E-02  6.5472E-02  3.6760E-02  4.8277E-02  3.0404E-01
 SE:             2.9245E-02  2.5677E-02  3.2368E-02  1.9448E-02  8.6135E-03  9.4951E-03  9.3217E-03  8.4120E-03  7.9910E-03  8.3557E-03
                 2.2881E-02  2.3866E-02  2.5620E-02  2.4125E-02  2.1326E-02  2.1826E-02  3.5094E-02
 N:                     250         250         250         250         250         250         250         250         250         250
                        250         250         250         250         250         250         250
 
 P VAL.:         1.7263E-01  1.1002E-01  1.1489E-07  3.6091E-12  5.4071E-01  1.3253E-01  1.7883E-01  5.1907E-01  6.1638E-01  9.2951E-01
                 2.4995E-02  2.6715E-01  1.5086E-01  6.6497E-03  8.4755E-02  2.6971E-02  4.6245E-18
 
 ETAshrink(%):   4.0142E+00  4.5708E+00  2.0101E+01  3.3606E+01  3.8345E+01  3.2035E+01  3.3275E+01  3.9787E+01  4.2800E+01  4.0190E+01
                 4.4211E+01  4.1808E+01  3.7531E+01  4.1178E+01  4.8003E+01  4.6784E+01  4.3464E+01
 EBVshrink(%):   3.8913E+00  4.7026E+00  2.2547E+01  3.5240E+01  3.7476E+01  3.4369E+01  3.5679E+01  3.8393E+01  3.5179E+01  3.7734E+01
                 4.1808E+01  4.0132E+01  3.9921E+01  4.2727E+01  4.0887E+01  4.2575E+01  4.9196E+01
 EPSshrink(%):   3.4419E+01
 
 #TERE:
 Elapsed estimation time in seconds: 11200.20
 Elapsed covariance time in seconds:   872.52
1
 
 
 
 
 
 
 
 
 
 
 
 
 
 
 
 
 
 
 
 
 ************************************************************************************************************************
 ********************                                                                                ********************
 ********************               FIRST ORDER CONDITIONAL ESTIMATION WITH INTERACTION              ********************
 #OBJT:**************                       MINIMUM VALUE OF OBJECTIVE FUNCTION                      ********************
 ********************                                                                                ********************
 ************************************************************************************************************************
 





 #OBJV:********************************************     2190.336       **************************************************
1
 ************************************************************************************************************************
 ********************                                                                                ********************
 ********************               FIRST ORDER CONDITIONAL ESTIMATION WITH INTERACTION              ********************
 ********************                             FINAL PARAMETER ESTIMATE                           ********************
 ********************                                                                                ********************
 ************************************************************************************************************************
 


 THETA - VECTOR OF FIXED EFFECTS PARAMETERS   *********


         TH 1      TH 2      TH 3      TH 4      TH 5      TH 6      TH 7      TH 8      TH 9     
 
         2.19E+01  5.92E+01  9.99E-01  7.92E-02  2.37E-01  4.55E-01  1.98E+00  7.01E-01  1.74E-01
 


 OMEGA - COV MATRIX FOR RANDOM EFFECTS - ETAS  ********


            ETA1      ETA2      ETA3      ETA4      ETA5      ETA6      ETA7      ETA8      ETA9      ET10      ET11      ET12   
             ET13      ET14      ET15      ET16      ET17   
 
 ETA1
+        2.33E-01
 
 ETA2
+        2.03E-01  1.82E-01
 
 ETA3
+        0.00E+00  0.00E+00  4.12E-01
 
 ETA4
+        0.00E+00  0.00E+00  0.00E+00  2.15E-01
 
 ETA5
+        0.00E+00  0.00E+00  0.00E+00  0.00E+00  4.90E-02
 
 ETA6
+        0.00E+00  0.00E+00  0.00E+00  0.00E+00  0.00E+00  4.90E-02
 
 ETA7
+        0.00E+00  0.00E+00  0.00E+00  0.00E+00  0.00E+00  0.00E+00  4.90E-02
 
 ETA8
+        0.00E+00  0.00E+00  0.00E+00  0.00E+00  0.00E+00  0.00E+00  0.00E+00  4.90E-02
 
 ETA9
+        0.00E+00  0.00E+00  0.00E+00  0.00E+00  0.00E+00  0.00E+00  0.00E+00  0.00E+00  4.90E-02
 
 ET10
+        0.00E+00  0.00E+00  0.00E+00  0.00E+00  0.00E+00  0.00E+00  0.00E+00  0.00E+00  0.00E+00  4.90E-02
 
 ET11
+        0.00E+00  0.00E+00  0.00E+00  0.00E+00  0.00E+00  0.00E+00  0.00E+00  0.00E+00  0.00E+00  0.00E+00  4.22E-01
 
 ET12
+        0.00E+00  0.00E+00  0.00E+00  0.00E+00  0.00E+00  0.00E+00  0.00E+00  0.00E+00  0.00E+00  0.00E+00  0.00E+00  4.22E-01
 
 ET13
+        0.00E+00  0.00E+00  0.00E+00  0.00E+00  0.00E+00  0.00E+00  0.00E+00  0.00E+00  0.00E+00  0.00E+00  0.00E+00  0.00E+00
          4.22E-01
 
 ET14
+        0.00E+00  0.00E+00  0.00E+00  0.00E+00  0.00E+00  0.00E+00  0.00E+00  0.00E+00  0.00E+00  0.00E+00  0.00E+00  0.00E+00
          0.00E+00  4.22E-01
 
 ET15
+        0.00E+00  0.00E+00  0.00E+00  0.00E+00  0.00E+00  0.00E+00  0.00E+00  0.00E+00  0.00E+00  0.00E+00  0.00E+00  0.00E+00
          0.00E+00  0.00E+00  4.22E-01
 
1

            ETA1      ETA2      ETA3      ETA4      ETA5      ETA6      ETA7      ETA8      ETA9      ET10      ET11      ET12   
             ET13      ET14      ET15      ET16      ET17   
 
 ET16
+        0.00E+00  0.00E+00  0.00E+00  0.00E+00  0.00E+00  0.00E+00  0.00E+00  0.00E+00  0.00E+00  0.00E+00  0.00E+00  0.00E+00
          0.00E+00  0.00E+00  0.00E+00  4.22E-01
 
 ET17
+        0.00E+00  0.00E+00  0.00E+00  0.00E+00  0.00E+00  0.00E+00  0.00E+00  0.00E+00  0.00E+00  0.00E+00  0.00E+00  0.00E+00
          0.00E+00  0.00E+00  0.00E+00  0.00E+00  9.67E-01
 


 SIGMA - COV MATRIX FOR RANDOM EFFECTS - EPSILONS  ****


            EPS1   
 
 EPS1
+        1.00E+00
 
1


 OMEGA - CORR MATRIX FOR RANDOM EFFECTS - ETAS  *******


            ETA1      ETA2      ETA3      ETA4      ETA5      ETA6      ETA7      ETA8      ETA9      ET10      ET11      ET12   
             ET13      ET14      ET15      ET16      ET17   
 
 ETA1
+        4.83E-01
 
 ETA2
+        9.85E-01  4.26E-01
 
 ETA3
+        0.00E+00  0.00E+00  6.42E-01
 
 ETA4
+        0.00E+00  0.00E+00  0.00E+00  4.64E-01
 
 ETA5
+        0.00E+00  0.00E+00  0.00E+00  0.00E+00  2.21E-01
 
 ETA6
+        0.00E+00  0.00E+00  0.00E+00  0.00E+00  0.00E+00  2.21E-01
 
 ETA7
+        0.00E+00  0.00E+00  0.00E+00  0.00E+00  0.00E+00  0.00E+00  2.21E-01
 
 ETA8
+        0.00E+00  0.00E+00  0.00E+00  0.00E+00  0.00E+00  0.00E+00  0.00E+00  2.21E-01
 
 ETA9
+        0.00E+00  0.00E+00  0.00E+00  0.00E+00  0.00E+00  0.00E+00  0.00E+00  0.00E+00  2.21E-01
 
 ET10
+        0.00E+00  0.00E+00  0.00E+00  0.00E+00  0.00E+00  0.00E+00  0.00E+00  0.00E+00  0.00E+00  2.21E-01
 
 ET11
+        0.00E+00  0.00E+00  0.00E+00  0.00E+00  0.00E+00  0.00E+00  0.00E+00  0.00E+00  0.00E+00  0.00E+00  6.50E-01
 
 ET12
+        0.00E+00  0.00E+00  0.00E+00  0.00E+00  0.00E+00  0.00E+00  0.00E+00  0.00E+00  0.00E+00  0.00E+00  0.00E+00  6.50E-01
 
 ET13
+        0.00E+00  0.00E+00  0.00E+00  0.00E+00  0.00E+00  0.00E+00  0.00E+00  0.00E+00  0.00E+00  0.00E+00  0.00E+00  0.00E+00
          6.50E-01
 
 ET14
+        0.00E+00  0.00E+00  0.00E+00  0.00E+00  0.00E+00  0.00E+00  0.00E+00  0.00E+00  0.00E+00  0.00E+00  0.00E+00  0.00E+00
          0.00E+00  6.50E-01
 
 ET15
+        0.00E+00  0.00E+00  0.00E+00  0.00E+00  0.00E+00  0.00E+00  0.00E+00  0.00E+00  0.00E+00  0.00E+00  0.00E+00  0.00E+00
          0.00E+00  0.00E+00  6.50E-01
 
 ET16
+        0.00E+00  0.00E+00  0.00E+00  0.00E+00  0.00E+00  0.00E+00  0.00E+00  0.00E+00  0.00E+00  0.00E+00  0.00E+00  0.00E+00
          0.00E+00  0.00E+00  0.00E+00  6.50E-01
 
 ET17
+        0.00E+00  0.00E+00  0.00E+00  0.00E+00  0.00E+00  0.00E+00  0.00E+00  0.00E+00  0.00E+00  0.00E+00  0.00E+00  0.00E+00
          0.00E+00  0.00E+00  0.00E+00  0.00E+00  9.83E-01
 


 SIGMA - CORR MATRIX FOR RANDOM EFFECTS - EPSILONS  ***


            EPS1   
 
 EPS1
+        1.00E+00
 
1
 ************************************************************************************************************************
 ********************                                                                                ********************
 ********************               FIRST ORDER CONDITIONAL ESTIMATION WITH INTERACTION              ********************
 ********************                            STANDARD ERROR OF ESTIMATE                          ********************
 ********************                                                                                ********************
 ************************************************************************************************************************
 


 THETA - VECTOR OF FIXED EFFECTS PARAMETERS   *********


         TH 1      TH 2      TH 3      TH 4      TH 5      TH 6      TH 7      TH 8      TH 9     
 
         7.53E-01  1.90E+00  6.82E-02  6.11E-03  6.20E-03  2.41E-02  2.65E-01  1.05E-01  3.62E-02
 


 OMEGA - COV MATRIX FOR RANDOM EFFECTS - ETAS  ********


            ETA1      ETA2      ETA3      ETA4      ETA5      ETA6      ETA7      ETA8      ETA9      ET10      ET11      ET12   
             ET13      ET14      ET15      ET16      ET17   
 
 ETA1
+        2.16E-02
 
 ETA2
+        1.97E-02  2.02E-02
 
 ETA3
+       ......... .........  6.26E-02
 
 ETA4
+       ......... ......... .........  4.57E-02
 
 ETA5
+       ......... ......... ......... .........  3.99E-03
 
 ETA6
+       ......... ......... ......... ......... ......... .........
 
 ETA7
+       ......... ......... ......... ......... ......... ......... .........
 
 ETA8
+       ......... ......... ......... ......... ......... ......... ......... .........
 
 ETA9
+       ......... ......... ......... ......... ......... ......... ......... ......... .........
 
 ET10
+       ......... ......... ......... ......... ......... ......... ......... ......... ......... .........
 
 ET11
+       ......... ......... ......... ......... ......... ......... ......... ......... ......... .........  3.13E-02
 
 ET12
+       ......... ......... ......... ......... ......... ......... ......... ......... ......... ......... ......... .........
 
 ET13
+       ......... ......... ......... ......... ......... ......... ......... ......... ......... ......... ......... .........
         .........
 
 ET14
+       ......... ......... ......... ......... ......... ......... ......... ......... ......... ......... ......... .........
         ......... .........
 
 ET15
+       ......... ......... ......... ......... ......... ......... ......... ......... ......... ......... ......... .........
         ......... ......... .........
 
1

            ETA1      ETA2      ETA3      ETA4      ETA5      ETA6      ETA7      ETA8      ETA9      ET10      ET11      ET12   
             ET13      ET14      ET15      ET16      ET17   
 
 ET16
+       ......... ......... ......... ......... ......... ......... ......... ......... ......... ......... ......... .........
         ......... ......... ......... .........
 
 ET17
+       ......... ......... ......... ......... ......... ......... ......... ......... ......... ......... ......... .........
         ......... ......... ......... .........  1.97E-01
 


 SIGMA - COV MATRIX FOR RANDOM EFFECTS - EPSILONS  ****


            EPS1   
 
 EPS1
+       .........
 
1


 OMEGA - CORR MATRIX FOR RANDOM EFFECTS - ETAS  *******


            ETA1      ETA2      ETA3      ETA4      ETA5      ETA6      ETA7      ETA8      ETA9      ET10      ET11      ET12   
             ET13      ET14      ET15      ET16      ET17   
 
 ETA1
+        2.24E-02
 
 ETA2
+        9.99E-03  2.37E-02
 
 ETA3
+       ......... .........  4.88E-02
 
 ETA4
+       ......... ......... .........  4.92E-02
 
 ETA5
+       ......... ......... ......... .........  9.02E-03
 
 ETA6
+       ......... ......... ......... ......... ......... .........
 
 ETA7
+       ......... ......... ......... ......... ......... ......... .........
 
 ETA8
+       ......... ......... ......... ......... ......... ......... ......... .........
 
 ETA9
+       ......... ......... ......... ......... ......... ......... ......... ......... .........
 
 ET10
+       ......... ......... ......... ......... ......... ......... ......... ......... ......... .........
 
 ET11
+       ......... ......... ......... ......... ......... ......... ......... ......... ......... .........  2.41E-02
 
 ET12
+       ......... ......... ......... ......... ......... ......... ......... ......... ......... ......... ......... .........
 
 ET13
+       ......... ......... ......... ......... ......... ......... ......... ......... ......... ......... ......... .........
         .........
 
 ET14
+       ......... ......... ......... ......... ......... ......... ......... ......... ......... ......... ......... .........
         ......... .........
 
 ET15
+       ......... ......... ......... ......... ......... ......... ......... ......... ......... ......... ......... .........
         ......... ......... .........
 
 ET16
+       ......... ......... ......... ......... ......... ......... ......... ......... ......... ......... ......... .........
         ......... ......... ......... .........
 
 ET17
+       ......... ......... ......... ......... ......... ......... ......... ......... ......... ......... ......... .........
         ......... ......... ......... .........  1.00E-01
 


 SIGMA - CORR MATRIX FOR RANDOM EFFECTS - EPSILONS  ***


            EPS1   
 
 EPS1
+       .........
 
1
 ************************************************************************************************************************
 ********************                                                                                ********************
 ********************               FIRST ORDER CONDITIONAL ESTIMATION WITH INTERACTION              ********************
 ********************                          COVARIANCE MATRIX OF ESTIMATE                         ********************
 ********************                                                                                ********************
 ************************************************************************************************************************
 

     TH 1 | TH 1      TH 2 | TH 1      TH 2 | TH 2      TH 3 | TH 1      TH 3 | TH 2      TH 3 | TH 3      TH 4 | TH 1  
       5.67E-01         1.14E+00         3.62E+00         2.07E-03         4.09E-02         4.64E-03         1.01E-04

     TH 4 | TH 2      TH 4 | TH 3      TH 4 | TH 4      TH 5 | TH 1      TH 5 | TH 2      TH 5 | TH 3      TH 5 | TH 4  
       1.19E-05        -5.32E-05         3.73E-05        -2.24E-04        -1.70E-03        -5.85E-05        -2.88E-06

     TH 5 | TH 5      TH 6 | TH 1      TH 6 | TH 2      TH 6 | TH 3      TH 6 | TH 4      TH 6 | TH 5      TH 6 | TH 6  
       3.84E-05         1.62E-03         1.20E-02         6.40E-04        -6.56E-05         1.44E-05         5.83E-04

     TH 7 | TH 1      TH 7 | TH 2      TH 7 | TH 3      TH 7 | TH 4      TH 7 | TH 5      TH 7 | TH 6      TH 7 | TH 7  
      -1.61E-02        -1.76E-02        -1.93E-03         2.85E-04        -1.15E-04        -1.72E-03         7.04E-02

     TH 8 | TH 1      TH 8 | TH 2      TH 8 | TH 3      TH 8 | TH 4      TH 8 | TH 5      TH 8 | TH 6      TH 8 | TH 7  
      -4.05E-03        -5.16E-03         1.93E-03         5.12E-04        -2.28E-04        -7.42E-04        -2.11E-03

     TH 8 | TH 8      TH 9 | TH 1      TH 9 | TH 2      TH 9 | TH 3      TH 9 | TH 4      TH 9 | TH 5      TH 9 | TH 6  
       1.11E-02        -8.92E-03        -7.49E-04         1.52E-04         1.35E-05        -2.29E-05         1.18E-04

     TH 9 | TH 7      TH 9 | TH 8      TH 9 | TH 9    OM0101 | TH 1    OM0101 | TH 2    OM0101 | TH 3    OM0101 | TH 4  
      -8.35E-04        -6.15E-04         1.31E-03         1.35E-03         5.28E-03         2.03E-04        -1.60E-05

   OM0101 | TH 5    OM0101 | TH 6    OM0101 | TH 7    OM0101 | TH 8    OM0101 | TH 9    OM0101 | OM0101  OM0102 | TH 1  
       6.23E-06         1.16E-04        -8.74E-04        -2.60E-04         1.27E-04         4.66E-04         6.17E-04

   OM0102 | TH 2    OM0102 | TH 3    OM0102 | TH 4    OM0102 | TH 5    OM0102 | TH 6    OM0102 | TH 7    OM0102 | TH 8  
       4.08E-03         1.93E-04        -1.44E-05         4.94E-06         9.50E-05        -6.27E-04        -2.30E-04

   OM0102 | TH 9    OM0102 | OM0101  OM0102 | OM0102  OM0202 | TH 1    OM0202 | TH 2    OM0202 | TH 3    OM0202 | TH 4  
       1.22E-04         3.96E-04         3.89E-04         3.29E-06         4.44E-03         1.96E-04        -1.67E-05

   OM0202 | TH 5    OM0202 | TH 6    OM0202 | TH 7    OM0202 | TH 8    OM0202 | TH 9    OM0202 | OM0101  OM0202 | OM0102
       2.28E-07         8.78E-05        -4.35E-04        -2.34E-04         1.17E-04         3.37E-04         3.77E-04

   OM0202 | OM0202  OM0303 | TH 1    OM0303 | TH 2    OM0303 | TH 3    OM0303 | TH 4    OM0303 | TH 5    OM0303 | TH 6  
       4.09E-04        -5.02E-03        -1.66E-03         1.12E-03        -1.46E-05        -1.73E-05         2.26E-04

   OM0303 | TH 7    OM0303 | TH 8    OM0303 | TH 9    OM0303 | OM0101  OM0303 | OM0102  OM0303 | OM0202  OM0303 | OM0303
       9.25E-04         4.86E-04         4.05E-05         7.44E-05         7.75E-05         4.92E-05         3.92E-03

   OM0404 | TH 1    OM0404 | TH 2    OM0404 | TH 3    OM0404 | TH 4    OM0404 | TH 5    OM0404 | TH 6    OM0404 | TH 7  
      -3.17E-03        -1.62E-02        -7.42E-04         2.76E-05        -8.33E-08        -2.09E-04        -8.77E-04

   OM0404 | TH 8    OM0404 | TH 9    OM0404 | OM0101  OM0404 | OM0102  OM0404 | OM0202  OM0404 | OM0303  OM0404 | OM0404
      -4.79E-05         2.58E-04        -2.55E-05        -3.68E-06        -3.65E-06        -3.31E-04         2.09E-03

   OM0505 | TH 1    OM0505 | TH 2    OM0505 | TH 3    OM0505 | TH 4    OM0505 | TH 5    OM0505 | TH 6    OM0505 | TH 7  
      -2.57E-06        -5.22E-05         1.46E-05        -2.46E-07        -3.45E-07         4.64E-07        -2.06E-05

   OM0505 | TH 8    OM0505 | TH 9    OM0505 | OM0101  OM0505 | OM0102  OM0505 | OM0202  OM0505 | OM0303  OM0505 | OM0404
      -2.58E-06         9.79E-06        -3.97E-06        -3.66E-07        -1.17E-06         1.96E-06         9.08E-06

   OM0505 | OM0505  OM1111 | TH 1    OM1111 | TH 2    OM1111 | TH 3    OM1111 | TH 4    OM1111 | TH 5    OM1111 | TH 6  
       1.59E-05         1.94E-03        -5.08E-03        -7.38E-04         1.97E-06         1.17E-05        -2.30E-04

   OM1111 | TH 7    OM1111 | TH 8    OM1111 | TH 9    OM1111 | OM0101  OM1111 | OM0102  OM1111 | OM0202  OM1111 | OM0303
      -8.15E-04        -3.75E-04        -2.55E-05        -8.12E-05        -3.77E-05        -1.75E-05        -3.14E-04

   OM1111 | OM0404  OM1111 | OM0505  OM1111 | OM1111  OM1717 | TH 1    OM1717 | TH 2    OM1717 | TH 3    OM1717 | TH 4  
       7.63E-05         8.16E-06         9.77E-04         1.30E-02         2.63E-02        -1.69E-03        -9.88E-05

   OM1717 | TH 5    OM1717 | TH 6    OM1717 | TH 7    OM1717 | TH 8    OM1717 | TH 9    OM1717 | OM0101  OM1717 | OM0102
       7.97E-05         5.44E-04        -2.77E-02        -1.17E-04        -1.75E-04         3.07E-04         1.63E-04

   OM1717 | OM0202  OM1717 | OM0303  OM1717 | OM0404  OM1717 | OM0505  OM1717 | OM1111  OM1717 | OM1717  
       1.31E-04        -2.04E-03         1.03E-04        -1.14E-04        -3.23E-04         3.88E-02
1
 ************************************************************************************************************************
 ********************                                                                                ********************
 ********************               FIRST ORDER CONDITIONAL ESTIMATION WITH INTERACTION              ********************
 ********************                          CORRELATION MATRIX OF ESTIMATE                        ********************
 ********************                                                                                ********************
 ************************************************************************************************************************
 

     TH 1 | TH 1      TH 2 | TH 1      TH 2 | TH 2      TH 3 | TH 1      TH 3 | TH 2      TH 3 | TH 3      TH 4 | TH 1  
       7.53E-01         7.94E-01         1.90E+00         4.04E-02         3.15E-01         6.82E-02         2.19E-02

     TH 4 | TH 2      TH 4 | TH 3      TH 4 | TH 4      TH 5 | TH 1      TH 5 | TH 2      TH 5 | TH 3      TH 5 | TH 4  
       1.02E-03        -1.28E-01         6.11E-03        -4.81E-02        -1.44E-01        -1.39E-01        -7.60E-02

     TH 5 | TH 5      TH 6 | TH 1      TH 6 | TH 2      TH 6 | TH 3      TH 6 | TH 4      TH 6 | TH 5      TH 6 | TH 6  
       6.20E-03         8.92E-02         2.62E-01         3.89E-01        -4.45E-01         9.60E-02         2.41E-02

     TH 7 | TH 1      TH 7 | TH 2      TH 7 | TH 3      TH 7 | TH 4      TH 7 | TH 5      TH 7 | TH 6      TH 7 | TH 7  
      -8.06E-02        -3.48E-02        -1.07E-01         1.76E-01        -7.01E-02        -2.68E-01         2.65E-01

     TH 8 | TH 1      TH 8 | TH 2      TH 8 | TH 3      TH 8 | TH 4      TH 8 | TH 5      TH 8 | TH 6      TH 8 | TH 7  
      -5.11E-02        -2.58E-02         2.69E-01         7.96E-01        -3.49E-01        -2.92E-01        -7.55E-02

     TH 8 | TH 8      TH 9 | TH 1      TH 9 | TH 2      TH 9 | TH 3      TH 9 | TH 4      TH 9 | TH 5      TH 9 | TH 6  
       1.05E-01        -3.28E-01        -1.09E-02         6.18E-02         6.10E-02        -1.02E-01         1.36E-01

     TH 9 | TH 7      TH 9 | TH 8      TH 9 | TH 9    OM0101 | TH 1    OM0101 | TH 2    OM0101 | TH 3    OM0101 | TH 4  
      -8.69E-02        -1.61E-01         3.62E-02         8.30E-02         1.28E-01         1.38E-01        -1.22E-01

   OM0101 | TH 5    OM0101 | TH 6    OM0101 | TH 7    OM0101 | TH 8    OM0101 | TH 9    OM0101 | OM0101  OM0102 | TH 1  
       4.65E-02         2.22E-01        -1.53E-01        -1.14E-01         1.62E-01         2.16E-02         4.16E-02

   OM0102 | TH 2    OM0102 | TH 3    OM0102 | TH 4    OM0102 | TH 5    OM0102 | TH 6    OM0102 | TH 7    OM0102 | TH 8  
       1.09E-01         1.44E-01        -1.19E-01         4.04E-02         1.99E-01        -1.20E-01        -1.10E-01

   OM0102 | TH 9    OM0102 | OM0101  OM0102 | OM0102  OM0202 | TH 1    OM0202 | TH 2    OM0202 | TH 3    OM0202 | TH 4  
       1.71E-01         9.28E-01         1.97E-02         2.16E-04         1.15E-01         1.42E-01        -1.36E-01

   OM0202 | TH 5    OM0202 | TH 6    OM0202 | TH 7    OM0202 | TH 8    OM0202 | TH 9    OM0202 | OM0101  OM0202 | OM0102
       1.82E-03         1.80E-01        -8.11E-02        -1.10E-01         1.60E-01         7.72E-01         9.44E-01

   OM0202 | OM0202  OM0303 | TH 1    OM0303 | TH 2    OM0303 | TH 3    OM0303 | TH 4    OM0303 | TH 5    OM0303 | TH 6  
       2.02E-02        -1.07E-01        -1.39E-02         2.61E-01        -3.82E-02        -4.46E-02         1.50E-01

   OM0303 | TH 7    OM0303 | TH 8    OM0303 | TH 9    OM0303 | OM0101  OM0303 | OM0102  OM0303 | OM0202  OM0303 | OM0303
       5.57E-02         7.37E-02         1.79E-02         5.50E-02         6.27E-02         3.89E-02         6.26E-02

   OM0404 | TH 1    OM0404 | TH 2    OM0404 | TH 3    OM0404 | TH 4    OM0404 | TH 5    OM0404 | TH 6    OM0404 | TH 7  
      -9.21E-02        -1.86E-01        -2.38E-01         9.89E-02        -2.94E-04        -1.90E-01        -7.23E-02

   OM0404 | TH 8    OM0404 | TH 9    OM0404 | OM0101  OM0404 | OM0102  OM0404 | OM0202  OM0404 | OM0303  OM0404 | OM0404
      -9.94E-03         1.56E-01        -2.59E-02        -4.08E-03        -3.95E-03        -1.16E-01         4.57E-02

   OM0505 | TH 1    OM0505 | TH 2    OM0505 | TH 3    OM0505 | TH 4    OM0505 | TH 5    OM0505 | TH 6    OM0505 | TH 7  
      -8.54E-04        -6.88E-03         5.36E-02        -1.01E-02        -1.40E-02         4.81E-03        -1.94E-02

   OM0505 | TH 8    OM0505 | TH 9    OM0505 | OM0101  OM0505 | OM0102  OM0505 | OM0202  OM0505 | OM0303  OM0505 | OM0404
      -6.13E-03         6.77E-02        -4.60E-02        -4.65E-03        -1.45E-02         7.83E-03         4.98E-02

   OM0505 | OM0505  OM1111 | TH 1    OM1111 | TH 2    OM1111 | TH 3    OM1111 | TH 4    OM1111 | TH 5    OM1111 | TH 6  
       3.99E-03         8.25E-02        -8.54E-02        -3.46E-01         1.03E-02         6.05E-02        -3.05E-01

   OM1111 | TH 7    OM1111 | TH 8    OM1111 | TH 9    OM1111 | OM0101  OM1111 | OM0102  OM1111 | OM0202  OM1111 | OM0303
      -9.83E-02        -1.14E-01        -2.25E-02        -1.20E-01        -6.11E-02        -2.77E-02        -1.60E-01

   OM1111 | OM0404  OM1111 | OM0505  OM1111 | OM1111  OM1717 | TH 1    OM1717 | TH 2    OM1717 | TH 3    OM1717 | TH 4  
       5.34E-02         6.53E-02         3.13E-02         8.74E-02         7.03E-02        -1.25E-01        -8.21E-02

   OM1717 | TH 5    OM1717 | TH 6    OM1717 | TH 7    OM1717 | TH 8    OM1717 | TH 9    OM1717 | OM0101  OM1717 | OM0102
       6.52E-02         1.14E-01        -5.30E-01        -5.65E-03        -2.46E-02         7.22E-02         4.20E-02

   OM1717 | OM0202  OM1717 | OM0303  OM1717 | OM0404  OM1717 | OM0505  OM1717 | OM1111  OM1717 | OM1717  
       3.29E-02        -1.66E-01         1.15E-02        -1.45E-01        -5.24E-02         1.97E-01
1
 ************************************************************************************************************************
 ********************                                                                                ********************
 ********************               FIRST ORDER CONDITIONAL ESTIMATION WITH INTERACTION              ********************
 ********************                      INVERSE COVARIANCE MATRIX OF ESTIMATE                     ********************
 ********************                                                                                ********************
 ************************************************************************************************************************
 

     TH 1 | TH 1      TH 2 | TH 1      TH 2 | TH 2      TH 3 | TH 1      TH 3 | TH 2      TH 3 | TH 3      TH 4 | TH 1  
       4.34E+04         2.00E+01         1.66E+00        -6.84E+05        -3.83E+02         1.08E+07        -1.97E+07

     TH 4 | TH 2      TH 4 | TH 3      TH 4 | TH 4      TH 5 | TH 1      TH 5 | TH 2      TH 5 | TH 3      TH 5 | TH 4  
      -1.08E+04         3.11E+08         8.96E+09         6.58E+06         3.59E+03        -1.04E+08        -2.99E+09

     TH 5 | TH 5      TH 6 | TH 1      TH 6 | TH 2      TH 6 | TH 3      TH 6 | TH 4      TH 6 | TH 5      TH 6 | TH 6  
       9.98E+08        -6.19E+02        -9.13E+00         9.65E+03         2.87E+05        -9.59E+04         3.22E+03

     TH 7 | TH 1      TH 7 | TH 2      TH 7 | TH 3      TH 7 | TH 4      TH 7 | TH 5      TH 7 | TH 6      TH 7 | TH 7  
       1.36E+05         7.28E+01        -2.15E+06        -6.20E+07         2.07E+07        -1.89E+03         4.28E+05

     TH 8 | TH 1      TH 8 | TH 2      TH 8 | TH 3      TH 8 | TH 4      TH 8 | TH 5      TH 8 | TH 6      TH 8 | TH 7  
       1.28E+06         6.98E+02        -2.02E+07        -5.83E+08         1.94E+08        -1.83E+04         4.03E+06

     TH 8 | TH 8      TH 9 | TH 1      TH 9 | TH 2      TH 9 | TH 3      TH 9 | TH 4      TH 9 | TH 5      TH 9 | TH 6  
       3.79E+07         1.38E+06         7.30E+02        -2.18E+07        -6.28E+08         2.10E+08        -2.01E+04

     TH 9 | TH 7      TH 9 | TH 8      TH 9 | TH 9    OM0101 | TH 1    OM0101 | TH 2    OM0101 | TH 3    OM0101 | TH 4  
       4.34E+06         4.08E+07         4.41E+07        -3.21E+03        -1.08E+02         5.49E+04         1.57E+06

   OM0101 | TH 5    OM0101 | TH 6    OM0101 | TH 7    OM0101 | TH 8    OM0101 | TH 9    OM0101 | OM0101  OM0102 | TH 1  
      -5.14E+05         1.32E+02        -1.07E+04        -1.01E+05        -1.08E+05         7.33E+04         5.04E+03

   OM0102 | TH 2    OM0102 | TH 3    OM0102 | TH 4    OM0102 | TH 5    OM0102 | TH 6    OM0102 | TH 7    OM0102 | TH 8  
       2.78E+02        -9.12E+04        -2.60E+06         8.43E+05        -4.65E+02         1.76E+04         1.67E+05

   OM0102 | TH 9    OM0102 | OM0101  OM0102 | OM0102  OM0202 | TH 1    OM0202 | TH 2    OM0202 | TH 3    OM0202 | TH 4  
       1.77E+05        -1.51E+05         3.38E+05        -1.39E+03        -1.73E+02         2.93E+04         8.28E+05

   OM0202 | TH 5    OM0202 | TH 6    OM0202 | TH 7    OM0202 | TH 8    OM0202 | TH 9    OM0202 | OM0101  OM0202 | OM0102
      -2.62E+05         1.65E+02        -5.57E+03        -5.30E+04        -5.49E+04         7.92E+04        -1.89E+05

   OM0202 | OM0202  OM0303 | TH 1    OM0303 | TH 2    OM0303 | TH 3    OM0303 | TH 4    OM0303 | TH 5    OM0303 | TH 6  
       1.12E+05        -1.05E+02        -1.53E+00         1.73E+03         5.09E+04        -1.68E+04        -6.90E+01

   OM0303 | TH 7    OM0303 | TH 8    OM0303 | TH 9    OM0303 | OM0101  OM0303 | OM0102  OM0303 | OM0202  OM0303 | OM0303
      -3.50E+02        -3.30E+03        -3.52E+03         7.81E+02        -1.87E+03         1.08E+03         2.99E+02

   OM0404 | TH 1    OM0404 | TH 2    OM0404 | TH 3    OM0404 | TH 4    OM0404 | TH 5    OM0404 | TH 6    OM0404 | TH 7  
       8.41E+01         4.02E+00        -1.39E+03        -4.21E+04         1.41E+04         1.71E+02         3.07E+02

   OM0404 | TH 8    OM0404 | TH 9    OM0404 | OM0101  OM0404 | OM0102  OM0404 | OM0202  OM0404 | OM0303  OM0404 | OM0404
       2.74E+03         2.78E+03         3.47E+02        -4.74E+02         1.11E+02         2.44E+01         5.69E+02

   OM0505 | TH 1    OM0505 | TH 2    OM0505 | TH 3    OM0505 | TH 4    OM0505 | TH 5    OM0505 | TH 6    OM0505 | TH 7  
       2.47E+03        -1.70E+01        -3.85E+04        -1.11E+06         3.72E+05        -1.04E+01         7.78E+03

   OM0505 | TH 8    OM0505 | TH 9    OM0505 | OM0101  OM0505 | OM0102  OM0505 | OM0202  OM0505 | OM0303  OM0505 | OM0404
       7.21E+04         7.75E+04         1.82E+04        -3.81E+04         2.07E+04         2.57E+02        -1.47E+02

   OM0505 | OM0505  OM1111 | TH 1    OM1111 | TH 2    OM1111 | TH 3    OM1111 | TH 4    OM1111 | TH 5    OM1111 | TH 6  
       7.04E+04        -9.54E+02         1.18E+00         1.50E+04         4.29E+05        -1.43E+05         6.27E+02

   OM1111 | TH 7    OM1111 | TH 8    OM1111 | TH 9    OM1111 | OM0101  OM1111 | OM0102  OM1111 | OM0202  OM1111 | OM0303
      -2.90E+03        -2.78E+04        -3.01E+04         1.49E+03        -2.01E+03         5.54E+02         4.51E+01

   OM1111 | OM0404  OM1111 | OM0505  OM1111 | OM1111  OM1717 | TH 1    OM1717 | TH 2    OM1717 | TH 3    OM1717 | TH 4  
       1.15E+02        -1.75E+02         1.50E+03        -3.58E+02        -1.51E+00         5.72E+03         1.64E+05

   OM1717 | TH 5    OM1717 | TH 6    OM1717 | TH 7    OM1717 | TH 8    OM1717 | TH 9    OM1717 | OM0101  OM1717 | OM0102
      -5.47E+04         1.84E+01        -1.11E+03        -1.06E+04        -1.15E+04         5.01E+01        -7.45E+01

   OM1717 | OM0202  OM1717 | OM0303  OM1717 | OM0404  OM1717 | OM0505  OM1717 | OM1111  OM1717 | OM1717  
       1.79E+01         1.47E+01         9.49E+00         2.30E+02         6.16E+01         4.62E+01
1
 
 
 
 
 
 
 
 
 
 
 
 
 
 
 
 
 
 
 
 
 ************************************************************************************************************************
 ********************                                                                                ********************
 ********************               FIRST ORDER CONDITIONAL ESTIMATION WITH INTERACTION              ********************
 ********************                      EIGENVALUES OF COR MATRIX OF ESTIMATE                     ********************
 ********************                                                                                ********************
 ************************************************************************************************************************
 

             1         2         3         4         5         6         7         8         9        10        11        12
             13        14        15        16        17
 
         1.05E-06  4.81E-03  9.24E-02  2.05E-01  3.25E-01  4.18E-01  6.44E-01  8.08E-01  8.13E-01  8.99E-01  1.00E+00  1.18E+00
          1.51E+00  1.76E+00  2.00E+00  2.10E+00  3.24E+00
 
 #CPUT: Total CPU Time in Seconds,    12103.953
Stop Time: 
12/05/2017 
13:57
