Tue Sep 29 06:01:37 EDT 2015
$SIZES      LIM6=2000
$PROBLEM    NoLog ADD ERR
$INPUT      CCOM ID TIME GROUP BASE DV LOGDV BQL DOSECB=DROP
            DOSEG=DROP CB G CEVID=DROP CMDV=DROP CCMT=DROP NWLSALL
            TNWLS TCUTOFF=DROP FLG ;1 drug,2 SLD,3 dropout from SLD,4 new lesion
            CYCLE CMT EVID CPD=DROP
$DATA       JHQJ_LLOQ5_drop_newles_old.csv IGNORE=C IGNORE(FLG.GT.2)
$SUBROUTINE ADVAN6 TOL=3
;Tumour
$MODEL      COMP=(TUMOUR,DEFOBS)
$PK 
KG = THETA(1)*EXP(ETA(1))
KD0	= THETA(2)*EXP(ETA(2))
KD1 = THETA(3)*EXP(ETA(2))
IBASE = THETA(4)*EXP(ETA(3))
FADD = THETA(5)

; ==== SLD baseline ====
A_0(1) = IBASE*1000

IF(NEWIND.NE.2) OCB=CB
IF(NEWIND.NE.2) OG=G
E0 = OCB ;ng/dL*day/n days in cycle
E1 = OG ;mol/10^6 cells*day/n days in cycle ;sum Parent and active metabolite
OCB=CB
OG=G

$DES 
DADT(1) = KG/1000 * A(1) - (KD0/1000 * E0 + KD1/100 * E1) * A(1) 

$ERROR 
LLOQ = 5 ;5 mm is LLOQ
IPRED = A(1)

DEL = 0.001
W = FADD
DUM = (LLOQ-IPRED)/W
DUM2 = PHI(DUM)

IF(BQL.EQ.1) THEN
	F_FLAG = 1
	Y = DUM2
ENDIF
IF(BQL.EQ.0) THEN
	F_FLAG = 0
	Y = IPRED+ERR(1)*W
ENDIF

IRES = IPRED-DV
IWRES = IRES/W

;Parameters
$THETA  (0,0.309678337449515) ; KG [1/day]
 (0,0.0298223872147048) ; KD0 [1/day/AUC0]
 (0,0.010438436222387) ; KD1 [1/day/AUC1]
 (0,0.0676679434349179) ; IBASE [m]
 (0,21.519455032029) ; FADD
$OMEGA  0.0836985514547568  ;         KG
 0.100813387874112  ;         KD
 0.0964694381178833  ;      IBASE
;Error
$SIGMA  1  FIX  ; placeholder
$ESTIMATION MAXEVAL=9000 PRINT=10 METH=1 LAPLACIAN INTER NUMERICAL
            SLOW NOABORT
$COVARIANCE SLOW
$TABLE      ID TIME DV IPRED PRED IRES IWRES W CWRES EVID GROUP E0 E1
            BQL CB G FILE=sdtab1 NOPRINT ONEHEADER
$TABLE      ID ETA1 ETA2 ETA3 KG KD0 KD1 BASE IBASE FILE=patab1_p
            NOPRINT FIRSTONLY ONEHEADER


NM-TRAN MESSAGES
  
 WARNINGS AND ERRORS (IF ANY) FOR PROBLEM    1
             
 (WARNING  2) NM-TRAN INFERS THAT THE DATA ARE POPULATION.
             
 (WARNING  3) THERE MAY BE AN ERROR IN THE ABBREVIATED CODE. THE FOLLOWING
 ONE OR MORE RANDOM VARIABLES ARE DEFINED WITH "IF" STATEMENTS THAT DO NOT
 PROVIDE DEFINITIONS FOR BOTH THE "THEN" AND "ELSE" CASES. IF ALL
 CONDITIONS FAIL, THE VALUES OF THESE VARIABLES WILL BE ZERO.
  
   Y


License Registered to: Eli Lilly and Company
Expiration Date:    14 MAR 2016
Current Date:       29 SEP 2015
Days until program expires : 170
1NONLINEAR MIXED EFFECTS MODEL PROGRAM (NONMEM) VERSION 7.3.0
 ORIGINALLY DEVELOPED BY STUART BEAL, LEWIS SHEINER, AND ALISON BOECKMANN
 CURRENT DEVELOPERS ARE ROBERT BAUER, ICON DEVELOPMENT SOLUTIONS,
 AND ALISON BOECKMANN. IMPLEMENTATION, EFFICIENCY, AND STANDARDIZATION
 PERFORMED BY NOUS INFOSYSTEMS.
 
 PROBLEM NO.:         1
 NoLog ADD ERR                                                           
0DATA CHECKOUT RUN:              NO 
 DATA SET LOCATED ON UNIT NO.:    2
 THIS UNIT TO BE REWOUND:        NO 
 NO. OF DATA RECS IN DATA SET:     5466
 NO. OF DATA ITEMS IN DATA SET:  17
 ID DATA ITEM IS DATA ITEM NO.:   2
 DEP VARIABLE IS DATA ITEM NO.:   6
 MDV DATA ITEM IS DATA ITEM NO.: 17
0INDICES PASSED TO SUBROUTINE PRED:
  16   3   0   0   0   0  15   0   0   0   0
0LABELS FOR DATA ITEMS:
 CCOM ID TIME GROUP BASE DV LOGDV BQL CB G NWLSALL TNWLS FLG CYCLE CMT EVID MDV
0(NONBLANK) LABELS FOR PRED-DEFINED ITEMS:
 KG KD0 KD1 IBASE E0 E1 IPRED W IRES IWRES
0FORMAT FOR DATA:
 (E1.0,E4.0,E6.0,E1.0,E5.0,2E11.0,E1.0,2E11.0,E1.0,E3.0,4E2.0,1F2.0)             
 
 TOT. NO. OF OBS RECS:     1358
 TOT. NO. OF INDIVIDUALS:    336
0LENGTH OF THETA:   5
0DEFAULT THETA BOUNDARY TEST OMITTED:    NO 
0OMEGA HAS SIMPLE DIAGONAL FORM WITH DIMENSION:   3
0DEFAULT OMEGA BOUNDARY TEST OMITTED:    NO 
0SIGMA HAS SIMPLE DIAGONAL FORM WITH DIMENSION:   1
0DEFAULT SIGMA BOUNDARY TEST OMITTED:    NO 
0INITIAL ESTIMATE OF THETA:
 LOWER BOUND    INITIAL EST    UPPER BOUND
  0.0000E+00     0.3097E+00     0.1000E+07
  0.0000E+00     0.2982E-01     0.1000E+07
  0.0000E+00     0.1044E-01     0.1000E+07
  0.0000E+00     0.6767E-01     0.1000E+07
  0.0000E+00     0.2152E+02     0.1000E+07
0INITIAL ESTIMATE OF OMEGA:
 0.8370E-01
 0.0000E+00   0.1008E+00
 0.0000E+00   0.0000E+00   0.9647E-01
0INITIAL ESTIMATE OF SIGMA:
 0.1000E+01
0SIGMA CONSTRAINED TO BE THIS INITIAL ESTIMATE
0COVARIANCE STEP OMITTED:        NO 
 EIGENVLS. PRINTED:              NO 
 SPECIAL COMPUTATION:            NO 
 COMPRESSED FORMAT:              NO 
 SLOW GRADIENT METHOD USED:     YES 
 SIGDIGITS ETAHAT (SIGLO):                  -1          
 SIGDIGITS GRADIENTS (SIGL):                -1          
 RELATIVE TOLERANCE (TOL):                  -1          
 ABSOLUTE TOLERANCE-ADVAN 9,13 ONLY (ATOL): -1          
 EXCLUDE COV FOR FOCE (NOFCOV):              NO   
 RESUME COV ANALYSIS (RESUME):               NO   
0TABLES STEP OMITTED:    NO 
 NO. OF TABLES:           2
 SEED NUMBER (SEED):    11456       
 RANMETHOD:                                 
 MC SAMPLES (ESEED):    300         
 WRES SQUARE ROOT TYPE:            EIGENVALUE
0-- TABLE   1 --
 PRINTED:                NO 
 HEADERS:               ONE
 FILE TO BE FORWARDED:   NO 
 FORMAT:                S1PE11.4
 LFORMAT:               
 RFORMAT:               
0USER-CHOSEN ITEMS:
 ID TIME DV IPRED IRES IWRES W CWRES EVID GROUP E0 E1 BQL CB G
0-- TABLE   2 --
0FIRST RECORDS ONLY:    YES 
 PRINTED:                NO 
 HEADERS:               ONE
 FILE TO BE FORWARDED:   NO 
 FORMAT:                S1PE11.4
 LFORMAT:               
 RFORMAT:               
0USER-CHOSEN ITEMS:
 ID ETA1 ETA2 ETA3 KG KD0 KD1 BASE IBASE
1DOUBLE PRECISION PREDPP VERSION 7.3.0
 
 GENERAL NONLINEAR KINETICS MODEL (ADVAN6)
0MODEL SUBROUTINE USER-SUPPLIED - ID NO. 9999
0MAXIMUM NO. OF BASIC PK PARAMETERS:   5
0COMPARTMENT ATTRIBUTES 
 COMPT. NO.   FUNCTION   INITIAL    ON/OFF      DOSE      DEFAULT    DEFAULT
                         STATUS     ALLOWED    ALLOWED    FOR DOSE   FOR OBS.
    1         TUMOUR       ON         YES        YES        YES        YES
    2         OUTPUT       OFF        YES        NO         NO         NO 
0NRD VALUE FROM SUBROUTINE TOL:   3
1
 ADDITIONAL PK PARAMETERS - ASSIGNMENT OF ROWS IN GG
 COMPT. NO.                             INDICES
              SCALE      BIOAVAIL.   ZERO-ORDER  ZERO-ORDER  ABSORB
                         FRACTION    RATE        DURATION    LAG  
    1            *           *           *           *           *
    2            *           -           -           -           -
             - PARAMETER IS NOT ALLOWED FOR THIS MODEL
             * PARAMETER IS NOT SUPPLIED BY PK SUBROUTINE;
               WILL DEFAULT TO ONE IF APPLICABLE
0DATA ITEM INDICES USED BY PRED ARE:
   EVENT ID DATA ITEM IS DATA ITEM NO.:     16
   TIME DATA ITEM IS DATA ITEM NO.:          3
   COMPT. NO. DATA ITEM IS DATA ITEM NO.:   15
 
0PK SUBROUTINE CALLED WITH EVERY EVENT RECORD.
 PK SUBROUTINE NOT CALLED AT NONEVENT (ADDITIONAL OR LAGGED) DOSE TIMES.
0PK SUBROUTINE INDICATES THAT COMPARTMENT AMOUNTS ARE INITIALIZED.
0ERROR SUBROUTINE CALLED WITH EVERY EVENT RECORD.
0ERROR SUBROUTINE INDICATES THAT DERIVATIVES OF COMPARTMENT AMOUNTS ARE USED.
0DES SUBROUTINE USES COMPACT STORAGE MODE.
1
 
 
 #TBLN:      1
 #METH: Laplacian Conditional Estimation with Interaction
 
 ESTIMATION STEP OMITTED:                 NO  
 ANALYSIS TYPE:                           POPULATION
 SLOW GRADIENT METHOD USED:               YES 
 CONDITIONAL ESTIMATES USED:              YES 
 CENTERED ETA:                            NO  
 EPS-ETA INTERACTION:                     YES 
 LAPLACIAN OBJ. FUNC.:                    YES 
 NUMERICAL 2ND DERIVATIVES:               YES 
 NO. OF FUNCT. EVALS. ALLOWED:            9000
 NO. OF SIG. FIGURES REQUIRED:            3
 INTERMEDIATE PRINTOUT:                   YES 
 ESTIMATE OUTPUT TO MSF:                  NO  
 ABORT WITH PRED EXIT CODE 1:             NO  
 IND. OBJ. FUNC. VALUES SORTED:           NO  
 NUMERICAL DERIVATIVE 
       FILE REQUEST (NUMDER):             NONE
 MAP (ETAHAT) ESTIMATION METHOD (OPTMAP): 0           
 ETA HESSIAN EVALUATION METHOD (ETADER):  0           
 INITIAL ETA FOR MAP ESTIMATION (MCETA):  0           
 SIGDIGITS FOR MAP ESTIMATION (SIGLO):    100         
 GRADIENT SIGDIGITS OF 
       FIXED EFFECTS PARAMETERS (SIGL):   100         
 EXCLUDE TITLE (NOTITLE):                 NO 
 EXCLUDE COLUMN LABELS (NOLABEL):         NO 
 NOPRIOR SETTING (NOPRIOR):               OFF
 NOCOV SETTING (NOCOV):                   OFF
 DERCONT SETTING (DERCONT):               OFF
 ABSOLUTE TOLERANCE-ADVAN 9,13 ONLY(ATOL):-100        
 FINAL ETA RE-EVALUATION (FNLETA):        ON 
 EXCLUDE NON-INFLUENTIAL (NON-INFL.) ETAS 
       IN SHRINKAGE (ETASTYPE):           NO 
 NON-INFL. ETA CORRECTION (NONINFETA):    OFF
 FORMAT FOR ADDITIONAL FILES (FORMAT):    S1PE12.5
 PARAMETER ORDER FOR OUTPUTS (ORDER):     TSOL
 ADDITIONAL CONVERGENCE TEST (CTYPE=4)?:  NO
 EM OR BAYESIAN METHOD USED:                NONE
 
 
 THE FOLLOWING LABELS ARE EQUIVALENT
 PRED=PREDI
 RES=RESI
 WRES=WRESI
 IWRS=IWRESI
 IPRD=IPREDI
 IRS=IRESI
 
 MONITORING OF SEARCH:

 
0ITERATION NO.:    0    OBJECTIVE VALUE:   10815.6332225194        NO. OF FUNC. EVALS.:   9
 CUMULATIVE NO. OF FUNC. EVALS.:        9
 NPARAMETR:  3.0968E-01  2.9822E-02  1.0438E-02  6.7668E-02  2.1519E+01  8.3699E-02  1.0081E-01  9.6469E-02
 PARAMETER:  1.0000E-01  1.0000E-01  1.0000E-01  1.0000E-01  1.0000E-01  1.0000E-01  1.0000E-01  1.0000E-01
 GRADIENT:   2.3278E+00 -2.9193E+02 -8.7941E+01 -5.2620E+02 -1.0870E+03 -3.7700E+00 -4.0917E+02 -1.6898E+03
 
0ITERATION NO.:   10    OBJECTIVE VALUE:   9790.50716883385        NO. OF FUNC. EVALS.:  10
 CUMULATIVE NO. OF FUNC. EVALS.:      112
 NPARAMETR:  1.8018E-01  5.1160E-02  3.0265E-02  6.4508E-02  1.6945E+01  4.5354E+00  1.4020E+00  8.2657E-01
 PARAMETER: -4.4160E-01  6.3969E-01  1.1645E+00  5.2171E-02 -1.3898E-01  2.0962E+00  1.4162E+00  1.1740E+00
 GRADIENT:  -1.2732E+01  7.9729E+01  4.5939E+01 -4.3800E+01 -1.9346E+02  5.6966E+01 -4.1313E+01  1.9031E+02
 
0ITERATION NO.:   20    OBJECTIVE VALUE:   9716.96060260190        NO. OF FUNC. EVALS.:  25
 CUMULATIVE NO. OF FUNC. EVALS.:      253             RESET HESSIAN, TYPE I
 NPARAMETR:  6.1061E-01  4.9732E-02  1.6411E-02  7.1300E-02  1.8370E+01  1.7152E+00  1.0945E+00  5.1471E-01
 PARAMETER:  7.7893E-01  6.1139E-01  5.5246E-01  1.5229E-01 -5.8217E-02  1.6100E+00  1.2924E+00  9.3719E-01
 GRADIENT:   3.4459E+03  3.7206E+03  4.0111E+03  2.8392E+03  1.4752E+04  2.2845E+03  1.6029E+03  1.3610E+03
 
0ITERATION NO.:   23    OBJECTIVE VALUE:   9716.24278264870        NO. OF FUNC. EVALS.:   6
 CUMULATIVE NO. OF FUNC. EVALS.:      300
 NPARAMETR:  6.1063E-01  4.9726E-02  1.6408E-02  7.1322E-02  1.8370E+01  1.7154E+00  1.0945E+00  5.1496E-01
 PARAMETER:  7.7894E-01  6.1133E-01  5.5238E-01  1.5244E-01 -5.8217E-02  1.6101E+00  1.2924E+00  9.3731E-01
 GRADIENT:   3.3812E+02  1.0400E+03  1.4271E+03 -6.4428E+03 -4.6298E+03  1.6536E+02 -2.5541E+02 -5.7892E+02
 
 #TERM:
0MINIMIZATION SUCCESSFUL
 HOWEVER, PROBLEMS OCCURRED WITH THE MINIMIZATION.
 REGARD THE RESULTS OF THE ESTIMATION STEP CAREFULLY, AND ACCEPT THEM ONLY
 AFTER CHECKING THAT THE COVARIANCE STEP PRODUCES REASONABLE OUTPUT.
 NO. OF FUNCTION EVALUATIONS USED:      300
 NO. OF SIG. DIGITS IN FINAL EST.:  3.5

 ETABAR IS THE ARITHMETIC MEAN OF THE ETA-ESTIMATES,
 AND THE P-VALUE IS GIVEN FOR THE NULL HYPOTHESIS THAT THE TRUE MEAN IS 0.
 
 ETABAR:         1.9164E-01  1.1957E-01  6.7243E-02
 SE:             3.1862E-02  4.0896E-02  3.4294E-02
 N:                     336         336         336
 
 P VAL.:         1.8103E-09  3.4596E-03  4.9904E-02
 
 ETAshrink(%):   5.5339E+01  2.8238E+01  1.2260E+01
 EBVshrink(%):   1.0000E+02  2.8585E+01  6.5398E+00
 EPSshrink(%):   2.9979E+01
 
 #TERE:
 Elapsed estimation time in seconds:    66.23
 Elapsed covariance time in seconds:    32.67
1
 
 
 
 
 
 
 
 
 
 
 
 
 
 
 
 
 
 
 
 
 ************************************************************************************************************************
 ********************                                                                                ********************
 ********************                LAPLACIAN CONDITIONAL ESTIMATION WITH INTERACTION               ********************
 #OBJT:**************                       MINIMUM VALUE OF OBJECTIVE FUNCTION                      ********************
 ********************                                                                                ********************
 ************************************************************************************************************************
 





 #OBJV:********************************************     9716.243       **************************************************
1
 ************************************************************************************************************************
 ********************                                                                                ********************
 ********************                LAPLACIAN CONDITIONAL ESTIMATION WITH INTERACTION               ********************
 ********************                             FINAL PARAMETER ESTIMATE                           ********************
 ********************                                                                                ********************
 ************************************************************************************************************************
 


 THETA - VECTOR OF FIXED EFFECTS PARAMETERS   *********


         TH 1      TH 2      TH 3      TH 4      TH 5     
 
         6.11E-01  4.97E-02  1.64E-02  7.13E-02  1.84E+01
 


 OMEGA - COV MATRIX FOR RANDOM EFFECTS - ETAS  ********


            ETA1      ETA2      ETA3   
 
 ETA1
+        1.72E+00
 
 ETA2
+        0.00E+00  1.09E+00
 
 ETA3
+        0.00E+00  0.00E+00  5.15E-01
 


 SIGMA - COV MATRIX FOR RANDOM EFFECTS - EPSILONS  ****


            EPS1   
 
 EPS1
+        1.00E+00
 
1


 OMEGA - CORR MATRIX FOR RANDOM EFFECTS - ETAS  *******


            ETA1      ETA2      ETA3   
 
 ETA1
+        1.31E+00
 
 ETA2
+        0.00E+00  1.05E+00
 
 ETA3
+        0.00E+00  0.00E+00  7.18E-01
 


 SIGMA - CORR MATRIX FOR RANDOM EFFECTS - EPSILONS  ***


            EPS1   
 
 EPS1
+        1.00E+00
 
1
 ************************************************************************************************************************
 ********************                                                                                ********************
 ********************                LAPLACIAN CONDITIONAL ESTIMATION WITH INTERACTION               ********************
 ********************                            STANDARD ERROR OF ESTIMATE                          ********************
 ********************                                                                                ********************
 ************************************************************************************************************************
 


 THETA - VECTOR OF FIXED EFFECTS PARAMETERS   *********


         TH 1      TH 2      TH 3      TH 4      TH 5     
 
         2.69E-05  9.32E-06  4.57E-06  9.26E-06  3.17E-04
 


 OMEGA - COV MATRIX FOR RANDOM EFFECTS - ETAS  ********


            ETA1      ETA2      ETA3   
 
 ETA1
+        4.80E-04
 
 ETA2
+       .........  3.03E-04
 
 ETA3
+       ......... .........  2.14E-04
 


 SIGMA - COV MATRIX FOR RANDOM EFFECTS - EPSILONS  ****


            EPS1   
 
 EPS1
+       .........
 
1


 OMEGA - CORR MATRIX FOR RANDOM EFFECTS - ETAS  *******


            ETA1      ETA2      ETA3   
 
 ETA1
+        1.83E-04
 
 ETA2
+       .........  1.45E-04
 
 ETA3
+       ......... .........  1.49E-04
 


 SIGMA - CORR MATRIX FOR RANDOM EFFECTS - EPSILONS  ***


            EPS1   
 
 EPS1
+       .........
 
1
 ************************************************************************************************************************
 ********************                                                                                ********************
 ********************                LAPLACIAN CONDITIONAL ESTIMATION WITH INTERACTION               ********************
 ********************                          COVARIANCE MATRIX OF ESTIMATE                         ********************
 ********************                                                                                ********************
 ************************************************************************************************************************
 

            TH 1      TH 2      TH 3      TH 4      TH 5      OM11      OM12      OM13      OM22      OM23      OM33      SG11  

 
 TH 1
+        7.22E-10
 
 TH 2
+        2.45E-10  8.68E-11
 
 TH 3
+        1.20E-10  4.25E-11  2.09E-11
 
 TH 4
+       -2.43E-10 -8.62E-11 -4.23E-11  8.57E-11
 
 TH 5
+       -8.33E-09 -2.94E-09 -1.44E-09  2.93E-09  1.00E-07
 
 OM11
+        1.22E-08  4.26E-09  2.08E-09 -4.22E-09 -1.44E-07  2.30E-07
 
 OM12
+       ......... ......... ......... ......... ......... ......... .........
 
 OM13
+       ......... ......... ......... ......... ......... ......... ......... .........
 
 OM22
+       -7.21E-09 -2.70E-09 -1.33E-09  2.69E-09  9.16E-08 -1.34E-07 ......... .........  9.18E-08
 
 OM23
+       ......... ......... ......... ......... ......... ......... ......... ......... ......... .........
 
 OM33
+       -5.58E-09 -1.98E-09 -9.71E-10  1.97E-09  6.70E-08 -9.68E-08 ......... .........  6.18E-08 .........  4.59E-08
 
 SG11
+       ......... ......... ......... ......... ......... ......... ......... ......... ......... ......... ......... .........
 
1
 ************************************************************************************************************************
 ********************                                                                                ********************
 ********************                LAPLACIAN CONDITIONAL ESTIMATION WITH INTERACTION               ********************
 ********************                          CORRELATION MATRIX OF ESTIMATE                        ********************
 ********************                                                                                ********************
 ************************************************************************************************************************
 

            TH 1      TH 2      TH 3      TH 4      TH 5      OM11      OM12      OM13      OM22      OM23      OM33      SG11  

 
 TH 1
+        2.69E-05
 
 TH 2
+        9.79E-01  9.32E-06
 
 TH 3
+        9.78E-01  9.99E-01  4.57E-06
 
 TH 4
+       -9.78E-01 -9.99E-01 -1.00E+00  9.26E-06
 
 TH 5
+       -9.78E-01 -9.97E-01 -9.98E-01  9.98E-01  3.17E-04
 
 OM11
+        9.43E-01  9.52E-01  9.50E-01 -9.50E-01 -9.48E-01  4.80E-04
 
 OM12
+       ......... ......... ......... ......... ......... ......... .........
 
 OM13
+       ......... ......... ......... ......... ......... ......... ......... .........
 
 OM22
+       -8.85E-01 -9.55E-01 -9.59E-01  9.59E-01  9.54E-01 -9.25E-01 ......... .........  3.03E-04
 
 OM23
+       ......... ......... ......... ......... ......... ......... ......... ......... ......... .........
 
 OM33
+       -9.69E-01 -9.89E-01 -9.92E-01  9.93E-01  9.88E-01 -9.41E-01 ......... .........  9.52E-01 .........  2.14E-04
 
 SG11
+       ......... ......... ......... ......... ......... ......... ......... ......... ......... ......... ......... .........
 
1
 ************************************************************************************************************************
 ********************                                                                                ********************
 ********************                LAPLACIAN CONDITIONAL ESTIMATION WITH INTERACTION               ********************
 ********************                      INVERSE COVARIANCE MATRIX OF ESTIMATE                     ********************
 ********************                                                                                ********************
 ************************************************************************************************************************
 

            TH 1      TH 2      TH 3      TH 4      TH 5      OM11      OM12      OM13      OM22      OM23      OM33      SG11  

 
 TH 1
+        6.72E+11
 
 TH 2
+        1.78E+12  1.34E+13
 
 TH 3
+       -5.43E+12 -1.51E+13  4.66E+14
 
 TH 4
+        2.81E+12  2.01E+13  2.03E+14  1.59E+14
 
 TH 5
+       -1.14E+10 -9.54E+10 -1.92E+11 -4.25E+11  3.85E+09
 
 OM11
+       -9.74E+09 -2.97E+10  9.91E+10 -3.28E+10  1.68E+08  1.90E+08
 
 OM12
+       ......... ......... ......... ......... ......... ......... .........
 
 OM13
+       ......... ......... ......... ......... ......... ......... ......... .........
 
 OM22
+       -4.35E+10 -1.28E+11  3.29E+11 -2.21E+11  9.48E+08  6.47E+08 ......... .........  2.98E+09
 
 OM23
+       ......... ......... ......... ......... ......... ......... ......... ......... ......... .........
 
 OM33
+       -2.25E+10 -1.40E+11 -1.40E+11 -4.62E+11  2.13E+09  3.27E+08 ......... .........  1.61E+09 .........  3.54E+09
 
 SG11
+       ......... ......... ......... ......... ......... ......... ......... ......... ......... ......... ......... .........
 
 #CPUT: Total CPU Time in Seconds,       99.550
Stop Time:
Tue Sep 29 06:03:19 EDT 2015
