Wed Dec 16 11:07:34 EST 2015
; Claret-like model for describing CTS. No resistance to drug treatment. Independent additive effect of the two drugs. M3 method for BLQ. Additive error
$SIZES      LIM6=2000
$PROBLEM    Model for SLD(t)
$INPUT      CCOM ID TIME ;in day
            DV ;SLD in mm
            BQL ;the LLOQ is 5 mm
            CB ;exposure to carboplatin (per-cycle average AUC)
            G ;exposure to gemcitabine (per-cycle average AUC)
            EVID FLG ;FLG=2 for SLD data,FLG=1 for exposure-related entries
            CMT ;CMT=1 for SLD data
$DATA       Simulated_SLD.csv IGNORE=C
$SUBROUTINE ADVAN6 TOL=3
;Tumour
$MODEL      COMP=(TUMOUR,DEFOBS)
$PK 
KG = THETA(1)*EXP(ETA(1)) ;tumour growth rate constant (1/day)
KD0	= THETA(2)*EXP(ETA(2)) ;carboplatin related death rate constant (1/day/AUC0)
KD1 = THETA(3)*EXP(ETA(2)) ;gemcitabine related death rate constant (1/day/AUC1)
IBASE = THETA(4)*EXP(ETA(3)) ;baseline SLD (m)
FADD = THETA(5) ;SD of additive error (mm)

; ==== SLD baseline ====
A_0(1) = IBASE*1000

; Backward interpolation of exposure-related data
IF(NEWIND.NE.2) OCB=CB
IF(NEWIND.NE.2) OG=G
E0 = OCB 
E1 = OG 
OCB=CB
OG=G

$DES 
; Model for dSLD(t) 
DADT(1) = KG/1000 * A(1) - (KD0/1000 * E0 + KD1/100 * E1) * A(1) 

$ERROR 
LLOQ = 5 ;5 mm is LLOQ
IPRED = A(1)

W = FADD ;SD of additive unexpained variability

; Probability of SLD<LLOQ
DUM = (LLOQ-IPRED)/W
DUM2 = PHI(DUM) 

IF(BQL.EQ.1) THEN
	F_FLAG = 1
	Y = DUM2
ENDIF
IF(BQL.EQ.0) THEN
	F_FLAG = 0
	Y = IPRED+ERR(1)*W
ENDIF

IRES = IPRED-DV
IWRES = IRES/W

;Parameters
$THETA  (0,0.3) ; KG [1/day]
 (0,0.03) ; KD0 [1/day/AUC0]
 (0,0.01) ; KD1 [1/day/AUC1]
 (0,0.065) ; IBASE [m]
 (0,20) ; FADD
$OMEGA  0.08  ;         KG
 0.1  ;         KD
 0.1  ;      IBASE
;Error
$SIGMA  1  FIX  ; placeholder
$ESTIMATION MAXEVAL=9000 PRINT=10 METH=1 LAPLACIAN INTER NUMERICAL
            SLOW NOABORT
$COVARIANCE SLOW
$TABLE      ID TIME DV IPRED PRED IRES IWRES W CWRES EVID ETA1 ETA2
            ETA3 KG KD0 KD1 IBASE FILE=sdtab_SLD NOPRINT ONEHEADER


NM-TRAN MESSAGES
  
 WARNINGS AND ERRORS (IF ANY) FOR PROBLEM    1
             
 (WARNING  2) NM-TRAN INFERS THAT THE DATA ARE POPULATION.
             
 (WARNING  3) THERE MAY BE AN ERROR IN THE ABBREVIATED CODE. THE FOLLOWING
 ONE OR MORE RANDOM VARIABLES ARE DEFINED WITH "IF" STATEMENTS THAT DO NOT
 PROVIDE DEFINITIONS FOR BOTH THE "THEN" AND "ELSE" CASES. IF ALL
 CONDITIONS FAIL, THE VALUES OF THESE VARIABLES WILL BE ZERO.
  
   Y


License Registered to: Eli Lilly and Company
Expiration Date:    14 MAR 2016
Current Date:       16 DEC 2015
Days until program expires :  93
1NONLINEAR MIXED EFFECTS MODEL PROGRAM (NONMEM) VERSION 7.3.0
 ORIGINALLY DEVELOPED BY STUART BEAL, LEWIS SHEINER, AND ALISON BOECKMANN
 CURRENT DEVELOPERS ARE ROBERT BAUER, ICON DEVELOPMENT SOLUTIONS,
 AND ALISON BOECKMANN. IMPLEMENTATION, EFFICIENCY, AND STANDARDIZATION
 PERFORMED BY NOUS INFOSYSTEMS.
 
 PROBLEM NO.:         1
 Model for SLD(t)                                                        
0DATA CHECKOUT RUN:              NO 
 DATA SET LOCATED ON UNIT NO.:    2
 THIS UNIT TO BE REWOUND:        NO 
 NO. OF DATA RECS IN DATA SET:     5466
 NO. OF DATA ITEMS IN DATA SET:  11
 ID DATA ITEM IS DATA ITEM NO.:   2
 DEP VARIABLE IS DATA ITEM NO.:   4
 MDV DATA ITEM IS DATA ITEM NO.: 11
0INDICES PASSED TO SUBROUTINE PRED:
   8   3   0   0   0   0  10   0   0   0   0
0LABELS FOR DATA ITEMS:
 CCOM ID TIME DV BQL CB G EVID FLG CMT MDV
0(NONBLANK) LABELS FOR PRED-DEFINED ITEMS:
 KG KD0 KD1 IBASE IPRED W IRES IWRES
0FORMAT FOR DATA:
 (E2.0,E4.0,E7.0,E13.0,E2.0,2E12.0,3E2.0,1F2.0)                                  
 
 TOT. NO. OF OBS RECS:     1358
 TOT. NO. OF INDIVIDUALS:    336
0LENGTH OF THETA:   5
0DEFAULT THETA BOUNDARY TEST OMITTED:    NO 
0OMEGA HAS SIMPLE DIAGONAL FORM WITH DIMENSION:   3
0DEFAULT OMEGA BOUNDARY TEST OMITTED:    NO 
0SIGMA HAS SIMPLE DIAGONAL FORM WITH DIMENSION:   1
0DEFAULT SIGMA BOUNDARY TEST OMITTED:    NO 
0INITIAL ESTIMATE OF THETA:
 LOWER BOUND    INITIAL EST    UPPER BOUND
  0.0000E+00     0.3000E+00     0.1000E+07
  0.0000E+00     0.3000E-01     0.1000E+07
  0.0000E+00     0.1000E-01     0.1000E+07
  0.0000E+00     0.6500E-01     0.1000E+07
  0.0000E+00     0.2000E+02     0.1000E+07
0INITIAL ESTIMATE OF OMEGA:
 0.8000E-01
 0.0000E+00   0.1000E+00
 0.0000E+00   0.0000E+00   0.1000E+00
0INITIAL ESTIMATE OF SIGMA:
 0.1000E+01
0SIGMA CONSTRAINED TO BE THIS INITIAL ESTIMATE
0COVARIANCE STEP OMITTED:        NO 
 EIGENVLS. PRINTED:              NO 
 SPECIAL COMPUTATION:            NO 
 COMPRESSED FORMAT:              NO 
 SLOW GRADIENT METHOD USED:     YES 
 SIGDIGITS ETAHAT (SIGLO):                  -1          
 SIGDIGITS GRADIENTS (SIGL):                -1          
 RELATIVE TOLERANCE (TOL):                  -1          
 ABSOLUTE TOLERANCE-ADVAN 9,13 ONLY (ATOL): -1          
 EXCLUDE COV FOR FOCE (NOFCOV):              NO   
 RESUME COV ANALYSIS (RESUME):               NO   
0TABLES STEP OMITTED:    NO 
 NO. OF TABLES:           1
 SEED NUMBER (SEED):    11456       
 RANMETHOD:                                 
 MC SAMPLES (ESEED):    300         
 WRES SQUARE ROOT TYPE:            EIGENVALUE
0-- TABLE   1 --
 PRINTED:                NO 
 HEADERS:               ONE
 FILE TO BE FORWARDED:   NO 
 FORMAT:                S1PE11.4
 LFORMAT:               
 RFORMAT:               
0USER-CHOSEN ITEMS:
 ID TIME DV IPRED IRES IWRES W CWRES EVID ETA1 ETA2 ETA3 KG KD0 KD1 IBASE
1DOUBLE PRECISION PREDPP VERSION 7.3.0
 
 GENERAL NONLINEAR KINETICS MODEL (ADVAN6)
0MODEL SUBROUTINE USER-SUPPLIED - ID NO. 9999
0MAXIMUM NO. OF BASIC PK PARAMETERS:   5
0COMPARTMENT ATTRIBUTES 
 COMPT. NO.   FUNCTION   INITIAL    ON/OFF      DOSE      DEFAULT    DEFAULT
                         STATUS     ALLOWED    ALLOWED    FOR DOSE   FOR OBS.
    1         TUMOUR       ON         YES        YES        YES        YES
    2         OUTPUT       OFF        YES        NO         NO         NO 
0NRD VALUE FROM SUBROUTINE TOL:   3
1
 ADDITIONAL PK PARAMETERS - ASSIGNMENT OF ROWS IN GG
 COMPT. NO.                             INDICES
              SCALE      BIOAVAIL.   ZERO-ORDER  ZERO-ORDER  ABSORB
                         FRACTION    RATE        DURATION    LAG  
    1            *           *           *           *           *
    2            *           -           -           -           -
             - PARAMETER IS NOT ALLOWED FOR THIS MODEL
             * PARAMETER IS NOT SUPPLIED BY PK SUBROUTINE;
               WILL DEFAULT TO ONE IF APPLICABLE
0DATA ITEM INDICES USED BY PRED ARE:
   EVENT ID DATA ITEM IS DATA ITEM NO.:      8
   TIME DATA ITEM IS DATA ITEM NO.:          3
   COMPT. NO. DATA ITEM IS DATA ITEM NO.:   10
 
0PK SUBROUTINE CALLED WITH EVERY EVENT RECORD.
 PK SUBROUTINE NOT CALLED AT NONEVENT (ADDITIONAL OR LAGGED) DOSE TIMES.
0PK SUBROUTINE INDICATES THAT COMPARTMENT AMOUNTS ARE INITIALIZED.
0ERROR SUBROUTINE CALLED WITH EVERY EVENT RECORD.
0ERROR SUBROUTINE INDICATES THAT DERIVATIVES OF COMPARTMENT AMOUNTS ARE USED.
0DES SUBROUTINE USES COMPACT STORAGE MODE.
1
 
 
 #TBLN:      1
 #METH: Laplacian Conditional Estimation with Interaction
 
 ESTIMATION STEP OMITTED:                 NO  
 ANALYSIS TYPE:                           POPULATION
 SLOW GRADIENT METHOD USED:               YES 
 CONDITIONAL ESTIMATES USED:              YES 
 CENTERED ETA:                            NO  
 EPS-ETA INTERACTION:                     YES 
 LAPLACIAN OBJ. FUNC.:                    YES 
 NUMERICAL 2ND DERIVATIVES:               YES 
 NO. OF FUNCT. EVALS. ALLOWED:            9000
 NO. OF SIG. FIGURES REQUIRED:            3
 INTERMEDIATE PRINTOUT:                   YES 
 ESTIMATE OUTPUT TO MSF:                  NO  
 ABORT WITH PRED EXIT CODE 1:             NO  
 IND. OBJ. FUNC. VALUES SORTED:           NO  
 NUMERICAL DERIVATIVE 
       FILE REQUEST (NUMDER):             NONE
 MAP (ETAHAT) ESTIMATION METHOD (OPTMAP): 0           
 ETA HESSIAN EVALUATION METHOD (ETADER):  0           
 INITIAL ETA FOR MAP ESTIMATION (MCETA):  0           
 SIGDIGITS FOR MAP ESTIMATION (SIGLO):    100         
 GRADIENT SIGDIGITS OF 
       FIXED EFFECTS PARAMETERS (SIGL):   100         
 EXCLUDE TITLE (NOTITLE):                 NO 
 EXCLUDE COLUMN LABELS (NOLABEL):         NO 
 NOPRIOR SETTING (NOPRIOR):               OFF
 NOCOV SETTING (NOCOV):                   OFF
 DERCONT SETTING (DERCONT):               OFF
 ABSOLUTE TOLERANCE-ADVAN 9,13 ONLY(ATOL):-100        
 FINAL ETA RE-EVALUATION (FNLETA):        ON 
 EXCLUDE NON-INFLUENTIAL (NON-INFL.) ETAS 
       IN SHRINKAGE (ETASTYPE):           NO 
 NON-INFL. ETA CORRECTION (NONINFETA):    OFF
 FORMAT FOR ADDITIONAL FILES (FORMAT):    S1PE12.5
 PARAMETER ORDER FOR OUTPUTS (ORDER):     TSOL
 ADDITIONAL CONVERGENCE TEST (CTYPE=4)?:  NO
 EM OR BAYESIAN METHOD USED:                NONE
 
 
 THE FOLLOWING LABELS ARE EQUIVALENT
 PRED=PREDI
 RES=RESI
 WRES=WRESI
 IWRS=IWRESI
 IPRD=IPREDI
 IRS=IRESI
 
 MONITORING OF SEARCH:

 
0ITERATION NO.:    0    OBJECTIVE VALUE:   12151.8389045194        NO. OF FUNC. EVALS.:   9
 CUMULATIVE NO. OF FUNC. EVALS.:        9
 NPARAMETR:  3.0000E-01  3.0000E-02  1.0000E-02  6.5000E-02  2.0000E+01  8.0000E-02  1.0000E-01  1.0000E-01
 PARAMETER:  1.0000E-01  1.0000E-01  1.0000E-01  1.0000E-01  1.0000E-01  1.0000E-01  1.0000E-01  1.0000E-01
 GRADIENT:  -4.0677E+02 -1.7375E+02 -7.0109E+01 -1.0297E+03 -1.1417E+03 -1.4351E+03 -5.5124E+02 -1.7862E+03
 
0ITERATION NO.:   10    OBJECTIVE VALUE:   10361.0130963854        NO. OF FUNC. EVALS.:  10
 CUMULATIVE NO. OF FUNC. EVALS.:      113
 NPARAMETR:  1.2194E+00  5.1256E-02  2.4888E-02  7.4105E-02  1.8044E+01  1.0570E+00  6.3600E-01  4.3078E-01
 PARAMETER:  1.5024E+00  6.3564E-01  1.0118E+00  2.3110E-01 -2.9249E-03  1.3906E+00  1.0250E+00  8.3021E-01
 GRADIENT:  -6.1314E+00  1.5027E+01  5.8565E+00 -3.0579E+01 -9.0480E+01 -3.4073E+01 -3.1876E+01 -1.3295E+01
 
0ITERATION NO.:   20    OBJECTIVE VALUE:   10347.6316605200        NO. OF FUNC. EVALS.:  11
 CUMULATIVE NO. OF FUNC. EVALS.:      273
 NPARAMETR:  4.4834E-01  4.1674E-02  2.1674E-02  7.5613E-02  1.8527E+01  3.1412E+00  9.2899E-01  4.4530E-01
 PARAMETER:  5.0177E-01  4.2868E-01  8.7354E-01  2.5124E-01  2.3498E-02  1.9352E+00  1.2145E+00  8.4679E-01
 GRADIENT:   4.9666E+02  9.6257E+01  1.0243E+02 -6.4231E+01 -2.6391E+02  9.7404E+02  2.8371E+02  5.4571E+01
 
0ITERATION NO.:   29    OBJECTIVE VALUE:   10345.9097938913        NO. OF FUNC. EVALS.:  11
 CUMULATIVE NO. OF FUNC. EVALS.:      424
 NPARAMETR:  4.4618E-01  4.2370E-02  2.1825E-02  7.4411E-02  1.8485E+01  3.1055E+00  9.2336E-01  4.5089E-01
 PARAMETER:  4.9694E-01  4.4480E-01  8.8048E-01  2.3524E-01  2.1241E-02  1.9294E+00  1.2114E+00  8.5282E-01
 GRADIENT:   5.2113E+01 -1.9754E+02 -3.1997E+00  9.3614E+02  4.6271E+02  1.5364E+02 -1.4574E+02 -1.4998E+02
 
 #TERM:
0MINIMIZATION SUCCESSFUL
 HOWEVER, PROBLEMS OCCURRED WITH THE MINIMIZATION.
 REGARD THE RESULTS OF THE ESTIMATION STEP CAREFULLY, AND ACCEPT THEM ONLY
 AFTER CHECKING THAT THE COVARIANCE STEP PRODUCES REASONABLE OUTPUT.
 NO. OF FUNCTION EVALUATIONS USED:      424
 NO. OF SIG. DIGITS IN FINAL EST.:  3.7

 ETABAR IS THE ARITHMETIC MEAN OF THE ETA-ESTIMATES,
 AND THE P-VALUE IS GIVEN FOR THE NULL HYPOTHESIS THAT THE TRUE MEAN IS 0.
 
 ETABAR:         3.4642E-01  1.2269E-01  8.2517E-02
 SE:             4.3652E-02  3.5906E-02  3.2145E-02
 N:                     336         336         336
 
 P VAL.:         2.1128E-15  6.3368E-04  1.0258E-02
 
 ETAshrink(%):   5.4526E+01  3.1404E+01  1.2100E+01
 EBVshrink(%):   1.0000E+02  3.9147E+01  7.5295E+00
 EPSshrink(%):   2.2906E+01
 
 #TERE:
 Elapsed estimation time in seconds:   137.55
0R MATRIX ALGORITHMICALLY NON-POSITIVE-SEMIDEFINITE
 BUT NONSINGULAR
0R MATRIX IS OUTPUT
0COVARIANCE STEP ABORTED
 Elapsed covariance time in seconds:    48.91
1
 
 
 
 
 
 
 
 
 
 
 
 
 
 
 
 
 
 
 
 
 ************************************************************************************************************************
 ********************                                                                                ********************
 ********************                LAPLACIAN CONDITIONAL ESTIMATION WITH INTERACTION               ********************
 #OBJT:**************                       MINIMUM VALUE OF OBJECTIVE FUNCTION                      ********************
 ********************                                                                                ********************
 ************************************************************************************************************************
 





 #OBJV:********************************************    10345.910       **************************************************
1
 ************************************************************************************************************************
 ********************                                                                                ********************
 ********************                LAPLACIAN CONDITIONAL ESTIMATION WITH INTERACTION               ********************
 ********************                             FINAL PARAMETER ESTIMATE                           ********************
 ********************                                                                                ********************
 ************************************************************************************************************************
 


 THETA - VECTOR OF FIXED EFFECTS PARAMETERS   *********


         TH 1      TH 2      TH 3      TH 4      TH 5     
 
         4.46E-01  4.24E-02  2.18E-02  7.44E-02  1.85E+01
 


 OMEGA - COV MATRIX FOR RANDOM EFFECTS - ETAS  ********


            ETA1      ETA2      ETA3   
 
 ETA1
+        3.11E+00
 
 ETA2
+        0.00E+00  9.23E-01
 
 ETA3
+        0.00E+00  0.00E+00  4.51E-01
 


 SIGMA - COV MATRIX FOR RANDOM EFFECTS - EPSILONS  ****


            EPS1   
 
 EPS1
+        1.00E+00
 
1


 OMEGA - CORR MATRIX FOR RANDOM EFFECTS - ETAS  *******


            ETA1      ETA2      ETA3   
 
 ETA1
+        1.76E+00
 
 ETA2
+        0.00E+00  9.61E-01
 
 ETA3
+        0.00E+00  0.00E+00  6.71E-01
 


 SIGMA - CORR MATRIX FOR RANDOM EFFECTS - EPSILONS  ***


            EPS1   
 
 EPS1
+        1.00E+00
 
1
 ************************************************************************************************************************
 ********************                                                                                ********************
 ********************                LAPLACIAN CONDITIONAL ESTIMATION WITH INTERACTION               ********************
 ********************                                     R MATRIX                                   ********************
 ********************                                                                                ********************
 ************************************************************************************************************************
 

            TH 1      TH 2      TH 3      TH 4      TH 5      OM11      OM12      OM13      OM22      OM23      OM33      SG11  

 
 TH 1
+        1.27E+07
 
 TH 2
+        2.65E+07  1.15E+09
 
 TH 3
+        4.54E+07  7.55E+08  1.35E+09
 
 TH 4
+       -1.61E+07 -7.94E+08 -4.13E+08  9.92E+08
 
 TH 5
+       -3.98E+05 -9.69E+06 -1.40E+07  5.09E+06  1.38E+05
 
 OM11
+        1.03E+04  3.61E+04  6.05E+04 -2.29E+04 -5.14E+02  7.20E+03
 
 OM12
+       ......... ......... ......... ......... ......... ......... .........
 
 OM13
+       ......... ......... ......... ......... ......... ......... ......... .........
 
 OM22
+       -2.83E+05 -9.56E+05 -1.55E+06  5.87E+05  1.38E+04 -2.86E+03 ......... .........  1.58E+05
 
 OM23
+       ......... ......... ......... ......... ......... ......... ......... ......... ......... .........
 
 OM33
+        5.07E+05  2.64E+07  1.36E+07 -2.48E+07 -1.70E+05  7.05E+02 ......... ......... -1.84E+04 .........  6.17E+05
 
 SG11
+       ......... ......... ......... ......... ......... ......... ......... ......... ......... ......... ......... .........
 
 #CPUT: Total CPU Time in Seconds,      187.691
Stop Time:
Wed Dec 16 11:10:56 EST 2015
