18/09/2017 
14:48
$PROBLEM    Mida PK in obese adolescents and adults
$INPUT      ID ;<=30=adults,>30=adolescent
            TIME ;in min
            AMT ;in microgram
            RATE ;in microgram / min
            DV ;in microgram / L
            MDV CMT TBW ;total bodyweight in kg
            WTAL ;weight for age and length in kg
            WTAC ;access weight
$DATA      SimulatedDatafileMidaObesity.csv IGNORE=@
$SUBROUTINE ADVAN6 TOL=5
$MODEL      COMP=(PODOSE) COMP=(CENTRAL) COMP=(PERIP) COMP=(TRANSIT1)
            COMP=(TRANSIT2) COMP=(TRANSIT3) COMP=(TRANSIT4)
            COMP=(TRANSIT5)
$PK 					
IF(ID.LE.30) TVCL=THETA(1) 
IF(ID.GT.30) TVCL=THETA(7)*(TBW/104.7)**THETA(8) 
CL=TVCL*EXP(ETA(1))		;clearance L/min
F1=THETA(2)*EXP(ETA(2))		;bioavailability
V2=THETA(3)*EXP(ETA(5))        	;central volume L 
Q=THETA(4)*EXP(ETA(3))         	;intercompartmental CL L/min 
IF(ID.LE.30) TVV3=THETA(5)*(TBW/141.8)**THETA(9) 
IF(ID.GT.30) TVV3=THETA(5)
V3= TVV3*EXP(ETA(6))            ;peripheral volume L
KA= THETA(6)*EXP(ETA(4))	;absoprtion rate min-1
KTR= KA                         ;transit rate min-1

S2=V2                            
S3=V3

K14=KA
K45=KTR
K56=KTR
K67=KTR
K78=KTR
K82=KTR
K20=CL/V2
K23=Q/V2
K32=Q/V3

$DES 
DADT(1)= -K14*A(1)
DADT(2)= KTR*A(8) -K23*A(2) +K32*A(3) -K20*A(2)
DADT(3)= K23*A(2) -K32*A(3)
DADT(4)= K14*A(1) -KTR*A(4)
DADT(5)= KTR*A(4) -KTR*A(5)
DADT(6)= KTR*A(5) -KTR*A(6)
DADT(7)= KTR*A(6) -KTR*A(7)
DADT(8)= KTR*A(7) -KTR*A(8)

$ERROR 
IPRED=F                     
Y=F*(1+ERR(1))              ;proportional error model

IRES=DV-IPRED               
DEL=0                       
IF(IPRED.EQ.0)DEL=1
IWRES=(1-DEL)*IRES/(IPRED+DEL)   

$THETA  (0,0.442) ; CL adults
 (0,0.562) ; F1
 (0,55.2) ; V2 (L)
 (0,1.14) ; Q (L/min)
 (0,172) ; V3 (L)
 (0,0.115) ; KA
 (0,0.71) ; CL adolsecents
 (0,1.2) ; tbw pow CL adolescents
 (0,3.28) ; tbw POW V3 adults
$OMEGA  0.0433  ;         CL
 0.143  ;         F1
 0.165  ;          Q
 0.219  ;         KA
 0.294  ;         V2
 0.164  ;         V3
$SIGMA  0.0888  ; proportional
$ESTIMATION SIGDIG=3 MAXEVAL=9999 PRINT=5 NOABORT METHOD=1 INTERACTION
            POSTHOC
$COVARIANCE
$TABLE      ID TIME IPRED IWRES CWRES MDV CMT NOPRINT ONEHEADER
            NOAPPEND FILE=sdtab00134

  
NM-TRAN MESSAGES 
  
 WARNINGS AND ERRORS (IF ANY) FOR PROBLEM    1
             
 (WARNING  2) NM-TRAN INFERS THAT THE DATA ARE POPULATION.
  
License Registered to: Leiden Academic Center for Drug Research
Expiration Date:    14 JAN 2018
Current Date:       18 SEP 2017
Days until program expires : 121
1NONLINEAR MIXED EFFECTS MODEL PROGRAM (NONMEM) VERSION 7.3.0
 ORIGINALLY DEVELOPED BY STUART BEAL, LEWIS SHEINER, AND ALISON BOECKMANN
 CURRENT DEVELOPERS ARE ROBERT BAUER, ICON DEVELOPMENT SOLUTIONS,
 AND ALISON BOECKMANN. IMPLEMENTATION, EFFICIENCY, AND STANDARDIZATION
 PERFORMED BY NOUS INFOSYSTEMS.

 PROBLEM NO.:         1
 Mida PK in obese adolescents and adults
0DATA CHECKOUT RUN:              NO
 DATA SET LOCATED ON UNIT NO.:    2
 THIS UNIT TO BE REWOUND:        NO
 NO. OF DATA RECS IN DATA SET:      137
 NO. OF DATA ITEMS IN DATA SET:  11
 ID DATA ITEM IS DATA ITEM NO.:   1
 DEP VARIABLE IS DATA ITEM NO.:   5
 MDV DATA ITEM IS DATA ITEM NO.:  6
0INDICES PASSED TO SUBROUTINE PRED:
  11   2   3   4   0   0   7   0   0   0   0
0LABELS FOR DATA ITEMS:
 ID TIME AMT RATE DV MDV CMT TBW WTAL WTAC EVID
0(NONBLANK) LABELS FOR PRED-DEFINED ITEMS:
 IPRED IWRES
0FORMAT FOR DATA:
 (10E6.0,1F2.0)

 TOT. NO. OF OBS RECS:      123
 TOT. NO. OF INDIVIDUALS:      9
0LENGTH OF THETA:   9
0DEFAULT THETA BOUNDARY TEST OMITTED:    NO
0OMEGA HAS SIMPLE DIAGONAL FORM WITH DIMENSION:   6
0DEFAULT OMEGA BOUNDARY TEST OMITTED:    NO
0SIGMA HAS SIMPLE DIAGONAL FORM WITH DIMENSION:   1
0DEFAULT SIGMA BOUNDARY TEST OMITTED:    NO
0INITIAL ESTIMATE OF THETA:
 LOWER BOUND    INITIAL EST    UPPER BOUND
  0.0000E+00     0.4420E+00     0.1000E+07
  0.0000E+00     0.5620E+00     0.1000E+07
  0.0000E+00     0.5520E+02     0.1000E+07
  0.0000E+00     0.1140E+01     0.1000E+07
  0.0000E+00     0.1720E+03     0.1000E+07
  0.0000E+00     0.1150E+00     0.1000E+07
  0.0000E+00     0.7100E+00     0.1000E+07
  0.0000E+00     0.1200E+01     0.1000E+07
  0.0000E+00     0.3280E+01     0.1000E+07
0INITIAL ESTIMATE OF OMEGA:
 0.4330E-01
 0.0000E+00   0.1430E+00
 0.0000E+00   0.0000E+00   0.1650E+00
 0.0000E+00   0.0000E+00   0.0000E+00   0.2190E+00
 0.0000E+00   0.0000E+00   0.0000E+00   0.0000E+00   0.2940E+00
 0.0000E+00   0.0000E+00   0.0000E+00   0.0000E+00   0.0000E+00   0.1640E+00
0INITIAL ESTIMATE OF SIGMA:
 0.8880E-01
0COVARIANCE STEP OMITTED:        NO
 EIGENVLS. PRINTED:              NO
 SPECIAL COMPUTATION:            NO
 COMPRESSED FORMAT:              NO
 SIGDIGITS ETAHAT (SIGLO):                  -1
 SIGDIGITS GRADIENTS (SIGL):                -1
 RELATIVE TOLERANCE (TOL):                  -1
 ABSOLUTE TOLERANCE-ADVAN 9,13 ONLY (ATOL): -1
 EXCLUDE COV FOR FOCE (NOFCOV):              NO
 RESUME COV ANALYSIS (RESUME):               NO
0TABLES STEP OMITTED:    NO
 NO. OF TABLES:           1
 SEED NUMBER (SEED):    11456
 RANMETHOD:
 MC SAMPLES (ESEED):    300
 WRES SQUARE ROOT TYPE:            EIGENVALUE
0-- TABLE   1 --
04 COLUMNS APPENDED:     NO
 PRINTED:                NO
 HEADER:                YES
 FILE TO BE FORWARDED:   NO
 FORMAT:                S1PE11.4
 LFORMAT:
 RFORMAT:
0USER-CHOSEN ITEMS:
 ID TIME IPRED IWRES CWRES MDV CMT
0WARNING: THE NUMBER OF PARAMETERS TO BE ESTIMATED
 EXCEEDS THE NUMBER OF INDIVIDUALS WITH DATA.
0WARNING: FOR AN ASYMPTOTIC ESTIMATE OF THE VARIANCE-COVARIANCE MATRIX
 OF THE GRADIENT VECTOR, THE COVARIANCE STEP COMPUTES THE S MATRIX.
 BUT WHEN THE NUMBER OF PARAMETERS TO BE ESTIMATED
 EXCEEDS THE NUMBER OF INDIVIDUALS WITH DATA,
 THIS MATRIX CAN BE SINGULAR AND BE A POOR ASYMPTOTIC ESTIMATE.
1DOUBLE PRECISION PREDPP VERSION 7.3.0

 GENERAL NONLINEAR KINETICS MODEL (ADVAN6)
0MODEL SUBROUTINE USER-SUPPLIED - ID NO. 9999
0MAXIMUM NO. OF BASIC PK PARAMETERS:   5
0COMPARTMENT ATTRIBUTES
 COMPT. NO.   FUNCTION   INITIAL    ON/OFF      DOSE      DEFAULT    DEFAULT
                         STATUS     ALLOWED    ALLOWED    FOR DOSE   FOR OBS.
    1         PODOSE       ON         YES        YES        YES        NO
    2         CENTRAL      ON         YES        YES        NO         YES
    3         PERIP        ON         YES        YES        NO         NO
    4         TRANSIT1     ON         YES        YES        NO         NO
    5         TRANSIT2     ON         YES        YES        NO         NO
    6         TRANSIT3     ON         YES        YES        NO         NO
    7         TRANSIT4     ON         YES        YES        NO         NO
    8         TRANSIT5     ON         YES        YES        NO         NO
    9         OUTPUT       OFF        YES        NO         NO         NO
0NRD VALUE FROM SUBROUTINE TOL:   5
1
 ADDITIONAL PK PARAMETERS - ASSIGNMENT OF ROWS IN GG
 COMPT. NO.                             INDICES
              SCALE      BIOAVAIL.   ZERO-ORDER  ZERO-ORDER  ABSORB
                         FRACTION    RATE        DURATION    LAG
    1            *           6           *           *           *
    2            7           *           *           *           *
    3            8           *           *           *           *
    4            *           *           *           *           *
    5            *           *           *           *           *
    6            *           *           *           *           *
    7            *           *           *           *           *
    8            *           *           *           *           *
    9            *           -           -           -           -
             - PARAMETER IS NOT ALLOWED FOR THIS MODEL
             * PARAMETER IS NOT SUPPLIED BY PK SUBROUTINE;
               WILL DEFAULT TO ONE IF APPLICABLE
0DATA ITEM INDICES USED BY PRED ARE:
   EVENT ID DATA ITEM IS DATA ITEM NO.:     11
   TIME DATA ITEM IS DATA ITEM NO.:          2
   DOSE AMOUNT DATA ITEM IS DATA ITEM NO.:   3
   DOSE RATE DATA ITEM IS DATA ITEM NO.:     4
   COMPT. NO. DATA ITEM IS DATA ITEM NO.:    7

0PK SUBROUTINE CALLED WITH EVERY EVENT RECORD.
 PK SUBROUTINE NOT CALLED AT NONEVENT (ADDITIONAL OR LAGGED) DOSE TIMES.
0ERROR SUBROUTINE CALLED WITH EVERY EVENT RECORD.
0DES SUBROUTINE USES COMPACT STORAGE MODE.
1


 #TBLN:      1
 #METH: First Order Conditional Estimation with Interaction

 ESTIMATION STEP OMITTED:                 NO  
 ANALYSIS TYPE:                           POPULATION
 CONDITIONAL ESTIMATES USED:              YES 
 CENTERED ETA:                            NO  
 EPS-ETA INTERACTION:                     YES 
 LAPLACIAN OBJ. FUNC.:                    NO  
 NO. OF FUNCT. EVALS. ALLOWED:            9999
 NO. OF SIG. FIGURES REQUIRED:            3
 INTERMEDIATE PRINTOUT:                   YES 
 ESTIMATE OUTPUT TO MSF:                  NO  
 ABORT WITH PRED EXIT CODE 1:             NO  
 IND. OBJ. FUNC. VALUES SORTED:           NO  
 NUMERICAL DERIVATIVE 
       FILE REQUEST (NUMDER):             NONE
 MAP (ETAHAT) ESTIMATION METHOD (OPTMAP): 0           
 ETA HESSIAN EVALUATION METHOD (ETADER):  0           
 INITIAL ETA FOR MAP ESTIMATION (MCETA):  0           
 SIGDIGITS FOR MAP ESTIMATION (SIGLO):    100         
 GRADIENT SIGDIGITS OF 
       FIXED EFFECTS PARAMETERS (SIGL):   100         
 EXCLUDE TITLE (NOTITLE):                 NO 
 EXCLUDE COLUMN LABELS (NOLABEL):         NO 
 NOPRIOR SETTING (NOPRIOR):               OFF
 NOCOV SETTING (NOCOV):                   OFF
 DERCONT SETTING (DERCONT):               OFF
 ABSOLUTE TOLERANCE-ADVAN 9,13 ONLY(ATOL):-100        
 FINAL ETA RE-EVALUATION (FNLETA):        ON 
 EXCLUDE NON-INFLUENTIAL (NON-INFL.) ETAS 
       IN SHRINKAGE (ETASTYPE):           NO 
 NON-INFL. ETA CORRECTION (NONINFETA):    OFF
 FORMAT FOR ADDITIONAL FILES (FORMAT):    S1PE12.5
 PARAMETER ORDER FOR OUTPUTS (ORDER):     TSOL
 ADDITIONAL CONVERGENCE TEST (CTYPE=4)?:  NO
 EM OR BAYESIAN METHOD USED:                NONE


 THE FOLLOWING LABELS ARE EQUIVALENT
 PRED=PREDI
 RES=RESI
 WRES=WRESI
 IWRS=IWRESI
 IPRD=IPREDI
 IRS=IRESI

 MONITORING OF SEARCH:


0ITERATION NO.:    0    OBJECTIVE VALUE:   541.100938581276        NO. OF FUNC. EVALS.:  12
 CUMULATIVE NO. OF FUNC. EVALS.:       12
 NPARAMETR:  4.4200E-01  5.6200E-01  5.5200E+01  1.1400E+00  1.7200E+02  1.1500E-01  7.1000E-01  1.2000E+00  3.2800E+00  4.3300E-02
             1.4300E-01  1.6500E-01  2.1900E-01  2.9400E-01  1.6400E-01  8.8800E-02
 PARAMETER:  1.0000E-01  1.0000E-01  1.0000E-01  1.0000E-01  1.0000E-01  1.0000E-01  1.0000E-01  1.0000E-01  1.0000E-01  1.0000E-01
             1.0000E-01  1.0000E-01  1.0000E-01  1.0000E-01  1.0000E-01  1.0000E-01
 GRADIENT:  -1.1669E+01 -7.8452E+00 -1.1498E+01  2.6714E+00 -5.6052E+00  5.8918E-01 -8.4041E+00 -6.1641E-02 -2.4934E+00  5.5946E+00
             2.4655E-02 -5.5743E+00  5.6941E+00  3.6418E+00  1.3805E+00 -1.4408E+01

0ITERATION NO.:    5    OBJECTIVE VALUE:   528.126424355604        NO. OF FUNC. EVALS.:  13
 CUMULATIVE NO. OF FUNC. EVALS.:       79
 NPARAMETR:  5.6625E-01  7.8642E-01  5.8775E+01  1.2790E+00  1.7273E+02  1.1307E-01  7.9057E-01  1.1822E+00  3.7446E+00  6.7043E-03
             1.0388E-01  5.1537E-01  5.0848E-02  9.3993E-02  9.0458E-02  9.3246E-02
 PARAMETER:  3.4773E-01  4.3599E-01  1.6275E-01  2.1505E-01  1.0422E-01  8.3105E-02  2.0749E-01  8.5083E-02  2.3246E-01 -8.3270E-01
            -5.9802E-02  6.6947E-01 -6.3012E-01 -4.7018E-01 -1.9749E-01  1.2443E-01
 GRADIENT:   1.3283E+01  5.7052E+00 -6.7579E+00 -8.6048E-01 -1.0755E-02  3.3812E+00  2.3841E+00  2.1782E+00  3.6840E+00  2.0702E+00
             1.7889E-01  2.1729E+00 -2.9520E+00  2.6661E+00  1.0218E-01 -8.5285E+00

0ITERATION NO.:   10    OBJECTIVE VALUE:   525.827856171800        NO. OF FUNC. EVALS.:  13
 CUMULATIVE NO. OF FUNC. EVALS.:      145
 NPARAMETR:  5.4347E-01  6.5491E-01  5.5077E+01  1.2377E+00  1.7006E+02  1.1670E-01  8.0433E-01  1.0192E+00  3.1621E+00  1.1718E-03
             8.2614E-02  3.6234E-01  7.1134E-02  2.9687E-02  6.8748E-02  9.4674E-02
 PARAMETER:  3.0667E-01  2.5299E-01  9.7768E-02  1.8219E-01  8.8658E-02  1.1465E-01  2.2475E-01 -6.3314E-02  6.3386E-02 -1.7048E+00
            -1.7433E-01  4.9332E-01 -4.6225E-01 -1.0464E+00 -3.3471E-01  1.3203E-01
 GRADIENT:   8.7556E+00 -3.7575E+00 -8.9992E+00 -1.4487E+00  5.8968E+00  6.1283E+00  1.3486E+01 -2.2254E+00 -4.9346E-01  5.3429E-01
            -1.4613E+00 -2.6627E+00 -1.3916E+00  6.3476E-01 -8.3233E-01 -9.9251E+00

0ITERATION NO.:   15    OBJECTIVE VALUE:   524.716987543247        NO. OF FUNC. EVALS.:  14
 CUMULATIVE NO. OF FUNC. EVALS.:      211
 NPARAMETR:  5.4168E-01  6.8335E-01  5.8002E+01  1.2829E+00  1.6597E+02  1.1274E-01  7.8710E-01  1.0621E+00  3.1608E+00  7.0442E-04
             9.8454E-02  4.2022E-01  9.0190E-02  2.6036E-02  7.9930E-02  9.7834E-02
 PARAMETER:  3.0337E-01  2.9550E-01  1.4952E-01  2.1813E-01  6.4287E-02  8.0122E-02  2.0309E-01 -2.2071E-02  6.2974E-02 -1.9593E+00
            -8.6626E-02  5.6741E-01 -3.4358E-01 -1.1121E+00 -2.5936E-01  1.4844E-01
 GRADIENT:  -1.1274E+00 -1.3754E-01  1.0382E+00  5.5257E-01 -9.8726E-01  1.3655E+00 -2.8967E+00  6.0607E-02 -1.1830E+00  3.0950E-01
             1.0040E-01 -2.7896E-01  5.4381E-01  3.3435E-01 -6.5627E-02 -6.1990E-01

0ITERATION NO.:   20    OBJECTIVE VALUE:   524.524173198222        NO. OF FUNC. EVALS.:  13
 CUMULATIVE NO. OF FUNC. EVALS.:      276
 NPARAMETR:  5.3816E-01  6.7834E-01  5.7075E+01  1.2614E+00  1.6620E+02  1.0947E-01  7.9288E-01  1.0436E+00  3.3887E+00  2.3771E-04
             9.0454E-02  4.4270E-01  8.7730E-02  1.9882E-02  7.8776E-02  9.8766E-02
 PARAMETER:  2.9685E-01  2.8815E-01  1.3340E-01  2.0123E-01  6.5698E-02  5.0700E-02  2.1041E-01 -3.9690E-02  1.3259E-01 -2.5024E+00
            -1.2900E-01  5.9347E-01 -3.5741E-01 -1.2469E+00 -2.6663E-01  1.5318E-01
 GRADIENT:   2.2199E-01 -4.1717E-01 -7.0304E-01 -1.7666E-01  4.5964E-01 -8.8310E-01  3.8342E-01 -3.4947E-01  1.1422E-01  1.1603E-01
            -3.8980E-02  3.2121E-01  1.2998E-01  9.4997E-02 -3.8748E-02 -7.8938E-03

0ITERATION NO.:   25    OBJECTIVE VALUE:   524.451995927438        NO. OF FUNC. EVALS.:  13
 CUMULATIVE NO. OF FUNC. EVALS.:      341
 NPARAMETR:  5.3935E-01  6.8133E-01  5.7238E+01  1.2658E+00  1.6565E+02  1.1073E-01  7.9253E-01  1.0468E+00  3.3618E+00  7.1651E-06
             9.2437E-02  4.3281E-01  8.6058E-02  1.8355E-02  7.9443E-02  9.8819E-02
 PARAMETER:  2.9905E-01  2.9255E-01  1.3625E-01  2.0467E-01  6.2369E-02  6.2130E-02  2.0996E-01 -3.6545E-02  1.2463E-01 -4.2533E+00
            -1.1816E-01  5.8218E-01 -3.6702E-01 -1.2868E+00 -2.6241E-01  1.5345E-01
 GRADIENT:   2.1523E-01 -5.9503E-02 -3.2500E-02 -1.3891E-02  3.7537E-02  4.5222E-02 -4.0275E-02 -2.5987E-02  2.9072E-02  3.5043E-03
             8.2169E-04  2.5477E-02 -1.7187E-03  1.8182E-03 -5.0637E-04  6.3576E-02

0ITERATION NO.:   30    OBJECTIVE VALUE:   524.450818174685        NO. OF FUNC. EVALS.:  25
 CUMULATIVE NO. OF FUNC. EVALS.:      428
 NPARAMETR:  5.3960E-01  6.8343E-01  5.7290E+01  1.2675E+00  1.6573E+02  1.1075E-01  7.9266E-01  1.0477E+00  3.3597E+00  4.3323E-06
             9.2255E-02  4.3183E-01  8.6134E-02  1.8544E-02  7.9536E-02  9.8811E-02
 PARAMETER:  2.9952E-01  2.9562E-01  1.3716E-01  2.0602E-01  6.2878E-02  6.2332E-02  2.1012E-01 -3.5685E-02  1.2402E-01 -4.5049E+00
            -1.1914E-01  5.8104E-01 -3.6658E-01 -1.2817E+00 -2.6183E-01  1.5341E-01
 GRADIENT:  -3.4977E-02 -3.5971E-02 -1.8182E-02 -8.9801E-03 -2.5780E-03 -2.6269E-02 -3.3535E-03  4.2711E-03 -3.2407E-03  2.1136E-03
            -8.3156E-04 -3.2830E-03  3.2952E-03  5.7113E-04  2.2029E-04  8.2107E-03

0ITERATION NO.:   32    OBJECTIVE VALUE:   524.450790963279        NO. OF FUNC. EVALS.:  20
 CUMULATIVE NO. OF FUNC. EVALS.:      471
 NPARAMETR:  5.3972E-01  6.8398E-01  5.7308E+01  1.2680E+00  1.6576E+02  1.1078E-01  7.9267E-01  1.0478E+00  3.3599E+00  4.3300E-06
             9.2239E-02  4.3185E-01  8.6121E-02  1.8600E-02  7.9555E-02  9.8816E-02
 PARAMETER:  2.9974E-01  2.9643E-01  1.3747E-01  2.0643E-01  6.3062E-02  6.2628E-02  2.1014E-01 -3.5619E-02  1.2405E-01 -4.5065E+00
            -1.1923E-01  5.8107E-01 -3.6666E-01 -1.2802E+00 -2.6171E-01  1.5344E-01
 GRADIENT:  -1.0272E-02  3.4451E-03 -2.6562E-03  6.0792E-04 -3.3582E-04  3.5278E-04  4.7538E-05  1.7535E-03 -2.2447E-03  0.0000E+00
             1.2504E-04 -2.4347E-03  2.2116E-03 -2.0537E-04  1.6974E-04  1.3368E-02

 #TERM:
0MINIMIZATION SUCCESSFUL
 NO. OF FUNCTION EVALUATIONS USED:      471
 NO. OF SIG. DIGITS IN FINAL EST.:  3.3
0PARAMETER ESTIMATE IS NEAR ITS BOUNDARY
 THIS MUST BE ADDRESSED BEFORE THE COVARIANCE STEP CAN BE IMPLEMENTED

 ETABAR IS THE ARITHMETIC MEAN OF THE ETA-ESTIMATES,
 AND THE P-VALUE IS GIVEN FOR THE NULL HYPOTHESIS THAT THE TRUE MEAN IS 0.

 ETABAR:        -8.4524E-07  2.3673E-03 -5.3250E-03 -4.3981E-03 -8.6311E-03  2.0274E-02
 SE:             6.7203E-06  6.1387E-02  1.9444E-01  6.2178E-02  1.9907E-02  6.5184E-02
 N:                       9           9           9           9           9           9

 P VAL.:         8.9991E-01  9.6924E-01  9.7815E-01  9.4361E-01  6.6460E-01  7.5578E-01

 ETAshrink(%):   9.8972E+01  3.5685E+01  5.8495E+00  3.2582E+01  5.3554E+01  2.6463E+01
 EBVshrink(%):   9.8554E+01  3.8955E+01  1.0449E+01  3.6068E+01  5.6912E+01  3.1700E+01
 EPSshrink(%):   6.8307E+00

 #TERE:
 Elapsed estimation time in seconds:    38.89
1
 
 
 
 
 
 
 
 
 
 
 
 
 
 
 
 
 
 
 
 
 ************************************************************************************************************************
 ********************                                                                                ********************
 ********************               FIRST ORDER CONDITIONAL ESTIMATION WITH INTERACTION              ********************
 #OBJT:**************                       MINIMUM VALUE OF OBJECTIVE FUNCTION                      ********************
 ********************                                                                                ********************
 ************************************************************************************************************************
 





 #OBJV:********************************************      524.451       **************************************************
1
 ************************************************************************************************************************
 ********************                                                                                ********************
 ********************               FIRST ORDER CONDITIONAL ESTIMATION WITH INTERACTION              ********************
 ********************                             FINAL PARAMETER ESTIMATE                           ********************
 ********************                                                                                ********************
 ************************************************************************************************************************
 


 THETA - VECTOR OF FIXED EFFECTS PARAMETERS   *********


         TH 1      TH 2      TH 3      TH 4      TH 5      TH 6      TH 7      TH 8      TH 9     
 
         5.40E-01  6.84E-01  5.73E+01  1.27E+00  1.66E+02  1.11E-01  7.93E-01  1.05E+00  3.36E+00
 


 OMEGA - COV MATRIX FOR RANDOM EFFECTS - ETAS  ********


            ETA1      ETA2      ETA3      ETA4      ETA5      ETA6   
 
 ETA1
+        4.33E-06
 
 ETA2
+        0.00E+00  9.22E-02
 
 ETA3
+        0.00E+00  0.00E+00  4.32E-01
 
 ETA4
+        0.00E+00  0.00E+00  0.00E+00  8.61E-02
 
 ETA5
+        0.00E+00  0.00E+00  0.00E+00  0.00E+00  1.86E-02
 
 ETA6
+        0.00E+00  0.00E+00  0.00E+00  0.00E+00  0.00E+00  7.96E-02
 


 SIGMA - COV MATRIX FOR RANDOM EFFECTS - EPSILONS  ****


            EPS1   
 
 EPS1
+        9.88E-02
 
1


 OMEGA - CORR MATRIX FOR RANDOM EFFECTS - ETAS  *******


            ETA1      ETA2      ETA3      ETA4      ETA5      ETA6   
 
 ETA1
+        2.08E-03
 
 ETA2
+        0.00E+00  3.04E-01
 
 ETA3
+        0.00E+00  0.00E+00  6.57E-01
 
 ETA4
+        0.00E+00  0.00E+00  0.00E+00  2.93E-01
 
 ETA5
+        0.00E+00  0.00E+00  0.00E+00  0.00E+00  1.36E-01
 
 ETA6
+        0.00E+00  0.00E+00  0.00E+00  0.00E+00  0.00E+00  2.82E-01
 


 SIGMA - CORR MATRIX FOR RANDOM EFFECTS - EPSILONS  ***


            EPS1   
 
 EPS1
+        3.14E-01
 
 #CPUT: Total CPU Time in Seconds,       39.063
Stop Time: 
18/09/2017 
14:49
