18/09/2017 
14:25
$PROBLEM    Mida PK in obese adolescents and adults with access weight
;           quantification
$INPUT      ID ;<=30=adults,>30=adolescent
            TIME ;in min
            AMT ;in microgram
            RATE ;in microgram / min
            DV ;in microgram / L
            MDV CMT TBW ;total bodyweight in kg
            WTAL ;weight for age and length in kg
            WTAC ;access weight
$DATA      FinalDatasetMidaObeseAccessWeight.csv IGNORE=@
$SUBROUTINE ADVAN6 TOL=5
$MODEL      COMP=(PODOSE) COMP=(CENTRAL) COMP=(PERIP) COMP=(TRANSIT1)
            COMP=(TRANSIT2) COMP=(TRANSIT3) COMP=(TRANSIT4)
            COMP=(TRANSIT5)
$PK  							
IF(ID.LE.30) TVCL=THETA(1) 
IF(ID.GT.30) TVCL=(THETA(1)*(WTAL/70)**THETA(7))+(THETA(8)*WTAC) 
CL=TVCL*EXP(ETA(1))		;clearance L/min
F1=THETA(2)*EXP(ETA(2))		;bioavailability
V2=THETA(3)*EXP(ETA(5))        	;central volume L 
Q=THETA(4)*EXP(ETA(3))         	;intercompartmental CL L/min 
IF(ID.LE.30) TVV3=THETA(5)*(TBW/141.8)**THETA(9) 
IF(ID.GT.30) TVV3=THETA(5)
V3= TVV3*EXP(ETA(6))            ;peripheral volume L
KA= THETA(6)*EXP(ETA(4))	;absoprtion rate min-1
KTR= KA                         ;transit rate min-1

S2=V2                            
S3=V3

K14=KA
K45=KTR
K56=KTR
K67=KTR
K78=KTR
K82=KTR
K20=CL/V2
K23=Q/V2
K32=Q/V3

$DES 
DADT(1)= -K14*A(1)
DADT(2)= KTR*A(8) -K23*A(2) +K32*A(3) -K20*A(2)
DADT(3)= K23*A(2) -K32*A(3)
DADT(4)= K14*A(1) -KTR*A(4)
DADT(5)= KTR*A(4) -KTR*A(5)
DADT(6)= KTR*A(5) -KTR*A(6)
DADT(7)= KTR*A(6) -KTR*A(7)
DADT(8)= KTR*A(7) -KTR*A(8)

$ERROR 
IPRED=F                    
Y=F*(1+ERR(1))     ;proportional error model

IRES=DV-IPRED            
DEL=0                         
IF(IPRED.EQ.0)DEL=1
IWRES=(1-DEL)*IRES/(IPRED+DEL)   

$THETA  (0,0.5) ; CL ADULTS (L/min)
 (0,0.5) ; F1
 (0,30) ; V2 (L)
 (0,0.9) ; Q (L/min)
 (0,120) ; V3 (L)
 (0,0.1) ; KA
 0.75 FIX ; POW CL
 (0,0.01) ; overweight
 (0,1) ; TBW POW V3 ADULTS
$OMEGA  0.1  ;         CL
 0.2  ;         F1
 0.1  ;          Q
 0.1  ;         KA
 0.3  ;         V2
 0.4  ;         V3
$SIGMA  0.09  ; porportional
$ESTIMATION SIGDIG=3 MAXEVAL=9999 PRINT=5 NOABORT METHOD=1 INTERACTION
            POSTHOC
$COVARIANCE
$TABLE      ID TIME IPRED IWRES CWRES CMT NOPRINT ONEHEADER NOAPPEND
            FILE=sdtab143

  
NM-TRAN MESSAGES 
  
 WARNINGS AND ERRORS (IF ANY) FOR PROBLEM    1
             
 (WARNING  2) NM-TRAN INFERS THAT THE DATA ARE POPULATION.
  
License Registered to: Leiden Academic Center for Drug Research
Expiration Date:    14 JAN 2018
Current Date:       18 SEP 2017
Days until program expires : 121
1NONLINEAR MIXED EFFECTS MODEL PROGRAM (NONMEM) VERSION 7.3.0
 ORIGINALLY DEVELOPED BY STUART BEAL, LEWIS SHEINER, AND ALISON BOECKMANN
 CURRENT DEVELOPERS ARE ROBERT BAUER, ICON DEVELOPMENT SOLUTIONS,
 AND ALISON BOECKMANN. IMPLEMENTATION, EFFICIENCY, AND STANDARDIZATION
 PERFORMED BY NOUS INFOSYSTEMS.

 PROBLEM NO.:         1
 Mida PK in obese adolescents and adults with access weight
0DATA CHECKOUT RUN:              NO
 DATA SET LOCATED ON UNIT NO.:    2
 THIS UNIT TO BE REWOUND:        NO
 NO. OF DATA RECS IN DATA SET:      622
 NO. OF DATA ITEMS IN DATA SET:  11
 ID DATA ITEM IS DATA ITEM NO.:   1
 DEP VARIABLE IS DATA ITEM NO.:   5
 MDV DATA ITEM IS DATA ITEM NO.:  6
0INDICES PASSED TO SUBROUTINE PRED:
  11   2   3   4   0   0   7   0   0   0   0
0LABELS FOR DATA ITEMS:
 ID TIME AMT RATE DV MDV CMT TBW WTAL WTAC EVID
0(NONBLANK) LABELS FOR PRED-DEFINED ITEMS:
 IPRED IWRES
0FORMAT FOR DATA:
 (10E7.0,1F2.0)

 TOT. NO. OF OBS RECS:      530
 TOT. NO. OF INDIVIDUALS:     39
0LENGTH OF THETA:   9
0DEFAULT THETA BOUNDARY TEST OMITTED:    NO
0OMEGA HAS SIMPLE DIAGONAL FORM WITH DIMENSION:   6
0DEFAULT OMEGA BOUNDARY TEST OMITTED:    NO
0SIGMA HAS SIMPLE DIAGONAL FORM WITH DIMENSION:   1
0DEFAULT SIGMA BOUNDARY TEST OMITTED:    NO
0INITIAL ESTIMATE OF THETA:
 LOWER BOUND    INITIAL EST    UPPER BOUND
  0.0000E+00     0.5000E+00     0.1000E+07
  0.0000E+00     0.5000E+00     0.1000E+07
  0.0000E+00     0.3000E+02     0.1000E+07
  0.0000E+00     0.9000E+00     0.1000E+07
  0.0000E+00     0.1200E+03     0.1000E+07
  0.0000E+00     0.1000E+00     0.1000E+07
  0.7500E+00     0.7500E+00     0.7500E+00
  0.0000E+00     0.1000E-01     0.1000E+07
  0.0000E+00     0.1000E+01     0.1000E+07
0INITIAL ESTIMATE OF OMEGA:
 0.1000E+00
 0.0000E+00   0.2000E+00
 0.0000E+00   0.0000E+00   0.1000E+00
 0.0000E+00   0.0000E+00   0.0000E+00   0.1000E+00
 0.0000E+00   0.0000E+00   0.0000E+00   0.0000E+00   0.3000E+00
 0.0000E+00   0.0000E+00   0.0000E+00   0.0000E+00   0.0000E+00   0.4000E+00
0INITIAL ESTIMATE OF SIGMA:
 0.9000E-01
0COVARIANCE STEP OMITTED:        NO
 EIGENVLS. PRINTED:              NO
 SPECIAL COMPUTATION:            NO
 COMPRESSED FORMAT:              NO
 SIGDIGITS ETAHAT (SIGLO):                  -1
 SIGDIGITS GRADIENTS (SIGL):                -1
 RELATIVE TOLERANCE (TOL):                  -1
 ABSOLUTE TOLERANCE-ADVAN 9,13 ONLY (ATOL): -1
 EXCLUDE COV FOR FOCE (NOFCOV):              NO
 RESUME COV ANALYSIS (RESUME):               NO
0TABLES STEP OMITTED:    NO
 NO. OF TABLES:           1
 SEED NUMBER (SEED):    11456
 RANMETHOD:
 MC SAMPLES (ESEED):    300
 WRES SQUARE ROOT TYPE:            EIGENVALUE
0-- TABLE   1 --
04 COLUMNS APPENDED:     NO
 PRINTED:                NO
 HEADER:                YES
 FILE TO BE FORWARDED:   NO
 FORMAT:                S1PE11.4
 LFORMAT:
 RFORMAT:
0USER-CHOSEN ITEMS:
 ID TIME IPRED IWRES CWRES CMT
1DOUBLE PRECISION PREDPP VERSION 7.3.0

 GENERAL NONLINEAR KINETICS MODEL (ADVAN6)
0MODEL SUBROUTINE USER-SUPPLIED - ID NO. 9999
0MAXIMUM NO. OF BASIC PK PARAMETERS:   5
0COMPARTMENT ATTRIBUTES
 COMPT. NO.   FUNCTION   INITIAL    ON/OFF      DOSE      DEFAULT    DEFAULT
                         STATUS     ALLOWED    ALLOWED    FOR DOSE   FOR OBS.
    1         PODOSE       ON         YES        YES        YES        NO
    2         CENTRAL      ON         YES        YES        NO         YES
    3         PERIP        ON         YES        YES        NO         NO
    4         TRANSIT1     ON         YES        YES        NO         NO
    5         TRANSIT2     ON         YES        YES        NO         NO
    6         TRANSIT3     ON         YES        YES        NO         NO
    7         TRANSIT4     ON         YES        YES        NO         NO
    8         TRANSIT5     ON         YES        YES        NO         NO
    9         OUTPUT       OFF        YES        NO         NO         NO
0NRD VALUE FROM SUBROUTINE TOL:   5
1
 ADDITIONAL PK PARAMETERS - ASSIGNMENT OF ROWS IN GG
 COMPT. NO.                             INDICES
              SCALE      BIOAVAIL.   ZERO-ORDER  ZERO-ORDER  ABSORB
                         FRACTION    RATE        DURATION    LAG
    1            *           6           *           *           *
    2            7           *           *           *           *
    3            8           *           *           *           *
    4            *           *           *           *           *
    5            *           *           *           *           *
    6            *           *           *           *           *
    7            *           *           *           *           *
    8            *           *           *           *           *
    9            *           -           -           -           -
             - PARAMETER IS NOT ALLOWED FOR THIS MODEL
             * PARAMETER IS NOT SUPPLIED BY PK SUBROUTINE;
               WILL DEFAULT TO ONE IF APPLICABLE
0DATA ITEM INDICES USED BY PRED ARE:
   EVENT ID DATA ITEM IS DATA ITEM NO.:     11
   TIME DATA ITEM IS DATA ITEM NO.:          2
   DOSE AMOUNT DATA ITEM IS DATA ITEM NO.:   3
   DOSE RATE DATA ITEM IS DATA ITEM NO.:     4
   COMPT. NO. DATA ITEM IS DATA ITEM NO.:    7

0PK SUBROUTINE CALLED WITH EVERY EVENT RECORD.
 PK SUBROUTINE NOT CALLED AT NONEVENT (ADDITIONAL OR LAGGED) DOSE TIMES.
0ERROR SUBROUTINE CALLED WITH EVERY EVENT RECORD.
0DES SUBROUTINE USES COMPACT STORAGE MODE.
1


 #TBLN:      1
 #METH: First Order Conditional Estimation with Interaction

 ESTIMATION STEP OMITTED:                 NO  
 ANALYSIS TYPE:                           POPULATION
 CONDITIONAL ESTIMATES USED:              YES 
 CENTERED ETA:                            NO  
 EPS-ETA INTERACTION:                     YES 
 LAPLACIAN OBJ. FUNC.:                    NO  
 NO. OF FUNCT. EVALS. ALLOWED:            9999
 NO. OF SIG. FIGURES REQUIRED:            3
 INTERMEDIATE PRINTOUT:                   YES 
 ESTIMATE OUTPUT TO MSF:                  NO  
 ABORT WITH PRED EXIT CODE 1:             NO  
 IND. OBJ. FUNC. VALUES SORTED:           NO  
 NUMERICAL DERIVATIVE 
       FILE REQUEST (NUMDER):             NONE
 MAP (ETAHAT) ESTIMATION METHOD (OPTMAP): 0           
 ETA HESSIAN EVALUATION METHOD (ETADER):  0           
 INITIAL ETA FOR MAP ESTIMATION (MCETA):  0           
 SIGDIGITS FOR MAP ESTIMATION (SIGLO):    100         
 GRADIENT SIGDIGITS OF 
       FIXED EFFECTS PARAMETERS (SIGL):   100         
 EXCLUDE TITLE (NOTITLE):                 NO 
 EXCLUDE COLUMN LABELS (NOLABEL):         NO 
 NOPRIOR SETTING (NOPRIOR):               OFF
 NOCOV SETTING (NOCOV):                   OFF
 DERCONT SETTING (DERCONT):               OFF
 ABSOLUTE TOLERANCE-ADVAN 9,13 ONLY(ATOL):-100        
 FINAL ETA RE-EVALUATION (FNLETA):        ON 
 EXCLUDE NON-INFLUENTIAL (NON-INFL.) ETAS 
       IN SHRINKAGE (ETASTYPE):           NO 
 NON-INFL. ETA CORRECTION (NONINFETA):    OFF
 FORMAT FOR ADDITIONAL FILES (FORMAT):    S1PE12.5
 PARAMETER ORDER FOR OUTPUTS (ORDER):     TSOL
 ADDITIONAL CONVERGENCE TEST (CTYPE=4)?:  NO
 EM OR BAYESIAN METHOD USED:                NONE


 THE FOLLOWING LABELS ARE EQUIVALENT
 PRED=PREDI
 RES=RESI
 WRES=WRESI
 IWRS=IWRESI
 IPRD=IPREDI
 IRS=IRESI

 MONITORING OF SEARCH:


0ITERATION NO.:    0    OBJECTIVE VALUE:   2561.89982220212        NO. OF FUNC. EVALS.:  11
 CUMULATIVE NO. OF FUNC. EVALS.:       11
 NPARAMETR:  5.0000E-01  5.0000E-01  3.0000E+01  9.0000E-01  1.2000E+02  1.0000E-01  1.0000E-02  1.0000E+00  1.0000E-01  2.0000E-01
             1.0000E-01  1.0000E-01  3.0000E-01  4.0000E-01  9.0000E-02
 PARAMETER:  1.0000E-01  1.0000E-01  1.0000E-01  1.0000E-01  1.0000E-01  1.0000E-01  1.0000E-01  1.0000E-01  1.0000E-01  1.0000E-01
             1.0000E-01  1.0000E-01  1.0000E-01  1.0000E-01  1.0000E-01
 GRADIENT:   6.0737E+01  2.6992E+00 -9.0494E+01 -8.1496E+01 -2.3036E+01 -3.6761E+01  3.7043E+01 -1.6091E+00  3.7882E+00  2.8268E+00
            -1.5631E+01 -4.5180E+01 -4.5188E+01  3.7364E+01  8.8700E+00

0ITERATION NO.:    5    OBJECTIVE VALUE:   2494.56961912607        NO. OF FUNC. EVALS.:  12
 CUMULATIVE NO. OF FUNC. EVALS.:       72
 NPARAMETR:  4.8685E-01  5.8008E-01  5.6614E+01  1.2178E+00  1.5792E+02  1.1808E-01  6.2690E-03  1.1525E+00  6.5860E-02  1.6514E-01
             1.5279E-01  2.4446E-01  2.7334E-01  1.3491E-01  8.7406E-02
 PARAMETER:  7.3353E-02  2.4857E-01  7.3505E-01  4.0237E-01  3.7459E-01  2.6622E-01 -3.6697E-01  2.4195E-01 -1.0882E-01  4.2509E-03
             3.1193E-01  5.4694E-01  5.3471E-02 -4.4342E-01  8.5380E-02
 GRADIENT:  -3.1843E+00  3.7363E+00  2.3194E+01  2.0056E+01 -2.3224E+00  9.2635E+00 -2.0316E+00 -5.3898E+00 -5.3833E+00  9.2950E-01
            -2.4101E+00  2.0283E-01 -8.1040E+00  1.4264E+00 -9.0004E+00

0ITERATION NO.:   10    OBJECTIVE VALUE:   2491.63185842475        NO. OF FUNC. EVALS.:  12
 CUMULATIVE NO. OF FUNC. EVALS.:      132
 NPARAMETR:  5.0700E-01  5.6157E-01  5.3704E+01  1.1680E+00  1.5302E+02  1.1049E-01  5.4506E-03  2.7725E+00  9.0585E-02  1.2415E-01
             1.6242E-01  2.0354E-01  2.4331E-01  6.6840E-02  8.8088E-02
 PARAMETER:  1.1390E-01  2.1613E-01  6.8229E-01  3.6069E-01  3.4310E-01  1.9976E-01 -5.0687E-01  1.1197E+00  5.0557E-02 -1.3841E-01
             3.4250E-01  4.5534E-01 -4.7218E-03 -7.9458E-01  8.9262E-02
 GRADIENT:   1.0877E+01 -4.5795E+00  1.3281E+01  4.6129E+00 -7.5916E+00 -1.0604E+00 -5.2894E+00  3.5745E+00  5.4190E+00 -4.5655E+00
            -3.3390E-01 -6.5607E+00 -7.1415E+00 -3.5755E+00 -8.8253E+00

0ITERATION NO.:   15    OBJECTIVE VALUE:   2489.14022836341        NO. OF FUNC. EVALS.:  12
 CUMULATIVE NO. OF FUNC. EVALS.:      195
 NPARAMETR:  4.8029E-01  5.6428E-01  5.3111E+01  1.1503E+00  1.5939E+02  1.0773E-01  6.3890E-03  2.6052E+00  6.9845E-02  1.4217E-01
             1.4548E-01  2.2106E-01  2.5661E-01  8.7646E-02  9.0011E-02
 PARAMETER:  5.9778E-02  2.2093E-01  6.7119E-01  3.4541E-01  3.8386E-01  1.7444E-01 -3.4801E-01  1.0575E+00 -7.9447E-02 -7.0631E-02
             2.8742E-01  4.9662E-01  2.1889E-02 -6.5908E-01  1.0006E-01
 GRADIENT:   4.8407E+00  1.1537E-01  5.1874E-01  1.8243E+00  2.6211E-01 -7.2141E+00 -1.3866E+00 -1.5940E+00  9.0925E-01 -7.6601E-01
            -1.8673E+00 -1.2061E+00  1.3451E+00 -2.5559E+00 -4.1652E-01

0ITERATION NO.:   20    OBJECTIVE VALUE:   2488.01957078126        NO. OF FUNC. EVALS.:  12
 CUMULATIVE NO. OF FUNC. EVALS.:      259
 NPARAMETR:  4.5079E-01  5.5870E-01  5.3074E+01  1.1482E+00  1.6593E+02  1.1303E-01  6.9424E-03  3.1290E+00  5.3142E-02  1.4478E-01
             1.7228E-01  2.2551E-01  2.5894E-01  1.3692E-01  8.9140E-02
 PARAMETER: -3.6133E-03  2.1101E-01  6.7050E-01  3.4352E-01  4.2408E-01  2.2250E-01 -2.6493E-01  1.2407E+00 -2.1610E-01 -6.1558E-02
             3.7197E-01  5.0660E-01  2.6400E-02 -4.3603E-01  9.5199E-02
 GRADIENT:  -3.8487E-01  2.5292E-01 -8.0288E-01 -4.7762E-02 -8.2308E-01  5.5967E-01 -2.9307E-02 -2.7751E-01  7.4918E-01  1.8199E-01
            -2.1635E-02 -1.7694E-01  4.9920E-01 -5.1784E-01 -3.4462E-02

0ITERATION NO.:   25    OBJECTIVE VALUE:   2487.98063827266        NO. OF FUNC. EVALS.:  22
 CUMULATIVE NO. OF FUNC. EVALS.:      330
 NPARAMETR:  4.4811E-01  5.5869E-01  5.3400E+01  1.1495E+00  1.6741E+02  1.1281E-01  6.9528E-03  3.1863E+00  5.0096E-02  1.4314E-01
             1.7486E-01  2.2685E-01  2.5693E-01  1.4419E-01  8.9142E-02
 PARAMETER: -9.5591E-03  2.1099E-01  6.7661E-01  3.4471E-01  4.3298E-01  2.2057E-01 -2.6344E-01  1.2589E+00 -2.4562E-01 -6.7243E-02
             3.7940E-01  5.0956E-01  2.2518E-02 -4.1018E-01  9.5210E-02
 GRADIENT:  -4.7898E-01 -4.7958E-01 -5.6629E-01 -1.2861E-01 -4.3783E-01 -1.1997E+00 -3.3714E-01 -3.0766E-01  9.3436E-03  3.9870E-02
             2.4412E-02  5.6554E-02  1.2661E-02 -1.0895E-01 -1.4378E-01

0ITERATION NO.:   30    OBJECTIVE VALUE:   2487.97025226981        NO. OF FUNC. EVALS.:  18
 CUMULATIVE NO. OF FUNC. EVALS.:      433
 NPARAMETR:  4.4739E-01  5.6039E-01  5.3692E+01  1.1501E+00  1.6795E+02  1.1372E-01  6.9850E-03  3.2240E+00  4.9693E-02  1.4276E-01
             1.7541E-01  2.2631E-01  2.5875E-01  1.4614E-01  8.9155E-02
 PARAMETER: -1.1184E-02  2.1403E-01  6.8207E-01  3.4525E-01  4.3617E-01  2.2854E-01 -2.5882E-01  1.2706E+00 -2.4965E-01 -6.8589E-02
             3.8098E-01  5.0836E-01  2.6048E-02 -4.0346E-01  9.5286E-02
 GRADIENT:  -1.5597E-03  2.2229E-03  2.4513E-03 -2.2780E-03  6.7621E-03  1.0082E-03  6.7455E-04 -1.8356E-03 -3.7343E-04 -1.6115E-03
            -1.5096E-03  1.1363E-03  7.4785E-03 -1.4751E-03 -1.1528E-02

 #TERM:
0MINIMIZATION SUCCESSFUL
 NO. OF FUNCTION EVALUATIONS USED:      433
 NO. OF SIG. DIGITS IN FINAL EST.:  3.0

 ETABAR IS THE ARITHMETIC MEAN OF THE ETA-ESTIMATES,
 AND THE P-VALUE IS GIVEN FOR THE NULL HYPOTHESIS THAT THE TRUE MEAN IS 0.

 ETABAR:        -2.4315E-03 -1.9309E-03 -1.0301E-02 -9.8353E-03 -4.5956E-02  8.5129E-03
 SE:             2.6205E-02  3.7477E-02  5.3515E-02  5.2678E-02  6.5866E-02  4.3433E-02
 N:                      39          39          39          39          39          39

 P VAL.:         9.2607E-01  9.5891E-01  8.4736E-01  8.5189E-01  4.8535E-01  8.4461E-01

 ETAshrink(%):   2.5628E+01  3.7246E+01  1.9161E+01  2.9943E+01  1.8080E+01  2.8119E+01
 EBVshrink(%):   2.6275E+01  3.7580E+01  2.1078E+01  3.0183E+01  1.7701E+01  2.9566E+01
 EPSshrink(%):   1.0443E+01

 #TERE:
 Elapsed estimation time in seconds:   185.63
 Elapsed covariance time in seconds:   321.88
1
 
 
 
 
 
 
 
 
 
 
 
 
 
 
 
 
 
 
 
 
 ************************************************************************************************************************
 ********************                                                                                ********************
 ********************               FIRST ORDER CONDITIONAL ESTIMATION WITH INTERACTION              ********************
 #OBJT:**************                       MINIMUM VALUE OF OBJECTIVE FUNCTION                      ********************
 ********************                                                                                ********************
 ************************************************************************************************************************
 





 #OBJV:********************************************     2487.970       **************************************************
1
 ************************************************************************************************************************
 ********************                                                                                ********************
 ********************               FIRST ORDER CONDITIONAL ESTIMATION WITH INTERACTION              ********************
 ********************                             FINAL PARAMETER ESTIMATE                           ********************
 ********************                                                                                ********************
 ************************************************************************************************************************
 


 THETA - VECTOR OF FIXED EFFECTS PARAMETERS   *********


         TH 1      TH 2      TH 3      TH 4      TH 5      TH 6      TH 7      TH 8      TH 9     
 
         4.47E-01  5.60E-01  5.37E+01  1.15E+00  1.68E+02  1.14E-01  7.50E-01  6.98E-03  3.22E+00
 


 OMEGA - COV MATRIX FOR RANDOM EFFECTS - ETAS  ********


            ETA1      ETA2      ETA3      ETA4      ETA5      ETA6   
 
 ETA1
+        4.97E-02
 
 ETA2
+        0.00E+00  1.43E-01
 
 ETA3
+        0.00E+00  0.00E+00  1.75E-01
 
 ETA4
+        0.00E+00  0.00E+00  0.00E+00  2.26E-01
 
 ETA5
+        0.00E+00  0.00E+00  0.00E+00  0.00E+00  2.59E-01
 
 ETA6
+        0.00E+00  0.00E+00  0.00E+00  0.00E+00  0.00E+00  1.46E-01
 


 SIGMA - COV MATRIX FOR RANDOM EFFECTS - EPSILONS  ****


            EPS1   
 
 EPS1
+        8.92E-02
 
1


 OMEGA - CORR MATRIX FOR RANDOM EFFECTS - ETAS  *******


            ETA1      ETA2      ETA3      ETA4      ETA5      ETA6   
 
 ETA1
+        2.23E-01
 
 ETA2
+        0.00E+00  3.78E-01
 
 ETA3
+        0.00E+00  0.00E+00  4.19E-01
 
 ETA4
+        0.00E+00  0.00E+00  0.00E+00  4.76E-01
 
 ETA5
+        0.00E+00  0.00E+00  0.00E+00  0.00E+00  5.09E-01
 
 ETA6
+        0.00E+00  0.00E+00  0.00E+00  0.00E+00  0.00E+00  3.82E-01
 


 SIGMA - CORR MATRIX FOR RANDOM EFFECTS - EPSILONS  ***


            EPS1   
 
 EPS1
+        2.99E-01
 
1
 ************************************************************************************************************************
 ********************                                                                                ********************
 ********************               FIRST ORDER CONDITIONAL ESTIMATION WITH INTERACTION              ********************
 ********************                            STANDARD ERROR OF ESTIMATE                          ********************
 ********************                                                                                ********************
 ************************************************************************************************************************
 


 THETA - VECTOR OF FIXED EFFECTS PARAMETERS   *********


         TH 1      TH 2      TH 3      TH 4      TH 5      TH 6      TH 7      TH 8      TH 9     
 
         8.48E-02  7.59E-02  6.57E+00  1.29E-01  2.35E+01  2.45E-02 .........  1.69E-03  1.83E+00
 


 OMEGA - COV MATRIX FOR RANDOM EFFECTS - ETAS  ********


            ETA1      ETA2      ETA3      ETA4      ETA5      ETA6   
 
 ETA1
+        3.45E-02
 
 ETA2
+       .........  6.43E-02
 
 ETA3
+       ......... .........  7.42E-02
 
 ETA4
+       ......... ......... .........  5.51E-02
 
 ETA5
+       ......... ......... ......... .........  1.15E-01
 
 ETA6
+       ......... ......... ......... ......... .........  8.40E-02
 


 SIGMA - COV MATRIX FOR RANDOM EFFECTS - EPSILONS  ****


            EPS1   
 
 EPS1
+        1.66E-02
 
1


 OMEGA - CORR MATRIX FOR RANDOM EFFECTS - ETAS  *******


            ETA1      ETA2      ETA3      ETA4      ETA5      ETA6   
 
 ETA1
+        7.75E-02
 
 ETA2
+       .........  8.51E-02
 
 ETA3
+       ......... .........  8.86E-02
 
 ETA4
+       ......... ......... .........  5.79E-02
 
 ETA5
+       ......... ......... ......... .........  1.13E-01
 
 ETA6
+       ......... ......... ......... ......... .........  1.10E-01
 


 SIGMA - CORR MATRIX FOR RANDOM EFFECTS - EPSILONS  ***


            EPS1   
 
 EPS1
+        2.79E-02
 
1
 ************************************************************************************************************************
 ********************                                                                                ********************
 ********************               FIRST ORDER CONDITIONAL ESTIMATION WITH INTERACTION              ********************
 ********************                          COVARIANCE MATRIX OF ESTIMATE                         ********************
 ********************                                                                                ********************
 ************************************************************************************************************************
 

            TH 1      TH 2      TH 3      TH 4      TH 5      TH 6      TH 7      TH 8      TH 9      OM11      OM12      OM13  
             OM14      OM15      OM16      OM22      OM23      OM24      OM25      OM26      OM33      OM34      OM35      OM36  
            OM44      OM45      OM46      OM55      OM56      OM66      SG11  
 
 TH 1
+        7.20E-03
 
 TH 2
+        4.06E-03  5.77E-03
 
 TH 3
+        3.06E-01  3.56E-01  4.31E+01
 
 TH 4
+        1.69E-03  4.06E-03  3.58E-01  1.66E-02
 
 TH 5
+       -1.15E+00  4.85E-02  1.31E+01  1.12E+00  5.54E+02
 
 TH 6
+        1.83E-03  1.22E-03  8.27E-02  1.03E-04 -2.82E-01  6.01E-04
 
 TH 7
+       ......... ......... ......... ......... ......... ......... .........
 
 TH 8
+       -1.24E-04 -7.30E-05 -5.53E-03 -1.72E-05  1.76E-02 -3.16E-05 .........  2.84E-06
 
 TH 9
+       -8.36E-02 -1.65E-02  3.47E-01  5.90E-02  2.68E+01 -2.29E-02 .........  1.43E-03  3.36E+00
 
 OM11
+        1.96E-03  8.06E-04  5.02E-02 -6.49E-05 -3.99E-01  5.00E-04 ......... -4.52E-05 -2.78E-02  1.19E-03
 
 OM12
+       ......... ......... ......... ......... ......... ......... ......... ......... ......... ......... .........
 
 OM13
+       ......... ......... ......... ......... ......... ......... ......... ......... ......... ......... ......... .........
 
 OM14
+       ......... ......... ......... ......... ......... ......... ......... ......... ......... ......... ......... .........
         .........
 
 OM15
+       ......... ......... ......... ......... ......... ......... ......... ......... ......... ......... ......... .........
         ......... .........
 
 OM16
+       ......... ......... ......... ......... ......... ......... ......... ......... ......... ......... ......... .........
         ......... ......... .........
 
 OM22
+        2.52E-03  2.70E-03  9.87E-02 -1.17E-04 -4.09E-01  5.74E-04 ......... -4.33E-05 -6.08E-02  9.09E-04 ......... .........
         ......... ......... .........  4.14E-03
 
 OM23
+       ......... ......... ......... ......... ......... ......... ......... ......... ......... ......... ......... .........
         ......... ......... ......... ......... .........
 
 OM24
+       ......... ......... ......... ......... ......... ......... ......... ......... ......... ......... ......... .........
         ......... ......... ......... ......... ......... .........
 
 OM25
+       ......... ......... ......... ......... ......... ......... ......... ......... ......... ......... ......... .........
         ......... ......... ......... ......... ......... ......... .........
 
1

            TH 1      TH 2      TH 3      TH 4      TH 5      TH 6      TH 7      TH 8      TH 9      OM11      OM12      OM13  
             OM14      OM15      OM16      OM22      OM23      OM24      OM25      OM26      OM33      OM34      OM35      OM36  
            OM44      OM45      OM46      OM55      OM56      OM66      SG11  
 
 OM26
+       ......... ......... ......... ......... ......... ......... ......... ......... ......... ......... ......... .........
         ......... ......... ......... ......... ......... ......... ......... .........
 
 OM33
+       -3.04E-03  2.33E-04  5.91E-02  4.13E-03  1.24E+00 -8.68E-04 .........  5.69E-05  9.89E-02 -1.25E-03 ......... .........
         ......... ......... ......... -1.52E-03 ......... ......... ......... .........  5.51E-03
 
 OM34
+       ......... ......... ......... ......... ......... ......... ......... ......... ......... ......... ......... .........
         ......... ......... ......... ......... ......... ......... ......... ......... ......... .........
 
 OM35
+       ......... ......... ......... ......... ......... ......... ......... ......... ......... ......... ......... .........
         ......... ......... ......... ......... ......... ......... ......... ......... ......... ......... .........
 
 OM36
+       ......... ......... ......... ......... ......... ......... ......... ......... ......... ......... ......... .........
         ......... ......... ......... ......... ......... ......... ......... ......... ......... ......... ......... .........
 
 OM44
+        1.41E-04  5.29E-04 -2.92E-02  1.24E-03  1.01E-01 -3.87E-05 ......... -7.84E-06  1.06E-02 -1.58E-04 ......... .........
         ......... ......... ......... -3.57E-04 ......... ......... ......... .........  5.24E-04 ......... ......... .........
         3.04E-03
 
 OM45
+       ......... ......... ......... ......... ......... ......... ......... ......... ......... ......... ......... .........
         ......... ......... ......... ......... ......... ......... ......... ......... ......... ......... ......... .........
        ......... .........
 
 OM46
+       ......... ......... ......... ......... ......... ......... ......... ......... ......... ......... ......... .........
         ......... ......... ......... ......... ......... ......... ......... ......... ......... ......... ......... .........
        ......... ......... .........
 
 OM55
+       -3.21E-04 -6.20E-04  5.30E-02 -2.30E-03  1.42E-01  4.62E-04 .........  3.14E-06 -1.84E-02  1.28E-03 ......... .........
         ......... ......... .........  1.13E-03 ......... ......... ......... ......... -7.39E-04 ......... ......... .........
        -2.73E-03 ......... .........  1.33E-02
 
 OM56
+       ......... ......... ......... ......... ......... ......... ......... ......... ......... ......... ......... .........
         ......... ......... ......... ......... ......... ......... ......... ......... ......... ......... ......... .........
        ......... ......... ......... ......... .........
 
 OM66
+       -4.08E-03 -4.13E-04 -8.43E-03  4.11E-03  1.44E+00 -1.11E-03 .........  7.24E-05  5.79E-02 -1.63E-03 ......... .........
         ......... ......... ......... -1.64E-03 ......... ......... ......... .........  4.06E-03 ......... ......... .........
         2.30E-04 ......... ......... -5.86E-04 .........  7.05E-03
 
 SG11
+       -2.53E-04 -4.57E-04 -1.95E-02 -7.14E-04 -2.12E-02 -9.42E-05 .........  6.53E-06  5.47E-03 -7.00E-05 ......... .........
         ......... ......... ......... -1.18E-04 ......... ......... ......... ......... -1.79E-05 ......... ......... .........
        -3.18E-04 ......... .........  3.29E-04 ......... -2.80E-05  2.77E-04
 
1
 ************************************************************************************************************************
 ********************                                                                                ********************
 ********************               FIRST ORDER CONDITIONAL ESTIMATION WITH INTERACTION              ********************
 ********************                          CORRELATION MATRIX OF ESTIMATE                        ********************
 ********************                                                                                ********************
 ************************************************************************************************************************
 

            TH 1      TH 2      TH 3      TH 4      TH 5      TH 6      TH 7      TH 8      TH 9      OM11      OM12      OM13  
             OM14      OM15      OM16      OM22      OM23      OM24      OM25      OM26      OM33      OM34      OM35      OM36  
            OM44      OM45      OM46      OM55      OM56      OM66      SG11  
 
 TH 1
+        8.48E-02
 
 TH 2
+        6.30E-01  7.59E-02
 
 TH 3
+        5.49E-01  7.14E-01  6.57E+00
 
 TH 4
+        1.55E-01  4.16E-01  4.24E-01  1.29E-01
 
 TH 5
+       -5.74E-01  2.72E-02  8.45E-02  3.69E-01  2.35E+01
 
 TH 6
+        8.81E-01  6.57E-01  5.14E-01  3.25E-02 -4.88E-01  2.45E-02
 
 TH 7
+       ......... ......... ......... ......... ......... ......... .........
 
 TH 8
+       -8.64E-01 -5.70E-01 -5.00E-01 -7.94E-02  4.44E-01 -7.66E-01 .........  1.69E-03
 
 TH 9
+       -5.38E-01 -1.19E-01  2.88E-02  2.50E-01  6.21E-01 -5.11E-01 .........  4.63E-01  1.83E+00
 
 OM11
+        6.67E-01  3.07E-01  2.21E-01 -1.46E-02 -4.91E-01  5.91E-01 ......... -7.76E-01 -4.39E-01  3.45E-02
 
 OM12
+       ......... ......... ......... ......... ......... ......... ......... ......... ......... ......... .........
 
 OM13
+       ......... ......... ......... ......... ......... ......... ......... ......... ......... ......... ......... .........
 
 OM14
+       ......... ......... ......... ......... ......... ......... ......... ......... ......... ......... ......... .........
         .........
 
 OM15
+       ......... ......... ......... ......... ......... ......... ......... ......... ......... ......... ......... .........
         ......... .........
 
 OM16
+       ......... ......... ......... ......... ......... ......... ......... ......... ......... ......... ......... .........
         ......... ......... .........
 
 OM22
+        4.63E-01  5.52E-01  2.34E-01 -1.42E-02 -2.70E-01  3.64E-01 ......... -3.99E-01 -5.16E-01  4.09E-01 ......... .........
         ......... ......... .........  6.43E-02
 
 OM23
+       ......... ......... ......... ......... ......... ......... ......... ......... ......... ......... ......... .........
         ......... ......... ......... ......... .........
 
 OM24
+       ......... ......... ......... ......... ......... ......... ......... ......... ......... ......... ......... .........
         ......... ......... ......... ......... ......... .........
 
 OM25
+       ......... ......... ......... ......... ......... ......... ......... ......... ......... ......... ......... .........
         ......... ......... ......... ......... ......... ......... .........
 
1

            TH 1      TH 2      TH 3      TH 4      TH 5      TH 6      TH 7      TH 8      TH 9      OM11      OM12      OM13  
             OM14      OM15      OM16      OM22      OM23      OM24      OM25      OM26      OM33      OM34      OM35      OM36  
            OM44      OM45      OM46      OM55      OM56      OM66      SG11  
 
 OM26
+       ......... ......... ......... ......... ......... ......... ......... ......... ......... ......... ......... .........
         ......... ......... ......... ......... ......... ......... ......... .........
 
 OM33
+       -4.83E-01  4.14E-02  1.21E-01  4.32E-01  7.10E-01 -4.77E-01 .........  4.55E-01  7.27E-01 -4.87E-01 ......... .........
         ......... ......... ......... -3.18E-01 ......... ......... ......... .........  7.42E-02
 
 OM34
+       ......... ......... ......... ......... ......... ......... ......... ......... ......... ......... ......... .........
         ......... ......... ......... ......... ......... ......... ......... ......... ......... .........
 
 OM35
+       ......... ......... ......... ......... ......... ......... ......... ......... ......... ......... ......... .........
         ......... ......... ......... ......... ......... ......... ......... ......... ......... ......... .........
 
 OM36
+       ......... ......... ......... ......... ......... ......... ......... ......... ......... ......... ......... .........
         ......... ......... ......... ......... ......... ......... ......... ......... ......... ......... ......... .........
 
 OM44
+        3.02E-02  1.26E-01 -8.07E-02  1.75E-01  7.78E-02 -2.86E-02 ......... -8.44E-02  1.05E-01 -8.30E-02 ......... .........
         ......... ......... ......... -1.01E-01 ......... ......... ......... .........  1.28E-01 ......... ......... .........
         5.51E-02
 
 OM45
+       ......... ......... ......... ......... ......... ......... ......... ......... ......... ......... ......... .........
         ......... ......... ......... ......... ......... ......... ......... ......... ......... ......... ......... .........
        ......... .........
 
 OM46
+       ......... ......... ......... ......... ......... ......... ......... ......... ......... ......... ......... .........
         ......... ......... ......... ......... ......... ......... ......... ......... ......... ......... ......... .........
        ......... ......... .........
 
 OM55
+       -3.28E-02 -7.08E-02  7.00E-02 -1.55E-01  5.24E-02  1.63E-01 .........  1.62E-02 -8.70E-02  3.21E-01 ......... .........
         ......... ......... .........  1.53E-01 ......... ......... ......... ......... -8.62E-02 ......... ......... .........
        -4.30E-01 ......... .........  1.15E-01
 
 OM56
+       ......... ......... ......... ......... ......... ......... ......... ......... ......... ......... ......... .........
         ......... ......... ......... ......... ......... ......... ......... ......... ......... ......... ......... .........
        ......... ......... ......... ......... .........
 
 OM66
+       -5.72E-01 -6.48E-02 -1.53E-02  3.80E-01  7.27E-01 -5.40E-01 .........  5.11E-01  3.76E-01 -5.61E-01 ......... .........
         ......... ......... ......... -3.03E-01 ......... ......... ......... .........  6.51E-01 ......... ......... .........
         4.97E-02 ......... ......... -6.04E-02 .........  8.40E-02
 
 SG11
+       -1.79E-01 -3.62E-01 -1.78E-01 -3.33E-01 -5.41E-02 -2.31E-01 .........  2.33E-01  1.79E-01 -1.22E-01 ......... .........
         ......... ......... ......... -1.10E-01 ......... ......... ......... ......... -1.45E-02 ......... ......... .........
        -3.47E-01 ......... .........  1.71E-01 ......... -2.00E-02  1.66E-02
 
1
 ************************************************************************************************************************
 ********************                                                                                ********************
 ********************               FIRST ORDER CONDITIONAL ESTIMATION WITH INTERACTION              ********************
 ********************                      INVERSE COVARIANCE MATRIX OF ESTIMATE                     ********************
 ********************                                                                                ********************
 ************************************************************************************************************************
 

            TH 1      TH 2      TH 3      TH 4      TH 5      TH 6      TH 7      TH 8      TH 9      OM11      OM12      OM13  
             OM14      OM15      OM16      OM22      OM23      OM24      OM25      OM26      OM33      OM34      OM35      OM36  
            OM44      OM45      OM46      OM55      OM56      OM66      SG11  
 
 TH 1
+        2.57E+03
 
 TH 2
+        5.10E+02  3.28E+03
 
 TH 3
+       -5.71E+00 -6.92E+00  9.01E-02
 
 TH 4
+       -3.30E+02 -6.12E+01 -5.84E-02  1.63E+02
 
 TH 5
+        1.23E+00 -7.42E-01 -4.58E-04 -2.12E-01  7.82E-03
 
 TH 6
+       -5.09E+03 -8.96E+03  1.88E+01  5.21E+02  1.03E+00  3.69E+04
 
 TH 7
+       ......... ......... ......... ......... ......... ......... .........
 
 TH 8
+        2.94E+04 -4.16E+02  1.37E+02 -6.71E+03  4.49E+01  1.14E+04 .........  3.03E+06
 
 TH 9
+        7.80E+00 -5.12E+01  1.20E-03 -2.06E+00 -1.94E-02  1.38E+02 ......... -1.05E+02  2.22E+00
 
 OM11
+       -4.40E+02 -6.11E+02  7.78E+00 -1.62E+02  1.39E+00  3.45E+03 .........  8.01E+04 -1.81E+00  4.75E+03
 
 OM12
+       ......... ......... ......... ......... ......... ......... ......... ......... ......... ......... .........
 
 OM13
+       ......... ......... ......... ......... ......... ......... ......... ......... ......... ......... ......... .........
 
 OM14
+       ......... ......... ......... ......... ......... ......... ......... ......... ......... ......... ......... .........
         .........
 
 OM15
+       ......... ......... ......... ......... ......... ......... ......... ......... ......... ......... ......... .........
         ......... .........
 
 OM16
+       ......... ......... ......... ......... ......... ......... ......... ......... ......... ......... ......... .........
         ......... ......... .........
 
 OM22
+       -5.52E+02 -2.25E+03  3.91E+00  5.74E+01  8.74E-02  6.70E+03 ......... -3.61E+03  4.56E+01  2.75E+02 ......... .........
         ......... ......... .........  1.98E+03
 
 OM23
+       ......... ......... ......... ......... ......... ......... ......... ......... ......... ......... ......... .........
         ......... ......... ......... ......... .........
 
 OM24
+       ......... ......... ......... ......... ......... ......... ......... ......... ......... ......... ......... .........
         ......... ......... ......... ......... ......... .........
 
 OM25
+       ......... ......... ......... ......... ......... ......... ......... ......... ......... ......... ......... .........
         ......... ......... ......... ......... ......... ......... .........
 
1

            TH 1      TH 2      TH 3      TH 4      TH 5      TH 6      TH 7      TH 8      TH 9      OM11      OM12      OM13  
             OM14      OM15      OM16      OM22      OM23      OM24      OM25      OM26      OM33      OM34      OM35      OM36  
            OM44      OM45      OM46      OM55      OM56      OM66      SG11  
 
 OM26
+       ......... ......... ......... ......... ......... ......... ......... ......... ......... ......... ......... .........
         ......... ......... ......... ......... ......... ......... ......... .........
 
 OM33
+       -1.31E+02 -6.52E+01 -3.29E-01 -1.93E+01 -1.38E-01  3.54E+02 ......... -4.48E+03 -1.51E+01  5.61E+01 ......... .........
         ......... ......... ......... -3.15E+01 ......... ......... ......... .........  6.90E+02
 
 OM34
+       ......... ......... ......... ......... ......... ......... ......... ......... ......... ......... ......... .........
         ......... ......... ......... ......... ......... ......... ......... ......... ......... .........
 
 OM35
+       ......... ......... ......... ......... ......... ......... ......... ......... ......... ......... ......... .........
         ......... ......... ......... ......... ......... ......... ......... ......... ......... ......... .........
 
 OM36
+       ......... ......... ......... ......... ......... ......... ......... ......... ......... ......... ......... .........
         ......... ......... ......... ......... ......... ......... ......... ......... ......... ......... ......... .........
 
 OM44
+       -1.26E+02 -1.24E+02  1.99E+00  7.37E+00 -8.48E-02  3.78E+02 .........  4.88E+03 -1.78E+00  1.48E+02 ......... .........
         ......... ......... .........  8.60E+01 ......... ......... ......... ......... -2.88E+01 ......... ......... .........
         5.06E+02
 
 OM45
+       ......... ......... ......... ......... ......... ......... ......... ......... ......... ......... ......... .........
         ......... ......... ......... ......... ......... ......... ......... ......... ......... ......... ......... .........
        ......... .........
 
 OM46
+       ......... ......... ......... ......... ......... ......... ......... ......... ......... ......... ......... .........
         ......... ......... ......... ......... ......... ......... ......... ......... ......... ......... ......... .........
        ......... ......... .........
 
 OM55
+        3.16E+02  5.85E+02 -2.20E+00 -1.09E+00 -3.94E-01 -2.32E+03 ......... -9.05E+03 -6.38E+00 -6.97E+02 ......... .........
         ......... ......... ......... -4.22E+02 ......... ......... ......... ......... -2.39E+01 ......... ......... .........
         3.82E+01 ......... .........  3.01E+02
 
 OM56
+       ......... ......... ......... ......... ......... ......... ......... ......... ......... ......... ......... .........
         ......... ......... ......... ......... ......... ......... ......... ......... ......... ......... ......... .........
        ......... ......... ......... ......... .........
 
 OM66
+        1.51E+02 -8.93E+02  7.31E-01 -9.02E+01 -5.48E-01  2.55E+03 .........  2.77E+03  2.95E+01  3.34E+02 ......... .........
         ......... ......... .........  7.23E+02 ......... ......... ......... ......... -2.06E+02 ......... ......... .........
         1.90E+01 ......... ......... -1.47E+02 .........  8.21E+02
 
 SG11
+       -1.41E+03  1.10E+03  1.23E+00  3.58E+02  2.90E-01  5.22E+01 ......... -8.56E+03 -5.20E+01  4.98E+02 ......... .........
         ......... ......... ......... -7.47E+02 ......... ......... ......... .........  2.33E+02 ......... ......... .........
         4.92E+02 ......... ......... -6.90E+01 ......... -6.81E+02  6.82E+03
 
 #CPUT: Total CPU Time in Seconds,      507.315
Stop Time: 
18/09/2017 
14:34
