24.08.2016 
18:15
; Script generated by the pharmML2Nmtran Converter v.0.3.0
; Source	: PharmML 0.6.1
; Target	: NMTRAN 7.3.0
; Model 	: Mero_Li
; Dated 	: Wed Aug 24 18:15:34 CEST 2016

$PROBLEM "generated by MDL2PharmML v.6.0"

$INPUT  ID TIME=TIME GROUP=DROP DV MDV EVID AMT RATE AGE WT CLCR
$DATA "Simulated_DatasetMeropenem.csv" IGNORE=@
$SUBS ADVAN13 TOL=9

$MODEL 
COMP (COMP1) 	;CENTRAL
COMP (COMP2) 	;PERIPHERAL



$PK 
POP_CL = THETA(1)
POP_V1 = THETA(2)
POP_Q = THETA(3)
POP_V2 = THETA(4)
COV_CL_AGE = THETA(5)
COV_V1_WT = THETA(6)
RUV_PROP = THETA(7)
RUV_ADD = THETA(8)
COV_CL_CLCR = THETA(9)

ETA_CL =  ETA(1)
ETA_V1 =  ETA(2)
ETA_Q =  ETA(3)
ETA_V2 =  ETA(4)

LOGTWT = LOG((WT/70))

LOGTAGE = LOG((AGE/35))

LOGTCLCR = LOG((CLCR/83))


MU_1 = LOG(POP_CL) + COV_CL_AGE * LOGTAGE + COV_CL_CLCR * LOGTCLCR
CL =  EXP(MU_1 +  ETA(1)) ;

MU_2 = LOG(POP_V1) + COV_V1_WT * LOGTWT
V1 =  EXP(MU_2 +  ETA(2)) ;

MU_3 = LOG(POP_Q)
Q =  EXP(MU_3 +  ETA(3)) ;

MU_4 = LOG(POP_V2)
V2 =  EXP(MU_4 +  ETA(4)) ;

A_0(1) = 0
A_0(2) = 0

$DES 
CENTRAL_DES = A(1)
PERIPHERAL_DES = A(2)
CC_DES = (CENTRAL_DES/V1)
DADT(1) = ((((-(Q)*CENTRAL_DES)/V1)+((Q*PERIPHERAL_DES)/V2))-((CL*CENTRAL_DES)/V1))
DADT(2) = (((Q*CENTRAL_DES)/V1)-((Q*PERIPHERAL_DES)/V2))

$ERROR 
CENTRAL = A(1)
PERIPHERAL = A(2)
CC = (CENTRAL/V1)
IPRED = CC
W = SQRT((RUV_ADD*RUV_ADD)+ (RUV_PROP*RUV_PROP*IPRED*IPRED))
Y = IPRED+W*EPS(1)
IRES = DV - IPRED
IWRES = IRES/W

$THETA 
( 0.0 , 14.6 )	;POP_CL
( 0.0 , 10.8 )	;POP_V1
( 0.0 , 18.6 )	;POP_Q
( 0.0 , 12.6 )	;POP_V2
(-0.34 )	;COV_CL_AGE
(0.99 )	;COV_V1_WT
(0.19 )	;RUV_PROP
(0.47 )	;RUV_ADD
(0.62  FIX )	;COV_CL_CLCR

$OMEGA 
(0.118 )	;PPV_CL
(0.143 )	;PPV_V1
(0.29 )	;PPV_Q
(0.102 )	;PPV_V2

$SIGMA 
1.0 FIX


$EST METHOD=COND INTER NSIG=3 SIGL=9 MAXEVALS=9999 PRINT=10 NOABORT

$TABLE  ID TIME MDV EVID AMT RATE AGE WT CLCR PRED IPRED RES IRES WRES IWRES Y DV NOAPPEND NOPRINT FILE=sdtab

$TABLE  ID CL V1 Q V2 ETA_CL ETA_V1 ETA_Q ETA_V2 NOAPPEND NOPRINT FILE=patab

$TABLE  ID AGE WT CLCR LOGTWT LOGTAGE LOGTCLCR NOAPPEND NOPRINT FILE=cotab


  
NM-TRAN MESSAGES 
  
 WARNINGS AND ERRORS (IF ANY) FOR PROBLEM    1
             
 (WARNING  2) NM-TRAN INFERS THAT THE DATA ARE POPULATION.

 (MU_WARNING 26) DATA ITEM(S) USED IN DEFINITION OF MU_(S) SHOULD BE CONSTANT FOR INDIV. REC.:
  AGE CLCR WT
  
License Registered to: Freie Universitaet Berlin
Expiration Date:    14 JAN 2019
Current Date:       24 AUG 2016
Days until program expires : 875
1NONLINEAR MIXED EFFECTS MODEL PROGRAM (NONMEM) VERSION 7.3.0
 ORIGINALLY DEVELOPED BY STUART BEAL, LEWIS SHEINER, AND ALISON BOECKMANN
 CURRENT DEVELOPERS ARE ROBERT BAUER, ICON DEVELOPMENT SOLUTIONS,
 AND ALISON BOECKMANN. IMPLEMENTATION, EFFICIENCY, AND STANDARDIZATION
 PERFORMED BY NOUS INFOSYSTEMS.

 PROBLEM NO.:         1
 "generated by MDL2PharmML v.6.0"
0DATA CHECKOUT RUN:              NO
 DATA SET LOCATED ON UNIT NO.:    2
 THIS UNIT TO BE REWOUND:        NO
 NO. OF DATA RECS IN DATA SET:      711
 NO. OF DATA ITEMS IN DATA SET:  10
 ID DATA ITEM IS DATA ITEM NO.:   1
 DEP VARIABLE IS DATA ITEM NO.:   3
 MDV DATA ITEM IS DATA ITEM NO.:  4
0INDICES PASSED TO SUBROUTINE PRED:
   5   2   6   7   0   0   0   0   0   0   0
0LABELS FOR DATA ITEMS:
 ID TIME DV MDV EVID AMT RATE AGE WT CLCR
0(NONBLANK) LABELS FOR PRED-DEFINED ITEMS:
 ETA_CL ETA_V1 ETA_Q ETA_V2 LOGTWT LOGTAGE LOGTCLCR CL V1 Q V2 IPRED Y IRES IWRES
0FORMAT FOR DATA:
 (E3.0,E4.0,E13.0,2E2.0,E5.0,3E12.0,E3.0)

 TOT. NO. OF OBS RECS:      632
 TOT. NO. OF INDIVIDUALS:     79
0LENGTH OF THETA:   9
0DEFAULT THETA BOUNDARY TEST OMITTED:    NO
0OMEGA HAS SIMPLE DIAGONAL FORM WITH DIMENSION:   4
0DEFAULT OMEGA BOUNDARY TEST OMITTED:    NO
0SIGMA HAS SIMPLE DIAGONAL FORM WITH DIMENSION:   1
0DEFAULT SIGMA BOUNDARY TEST OMITTED:    NO
0INITIAL ESTIMATE OF THETA:
 LOWER BOUND    INITIAL EST    UPPER BOUND
  0.0000E+00     0.1460E+02     0.1000E+07
  0.0000E+00     0.1080E+02     0.1000E+07
  0.0000E+00     0.1860E+02     0.1000E+07
  0.0000E+00     0.1260E+02     0.1000E+07
 -0.1000E+07    -0.3400E+00     0.1000E+07
 -0.1000E+07     0.9900E+00     0.1000E+07
 -0.1000E+07     0.1900E+00     0.1000E+07
 -0.1000E+07     0.4700E+00     0.1000E+07
  0.6200E+00     0.6200E+00     0.6200E+00
0INITIAL ESTIMATE OF OMEGA:
 0.1180E+00
 0.0000E+00   0.1430E+00
 0.0000E+00   0.0000E+00   0.2900E+00
 0.0000E+00   0.0000E+00   0.0000E+00   0.1020E+00
0INITIAL ESTIMATE OF SIGMA:
 0.1000E+01
0SIGMA CONSTRAINED TO BE THIS INITIAL ESTIMATE
0TABLES STEP OMITTED:    NO
 NO. OF TABLES:           3
 SEED NUMBER (SEED):    11456
 RANMETHOD:
 MC SAMPLES (ESEED):    300
 WRES SQUARE ROOT TYPE:            EIGENVALUE
0-- TABLE   1 --
04 COLUMNS APPENDED:     NO
 PRINTED:                NO
 HEADER:                YES
 FILE TO BE FORWARDED:   NO
 FORMAT:                S1PE11.4
 LFORMAT:
 RFORMAT:
0USER-CHOSEN ITEMS:
 ID TIME MDV EVID AMT RATE AGE WT CLCR PRED IPRED RES IRES WRES IWRES Y DV
0-- TABLE   2 --
04 COLUMNS APPENDED:     NO
 PRINTED:                NO
 HEADER:                YES
 FILE TO BE FORWARDED:   NO
 FORMAT:                S1PE11.4
 LFORMAT:
 RFORMAT:
0USER-CHOSEN ITEMS:
 ID CL V1 Q V2 ETA_CL ETA_V1 ETA_Q ETA_V2
0-- TABLE   3 --
04 COLUMNS APPENDED:     NO
 PRINTED:                NO
 HEADER:                YES
 FILE TO BE FORWARDED:   NO
 FORMAT:                S1PE11.4
 LFORMAT:
 RFORMAT:
0USER-CHOSEN ITEMS:
 ID AGE WT CLCR LOGTWT LOGTAGE LOGTCLCR
1DOUBLE PRECISION PREDPP VERSION 7.3.0

 GENERAL NONLINEAR KINETICS MODEL USING LSODA (ADVAN13)
0MODEL SUBROUTINE USER-SUPPLIED - ID NO. 9999
0MAXIMUM NO. OF BASIC PK PARAMETERS:   4
0COMPARTMENT ATTRIBUTES
 COMPT. NO.   FUNCTION   INITIAL    ON/OFF      DOSE      DEFAULT    DEFAULT
                         STATUS     ALLOWED    ALLOWED    FOR DOSE   FOR OBS.
    1         COMP1        ON         YES        YES        YES        YES
    2         COMP2        ON         YES        YES        NO         NO
    3         OUTPUT       OFF        YES        NO         NO         NO
0NRD VALUE(S) FROM SUBROUTINE TOL:   9
1
 ADDITIONAL PK PARAMETERS - ASSIGNMENT OF ROWS IN GG
 COMPT. NO.                             INDICES
              SCALE      BIOAVAIL.   ZERO-ORDER  ZERO-ORDER  ABSORB
                         FRACTION    RATE        DURATION    LAG
    1            *           *           *           *           *
    2            *           *           *           *           *
    3            *           -           -           -           -
             - PARAMETER IS NOT ALLOWED FOR THIS MODEL
             * PARAMETER IS NOT SUPPLIED BY PK SUBROUTINE;
               WILL DEFAULT TO ONE IF APPLICABLE
0DATA ITEM INDICES USED BY PRED ARE:
   EVENT ID DATA ITEM IS DATA ITEM NO.:      5
   TIME DATA ITEM IS DATA ITEM NO.:          2
   DOSE AMOUNT DATA ITEM IS DATA ITEM NO.:   6
   DOSE RATE DATA ITEM IS DATA ITEM NO.:     7

0PK SUBROUTINE CALLED WITH EVERY EVENT RECORD.
 PK SUBROUTINE NOT CALLED AT NONEVENT (ADDITIONAL OR LAGGED) DOSE TIMES.
0PK SUBROUTINE INDICATES THAT COMPARTMENT AMOUNTS ARE INITIALIZED.
0ERROR SUBROUTINE CALLED WITH EVERY EVENT RECORD.
0ERROR SUBROUTINE INDICATES THAT DERIVATIVES OF COMPARTMENT AMOUNTS ARE USED.
0DES SUBROUTINE USES FULL STORAGE MODE.
1


 #TBLN:      1
 #METH: First Order Conditional Estimation with Interaction

 ESTIMATION STEP OMITTED:                 NO  
 ANALYSIS TYPE:                           POPULATION
 CONDITIONAL ESTIMATES USED:              YES 
 CENTERED ETA:                            NO  
 EPS-ETA INTERACTION:                     YES 
 LAPLACIAN OBJ. FUNC.:                    NO  
 NO. OF FUNCT. EVALS. ALLOWED:            9999
 NO. OF SIG. FIGURES REQUIRED:            3
 INTERMEDIATE PRINTOUT:                   YES 
 ESTIMATE OUTPUT TO MSF:                  NO  
 ABORT WITH PRED EXIT CODE 1:             NO  
 IND. OBJ. FUNC. VALUES SORTED:           NO  
 NUMERICAL DERIVATIVE 
       FILE REQUEST (NUMDER):             NONE
 MAP (ETAHAT) ESTIMATION METHOD (OPTMAP): 0           
 ETA HESSIAN EVALUATION METHOD (ETADER):  0           
 INITIAL ETA FOR MAP ESTIMATION (MCETA):  0           
 SIGDIGITS FOR MAP ESTIMATION (SIGLO):    9           
 GRADIENT SIGDIGITS OF 
       FIXED EFFECTS PARAMETERS (SIGL):   9           
 EXCLUDE TITLE (NOTITLE):                 NO 
 EXCLUDE COLUMN LABELS (NOLABEL):         NO 
 NOPRIOR SETTING (NOPRIOR):               OFF
 NOCOV SETTING (NOCOV):                   OFF
 DERCONT SETTING (DERCONT):               OFF
 ABSOLUTE TOLERANCE-ADVAN 9,13 ONLY(ATOL):-100        
 FINAL ETA RE-EVALUATION (FNLETA):        ON 
 EXCLUDE NON-INFLUENTIAL (NON-INFL.) ETAS 
       IN SHRINKAGE (ETASTYPE):           NO 
 NON-INFL. ETA CORRECTION (NONINFETA):    OFF
 FORMAT FOR ADDITIONAL FILES (FORMAT):    S1PE12.5
 PARAMETER ORDER FOR OUTPUTS (ORDER):     TSOL
 ADDITIONAL CONVERGENCE TEST (CTYPE=4)?:  NO
 EM OR BAYESIAN METHOD USED:                NONE


 THE FOLLOWING LABELS ARE EQUIVALENT
 PRED=PREDI
 RES=RESI
 WRES=WRESI
 IWRS=IWRESI
 IPRD=IPREDI
 IRS=IRESI

 MONITORING OF SEARCH:


0ITERATION NO.:    0    OBJECTIVE VALUE:   1442.46147033590        NO. OF FUNC. EVALS.:  10
 CUMULATIVE NO. OF FUNC. EVALS.:       10
 NPARAMETR:  1.4600E+01  1.0800E+01  1.8600E+01  1.2600E+01 -3.4000E-01  9.9000E-01  1.9000E-01  4.7000E-01  1.1800E-01  1.4300E-01
             2.9000E-01  1.0200E-01
 PARAMETER:  1.0000E-01  1.0000E-01  1.0000E-01  1.0000E-01 -1.0000E-01  1.0000E-01  1.0000E-01  1.0000E-01  1.0000E-01  1.0000E-01
             1.0000E-01  1.0000E-01
 GRADIENT:  -2.5901E+01 -7.2163E+01  2.7037E+00 -5.4188E+01  7.3268E+01  4.1742E+01  3.8607E+02  4.8660E+01  3.1659E+01  9.7268E+00
             1.3672E+01  2.0726E+01

0ITERATION NO.:   10    OBJECTIVE VALUE:   1427.05254359031        NO. OF FUNC. EVALS.:  11
 CUMULATIVE NO. OF FUNC. EVALS.:      130
 NPARAMETR:  1.5143E+01  1.2778E+01  1.6121E+01  1.2675E+01 -4.6366E-01  7.7889E-01  1.9083E-01  4.8173E-01  9.5958E-02  9.0972E-02
             1.7434E-01  5.5935E-02
 PARAMETER:  1.3652E-01  2.6822E-01 -4.3051E-02  1.0591E-01 -1.3637E-01  7.8676E-02  1.0044E-01  1.0250E-01 -3.3865E-03 -1.2615E-01
            -1.5444E-01 -2.0039E-01
 GRADIENT:   1.4852E+01  2.2178E+01  4.2335E+00  6.8619E+00 -9.5627E+00 -1.8999E+01  1.3907E+02  8.0256E+01  1.0299E+01 -3.4156E+00
             3.9456E+00 -3.0755E+00

0ITERATION NO.:   20    OBJECTIVE VALUE:   1425.52185966312        NO. OF FUNC. EVALS.:  19
 CUMULATIVE NO. OF FUNC. EVALS.:      275
 NPARAMETR:  1.4963E+01  1.2691E+01  1.5222E+01  1.2405E+01 -4.4703E-01  8.1968E-01  1.8781E-01  4.7640E-01  8.8420E-02  9.7605E-02
             1.0304E-01  7.2549E-02
 PARAMETER:  1.2455E-01  2.6131E-01 -1.0043E-01  8.4380E-02 -1.3148E-01  8.2796E-02  9.8849E-02  1.0136E-01 -4.4296E-02 -9.0959E-02
            -4.1740E-01 -7.0357E-02
 GRADIENT:  -1.2360E-01  5.0331E-03  2.1428E-02 -5.4674E-02 -2.7787E-01 -1.3233E-01  3.4072E-01  1.7726E-01 -1.2180E-02 -1.0284E-02
            -1.9600E-04 -8.9016E-03

0ITERATION NO.:   25    OBJECTIVE VALUE:   1425.52184723783        NO. OF FUNC. EVALS.:  16
 CUMULATIVE NO. OF FUNC. EVALS.:      375
 NPARAMETR:  1.4962E+01  1.2691E+01  1.5221E+01  1.2405E+01 -4.4692E-01  8.2011E-01  1.8781E-01  4.7638E-01  8.8427E-02  9.7621E-02
             1.0303E-01  7.2561E-02
 PARAMETER:  1.2447E-01  2.6133E-01 -1.0049E-01  8.4399E-02 -1.3145E-01  8.2839E-02  9.8847E-02  1.0136E-01 -4.4253E-02 -9.0874E-02
            -4.1742E-01 -7.0271E-02
 GRADIENT:  -6.7255E-02  1.5619E-02 -4.5685E-03  8.7300E-03 -1.0161E-01  1.3161E-02  4.3591E-02 -2.8224E-02  2.4050E-03  9.7026E-04
             5.8662E-04 -4.0439E-03

 #TERM:
0MINIMIZATION SUCCESSFUL
 NO. OF FUNCTION EVALUATIONS USED:      375
 NO. OF SIG. DIGITS IN FINAL EST.:  3.1

 ETABAR IS THE ARITHMETIC MEAN OF THE ETA-ESTIMATES,
 AND THE P-VALUE IS GIVEN FOR THE NULL HYPOTHESIS THAT THE TRUE MEAN IS 0.

 ETABAR:        -3.7034E-03 -3.9061E-03 -7.9993E-03 -1.9474E-03
 SE:             3.1972E-02  2.6095E-02  1.6278E-02  1.8999E-02
 N:                      79          79          79          79

 P VAL.:         9.0779E-01  8.8101E-01  6.2313E-01  9.1836E-01

 ETAshrink(%):   3.8261E+00  2.5293E+01  5.4638E+01  3.6911E+01
 EBVshrink(%):   3.7979E+00  2.5652E+01  5.4563E+01  3.7114E+01
 EPSshrink(%):   1.3269E+01

 #TERE:
 Elapsed estimation time in seconds:   119.32
1
 
 
 
 
 
 
 
 
 
 
 
 
 
 
 
 
 
 
 
 
 ************************************************************************************************************************
 ********************                                                                                ********************
 ********************               FIRST ORDER CONDITIONAL ESTIMATION WITH INTERACTION              ********************
 #OBJT:**************                       MINIMUM VALUE OF OBJECTIVE FUNCTION                      ********************
 ********************                                                                                ********************
 ************************************************************************************************************************
 





 #OBJV:********************************************     1425.522       **************************************************
1
 ************************************************************************************************************************
 ********************                                                                                ********************
 ********************               FIRST ORDER CONDITIONAL ESTIMATION WITH INTERACTION              ********************
 ********************                             FINAL PARAMETER ESTIMATE                           ********************
 ********************                                                                                ********************
 ************************************************************************************************************************
 


 THETA - VECTOR OF FIXED EFFECTS PARAMETERS   *********


         TH 1      TH 2      TH 3      TH 4      TH 5      TH 6      TH 7      TH 8      TH 9     
 
         1.50E+01  1.27E+01  1.52E+01  1.24E+01 -4.47E-01  8.20E-01  1.88E-01  4.76E-01  6.20E-01
 


 OMEGA - COV MATRIX FOR RANDOM EFFECTS - ETAS  ********


            ETA1      ETA2      ETA3      ETA4   
 
 ETA1
+        8.84E-02
 
 ETA2
+        0.00E+00  9.76E-02
 
 ETA3
+        0.00E+00  0.00E+00  1.03E-01
 
 ETA4
+        0.00E+00  0.00E+00  0.00E+00  7.26E-02
 


 SIGMA - COV MATRIX FOR RANDOM EFFECTS - EPSILONS  ****


            EPS1   
 
 EPS1
+        1.00E+00
 
1


 OMEGA - CORR MATRIX FOR RANDOM EFFECTS - ETAS  *******


            ETA1      ETA2      ETA3      ETA4   
 
 ETA1
+        2.97E-01
 
 ETA2
+        0.00E+00  3.12E-01
 
 ETA3
+        0.00E+00  0.00E+00  3.21E-01
 
 ETA4
+        0.00E+00  0.00E+00  0.00E+00  2.69E-01
 


 SIGMA - CORR MATRIX FOR RANDOM EFFECTS - EPSILONS  ***


            EPS1   
 
 EPS1
+        1.00E+00
 
 #CPUT: Total CPU Time in Seconds,      120.448
Stop Time: 
24.08.2016 
18:17
