tis aug 29 08:53:30 CEST 2017
; The Multistate Tuberculosis Pharmacometric (MTP) model combined with 
; the General Pharmacodynamic Interaction model (GPDI)
; Isoniazid adaptive resistance
; M. tuberculosis B1585 (cfu/ml)
; Data with rifampicin (RIF)(R), isoniazid (INH)(H) and 
; ethambutol (EMB)(E) in mono and combination exposure (mg/L)
; All MTP model parameters were fixed in this model when evaluating
; the PD interactions
; NM version 7.3
$PROBLEM    MTP-GPDI RIF INH EMB MTB1585
$INPUT      ID REPL TIME EVID DV NDV LOQ NATG RIF INH EMB
$DATA      Data.csv IGNORE=@
$SUBROUTINE ADVAN13 TOL=9
$MODEL      NCOMP=8 COMP=(FBUGS) COMP=(SBUGS) COMP=(NBUGS) COMP=(INH)
            COMP=(ARON) COMP=(AROFF) COMP=(RIF) COMP=(EMB)
$PK

; MTP model                                                                
TVKG=THETA(1)           ; Growth rate, F
KFSLIN=THETA(2)/100     ; Rate parameter, KFS, time dependent
KFN=THETA(3)/1000000    ; Transfer rate F -> N
KSF=THETA(4)/10         ; Transfer rate S -> F
KSN=THETA(5)            ; Transfer rate S -> N
KNS=THETA(6)/100        ; Transfer rate N -> S

TVF0=THETA(7)*1000      ; Initial F bacterial number with IIV
TVS0=THETA(8)*1000      ; Initial S bacterial number

; INH(H) exposure-response relationship (estimated with mono data)
HFDEMAX=THETA(9)        ; EMAX FD
HFDEC50=THETA(10)       ; EC50 FD
HFDGAM=THETA(11)        ; GAMMA FD
HSDEMAX=THETA(12)       ; EMAX SD
HSDEC50=THETA(13)       ; EC50 SD
HSDGAM=THETA(14)        ; GAMMA for SD

; INH(H) adaptive resistance (estimated with mono data)
KON=THETA(15)           ; kON
KOFF=THETA(16)          ; kOFF
ARLINFD=THETA(17)       ; ARLIN FD (Slope)
ARLINSD=THETA(18)       ; ARLIN SD (Slope)

; RIF(R) exposure-response relationship (estimated with mono data)
RFDEMAX=THETA(19)       ; EMAX on FD
RFDEC50=THETA(20)       ; EC50 on FD
RFGEMAX=THETA(21)       ; EMAX on FG
RFGEC50=THETA(22)       ; EC50 on FG
RFGGAM=THETA(23)        ; GAMMA on FG
RSDEMAX=THETA(24)       ; EMAX for SD
RSDEC50=THETA(25)       ; EC50 for SD
RNDK=THETA(26)          ; k for ND

; EMB(E) exposure-response relationship (estimated with mono data)
EFDEMAX=THETA(27)       ; EMAX on FD
EFDEC50=THETA(28)       ; EC50 on FD
EFDGAM=THETA(29)        ; GAMMA on FD
ESDK=THETA(30)          ; k on SD

; GPDI model (estimated with all data and MTP model fixed)
; INH(H) - RIF(R) PD interaction
FDIRH=THETA(31)         ; FD interaction RIF-INH
FDIHR=THETA(32)         ; FD interaction INH-RIF
SDIRH=THETA(33)         ; SD interaction RIF-INH
SDIHR=THETA(34)         ; SD interaction INH-RIF

; INH(H) - EMB(E) PD interaction
FDIEH=THETA(35)         ; FD interaction EMB-INH
FDIHE=THETA(36)         ; FD interaction INH-EMB
IF(A(8).GT.0) THEN
SDIEH=THETA(37)         ; SD interaction EMB-INH
ELSE
SDIEH=0
ENDIF
IF(A(4).GT.0) THEN
SDIHE=THETA(38)         ; SD interaction INH-EMB
ELSE
SDIHE=0                 ; SD interaction INH-EMB
ENDIF

; RIF(R) - EMB(E) PD interaction
IF(A(8).GT.0) THEN
FDIER=THETA(39)         ; FD interaction EMB-RIF
ELSE
FDIER=0
ENDIF
FDIRE=THETA(40)         ; FD interaction RIF-EMB
IF(A(8).GT.0) THEN
SDIER=THETA(41)         ; SD interaction EMB-RIF
ELSE
SDIER=0
ENDIF
SDIRE=THETA(42)         ; SD interaction RIF-EMB

; EMB(E) - (RIF(R) - INH(H)) PD interaction
IF(A(8).GT.0) THEN
SDIERH=THETA(43)        ; SD interaction EMB-(RIF-INH)
ELSE
SDIERH=0
ENDIF

KG=TVKG
F0=TVF0
S0=TVS0

A_0(1)=F0                         ; Initial F bacterial number with IIV
A_0(2)=S0                         ; Initial S bacterial number
A_0(3)=0.00001                    ; Initial N bacterial number
A_0(4)=INH                        ; INH concentration
A_0(5)=0                          ; ARON
A_0(6)=1                          ; AROFF
A_0(7)=RIF                        ; RIF concentration
A_0(8)=EMB                        ; EMB concentration

$DES

; MTP model                                                                       
GROWTHFUNC=KG                     ; Exponential growth function
IF(GROWTHFUNC.LT.0) GROWTHFUNC=0  ; Keep GROWTHFUNC from turning negative

KFS=KFSLIN*T                      ; Time dependent linear transfer, F -> S

; INH adaptive resistance
AREFD=1+(ARLINFD*A(5))            ; Linear adaptive resistance function FD
ARESD=1+(ARLINSD*A(5))            ; Linear adaptive resistance function SD

HFDEC50A=HFDEC50*AREFD
HSDEC50A=HSDEC50*ARESD

; INH (H) drug effect on F
INHFD=1*A(4)**HFDGAM/((HFDEC50A*(1+(FDIRH*A(7)/(RFDEC50+A(7))))*(1+(FDIEH*A(8)/(EFDEC50+A(8)))))**HFDGAM+A(4)**HFDGAM)

; INH (H) drug effect on S
INHSD=HSDEMAX*A(4)**HSDGAM/((HSDEC50A*(1+(SDIRH*(1+(SDIERH))*A(7)/(RSDEC50+A(7))))*(1+(SDIEH)))**HSDGAM+A(4)**HSDGAM)

; RIF (R) drug effect on F
RIFFD=(RFDEMAX/HFDEMAX)*A(7)/((RFDEC50*(1+(FDIHR*A(4)/(HFDEC50A+A(4))))*(1+(FDIER)))+A(7))

; RIF (R) drug effect on FG
RIFFG=1-(RFGEMAX*A(7)**RFGGAM/(RFGEC50**RFGGAM+A(7)**RFGGAM))
IF(RIFEFG.LT.0) RIFEFG=0 ; Keep RIFEFG from turning negative

; RIF (R) drug effect on S
RIFSD=RSDEMAX*A(7)/((RSDEC50*(1+(SDIHR*A(4)/(HSDEC50A+A(4))))*(1+(SDIER)))+A(7))

; RIF (R) drug effect on N
RIFND=RNDK*A(7)

; EMB (E) drug effect on F
EMBFD=(EFDEMAX/HFDEMAX)*A(8)**EFDGAM/((EFDEC50*(1+(FDIHE*A(4)/(HFDEC50A+A(4))))*(1+(FDIRE*A(7)/(RFDEC50+A(7)))))**EFDGAM+A(8)**EFDGAM)

; EMB (E) drug effect on S
EMBSD=A(8)*(ESDK/((1+SDIHE*A(4))*(1+SDIRE*A(7)/RSDEC50+A(7))))

; Total drug effect with Bliss independence type interaction on F
FD=(INHFD+RIFFD+EMBFD-INHFD*RIFFD-INHFD*EMBFD-RIFFD*EMBFD+INHFD*RIFFD*EMBFD)*HFDEMAX

; Total drug effect on FG (only RIF was found to have effect)
FG=RIFFG

; Total drug effect with Bliss independence type interaction on S
SD=INHSD+RIFSD+EMBSD

; Total drug effect on N (only RIF was found to have effect)
ND=RIFND

DADT(1)=A(1)*FG*GROWTHFUNC+KSF*A(2)-KFS*A(1)-KFN*A(1)-FD*A(1)   ; F
DADT(2)=KFS*A(1)+KNS*A(3)-KSN*A(2)-KSF*A(2)-SD*A(2)             ; S
DADT(3)=KSN*A(2)+KFN*A(1)-KNS*A(3)-ND*A(3)                      ; N
DADT(4)=0                                                       ; INH
DADT(5)=KON*A(6)*A(4)-KOFF*A(5)                                 ; ARON
DADT(6)=KOFF*A(5)-KON*A(6)*A(4)                                 ; AROFF
DADT(7)=0                                                       ; RIF
DADT(8)=0                                                       ; EMB

$ERROR
                                                                       
FBUGS=A(1)             ; F
SBUGS=A(2)             ; S
NBUGS=A(3)             ; N
TOTBUGS=A(1)+A(2)+A(3) ; F+S+N
CINH=A(4)              ; INH concentration
ARON=A(5)              ; Adaptive resistance on
AROFF=A(6)             ; Adaptive resistance off
CRIF=A(7)              ; RIF concentration
CEMB=A(8)              ; EMB concentration

F_FLAG=0
IPRED=LOG(A(1)+A(2))
IRES=DV-IPRED
STD=SQRT(SIGMA(1))     ; Standard deviation for additive residual error on log scale
IWRES=IRES/STD
Y=IPRED+EPS(1)

; LOQ
LLOQ=1.6094

; M3 method
IF (DV.LT.LLOQ) THEN
F_FLAG=1
MDVRES=1
DUM=(LLOQ-IPRED)/(SQRT(SIGMA(1)))
CUMD=PHI(DUM)
Y=CUMD
ENDIF

$THETA  (0,0.796) FIX ; 1 kG
 (0,0.166) FIX ; 2 kFSLIN (/100)
 (0,0.897) FIX ; 3 kFN (/1000000)
 (0,0.145) FIX ; 4 kSF (/10)
 (0,0.186) FIX ; 5 kSN
 (0,0.123) FIX ; 6 kNS (/100)
 (0,209) FIX ; 7 F0 (*1000)
 (0,324) FIX ; 8 S0 (*1000)
 (0,22.2209) FIX ; 9 HFDEMAX
 (0,0.168431) FIX ; 10 HFDEC50
 (0,1.90157) FIX ; 11 HFDGAMMA
 (0,8.55316) FIX ; 12 HSDEMAX
 (0,0.0328672) FIX ; 13 HSDEC50
 (0,1.74098) FIX ; 14 HSDGAMMA
 (0,0.0205994) FIX ; 15 kON
 0 FIX ; 16 kOFF
 (0,522.42) FIX ; 17 ARLIN FD
 (0,2352.28) FIX ; 18 ARLIN SD
 (0,1.96922) FIX ; 19 RFDEMAX
 (0,0.0030258) FIX ; 20 RFDEC50
 (0,1) FIX ; 21 RFGEMAX
 (0,0.388407) FIX ; 22 RFGEC50
 (0,2.80234) FIX ; 23 RFGGAM
 (0,1.79211) FIX ; 24 RSDEMAX
 (0,0.0112798) FIX ; 25 RSDEC50
 (0,3.28587) FIX ; 26 RNDK
 (0,2.2073) FIX ; 27 EFDEMAX
 (0,0.860332) FIX ; 28 EFDEC50
 (0,2.45751) FIX ; 29 EFDGAMMA
 (0,4.38781) FIX ; 30 ESDk
 (-1,-0.683351) ; 31 FDIRH
 (-1,0) FIX ; 32 FDIHR
 (-1,1.52908) ; 33 SDIRH
 (-1,10.7494) ; 34 SDIHR
 (-1,1.80936) ; 35 FDIEH
 (-1,0) FIX ; 36 FDIHE
 (-1,0.0854746) ; 37 SDIEH
 (-1,91.4222) ; 38 SDIHE
 (-1,-0.662812) ; 39 FDIER
 (-1,-0.99999) FIX ; 40 FDIRE
 (-1,1.70602) ; 41 SDIER
 (-1,479.458) ; 42 SDIRE
 (-1,-0.677036) ; 43 SDIERH
; MTP model
; INH(H) exposure-response relationship (estimated with mono data)
; INH(H) adaptive resistance (estimated with mono data)
; RIF(R) exposure-response relationship (estimated with mono data)
; EMB(E) exposure-response relationship (estimated with mono data)
; GPDI model
; INH(H) - RIF(R) PD interaction
; INH(H) - EMB(E) PD interaction
; RIF(R) - EMB(E) PD interaction
; EMB(E) - (RIF(R) - INH(H)) PD interaction
$OMEGA  0  FIX
$SIGMA  0.936573  ; variance for add residual error on log scale
$ESTIMATION METHOD=1 LAPLACIAN INTER MAXEVAL=0 NSIG=3 SIGL=9 NOABORT
$COVARIANCE PRINT=E
$TABLE      ID TIME DV NDV PRED IPRED EVID RIF INH EMB ONEHEADER
            NOPRINT FILE=Simulated_MTPGPDI


NM-TRAN MESSAGES
  
 WARNINGS AND ERRORS (IF ANY) FOR PROBLEM    1
             
 (WARNING  2) NM-TRAN INFERS THAT THE DATA ARE POPULATION.
             
 (WARNING  87) WITH "LAPLACIAN" AND "INTERACTION", "NUMERICAL" AND "SLOW"
 ARE ALSO REQUIRED ON $ESTIM RECORD, AND "SLOW" IS REQUIRED ON $COV
 RECORD. NM-TRAN HAS SUPPLIED THESE OPTIONS.
             
 (WARNING  46) ETA VARIABLES ARE NOT USED, BUT DATA ARE POPULATION TYPE.
             
 (WARNING  79) SIGMA IS USED ON THE RIGHT. WITH A SUBSEQUENT RUN, IF AN
 INITIAL ESTIMATE OF A DIAGONAL BLOCK OF SIGMA IS TO BE COMPUTED BY
 NONMEM, THAT BLOCK WILL BE SET TO AN IDENTITY MATRIX DURING THAT
 COMPUTATION. THIS COULD LEAD TO AN ARITHMETIC EXCEPTION.*
             
 (WARNING  111) $COVARIANCE: IN THE ABSENCE OF $ESTIM OR $MSFI, OR WITH
 $ESTIM MAXEVAL=0, THE UNCONDITIONAL OPTION IS REQUIRED. NM-TRAN HAS
 SUPPLIED THIS OPTION.

 * THE MAXIMUM NUMBER OF WARNINGS OF ONE OR MORE TYPES WAS REACHED.
 IT IS POSSIBLE THAT SOME WARNING MESSAGES WERE SUPPRESSED.

License Registered to: Uppsala University
Expiration Date:    14 MAR 2018
Current Date:       29 AUG 2017
Days until program expires : 200
1NONLINEAR MIXED EFFECTS MODEL PROGRAM (NONMEM) VERSION 7.3.0
 ORIGINALLY DEVELOPED BY STUART BEAL, LEWIS SHEINER, AND ALISON BOECKMANN
 CURRENT DEVELOPERS ARE ROBERT BAUER, ICON DEVELOPMENT SOLUTIONS,
 AND ALISON BOECKMANN. IMPLEMENTATION, EFFICIENCY, AND STANDARDIZATION
 PERFORMED BY NOUS INFOSYSTEMS.
 
 PROBLEM NO.:         1
 MTP-GPDI RIF INH EMB MTB1585                                            
0DATA CHECKOUT RUN:              NO 
 DATA SET LOCATED ON UNIT NO.:    2
 THIS UNIT TO BE REWOUND:        NO 
 NO. OF DATA RECS IN DATA SET:       25
 NO. OF DATA ITEMS IN DATA SET:  12
 ID DATA ITEM IS DATA ITEM NO.:   1
 DEP VARIABLE IS DATA ITEM NO.:   5
 MDV DATA ITEM IS DATA ITEM NO.: 12
0INDICES PASSED TO SUBROUTINE PRED:
   4   3   0   0   0   0   0   0   0   0   0
0LABELS FOR DATA ITEMS:
 ID REPL TIME EVID DV NDV LOQ NATG RIF INH EMB MDV
0(NONBLANK) LABELS FOR PRED-DEFINED ITEMS:
 IPRED
0FORMAT FOR DATA:
 (11E3.0,1F2.0)                                                                  
 
 TOT. NO. OF OBS RECS:       25
 TOT. NO. OF INDIVIDUALS:      5
0LENGTH OF THETA:  43
0DEFAULT THETA BOUNDARY TEST OMITTED:    NO 
0OMEGA HAS SIMPLE DIAGONAL FORM WITH DIMENSION:   1
0DEFAULT OMEGA BOUNDARY TEST OMITTED:    NO 
0SIGMA HAS SIMPLE DIAGONAL FORM WITH DIMENSION:   1
0DEFAULT SIGMA BOUNDARY TEST OMITTED:    NO 
0INITIAL ESTIMATE OF THETA:
 LOWER BOUND    INITIAL EST    UPPER BOUND
  0.7960E+00     0.7960E+00     0.7960E+00
  0.1660E+00     0.1660E+00     0.1660E+00
  0.8970E+00     0.8970E+00     0.8970E+00
  0.1450E+00     0.1450E+00     0.1450E+00
  0.1860E+00     0.1860E+00     0.1860E+00
  0.1230E+00     0.1230E+00     0.1230E+00
  0.2090E+03     0.2090E+03     0.2090E+03
  0.3240E+03     0.3240E+03     0.3240E+03
  0.2222E+02     0.2222E+02     0.2222E+02
  0.1684E+00     0.1684E+00     0.1684E+00
  0.1902E+01     0.1902E+01     0.1902E+01
  0.8553E+01     0.8553E+01     0.8553E+01
  0.3287E-01     0.3287E-01     0.3287E-01
  0.1741E+01     0.1741E+01     0.1741E+01
  0.2060E-01     0.2060E-01     0.2060E-01
  0.0000E+00     0.0000E+00     0.0000E+00
  0.5224E+03     0.5224E+03     0.5224E+03
  0.2352E+04     0.2352E+04     0.2352E+04
  0.1969E+01     0.1969E+01     0.1969E+01
  0.3026E-02     0.3026E-02     0.3026E-02
  0.1000E+01     0.1000E+01     0.1000E+01
  0.3884E+00     0.3884E+00     0.3884E+00
  0.2802E+01     0.2802E+01     0.2802E+01
  0.1792E+01     0.1792E+01     0.1792E+01
  0.1128E-01     0.1128E-01     0.1128E-01
  0.3286E+01     0.3286E+01     0.3286E+01
  0.2207E+01     0.2207E+01     0.2207E+01
  0.8603E+00     0.8603E+00     0.8603E+00
  0.2458E+01     0.2458E+01     0.2458E+01
  0.4388E+01     0.4388E+01     0.4388E+01
 -0.1000E+01    -0.6834E+00     0.1000E+07
  0.0000E+00     0.0000E+00     0.0000E+00
 -0.1000E+01     0.1529E+01     0.1000E+07
 -0.1000E+01     0.1075E+02     0.1000E+07
 -0.1000E+01     0.1809E+01     0.1000E+07
  0.0000E+00     0.0000E+00     0.0000E+00
 -0.1000E+01     0.8547E-01     0.1000E+07
 -0.1000E+01     0.9142E+02     0.1000E+07
 -0.1000E+01    -0.6628E+00     0.1000E+07
 -0.1000E+01    -0.1000E+01    -0.1000E+01
 -0.1000E+01     0.1706E+01     0.1000E+07
 -0.1000E+01     0.4795E+03     0.1000E+07
 -0.1000E+01    -0.6770E+00     0.1000E+07
0INITIAL ESTIMATE OF OMEGA:
 0.0000E+00
0OMEGA CONSTRAINED TO BE THIS INITIAL ESTIMATE
0INITIAL ESTIMATE OF SIGMA:
 0.9366E+00
0COVARIANCE STEP OMITTED:        NO 
 EIGENVLS. PRINTED:             YES 
 SPECIAL COMPUTATION:            NO 
 COMPRESSED FORMAT:              NO 
 SLOW GRADIENT METHOD USED:     YES 
 SIGDIGITS ETAHAT (SIGLO):                  -1          
 SIGDIGITS GRADIENTS (SIGL):                -1          
 RELATIVE TOLERANCE (TOL):                  -1          
 ABSOLUTE TOLERANCE-ADVAN 9,13 ONLY (ATOL): -1          
 EXCLUDE COV FOR FOCE (NOFCOV):              NO   
 RESUME COV ANALYSIS (RESUME):               NO   
0TABLES STEP OMITTED:    NO 
 NO. OF TABLES:           1
 SEED NUMBER (SEED):    11456       
 RANMETHOD:                                 
 MC SAMPLES (ESEED):    300         
 WRES SQUARE ROOT TYPE:            EIGENVALUE
0-- TABLE   1 --
 PRINTED:                NO 
 HEADER:                YES
 FILE TO BE FORWARDED:   NO 
 FORMAT:                S1PE11.4
 LFORMAT:               
 RFORMAT:               
0USER-CHOSEN ITEMS:
 ID TIME DV NDV IPRED EVID RIF INH EMB
1DOUBLE PRECISION PREDPP VERSION 7.3.0
 
 GENERAL NONLINEAR KINETICS MODEL USING LSODA (ADVAN13)
0MODEL SUBROUTINE USER-SUPPLIED - ID NO. 9999
0MAXIMUM NO. OF BASIC PK PARAMETERS:  41
0COMPARTMENT ATTRIBUTES 
 COMPT. NO.   FUNCTION   INITIAL    ON/OFF      DOSE      DEFAULT    DEFAULT
                         STATUS     ALLOWED    ALLOWED    FOR DOSE   FOR OBS.
    1         FBUGS        ON         YES        YES        YES        YES
    2         SBUGS        ON         YES        YES        NO         NO 
    3         NBUGS        ON         YES        YES        NO         NO 
    4         INH          ON         YES        YES        NO         NO 
    5         ARON         ON         YES        YES        NO         NO 
    6         AROFF        ON         YES        YES        NO         NO 
    7         RIF          ON         YES        YES        NO         NO 
    8         EMB          ON         YES        YES        NO         NO 
    9         OUTPUT       OFF        YES        NO         NO         NO 
0NRD VALUE(S) FROM SUBROUTINE TOL:   9
1
 ADDITIONAL PK PARAMETERS - ASSIGNMENT OF ROWS IN GG
 COMPT. NO.                             INDICES
              SCALE      BIOAVAIL.   ZERO-ORDER  ZERO-ORDER  ABSORB
                         FRACTION    RATE        DURATION    LAG  
    1            *           *           *           *           *
    2            *           *           *           *           *
    3            *           *           *           *           *
    4            *           *           *           *           *
    5            *           *           *           *           *
    6            *           *           *           *           *
    7            *           *           *           *           *
    8            *           *           *           *           *
    9           43           -           -           -           -
             - PARAMETER IS NOT ALLOWED FOR THIS MODEL
             * PARAMETER IS NOT SUPPLIED BY PK SUBROUTINE;
               WILL DEFAULT TO ONE IF APPLICABLE
0OUTPUT FRACTION PARAMETER ASSIGNED TO ROW NO.: 42
0DATA ITEM INDICES USED BY PRED ARE:
   EVENT ID DATA ITEM IS DATA ITEM NO.:      4
   TIME DATA ITEM IS DATA ITEM NO.:          3
 
0PK SUBROUTINE CALLED WITH EVERY EVENT RECORD.
 PK SUBROUTINE NOT CALLED AT NONEVENT (ADDITIONAL OR LAGGED) DOSE TIMES.
0PK SUBROUTINE INDICATES THAT COMPARTMENT AMOUNTS ARE INITIALIZED.
0ERROR SUBROUTINE CALLED WITH EVERY EVENT RECORD.
0DES SUBROUTINE USES FULL STORAGE MODE.
1


 #TBLN:      1
 #METH: Laplacian Conditional Estimation with Interaction (Evaluation)

 ESTIMATION STEP OMITTED:                 YES 
 ANALYSIS TYPE:                           POPULATION
 CONDITIONAL ESTIMATES USED:              YES 
 CENTERED ETA:                            NO  
 EPS-ETA INTERACTION:                     YES 
 LAPLACIAN OBJ. FUNC.:                    YES 
 NUMERICAL 2ND DERIVATIVES:               YES 
 NUMERICAL DERIVATIVE 
       FILE REQUEST (NUMDER):             NONE
 MAP (ETAHAT) ESTIMATION METHOD (OPTMAP): 0           
 ETA HESSIAN EVALUATION METHOD (ETADER):  0           
 INITIAL ETA FOR MAP ESTIMATION (MCETA):  0           
 SIGDIGITS FOR MAP ESTIMATION (SIGLO):    9           
 GRADIENT SIGDIGITS OF 
       FIXED EFFECTS PARAMETERS (SIGL):   9           
 EXCLUDE TITLE (NOTITLE):                 NO 
 EXCLUDE COLUMN LABELS (NOLABEL):         NO 
 NOPRIOR SETTING (NOPRIOR):               OFF
 NOCOV SETTING (NOCOV):                   OFF
 DERCONT SETTING (DERCONT):               OFF
 ABSOLUTE TOLERANCE-ADVAN 9,13 ONLY(ATOL):-100        
 FINAL ETA RE-EVALUATION (FNLETA):        ON 
 EXCLUDE NON-INFLUENTIAL (NON-INFL.) ETAS 
       IN SHRINKAGE (ETASTYPE):           NO 
 NON-INFL. ETA CORRECTION (NONINFETA):    OFF
 FORMAT FOR ADDITIONAL FILES (FORMAT):    S1PE12.5
 PARAMETER ORDER FOR OUTPUTS (ORDER):     TSOL
 ADDITIONAL CONVERGENCE TEST (CTYPE=4)?:  NO
 EM OR BAYESIAN METHOD USED:                NONE


 THE FOLLOWING LABELS ARE EQUIVALENT
 PRED=PREDI
 RES=RESI
 WRES=WRESI
 IWRS=IWRESI
 IPRD=IPREDI
 IRS=IRESI

0R MATRIX ALGORITHMICALLY SINGULAR
0COVARIANCE MATRIX UNOBTAINABLE
0R MATRIX IS OUTPUT
0S MATRIX ALGORITHMICALLY SINGULAR
0S MATRIX IS OUTPUT
0T MATRIX - EQUAL TO RS*RMAT, WHERE S* IS A PSEUDO INVERSE OF S - IS OUTPUT
 Elapsed covariance time in seconds:     2.72
1
 
 
 
 
 
 
 
 
 
 
 
 
 
 
 
 
 
 
 
 
 ************************************************************************************************************************
 ********************                                                                                ********************
 ********************          LAPLACIAN CONDITIONAL ESTIMATION WITH INTERACTION (EVALUATION)        ********************
 #OBJT:**************                       MINIMUM VALUE OF OBJECTIVE FUNCTION                      ********************
 ********************                                                                                ********************
 ************************************************************************************************************************
 





 #OBJV:********************************************     2106.942       **************************************************
1
 ************************************************************************************************************************
 ********************                                                                                ********************
 ********************          LAPLACIAN CONDITIONAL ESTIMATION WITH INTERACTION (EVALUATION)        ********************
 ********************                             FINAL PARAMETER ESTIMATE                           ********************
 ********************                                                                                ********************
 ************************************************************************************************************************
 


 THETA - VECTOR OF FIXED EFFECTS PARAMETERS   *********


         TH 1      TH 2      TH 3      TH 4      TH 5      TH 6      TH 7      TH 8      TH 9      TH10      TH11      TH12     
          TH13      TH14      TH15      TH16      TH17      TH18      TH19      TH20      TH21      TH22      TH23      TH24     
         TH25      TH26      TH27      TH28      TH29      TH30      TH31      TH32      TH33      TH34      TH35      TH36     
          TH37      TH38      TH39      TH40      TH41      TH42      TH43     
 
         7.96E-01  1.66E-01  8.97E-01  1.45E-01  1.86E-01  1.23E-01  2.09E+02  3.24E+02  2.22E+01  1.68E-01  1.90E+00  8.55E+00
          3.29E-02  1.74E+00  2.06E-02  0.00E+00  5.22E+02  2.35E+03  1.97E+00  3.03E-03  1.00E+00  3.88E-01  2.80E+00  1.79E+00
         1.13E-02  3.29E+00  2.21E+00  8.60E-01  2.46E+00  4.39E+00 -6.83E-01  0.00E+00  1.53E+00  1.07E+01  1.81E+00  0.00E+00
          8.55E-02  9.14E+01 -6.63E-01 -1.00E+00  1.71E+00  4.79E+02 -6.77E-01
 


 OMEGA - COV MATRIX FOR RANDOM EFFECTS - ETAS  ********


            ETA1   
 
 ETA1
+        0.00E+00
 


 SIGMA - COV MATRIX FOR RANDOM EFFECTS - EPSILONS  ****


            EPS1   
 
 EPS1
+        9.37E-01
 
1


 OMEGA - CORR MATRIX FOR RANDOM EFFECTS - ETAS  *******


            ETA1   
 
 ETA1
+        0.00E+00
 


 SIGMA - CORR MATRIX FOR RANDOM EFFECTS - EPSILONS  ***


            EPS1   
 
 EPS1
+        9.68E-01
 
1
 ************************************************************************************************************************
 ********************                                                                                ********************
 ********************          LAPLACIAN CONDITIONAL ESTIMATION WITH INTERACTION (EVALUATION)        ********************
 ********************                                     T MATRIX                                   ********************
 ********************                                                                                ********************
 ************************************************************************************************************************
 

            TH 1      TH 2      TH 3      TH 4      TH 5      TH 6      TH 7      TH 8      TH 9      TH10      TH11      TH12  
             TH13      TH14      TH15      TH16      TH17      TH18      TH19      TH20      TH21      TH22      TH23      TH24  
            TH25      TH26      TH27      TH28      TH29      TH30      TH31      TH32      TH33      TH34      TH35      TH36  
             TH37      TH38      TH39      TH40      TH41      TH42      TH43      OM11      SG11  
 
 TH 1
+       .........
 
 TH 2
+       ......... .........
 
 TH 3
+       ......... ......... .........
 
 TH 4
+       ......... ......... ......... .........
 
 TH 5
+       ......... ......... ......... ......... .........
 
 TH 6
+       ......... ......... ......... ......... ......... .........
 
 TH 7
+       ......... ......... ......... ......... ......... ......... .........
 
 TH 8
+       ......... ......... ......... ......... ......... ......... ......... .........
 
 TH 9
+       ......... ......... ......... ......... ......... ......... ......... ......... .........
 
 TH10
+       ......... ......... ......... ......... ......... ......... ......... ......... ......... .........
 
 TH11
+       ......... ......... ......... ......... ......... ......... ......... ......... ......... ......... .........
 
 TH12
+       ......... ......... ......... ......... ......... ......... ......... ......... ......... ......... ......... .........
 
 TH13
+       ......... ......... ......... ......... ......... ......... ......... ......... ......... ......... ......... .........
         .........
 
 TH14
+       ......... ......... ......... ......... ......... ......... ......... ......... ......... ......... ......... .........
         ......... .........
 
 TH15
+       ......... ......... ......... ......... ......... ......... ......... ......... ......... ......... ......... .........
         ......... ......... .........
 
 TH16
+       ......... ......... ......... ......... ......... ......... ......... ......... ......... ......... ......... .........
         ......... ......... ......... .........
 
 TH17
+       ......... ......... ......... ......... ......... ......... ......... ......... ......... ......... ......... .........
         ......... ......... ......... ......... .........
 
 TH18
+       ......... ......... ......... ......... ......... ......... ......... ......... ......... ......... ......... .........
         ......... ......... ......... ......... ......... .........
 
1

            TH 1      TH 2      TH 3      TH 4      TH 5      TH 6      TH 7      TH 8      TH 9      TH10      TH11      TH12  
             TH13      TH14      TH15      TH16      TH17      TH18      TH19      TH20      TH21      TH22      TH23      TH24  
            TH25      TH26      TH27      TH28      TH29      TH30      TH31      TH32      TH33      TH34      TH35      TH36  
             TH37      TH38      TH39      TH40      TH41      TH42      TH43      OM11      SG11  
 
 TH19
+       ......... ......... ......... ......... ......... ......... ......... ......... ......... ......... ......... .........
         ......... ......... ......... ......... ......... ......... .........
 
 TH20
+       ......... ......... ......... ......... ......... ......... ......... ......... ......... ......... ......... .........
         ......... ......... ......... ......... ......... ......... ......... .........
 
 TH21
+       ......... ......... ......... ......... ......... ......... ......... ......... ......... ......... ......... .........
         ......... ......... ......... ......... ......... ......... ......... ......... .........
 
 TH22
+       ......... ......... ......... ......... ......... ......... ......... ......... ......... ......... ......... .........
         ......... ......... ......... ......... ......... ......... ......... ......... ......... .........
 
 TH23
+       ......... ......... ......... ......... ......... ......... ......... ......... ......... ......... ......... .........
         ......... ......... ......... ......... ......... ......... ......... ......... ......... ......... .........
 
 TH24
+       ......... ......... ......... ......... ......... ......... ......... ......... ......... ......... ......... .........
         ......... ......... ......... ......... ......... ......... ......... ......... ......... ......... ......... .........
 
 TH25
+       ......... ......... ......... ......... ......... ......... ......... ......... ......... ......... ......... .........
         ......... ......... ......... ......... ......... ......... ......... ......... ......... ......... ......... .........
        .........
 
 TH26
+       ......... ......... ......... ......... ......... ......... ......... ......... ......... ......... ......... .........
         ......... ......... ......... ......... ......... ......... ......... ......... ......... ......... ......... .........
        ......... .........
 
 TH27
+       ......... ......... ......... ......... ......... ......... ......... ......... ......... ......... ......... .........
         ......... ......... ......... ......... ......... ......... ......... ......... ......... ......... ......... .........
        ......... ......... .........
 
 TH28
+       ......... ......... ......... ......... ......... ......... ......... ......... ......... ......... ......... .........
         ......... ......... ......... ......... ......... ......... ......... ......... ......... ......... ......... .........
        ......... ......... ......... .........
 
 TH29
+       ......... ......... ......... ......... ......... ......... ......... ......... ......... ......... ......... .........
         ......... ......... ......... ......... ......... ......... ......... ......... ......... ......... ......... .........
        ......... ......... ......... ......... .........
 
 TH30
+       ......... ......... ......... ......... ......... ......... ......... ......... ......... ......... ......... .........
         ......... ......... ......... ......... ......... ......... ......... ......... ......... ......... ......... .........
        ......... ......... ......... ......... ......... .........
 
 TH31
+       ......... ......... ......... ......... ......... ......... ......... ......... ......... ......... ......... .........
         ......... ......... ......... ......... ......... ......... ......... ......... ......... ......... ......... .........
        ......... ......... ......... ......... ......... .........  3.86E-09
 
 TH32
+       ......... ......... ......... ......... ......... ......... ......... ......... ......... ......... ......... .........
         ......... ......... ......... ......... ......... ......... ......... ......... ......... ......... ......... .........
        ......... ......... ......... ......... ......... ......... ......... .........
 
1

            TH 1      TH 2      TH 3      TH 4      TH 5      TH 6      TH 7      TH 8      TH 9      TH10      TH11      TH12  
             TH13      TH14      TH15      TH16      TH17      TH18      TH19      TH20      TH21      TH22      TH23      TH24  
            TH25      TH26      TH27      TH28      TH29      TH30      TH31      TH32      TH33      TH34      TH35      TH36  
             TH37      TH38      TH39      TH40      TH41      TH42      TH43      OM11      SG11  
 
 TH33
+       ......... ......... ......... ......... ......... ......... ......... ......... ......... ......... ......... .........
         ......... ......... ......... ......... ......... ......... ......... ......... ......... ......... ......... .........
        ......... ......... ......... ......... ......... .........  1.52E-06 .........  6.01E-04
 
 TH34
+       ......... ......... ......... ......... ......... ......... ......... ......... ......... ......... ......... .........
         ......... ......... ......... ......... ......... ......... ......... ......... ......... ......... ......... .........
        ......... ......... ......... ......... ......... .........  2.74E-09 .........  1.08E-06  1.95E-09
 
 TH35
+       ......... ......... ......... ......... ......... ......... ......... ......... ......... ......... ......... .........
         ......... ......... ......... ......... ......... ......... ......... ......... ......... ......... ......... .........
        ......... ......... ......... ......... ......... .........  0.00E+00 .........  0.00E+00  0.00E+00  0.00E+00
 
 TH36
+       ......... ......... ......... ......... ......... ......... ......... ......... ......... ......... ......... .........
         ......... ......... ......... ......... ......... ......... ......... ......... ......... ......... ......... .........
        ......... ......... ......... ......... ......... ......... ......... ......... ......... ......... ......... .........
 
 TH37
+       ......... ......... ......... ......... ......... ......... ......... ......... ......... ......... ......... .........
         ......... ......... ......... ......... ......... ......... ......... ......... ......... ......... ......... .........
        ......... ......... ......... ......... ......... .........  0.00E+00 .........  0.00E+00  0.00E+00  0.00E+00 .........
          0.00E+00
 
 TH38
+       ......... ......... ......... ......... ......... ......... ......... ......... ......... ......... ......... .........
         ......... ......... ......... ......... ......... ......... ......... ......... ......... ......... ......... .........
        ......... ......... ......... ......... ......... .........  0.00E+00 .........  0.00E+00  0.00E+00  0.00E+00 .........
          0.00E+00  0.00E+00
 
 TH39
+       ......... ......... ......... ......... ......... ......... ......... ......... ......... ......... ......... .........
         ......... ......... ......... ......... ......... ......... ......... ......... ......... ......... ......... .........
        ......... ......... ......... ......... ......... .........  0.00E+00 .........  0.00E+00  0.00E+00  0.00E+00 .........
          0.00E+00  0.00E+00  0.00E+00
 
 TH40
+       ......... ......... ......... ......... ......... ......... ......... ......... ......... ......... ......... .........
         ......... ......... ......... ......... ......... ......... ......... ......... ......... ......... ......... .........
        ......... ......... ......... ......... ......... ......... ......... ......... ......... ......... ......... .........
         ......... ......... ......... .........
 
 TH41
+       ......... ......... ......... ......... ......... ......... ......... ......... ......... ......... ......... .........
         ......... ......... ......... ......... ......... ......... ......... ......... ......... ......... ......... .........
        ......... ......... ......... ......... ......... .........  0.00E+00 .........  0.00E+00  0.00E+00  0.00E+00 .........
          0.00E+00  0.00E+00  0.00E+00 .........  0.00E+00
 
 TH42
+       ......... ......... ......... ......... ......... ......... ......... ......... ......... ......... ......... .........
         ......... ......... ......... ......... ......... ......... ......... ......... ......... ......... ......... .........
        ......... ......... ......... ......... ......... .........  0.00E+00 .........  0.00E+00  0.00E+00  0.00E+00 .........
          0.00E+00  0.00E+00  0.00E+00 .........  0.00E+00  0.00E+00
 
1

            TH 1      TH 2      TH 3      TH 4      TH 5      TH 6      TH 7      TH 8      TH 9      TH10      TH11      TH12  
             TH13      TH14      TH15      TH16      TH17      TH18      TH19      TH20      TH21      TH22      TH23      TH24  
            TH25      TH26      TH27      TH28      TH29      TH30      TH31      TH32      TH33      TH34      TH35      TH36  
             TH37      TH38      TH39      TH40      TH41      TH42      TH43      OM11      SG11  
 
 TH43
+       ......... ......... ......... ......... ......... ......... ......... ......... ......... ......... ......... .........
         ......... ......... ......... ......... ......... ......... ......... ......... ......... ......... ......... .........
        ......... ......... ......... ......... ......... .........  0.00E+00 .........  0.00E+00  0.00E+00  0.00E+00 .........
          0.00E+00  0.00E+00  0.00E+00 .........  0.00E+00  0.00E+00  0.00E+00
 
 OM11
+       ......... ......... ......... ......... ......... ......... ......... ......... ......... ......... ......... .........
         ......... ......... ......... ......... ......... ......... ......... ......... ......... ......... ......... .........
        ......... ......... ......... ......... ......... ......... ......... ......... ......... ......... ......... .........
         ......... ......... ......... ......... ......... ......... ......... .........
 
 SG11
+       ......... ......... ......... ......... ......... ......... ......... ......... ......... ......... ......... .........
         ......... ......... ......... ......... ......... ......... ......... ......... ......... ......... ......... .........
        ......... ......... ......... ......... ......... ......... -1.23E-04 ......... -4.85E-02 -8.74E-05  0.00E+00 .........
          0.00E+00  0.00E+00  0.00E+00 .........  0.00E+00  0.00E+00  0.00E+00 .........  3.92E+00
 
1
 ************************************************************************************************************************
 ********************                                                                                ********************
 ********************          LAPLACIAN CONDITIONAL ESTIMATION WITH INTERACTION (EVALUATION)        ********************
 ********************                                     R MATRIX                                   ********************
 ********************                                                                                ********************
 ************************************************************************************************************************
 

            TH 1      TH 2      TH 3      TH 4      TH 5      TH 6      TH 7      TH 8      TH 9      TH10      TH11      TH12  
             TH13      TH14      TH15      TH16      TH17      TH18      TH19      TH20      TH21      TH22      TH23      TH24  
            TH25      TH26      TH27      TH28      TH29      TH30      TH31      TH32      TH33      TH34      TH35      TH36  
             TH37      TH38      TH39      TH40      TH41      TH42      TH43      OM11      SG11  
 
 TH 1
+       .........
 
 TH 2
+       ......... .........
 
 TH 3
+       ......... ......... .........
 
 TH 4
+       ......... ......... ......... .........
 
 TH 5
+       ......... ......... ......... ......... .........
 
 TH 6
+       ......... ......... ......... ......... ......... .........
 
 TH 7
+       ......... ......... ......... ......... ......... ......... .........
 
 TH 8
+       ......... ......... ......... ......... ......... ......... ......... .........
 
 TH 9
+       ......... ......... ......... ......... ......... ......... ......... ......... .........
 
 TH10
+       ......... ......... ......... ......... ......... ......... ......... ......... ......... .........
 
 TH11
+       ......... ......... ......... ......... ......... ......... ......... ......... ......... ......... .........
 
 TH12
+       ......... ......... ......... ......... ......... ......... ......... ......... ......... ......... ......... .........
 
 TH13
+       ......... ......... ......... ......... ......... ......... ......... ......... ......... ......... ......... .........
         .........
 
 TH14
+       ......... ......... ......... ......... ......... ......... ......... ......... ......... ......... ......... .........
         ......... .........
 
 TH15
+       ......... ......... ......... ......... ......... ......... ......... ......... ......... ......... ......... .........
         ......... ......... .........
 
 TH16
+       ......... ......... ......... ......... ......... ......... ......... ......... ......... ......... ......... .........
         ......... ......... ......... .........
 
 TH17
+       ......... ......... ......... ......... ......... ......... ......... ......... ......... ......... ......... .........
         ......... ......... ......... ......... .........
 
 TH18
+       ......... ......... ......... ......... ......... ......... ......... ......... ......... ......... ......... .........
         ......... ......... ......... ......... ......... .........
 
1

            TH 1      TH 2      TH 3      TH 4      TH 5      TH 6      TH 7      TH 8      TH 9      TH10      TH11      TH12  
             TH13      TH14      TH15      TH16      TH17      TH18      TH19      TH20      TH21      TH22      TH23      TH24  
            TH25      TH26      TH27      TH28      TH29      TH30      TH31      TH32      TH33      TH34      TH35      TH36  
             TH37      TH38      TH39      TH40      TH41      TH42      TH43      OM11      SG11  
 
 TH19
+       ......... ......... ......... ......... ......... ......... ......... ......... ......... ......... ......... .........
         ......... ......... ......... ......... ......... ......... .........
 
 TH20
+       ......... ......... ......... ......... ......... ......... ......... ......... ......... ......... ......... .........
         ......... ......... ......... ......... ......... ......... ......... .........
 
 TH21
+       ......... ......... ......... ......... ......... ......... ......... ......... ......... ......... ......... .........
         ......... ......... ......... ......... ......... ......... ......... ......... .........
 
 TH22
+       ......... ......... ......... ......... ......... ......... ......... ......... ......... ......... ......... .........
         ......... ......... ......... ......... ......... ......... ......... ......... ......... .........
 
 TH23
+       ......... ......... ......... ......... ......... ......... ......... ......... ......... ......... ......... .........
         ......... ......... ......... ......... ......... ......... ......... ......... ......... ......... .........
 
 TH24
+       ......... ......... ......... ......... ......... ......... ......... ......... ......... ......... ......... .........
         ......... ......... ......... ......... ......... ......... ......... ......... ......... ......... ......... .........
 
 TH25
+       ......... ......... ......... ......... ......... ......... ......... ......... ......... ......... ......... .........
         ......... ......... ......... ......... ......... ......... ......... ......... ......... ......... ......... .........
        .........
 
 TH26
+       ......... ......... ......... ......... ......... ......... ......... ......... ......... ......... ......... .........
         ......... ......... ......... ......... ......... ......... ......... ......... ......... ......... ......... .........
        ......... .........
 
 TH27
+       ......... ......... ......... ......... ......... ......... ......... ......... ......... ......... ......... .........
         ......... ......... ......... ......... ......... ......... ......... ......... ......... ......... ......... .........
        ......... ......... .........
 
 TH28
+       ......... ......... ......... ......... ......... ......... ......... ......... ......... ......... ......... .........
         ......... ......... ......... ......... ......... ......... ......... ......... ......... ......... ......... .........
        ......... ......... ......... .........
 
 TH29
+       ......... ......... ......... ......... ......... ......... ......... ......... ......... ......... ......... .........
         ......... ......... ......... ......... ......... ......... ......... ......... ......... ......... ......... .........
        ......... ......... ......... ......... .........
 
 TH30
+       ......... ......... ......... ......... ......... ......... ......... ......... ......... ......... ......... .........
         ......... ......... ......... ......... ......... ......... ......... ......... ......... ......... ......... .........
        ......... ......... ......... ......... ......... .........
 
 TH31
+       ......... ......... ......... ......... ......... ......... ......... ......... ......... ......... ......... .........
         ......... ......... ......... ......... ......... ......... ......... ......... ......... ......... ......... .........
        ......... ......... ......... ......... ......... .........  2.13E-01
 
 TH32
+       ......... ......... ......... ......... ......... ......... ......... ......... ......... ......... ......... .........
         ......... ......... ......... ......... ......... ......... ......... ......... ......... ......... ......... .........
        ......... ......... ......... ......... ......... ......... ......... .........
 
1

            TH 1      TH 2      TH 3      TH 4      TH 5      TH 6      TH 7      TH 8      TH 9      TH10      TH11      TH12  
             TH13      TH14      TH15      TH16      TH17      TH18      TH19      TH20      TH21      TH22      TH23      TH24  
            TH25      TH26      TH27      TH28      TH29      TH30      TH31      TH32      TH33      TH34      TH35      TH36  
             TH37      TH38      TH39      TH40      TH41      TH42      TH43      OM11      SG11  
 
 TH33
+       ......... ......... ......... ......... ......... ......... ......... ......... ......... ......... ......... .........
         ......... ......... ......... ......... ......... ......... ......... ......... ......... ......... ......... .........
        ......... ......... ......... ......... ......... .........  1.25E-02 .........  5.98E-01
 
 TH34
+       ......... ......... ......... ......... ......... ......... ......... ......... ......... ......... ......... .........
         ......... ......... ......... ......... ......... ......... ......... ......... ......... ......... ......... .........
        ......... ......... ......... ......... ......... .........  2.45E-05 .........  8.13E-03  2.13E-03
 
 TH35
+       ......... ......... ......... ......... ......... ......... ......... ......... ......... ......... ......... .........
         ......... ......... ......... ......... ......... ......... ......... ......... ......... ......... ......... .........
        ......... ......... ......... ......... ......... .........  0.00E+00 .........  0.00E+00  0.00E+00  0.00E+00
 
 TH36
+       ......... ......... ......... ......... ......... ......... ......... ......... ......... ......... ......... .........
         ......... ......... ......... ......... ......... ......... ......... ......... ......... ......... ......... .........
        ......... ......... ......... ......... ......... ......... ......... ......... ......... ......... ......... .........
 
 TH37
+       ......... ......... ......... ......... ......... ......... ......... ......... ......... ......... ......... .........
         ......... ......... ......... ......... ......... ......... ......... ......... ......... ......... ......... .........
        ......... ......... ......... ......... ......... .........  0.00E+00 .........  0.00E+00  0.00E+00  0.00E+00 .........
          0.00E+00
 
 TH38
+       ......... ......... ......... ......... ......... ......... ......... ......... ......... ......... ......... .........
         ......... ......... ......... ......... ......... ......... ......... ......... ......... ......... ......... .........
        ......... ......... ......... ......... ......... .........  0.00E+00 .........  0.00E+00  0.00E+00  0.00E+00 .........
          0.00E+00  0.00E+00
 
 TH39
+       ......... ......... ......... ......... ......... ......... ......... ......... ......... ......... ......... .........
         ......... ......... ......... ......... ......... ......... ......... ......... ......... ......... ......... .........
        ......... ......... ......... ......... ......... .........  0.00E+00 .........  0.00E+00  0.00E+00  0.00E+00 .........
          0.00E+00  0.00E+00  0.00E+00
 
 TH40
+       ......... ......... ......... ......... ......... ......... ......... ......... ......... ......... ......... .........
         ......... ......... ......... ......... ......... ......... ......... ......... ......... ......... ......... .........
        ......... ......... ......... ......... ......... ......... ......... ......... ......... ......... ......... .........
         ......... ......... ......... .........
 
 TH41
+       ......... ......... ......... ......... ......... ......... ......... ......... ......... ......... ......... .........
         ......... ......... ......... ......... ......... ......... ......... ......... ......... ......... ......... .........
        ......... ......... ......... ......... ......... .........  0.00E+00 .........  0.00E+00  0.00E+00  0.00E+00 .........
          0.00E+00  0.00E+00  0.00E+00 .........  0.00E+00
 
 TH42
+       ......... ......... ......... ......... ......... ......... ......... ......... ......... ......... ......... .........
         ......... ......... ......... ......... ......... ......... ......... ......... ......... ......... ......... .........
        ......... ......... ......... ......... ......... .........  0.00E+00 .........  0.00E+00  0.00E+00  0.00E+00 .........
          0.00E+00  0.00E+00  0.00E+00 .........  0.00E+00  0.00E+00
 
1

            TH 1      TH 2      TH 3      TH 4      TH 5      TH 6      TH 7      TH 8      TH 9      TH10      TH11      TH12  
             TH13      TH14      TH15      TH16      TH17      TH18      TH19      TH20      TH21      TH22      TH23      TH24  
            TH25      TH26      TH27      TH28      TH29      TH30      TH31      TH32      TH33      TH34      TH35      TH36  
             TH37      TH38      TH39      TH40      TH41      TH42      TH43      OM11      SG11  
 
 TH43
+       ......... ......... ......... ......... ......... ......... ......... ......... ......... ......... ......... .........
         ......... ......... ......... ......... ......... ......... ......... ......... ......... ......... ......... .........
        ......... ......... ......... ......... ......... .........  0.00E+00 .........  0.00E+00  0.00E+00  0.00E+00 .........
          0.00E+00  0.00E+00  0.00E+00 .........  0.00E+00  0.00E+00  0.00E+00
 
 OM11
+       ......... ......... ......... ......... ......... ......... ......... ......... ......... ......... ......... .........
         ......... ......... ......... ......... ......... ......... ......... ......... ......... ......... ......... .........
        ......... ......... ......... ......... ......... ......... ......... ......... ......... ......... ......... .........
         ......... ......... ......... ......... ......... ......... ......... .........
 
 SG11
+       ......... ......... ......... ......... ......... ......... ......... ......... ......... ......... ......... .........
         ......... ......... ......... ......... ......... ......... ......... ......... ......... ......... ......... .........
        ......... ......... ......... ......... ......... ......... -3.53E-02 ......... -1.39E+01 -2.51E-02  0.00E+00 .........
          0.00E+00  0.00E+00  0.00E+00 .........  0.00E+00  0.00E+00  0.00E+00 .........  1.13E+03
 
1
 ************************************************************************************************************************
 ********************                                                                                ********************
 ********************          LAPLACIAN CONDITIONAL ESTIMATION WITH INTERACTION (EVALUATION)        ********************
 ********************                                     S MATRIX                                   ********************
 ********************                                                                                ********************
 ************************************************************************************************************************
 

            TH 1      TH 2      TH 3      TH 4      TH 5      TH 6      TH 7      TH 8      TH 9      TH10      TH11      TH12  
             TH13      TH14      TH15      TH16      TH17      TH18      TH19      TH20      TH21      TH22      TH23      TH24  
            TH25      TH26      TH27      TH28      TH29      TH30      TH31      TH32      TH33      TH34      TH35      TH36  
             TH37      TH38      TH39      TH40      TH41      TH42      TH43      OM11      SG11  
 
 TH 1
+       .........
 
 TH 2
+       ......... .........
 
 TH 3
+       ......... ......... .........
 
 TH 4
+       ......... ......... ......... .........
 
 TH 5
+       ......... ......... ......... ......... .........
 
 TH 6
+       ......... ......... ......... ......... ......... .........
 
 TH 7
+       ......... ......... ......... ......... ......... ......... .........
 
 TH 8
+       ......... ......... ......... ......... ......... ......... ......... .........
 
 TH 9
+       ......... ......... ......... ......... ......... ......... ......... ......... .........
 
 TH10
+       ......... ......... ......... ......... ......... ......... ......... ......... ......... .........
 
 TH11
+       ......... ......... ......... ......... ......... ......... ......... ......... ......... ......... .........
 
 TH12
+       ......... ......... ......... ......... ......... ......... ......... ......... ......... ......... ......... .........
 
 TH13
+       ......... ......... ......... ......... ......... ......... ......... ......... ......... ......... ......... .........
         .........
 
 TH14
+       ......... ......... ......... ......... ......... ......... ......... ......... ......... ......... ......... .........
         ......... .........
 
 TH15
+       ......... ......... ......... ......... ......... ......... ......... ......... ......... ......... ......... .........
         ......... ......... .........
 
 TH16
+       ......... ......... ......... ......... ......... ......... ......... ......... ......... ......... ......... .........
         ......... ......... ......... .........
 
 TH17
+       ......... ......... ......... ......... ......... ......... ......... ......... ......... ......... ......... .........
         ......... ......... ......... ......... .........
 
 TH18
+       ......... ......... ......... ......... ......... ......... ......... ......... ......... ......... ......... .........
         ......... ......... ......... ......... ......... .........
 
1

            TH 1      TH 2      TH 3      TH 4      TH 5      TH 6      TH 7      TH 8      TH 9      TH10      TH11      TH12  
             TH13      TH14      TH15      TH16      TH17      TH18      TH19      TH20      TH21      TH22      TH23      TH24  
            TH25      TH26      TH27      TH28      TH29      TH30      TH31      TH32      TH33      TH34      TH35      TH36  
             TH37      TH38      TH39      TH40      TH41      TH42      TH43      OM11      SG11  
 
 TH19
+       ......... ......... ......... ......... ......... ......... ......... ......... ......... ......... ......... .........
         ......... ......... ......... ......... ......... ......... .........
 
 TH20
+       ......... ......... ......... ......... ......... ......... ......... ......... ......... ......... ......... .........
         ......... ......... ......... ......... ......... ......... ......... .........
 
 TH21
+       ......... ......... ......... ......... ......... ......... ......... ......... ......... ......... ......... .........
         ......... ......... ......... ......... ......... ......... ......... ......... .........
 
 TH22
+       ......... ......... ......... ......... ......... ......... ......... ......... ......... ......... ......... .........
         ......... ......... ......... ......... ......... ......... ......... ......... ......... .........
 
 TH23
+       ......... ......... ......... ......... ......... ......... ......... ......... ......... ......... ......... .........
         ......... ......... ......... ......... ......... ......... ......... ......... ......... ......... .........
 
 TH24
+       ......... ......... ......... ......... ......... ......... ......... ......... ......... ......... ......... .........
         ......... ......... ......... ......... ......... ......... ......... ......... ......... ......... ......... .........
 
 TH25
+       ......... ......... ......... ......... ......... ......... ......... ......... ......... ......... ......... .........
         ......... ......... ......... ......... ......... ......... ......... ......... ......... ......... ......... .........
        .........
 
 TH26
+       ......... ......... ......... ......... ......... ......... ......... ......... ......... ......... ......... .........
         ......... ......... ......... ......... ......... ......... ......... ......... ......... ......... ......... .........
        ......... .........
 
 TH27
+       ......... ......... ......... ......... ......... ......... ......... ......... ......... ......... ......... .........
         ......... ......... ......... ......... ......... ......... ......... ......... ......... ......... ......... .........
        ......... ......... .........
 
 TH28
+       ......... ......... ......... ......... ......... ......... ......... ......... ......... ......... ......... .........
         ......... ......... ......... ......... ......... ......... ......... ......... ......... ......... ......... .........
        ......... ......... ......... .........
 
 TH29
+       ......... ......... ......... ......... ......... ......... ......... ......... ......... ......... ......... .........
         ......... ......... ......... ......... ......... ......... ......... ......... ......... ......... ......... .........
        ......... ......... ......... ......... .........
 
 TH30
+       ......... ......... ......... ......... ......... ......... ......... ......... ......... ......... ......... .........
         ......... ......... ......... ......... ......... ......... ......... ......... ......... ......... ......... .........
        ......... ......... ......... ......... ......... .........
 
 TH31
+       ......... ......... ......... ......... ......... ......... ......... ......... ......... ......... ......... .........
         ......... ......... ......... ......... ......... ......... ......... ......... ......... ......... ......... .........
        ......... ......... ......... ......... ......... .........  1.32E-03
 
 TH32
+       ......... ......... ......... ......... ......... ......... ......... ......... ......... ......... ......... .........
         ......... ......... ......... ......... ......... ......... ......... ......... ......... ......... ......... .........
        ......... ......... ......... ......... ......... ......... ......... .........
 
1

            TH 1      TH 2      TH 3      TH 4      TH 5      TH 6      TH 7      TH 8      TH 9      TH10      TH11      TH12  
             TH13      TH14      TH15      TH16      TH17      TH18      TH19      TH20      TH21      TH22      TH23      TH24  
            TH25      TH26      TH27      TH28      TH29      TH30      TH31      TH32      TH33      TH34      TH35      TH36  
             TH37      TH38      TH39      TH40      TH41      TH42      TH43      OM11      SG11  
 
 TH33
+       ......... ......... ......... ......... ......... ......... ......... ......... ......... ......... ......... .........
         ......... ......... ......... ......... ......... ......... ......... ......... ......... ......... ......... .........
        ......... ......... ......... ......... ......... .........  5.08E-01 .........  1.95E+02
 
 TH34
+       ......... ......... ......... ......... ......... ......... ......... ......... ......... ......... ......... .........
         ......... ......... ......... ......... ......... ......... ......... ......... ......... ......... ......... .........
        ......... ......... ......... ......... ......... .........  9.19E-04 .........  3.52E-01  6.37E-04
 
 TH35
+       ......... ......... ......... ......... ......... ......... ......... ......... ......... ......... ......... .........
         ......... ......... ......... ......... ......... ......... ......... ......... ......... ......... ......... .........
        ......... ......... ......... ......... ......... .........  0.00E+00 .........  0.00E+00  0.00E+00  0.00E+00
 
 TH36
+       ......... ......... ......... ......... ......... ......... ......... ......... ......... ......... ......... .........
         ......... ......... ......... ......... ......... ......... ......... ......... ......... ......... ......... .........
        ......... ......... ......... ......... ......... ......... ......... ......... ......... ......... ......... .........
 
 TH37
+       ......... ......... ......... ......... ......... ......... ......... ......... ......... ......... ......... .........
         ......... ......... ......... ......... ......... ......... ......... ......... ......... ......... ......... .........
        ......... ......... ......... ......... ......... .........  0.00E+00 .........  0.00E+00  0.00E+00  0.00E+00 .........
          0.00E+00
 
 TH38
+       ......... ......... ......... ......... ......... ......... ......... ......... ......... ......... ......... .........
         ......... ......... ......... ......... ......... ......... ......... ......... ......... ......... ......... .........
        ......... ......... ......... ......... ......... .........  0.00E+00 .........  0.00E+00  0.00E+00  0.00E+00 .........
          0.00E+00  0.00E+00
 
 TH39
+       ......... ......... ......... ......... ......... ......... ......... ......... ......... ......... ......... .........
         ......... ......... ......... ......... ......... ......... ......... ......... ......... ......... ......... .........
        ......... ......... ......... ......... ......... .........  0.00E+00 .........  0.00E+00  0.00E+00  0.00E+00 .........
          0.00E+00  0.00E+00  0.00E+00
 
 TH40
+       ......... ......... ......... ......... ......... ......... ......... ......... ......... ......... ......... .........
         ......... ......... ......... ......... ......... ......... ......... ......... ......... ......... ......... .........
        ......... ......... ......... ......... ......... ......... ......... ......... ......... ......... ......... .........
         ......... ......... ......... .........
 
 TH41
+       ......... ......... ......... ......... ......... ......... ......... ......... ......... ......... ......... .........
         ......... ......... ......... ......... ......... ......... ......... ......... ......... ......... ......... .........
        ......... ......... ......... ......... ......... .........  0.00E+00 .........  0.00E+00  0.00E+00  0.00E+00 .........
          0.00E+00  0.00E+00  0.00E+00 .........  0.00E+00
 
 TH42
+       ......... ......... ......... ......... ......... ......... ......... ......... ......... ......... ......... .........
         ......... ......... ......... ......... ......... ......... ......... ......... ......... ......... ......... .........
        ......... ......... ......... ......... ......... .........  0.00E+00 .........  0.00E+00  0.00E+00  0.00E+00 .........
          0.00E+00  0.00E+00  0.00E+00 .........  0.00E+00  0.00E+00
 
1

            TH 1      TH 2      TH 3      TH 4      TH 5      TH 6      TH 7      TH 8      TH 9      TH10      TH11      TH12  
             TH13      TH14      TH15      TH16      TH17      TH18      TH19      TH20      TH21      TH22      TH23      TH24  
            TH25      TH26      TH27      TH28      TH29      TH30      TH31      TH32      TH33      TH34      TH35      TH36  
             TH37      TH38      TH39      TH40      TH41      TH42      TH43      OM11      SG11  
 
 TH43
+       ......... ......... ......... ......... ......... ......... ......... ......... ......... ......... ......... .........
         ......... ......... ......... ......... ......... ......... ......... ......... ......... ......... ......... .........
        ......... ......... ......... ......... ......... .........  0.00E+00 .........  0.00E+00  0.00E+00  0.00E+00 .........
          0.00E+00  0.00E+00  0.00E+00 .........  0.00E+00  0.00E+00  0.00E+00
 
 OM11
+       ......... ......... ......... ......... ......... ......... ......... ......... ......... ......... ......... .........
         ......... ......... ......... ......... ......... ......... ......... ......... ......... ......... ......... .........
        ......... ......... ......... ......... ......... ......... ......... ......... ......... ......... ......... .........
         ......... ......... ......... ......... ......... ......... ......... .........
 
 SG11
+       ......... ......... ......... ......... ......... ......... ......... ......... ......... ......... ......... .........
         ......... ......... ......... ......... ......... ......... ......... ......... ......... ......... ......... .........
        ......... ......... ......... ......... ......... ......... -3.92E+00 ......... -1.50E+03 -2.72E+00  0.00E+00 .........
          0.00E+00  0.00E+00  0.00E+00 .........  0.00E+00  0.00E+00  0.00E+00 .........  3.23E+05
 
 #CPUT: Total CPU Time in Seconds,        2.815
Stop Time:
tis aug 29 08:53:35 CEST 2017
